[0.018s] Invoking command in '/home/sam/AST_Robot_Warehouse/build/messages_package': CMAKE_PREFIX_PATH=${CMAKE_PREFIX_PATH}:/home/sam/AST_Robot_Warehouse/install/warehouse_robot_package:/home/sam/AST_Robot_Warehouse/install/py_pubsub:/opt/ros/foxy /usr/bin/cmake --build /home/sam/AST_Robot_Warehouse/build/messages_package -- -j12 -l12
[0.250s] -- Found ament_cmake: 0.9.9 (/opt/ros/foxy/share/ament_cmake/cmake)
[0.251s] -- Found PythonInterp: /usr/bin/python3 (found suitable version "3.8.10", minimum required is "3") 
[0.251s] -- Using PYTHON_EXECUTABLE: /usr/bin/python3
[0.259s] -- Found ament_lint_auto: 0.9.6 (/opt/ros/foxy/share/ament_lint_auto/cmake)
[0.318s] -- Found rosidl_default_generators: 1.0.1 (/opt/ros/foxy/share/rosidl_default_generators/cmake)
[0.320s] -- Using all available rosidl_typesupport_c: rosidl_typesupport_fastrtps_c;rosidl_typesupport_introspection_c
[0.323s] -- Found rosidl_adapter: 1.2.1 (/opt/ros/foxy/share/rosidl_adapter/cmake)
[0.444s] -- Using all available rosidl_typesupport_cpp: rosidl_typesupport_fastrtps_cpp;rosidl_typesupport_introspection_cpp
[0.486s] -- Found PythonInterp: /usr/bin/python3 (found version "3.8.10") 
[0.667s] -- Found ament_cmake_ros: 0.9.2 (/opt/ros/foxy/share/ament_cmake_ros/cmake)
[0.780s] -- Using all available rosidl_typesupport_c: rosidl_typesupport_fastrtps_c;rosidl_typesupport_introspection_c
[0.803s] -- Using all available rosidl_typesupport_cpp: rosidl_typesupport_fastrtps_cpp;rosidl_typesupport_introspection_cpp
[0.826s] -- Found PythonInterp: /usr/bin/python3 (found suitable version "3.8.10", minimum required is "3.5") 
[0.827s] -- Found python_cmake_module: 0.8.1 (/opt/ros/foxy/share/python_cmake_module/cmake)
[0.847s] -- Using PYTHON_EXECUTABLE: /usr/bin/python3
[0.847s] -- Using PYTHON_INCLUDE_DIRS: /usr/include/python3.8
[0.847s] -- Using PYTHON_LIBRARIES: /usr/lib/x86_64-linux-gnu/libpython3.8.so
[0.874s] -- Added test 'copyright' to check source files copyright and LICENSE
[0.875s] -- Added test 'cppcheck' to perform static code analysis on C / C++ code
[0.876s] -- Configured cppcheck include dirs: $<BUILD_INTERFACE:/home/sam/AST_Robot_Warehouse/src/messages_package/include>
[0.876s] -- Configured cppcheck exclude dirs and/or files: 
[0.877s] -- Added test 'cpplint' to check C / C++ code against the Google style
[0.877s] -- Configured cpplint exclude dirs and/or files: 
[0.877s] -- Added test 'lint_cmake' to check CMake code style
[0.878s] -- Added test 'uncrustify' to check C / C++ code style
[0.878s] -- Configured uncrustify additional arguments: 
[0.879s] -- Added test 'xmllint' to check XML markup files
[0.883s] -- Configuring done
[0.952s] -- Generating done
[0.955s] -- Build files have been written to: /home/sam/AST_Robot_Warehouse/build/messages_package
[0.978s] [  1%] [34m[1mGenerating C code for ROS interfaces[0m
[0.978s] [35m[1mScanning dependencies of target messages_package__cpp[0m
[0.987s] [  2%] Built target messages_node
[0.987s] [  3%] [34m[1mGenerating C++ code for ROS interfaces[0m
[2.098s] [  3%] Built target messages_package__cpp
[2.118s] [  5%] [34m[1mGenerating C++ introspection for ROS interfaces[0m
[2.118s] [  5%] [34m[1mGenerating C++ type support dispatch for ROS interfaces[0m
[2.125s] [  6%] [34m[1mGenerating C++ type support for eProsima Fast-RTPS[0m
[2.173s] [35m[1mScanning dependencies of target messages_package__rosidl_generator_c[0m
[2.192s] [  8%] [32mBuilding C object CMakeFiles/messages_package__rosidl_generator_c.dir/rosidl_generator_c/messages_package/msg/detail/delivery__functions.c.o[0m
[2.193s] [  8%] [32mBuilding C object CMakeFiles/messages_package__rosidl_generator_c.dir/rosidl_generator_c/messages_package/msg/detail/coordinates__functions.c.o[0m
[2.194s] [  9%] [32mBuilding C object CMakeFiles/messages_package__rosidl_generator_c.dir/rosidl_generator_c/messages_package/msg/detail/robot_distance__functions.c.o[0m
[2.194s] [  9%] [32mBuilding C object CMakeFiles/messages_package__rosidl_generator_c.dir/rosidl_generator_c/messages_package/msg/detail/item__functions.c.o[0m
[2.195s] [  9%] [32mBuilding C object CMakeFiles/messages_package__rosidl_generator_c.dir/rosidl_generator_c/messages_package/srv/detail/delivery__functions.c.o[0m
[2.196s] [ 10%] [32mBuilding C object CMakeFiles/messages_package__rosidl_generator_c.dir/rosidl_generator_c/messages_package/msg/detail/robot_location__functions.c.o[0m
[2.200s] [ 11%] [32mBuilding C object CMakeFiles/messages_package__rosidl_generator_c.dir/rosidl_generator_c/messages_package/msg/detail/row__functions.c.o[0m
[2.200s] [ 12%] [32mBuilding C object CMakeFiles/messages_package__rosidl_generator_c.dir/rosidl_generator_c/messages_package/msg/detail/map__functions.c.o[0m
[2.201s] [ 13%] [32mBuilding C object CMakeFiles/messages_package__rosidl_generator_c.dir/rosidl_generator_c/messages_package/srv/detail/pick_up_item__functions.c.o[0m
[2.288s] [ 14%] [32mBuilding C object CMakeFiles/messages_package__rosidl_generator_c.dir/rosidl_generator_c/messages_package/srv/detail/put_down_item__functions.c.o[0m
[2.293s] [ 15%] [32mBuilding C object CMakeFiles/messages_package__rosidl_generator_c.dir/rosidl_generator_c/messages_package/action/detail/charge_robot__functions.c.o[0m
[2.295s] [ 15%] [32mBuilding C object CMakeFiles/messages_package__rosidl_generator_c.dir/rosidl_generator_c/messages_package/action/detail/order__functions.c.o[0m
[2.300s] [ 16%] [32mBuilding C object CMakeFiles/messages_package__rosidl_generator_c.dir/rosidl_generator_c/messages_package/action/detail/move_item__functions.c.o[0m
[2.419s] [ 17%] [32m[1mLinking C shared library libmessages_package__rosidl_generator_c.so[0m
[2.463s] [ 17%] Built target messages_package__rosidl_generator_c
[2.474s] [ 18%] [34m[1mGenerating C type support dispatch for ROS interfaces[0m
[2.475s] [ 18%] [34m[1mGenerating C introspection for ROS interfaces[0m
[2.930s] [35m[1mScanning dependencies of target messages_package__rosidl_typesupport_cpp[0m
[2.955s] [ 19%] [32mBuilding CXX object CMakeFiles/messages_package__rosidl_typesupport_cpp.dir/rosidl_typesupport_cpp/messages_package/msg/robot_distance__type_support.cpp.o[0m
[2.955s] [ 20%] [32mBuilding CXX object CMakeFiles/messages_package__rosidl_typesupport_cpp.dir/rosidl_typesupport_cpp/messages_package/msg/map__type_support.cpp.o[0m
[2.956s] [ 21%] [32mBuilding CXX object CMakeFiles/messages_package__rosidl_typesupport_cpp.dir/rosidl_typesupport_cpp/messages_package/msg/row__type_support.cpp.o[0m
[2.956s] [ 21%] [32mBuilding CXX object CMakeFiles/messages_package__rosidl_typesupport_cpp.dir/rosidl_typesupport_cpp/messages_package/msg/delivery__type_support.cpp.o[0m
[2.957s] [ 22%] [32mBuilding CXX object CMakeFiles/messages_package__rosidl_typesupport_cpp.dir/rosidl_typesupport_cpp/messages_package/msg/coordinates__type_support.cpp.o[0m
[2.957s] [ 23%] [32mBuilding CXX object CMakeFiles/messages_package__rosidl_typesupport_cpp.dir/rosidl_typesupport_cpp/messages_package/msg/robot_location__type_support.cpp.o[0m
[2.959s] [ 23%] [32mBuilding CXX object CMakeFiles/messages_package__rosidl_typesupport_cpp.dir/rosidl_typesupport_cpp/messages_package/msg/item__type_support.cpp.o[0m
[2.969s] [ 24%] [32mBuilding CXX object CMakeFiles/messages_package__rosidl_typesupport_cpp.dir/rosidl_typesupport_cpp/messages_package/srv/delivery__type_support.cpp.o[0m
[3.454s] [ 25%] [32mBuilding CXX object CMakeFiles/messages_package__rosidl_typesupport_cpp.dir/rosidl_typesupport_cpp/messages_package/srv/pick_up_item__type_support.cpp.o[0m
[3.460s] [ 26%] [32mBuilding CXX object CMakeFiles/messages_package__rosidl_typesupport_cpp.dir/rosidl_typesupport_cpp/messages_package/srv/put_down_item__type_support.cpp.o[0m
[3.471s] [ 27%] [32mBuilding CXX object CMakeFiles/messages_package__rosidl_typesupport_cpp.dir/rosidl_typesupport_cpp/messages_package/action/charge_robot__type_support.cpp.o[0m
[3.484s] [ 27%] [32mBuilding CXX object CMakeFiles/messages_package__rosidl_typesupport_cpp.dir/rosidl_typesupport_cpp/messages_package/action/move_item__type_support.cpp.o[0m
[3.555s] [ 28%] [32mBuilding CXX object CMakeFiles/messages_package__rosidl_typesupport_cpp.dir/rosidl_typesupport_cpp/messages_package/action/order__type_support.cpp.o[0m
[3.600s] [35m[1mScanning dependencies of target messages_package__rosidl_typesupport_c[0m
[3.638s] [ 29%] [32mBuilding CXX object CMakeFiles/messages_package__rosidl_typesupport_c.dir/rosidl_typesupport_c/messages_package/msg/coordinates__type_support.cpp.o[0m
[3.650s] [ 30%] [32mBuilding CXX object CMakeFiles/messages_package__rosidl_typesupport_c.dir/rosidl_typesupport_c/messages_package/msg/robot_distance__type_support.cpp.o[0m
[3.652s] [ 30%] [32mBuilding CXX object CMakeFiles/messages_package__rosidl_typesupport_c.dir/rosidl_typesupport_c/messages_package/msg/delivery__type_support.cpp.o[0m
[3.666s] [ 31%] [32mBuilding CXX object CMakeFiles/messages_package__rosidl_typesupport_c.dir/rosidl_typesupport_c/messages_package/msg/item__type_support.cpp.o[0m
[3.674s] [35m[1mScanning dependencies of target messages_package__rosidl_typesupport_introspection_cpp[0m
[3.716s] [ 32%] [32mBuilding CXX object CMakeFiles/messages_package__rosidl_typesupport_c.dir/rosidl_typesupport_c/messages_package/msg/robot_location__type_support.cpp.o[0m
[3.720s] [ 33%] [32mBuilding CXX object CMakeFiles/messages_package__rosidl_typesupport_c.dir/rosidl_typesupport_c/messages_package/msg/map__type_support.cpp.o[0m
[3.734s] [ 33%] [32mBuilding CXX object CMakeFiles/messages_package__rosidl_typesupport_introspection_cpp.dir/rosidl_typesupport_introspection_cpp/messages_package/msg/detail/coordinates__type_support.cpp.o[0m
[3.734s] [ 34%] [32mBuilding CXX object CMakeFiles/messages_package__rosidl_typesupport_introspection_cpp.dir/rosidl_typesupport_introspection_cpp/messages_package/msg/detail/delivery__type_support.cpp.o[0m
[3.755s] [ 35%] [32mBuilding CXX object CMakeFiles/messages_package__rosidl_typesupport_introspection_cpp.dir/rosidl_typesupport_introspection_cpp/messages_package/msg/detail/item__type_support.cpp.o[0m
[3.773s] [ 35%] [32mBuilding CXX object CMakeFiles/messages_package__rosidl_typesupport_c.dir/rosidl_typesupport_c/messages_package/msg/row__type_support.cpp.o[0m
[3.807s] [ 36%] [32mBuilding CXX object CMakeFiles/messages_package__rosidl_typesupport_introspection_cpp.dir/rosidl_typesupport_introspection_cpp/messages_package/msg/detail/robot_distance__type_support.cpp.o[0m
[3.849s] [ 37%] [32mBuilding CXX object CMakeFiles/messages_package__rosidl_typesupport_c.dir/rosidl_typesupport_c/messages_package/srv/delivery__type_support.cpp.o[0m
[3.919s] [ 38%] [32mBuilding CXX object CMakeFiles/messages_package__rosidl_typesupport_c.dir/rosidl_typesupport_c/messages_package/srv/pick_up_item__type_support.cpp.o[0m
[3.978s] [ 39%] [32mBuilding CXX object CMakeFiles/messages_package__rosidl_typesupport_introspection_cpp.dir/rosidl_typesupport_introspection_cpp/messages_package/msg/detail/robot_location__type_support.cpp.o[0m
[3.981s] [ 39%] [32mBuilding CXX object CMakeFiles/messages_package__rosidl_typesupport_introspection_cpp.dir/rosidl_typesupport_introspection_cpp/messages_package/msg/detail/map__type_support.cpp.o[0m
[3.981s] [ 40%] [32mBuilding CXX object CMakeFiles/messages_package__rosidl_typesupport_c.dir/rosidl_typesupport_c/messages_package/srv/put_down_item__type_support.cpp.o[0m
[4.022s] [ 40%] [32mBuilding CXX object CMakeFiles/messages_package__rosidl_typesupport_c.dir/rosidl_typesupport_c/messages_package/action/charge_robot__type_support.cpp.o[0m
[4.059s] [ 41%] [32mBuilding CXX object CMakeFiles/messages_package__rosidl_typesupport_c.dir/rosidl_typesupport_c/messages_package/action/move_item__type_support.cpp.o[0m
[4.102s] [ 42%] [32mBuilding CXX object CMakeFiles/messages_package__rosidl_typesupport_introspection_cpp.dir/rosidl_typesupport_introspection_cpp/messages_package/msg/detail/row__type_support.cpp.o[0m
[4.111s] [ 43%] [32m[1mLinking CXX shared library libmessages_package__rosidl_typesupport_cpp.so[0m
[4.143s] [ 44%] [32mBuilding CXX object CMakeFiles/messages_package__rosidl_typesupport_introspection_cpp.dir/rosidl_typesupport_introspection_cpp/messages_package/srv/detail/delivery__type_support.cpp.o[0m
[4.173s] [ 45%] [32mBuilding CXX object CMakeFiles/messages_package__rosidl_typesupport_c.dir/rosidl_typesupport_c/messages_package/action/order__type_support.cpp.o[0m
[4.235s] [ 45%] Built target messages_package__rosidl_typesupport_cpp
[4.251s] [ 46%] [32mBuilding CXX object CMakeFiles/messages_package__rosidl_typesupport_introspection_cpp.dir/rosidl_typesupport_introspection_cpp/messages_package/srv/detail/pick_up_item__type_support.cpp.o[0m
[4.273s] [35m[1mScanning dependencies of target messages_package__rosidl_typesupport_fastrtps_cpp[0m
[4.276s] [ 46%] [32mBuilding CXX object CMakeFiles/messages_package__rosidl_typesupport_introspection_cpp.dir/rosidl_typesupport_introspection_cpp/messages_package/srv/detail/put_down_item__type_support.cpp.o[0m
[4.283s] [ 47%] [32m[1mLinking CXX shared library libmessages_package__rosidl_typesupport_c.so[0m
[4.328s] [ 48%] [32mBuilding CXX object CMakeFiles/messages_package__rosidl_typesupport_introspection_cpp.dir/rosidl_typesupport_introspection_cpp/messages_package/action/detail/charge_robot__type_support.cpp.o[0m
[4.329s] [ 49%] [32mBuilding CXX object CMakeFiles/messages_package__rosidl_typesupport_introspection_cpp.dir/rosidl_typesupport_introspection_cpp/messages_package/action/detail/move_item__type_support.cpp.o[0m
[4.338s] [ 50%] [32mBuilding CXX object CMakeFiles/messages_package__rosidl_typesupport_fastrtps_cpp.dir/rosidl_typesupport_fastrtps_cpp/messages_package/msg/detail/dds_fastrtps/coordinates__type_support.cpp.o[0m
[4.340s] [ 51%] [32mBuilding CXX object CMakeFiles/messages_package__rosidl_typesupport_introspection_cpp.dir/rosidl_typesupport_introspection_cpp/messages_package/action/detail/order__type_support.cpp.o[0m
[4.372s] [ 51%] Built target messages_package__rosidl_typesupport_c
[4.437s] [ 51%] [32mBuilding CXX object CMakeFiles/messages_package__rosidl_typesupport_fastrtps_cpp.dir/rosidl_typesupport_fastrtps_cpp/messages_package/msg/detail/dds_fastrtps/delivery__type_support.cpp.o[0m
[4.440s] [35m[1mScanning dependencies of target messages_package__rosidl_typesupport_introspection_c[0m
[4.504s] [ 52%] [32mBuilding C object CMakeFiles/messages_package__rosidl_typesupport_introspection_c.dir/rosidl_typesupport_introspection_c/messages_package/msg/detail/coordinates__type_support.c.o[0m
[4.519s] [ 53%] [32mBuilding CXX object CMakeFiles/messages_package__rosidl_typesupport_fastrtps_cpp.dir/rosidl_typesupport_fastrtps_cpp/messages_package/msg/detail/dds_fastrtps/robot_distance__type_support.cpp.o[0m
[4.525s] [ 54%] [32mBuilding CXX object CMakeFiles/messages_package__rosidl_typesupport_fastrtps_cpp.dir/rosidl_typesupport_fastrtps_cpp/messages_package/msg/detail/dds_fastrtps/item__type_support.cpp.o[0m
[4.591s] [ 55%] [32mBuilding C object CMakeFiles/messages_package__rosidl_typesupport_introspection_c.dir/rosidl_typesupport_introspection_c/messages_package/msg/detail/delivery__type_support.c.o[0m
[4.676s] [ 56%] [32mBuilding C object CMakeFiles/messages_package__rosidl_typesupport_introspection_c.dir/rosidl_typesupport_introspection_c/messages_package/msg/detail/item__type_support.c.o[0m
[4.692s] [ 57%] [32mBuilding CXX object CMakeFiles/messages_package__rosidl_typesupport_fastrtps_cpp.dir/rosidl_typesupport_fastrtps_cpp/messages_package/msg/detail/dds_fastrtps/robot_location__type_support.cpp.o[0m
[4.734s] [ 57%] [32mBuilding CXX object CMakeFiles/messages_package__rosidl_typesupport_fastrtps_cpp.dir/rosidl_typesupport_fastrtps_cpp/messages_package/msg/detail/dds_fastrtps/map__type_support.cpp.o[0m
[4.754s] [ 58%] [32mBuilding C object CMakeFiles/messages_package__rosidl_typesupport_introspection_c.dir/rosidl_typesupport_introspection_c/messages_package/msg/detail/robot_distance__type_support.c.o[0m
[4.839s] [ 59%] [32mBuilding CXX object CMakeFiles/messages_package__rosidl_typesupport_fastrtps_cpp.dir/rosidl_typesupport_fastrtps_cpp/messages_package/msg/detail/dds_fastrtps/row__type_support.cpp.o[0m
[4.861s] [ 59%] [32mBuilding C object CMakeFiles/messages_package__rosidl_typesupport_introspection_c.dir/rosidl_typesupport_introspection_c/messages_package/msg/detail/robot_location__type_support.c.o[0m
[4.869s] [ 60%] [32mBuilding C object CMakeFiles/messages_package__rosidl_typesupport_introspection_c.dir/rosidl_typesupport_introspection_c/messages_package/msg/detail/map__type_support.c.o[0m
[4.936s] [ 61%] [32mBuilding C object CMakeFiles/messages_package__rosidl_typesupport_introspection_c.dir/rosidl_typesupport_introspection_c/messages_package/srv/detail/delivery__type_support.c.o[0m
[4.937s] [ 62%] [32mBuilding C object CMakeFiles/messages_package__rosidl_typesupport_introspection_c.dir/rosidl_typesupport_introspection_c/messages_package/msg/detail/row__type_support.c.o[0m
[5.000s] [ 63%] [32mBuilding C object CMakeFiles/messages_package__rosidl_typesupport_introspection_c.dir/rosidl_typesupport_introspection_c/messages_package/srv/detail/put_down_item__type_support.c.o[0m
[5.000s] [ 63%] [32mBuilding C object CMakeFiles/messages_package__rosidl_typesupport_introspection_c.dir/rosidl_typesupport_introspection_c/messages_package/srv/detail/pick_up_item__type_support.c.o[0m
[5.014s] [ 64%] [32mBuilding CXX object CMakeFiles/messages_package__rosidl_typesupport_fastrtps_cpp.dir/rosidl_typesupport_fastrtps_cpp/messages_package/srv/detail/dds_fastrtps/delivery__type_support.cpp.o[0m
[5.062s] [ 65%] [32mBuilding CXX object CMakeFiles/messages_package__rosidl_typesupport_fastrtps_cpp.dir/rosidl_typesupport_fastrtps_cpp/messages_package/srv/detail/dds_fastrtps/pick_up_item__type_support.cpp.o[0m
[5.087s] [ 66%] [32mBuilding CXX object CMakeFiles/messages_package__rosidl_typesupport_fastrtps_cpp.dir/rosidl_typesupport_fastrtps_cpp/messages_package/srv/detail/dds_fastrtps/put_down_item__type_support.cpp.o[0m
[5.149s] [ 67%] [32mBuilding C object CMakeFiles/messages_package__rosidl_typesupport_introspection_c.dir/rosidl_typesupport_introspection_c/messages_package/action/detail/charge_robot__type_support.c.o[0m
[5.175s] [ 67%] [32mBuilding CXX object CMakeFiles/messages_package__rosidl_typesupport_fastrtps_cpp.dir/rosidl_typesupport_fastrtps_cpp/messages_package/action/detail/dds_fastrtps/charge_robot__type_support.cpp.o[0m
[5.215s] [ 68%] [32m[1mLinking CXX shared library libmessages_package__rosidl_typesupport_introspection_cpp.so[0m
[5.240s] [ 69%] [32mBuilding C object CMakeFiles/messages_package__rosidl_typesupport_introspection_c.dir/rosidl_typesupport_introspection_c/messages_package/action/detail/move_item__type_support.c.o[0m
[5.352s] [ 70%] [32mBuilding C object CMakeFiles/messages_package__rosidl_typesupport_introspection_c.dir/rosidl_typesupport_introspection_c/messages_package/action/detail/order__type_support.c.o[0m
[5.353s] [ 71%] [32mBuilding CXX object CMakeFiles/messages_package__rosidl_typesupport_fastrtps_cpp.dir/rosidl_typesupport_fastrtps_cpp/messages_package/action/detail/dds_fastrtps/move_item__type_support.cpp.o[0m
[5.366s] [ 72%] [32mBuilding CXX object CMakeFiles/messages_package__rosidl_typesupport_fastrtps_cpp.dir/rosidl_typesupport_fastrtps_cpp/messages_package/action/detail/dds_fastrtps/order__type_support.cpp.o[0m
[5.420s] [ 72%] Built target messages_package__rosidl_typesupport_introspection_cpp
[5.453s] [ 72%] [32m[1mLinking C shared library libmessages_package__rosidl_typesupport_introspection_c.so[0m
[5.513s] [ 72%] Built target messages_package__rosidl_typesupport_introspection_c
[5.974s] [ 73%] [32m[1mLinking CXX shared library libmessages_package__rosidl_typesupport_fastrtps_cpp.so[0m
[6.055s] [ 73%] Built target messages_package__rosidl_typesupport_fastrtps_cpp
[6.066s] [ 74%] [34m[1mGenerating C type support for eProsima Fast-RTPS[0m
[6.994s] [35m[1mScanning dependencies of target messages_package__rosidl_typesupport_fastrtps_c[0m
[7.026s] [ 75%] [32mBuilding CXX object CMakeFiles/messages_package__rosidl_typesupport_fastrtps_c.dir/rosidl_typesupport_fastrtps_c/messages_package/srv/detail/delivery__type_support_c.cpp.o[0m
[7.027s] [ 75%] [32mBuilding CXX object CMakeFiles/messages_package__rosidl_typesupport_fastrtps_c.dir/rosidl_typesupport_fastrtps_c/messages_package/msg/detail/coordinates__type_support_c.cpp.o[0m
[7.027s] [ 76%] [32mBuilding CXX object CMakeFiles/messages_package__rosidl_typesupport_fastrtps_c.dir/rosidl_typesupport_fastrtps_c/messages_package/msg/detail/delivery__type_support_c.cpp.o[0m
[7.027s] [ 77%] [32mBuilding CXX object CMakeFiles/messages_package__rosidl_typesupport_fastrtps_c.dir/rosidl_typesupport_fastrtps_c/messages_package/msg/detail/item__type_support_c.cpp.o[0m
[7.027s] [ 78%] [32mBuilding CXX object CMakeFiles/messages_package__rosidl_typesupport_fastrtps_c.dir/rosidl_typesupport_fastrtps_c/messages_package/msg/detail/robot_location__type_support_c.cpp.o[0m
[7.028s] [ 79%] [32mBuilding CXX object CMakeFiles/messages_package__rosidl_typesupport_fastrtps_c.dir/rosidl_typesupport_fastrtps_c/messages_package/msg/detail/map__type_support_c.cpp.o[0m
[7.028s] [ 79%] [32mBuilding CXX object CMakeFiles/messages_package__rosidl_typesupport_fastrtps_c.dir/rosidl_typesupport_fastrtps_c/messages_package/msg/detail/robot_distance__type_support_c.cpp.o[0m
[7.028s] [ 80%] [32mBuilding CXX object CMakeFiles/messages_package__rosidl_typesupport_fastrtps_c.dir/rosidl_typesupport_fastrtps_c/messages_package/msg/detail/row__type_support_c.cpp.o[0m
[7.029s] [ 81%] [32mBuilding CXX object CMakeFiles/messages_package__rosidl_typesupport_fastrtps_c.dir/rosidl_typesupport_fastrtps_c/messages_package/srv/detail/pick_up_item__type_support_c.cpp.o[0m
[7.030s] [ 82%] [32mBuilding CXX object CMakeFiles/messages_package__rosidl_typesupport_fastrtps_c.dir/rosidl_typesupport_fastrtps_c/messages_package/action/detail/move_item__type_support_c.cpp.o[0m
[7.030s] [ 82%] [32mBuilding CXX object CMakeFiles/messages_package__rosidl_typesupport_fastrtps_c.dir/rosidl_typesupport_fastrtps_c/messages_package/srv/detail/put_down_item__type_support_c.cpp.o[0m
[7.041s] [ 83%] [32mBuilding CXX object CMakeFiles/messages_package__rosidl_typesupport_fastrtps_c.dir/rosidl_typesupport_fastrtps_c/messages_package/action/detail/charge_robot__type_support_c.cpp.o[0m
[7.663s] [ 84%] [32mBuilding CXX object CMakeFiles/messages_package__rosidl_typesupport_fastrtps_c.dir/rosidl_typesupport_fastrtps_c/messages_package/action/detail/order__type_support_c.cpp.o[0m
[8.041s] [ 85%] [32m[1mLinking CXX shared library libmessages_package__rosidl_typesupport_fastrtps_c.so[0m
[8.122s] [ 85%] Built target messages_package__rosidl_typesupport_fastrtps_c
[8.139s] [ 85%] Built target messages_package
[8.148s] [35m[1mScanning dependencies of target messages_package__py[0m
[8.157s] [ 86%] [34m[1mGenerating Python code for ROS interfaces[0m
[10.489s] [ 86%] Built target messages_package__py
[10.505s] [35m[1mScanning dependencies of target messages_package__python[0m
[10.545s] [ 87%] [32mBuilding C object CMakeFiles/messages_package__python.dir/rosidl_generator_py/messages_package/msg/_coordinates_s.c.o[0m
[10.545s] [ 87%] [32mBuilding C object CMakeFiles/messages_package__python.dir/rosidl_generator_py/messages_package/msg/_item_s.c.o[0m
[10.545s] [ 88%] [32mBuilding C object CMakeFiles/messages_package__python.dir/rosidl_generator_py/messages_package/msg/_robot_distance_s.c.o[0m
[10.545s] [ 89%] [32mBuilding C object CMakeFiles/messages_package__python.dir/rosidl_generator_py/messages_package/msg/_delivery_s.c.o[0m
[10.546s] [ 89%] [32mBuilding C object CMakeFiles/messages_package__python.dir/rosidl_generator_py/messages_package/msg/_robot_location_s.c.o[0m
[10.546s] [ 90%] [32mBuilding C object CMakeFiles/messages_package__python.dir/rosidl_generator_py/messages_package/msg/_row_s.c.o[0m
[10.546s] [ 91%] [32mBuilding C object CMakeFiles/messages_package__python.dir/rosidl_generator_py/messages_package/srv/_pick_up_item_s.c.o[0m
[10.547s] [ 91%] [32mBuilding C object CMakeFiles/messages_package__python.dir/rosidl_generator_py/messages_package/srv/_put_down_item_s.c.o[0m
[10.547s] [ 92%] [32mBuilding C object CMakeFiles/messages_package__python.dir/rosidl_generator_py/messages_package/srv/_delivery_s.c.o[0m
[10.547s] [ 93%] [32mBuilding C object CMakeFiles/messages_package__python.dir/rosidl_generator_py/messages_package/msg/_map_s.c.o[0m
[10.549s] [ 94%] [32mBuilding C object CMakeFiles/messages_package__python.dir/rosidl_generator_py/messages_package/action/_charge_robot_s.c.o[0m
[10.551s] [ 95%] [32mBuilding C object CMakeFiles/messages_package__python.dir/rosidl_generator_py/messages_package/action/_move_item_s.c.o[0m
[10.706s] [ 96%] [32mBuilding C object CMakeFiles/messages_package__python.dir/rosidl_generator_py/messages_package/action/_order_s.c.o[0m
[10.823s] [ 96%] [32m[1mLinking C shared library rosidl_generator_py/messages_package/libmessages_package__python.so[0m
[10.864s] [ 96%] Built target messages_package__python
[10.874s] [35m[1mScanning dependencies of target messages_package__rosidl_typesupport_introspection_c__pyext[0m
[10.874s] [35m[1mScanning dependencies of target messages_package__rosidl_typesupport_fastrtps_c__pyext[0m
[10.875s] [35m[1mScanning dependencies of target messages_package__rosidl_typesupport_c__pyext[0m
[10.892s] [ 97%] [32mBuilding C object CMakeFiles/messages_package__rosidl_typesupport_introspection_c__pyext.dir/rosidl_generator_py/messages_package/_messages_package_s.ep.rosidl_typesupport_introspection_c.c.o[0m
[10.893s] [ 97%] [32mBuilding C object CMakeFiles/messages_package__rosidl_typesupport_fastrtps_c__pyext.dir/rosidl_generator_py/messages_package/_messages_package_s.ep.rosidl_typesupport_fastrtps_c.c.o[0m
[10.894s] [ 97%] [32mBuilding C object CMakeFiles/messages_package__rosidl_typesupport_c__pyext.dir/rosidl_generator_py/messages_package/_messages_package_s.ep.rosidl_typesupport_c.c.o[0m
[11.070s] [ 98%] [32m[1mLinking C shared library rosidl_generator_py/messages_package/messages_package_s__rosidl_typesupport_c.cpython-38-x86_64-linux-gnu.so[0m
[11.072s] [ 99%] [32m[1mLinking C shared library rosidl_generator_py/messages_package/messages_package_s__rosidl_typesupport_introspection_c.cpython-38-x86_64-linux-gnu.so[0m
[11.075s] [100%] [32m[1mLinking CXX shared library rosidl_generator_py/messages_package/messages_package_s__rosidl_typesupport_fastrtps_c.cpython-38-x86_64-linux-gnu.so[0m
[11.110s] [100%] Built target messages_package__rosidl_typesupport_c__pyext
[11.111s] [100%] Built target messages_package__rosidl_typesupport_introspection_c__pyext
[11.140s] [100%] Built target messages_package__rosidl_typesupport_fastrtps_c__pyext
[11.151s] Invoked command in '/home/sam/AST_Robot_Warehouse/build/messages_package' returned '0': CMAKE_PREFIX_PATH=${CMAKE_PREFIX_PATH}:/home/sam/AST_Robot_Warehouse/install/warehouse_robot_package:/home/sam/AST_Robot_Warehouse/install/py_pubsub:/opt/ros/foxy /usr/bin/cmake --build /home/sam/AST_Robot_Warehouse/build/messages_package -- -j12 -l12
[11.337s] Invoking command in '/home/sam/AST_Robot_Warehouse/build/messages_package': CMAKE_PREFIX_PATH=${CMAKE_PREFIX_PATH}:/home/sam/AST_Robot_Warehouse/install/warehouse_robot_package:/home/sam/AST_Robot_Warehouse/install/py_pubsub:/opt/ros/foxy /usr/bin/cmake --install /home/sam/AST_Robot_Warehouse/build/messages_package
[11.344s] -- Install configuration: ""
[11.345s] -- Up-to-date: /home/sam/AST_Robot_Warehouse/install/messages_package/lib/messages_package/messages_node
[11.345s] -- Installing: /home/sam/AST_Robot_Warehouse/install/messages_package/share/ament_index/resource_index/rosidl_interfaces/messages_package
[11.345s] -- Up-to-date: /home/sam/AST_Robot_Warehouse/install/messages_package/include/messages_package
[11.345s] -- Up-to-date: /home/sam/AST_Robot_Warehouse/install/messages_package/include/messages_package/action
[11.345s] -- Installing: /home/sam/AST_Robot_Warehouse/install/messages_package/include/messages_package/action/move_item.h
[11.345s] -- Installing: /home/sam/AST_Robot_Warehouse/install/messages_package/include/messages_package/action/charge_robot.h
[11.345s] -- Up-to-date: /home/sam/AST_Robot_Warehouse/install/messages_package/include/messages_package/action/detail
[11.345s] -- Installing: /home/sam/AST_Robot_Warehouse/install/messages_package/include/messages_package/action/detail/order__type_support.h
[11.345s] -- Installing: /home/sam/AST_Robot_Warehouse/install/messages_package/include/messages_package/action/detail/charge_robot__struct.h
[11.345s] -- Installing: /home/sam/AST_Robot_Warehouse/install/messages_package/include/messages_package/action/detail/move_item__functions.c
[11.345s] -- Installing: /home/sam/AST_Robot_Warehouse/install/messages_package/include/messages_package/action/detail/order__struct.h
[11.346s] -- Installing: /home/sam/AST_Robot_Warehouse/install/messages_package/include/messages_package/action/detail/move_item__functions.h
[11.346s] -- Installing: /home/sam/AST_Robot_Warehouse/install/messages_package/include/messages_package/action/detail/move_item__struct.h
[11.346s] -- Installing: /home/sam/AST_Robot_Warehouse/install/messages_package/include/messages_package/action/detail/charge_robot__functions.c
[11.346s] -- Installing: /home/sam/AST_Robot_Warehouse/install/messages_package/include/messages_package/action/detail/charge_robot__type_support.h
[11.346s] -- Installing: /home/sam/AST_Robot_Warehouse/install/messages_package/include/messages_package/action/detail/order__functions.h
[11.346s] -- Installing: /home/sam/AST_Robot_Warehouse/install/messages_package/include/messages_package/action/detail/order__functions.c
[11.346s] -- Installing: /home/sam/AST_Robot_Warehouse/install/messages_package/include/messages_package/action/detail/charge_robot__functions.h
[11.346s] -- Installing: /home/sam/AST_Robot_Warehouse/install/messages_package/include/messages_package/action/detail/move_item__type_support.h
[11.346s] -- Installing: /home/sam/AST_Robot_Warehouse/install/messages_package/include/messages_package/action/order.h
[11.346s] -- Up-to-date: /home/sam/AST_Robot_Warehouse/install/messages_package/include/messages_package/srv
[11.346s] -- Installing: /home/sam/AST_Robot_Warehouse/install/messages_package/include/messages_package/srv/put_down_item.h
[11.346s] -- Installing: /home/sam/AST_Robot_Warehouse/install/messages_package/include/messages_package/srv/delivery.h
[11.346s] -- Installing: /home/sam/AST_Robot_Warehouse/install/messages_package/include/messages_package/srv/pick_up_item.h
[11.346s] -- Up-to-date: /home/sam/AST_Robot_Warehouse/install/messages_package/include/messages_package/srv/detail
[11.347s] -- Installing: /home/sam/AST_Robot_Warehouse/install/messages_package/include/messages_package/srv/detail/put_down_item__type_support.h
[11.347s] -- Installing: /home/sam/AST_Robot_Warehouse/install/messages_package/include/messages_package/srv/detail/delivery__functions.h
[11.347s] -- Installing: /home/sam/AST_Robot_Warehouse/install/messages_package/include/messages_package/srv/detail/pick_up_item__functions.h
[11.347s] -- Installing: /home/sam/AST_Robot_Warehouse/install/messages_package/include/messages_package/srv/detail/put_down_item__struct.h
[11.347s] -- Installing: /home/sam/AST_Robot_Warehouse/install/messages_package/include/messages_package/srv/detail/pick_up_item__struct.h
[11.347s] -- Installing: /home/sam/AST_Robot_Warehouse/install/messages_package/include/messages_package/srv/detail/put_down_item__functions.c
[11.347s] -- Installing: /home/sam/AST_Robot_Warehouse/install/messages_package/include/messages_package/srv/detail/pick_up_item__type_support.h
[11.347s] -- Installing: /home/sam/AST_Robot_Warehouse/install/messages_package/include/messages_package/srv/detail/delivery__type_support.h
[11.347s] -- Installing: /home/sam/AST_Robot_Warehouse/install/messages_package/include/messages_package/srv/detail/put_down_item__functions.h
[11.347s] -- Installing: /home/sam/AST_Robot_Warehouse/install/messages_package/include/messages_package/srv/detail/delivery__functions.c
[11.347s] -- Installing: /home/sam/AST_Robot_Warehouse/install/messages_package/include/messages_package/srv/detail/pick_up_item__functions.c
[11.348s] -- Installing: /home/sam/AST_Robot_Warehouse/install/messages_package/include/messages_package/srv/detail/delivery__struct.h
[11.348s] -- Up-to-date: /home/sam/AST_Robot_Warehouse/install/messages_package/include/messages_package/msg
[11.348s] -- Up-to-date: /home/sam/AST_Robot_Warehouse/install/messages_package/include/messages_package/msg/rosidl_generator_c__visibility_control.h
[11.348s] -- Installing: /home/sam/AST_Robot_Warehouse/install/messages_package/include/messages_package/msg/coordinates.h
[11.348s] -- Installing: /home/sam/AST_Robot_Warehouse/install/messages_package/include/messages_package/msg/row.h
[11.348s] -- Installing: /home/sam/AST_Robot_Warehouse/install/messages_package/include/messages_package/msg/map.h
[11.348s] -- Installing: /home/sam/AST_Robot_Warehouse/install/messages_package/include/messages_package/msg/robot_location.h
[11.348s] -- Installing: /home/sam/AST_Robot_Warehouse/install/messages_package/include/messages_package/msg/robot_distance.h
[11.348s] -- Installing: /home/sam/AST_Robot_Warehouse/install/messages_package/include/messages_package/msg/item.h
[11.348s] -- Installing: /home/sam/AST_Robot_Warehouse/install/messages_package/include/messages_package/msg/delivery.h
[11.348s] -- Up-to-date: /home/sam/AST_Robot_Warehouse/install/messages_package/include/messages_package/msg/detail
[11.348s] -- Installing: /home/sam/AST_Robot_Warehouse/install/messages_package/include/messages_package/msg/detail/robot_distance__functions.c
[11.348s] -- Installing: /home/sam/AST_Robot_Warehouse/install/messages_package/include/messages_package/msg/detail/robot_location__functions.c
[11.349s] -- Installing: /home/sam/AST_Robot_Warehouse/install/messages_package/include/messages_package/msg/detail/delivery__functions.h
[11.349s] -- Installing: /home/sam/AST_Robot_Warehouse/install/messages_package/include/messages_package/msg/detail/coordinates__functions.c
[11.349s] -- Installing: /home/sam/AST_Robot_Warehouse/install/messages_package/include/messages_package/msg/detail/row__functions.c
[11.349s] -- Installing: /home/sam/AST_Robot_Warehouse/install/messages_package/include/messages_package/msg/detail/robot_location__functions.h
[11.349s] -- Installing: /home/sam/AST_Robot_Warehouse/install/messages_package/include/messages_package/msg/detail/map__functions.h
[11.349s] -- Installing: /home/sam/AST_Robot_Warehouse/install/messages_package/include/messages_package/msg/detail/item__functions.h
[11.349s] -- Installing: /home/sam/AST_Robot_Warehouse/install/messages_package/include/messages_package/msg/detail/map__type_support.h
[11.349s] -- Installing: /home/sam/AST_Robot_Warehouse/install/messages_package/include/messages_package/msg/detail/item__struct.h
[11.349s] -- Installing: /home/sam/AST_Robot_Warehouse/install/messages_package/include/messages_package/msg/detail/delivery__type_support.h
[11.349s] -- Installing: /home/sam/AST_Robot_Warehouse/install/messages_package/include/messages_package/msg/detail/delivery__functions.c
[11.349s] -- Installing: /home/sam/AST_Robot_Warehouse/install/messages_package/include/messages_package/msg/detail/coordinates__type_support.h
[11.349s] -- Installing: /home/sam/AST_Robot_Warehouse/install/messages_package/include/messages_package/msg/detail/robot_location__type_support.h
[11.349s] -- Installing: /home/sam/AST_Robot_Warehouse/install/messages_package/include/messages_package/msg/detail/map__functions.c
[11.349s] -- Installing: /home/sam/AST_Robot_Warehouse/install/messages_package/include/messages_package/msg/detail/delivery__struct.h
[11.350s] -- Installing: /home/sam/AST_Robot_Warehouse/install/messages_package/include/messages_package/msg/detail/robot_location__struct.h
[11.350s] -- Installing: /home/sam/AST_Robot_Warehouse/install/messages_package/include/messages_package/msg/detail/robot_distance__type_support.h
[11.350s] -- Installing: /home/sam/AST_Robot_Warehouse/install/messages_package/include/messages_package/msg/detail/row__functions.h
[11.350s] -- Installing: /home/sam/AST_Robot_Warehouse/install/messages_package/include/messages_package/msg/detail/coordinates__struct.h
[11.350s] -- Installing: /home/sam/AST_Robot_Warehouse/install/messages_package/include/messages_package/msg/detail/robot_distance__functions.h
[11.350s] -- Installing: /home/sam/AST_Robot_Warehouse/install/messages_package/include/messages_package/msg/detail/item__type_support.h
[11.350s] -- Installing: /home/sam/AST_Robot_Warehouse/install/messages_package/include/messages_package/msg/detail/row__type_support.h
[11.350s] -- Installing: /home/sam/AST_Robot_Warehouse/install/messages_package/include/messages_package/msg/detail/item__functions.c
[11.350s] -- Installing: /home/sam/AST_Robot_Warehouse/install/messages_package/include/messages_package/msg/detail/coordinates__functions.h
[11.350s] -- Installing: /home/sam/AST_Robot_Warehouse/install/messages_package/include/messages_package/msg/detail/row__struct.h
[11.350s] -- Installing: /home/sam/AST_Robot_Warehouse/install/messages_package/include/messages_package/msg/detail/robot_distance__struct.h
[11.350s] -- Installing: /home/sam/AST_Robot_Warehouse/install/messages_package/include/messages_package/msg/detail/map__struct.h
[11.350s] -- Up-to-date: /home/sam/AST_Robot_Warehouse/install/messages_package/share/messages_package/environment/library_path.sh
[11.351s] -- Installing: /home/sam/AST_Robot_Warehouse/install/messages_package/share/messages_package/environment/library_path.dsv
[11.351s] -- Installing: /home/sam/AST_Robot_Warehouse/install/messages_package/lib/libmessages_package__rosidl_generator_c.so
[11.351s] -- Set runtime path of "/home/sam/AST_Robot_Warehouse/install/messages_package/lib/libmessages_package__rosidl_generator_c.so" to ""
[11.351s] -- Up-to-date: /home/sam/AST_Robot_Warehouse/install/messages_package/include/messages_package
[11.351s] -- Up-to-date: /home/sam/AST_Robot_Warehouse/install/messages_package/include/messages_package/action
[11.351s] -- Up-to-date: /home/sam/AST_Robot_Warehouse/install/messages_package/include/messages_package/action/detail
[11.352s] -- Installing: /home/sam/AST_Robot_Warehouse/install/messages_package/include/messages_package/action/detail/order__rosidl_typesupport_fastrtps_c.h
[11.352s] -- Installing: /home/sam/AST_Robot_Warehouse/install/messages_package/include/messages_package/action/detail/charge_robot__rosidl_typesupport_fastrtps_c.h
[11.352s] -- Installing: /home/sam/AST_Robot_Warehouse/install/messages_package/include/messages_package/action/detail/move_item__rosidl_typesupport_fastrtps_c.h
[11.352s] -- Up-to-date: /home/sam/AST_Robot_Warehouse/install/messages_package/include/messages_package/srv
[11.352s] -- Up-to-date: /home/sam/AST_Robot_Warehouse/install/messages_package/include/messages_package/srv/detail
[11.352s] -- Installing: /home/sam/AST_Robot_Warehouse/install/messages_package/include/messages_package/srv/detail/put_down_item__rosidl_typesupport_fastrtps_c.h
[11.352s] -- Installing: /home/sam/AST_Robot_Warehouse/install/messages_package/include/messages_package/srv/detail/pick_up_item__rosidl_typesupport_fastrtps_c.h
[11.352s] -- Installing: /home/sam/AST_Robot_Warehouse/install/messages_package/include/messages_package/srv/detail/delivery__rosidl_typesupport_fastrtps_c.h
[11.352s] -- Up-to-date: /home/sam/AST_Robot_Warehouse/install/messages_package/include/messages_package/msg
[11.352s] -- Up-to-date: /home/sam/AST_Robot_Warehouse/install/messages_package/include/messages_package/msg/rosidl_typesupport_fastrtps_c__visibility_control.h
[11.352s] -- Up-to-date: /home/sam/AST_Robot_Warehouse/install/messages_package/include/messages_package/msg/detail
[11.353s] -- Installing: /home/sam/AST_Robot_Warehouse/install/messages_package/include/messages_package/msg/detail/robot_distance__rosidl_typesupport_fastrtps_c.h
[11.353s] -- Installing: /home/sam/AST_Robot_Warehouse/install/messages_package/include/messages_package/msg/detail/coordinates__rosidl_typesupport_fastrtps_c.h
[11.353s] -- Installing: /home/sam/AST_Robot_Warehouse/install/messages_package/include/messages_package/msg/detail/robot_location__rosidl_typesupport_fastrtps_c.h
[11.353s] -- Installing: /home/sam/AST_Robot_Warehouse/install/messages_package/include/messages_package/msg/detail/item__rosidl_typesupport_fastrtps_c.h
[11.353s] -- Installing: /home/sam/AST_Robot_Warehouse/install/messages_package/include/messages_package/msg/detail/delivery__rosidl_typesupport_fastrtps_c.h
[11.353s] -- Installing: /home/sam/AST_Robot_Warehouse/install/messages_package/include/messages_package/msg/detail/row__rosidl_typesupport_fastrtps_c.h
[11.353s] -- Installing: /home/sam/AST_Robot_Warehouse/install/messages_package/include/messages_package/msg/detail/map__rosidl_typesupport_fastrtps_c.h
[11.353s] -- Installing: /home/sam/AST_Robot_Warehouse/install/messages_package/lib/libmessages_package__rosidl_typesupport_fastrtps_c.so
[11.353s] -- Set runtime path of "/home/sam/AST_Robot_Warehouse/install/messages_package/lib/libmessages_package__rosidl_typesupport_fastrtps_c.so" to ""
[11.354s] -- Up-to-date: /home/sam/AST_Robot_Warehouse/install/messages_package/include/messages_package
[11.354s] -- Up-to-date: /home/sam/AST_Robot_Warehouse/install/messages_package/include/messages_package/action
[11.354s] -- Up-to-date: /home/sam/AST_Robot_Warehouse/install/messages_package/include/messages_package/action/detail
[11.354s] -- Installing: /home/sam/AST_Robot_Warehouse/install/messages_package/include/messages_package/action/detail/order__rosidl_typesupport_fastrtps_cpp.hpp
[11.354s] -- Installing: /home/sam/AST_Robot_Warehouse/install/messages_package/include/messages_package/action/detail/charge_robot__rosidl_typesupport_fastrtps_cpp.hpp
[11.354s] -- Up-to-date: /home/sam/AST_Robot_Warehouse/install/messages_package/include/messages_package/action/detail/dds_fastrtps
[11.354s] -- Installing: /home/sam/AST_Robot_Warehouse/install/messages_package/include/messages_package/action/detail/move_item__rosidl_typesupport_fastrtps_cpp.hpp
[11.354s] -- Up-to-date: /home/sam/AST_Robot_Warehouse/install/messages_package/include/messages_package/srv
[11.354s] -- Up-to-date: /home/sam/AST_Robot_Warehouse/install/messages_package/include/messages_package/srv/detail
[11.354s] -- Installing: /home/sam/AST_Robot_Warehouse/install/messages_package/include/messages_package/srv/detail/pick_up_item__rosidl_typesupport_fastrtps_cpp.hpp
[11.354s] -- Installing: /home/sam/AST_Robot_Warehouse/install/messages_package/include/messages_package/srv/detail/put_down_item__rosidl_typesupport_fastrtps_cpp.hpp
[11.354s] -- Up-to-date: /home/sam/AST_Robot_Warehouse/install/messages_package/include/messages_package/srv/detail/dds_fastrtps
[11.354s] -- Installing: /home/sam/AST_Robot_Warehouse/install/messages_package/include/messages_package/srv/detail/delivery__rosidl_typesupport_fastrtps_cpp.hpp
[11.354s] -- Up-to-date: /home/sam/AST_Robot_Warehouse/install/messages_package/include/messages_package/msg
[11.354s] -- Up-to-date: /home/sam/AST_Robot_Warehouse/install/messages_package/include/messages_package/msg/rosidl_typesupport_fastrtps_cpp__visibility_control.h
[11.355s] -- Up-to-date: /home/sam/AST_Robot_Warehouse/install/messages_package/include/messages_package/msg/detail
[11.355s] -- Installing: /home/sam/AST_Robot_Warehouse/install/messages_package/include/messages_package/msg/detail/coordinates__rosidl_typesupport_fastrtps_cpp.hpp
[11.355s] -- Installing: /home/sam/AST_Robot_Warehouse/install/messages_package/include/messages_package/msg/detail/map__rosidl_typesupport_fastrtps_cpp.hpp
[11.355s] -- Installing: /home/sam/AST_Robot_Warehouse/install/messages_package/include/messages_package/msg/detail/row__rosidl_typesupport_fastrtps_cpp.hpp
[11.355s] -- Installing: /home/sam/AST_Robot_Warehouse/install/messages_package/include/messages_package/msg/detail/item__rosidl_typesupport_fastrtps_cpp.hpp
[11.355s] -- Up-to-date: /home/sam/AST_Robot_Warehouse/install/messages_package/include/messages_package/msg/detail/dds_fastrtps
[11.355s] -- Installing: /home/sam/AST_Robot_Warehouse/install/messages_package/include/messages_package/msg/detail/robot_distance__rosidl_typesupport_fastrtps_cpp.hpp
[11.355s] -- Installing: /home/sam/AST_Robot_Warehouse/install/messages_package/include/messages_package/msg/detail/delivery__rosidl_typesupport_fastrtps_cpp.hpp
[11.355s] -- Installing: /home/sam/AST_Robot_Warehouse/install/messages_package/include/messages_package/msg/detail/robot_location__rosidl_typesupport_fastrtps_cpp.hpp
[11.355s] -- Installing: /home/sam/AST_Robot_Warehouse/install/messages_package/lib/libmessages_package__rosidl_typesupport_fastrtps_cpp.so
[11.356s] -- Set runtime path of "/home/sam/AST_Robot_Warehouse/install/messages_package/lib/libmessages_package__rosidl_typesupport_fastrtps_cpp.so" to ""
[11.356s] -- Up-to-date: /home/sam/AST_Robot_Warehouse/install/messages_package/include/messages_package
[11.356s] -- Up-to-date: /home/sam/AST_Robot_Warehouse/install/messages_package/include/messages_package/action
[11.356s] -- Up-to-date: /home/sam/AST_Robot_Warehouse/install/messages_package/include/messages_package/action/detail
[11.356s] -- Installing: /home/sam/AST_Robot_Warehouse/install/messages_package/include/messages_package/action/detail/charge_robot__rosidl_typesupport_introspection_c.h
[11.356s] -- Installing: /home/sam/AST_Robot_Warehouse/install/messages_package/include/messages_package/action/detail/charge_robot__type_support.c
[11.356s] -- Installing: /home/sam/AST_Robot_Warehouse/install/messages_package/include/messages_package/action/detail/move_item__type_support.c
[11.356s] -- Installing: /home/sam/AST_Robot_Warehouse/install/messages_package/include/messages_package/action/detail/move_item__rosidl_typesupport_introspection_c.h
[11.357s] -- Installing: /home/sam/AST_Robot_Warehouse/install/messages_package/include/messages_package/action/detail/order__rosidl_typesupport_introspection_c.h
[11.357s] -- Installing: /home/sam/AST_Robot_Warehouse/install/messages_package/include/messages_package/action/detail/order__type_support.c
[11.357s] -- Up-to-date: /home/sam/AST_Robot_Warehouse/install/messages_package/include/messages_package/srv
[11.357s] -- Up-to-date: /home/sam/AST_Robot_Warehouse/install/messages_package/include/messages_package/srv/detail
[11.357s] -- Installing: /home/sam/AST_Robot_Warehouse/install/messages_package/include/messages_package/srv/detail/delivery__rosidl_typesupport_introspection_c.h
[11.357s] -- Installing: /home/sam/AST_Robot_Warehouse/install/messages_package/include/messages_package/srv/detail/delivery__type_support.c
[11.357s] -- Installing: /home/sam/AST_Robot_Warehouse/install/messages_package/include/messages_package/srv/detail/pick_up_item__rosidl_typesupport_introspection_c.h
[11.357s] -- Installing: /home/sam/AST_Robot_Warehouse/install/messages_package/include/messages_package/srv/detail/pick_up_item__type_support.c
[11.357s] -- Installing: /home/sam/AST_Robot_Warehouse/install/messages_package/include/messages_package/srv/detail/put_down_item__rosidl_typesupport_introspection_c.h
[11.357s] -- Installing: /home/sam/AST_Robot_Warehouse/install/messages_package/include/messages_package/srv/detail/put_down_item__type_support.c
[11.357s] -- Up-to-date: /home/sam/AST_Robot_Warehouse/install/messages_package/include/messages_package/msg
[11.357s] -- Up-to-date: /home/sam/AST_Robot_Warehouse/install/messages_package/include/messages_package/msg/rosidl_typesupport_introspection_c__visibility_control.h
[11.357s] -- Up-to-date: /home/sam/AST_Robot_Warehouse/install/messages_package/include/messages_package/msg/detail
[11.357s] -- Installing: /home/sam/AST_Robot_Warehouse/install/messages_package/include/messages_package/msg/detail/map__rosidl_typesupport_introspection_c.h
[11.358s] -- Installing: /home/sam/AST_Robot_Warehouse/install/messages_package/include/messages_package/msg/detail/robot_distance__rosidl_typesupport_introspection_c.h
[11.358s] -- Installing: /home/sam/AST_Robot_Warehouse/install/messages_package/include/messages_package/msg/detail/coordinates__rosidl_typesupport_introspection_c.h
[11.358s] -- Installing: /home/sam/AST_Robot_Warehouse/install/messages_package/include/messages_package/msg/detail/robot_distance__type_support.c
[11.358s] -- Installing: /home/sam/AST_Robot_Warehouse/install/messages_package/include/messages_package/msg/detail/delivery__rosidl_typesupport_introspection_c.h
[11.358s] -- Installing: /home/sam/AST_Robot_Warehouse/install/messages_package/include/messages_package/msg/detail/delivery__type_support.c
[11.358s] -- Installing: /home/sam/AST_Robot_Warehouse/install/messages_package/include/messages_package/msg/detail/item__type_support.c
[11.358s] -- Installing: /home/sam/AST_Robot_Warehouse/install/messages_package/include/messages_package/msg/detail/robot_location__rosidl_typesupport_introspection_c.h
[11.358s] -- Installing: /home/sam/AST_Robot_Warehouse/install/messages_package/include/messages_package/msg/detail/coordinates__type_support.c
[11.358s] -- Installing: /home/sam/AST_Robot_Warehouse/install/messages_package/include/messages_package/msg/detail/row__rosidl_typesupport_introspection_c.h
[11.358s] -- Installing: /home/sam/AST_Robot_Warehouse/install/messages_package/include/messages_package/msg/detail/item__rosidl_typesupport_introspection_c.h
[11.358s] -- Installing: /home/sam/AST_Robot_Warehouse/install/messages_package/include/messages_package/msg/detail/map__type_support.c
[11.358s] -- Installing: /home/sam/AST_Robot_Warehouse/install/messages_package/include/messages_package/msg/detail/robot_location__type_support.c
[11.358s] -- Installing: /home/sam/AST_Robot_Warehouse/install/messages_package/include/messages_package/msg/detail/row__type_support.c
[11.359s] -- Installing: /home/sam/AST_Robot_Warehouse/install/messages_package/lib/libmessages_package__rosidl_typesupport_introspection_c.so
[11.359s] -- Set runtime path of "/home/sam/AST_Robot_Warehouse/install/messages_package/lib/libmessages_package__rosidl_typesupport_introspection_c.so" to ""
[11.359s] -- Installing: /home/sam/AST_Robot_Warehouse/install/messages_package/lib/libmessages_package__rosidl_typesupport_c.so
[11.360s] -- Set runtime path of "/home/sam/AST_Robot_Warehouse/install/messages_package/lib/libmessages_package__rosidl_typesupport_c.so" to ""
[11.360s] -- Up-to-date: /home/sam/AST_Robot_Warehouse/install/messages_package/include/messages_package
[11.360s] -- Up-to-date: /home/sam/AST_Robot_Warehouse/install/messages_package/include/messages_package/action
[11.360s] -- Installing: /home/sam/AST_Robot_Warehouse/install/messages_package/include/messages_package/action/charge_robot.hpp
[11.360s] -- Installing: /home/sam/AST_Robot_Warehouse/install/messages_package/include/messages_package/action/order.hpp
[11.360s] -- Installing: /home/sam/AST_Robot_Warehouse/install/messages_package/include/messages_package/action/move_item.hpp
[11.360s] -- Up-to-date: /home/sam/AST_Robot_Warehouse/install/messages_package/include/messages_package/action/detail
[11.360s] -- Installing: /home/sam/AST_Robot_Warehouse/install/messages_package/include/messages_package/action/detail/order__struct.hpp
[11.360s] -- Installing: /home/sam/AST_Robot_Warehouse/install/messages_package/include/messages_package/action/detail/charge_robot__struct.hpp
[11.360s] -- Installing: /home/sam/AST_Robot_Warehouse/install/messages_package/include/messages_package/action/detail/charge_robot__builder.hpp
[11.361s] -- Installing: /home/sam/AST_Robot_Warehouse/install/messages_package/include/messages_package/action/detail/charge_robot__traits.hpp
[11.361s] -- Installing: /home/sam/AST_Robot_Warehouse/install/messages_package/include/messages_package/action/detail/move_item__traits.hpp
[11.361s] -- Installing: /home/sam/AST_Robot_Warehouse/install/messages_package/include/messages_package/action/detail/order__traits.hpp
[11.361s] -- Installing: /home/sam/AST_Robot_Warehouse/install/messages_package/include/messages_package/action/detail/move_item__builder.hpp
[11.361s] -- Installing: /home/sam/AST_Robot_Warehouse/install/messages_package/include/messages_package/action/detail/move_item__struct.hpp
[11.361s] -- Installing: /home/sam/AST_Robot_Warehouse/install/messages_package/include/messages_package/action/detail/order__builder.hpp
[11.361s] -- Up-to-date: /home/sam/AST_Robot_Warehouse/install/messages_package/include/messages_package/srv
[11.361s] -- Installing: /home/sam/AST_Robot_Warehouse/install/messages_package/include/messages_package/srv/pick_up_item.hpp
[11.361s] -- Installing: /home/sam/AST_Robot_Warehouse/install/messages_package/include/messages_package/srv/delivery.hpp
[11.361s] -- Up-to-date: /home/sam/AST_Robot_Warehouse/install/messages_package/include/messages_package/srv/detail
[11.361s] -- Installing: /home/sam/AST_Robot_Warehouse/install/messages_package/include/messages_package/srv/detail/pick_up_item__traits.hpp
[11.362s] -- Installing: /home/sam/AST_Robot_Warehouse/install/messages_package/include/messages_package/srv/detail/delivery__struct.hpp
[11.362s] -- Installing: /home/sam/AST_Robot_Warehouse/install/messages_package/include/messages_package/srv/detail/delivery__builder.hpp
[11.362s] -- Installing: /home/sam/AST_Robot_Warehouse/install/messages_package/include/messages_package/srv/detail/pick_up_item__builder.hpp
[11.362s] -- Installing: /home/sam/AST_Robot_Warehouse/install/messages_package/include/messages_package/srv/detail/put_down_item__traits.hpp
[11.362s] -- Installing: /home/sam/AST_Robot_Warehouse/install/messages_package/include/messages_package/srv/detail/put_down_item__builder.hpp
[11.362s] -- Installing: /home/sam/AST_Robot_Warehouse/install/messages_package/include/messages_package/srv/detail/delivery__traits.hpp
[11.362s] -- Installing: /home/sam/AST_Robot_Warehouse/install/messages_package/include/messages_package/srv/detail/put_down_item__struct.hpp
[11.362s] -- Installing: /home/sam/AST_Robot_Warehouse/install/messages_package/include/messages_package/srv/detail/pick_up_item__struct.hpp
[11.362s] -- Installing: /home/sam/AST_Robot_Warehouse/install/messages_package/include/messages_package/srv/put_down_item.hpp
[11.362s] -- Up-to-date: /home/sam/AST_Robot_Warehouse/install/messages_package/include/messages_package/msg
[11.362s] -- Installing: /home/sam/AST_Robot_Warehouse/install/messages_package/include/messages_package/msg/robot_location.hpp
[11.363s] -- Installing: /home/sam/AST_Robot_Warehouse/install/messages_package/include/messages_package/msg/map.hpp
[11.363s] -- Installing: /home/sam/AST_Robot_Warehouse/install/messages_package/include/messages_package/msg/item.hpp
[11.363s] -- Installing: /home/sam/AST_Robot_Warehouse/install/messages_package/include/messages_package/msg/delivery.hpp
[11.363s] -- Installing: /home/sam/AST_Robot_Warehouse/install/messages_package/include/messages_package/msg/robot_distance.hpp
[11.363s] -- Installing: /home/sam/AST_Robot_Warehouse/install/messages_package/include/messages_package/msg/coordinates.hpp
[11.363s] -- Up-to-date: /home/sam/AST_Robot_Warehouse/install/messages_package/include/messages_package/msg/detail
[11.363s] -- Installing: /home/sam/AST_Robot_Warehouse/install/messages_package/include/messages_package/msg/detail/item__traits.hpp
[11.363s] -- Installing: /home/sam/AST_Robot_Warehouse/install/messages_package/include/messages_package/msg/detail/item__builder.hpp
[11.363s] -- Installing: /home/sam/AST_Robot_Warehouse/install/messages_package/include/messages_package/msg/detail/coordinates__builder.hpp
[11.363s] -- Installing: /home/sam/AST_Robot_Warehouse/install/messages_package/include/messages_package/msg/detail/row__traits.hpp
[11.364s] -- Installing: /home/sam/AST_Robot_Warehouse/install/messages_package/include/messages_package/msg/detail/delivery__struct.hpp
[11.364s] -- Installing: /home/sam/AST_Robot_Warehouse/install/messages_package/include/messages_package/msg/detail/robot_distance__struct.hpp
[11.364s] -- Installing: /home/sam/AST_Robot_Warehouse/install/messages_package/include/messages_package/msg/detail/row__builder.hpp
[11.364s] -- Installing: /home/sam/AST_Robot_Warehouse/install/messages_package/include/messages_package/msg/detail/map__traits.hpp
[11.364s] -- Installing: /home/sam/AST_Robot_Warehouse/install/messages_package/include/messages_package/msg/detail/robot_location__traits.hpp
[11.364s] -- Installing: /home/sam/AST_Robot_Warehouse/install/messages_package/include/messages_package/msg/detail/delivery__builder.hpp
[11.364s] -- Installing: /home/sam/AST_Robot_Warehouse/install/messages_package/include/messages_package/msg/detail/map__struct.hpp
[11.364s] -- Installing: /home/sam/AST_Robot_Warehouse/install/messages_package/include/messages_package/msg/detail/coordinates__struct.hpp
[11.364s] -- Installing: /home/sam/AST_Robot_Warehouse/install/messages_package/include/messages_package/msg/detail/row__struct.hpp
[11.364s] -- Installing: /home/sam/AST_Robot_Warehouse/install/messages_package/include/messages_package/msg/detail/coordinates__traits.hpp
[11.364s] -- Installing: /home/sam/AST_Robot_Warehouse/install/messages_package/include/messages_package/msg/detail/robot_location__struct.hpp
[11.364s] -- Installing: /home/sam/AST_Robot_Warehouse/install/messages_package/include/messages_package/msg/detail/robot_distance__traits.hpp
[11.364s] -- Installing: /home/sam/AST_Robot_Warehouse/install/messages_package/include/messages_package/msg/detail/item__struct.hpp
[11.365s] -- Installing: /home/sam/AST_Robot_Warehouse/install/messages_package/include/messages_package/msg/detail/delivery__traits.hpp
[11.365s] -- Installing: /home/sam/AST_Robot_Warehouse/install/messages_package/include/messages_package/msg/detail/robot_distance__builder.hpp
[11.365s] -- Installing: /home/sam/AST_Robot_Warehouse/install/messages_package/include/messages_package/msg/detail/map__builder.hpp
[11.365s] -- Installing: /home/sam/AST_Robot_Warehouse/install/messages_package/include/messages_package/msg/detail/robot_location__builder.hpp
[11.365s] -- Installing: /home/sam/AST_Robot_Warehouse/install/messages_package/include/messages_package/msg/row.hpp
[11.365s] -- Up-to-date: /home/sam/AST_Robot_Warehouse/install/messages_package/include/messages_package
[11.365s] -- Up-to-date: /home/sam/AST_Robot_Warehouse/install/messages_package/include/messages_package/action
[11.365s] -- Up-to-date: /home/sam/AST_Robot_Warehouse/install/messages_package/include/messages_package/action/detail
[11.366s] -- Installing: /home/sam/AST_Robot_Warehouse/install/messages_package/include/messages_package/action/detail/order__rosidl_typesupport_introspection_cpp.hpp
[11.366s] -- Installing: /home/sam/AST_Robot_Warehouse/install/messages_package/include/messages_package/action/detail/charge_robot__rosidl_typesupport_introspection_cpp.hpp
[11.366s] -- Installing: /home/sam/AST_Robot_Warehouse/install/messages_package/include/messages_package/action/detail/charge_robot__type_support.cpp
[11.366s] -- Installing: /home/sam/AST_Robot_Warehouse/install/messages_package/include/messages_package/action/detail/move_item__rosidl_typesupport_introspection_cpp.hpp
[11.366s] -- Installing: /home/sam/AST_Robot_Warehouse/install/messages_package/include/messages_package/action/detail/order__type_support.cpp
[11.366s] -- Installing: /home/sam/AST_Robot_Warehouse/install/messages_package/include/messages_package/action/detail/move_item__type_support.cpp
[11.367s] -- Up-to-date: /home/sam/AST_Robot_Warehouse/install/messages_package/include/messages_package/srv
[11.367s] -- Up-to-date: /home/sam/AST_Robot_Warehouse/install/messages_package/include/messages_package/srv/detail
[11.367s] -- Installing: /home/sam/AST_Robot_Warehouse/install/messages_package/include/messages_package/srv/detail/put_down_item__rosidl_typesupport_introspection_cpp.hpp
[11.367s] -- Installing: /home/sam/AST_Robot_Warehouse/install/messages_package/include/messages_package/srv/detail/delivery__type_support.cpp
[11.367s] -- Installing: /home/sam/AST_Robot_Warehouse/install/messages_package/include/messages_package/srv/detail/pick_up_item__rosidl_typesupport_introspection_cpp.hpp
[11.367s] -- Installing: /home/sam/AST_Robot_Warehouse/install/messages_package/include/messages_package/srv/detail/pick_up_item__type_support.cpp
[11.367s] -- Installing: /home/sam/AST_Robot_Warehouse/install/messages_package/include/messages_package/srv/detail/put_down_item__type_support.cpp
[11.367s] -- Installing: /home/sam/AST_Robot_Warehouse/install/messages_package/include/messages_package/srv/detail/delivery__rosidl_typesupport_introspection_cpp.hpp
[11.368s] -- Up-to-date: /home/sam/AST_Robot_Warehouse/install/messages_package/include/messages_package/msg
[11.368s] -- Up-to-date: /home/sam/AST_Robot_Warehouse/install/messages_package/include/messages_package/msg/detail
[11.368s] -- Installing: /home/sam/AST_Robot_Warehouse/install/messages_package/include/messages_package/msg/detail/coordinates__type_support.cpp
[11.368s] -- Installing: /home/sam/AST_Robot_Warehouse/install/messages_package/include/messages_package/msg/detail/row__rosidl_typesupport_introspection_cpp.hpp
[11.368s] -- Installing: /home/sam/AST_Robot_Warehouse/install/messages_package/include/messages_package/msg/detail/robot_distance__rosidl_typesupport_introspection_cpp.hpp
[11.368s] -- Installing: /home/sam/AST_Robot_Warehouse/install/messages_package/include/messages_package/msg/detail/robot_distance__type_support.cpp
[11.368s] -- Installing: /home/sam/AST_Robot_Warehouse/install/messages_package/include/messages_package/msg/detail/delivery__type_support.cpp
[11.368s] -- Installing: /home/sam/AST_Robot_Warehouse/install/messages_package/include/messages_package/msg/detail/map__type_support.cpp
[11.368s] -- Installing: /home/sam/AST_Robot_Warehouse/install/messages_package/include/messages_package/msg/detail/coordinates__rosidl_typesupport_introspection_cpp.hpp
[11.369s] -- Installing: /home/sam/AST_Robot_Warehouse/install/messages_package/include/messages_package/msg/detail/row__type_support.cpp
[11.369s] -- Installing: /home/sam/AST_Robot_Warehouse/install/messages_package/include/messages_package/msg/detail/item__rosidl_typesupport_introspection_cpp.hpp
[11.369s] -- Installing: /home/sam/AST_Robot_Warehouse/install/messages_package/include/messages_package/msg/detail/robot_location__rosidl_typesupport_introspection_cpp.hpp
[11.369s] -- Installing: /home/sam/AST_Robot_Warehouse/install/messages_package/include/messages_package/msg/detail/robot_location__type_support.cpp
[11.369s] -- Installing: /home/sam/AST_Robot_Warehouse/install/messages_package/include/messages_package/msg/detail/item__type_support.cpp
[11.369s] -- Installing: /home/sam/AST_Robot_Warehouse/install/messages_package/include/messages_package/msg/detail/delivery__rosidl_typesupport_introspection_cpp.hpp
[11.369s] -- Installing: /home/sam/AST_Robot_Warehouse/install/messages_package/include/messages_package/msg/detail/map__rosidl_typesupport_introspection_cpp.hpp
[11.369s] -- Installing: /home/sam/AST_Robot_Warehouse/install/messages_package/lib/libmessages_package__rosidl_typesupport_introspection_cpp.so
[11.370s] -- Set runtime path of "/home/sam/AST_Robot_Warehouse/install/messages_package/lib/libmessages_package__rosidl_typesupport_introspection_cpp.so" to ""
[11.370s] -- Installing: /home/sam/AST_Robot_Warehouse/install/messages_package/lib/libmessages_package__rosidl_typesupport_cpp.so
[11.370s] -- Set runtime path of "/home/sam/AST_Robot_Warehouse/install/messages_package/lib/libmessages_package__rosidl_typesupport_cpp.so" to ""
[11.370s] -- Up-to-date: /home/sam/AST_Robot_Warehouse/install/messages_package/share/messages_package/environment/pythonpath.sh
[11.370s] -- Installing: /home/sam/AST_Robot_Warehouse/install/messages_package/share/messages_package/environment/pythonpath.dsv
[11.370s] -- Installing: /home/sam/AST_Robot_Warehouse/install/messages_package/lib/python3.8/site-packages/messages_package/__init__.py
[11.397s] Compiling '/home/sam/AST_Robot_Warehouse/install/messages_package/lib/python3.8/site-packages/messages_package/__init__.py'...
[11.401s] -- Up-to-date: /home/sam/AST_Robot_Warehouse/install/messages_package/lib/python3.8/site-packages/messages_package/msg
[11.401s] -- Installing: /home/sam/AST_Robot_Warehouse/install/messages_package/lib/python3.8/site-packages/messages_package/msg/__init__.py
[11.401s] -- Installing: /home/sam/AST_Robot_Warehouse/install/messages_package/lib/python3.8/site-packages/messages_package/msg/_robot_location_s.c
[11.401s] -- Installing: /home/sam/AST_Robot_Warehouse/install/messages_package/lib/python3.8/site-packages/messages_package/msg/_row.py
[11.401s] -- Installing: /home/sam/AST_Robot_Warehouse/install/messages_package/lib/python3.8/site-packages/messages_package/msg/_coordinates.py
[11.401s] -- Installing: /home/sam/AST_Robot_Warehouse/install/messages_package/lib/python3.8/site-packages/messages_package/msg/_coordinates_s.c
[11.401s] -- Installing: /home/sam/AST_Robot_Warehouse/install/messages_package/lib/python3.8/site-packages/messages_package/msg/_row_s.c
[11.401s] -- Installing: /home/sam/AST_Robot_Warehouse/install/messages_package/lib/python3.8/site-packages/messages_package/msg/_robot_distance_s.c
[11.401s] -- Installing: /home/sam/AST_Robot_Warehouse/install/messages_package/lib/python3.8/site-packages/messages_package/msg/_item.py
[11.402s] -- Installing: /home/sam/AST_Robot_Warehouse/install/messages_package/lib/python3.8/site-packages/messages_package/msg/_robot_distance.py
[11.402s] -- Installing: /home/sam/AST_Robot_Warehouse/install/messages_package/lib/python3.8/site-packages/messages_package/msg/_delivery.py
[11.402s] -- Installing: /home/sam/AST_Robot_Warehouse/install/messages_package/lib/python3.8/site-packages/messages_package/msg/_robot_location.py
[11.402s] -- Installing: /home/sam/AST_Robot_Warehouse/install/messages_package/lib/python3.8/site-packages/messages_package/msg/_item_s.c
[11.402s] -- Installing: /home/sam/AST_Robot_Warehouse/install/messages_package/lib/python3.8/site-packages/messages_package/msg/_map_s.c
[11.402s] -- Installing: /home/sam/AST_Robot_Warehouse/install/messages_package/lib/python3.8/site-packages/messages_package/msg/_delivery_s.c
[11.402s] -- Installing: /home/sam/AST_Robot_Warehouse/install/messages_package/lib/python3.8/site-packages/messages_package/msg/_map.py
[11.402s] -- Up-to-date: /home/sam/AST_Robot_Warehouse/install/messages_package/lib/python3.8/site-packages/messages_package/srv
[11.403s] -- Installing: /home/sam/AST_Robot_Warehouse/install/messages_package/lib/python3.8/site-packages/messages_package/srv/__init__.py
[11.403s] -- Installing: /home/sam/AST_Robot_Warehouse/install/messages_package/lib/python3.8/site-packages/messages_package/srv/_put_down_item_s.c
[11.403s] -- Installing: /home/sam/AST_Robot_Warehouse/install/messages_package/lib/python3.8/site-packages/messages_package/srv/_delivery.py
[11.403s] -- Installing: /home/sam/AST_Robot_Warehouse/install/messages_package/lib/python3.8/site-packages/messages_package/srv/_put_down_item.py
[11.403s] -- Installing: /home/sam/AST_Robot_Warehouse/install/messages_package/lib/python3.8/site-packages/messages_package/srv/_pick_up_item.py
[11.403s] -- Installing: /home/sam/AST_Robot_Warehouse/install/messages_package/lib/python3.8/site-packages/messages_package/srv/_pick_up_item_s.c
[11.403s] -- Installing: /home/sam/AST_Robot_Warehouse/install/messages_package/lib/python3.8/site-packages/messages_package/srv/_delivery_s.c
[11.404s] -- Up-to-date: /home/sam/AST_Robot_Warehouse/install/messages_package/lib/python3.8/site-packages/messages_package/action
[11.404s] -- Installing: /home/sam/AST_Robot_Warehouse/install/messages_package/lib/python3.8/site-packages/messages_package/action/__init__.py
[11.404s] -- Installing: /home/sam/AST_Robot_Warehouse/install/messages_package/lib/python3.8/site-packages/messages_package/action/_order_s.c
[11.404s] -- Installing: /home/sam/AST_Robot_Warehouse/install/messages_package/lib/python3.8/site-packages/messages_package/action/_charge_robot_s.c
[11.404s] -- Installing: /home/sam/AST_Robot_Warehouse/install/messages_package/lib/python3.8/site-packages/messages_package/action/_move_item.py
[11.404s] -- Installing: /home/sam/AST_Robot_Warehouse/install/messages_package/lib/python3.8/site-packages/messages_package/action/_move_item_s.c
[11.405s] -- Installing: /home/sam/AST_Robot_Warehouse/install/messages_package/lib/python3.8/site-packages/messages_package/action/_order.py
[11.405s] -- Installing: /home/sam/AST_Robot_Warehouse/install/messages_package/lib/python3.8/site-packages/messages_package/action/_charge_robot.py
[11.406s] -- Installing: /home/sam/AST_Robot_Warehouse/install/messages_package/lib/python3.8/site-packages/messages_package/messages_package_s__rosidl_typesupport_fastrtps_c.cpython-38-x86_64-linux-gnu.so
[11.406s] -- Set runtime path of "/home/sam/AST_Robot_Warehouse/install/messages_package/lib/python3.8/site-packages/messages_package/messages_package_s__rosidl_typesupport_fastrtps_c.cpython-38-x86_64-linux-gnu.so" to ""
[11.407s] -- Installing: /home/sam/AST_Robot_Warehouse/install/messages_package/lib/python3.8/site-packages/messages_package/messages_package_s__rosidl_typesupport_introspection_c.cpython-38-x86_64-linux-gnu.so
[11.408s] -- Set runtime path of "/home/sam/AST_Robot_Warehouse/install/messages_package/lib/python3.8/site-packages/messages_package/messages_package_s__rosidl_typesupport_introspection_c.cpython-38-x86_64-linux-gnu.so" to ""
[11.408s] -- Installing: /home/sam/AST_Robot_Warehouse/install/messages_package/lib/python3.8/site-packages/messages_package/messages_package_s__rosidl_typesupport_c.cpython-38-x86_64-linux-gnu.so
[11.409s] -- Set runtime path of "/home/sam/AST_Robot_Warehouse/install/messages_package/lib/python3.8/site-packages/messages_package/messages_package_s__rosidl_typesupport_c.cpython-38-x86_64-linux-gnu.so" to ""
[11.409s] -- Installing: /home/sam/AST_Robot_Warehouse/install/messages_package/lib/libmessages_package__python.so
[11.410s] -- Set runtime path of "/home/sam/AST_Robot_Warehouse/install/messages_package/lib/libmessages_package__python.so" to ""
[11.410s] -- Up-to-date: /home/sam/AST_Robot_Warehouse/install/messages_package/share/messages_package/msg/Coordinates.idl
[11.410s] -- Up-to-date: /home/sam/AST_Robot_Warehouse/install/messages_package/share/messages_package/msg/Delivery.idl
[11.410s] -- Up-to-date: /home/sam/AST_Robot_Warehouse/install/messages_package/share/messages_package/msg/Item.idl
[11.410s] -- Up-to-date: /home/sam/AST_Robot_Warehouse/install/messages_package/share/messages_package/msg/RobotDistance.idl
[11.410s] -- Up-to-date: /home/sam/AST_Robot_Warehouse/install/messages_package/share/messages_package/msg/RobotLocation.idl
[11.410s] -- Installing: /home/sam/AST_Robot_Warehouse/install/messages_package/share/messages_package/msg/Map.idl
[11.410s] -- Installing: /home/sam/AST_Robot_Warehouse/install/messages_package/share/messages_package/msg/Row.idl
[11.410s] -- Up-to-date: /home/sam/AST_Robot_Warehouse/install/messages_package/share/messages_package/srv/Delivery.idl
[11.411s] -- Up-to-date: /home/sam/AST_Robot_Warehouse/install/messages_package/share/messages_package/srv/PickUpItem.idl
[11.411s] -- Up-to-date: /home/sam/AST_Robot_Warehouse/install/messages_package/share/messages_package/srv/PutDownItem.idl
[11.411s] -- Up-to-date: /home/sam/AST_Robot_Warehouse/install/messages_package/share/messages_package/action/ChargeRobot.idl
[11.411s] -- Up-to-date: /home/sam/AST_Robot_Warehouse/install/messages_package/share/messages_package/action/MoveItem.idl
[11.411s] -- Up-to-date: /home/sam/AST_Robot_Warehouse/install/messages_package/share/messages_package/action/Order.idl
[11.411s] -- Up-to-date: /home/sam/AST_Robot_Warehouse/install/messages_package/share/messages_package/msg/Coordinates.msg
[11.411s] -- Up-to-date: /home/sam/AST_Robot_Warehouse/install/messages_package/share/messages_package/msg/Delivery.msg
[11.411s] -- Up-to-date: /home/sam/AST_Robot_Warehouse/install/messages_package/share/messages_package/msg/Item.msg
[11.411s] -- Up-to-date: /home/sam/AST_Robot_Warehouse/install/messages_package/share/messages_package/msg/RobotDistance.msg
[11.411s] -- Up-to-date: /home/sam/AST_Robot_Warehouse/install/messages_package/share/messages_package/msg/RobotLocation.msg
[11.411s] -- Installing: /home/sam/AST_Robot_Warehouse/install/messages_package/share/messages_package/msg/Map.msg
[11.412s] -- Installing: /home/sam/AST_Robot_Warehouse/install/messages_package/share/messages_package/msg/Row.msg
[11.412s] -- Up-to-date: /home/sam/AST_Robot_Warehouse/install/messages_package/share/messages_package/srv/Delivery.srv
[11.412s] -- Up-to-date: /home/sam/AST_Robot_Warehouse/install/messages_package/share/messages_package/srv/Delivery_Request.msg
[11.412s] -- Up-to-date: /home/sam/AST_Robot_Warehouse/install/messages_package/share/messages_package/srv/Delivery_Response.msg
[11.412s] -- Up-to-date: /home/sam/AST_Robot_Warehouse/install/messages_package/share/messages_package/srv/PickUpItem.srv
[11.412s] -- Up-to-date: /home/sam/AST_Robot_Warehouse/install/messages_package/share/messages_package/srv/PickUpItem_Request.msg
[11.412s] -- Up-to-date: /home/sam/AST_Robot_Warehouse/install/messages_package/share/messages_package/srv/PickUpItem_Response.msg
[11.412s] -- Up-to-date: /home/sam/AST_Robot_Warehouse/install/messages_package/share/messages_package/srv/PutDownItem.srv
[11.412s] -- Up-to-date: /home/sam/AST_Robot_Warehouse/install/messages_package/share/messages_package/srv/PutDownItem_Request.msg
[11.412s] -- Up-to-date: /home/sam/AST_Robot_Warehouse/install/messages_package/share/messages_package/srv/PutDownItem_Response.msg
[11.413s] -- Up-to-date: /home/sam/AST_Robot_Warehouse/install/messages_package/share/messages_package/action/ChargeRobot.action
[11.413s] -- Up-to-date: /home/sam/AST_Robot_Warehouse/install/messages_package/share/messages_package/action/MoveItem.action
[11.413s] -- Up-to-date: /home/sam/AST_Robot_Warehouse/install/messages_package/share/messages_package/action/Order.action
[11.413s] -- Up-to-date: /home/sam/AST_Robot_Warehouse/install/messages_package/share/ament_index/resource_index/package_run_dependencies/messages_package
[11.413s] -- Up-to-date: /home/sam/AST_Robot_Warehouse/install/messages_package/share/ament_index/resource_index/parent_prefix_path/messages_package
[11.413s] -- Up-to-date: /home/sam/AST_Robot_Warehouse/install/messages_package/share/messages_package/environment/ament_prefix_path.sh
[11.413s] -- Installing: /home/sam/AST_Robot_Warehouse/install/messages_package/share/messages_package/environment/ament_prefix_path.dsv
[11.413s] -- Up-to-date: /home/sam/AST_Robot_Warehouse/install/messages_package/share/messages_package/environment/path.sh
[11.413s] -- Installing: /home/sam/AST_Robot_Warehouse/install/messages_package/share/messages_package/environment/path.dsv
[11.413s] -- Up-to-date: /home/sam/AST_Robot_Warehouse/install/messages_package/share/messages_package/local_setup.bash
[11.413s] -- Up-to-date: /home/sam/AST_Robot_Warehouse/install/messages_package/share/messages_package/local_setup.sh
[11.413s] -- Up-to-date: /home/sam/AST_Robot_Warehouse/install/messages_package/share/messages_package/local_setup.zsh
[11.413s] -- Installing: /home/sam/AST_Robot_Warehouse/install/messages_package/share/messages_package/local_setup.dsv
[11.414s] -- Installing: /home/sam/AST_Robot_Warehouse/install/messages_package/share/messages_package/package.dsv
[11.414s] -- Up-to-date: /home/sam/AST_Robot_Warehouse/install/messages_package/share/ament_index/resource_index/packages/messages_package
[11.414s] -- Up-to-date: /home/sam/AST_Robot_Warehouse/install/messages_package/share/messages_package/cmake/messages_package__rosidl_generator_cExport.cmake
[11.414s] -- Installing: /home/sam/AST_Robot_Warehouse/install/messages_package/share/messages_package/cmake/messages_package__rosidl_generator_cExport-noconfig.cmake
[11.414s] -- Up-to-date: /home/sam/AST_Robot_Warehouse/install/messages_package/share/messages_package/cmake/messages_package__rosidl_typesupport_introspection_cExport.cmake
[11.414s] -- Installing: /home/sam/AST_Robot_Warehouse/install/messages_package/share/messages_package/cmake/messages_package__rosidl_typesupport_introspection_cExport-noconfig.cmake
[11.414s] -- Up-to-date: /home/sam/AST_Robot_Warehouse/install/messages_package/share/messages_package/cmake/messages_package__rosidl_typesupport_cExport.cmake
[11.414s] -- Installing: /home/sam/AST_Robot_Warehouse/install/messages_package/share/messages_package/cmake/messages_package__rosidl_typesupport_cExport-noconfig.cmake
[11.414s] -- Up-to-date: /home/sam/AST_Robot_Warehouse/install/messages_package/share/messages_package/cmake/messages_package__rosidl_generator_cppExport.cmake
[11.414s] -- Up-to-date: /home/sam/AST_Robot_Warehouse/install/messages_package/share/messages_package/cmake/messages_package__rosidl_typesupport_introspection_cppExport.cmake
[11.414s] -- Installing: /home/sam/AST_Robot_Warehouse/install/messages_package/share/messages_package/cmake/messages_package__rosidl_typesupport_introspection_cppExport-noconfig.cmake
[11.415s] -- Up-to-date: /home/sam/AST_Robot_Warehouse/install/messages_package/share/messages_package/cmake/messages_package__rosidl_typesupport_cppExport.cmake
[11.415s] -- Installing: /home/sam/AST_Robot_Warehouse/install/messages_package/share/messages_package/cmake/messages_package__rosidl_typesupport_cppExport-noconfig.cmake
[11.415s] -- Installing: /home/sam/AST_Robot_Warehouse/install/messages_package/share/messages_package/cmake/rosidl_cmake-extras.cmake
[11.415s] -- Up-to-date: /home/sam/AST_Robot_Warehouse/install/messages_package/share/messages_package/cmake/ament_cmake_export_dependencies-extras.cmake
[11.415s] -- Up-to-date: /home/sam/AST_Robot_Warehouse/install/messages_package/share/messages_package/cmake/ament_cmake_export_libraries-extras.cmake
[11.415s] -- Up-to-date: /home/sam/AST_Robot_Warehouse/install/messages_package/share/messages_package/cmake/ament_cmake_export_targets-extras.cmake
[11.415s] -- Up-to-date: /home/sam/AST_Robot_Warehouse/install/messages_package/share/messages_package/cmake/ament_cmake_export_include_directories-extras.cmake
[11.416s] -- Up-to-date: /home/sam/AST_Robot_Warehouse/install/messages_package/share/messages_package/cmake/rosidl_cmake_export_typesupport_libraries-extras.cmake
[11.416s] -- Up-to-date: /home/sam/AST_Robot_Warehouse/install/messages_package/share/messages_package/cmake/rosidl_cmake_export_typesupport_targets-extras.cmake
[11.416s] -- Up-to-date: /home/sam/AST_Robot_Warehouse/install/messages_package/share/messages_package/cmake/messages_packageConfig.cmake
[11.416s] -- Up-to-date: /home/sam/AST_Robot_Warehouse/install/messages_package/share/messages_package/cmake/messages_packageConfig-version.cmake
[11.416s] -- Up-to-date: /home/sam/AST_Robot_Warehouse/install/messages_package/share/messages_package/package.xml
[11.419s] Invoked command in '/home/sam/AST_Robot_Warehouse/build/messages_package' returned '0': CMAKE_PREFIX_PATH=${CMAKE_PREFIX_PATH}:/home/sam/AST_Robot_Warehouse/install/warehouse_robot_package:/home/sam/AST_Robot_Warehouse/install/py_pubsub:/opt/ros/foxy /usr/bin/cmake --install /home/sam/AST_Robot_Warehouse/build/messages_package
