[0.444s] Invoking command in '/home/sam/AST_Robot_Warehouse/src/py_srvcli': PYTHONPATH=/home/sam/AST_Robot_Warehouse/install/py_srvcli/lib/python3.8/site-packages:${PYTHONPATH} /usr/bin/python3 setup.py egg_info --egg-base ../../build/py_srvcli build --build-base /home/sam/AST_Robot_Warehouse/build/py_srvcli/build install --prefix /home/sam/AST_Robot_Warehouse/install/py_srvcli --record /home/sam/AST_Robot_Warehouse/build/py_srvcli/install.log --single-version-externally-managed
[0.641s] running egg_info
[0.641s] creating ../../build/py_srvcli/py_srvcli.egg-info
[0.641s] writing ../../build/py_srvcli/py_srvcli.egg-info/PKG-INFO
[0.641s] writing dependency_links to ../../build/py_srvcli/py_srvcli.egg-info/dependency_links.txt
[0.641s] writing entry points to ../../build/py_srvcli/py_srvcli.egg-info/entry_points.txt
[0.641s] writing requirements to ../../build/py_srvcli/py_srvcli.egg-info/requires.txt
[0.641s] writing top-level names to ../../build/py_srvcli/py_srvcli.egg-info/top_level.txt
[0.642s] writing manifest file '../../build/py_srvcli/py_srvcli.egg-info/SOURCES.txt'
[0.678s] reading manifest file '../../build/py_srvcli/py_srvcli.egg-info/SOURCES.txt'
[0.679s] writing manifest file '../../build/py_srvcli/py_srvcli.egg-info/SOURCES.txt'
[0.679s] running build
[0.680s] running build_py
[0.680s] creating /home/sam/AST_Robot_Warehouse/build/py_srvcli/build
[0.680s] creating /home/sam/AST_Robot_Warehouse/build/py_srvcli/build/lib
[0.680s] creating /home/sam/AST_Robot_Warehouse/build/py_srvcli/build/lib/py_srvcli
[0.681s] copying py_srvcli/__init__.py -> /home/sam/AST_Robot_Warehouse/build/py_srvcli/build/lib/py_srvcli
[0.681s] copying py_srvcli/client_member_function.py -> /home/sam/AST_Robot_Warehouse/build/py_srvcli/build/lib/py_srvcli
[0.682s] copying py_srvcli/service_member_function.py -> /home/sam/AST_Robot_Warehouse/build/py_srvcli/build/lib/py_srvcli
[0.682s] running install
[0.683s] running install_lib
[0.683s] creating /home/sam/AST_Robot_Warehouse/install/py_srvcli/lib/python3.8/site-packages/py_srvcli
[0.683s] copying /home/sam/AST_Robot_Warehouse/build/py_srvcli/build/lib/py_srvcli/__init__.py -> /home/sam/AST_Robot_Warehouse/install/py_srvcli/lib/python3.8/site-packages/py_srvcli
[0.683s] copying /home/sam/AST_Robot_Warehouse/build/py_srvcli/build/lib/py_srvcli/client_member_function.py -> /home/sam/AST_Robot_Warehouse/install/py_srvcli/lib/python3.8/site-packages/py_srvcli
[0.684s] copying /home/sam/AST_Robot_Warehouse/build/py_srvcli/build/lib/py_srvcli/service_member_function.py -> /home/sam/AST_Robot_Warehouse/install/py_srvcli/lib/python3.8/site-packages/py_srvcli
[0.684s] byte-compiling /home/sam/AST_Robot_Warehouse/install/py_srvcli/lib/python3.8/site-packages/py_srvcli/__init__.py to __init__.cpython-38.pyc
[0.685s] byte-compiling /home/sam/AST_Robot_Warehouse/install/py_srvcli/lib/python3.8/site-packages/py_srvcli/client_member_function.py to client_member_function.cpython-38.pyc
[0.687s] byte-compiling /home/sam/AST_Robot_Warehouse/install/py_srvcli/lib/python3.8/site-packages/py_srvcli/service_member_function.py to service_member_function.cpython-38.pyc
[0.689s] running install_data
[0.690s] creating /home/sam/AST_Robot_Warehouse/install/py_srvcli/share/ament_index
[0.690s] creating /home/sam/AST_Robot_Warehouse/install/py_srvcli/share/ament_index/resource_index
[0.690s] creating /home/sam/AST_Robot_Warehouse/install/py_srvcli/share/ament_index/resource_index/packages
[0.691s] copying resource/py_srvcli -> /home/sam/AST_Robot_Warehouse/install/py_srvcli/share/ament_index/resource_index/packages
[0.691s] copying package.xml -> /home/sam/AST_Robot_Warehouse/install/py_srvcli/share/py_srvcli
[0.692s] running install_egg_info
[0.693s] Copying ../../build/py_srvcli/py_srvcli.egg-info to /home/sam/AST_Robot_Warehouse/install/py_srvcli/lib/python3.8/site-packages/py_srvcli-0.0.0-py3.8.egg-info
[0.693s] running install_scripts
[0.705s] writing list of installed files to '/home/sam/AST_Robot_Warehouse/build/py_srvcli/install.log'
[0.732s] Invoked command in '/home/sam/AST_Robot_Warehouse/src/py_srvcli' returned '0': PYTHONPATH=/home/sam/AST_Robot_Warehouse/install/py_srvcli/lib/python3.8/site-packages:${PYTHONPATH} /usr/bin/python3 setup.py egg_info --egg-base ../../build/py_srvcli build --build-base /home/sam/AST_Robot_Warehouse/build/py_srvcli/build install --prefix /home/sam/AST_Robot_Warehouse/install/py_srvcli --record /home/sam/AST_Robot_Warehouse/build/py_srvcli/install.log --single-version-externally-managed
