[0.271s] DEBUG:colcon:Command line arguments: ['/usr/bin/colcon', 'build']
[0.271s] DEBUG:colcon:Parsed command line arguments: Namespace(ament_cmake_args=None, base_paths=['.'], build_base='build', catkin_cmake_args=None, catkin_skip_building_tests=False, cmake_args=None, cmake_clean_cache=False, cmake_clean_first=False, cmake_force_configure=False, cmake_target=None, cmake_target_skip_unavailable=False, continue_on_error=False, event_handlers=None, executor='parallel', ignore_user_meta=False, install_base='install', log_base=None, log_level=None, main=<bound method BuildVerb.main of <colcon_core.verb.build.BuildVerb object at 0x7fa97cea1430>>, merge_install=False, metas=['./colcon.meta'], packages_above=None, packages_above_and_dependencies=None, packages_above_depth=None, packages_end=None, packages_ignore=None, packages_ignore_regex=None, packages_select=None, packages_select_build_failed=False, packages_select_by_dep=None, packages_select_regex=None, packages_select_test_failures=False, packages_skip=None, packages_skip_build_finished=False, packages_skip_by_dep=None, packages_skip_regex=None, packages_skip_test_passed=False, packages_skip_up_to=None, packages_start=None, packages_up_to=None, packages_up_to_regex=None, parallel_workers=12, paths=None, symlink_install=False, test_result_base=None, verb_extension=<colcon_core.verb.build.BuildVerb object at 0x7fa97cea1430>, verb_name='build', verb_parser=<colcon_defaults.argument_parser.defaults.DefaultArgumentsDecorator object at 0x7fa97cea1970>)
[0.276s] Level 1:colcon.colcon_core.package_discovery:discover_packages(colcon_meta) check parameters
[0.276s] Level 1:colcon.colcon_core.package_discovery:discover_packages(recursive) check parameters
[0.276s] Level 1:colcon.colcon_core.package_discovery:discover_packages(ignore) check parameters
[0.276s] Level 1:colcon.colcon_core.package_discovery:discover_packages(path) check parameters
[0.276s] Level 1:colcon.colcon_core.package_discovery:discover_packages(colcon_meta) discover
[0.276s] Level 1:colcon.colcon_core.package_discovery:discover_packages(recursive) discover
[0.276s] INFO:colcon.colcon_core.package_discovery:Crawling recursively for packages in '/home/sam/AST'
[0.276s] Level 1:colcon.colcon_core.package_identification:_identify(.) by extensions ['ignore', 'ignore_ament_install']
[0.276s] Level 1:colcon.colcon_core.package_identification:_identify(.) by extension 'ignore'
[0.276s] Level 1:colcon.colcon_core.package_identification:_identify(.) by extension 'ignore_ament_install'
[0.276s] Level 1:colcon.colcon_core.package_identification:_identify(.) by extensions ['colcon_pkg']
[0.276s] Level 1:colcon.colcon_core.package_identification:_identify(.) by extension 'colcon_pkg'
[0.277s] Level 1:colcon.colcon_core.package_identification:_identify(.) by extensions ['colcon_meta']
[0.277s] Level 1:colcon.colcon_core.package_identification:_identify(.) by extension 'colcon_meta'
[0.277s] Level 1:colcon.colcon_core.package_identification:_identify(.) by extensions ['ros']
[0.277s] Level 1:colcon.colcon_core.package_identification:_identify(.) by extension 'ros'
[0.286s] Level 1:colcon.colcon_core.package_identification:_identify(.) by extensions ['cmake', 'python']
[0.286s] Level 1:colcon.colcon_core.package_identification:_identify(.) by extension 'cmake'
[0.286s] Level 1:colcon.colcon_core.package_identification:_identify(.) by extension 'python'
[0.287s] Level 1:colcon.colcon_core.package_identification:_identify(.) by extensions ['python_setup_py']
[0.287s] Level 1:colcon.colcon_core.package_identification:_identify(.) by extension 'python_setup_py'
[0.287s] Level 1:colcon.colcon_core.package_identification:_identify(build) by extensions ['ignore', 'ignore_ament_install']
[0.287s] Level 1:colcon.colcon_core.package_identification:_identify(build) by extension 'ignore'
[0.287s] Level 1:colcon.colcon_core.package_identification:_identify(build) ignored
[0.287s] Level 1:colcon.colcon_core.package_identification:_identify(install) by extensions ['ignore', 'ignore_ament_install']
[0.287s] Level 1:colcon.colcon_core.package_identification:_identify(install) by extension 'ignore'
[0.287s] Level 1:colcon.colcon_core.package_identification:_identify(install) ignored
[0.287s] Level 1:colcon.colcon_core.package_identification:_identify(log) by extensions ['ignore', 'ignore_ament_install']
[0.287s] Level 1:colcon.colcon_core.package_identification:_identify(log) by extension 'ignore'
[0.287s] Level 1:colcon.colcon_core.package_identification:_identify(log) ignored
[0.287s] Level 1:colcon.colcon_core.package_identification:_identify(src) by extensions ['ignore', 'ignore_ament_install']
[0.287s] Level 1:colcon.colcon_core.package_identification:_identify(src) by extension 'ignore'
[0.287s] Level 1:colcon.colcon_core.package_identification:_identify(src) by extension 'ignore_ament_install'
[0.288s] Level 1:colcon.colcon_core.package_identification:_identify(src) by extensions ['colcon_pkg']
[0.288s] Level 1:colcon.colcon_core.package_identification:_identify(src) by extension 'colcon_pkg'
[0.288s] Level 1:colcon.colcon_core.package_identification:_identify(src) by extensions ['colcon_meta']
[0.288s] Level 1:colcon.colcon_core.package_identification:_identify(src) by extension 'colcon_meta'
[0.288s] Level 1:colcon.colcon_core.package_identification:_identify(src) by extensions ['ros']
[0.288s] Level 1:colcon.colcon_core.package_identification:_identify(src) by extension 'ros'
[0.288s] Level 1:colcon.colcon_core.package_identification:_identify(src) by extensions ['cmake', 'python']
[0.288s] Level 1:colcon.colcon_core.package_identification:_identify(src) by extension 'cmake'
[0.288s] Level 1:colcon.colcon_core.package_identification:_identify(src) by extension 'python'
[0.288s] Level 1:colcon.colcon_core.package_identification:_identify(src) by extensions ['python_setup_py']
[0.288s] Level 1:colcon.colcon_core.package_identification:_identify(src) by extension 'python_setup_py'
[0.288s] Level 1:colcon.colcon_core.package_identification:_identify(src/build) by extensions ['ignore', 'ignore_ament_install']
[0.288s] Level 1:colcon.colcon_core.package_identification:_identify(src/build) by extension 'ignore'
[0.288s] Level 1:colcon.colcon_core.package_identification:_identify(src/build) ignored
[0.288s] Level 1:colcon.colcon_core.package_identification:_identify(src/install) by extensions ['ignore', 'ignore_ament_install']
[0.288s] Level 1:colcon.colcon_core.package_identification:_identify(src/install) by extension 'ignore'
[0.288s] Level 1:colcon.colcon_core.package_identification:_identify(src/install) ignored
[0.288s] Level 1:colcon.colcon_core.package_identification:_identify(src/log) by extensions ['ignore', 'ignore_ament_install']
[0.289s] Level 1:colcon.colcon_core.package_identification:_identify(src/log) by extension 'ignore'
[0.289s] Level 1:colcon.colcon_core.package_identification:_identify(src/log) ignored
[0.289s] Level 1:colcon.colcon_core.package_identification:_identify(src/messages_package) by extensions ['ignore', 'ignore_ament_install']
[0.289s] Level 1:colcon.colcon_core.package_identification:_identify(src/messages_package) by extension 'ignore'
[0.289s] Level 1:colcon.colcon_core.package_identification:_identify(src/messages_package) by extension 'ignore_ament_install'
[0.289s] Level 1:colcon.colcon_core.package_identification:_identify(src/messages_package) by extensions ['colcon_pkg']
[0.289s] Level 1:colcon.colcon_core.package_identification:_identify(src/messages_package) by extension 'colcon_pkg'
[0.289s] Level 1:colcon.colcon_core.package_identification:_identify(src/messages_package) by extensions ['colcon_meta']
[0.289s] Level 1:colcon.colcon_core.package_identification:_identify(src/messages_package) by extension 'colcon_meta'
[0.289s] Level 1:colcon.colcon_core.package_identification:_identify(src/messages_package) by extensions ['ros']
[0.289s] Level 1:colcon.colcon_core.package_identification:_identify(src/messages_package) by extension 'ros'
[0.291s] DEBUG:colcon.colcon_core.package_identification:Package 'src/messages_package' with type 'ros.ament_cmake' and name 'messages_package'
[0.291s] Level 1:colcon.colcon_core.package_identification:_identify(src/py_pubsub) by extensions ['ignore', 'ignore_ament_install']
[0.291s] Level 1:colcon.colcon_core.package_identification:_identify(src/py_pubsub) by extension 'ignore'
[0.291s] Level 1:colcon.colcon_core.package_identification:_identify(src/py_pubsub) by extension 'ignore_ament_install'
[0.291s] Level 1:colcon.colcon_core.package_identification:_identify(src/py_pubsub) by extensions ['colcon_pkg']
[0.291s] Level 1:colcon.colcon_core.package_identification:_identify(src/py_pubsub) by extension 'colcon_pkg'
[0.291s] Level 1:colcon.colcon_core.package_identification:_identify(src/py_pubsub) by extensions ['colcon_meta']
[0.291s] Level 1:colcon.colcon_core.package_identification:_identify(src/py_pubsub) by extension 'colcon_meta'
[0.291s] Level 1:colcon.colcon_core.package_identification:_identify(src/py_pubsub) by extensions ['ros']
[0.291s] Level 1:colcon.colcon_core.package_identification:_identify(src/py_pubsub) by extension 'ros'
[0.292s] DEBUG:colcon.colcon_core.package_identification:Package 'src/py_pubsub' with type 'ros.ament_python' and name 'py_pubsub'
[0.292s] Level 1:colcon.colcon_core.package_identification:_identify(src/ros_tutorials) by extensions ['ignore', 'ignore_ament_install']
[0.292s] Level 1:colcon.colcon_core.package_identification:_identify(src/ros_tutorials) by extension 'ignore'
[0.292s] Level 1:colcon.colcon_core.package_identification:_identify(src/ros_tutorials) by extension 'ignore_ament_install'
[0.292s] Level 1:colcon.colcon_core.package_identification:_identify(src/ros_tutorials) by extensions ['colcon_pkg']
[0.292s] Level 1:colcon.colcon_core.package_identification:_identify(src/ros_tutorials) by extension 'colcon_pkg'
[0.292s] Level 1:colcon.colcon_core.package_identification:_identify(src/ros_tutorials) by extensions ['colcon_meta']
[0.292s] Level 1:colcon.colcon_core.package_identification:_identify(src/ros_tutorials) by extension 'colcon_meta'
[0.292s] Level 1:colcon.colcon_core.package_identification:_identify(src/ros_tutorials) by extensions ['ros']
[0.292s] Level 1:colcon.colcon_core.package_identification:_identify(src/ros_tutorials) by extension 'ros'
[0.292s] Level 1:colcon.colcon_core.package_identification:_identify(src/ros_tutorials) by extensions ['cmake', 'python']
[0.292s] Level 1:colcon.colcon_core.package_identification:_identify(src/ros_tutorials) by extension 'cmake'
[0.292s] Level 1:colcon.colcon_core.package_identification:_identify(src/ros_tutorials) by extension 'python'
[0.292s] Level 1:colcon.colcon_core.package_identification:_identify(src/ros_tutorials) by extensions ['python_setup_py']
[0.292s] Level 1:colcon.colcon_core.package_identification:_identify(src/ros_tutorials) by extension 'python_setup_py'
[0.293s] Level 1:colcon.colcon_core.package_identification:_identify(src/ros_tutorials/ros_tutorials) by extensions ['ignore', 'ignore_ament_install']
[0.293s] Level 1:colcon.colcon_core.package_identification:_identify(src/ros_tutorials/ros_tutorials) by extension 'ignore'
[0.293s] Level 1:colcon.colcon_core.package_identification:_identify(src/ros_tutorials/ros_tutorials) ignored
[0.293s] Level 1:colcon.colcon_core.package_identification:_identify(src/ros_tutorials/roscpp_tutorials) by extensions ['ignore', 'ignore_ament_install']
[0.293s] Level 1:colcon.colcon_core.package_identification:_identify(src/ros_tutorials/roscpp_tutorials) by extension 'ignore'
[0.293s] Level 1:colcon.colcon_core.package_identification:_identify(src/ros_tutorials/roscpp_tutorials) ignored
[0.293s] Level 1:colcon.colcon_core.package_identification:_identify(src/ros_tutorials/rospy_tutorials) by extensions ['ignore', 'ignore_ament_install']
[0.293s] Level 1:colcon.colcon_core.package_identification:_identify(src/ros_tutorials/rospy_tutorials) by extension 'ignore'
[0.293s] Level 1:colcon.colcon_core.package_identification:_identify(src/ros_tutorials/rospy_tutorials) ignored
[0.293s] Level 1:colcon.colcon_core.package_identification:_identify(src/ros_tutorials/turtlesim) by extensions ['ignore', 'ignore_ament_install']
[0.293s] Level 1:colcon.colcon_core.package_identification:_identify(src/ros_tutorials/turtlesim) by extension 'ignore'
[0.293s] Level 1:colcon.colcon_core.package_identification:_identify(src/ros_tutorials/turtlesim) by extension 'ignore_ament_install'
[0.293s] Level 1:colcon.colcon_core.package_identification:_identify(src/ros_tutorials/turtlesim) by extensions ['colcon_pkg']
[0.293s] Level 1:colcon.colcon_core.package_identification:_identify(src/ros_tutorials/turtlesim) by extension 'colcon_pkg'
[0.293s] Level 1:colcon.colcon_core.package_identification:_identify(src/ros_tutorials/turtlesim) by extensions ['colcon_meta']
[0.293s] Level 1:colcon.colcon_core.package_identification:_identify(src/ros_tutorials/turtlesim) by extension 'colcon_meta'
[0.293s] Level 1:colcon.colcon_core.package_identification:_identify(src/ros_tutorials/turtlesim) by extensions ['ros']
[0.294s] Level 1:colcon.colcon_core.package_identification:_identify(src/ros_tutorials/turtlesim) by extension 'ros'
[0.294s] DEBUG:colcon.colcon_core.package_identification:Package 'src/ros_tutorials/turtlesim' with type 'ros.ament_cmake' and name 'turtlesim'
[0.295s] Level 1:colcon.colcon_core.package_identification:_identify(src/warehouse_robot_package) by extensions ['ignore', 'ignore_ament_install']
[0.295s] Level 1:colcon.colcon_core.package_identification:_identify(src/warehouse_robot_package) by extension 'ignore'
[0.295s] Level 1:colcon.colcon_core.package_identification:_identify(src/warehouse_robot_package) by extension 'ignore_ament_install'
[0.295s] Level 1:colcon.colcon_core.package_identification:_identify(src/warehouse_robot_package) by extensions ['colcon_pkg']
[0.295s] Level 1:colcon.colcon_core.package_identification:_identify(src/warehouse_robot_package) by extension 'colcon_pkg'
[0.295s] Level 1:colcon.colcon_core.package_identification:_identify(src/warehouse_robot_package) by extensions ['colcon_meta']
[0.295s] Level 1:colcon.colcon_core.package_identification:_identify(src/warehouse_robot_package) by extension 'colcon_meta'
[0.295s] Level 1:colcon.colcon_core.package_identification:_identify(src/warehouse_robot_package) by extensions ['ros']
[0.295s] Level 1:colcon.colcon_core.package_identification:_identify(src/warehouse_robot_package) by extension 'ros'
[0.295s] DEBUG:colcon.colcon_core.package_identification:Package 'src/warehouse_robot_package' with type 'ros.ament_python' and name 'warehouse_robot_package'
[0.295s] Level 1:colcon.colcon_core.package_discovery:discover_packages(recursive) using defaults
[0.295s] Level 1:colcon.colcon_core.package_discovery:discover_packages(ignore) discover
[0.295s] Level 1:colcon.colcon_core.package_discovery:discover_packages(ignore) using defaults
[0.295s] Level 1:colcon.colcon_core.package_discovery:discover_packages(path) discover
[0.295s] Level 1:colcon.colcon_core.package_discovery:discover_packages(path) using defaults
[0.312s] Level 5:colcon.colcon_core.verb:set package 'messages_package' build argument 'cmake_args' from command line to 'None'
[0.312s] Level 5:colcon.colcon_core.verb:set package 'messages_package' build argument 'cmake_target' from command line to 'None'
[0.312s] Level 5:colcon.colcon_core.verb:set package 'messages_package' build argument 'cmake_target_skip_unavailable' from command line to 'False'
[0.312s] Level 5:colcon.colcon_core.verb:set package 'messages_package' build argument 'cmake_clean_cache' from command line to 'False'
[0.312s] Level 5:colcon.colcon_core.verb:set package 'messages_package' build argument 'cmake_clean_first' from command line to 'False'
[0.313s] Level 5:colcon.colcon_core.verb:set package 'messages_package' build argument 'cmake_force_configure' from command line to 'False'
[0.313s] Level 5:colcon.colcon_core.verb:set package 'messages_package' build argument 'ament_cmake_args' from command line to 'None'
[0.313s] Level 5:colcon.colcon_core.verb:set package 'messages_package' build argument 'catkin_cmake_args' from command line to 'None'
[0.313s] Level 5:colcon.colcon_core.verb:set package 'messages_package' build argument 'catkin_skip_building_tests' from command line to 'False'
[0.313s] DEBUG:colcon.colcon_core.verb:Building package 'messages_package' with the following arguments: {'ament_cmake_args': None, 'build_base': '/home/sam/AST/build/messages_package', 'catkin_cmake_args': None, 'catkin_skip_building_tests': False, 'cmake_args': None, 'cmake_clean_cache': False, 'cmake_clean_first': False, 'cmake_force_configure': False, 'cmake_target': None, 'cmake_target_skip_unavailable': False, 'install_base': '/home/sam/AST/install/messages_package', 'merge_install': False, 'path': '/home/sam/AST/src/messages_package', 'symlink_install': False, 'test_result_base': None}
[0.315s] Level 5:colcon.colcon_core.verb:set package 'py_pubsub' build argument 'cmake_args' from command line to 'None'
[0.315s] Level 5:colcon.colcon_core.verb:set package 'py_pubsub' build argument 'cmake_target' from command line to 'None'
[0.315s] Level 5:colcon.colcon_core.verb:set package 'py_pubsub' build argument 'cmake_target_skip_unavailable' from command line to 'False'
[0.315s] Level 5:colcon.colcon_core.verb:set package 'py_pubsub' build argument 'cmake_clean_cache' from command line to 'False'
[0.315s] Level 5:colcon.colcon_core.verb:set package 'py_pubsub' build argument 'cmake_clean_first' from command line to 'False'
[0.315s] Level 5:colcon.colcon_core.verb:set package 'py_pubsub' build argument 'cmake_force_configure' from command line to 'False'
[0.315s] Level 5:colcon.colcon_core.verb:set package 'py_pubsub' build argument 'ament_cmake_args' from command line to 'None'
[0.315s] Level 5:colcon.colcon_core.verb:set package 'py_pubsub' build argument 'catkin_cmake_args' from command line to 'None'
[0.315s] Level 5:colcon.colcon_core.verb:set package 'py_pubsub' build argument 'catkin_skip_building_tests' from command line to 'False'
[0.315s] DEBUG:colcon.colcon_core.verb:Building package 'py_pubsub' with the following arguments: {'ament_cmake_args': None, 'build_base': '/home/sam/AST/build/py_pubsub', 'catkin_cmake_args': None, 'catkin_skip_building_tests': False, 'cmake_args': None, 'cmake_clean_cache': False, 'cmake_clean_first': False, 'cmake_force_configure': False, 'cmake_target': None, 'cmake_target_skip_unavailable': False, 'install_base': '/home/sam/AST/install/py_pubsub', 'merge_install': False, 'path': '/home/sam/AST/src/py_pubsub', 'symlink_install': False, 'test_result_base': None}
[0.317s] Level 5:colcon.colcon_core.verb:set package 'turtlesim' build argument 'cmake_args' from command line to 'None'
[0.317s] Level 5:colcon.colcon_core.verb:set package 'turtlesim' build argument 'cmake_target' from command line to 'None'
[0.317s] Level 5:colcon.colcon_core.verb:set package 'turtlesim' build argument 'cmake_target_skip_unavailable' from command line to 'False'
[0.317s] Level 5:colcon.colcon_core.verb:set package 'turtlesim' build argument 'cmake_clean_cache' from command line to 'False'
[0.317s] Level 5:colcon.colcon_core.verb:set package 'turtlesim' build argument 'cmake_clean_first' from command line to 'False'
[0.317s] Level 5:colcon.colcon_core.verb:set package 'turtlesim' build argument 'cmake_force_configure' from command line to 'False'
[0.317s] Level 5:colcon.colcon_core.verb:set package 'turtlesim' build argument 'ament_cmake_args' from command line to 'None'
[0.317s] Level 5:colcon.colcon_core.verb:set package 'turtlesim' build argument 'catkin_cmake_args' from command line to 'None'
[0.317s] Level 5:colcon.colcon_core.verb:set package 'turtlesim' build argument 'catkin_skip_building_tests' from command line to 'False'
[0.317s] DEBUG:colcon.colcon_core.verb:Building package 'turtlesim' with the following arguments: {'ament_cmake_args': None, 'build_base': '/home/sam/AST/build/turtlesim', 'catkin_cmake_args': None, 'catkin_skip_building_tests': False, 'cmake_args': None, 'cmake_clean_cache': False, 'cmake_clean_first': False, 'cmake_force_configure': False, 'cmake_target': None, 'cmake_target_skip_unavailable': False, 'install_base': '/home/sam/AST/install/turtlesim', 'merge_install': False, 'path': '/home/sam/AST/src/ros_tutorials/turtlesim', 'symlink_install': False, 'test_result_base': None}
[0.319s] Level 5:colcon.colcon_core.verb:set package 'warehouse_robot_package' build argument 'cmake_args' from command line to 'None'
[0.319s] Level 5:colcon.colcon_core.verb:set package 'warehouse_robot_package' build argument 'cmake_target' from command line to 'None'
[0.319s] Level 5:colcon.colcon_core.verb:set package 'warehouse_robot_package' build argument 'cmake_target_skip_unavailable' from command line to 'False'
[0.319s] Level 5:colcon.colcon_core.verb:set package 'warehouse_robot_package' build argument 'cmake_clean_cache' from command line to 'False'
[0.319s] Level 5:colcon.colcon_core.verb:set package 'warehouse_robot_package' build argument 'cmake_clean_first' from command line to 'False'
[0.319s] Level 5:colcon.colcon_core.verb:set package 'warehouse_robot_package' build argument 'cmake_force_configure' from command line to 'False'
[0.319s] Level 5:colcon.colcon_core.verb:set package 'warehouse_robot_package' build argument 'ament_cmake_args' from command line to 'None'
[0.319s] Level 5:colcon.colcon_core.verb:set package 'warehouse_robot_package' build argument 'catkin_cmake_args' from command line to 'None'
[0.319s] Level 5:colcon.colcon_core.verb:set package 'warehouse_robot_package' build argument 'catkin_skip_building_tests' from command line to 'False'
[0.319s] DEBUG:colcon.colcon_core.verb:Building package 'warehouse_robot_package' with the following arguments: {'ament_cmake_args': None, 'build_base': '/home/sam/AST/build/warehouse_robot_package', 'catkin_cmake_args': None, 'catkin_skip_building_tests': False, 'cmake_args': None, 'cmake_clean_cache': False, 'cmake_clean_first': False, 'cmake_force_configure': False, 'cmake_target': None, 'cmake_target_skip_unavailable': False, 'install_base': '/home/sam/AST/install/warehouse_robot_package', 'merge_install': False, 'path': '/home/sam/AST/src/warehouse_robot_package', 'symlink_install': False, 'test_result_base': None}
[0.320s] INFO:colcon.colcon_core.executor:Executing jobs using 'parallel' executor
[0.321s] DEBUG:colcon.colcon_parallel_executor.executor.parallel:run_until_complete
[0.322s] INFO:colcon.colcon_ros.task.ament_cmake.build:Building ROS package in '/home/sam/AST/src/messages_package' with build type 'ament_cmake'
[0.323s] INFO:colcon.colcon_cmake.task.cmake.build:Building CMake package in '/home/sam/AST/src/messages_package'
[0.326s] INFO:colcon.colcon_core.plugin_system:Skipping extension 'colcon_core.shell.bat': Not used on non-Windows systems
[0.326s] INFO:colcon.colcon_core.shell:Skip shell extension 'powershell' for command environment: Not usable outside of PowerShell
[0.326s] DEBUG:colcon.colcon_core.shell:Skip shell extension 'dsv' for command environment
[0.328s] DEBUG:colcon.colcon_core.shell:Ignoring prefix path '/opt/ros/foxy'
[0.330s] INFO:colcon.colcon_ros.task.ament_python.build:Building ROS package in '/home/sam/AST/src/py_pubsub' with build type 'ament_python'
[0.331s] Level 1:colcon.colcon_core.shell:create_environment_hook('py_pubsub', 'ament_prefix_path')
[0.332s] INFO:colcon.colcon_core.shell:Creating environment hook '/home/sam/AST/install/py_pubsub/share/py_pubsub/hook/ament_prefix_path.ps1'
[0.333s] INFO:colcon.colcon_core.shell:Creating environment descriptor '/home/sam/AST/install/py_pubsub/share/py_pubsub/hook/ament_prefix_path.dsv'
[0.333s] INFO:colcon.colcon_core.shell:Creating environment hook '/home/sam/AST/install/py_pubsub/share/py_pubsub/hook/ament_prefix_path.sh'
[0.335s] INFO:colcon.colcon_core.shell:Skip shell extension 'powershell' for command environment: Not usable outside of PowerShell
[0.335s] DEBUG:colcon.colcon_core.shell:Skip shell extension 'dsv' for command environment
[0.338s] DEBUG:colcon.colcon_core.shell:Ignoring prefix path '/opt/ros/foxy'
[0.340s] INFO:colcon.colcon_ros.task.ament_cmake.build:Building ROS package in '/home/sam/AST/src/ros_tutorials/turtlesim' with build type 'ament_cmake'
[0.341s] INFO:colcon.colcon_cmake.task.cmake.build:Building CMake package in '/home/sam/AST/src/ros_tutorials/turtlesim'
[0.342s] INFO:colcon.colcon_core.shell:Skip shell extension 'powershell' for command environment: Not usable outside of PowerShell
[0.342s] DEBUG:colcon.colcon_core.shell:Skip shell extension 'dsv' for command environment
[0.344s] DEBUG:colcon.colcon_core.shell:Ignoring prefix path '/opt/ros/foxy'
[0.353s] DEBUG:colcon.colcon_core.event_handler.log_command:Invoking command in '/home/sam/AST/build/messages_package': CMAKE_PREFIX_PATH=${CMAKE_PREFIX_PATH}:/home/sam/AST/install/warehouse_robot_package:/home/sam/AST/install/py_pubsub:/opt/ros/foxy /usr/bin/cmake --build /home/sam/AST/build/messages_package -- -j12 -l12
[0.613s] INFO:colcon.colcon_core.task.python.build:Building Python package in '/home/sam/AST/src/py_pubsub'
[0.614s] INFO:colcon.colcon_core.shell:Skip shell extension 'powershell' for command environment: Not usable outside of PowerShell
[0.615s] DEBUG:colcon.colcon_core.shell:Skip shell extension 'dsv' for command environment
[0.617s] DEBUG:colcon.colcon_core.shell:Ignoring prefix path '/opt/ros/foxy'
[0.634s] DEBUG:colcon.colcon_core.event_handler.log_command:Invoking command in '/home/sam/AST/build/turtlesim': CMAKE_PREFIX_PATH=${CMAKE_PREFIX_PATH}:/home/sam/AST/install/warehouse_robot_package:/home/sam/AST/install/py_pubsub:/opt/ros/foxy /usr/bin/cmake --build /home/sam/AST/build/turtlesim -- -j12 -l12
[0.635s] DEBUG:colcon.colcon_core.event_handler.log_command:Invoked command in '/home/sam/AST/build/messages_package' returned '0': CMAKE_PREFIX_PATH=${CMAKE_PREFIX_PATH}:/home/sam/AST/install/warehouse_robot_package:/home/sam/AST/install/py_pubsub:/opt/ros/foxy /usr/bin/cmake --build /home/sam/AST/build/messages_package -- -j12 -l12
[0.637s] DEBUG:colcon.colcon_core.event_handler.log_command:Invoking command in '/home/sam/AST/src/py_pubsub': PYTHONPATH=/home/sam/AST/install/py_pubsub/lib/python3.8/site-packages:${PYTHONPATH} /usr/bin/python3 setup.py egg_info --egg-base ../../build/py_pubsub build --build-base /home/sam/AST/build/py_pubsub/build install --prefix /home/sam/AST/install/py_pubsub --record /home/sam/AST/build/py_pubsub/install.log --single-version-externally-managed
[0.824s] DEBUG:colcon.colcon_core.event_handler.log_command:Invoking command in '/home/sam/AST/build/messages_package': CMAKE_PREFIX_PATH=${CMAKE_PREFIX_PATH}:/home/sam/AST/install/warehouse_robot_package:/home/sam/AST/install/py_pubsub:/opt/ros/foxy /usr/bin/cmake --install /home/sam/AST/build/messages_package
[0.859s] DEBUG:colcon.colcon_core.event_handler.log_command:Invoked command in '/home/sam/AST/build/turtlesim' returned '0': CMAKE_PREFIX_PATH=${CMAKE_PREFIX_PATH}:/home/sam/AST/install/warehouse_robot_package:/home/sam/AST/install/py_pubsub:/opt/ros/foxy /usr/bin/cmake --build /home/sam/AST/build/turtlesim -- -j12 -l12
[0.894s] Level 1:colcon.colcon_core.environment:create_environment_scripts_only(messages_package)
[0.898s] DEBUG:colcon.colcon_core.event_handler.log_command:Invoked command in '/home/sam/AST/build/messages_package' returned '0': CMAKE_PREFIX_PATH=${CMAKE_PREFIX_PATH}:/home/sam/AST/install/warehouse_robot_package:/home/sam/AST/install/py_pubsub:/opt/ros/foxy /usr/bin/cmake --install /home/sam/AST/build/messages_package
[0.900s] Level 1:colcon.colcon_core.environment:checking '/home/sam/AST/install/messages_package' for CMake module files
[0.900s] Level 1:colcon.colcon_core.environment:checking '/home/sam/AST/install/messages_package' for CMake config files
[0.901s] Level 1:colcon.colcon_core.shell:create_environment_hook('messages_package', 'cmake_prefix_path')
[0.902s] INFO:colcon.colcon_core.shell:Creating environment hook '/home/sam/AST/install/messages_package/share/messages_package/hook/cmake_prefix_path.ps1'
[0.902s] INFO:colcon.colcon_core.shell:Creating environment descriptor '/home/sam/AST/install/messages_package/share/messages_package/hook/cmake_prefix_path.dsv'
[0.902s] INFO:colcon.colcon_core.shell:Creating environment hook '/home/sam/AST/install/messages_package/share/messages_package/hook/cmake_prefix_path.sh'
[0.903s] Level 1:colcon.colcon_core.environment:checking '/home/sam/AST/install/messages_package/lib'
[0.903s] Level 1:colcon.colcon_core.shell:create_environment_hook('messages_package', 'ld_library_path_lib')
[0.904s] INFO:colcon.colcon_core.shell:Creating environment hook '/home/sam/AST/install/messages_package/share/messages_package/hook/ld_library_path_lib.ps1'
[0.905s] INFO:colcon.colcon_core.shell:Creating environment descriptor '/home/sam/AST/install/messages_package/share/messages_package/hook/ld_library_path_lib.dsv'
[0.905s] INFO:colcon.colcon_core.shell:Creating environment hook '/home/sam/AST/install/messages_package/share/messages_package/hook/ld_library_path_lib.sh'
[0.906s] Level 1:colcon.colcon_core.environment:checking '/home/sam/AST/install/messages_package/bin'
[0.906s] Level 1:colcon.colcon_core.environment:checking '/home/sam/AST/install/messages_package/lib/pkgconfig/messages_package.pc'
[0.906s] Level 1:colcon.colcon_core.environment:checking '/home/sam/AST/install/messages_package/lib/python3.8/site-packages'
[0.906s] Level 1:colcon.colcon_core.shell:create_environment_hook('messages_package', 'pythonpath')
[0.906s] INFO:colcon.colcon_core.shell:Creating environment hook '/home/sam/AST/install/messages_package/share/messages_package/hook/pythonpath.ps1'
[0.907s] INFO:colcon.colcon_core.shell:Creating environment descriptor '/home/sam/AST/install/messages_package/share/messages_package/hook/pythonpath.dsv'
[0.907s] INFO:colcon.colcon_core.shell:Creating environment hook '/home/sam/AST/install/messages_package/share/messages_package/hook/pythonpath.sh'
[0.908s] INFO:colcon.colcon_core.shell:Creating package script '/home/sam/AST/install/messages_package/share/messages_package/package.ps1'
[0.909s] INFO:colcon.colcon_core.shell:Creating package descriptor '/home/sam/AST/install/messages_package/share/messages_package/package.dsv'
[0.909s] INFO:colcon.colcon_core.shell:Creating package script '/home/sam/AST/install/messages_package/share/messages_package/package.sh'
[0.910s] INFO:colcon.colcon_core.shell:Creating package script '/home/sam/AST/install/messages_package/share/messages_package/package.bash'
[0.911s] INFO:colcon.colcon_core.shell:Creating package script '/home/sam/AST/install/messages_package/share/messages_package/package.zsh'
[0.911s] Level 1:colcon.colcon_core.environment:create_file_with_runtime_dependencies(/home/sam/AST/install/messages_package/share/colcon-core/packages/messages_package)
[1.007s] Level 1:colcon.colcon_core.environment:checking '/home/sam/AST/install/py_pubsub' for CMake module files
[1.008s] DEBUG:colcon.colcon_core.event_handler.log_command:Invoked command in '/home/sam/AST/src/py_pubsub' returned '0': PYTHONPATH=/home/sam/AST/install/py_pubsub/lib/python3.8/site-packages:${PYTHONPATH} /usr/bin/python3 setup.py egg_info --egg-base ../../build/py_pubsub build --build-base /home/sam/AST/build/py_pubsub/build install --prefix /home/sam/AST/install/py_pubsub --record /home/sam/AST/build/py_pubsub/install.log --single-version-externally-managed
[1.008s] Level 1:colcon.colcon_core.environment:checking '/home/sam/AST/install/py_pubsub' for CMake config files
[1.009s] Level 1:colcon.colcon_core.environment:checking '/home/sam/AST/install/py_pubsub/lib'
[1.009s] Level 1:colcon.colcon_core.environment:checking '/home/sam/AST/install/py_pubsub/bin'
[1.009s] Level 1:colcon.colcon_core.environment:checking '/home/sam/AST/install/py_pubsub/lib/pkgconfig/py_pubsub.pc'
[1.009s] Level 1:colcon.colcon_core.environment:checking '/home/sam/AST/install/py_pubsub/lib/python3.8/site-packages'
[1.009s] Level 1:colcon.colcon_core.shell:create_environment_hook('py_pubsub', 'pythonpath')
[1.010s] INFO:colcon.colcon_core.shell:Creating environment hook '/home/sam/AST/install/py_pubsub/share/py_pubsub/hook/pythonpath.ps1'
[1.010s] INFO:colcon.colcon_core.shell:Creating environment descriptor '/home/sam/AST/install/py_pubsub/share/py_pubsub/hook/pythonpath.dsv'
[1.010s] INFO:colcon.colcon_core.shell:Creating environment hook '/home/sam/AST/install/py_pubsub/share/py_pubsub/hook/pythonpath.sh'
[1.011s] Level 1:colcon.colcon_core.environment:create_environment_scripts_only(py_pubsub)
[1.011s] INFO:colcon.colcon_core.shell:Creating package script '/home/sam/AST/install/py_pubsub/share/py_pubsub/package.ps1'
[1.012s] INFO:colcon.colcon_core.shell:Creating package descriptor '/home/sam/AST/install/py_pubsub/share/py_pubsub/package.dsv'
[1.012s] INFO:colcon.colcon_core.shell:Creating package script '/home/sam/AST/install/py_pubsub/share/py_pubsub/package.sh'
[1.012s] INFO:colcon.colcon_core.shell:Creating package script '/home/sam/AST/install/py_pubsub/share/py_pubsub/package.bash'
[1.013s] INFO:colcon.colcon_core.shell:Creating package script '/home/sam/AST/install/py_pubsub/share/py_pubsub/package.zsh'
[1.013s] Level 1:colcon.colcon_core.environment:create_file_with_runtime_dependencies(/home/sam/AST/install/py_pubsub/share/colcon-core/packages/py_pubsub)
[1.016s] DEBUG:colcon.colcon_core.event_handler.log_command:Invoking command in '/home/sam/AST/build/turtlesim': CMAKE_PREFIX_PATH=${CMAKE_PREFIX_PATH}:/home/sam/AST/install/warehouse_robot_package:/home/sam/AST/install/py_pubsub:/opt/ros/foxy /usr/bin/cmake --install /home/sam/AST/build/turtlesim
[1.085s] Level 1:colcon.colcon_core.environment:create_environment_scripts_only(turtlesim)
[1.087s] Level 1:colcon.colcon_core.environment:checking '/home/sam/AST/install/turtlesim' for CMake module files
[1.089s] DEBUG:colcon.colcon_core.event_handler.log_command:Invoked command in '/home/sam/AST/build/turtlesim' returned '0': CMAKE_PREFIX_PATH=${CMAKE_PREFIX_PATH}:/home/sam/AST/install/warehouse_robot_package:/home/sam/AST/install/py_pubsub:/opt/ros/foxy /usr/bin/cmake --install /home/sam/AST/build/turtlesim
[1.090s] Level 1:colcon.colcon_core.environment:checking '/home/sam/AST/install/turtlesim' for CMake config files
[1.090s] Level 1:colcon.colcon_core.shell:create_environment_hook('turtlesim', 'cmake_prefix_path')
[1.091s] INFO:colcon.colcon_core.shell:Creating environment hook '/home/sam/AST/install/turtlesim/share/turtlesim/hook/cmake_prefix_path.ps1'
[1.092s] INFO:colcon.colcon_core.shell:Creating environment descriptor '/home/sam/AST/install/turtlesim/share/turtlesim/hook/cmake_prefix_path.dsv'
[1.092s] INFO:colcon.colcon_core.shell:Creating environment hook '/home/sam/AST/install/turtlesim/share/turtlesim/hook/cmake_prefix_path.sh'
[1.093s] Level 1:colcon.colcon_core.environment:checking '/home/sam/AST/install/turtlesim/lib'
[1.093s] Level 1:colcon.colcon_core.shell:create_environment_hook('turtlesim', 'ld_library_path_lib')
[1.094s] INFO:colcon.colcon_core.shell:Creating environment hook '/home/sam/AST/install/turtlesim/share/turtlesim/hook/ld_library_path_lib.ps1'
[1.094s] INFO:colcon.colcon_core.shell:Creating environment descriptor '/home/sam/AST/install/turtlesim/share/turtlesim/hook/ld_library_path_lib.dsv'
[1.094s] INFO:colcon.colcon_core.shell:Creating environment hook '/home/sam/AST/install/turtlesim/share/turtlesim/hook/ld_library_path_lib.sh'
[1.095s] Level 1:colcon.colcon_core.environment:checking '/home/sam/AST/install/turtlesim/bin'
[1.095s] Level 1:colcon.colcon_core.environment:checking '/home/sam/AST/install/turtlesim/lib/pkgconfig/turtlesim.pc'
[1.095s] Level 1:colcon.colcon_core.environment:checking '/home/sam/AST/install/turtlesim/lib/python3.8/site-packages'
[1.095s] Level 1:colcon.colcon_core.shell:create_environment_hook('turtlesim', 'pythonpath')
[1.096s] INFO:colcon.colcon_core.shell:Creating environment hook '/home/sam/AST/install/turtlesim/share/turtlesim/hook/pythonpath.ps1'
[1.096s] INFO:colcon.colcon_core.shell:Creating environment descriptor '/home/sam/AST/install/turtlesim/share/turtlesim/hook/pythonpath.dsv'
[1.096s] INFO:colcon.colcon_core.shell:Creating environment hook '/home/sam/AST/install/turtlesim/share/turtlesim/hook/pythonpath.sh'
[1.097s] INFO:colcon.colcon_core.shell:Creating package script '/home/sam/AST/install/turtlesim/share/turtlesim/package.ps1'
[1.098s] INFO:colcon.colcon_core.shell:Creating package descriptor '/home/sam/AST/install/turtlesim/share/turtlesim/package.dsv'
[1.098s] INFO:colcon.colcon_core.shell:Creating package script '/home/sam/AST/install/turtlesim/share/turtlesim/package.sh'
[1.098s] INFO:colcon.colcon_core.shell:Creating package script '/home/sam/AST/install/turtlesim/share/turtlesim/package.bash'
[1.099s] INFO:colcon.colcon_core.shell:Creating package script '/home/sam/AST/install/turtlesim/share/turtlesim/package.zsh'
[1.099s] Level 1:colcon.colcon_core.environment:create_file_with_runtime_dependencies(/home/sam/AST/install/turtlesim/share/colcon-core/packages/turtlesim)
[1.104s] Level 1:colcon.colcon_core.environment:create_environment_scripts_only(messages_package)
[1.104s] Level 1:colcon.colcon_core.environment:checking '/home/sam/AST/install/messages_package' for CMake module files
[1.105s] Level 1:colcon.colcon_core.environment:checking '/home/sam/AST/install/messages_package' for CMake config files
[1.105s] Level 1:colcon.colcon_core.shell:create_environment_hook('messages_package', 'cmake_prefix_path')
[1.106s] INFO:colcon.colcon_core.shell:Creating environment hook '/home/sam/AST/install/messages_package/share/messages_package/hook/cmake_prefix_path.ps1'
[1.106s] INFO:colcon.colcon_core.shell:Creating environment descriptor '/home/sam/AST/install/messages_package/share/messages_package/hook/cmake_prefix_path.dsv'
[1.107s] INFO:colcon.colcon_core.shell:Creating environment hook '/home/sam/AST/install/messages_package/share/messages_package/hook/cmake_prefix_path.sh'
[1.107s] Level 1:colcon.colcon_core.environment:checking '/home/sam/AST/install/messages_package/lib'
[1.107s] Level 1:colcon.colcon_core.shell:create_environment_hook('messages_package', 'ld_library_path_lib')
[1.108s] INFO:colcon.colcon_core.shell:Creating environment hook '/home/sam/AST/install/messages_package/share/messages_package/hook/ld_library_path_lib.ps1'
[1.108s] INFO:colcon.colcon_core.shell:Creating environment descriptor '/home/sam/AST/install/messages_package/share/messages_package/hook/ld_library_path_lib.dsv'
[1.109s] INFO:colcon.colcon_core.shell:Creating environment hook '/home/sam/AST/install/messages_package/share/messages_package/hook/ld_library_path_lib.sh'
[1.109s] Level 1:colcon.colcon_core.environment:checking '/home/sam/AST/install/messages_package/bin'
[1.109s] Level 1:colcon.colcon_core.environment:checking '/home/sam/AST/install/messages_package/lib/pkgconfig/messages_package.pc'
[1.109s] Level 1:colcon.colcon_core.environment:checking '/home/sam/AST/install/messages_package/lib/python3.8/site-packages'
[1.109s] Level 1:colcon.colcon_core.shell:create_environment_hook('messages_package', 'pythonpath')
[1.110s] INFO:colcon.colcon_core.shell:Creating environment hook '/home/sam/AST/install/messages_package/share/messages_package/hook/pythonpath.ps1'
[1.110s] INFO:colcon.colcon_core.shell:Creating environment descriptor '/home/sam/AST/install/messages_package/share/messages_package/hook/pythonpath.dsv'
[1.110s] INFO:colcon.colcon_core.shell:Creating environment hook '/home/sam/AST/install/messages_package/share/messages_package/hook/pythonpath.sh'
[1.111s] INFO:colcon.colcon_core.shell:Creating package script '/home/sam/AST/install/messages_package/share/messages_package/package.ps1'
[1.112s] INFO:colcon.colcon_core.shell:Creating package descriptor '/home/sam/AST/install/messages_package/share/messages_package/package.dsv'
[1.112s] INFO:colcon.colcon_core.shell:Creating package script '/home/sam/AST/install/messages_package/share/messages_package/package.sh'
[1.112s] INFO:colcon.colcon_core.shell:Creating package script '/home/sam/AST/install/messages_package/share/messages_package/package.bash'
[1.113s] INFO:colcon.colcon_core.shell:Creating package script '/home/sam/AST/install/messages_package/share/messages_package/package.zsh'
[1.113s] Level 1:colcon.colcon_core.environment:create_file_with_runtime_dependencies(/home/sam/AST/install/messages_package/share/colcon-core/packages/messages_package)
[1.114s] INFO:colcon.colcon_ros.task.ament_python.build:Building ROS package in '/home/sam/AST/src/warehouse_robot_package' with build type 'ament_python'
[1.114s] Level 1:colcon.colcon_core.shell:create_environment_hook('warehouse_robot_package', 'ament_prefix_path')
[1.114s] INFO:colcon.colcon_core.shell:Creating environment hook '/home/sam/AST/install/warehouse_robot_package/share/warehouse_robot_package/hook/ament_prefix_path.ps1'
[1.115s] INFO:colcon.colcon_core.shell:Creating environment descriptor '/home/sam/AST/install/warehouse_robot_package/share/warehouse_robot_package/hook/ament_prefix_path.dsv'
[1.115s] INFO:colcon.colcon_core.shell:Creating environment hook '/home/sam/AST/install/warehouse_robot_package/share/warehouse_robot_package/hook/ament_prefix_path.sh'
[1.116s] INFO:colcon.colcon_core.shell:Skip shell extension 'powershell' for command environment: Not usable outside of PowerShell
[1.116s] DEBUG:colcon.colcon_core.shell:Skip shell extension 'dsv' for command environment
[1.118s] DEBUG:colcon.colcon_core.shell:Ignoring prefix path '/opt/ros/foxy'
[1.343s] INFO:colcon.colcon_core.task.python.build:Building Python package in '/home/sam/AST/src/warehouse_robot_package'
[1.344s] INFO:colcon.colcon_core.shell:Skip shell extension 'powershell' for command environment: Not usable outside of PowerShell
[1.344s] DEBUG:colcon.colcon_core.shell:Skip shell extension 'dsv' for command environment
[1.346s] DEBUG:colcon.colcon_core.shell:Ignoring prefix path '/opt/ros/foxy'
[1.350s] Level 1:colcon.colcon_core.environment:create_environment_scripts_only(turtlesim)
[1.351s] Level 1:colcon.colcon_core.environment:checking '/home/sam/AST/install/turtlesim' for CMake module files
[1.352s] Level 1:colcon.colcon_core.environment:checking '/home/sam/AST/install/turtlesim' for CMake config files
[1.352s] Level 1:colcon.colcon_core.shell:create_environment_hook('turtlesim', 'cmake_prefix_path')
[1.353s] INFO:colcon.colcon_core.shell:Creating environment hook '/home/sam/AST/install/turtlesim/share/turtlesim/hook/cmake_prefix_path.ps1'
[1.353s] INFO:colcon.colcon_core.shell:Creating environment descriptor '/home/sam/AST/install/turtlesim/share/turtlesim/hook/cmake_prefix_path.dsv'
[1.354s] INFO:colcon.colcon_core.shell:Creating environment hook '/home/sam/AST/install/turtlesim/share/turtlesim/hook/cmake_prefix_path.sh'
[1.354s] Level 1:colcon.colcon_core.environment:checking '/home/sam/AST/install/turtlesim/lib'
[1.354s] Level 1:colcon.colcon_core.shell:create_environment_hook('turtlesim', 'ld_library_path_lib')
[1.355s] INFO:colcon.colcon_core.shell:Creating environment hook '/home/sam/AST/install/turtlesim/share/turtlesim/hook/ld_library_path_lib.ps1'
[1.355s] INFO:colcon.colcon_core.shell:Creating environment descriptor '/home/sam/AST/install/turtlesim/share/turtlesim/hook/ld_library_path_lib.dsv'
[1.356s] INFO:colcon.colcon_core.shell:Creating environment hook '/home/sam/AST/install/turtlesim/share/turtlesim/hook/ld_library_path_lib.sh'
[1.356s] Level 1:colcon.colcon_core.environment:checking '/home/sam/AST/install/turtlesim/bin'
[1.356s] Level 1:colcon.colcon_core.environment:checking '/home/sam/AST/install/turtlesim/lib/pkgconfig/turtlesim.pc'
[1.356s] Level 1:colcon.colcon_core.environment:checking '/home/sam/AST/install/turtlesim/lib/python3.8/site-packages'
[1.356s] Level 1:colcon.colcon_core.shell:create_environment_hook('turtlesim', 'pythonpath')
[1.357s] INFO:colcon.colcon_core.shell:Creating environment hook '/home/sam/AST/install/turtlesim/share/turtlesim/hook/pythonpath.ps1'
[1.357s] INFO:colcon.colcon_core.shell:Creating environment descriptor '/home/sam/AST/install/turtlesim/share/turtlesim/hook/pythonpath.dsv'
[1.357s] INFO:colcon.colcon_core.shell:Creating environment hook '/home/sam/AST/install/turtlesim/share/turtlesim/hook/pythonpath.sh'
[1.358s] INFO:colcon.colcon_core.shell:Creating package script '/home/sam/AST/install/turtlesim/share/turtlesim/package.ps1'
[1.359s] INFO:colcon.colcon_core.shell:Creating package descriptor '/home/sam/AST/install/turtlesim/share/turtlesim/package.dsv'
[1.359s] INFO:colcon.colcon_core.shell:Creating package script '/home/sam/AST/install/turtlesim/share/turtlesim/package.sh'
[1.360s] INFO:colcon.colcon_core.shell:Creating package script '/home/sam/AST/install/turtlesim/share/turtlesim/package.bash'
[1.360s] INFO:colcon.colcon_core.shell:Creating package script '/home/sam/AST/install/turtlesim/share/turtlesim/package.zsh'
[1.360s] Level 1:colcon.colcon_core.environment:create_file_with_runtime_dependencies(/home/sam/AST/install/turtlesim/share/colcon-core/packages/turtlesim)
[1.365s] DEBUG:colcon.colcon_core.event_handler.log_command:Invoking command in '/home/sam/AST/src/warehouse_robot_package': CMAKE_PREFIX_PATH=/home/sam/AST/install/messages_package:/home/sam/AST/install/turtlesim:/home/sam/AST/install/my_package LD_LIBRARY_PATH=/home/sam/AST/install/messages_package/lib:/home/sam/AST/install/turtlesim/lib:/opt/ros/foxy/opt/yaml_cpp_vendor/lib:/opt/ros/foxy/opt/rviz_ogre_vendor/lib:/opt/ros/foxy/lib/x86_64-linux-gnu:/opt/ros/foxy/lib PYTHONPATH=/home/sam/AST/install/warehouse_robot_package/lib/python3.8/site-packages:/home/sam/AST/install/messages_package/lib/python3.8/site-packages:/home/sam/AST/install/warehouse_robot_package/lib/python3.8/site-packages:/home/sam/AST/install/turtlesim/lib/python3.8/site-packages:/home/sam/AST/install/py_pubsub/lib/python3.8/site-packages:/opt/ros/foxy/lib/python3.8/site-packages /usr/bin/python3 setup.py egg_info --egg-base ../../build/warehouse_robot_package build --build-base /home/sam/AST/build/warehouse_robot_package/build install --prefix /home/sam/AST/install/warehouse_robot_package --record /home/sam/AST/build/warehouse_robot_package/install.log --single-version-externally-managed
[1.633s] Level 1:colcon.colcon_core.environment:checking '/home/sam/AST/install/warehouse_robot_package' for CMake module files
[1.634s] DEBUG:colcon.colcon_core.event_handler.log_command:Invoked command in '/home/sam/AST/src/warehouse_robot_package' returned '0': CMAKE_PREFIX_PATH=/home/sam/AST/install/messages_package:/home/sam/AST/install/turtlesim:/home/sam/AST/install/my_package LD_LIBRARY_PATH=/home/sam/AST/install/messages_package/lib:/home/sam/AST/install/turtlesim/lib:/opt/ros/foxy/opt/yaml_cpp_vendor/lib:/opt/ros/foxy/opt/rviz_ogre_vendor/lib:/opt/ros/foxy/lib/x86_64-linux-gnu:/opt/ros/foxy/lib PYTHONPATH=/home/sam/AST/install/warehouse_robot_package/lib/python3.8/site-packages:/home/sam/AST/install/messages_package/lib/python3.8/site-packages:/home/sam/AST/install/warehouse_robot_package/lib/python3.8/site-packages:/home/sam/AST/install/turtlesim/lib/python3.8/site-packages:/home/sam/AST/install/py_pubsub/lib/python3.8/site-packages:/opt/ros/foxy/lib/python3.8/site-packages /usr/bin/python3 setup.py egg_info --egg-base ../../build/warehouse_robot_package build --build-base /home/sam/AST/build/warehouse_robot_package/build install --prefix /home/sam/AST/install/warehouse_robot_package --record /home/sam/AST/build/warehouse_robot_package/install.log --single-version-externally-managed
[1.634s] Level 1:colcon.colcon_core.environment:checking '/home/sam/AST/install/warehouse_robot_package' for CMake config files
[1.635s] Level 1:colcon.colcon_core.environment:checking '/home/sam/AST/install/warehouse_robot_package/lib'
[1.635s] Level 1:colcon.colcon_core.environment:checking '/home/sam/AST/install/warehouse_robot_package/bin'
[1.635s] Level 1:colcon.colcon_core.environment:checking '/home/sam/AST/install/warehouse_robot_package/lib/pkgconfig/warehouse_robot_package.pc'
[1.635s] Level 1:colcon.colcon_core.environment:checking '/home/sam/AST/install/warehouse_robot_package/lib/python3.8/site-packages'
[1.635s] Level 1:colcon.colcon_core.shell:create_environment_hook('warehouse_robot_package', 'pythonpath')
[1.636s] INFO:colcon.colcon_core.shell:Creating environment hook '/home/sam/AST/install/warehouse_robot_package/share/warehouse_robot_package/hook/pythonpath.ps1'
[1.636s] INFO:colcon.colcon_core.shell:Creating environment descriptor '/home/sam/AST/install/warehouse_robot_package/share/warehouse_robot_package/hook/pythonpath.dsv'
[1.636s] INFO:colcon.colcon_core.shell:Creating environment hook '/home/sam/AST/install/warehouse_robot_package/share/warehouse_robot_package/hook/pythonpath.sh'
[1.637s] Level 1:colcon.colcon_core.environment:create_environment_scripts_only(warehouse_robot_package)
[1.637s] INFO:colcon.colcon_core.shell:Creating package script '/home/sam/AST/install/warehouse_robot_package/share/warehouse_robot_package/package.ps1'
[1.638s] INFO:colcon.colcon_core.shell:Creating package descriptor '/home/sam/AST/install/warehouse_robot_package/share/warehouse_robot_package/package.dsv'
[1.638s] INFO:colcon.colcon_core.shell:Creating package script '/home/sam/AST/install/warehouse_robot_package/share/warehouse_robot_package/package.sh'
[1.638s] INFO:colcon.colcon_core.shell:Creating package script '/home/sam/AST/install/warehouse_robot_package/share/warehouse_robot_package/package.bash'
[1.639s] INFO:colcon.colcon_core.shell:Creating package script '/home/sam/AST/install/warehouse_robot_package/share/warehouse_robot_package/package.zsh'
[1.639s] Level 1:colcon.colcon_core.environment:create_file_with_runtime_dependencies(/home/sam/AST/install/warehouse_robot_package/share/colcon-core/packages/warehouse_robot_package)
[1.639s] DEBUG:colcon.colcon_parallel_executor.executor.parallel:closing loop
[1.640s] DEBUG:colcon.colcon_parallel_executor.executor.parallel:loop closed
[1.640s] DEBUG:colcon.colcon_parallel_executor.executor.parallel:run_until_complete finished with '0'
[1.640s] DEBUG:colcon.colcon_core.event_reactor:joining thread
[1.645s] INFO:colcon.colcon_core.plugin_system:Skipping extension 'colcon_notification.desktop_notification.terminal_notifier': Not used on non-Darwin systems
[1.645s] INFO:colcon.colcon_core.plugin_system:Skipping extension 'colcon_notification.desktop_notification.win32': Not used on non-Windows systems
[1.645s] INFO:colcon.colcon_notification.desktop_notification:Sending desktop notification using 'notify2'
[1.658s] DEBUG:colcon.colcon_core.event_reactor:joined thread
[1.659s] INFO:colcon.colcon_core.shell:Creating prefix script '/home/sam/AST/install/local_setup.ps1'
[1.659s] INFO:colcon.colcon_core.shell:Creating prefix util module '/home/sam/AST/install/_local_setup_util_ps1.py'
[1.660s] INFO:colcon.colcon_core.shell:Creating prefix chain script '/home/sam/AST/install/setup.ps1'
[1.662s] INFO:colcon.colcon_core.shell:Creating prefix script '/home/sam/AST/install/local_setup.sh'
[1.663s] INFO:colcon.colcon_core.shell:Creating prefix util module '/home/sam/AST/install/_local_setup_util_sh.py'
[1.664s] INFO:colcon.colcon_core.shell:Creating prefix chain script '/home/sam/AST/install/setup.sh'
[1.666s] INFO:colcon.colcon_core.shell:Creating prefix script '/home/sam/AST/install/local_setup.bash'
[1.667s] INFO:colcon.colcon_core.shell:Creating prefix chain script '/home/sam/AST/install/setup.bash'
[1.669s] INFO:colcon.colcon_core.shell:Creating prefix script '/home/sam/AST/install/local_setup.zsh'
[1.670s] INFO:colcon.colcon_core.shell:Creating prefix chain script '/home/sam/AST/install/setup.zsh'
