[0.630s] Invoking command in '/home/sam/AST_Robot_Warehouse/src/py_srvcli': PYTHONPATH=/home/sam/AST_Robot_Warehouse/install/py_srvcli/lib/python3.8/site-packages:${PYTHONPATH} /usr/bin/python3 setup.py egg_info --egg-base ../../build/py_srvcli build --build-base /home/sam/AST_Robot_Warehouse/build/py_srvcli/build install --prefix /home/sam/AST_Robot_Warehouse/install/py_srvcli --record /home/sam/AST_Robot_Warehouse/build/py_srvcli/install.log --single-version-externally-managed
[0.930s] running egg_info
[0.931s] writing ../../build/py_srvcli/py_srvcli.egg-info/PKG-INFO
[0.931s] writing dependency_links to ../../build/py_srvcli/py_srvcli.egg-info/dependency_links.txt
[0.931s] writing entry points to ../../build/py_srvcli/py_srvcli.egg-info/entry_points.txt
[0.931s] writing requirements to ../../build/py_srvcli/py_srvcli.egg-info/requires.txt
[0.932s] writing top-level names to ../../build/py_srvcli/py_srvcli.egg-info/top_level.txt
[0.982s] reading manifest file '../../build/py_srvcli/py_srvcli.egg-info/SOURCES.txt'
[0.984s] writing manifest file '../../build/py_srvcli/py_srvcli.egg-info/SOURCES.txt'
[0.984s] running build
[0.984s] running build_py
[0.984s] running install
[0.985s] running install_lib
[0.988s] running install_data
[0.988s] running install_egg_info
[0.991s] removing '/home/sam/AST_Robot_Warehouse/install/py_srvcli/lib/python3.8/site-packages/py_srvcli-0.0.0-py3.8.egg-info' (and everything under it)
[0.991s] Copying ../../build/py_srvcli/py_srvcli.egg-info to /home/sam/AST_Robot_Warehouse/install/py_srvcli/lib/python3.8/site-packages/py_srvcli-0.0.0-py3.8.egg-info
[0.992s] running install_scripts
[1.011s] Installing client script to /home/sam/AST_Robot_Warehouse/install/py_srvcli/lib/py_srvcli
[1.011s] Installing service script to /home/sam/AST_Robot_Warehouse/install/py_srvcli/lib/py_srvcli
[1.011s] writing list of installed files to '/home/sam/AST_Robot_Warehouse/build/py_srvcli/install.log'
[1.037s] Invoked command in '/home/sam/AST_Robot_Warehouse/src/py_srvcli' returned '0': PYTHONPATH=/home/sam/AST_Robot_Warehouse/install/py_srvcli/lib/python3.8/site-packages:${PYTHONPATH} /usr/bin/python3 setup.py egg_info --egg-base ../../build/py_srvcli build --build-base /home/sam/AST_Robot_Warehouse/build/py_srvcli/build install --prefix /home/sam/AST_Robot_Warehouse/install/py_srvcli --record /home/sam/AST_Robot_Warehouse/build/py_srvcli/install.log --single-version-externally-managed
