[0.561s] Invoking command in '/home/sam/AST_Robot_Warehouse/src/py_pubsub': PYTHONPATH=/home/sam/AST_Robot_Warehouse/install/py_pubsub/lib/python3.8/site-packages:${PYTHONPATH} /usr/bin/python3 setup.py egg_info --egg-base ../../build/py_pubsub build --build-base /home/sam/AST_Robot_Warehouse/build/py_pubsub/build install --prefix /home/sam/AST_Robot_Warehouse/install/py_pubsub --record /home/sam/AST_Robot_Warehouse/build/py_pubsub/install.log --single-version-externally-managed
[0.840s] running egg_info
[0.840s] writing ../../build/py_pubsub/py_pubsub.egg-info/PKG-INFO
[0.841s] writing dependency_links to ../../build/py_pubsub/py_pubsub.egg-info/dependency_links.txt
[0.841s] writing entry points to ../../build/py_pubsub/py_pubsub.egg-info/entry_points.txt
[0.841s] writing requirements to ../../build/py_pubsub/py_pubsub.egg-info/requires.txt
[0.841s] writing top-level names to ../../build/py_pubsub/py_pubsub.egg-info/top_level.txt
[0.885s] reading manifest file '../../build/py_pubsub/py_pubsub.egg-info/SOURCES.txt'
[0.886s] writing manifest file '../../build/py_pubsub/py_pubsub.egg-info/SOURCES.txt'
[0.886s] running build
[0.887s] running build_py
[0.887s] running install
[0.887s] running install_lib
[0.889s] running install_data
[0.890s] running install_egg_info
[0.893s] removing '/home/sam/AST_Robot_Warehouse/install/py_pubsub/lib/python3.8/site-packages/py_pubsub-0.0.0-py3.8.egg-info' (and everything under it)
[0.893s] Copying ../../build/py_pubsub/py_pubsub.egg-info to /home/sam/AST_Robot_Warehouse/install/py_pubsub/lib/python3.8/site-packages/py_pubsub-0.0.0-py3.8.egg-info
[0.894s] running install_scripts
[0.924s] Installing listener script to /home/sam/AST_Robot_Warehouse/install/py_pubsub/lib/py_pubsub
[0.925s] Installing talker script to /home/sam/AST_Robot_Warehouse/install/py_pubsub/lib/py_pubsub
[0.925s] writing list of installed files to '/home/sam/AST_Robot_Warehouse/build/py_pubsub/install.log'
[0.955s] Invoked command in '/home/sam/AST_Robot_Warehouse/src/py_pubsub' returned '0': PYTHONPATH=/home/sam/AST_Robot_Warehouse/install/py_pubsub/lib/python3.8/site-packages:${PYTHONPATH} /usr/bin/python3 setup.py egg_info --egg-base ../../build/py_pubsub build --build-base /home/sam/AST_Robot_Warehouse/build/py_pubsub/build install --prefix /home/sam/AST_Robot_Warehouse/install/py_pubsub --record /home/sam/AST_Robot_Warehouse/build/py_pubsub/install.log --single-version-externally-managed
