[0.030s] Invoking command in '/home/sam/AST/build/messages_package': CMAKE_PREFIX_PATH=/opt/ros/foxy CONDA_PROMPT_MODIFIER=(base) /usr/bin/cmake --build /home/sam/AST/build/messages_package -- -j12 -l12
[0.564s] -- Found ament_cmake: 0.9.9 (/opt/ros/foxy/share/ament_cmake/cmake)
[0.564s] -- Found PythonInterp: /home/sam/anaconda3/bin/python3 (found suitable version "3.8.8", minimum required is "3") 
[0.565s] -- Using PYTHON_EXECUTABLE: /home/sam/anaconda3/bin/python3
[0.565s] -- Found ament_lint_auto: 0.9.6 (/opt/ros/foxy/share/ament_lint_auto/cmake)
[0.565s] -- Found rosidl_default_generators: 1.0.1 (/opt/ros/foxy/share/rosidl_default_generators/cmake)
[0.566s] -- Using all available rosidl_typesupport_c: rosidl_typesupport_fastrtps_c;rosidl_typesupport_introspection_c
[0.566s] -- Found rosidl_adapter: 1.2.1 (/opt/ros/foxy/share/rosidl_adapter/cmake)
[0.566s] -- Using all available rosidl_typesupport_cpp: rosidl_typesupport_fastrtps_cpp;rosidl_typesupport_introspection_cpp
[0.593s] -- Found PythonInterp: /home/sam/anaconda3/bin/python3 (found version "3.8.8") 
[0.863s] -- Found ament_cmake_ros: 0.9.2 (/opt/ros/foxy/share/ament_cmake_ros/cmake)
[1.023s] -- Using all available rosidl_typesupport_c: rosidl_typesupport_fastrtps_c;rosidl_typesupport_introspection_c
[1.049s] -- Using all available rosidl_typesupport_cpp: rosidl_typesupport_fastrtps_cpp;rosidl_typesupport_introspection_cpp
[1.075s] -- Found PythonInterp: /home/sam/anaconda3/bin/python3 (found suitable version "3.8.8", minimum required is "3.5") 
[1.076s] -- Found python_cmake_module: 0.8.1 (/opt/ros/foxy/share/python_cmake_module/cmake)
[1.101s] -- Found PythonLibs: /home/sam/anaconda3/lib/libpython3.8.so (found suitable version "3.8.8", minimum required is "3.5") 
[1.101s] -- Using PYTHON_EXECUTABLE: /home/sam/anaconda3/bin/python3
[1.101s] -- Using PYTHON_INCLUDE_DIRS: /home/sam/anaconda3/include/python3.8
[1.102s] -- Using PYTHON_LIBRARIES: /home/sam/anaconda3/lib/libpython3.8.so
[1.122s] -- Found PythonExtra: .so  
[1.396s] -- Using numpy include directory: /home/sam/anaconda3/lib/python3.8/site-packages/numpy/core/include
[1.415s] -- Added test 'copyright' to check source files copyright and LICENSE
[1.417s] -- Added test 'cppcheck' to perform static code analysis on C / C++ code
[1.418s] -- Configured cppcheck include dirs: $<BUILD_INTERFACE:/home/sam/AST/src/messages_package/include>
[1.418s] -- Configured cppcheck exclude dirs and/or files: 
[1.419s] -- Added test 'cpplint' to check C / C++ code against the Google style
[1.419s] -- Configured cpplint exclude dirs and/or files: 
[1.420s] -- Added test 'lint_cmake' to check CMake code style
[1.421s] -- Added test 'uncrustify' to check C / C++ code style
[1.421s] -- Configured uncrustify additional arguments: 
[1.422s] -- Added test 'xmllint' to check XML markup files
[1.432s] -- Configuring done
[1.462s] CMake Warning at /opt/ros/foxy/share/rosidl_generator_py/cmake/rosidl_generator_py_generate_interfaces.cmake:235 (add_library):
[1.462s]   Cannot generate a safe runtime search path for target
[1.462s]   messages_package__rosidl_typesupport_fastrtps_c__pyext because files in
[1.463s]   some directories may conflict with libraries in implicit directories:
[1.463s] 
[1.463s]     runtime library [libssl.so.1.1] in /usr/lib/x86_64-linux-gnu may be hidden by files in:
[1.463s]       /home/sam/anaconda3/lib
[1.463s]     runtime library [libcrypto.so.1.1] in /usr/lib/x86_64-linux-gnu may be hidden by files in:
[1.463s]       /home/sam/anaconda3/lib
[1.463s] 
[1.463s]   Some of these libraries may not be found correctly.
[1.463s] Call Stack (most recent call first):
[1.463s]   /opt/ros/foxy/share/ament_cmake_core/cmake/core/ament_execute_extensions.cmake:48 (include)
[1.463s]   /opt/ros/foxy/share/rosidl_cmake/cmake/rosidl_generate_interfaces.cmake:286 (ament_execute_extensions)
[1.463s]   CMakeLists.txt:46 (rosidl_generate_interfaces)
[1.463s] 
[1.463s] 
[1.505s] -- Generating done
[1.507s] -- Build files have been written to: /home/sam/AST/build/messages_package
[1.532s] [35m[1mScanning dependencies of target messages_package__cpp[0m
[1.533s] [35m[1mScanning dependencies of target messages_node[0m
[1.534s] [  1%] [34m[1mGenerating C code for ROS interfaces[0m
[1.543s] [  2%] [34m[1mGenerating C++ code for ROS interfaces[0m
[1.544s] [  2%] [32mBuilding CXX object CMakeFiles/messages_node.dir/src/messages_node.cpp.o[0m
[1.650s] [  3%] [32m[1mLinking CXX executable messages_node[0m
[1.705s] [  3%] Built target messages_node
[2.731s] [  3%] Built target messages_package__cpp
[2.754s] [  5%] [34m[1mGenerating C++ type support for eProsima Fast-RTPS[0m
[2.755s] [  5%] [34m[1mGenerating C++ type support dispatch for ROS interfaces[0m
[2.755s] [  6%] [34m[1mGenerating C++ introspection for ROS interfaces[0m
[2.823s] [35m[1mScanning dependencies of target messages_package__rosidl_generator_c[0m
[2.844s] [  6%] [32mBuilding C object CMakeFiles/messages_package__rosidl_generator_c.dir/rosidl_generator_c/messages_package/msg/detail/coordinates__functions.c.o[0m
[2.845s] [  7%] [32mBuilding C object CMakeFiles/messages_package__rosidl_generator_c.dir/rosidl_generator_c/messages_package/msg/detail/delivery__functions.c.o[0m
[2.845s] [  8%] [32mBuilding C object CMakeFiles/messages_package__rosidl_generator_c.dir/rosidl_generator_c/messages_package/msg/detail/robot_distance__functions.c.o[0m
[2.846s] [  9%] [32mBuilding C object CMakeFiles/messages_package__rosidl_generator_c.dir/rosidl_generator_c/messages_package/msg/detail/robot_location__functions.c.o[0m
[2.846s] [ 11%] [32mBuilding C object CMakeFiles/messages_package__rosidl_generator_c.dir/rosidl_generator_c/messages_package/srv/detail/delivery__functions.c.o[0m
[2.846s] [ 11%] [32mBuilding C object CMakeFiles/messages_package__rosidl_generator_c.dir/rosidl_generator_c/messages_package/msg/detail/item__functions.c.o[0m
[2.851s] [ 12%] [32mBuilding C object CMakeFiles/messages_package__rosidl_generator_c.dir/rosidl_generator_c/messages_package/srv/detail/pick_up_item__functions.c.o[0m
[2.859s] [ 13%] [32mBuilding C object CMakeFiles/messages_package__rosidl_generator_c.dir/rosidl_generator_c/messages_package/srv/detail/put_down_item__functions.c.o[0m
[2.859s] [ 14%] [32mBuilding C object CMakeFiles/messages_package__rosidl_generator_c.dir/rosidl_generator_c/messages_package/action/detail/charge_robot__functions.c.o[0m
[2.966s] [ 14%] [32mBuilding C object CMakeFiles/messages_package__rosidl_generator_c.dir/rosidl_generator_c/messages_package/action/detail/move_item__functions.c.o[0m
[2.972s] [ 15%] [32mBuilding C object CMakeFiles/messages_package__rosidl_generator_c.dir/rosidl_generator_c/messages_package/action/detail/order__functions.c.o[0m
[3.096s] [ 16%] [32m[1mLinking C shared library libmessages_package__rosidl_generator_c.so[0m
[3.141s] [ 16%] Built target messages_package__rosidl_generator_c
[3.152s] [ 17%] [34m[1mGenerating C introspection for ROS interfaces[0m
[3.153s] [ 18%] [34m[1mGenerating C type support dispatch for ROS interfaces[0m
[3.660s] [35m[1mScanning dependencies of target messages_package__rosidl_typesupport_cpp[0m
[3.692s] [ 20%] [32mBuilding CXX object CMakeFiles/messages_package__rosidl_typesupport_cpp.dir/rosidl_typesupport_cpp/messages_package/msg/item__type_support.cpp.o[0m
[3.692s] [ 21%] [32mBuilding CXX object CMakeFiles/messages_package__rosidl_typesupport_cpp.dir/rosidl_typesupport_cpp/messages_package/msg/delivery__type_support.cpp.o[0m
[3.693s] [ 22%] [32mBuilding CXX object CMakeFiles/messages_package__rosidl_typesupport_cpp.dir/rosidl_typesupport_cpp/messages_package/msg/robot_location__type_support.cpp.o[0m
[3.698s] [ 20%] [32mBuilding CXX object CMakeFiles/messages_package__rosidl_typesupport_cpp.dir/rosidl_typesupport_cpp/messages_package/msg/coordinates__type_support.cpp.o[0m
[3.699s] [ 23%] [32mBuilding CXX object CMakeFiles/messages_package__rosidl_typesupport_cpp.dir/rosidl_typesupport_cpp/messages_package/msg/robot_distance__type_support.cpp.o[0m
[3.702s] [ 23%] [32mBuilding CXX object CMakeFiles/messages_package__rosidl_typesupport_cpp.dir/rosidl_typesupport_cpp/messages_package/srv/put_down_item__type_support.cpp.o[0m
[3.703s] [ 24%] [32mBuilding CXX object CMakeFiles/messages_package__rosidl_typesupport_cpp.dir/rosidl_typesupport_cpp/messages_package/srv/delivery__type_support.cpp.o[0m
[3.706s] [ 25%] [32mBuilding CXX object CMakeFiles/messages_package__rosidl_typesupport_cpp.dir/rosidl_typesupport_cpp/messages_package/srv/pick_up_item__type_support.cpp.o[0m
[4.205s] [ 26%] [32mBuilding CXX object CMakeFiles/messages_package__rosidl_typesupport_cpp.dir/rosidl_typesupport_cpp/messages_package/action/charge_robot__type_support.cpp.o[0m
[4.230s] [ 27%] [32mBuilding CXX object CMakeFiles/messages_package__rosidl_typesupport_cpp.dir/rosidl_typesupport_cpp/messages_package/action/move_item__type_support.cpp.o[0m
[4.252s] [ 28%] [32mBuilding CXX object CMakeFiles/messages_package__rosidl_typesupport_cpp.dir/rosidl_typesupport_cpp/messages_package/action/order__type_support.cpp.o[0m
[4.265s] [35m[1mScanning dependencies of target messages_package__rosidl_typesupport_c[0m
[4.300s] [ 29%] [32mBuilding CXX object CMakeFiles/messages_package__rosidl_typesupport_c.dir/rosidl_typesupport_c/messages_package/msg/coordinates__type_support.cpp.o[0m
[4.302s] [ 31%] [32mBuilding CXX object CMakeFiles/messages_package__rosidl_typesupport_c.dir/rosidl_typesupport_c/messages_package/msg/item__type_support.cpp.o[0m
[4.302s] [ 31%] [32mBuilding CXX object CMakeFiles/messages_package__rosidl_typesupport_c.dir/rosidl_typesupport_c/messages_package/msg/delivery__type_support.cpp.o[0m
[4.323s] [ 32%] [32mBuilding CXX object CMakeFiles/messages_package__rosidl_typesupport_c.dir/rosidl_typesupport_c/messages_package/msg/robot_distance__type_support.cpp.o[0m
[4.344s] [35m[1mScanning dependencies of target messages_package__rosidl_typesupport_introspection_cpp[0m
[4.358s] [ 33%] [32mBuilding CXX object CMakeFiles/messages_package__rosidl_typesupport_c.dir/rosidl_typesupport_c/messages_package/srv/delivery__type_support.cpp.o[0m
[4.362s] [ 34%] [32mBuilding CXX object CMakeFiles/messages_package__rosidl_typesupport_c.dir/rosidl_typesupport_c/messages_package/srv/pick_up_item__type_support.cpp.o[0m
[4.368s] [ 34%] [32mBuilding CXX object CMakeFiles/messages_package__rosidl_typesupport_c.dir/rosidl_typesupport_c/messages_package/msg/robot_location__type_support.cpp.o[0m
[4.375s] [ 35%] [32mBuilding CXX object CMakeFiles/messages_package__rosidl_typesupport_c.dir/rosidl_typesupport_c/messages_package/srv/put_down_item__type_support.cpp.o[0m
[4.388s] [ 36%] [32mBuilding CXX object CMakeFiles/messages_package__rosidl_typesupport_introspection_cpp.dir/rosidl_typesupport_introspection_cpp/messages_package/msg/detail/coordinates__type_support.cpp.o[0m
[4.395s] [ 37%] [32mBuilding CXX object CMakeFiles/messages_package__rosidl_typesupport_c.dir/rosidl_typesupport_c/messages_package/action/charge_robot__type_support.cpp.o[0m
[4.410s] [ 38%] [32mBuilding CXX object CMakeFiles/messages_package__rosidl_typesupport_c.dir/rosidl_typesupport_c/messages_package/action/move_item__type_support.cpp.o[0m
[4.419s] [ 39%] [32mBuilding CXX object CMakeFiles/messages_package__rosidl_typesupport_introspection_cpp.dir/rosidl_typesupport_introspection_cpp/messages_package/msg/detail/item__type_support.cpp.o[0m
[4.435s] [ 40%] [32mBuilding CXX object CMakeFiles/messages_package__rosidl_typesupport_introspection_cpp.dir/rosidl_typesupport_introspection_cpp/messages_package/msg/detail/delivery__type_support.cpp.o[0m
[4.436s] [ 41%] [32mBuilding CXX object CMakeFiles/messages_package__rosidl_typesupport_c.dir/rosidl_typesupport_c/messages_package/action/order__type_support.cpp.o[0m
[4.447s] [ 41%] [32mBuilding CXX object CMakeFiles/messages_package__rosidl_typesupport_introspection_cpp.dir/rosidl_typesupport_introspection_cpp/messages_package/msg/detail/robot_distance__type_support.cpp.o[0m
[4.496s] [ 42%] [32mBuilding CXX object CMakeFiles/messages_package__rosidl_typesupport_introspection_cpp.dir/rosidl_typesupport_introspection_cpp/messages_package/msg/detail/robot_location__type_support.cpp.o[0m
[4.579s] [ 43%] [32mBuilding CXX object CMakeFiles/messages_package__rosidl_typesupport_introspection_cpp.dir/rosidl_typesupport_introspection_cpp/messages_package/srv/detail/delivery__type_support.cpp.o[0m
[4.627s] [ 44%] [32m[1mLinking CXX shared library libmessages_package__rosidl_typesupport_c.so[0m
[4.747s] [ 44%] Built target messages_package__rosidl_typesupport_c
[4.802s] [ 45%] [32mBuilding CXX object CMakeFiles/messages_package__rosidl_typesupport_introspection_cpp.dir/rosidl_typesupport_introspection_cpp/messages_package/srv/detail/pick_up_item__type_support.cpp.o[0m
[4.870s] [ 46%] [32mBuilding CXX object CMakeFiles/messages_package__rosidl_typesupport_introspection_cpp.dir/rosidl_typesupport_introspection_cpp/messages_package/action/detail/charge_robot__type_support.cpp.o[0m
[4.879s] [ 47%] [32mBuilding CXX object CMakeFiles/messages_package__rosidl_typesupport_introspection_cpp.dir/rosidl_typesupport_introspection_cpp/messages_package/srv/detail/put_down_item__type_support.cpp.o[0m
[4.911s] [ 48%] [32m[1mLinking CXX shared library libmessages_package__rosidl_typesupport_cpp.so[0m
[4.913s] [ 49%] [32mBuilding CXX object CMakeFiles/messages_package__rosidl_typesupport_introspection_cpp.dir/rosidl_typesupport_introspection_cpp/messages_package/action/detail/move_item__type_support.cpp.o[0m
[4.963s] [ 50%] [32mBuilding CXX object CMakeFiles/messages_package__rosidl_typesupport_introspection_cpp.dir/rosidl_typesupport_introspection_cpp/messages_package/action/detail/order__type_support.cpp.o[0m
[5.012s] [ 50%] Built target messages_package__rosidl_typesupport_cpp
[5.034s] [35m[1mScanning dependencies of target messages_package__rosidl_typesupport_fastrtps_cpp[0m
[5.103s] [ 51%] [32mBuilding CXX object CMakeFiles/messages_package__rosidl_typesupport_fastrtps_cpp.dir/rosidl_typesupport_fastrtps_cpp/messages_package/msg/detail/dds_fastrtps/coordinates__type_support.cpp.o[0m
[5.103s] [ 54%] [32mBuilding CXX object CMakeFiles/messages_package__rosidl_typesupport_fastrtps_cpp.dir/rosidl_typesupport_fastrtps_cpp/messages_package/msg/detail/dds_fastrtps/robot_distance__type_support.cpp.o[0m
[5.104s] [ 54%] [32mBuilding CXX object CMakeFiles/messages_package__rosidl_typesupport_fastrtps_cpp.dir/rosidl_typesupport_fastrtps_cpp/messages_package/msg/detail/dds_fastrtps/item__type_support.cpp.o[0m
[5.104s] [ 52%] [32mBuilding CXX object CMakeFiles/messages_package__rosidl_typesupport_fastrtps_cpp.dir/rosidl_typesupport_fastrtps_cpp/messages_package/msg/detail/dds_fastrtps/delivery__type_support.cpp.o[0m
[5.114s] [35m[1mScanning dependencies of target messages_package__rosidl_typesupport_introspection_c[0m
[5.116s] [ 55%] [32mBuilding CXX object CMakeFiles/messages_package__rosidl_typesupport_fastrtps_cpp.dir/rosidl_typesupport_fastrtps_cpp/messages_package/msg/detail/dds_fastrtps/robot_location__type_support.cpp.o[0m
[5.159s] [ 55%] [32mBuilding CXX object CMakeFiles/messages_package__rosidl_typesupport_fastrtps_cpp.dir/rosidl_typesupport_fastrtps_cpp/messages_package/srv/detail/dds_fastrtps/delivery__type_support.cpp.o[0m
[5.206s] [ 55%] [32mBuilding C object CMakeFiles/messages_package__rosidl_typesupport_introspection_c.dir/rosidl_typesupport_introspection_c/messages_package/msg/detail/coordinates__type_support.c.o[0m
[5.296s] [ 56%] [32mBuilding C object CMakeFiles/messages_package__rosidl_typesupport_introspection_c.dir/rosidl_typesupport_introspection_c/messages_package/msg/detail/delivery__type_support.c.o[0m
[5.420s] [ 57%] [32mBuilding C object CMakeFiles/messages_package__rosidl_typesupport_introspection_c.dir/rosidl_typesupport_introspection_c/messages_package/msg/detail/item__type_support.c.o[0m
[5.443s] [ 58%] [32mBuilding CXX object CMakeFiles/messages_package__rosidl_typesupport_fastrtps_cpp.dir/rosidl_typesupport_fastrtps_cpp/messages_package/srv/detail/dds_fastrtps/pick_up_item__type_support.cpp.o[0m
[5.507s] [ 59%] [32mBuilding C object CMakeFiles/messages_package__rosidl_typesupport_introspection_c.dir/rosidl_typesupport_introspection_c/messages_package/msg/detail/robot_distance__type_support.c.o[0m
[5.508s] [ 60%] [32mBuilding C object CMakeFiles/messages_package__rosidl_typesupport_introspection_c.dir/rosidl_typesupport_introspection_c/messages_package/msg/detail/robot_location__type_support.c.o[0m
[5.510s] [ 61%] [32mBuilding CXX object CMakeFiles/messages_package__rosidl_typesupport_fastrtps_cpp.dir/rosidl_typesupport_fastrtps_cpp/messages_package/srv/detail/dds_fastrtps/put_down_item__type_support.cpp.o[0m
[5.566s] [ 62%] [32mBuilding CXX object CMakeFiles/messages_package__rosidl_typesupport_fastrtps_cpp.dir/rosidl_typesupport_fastrtps_cpp/messages_package/action/detail/dds_fastrtps/charge_robot__type_support.cpp.o[0m
[5.572s] [ 63%] [32mBuilding CXX object CMakeFiles/messages_package__rosidl_typesupport_fastrtps_cpp.dir/rosidl_typesupport_fastrtps_cpp/messages_package/action/detail/dds_fastrtps/move_item__type_support.cpp.o[0m
[5.643s] [ 64%] [32mBuilding C object CMakeFiles/messages_package__rosidl_typesupport_introspection_c.dir/rosidl_typesupport_introspection_c/messages_package/srv/detail/delivery__type_support.c.o[0m
[5.765s] [ 65%] [32mBuilding C object CMakeFiles/messages_package__rosidl_typesupport_introspection_c.dir/rosidl_typesupport_introspection_c/messages_package/srv/detail/pick_up_item__type_support.c.o[0m
[5.771s] [ 66%] [32m[1mLinking CXX shared library libmessages_package__rosidl_typesupport_introspection_cpp.so[0m
[5.849s] [ 67%] [32mBuilding C object CMakeFiles/messages_package__rosidl_typesupport_introspection_c.dir/rosidl_typesupport_introspection_c/messages_package/srv/detail/put_down_item__type_support.c.o[0m
[5.917s] [ 68%] [32mBuilding CXX object CMakeFiles/messages_package__rosidl_typesupport_fastrtps_cpp.dir/rosidl_typesupport_fastrtps_cpp/messages_package/action/detail/dds_fastrtps/order__type_support.cpp.o[0m
[5.932s] [ 69%] [32mBuilding C object CMakeFiles/messages_package__rosidl_typesupport_introspection_c.dir/rosidl_typesupport_introspection_c/messages_package/action/detail/charge_robot__type_support.c.o[0m
[5.945s] [ 69%] [32mBuilding C object CMakeFiles/messages_package__rosidl_typesupport_introspection_c.dir/rosidl_typesupport_introspection_c/messages_package/action/detail/move_item__type_support.c.o[0m
[5.963s] [ 69%] Built target messages_package__rosidl_typesupport_introspection_cpp
[5.963s] [ 70%] [32mBuilding C object CMakeFiles/messages_package__rosidl_typesupport_introspection_c.dir/rosidl_typesupport_introspection_c/messages_package/action/detail/order__type_support.c.o[0m
[6.046s] [ 71%] [32m[1mLinking C shared library libmessages_package__rosidl_typesupport_introspection_c.so[0m
[6.089s] [ 71%] Built target messages_package__rosidl_typesupport_introspection_c
[6.498s] [ 72%] [32m[1mLinking CXX shared library libmessages_package__rosidl_typesupport_fastrtps_cpp.so[0m
[6.585s] [ 72%] Built target messages_package__rosidl_typesupport_fastrtps_cpp
[6.596s] [ 73%] [34m[1mGenerating C type support for eProsima Fast-RTPS[0m
[7.620s] [35m[1mScanning dependencies of target messages_package__rosidl_typesupport_fastrtps_c[0m
[7.654s] [ 74%] [32mBuilding CXX object CMakeFiles/messages_package__rosidl_typesupport_fastrtps_c.dir/rosidl_typesupport_fastrtps_c/messages_package/msg/detail/robot_distance__type_support_c.cpp.o[0m
[7.655s] [ 75%] [32mBuilding CXX object CMakeFiles/messages_package__rosidl_typesupport_fastrtps_c.dir/rosidl_typesupport_fastrtps_c/messages_package/msg/detail/coordinates__type_support_c.cpp.o[0m
[7.655s] [ 76%] [32mBuilding CXX object CMakeFiles/messages_package__rosidl_typesupport_fastrtps_c.dir/rosidl_typesupport_fastrtps_c/messages_package/msg/detail/delivery__type_support_c.cpp.o[0m
[7.656s] [ 77%] [32mBuilding CXX object CMakeFiles/messages_package__rosidl_typesupport_fastrtps_c.dir/rosidl_typesupport_fastrtps_c/messages_package/msg/detail/robot_location__type_support_c.cpp.o[0m
[7.656s] [ 77%] [32mBuilding CXX object CMakeFiles/messages_package__rosidl_typesupport_fastrtps_c.dir/rosidl_typesupport_fastrtps_c/messages_package/msg/detail/item__type_support_c.cpp.o[0m
[7.657s] [ 78%] [32mBuilding CXX object CMakeFiles/messages_package__rosidl_typesupport_fastrtps_c.dir/rosidl_typesupport_fastrtps_c/messages_package/srv/detail/delivery__type_support_c.cpp.o[0m
[7.657s] [ 79%] [32mBuilding CXX object CMakeFiles/messages_package__rosidl_typesupport_fastrtps_c.dir/rosidl_typesupport_fastrtps_c/messages_package/srv/detail/put_down_item__type_support_c.cpp.o[0m
[7.658s] [ 80%] [32mBuilding CXX object CMakeFiles/messages_package__rosidl_typesupport_fastrtps_c.dir/rosidl_typesupport_fastrtps_c/messages_package/srv/detail/pick_up_item__type_support_c.cpp.o[0m
[7.658s] [ 81%] [32mBuilding CXX object CMakeFiles/messages_package__rosidl_typesupport_fastrtps_c.dir/rosidl_typesupport_fastrtps_c/messages_package/action/detail/move_item__type_support_c.cpp.o[0m
[7.660s] [ 82%] [32mBuilding CXX object CMakeFiles/messages_package__rosidl_typesupport_fastrtps_c.dir/rosidl_typesupport_fastrtps_c/messages_package/action/detail/charge_robot__type_support_c.cpp.o[0m
[7.667s] [ 83%] [32mBuilding CXX object CMakeFiles/messages_package__rosidl_typesupport_fastrtps_c.dir/rosidl_typesupport_fastrtps_c/messages_package/action/detail/order__type_support_c.cpp.o[0m
[8.411s] [ 83%] [32m[1mLinking CXX shared library libmessages_package__rosidl_typesupport_fastrtps_c.so[0m
[8.500s] [ 83%] Built target messages_package__rosidl_typesupport_fastrtps_c
[8.510s] [35m[1mScanning dependencies of target messages_package[0m
[8.521s] [ 83%] Built target messages_package
[8.533s] [35m[1mScanning dependencies of target messages_package__py[0m
[8.544s] [ 84%] [34m[1mGenerating Python code for ROS interfaces[0m
[11.112s] [ 84%] Built target messages_package__py
[11.121s] [35m[1mScanning dependencies of target messages_package__python[0m
[11.174s] [ 85%] [32mBuilding C object CMakeFiles/messages_package__python.dir/rosidl_generator_py/messages_package/msg/_delivery_s.c.o[0m
[11.174s] [ 86%] [32mBuilding C object CMakeFiles/messages_package__python.dir/rosidl_generator_py/messages_package/msg/_coordinates_s.c.o[0m
[11.175s] [ 86%] [32mBuilding C object CMakeFiles/messages_package__python.dir/rosidl_generator_py/messages_package/msg/_robot_location_s.c.o[0m
[11.175s] [ 87%] [32mBuilding C object CMakeFiles/messages_package__python.dir/rosidl_generator_py/messages_package/msg/_item_s.c.o[0m
[11.176s] [ 88%] [32mBuilding C object CMakeFiles/messages_package__python.dir/rosidl_generator_py/messages_package/msg/_robot_distance_s.c.o[0m
[11.176s] [ 89%] [32mBuilding C object CMakeFiles/messages_package__python.dir/rosidl_generator_py/messages_package/srv/_delivery_s.c.o[0m
[11.177s] [ 90%] [32mBuilding C object CMakeFiles/messages_package__python.dir/rosidl_generator_py/messages_package/srv/_pick_up_item_s.c.o[0m
[11.178s] [ 92%] [32mBuilding C object CMakeFiles/messages_package__python.dir/rosidl_generator_py/messages_package/action/_move_item_s.c.o[0m
[11.178s] [ 92%] [32mBuilding C object CMakeFiles/messages_package__python.dir/rosidl_generator_py/messages_package/srv/_put_down_item_s.c.o[0m
[11.178s] [ 93%] [32mBuilding C object CMakeFiles/messages_package__python.dir/rosidl_generator_py/messages_package/action/_order_s.c.o[0m
[11.179s] [ 94%] [32mBuilding C object CMakeFiles/messages_package__python.dir/rosidl_generator_py/messages_package/action/_charge_robot_s.c.o[0m
[11.387s] [ 95%] [32m[1mLinking C shared library rosidl_generator_py/messages_package/libmessages_package__python.so[0m
[11.430s] [ 95%] Built target messages_package__python
[11.439s] [35m[1mScanning dependencies of target messages_package__rosidl_typesupport_introspection_c__pyext[0m
[11.439s] [35m[1mScanning dependencies of target messages_package__rosidl_typesupport_c__pyext[0m
[11.439s] [35m[1mScanning dependencies of target messages_package__rosidl_typesupport_fastrtps_c__pyext[0m
[11.457s] [ 98%] [32mBuilding C object CMakeFiles/messages_package__rosidl_typesupport_fastrtps_c__pyext.dir/rosidl_generator_py/messages_package/_messages_package_s.ep.rosidl_typesupport_fastrtps_c.c.o[0m
[11.457s] [ 98%] [32mBuilding C object CMakeFiles/messages_package__rosidl_typesupport_introspection_c__pyext.dir/rosidl_generator_py/messages_package/_messages_package_s.ep.rosidl_typesupport_introspection_c.c.o[0m
[11.457s] [ 98%] [32mBuilding C object CMakeFiles/messages_package__rosidl_typesupport_c__pyext.dir/rosidl_generator_py/messages_package/_messages_package_s.ep.rosidl_typesupport_c.c.o[0m
[11.636s] [ 98%] [32m[1mLinking C shared library rosidl_generator_py/messages_package/messages_package_s__rosidl_typesupport_c.cpython-38-x86_64-linux-gnu.so[0m
[11.640s] [ 99%] [32m[1mLinking CXX shared library rosidl_generator_py/messages_package/messages_package_s__rosidl_typesupport_fastrtps_c.cpython-38-x86_64-linux-gnu.so[0m
[11.644s] [100%] [32m[1mLinking C shared library rosidl_generator_py/messages_package/messages_package_s__rosidl_typesupport_introspection_c.cpython-38-x86_64-linux-gnu.so[0m
[11.675s] [100%] Built target messages_package__rosidl_typesupport_c__pyext
[11.685s] [100%] Built target messages_package__rosidl_typesupport_introspection_c__pyext
[11.716s] [100%] Built target messages_package__rosidl_typesupport_fastrtps_c__pyext
[11.729s] Invoked command in '/home/sam/AST/build/messages_package' returned '0': CMAKE_PREFIX_PATH=/opt/ros/foxy CONDA_PROMPT_MODIFIER=(base) /usr/bin/cmake --build /home/sam/AST/build/messages_package -- -j12 -l12
[11.897s] Invoking command in '/home/sam/AST/build/messages_package': CMAKE_PREFIX_PATH=/opt/ros/foxy CONDA_PROMPT_MODIFIER=(base) /usr/bin/cmake --install /home/sam/AST/build/messages_package
[11.904s] -- Install configuration: ""
[11.905s] -- Installing: /home/sam/AST/install/messages_package/lib/messages_package/messages_node
[11.905s] -- Installing: /home/sam/AST/install/messages_package/share/ament_index/resource_index/rosidl_interfaces/messages_package
[11.905s] -- Installing: /home/sam/AST/install/messages_package/include/messages_package
[11.905s] -- Installing: /home/sam/AST/install/messages_package/include/messages_package/action
[11.906s] -- Installing: /home/sam/AST/install/messages_package/include/messages_package/action/move_item.h
[11.906s] -- Installing: /home/sam/AST/install/messages_package/include/messages_package/action/charge_robot.h
[11.906s] -- Installing: /home/sam/AST/install/messages_package/include/messages_package/action/detail
[11.906s] -- Installing: /home/sam/AST/install/messages_package/include/messages_package/action/detail/order__type_support.h
[11.906s] -- Installing: /home/sam/AST/install/messages_package/include/messages_package/action/detail/charge_robot__struct.h
[11.906s] -- Installing: /home/sam/AST/install/messages_package/include/messages_package/action/detail/move_item__functions.c
[11.906s] -- Installing: /home/sam/AST/install/messages_package/include/messages_package/action/detail/order__struct.h
[11.906s] -- Installing: /home/sam/AST/install/messages_package/include/messages_package/action/detail/move_item__functions.h
[11.906s] -- Installing: /home/sam/AST/install/messages_package/include/messages_package/action/detail/move_item__struct.h
[11.906s] -- Installing: /home/sam/AST/install/messages_package/include/messages_package/action/detail/charge_robot__functions.c
[11.906s] -- Installing: /home/sam/AST/install/messages_package/include/messages_package/action/detail/charge_robot__type_support.h
[11.906s] -- Installing: /home/sam/AST/install/messages_package/include/messages_package/action/detail/order__functions.h
[11.906s] -- Installing: /home/sam/AST/install/messages_package/include/messages_package/action/detail/order__functions.c
[11.906s] -- Installing: /home/sam/AST/install/messages_package/include/messages_package/action/detail/charge_robot__functions.h
[11.906s] -- Installing: /home/sam/AST/install/messages_package/include/messages_package/action/detail/move_item__type_support.h
[11.907s] -- Installing: /home/sam/AST/install/messages_package/include/messages_package/action/order.h
[11.907s] -- Installing: /home/sam/AST/install/messages_package/include/messages_package/srv
[11.907s] -- Installing: /home/sam/AST/install/messages_package/include/messages_package/srv/put_down_item.h
[11.907s] -- Installing: /home/sam/AST/install/messages_package/include/messages_package/srv/delivery.h
[11.907s] -- Installing: /home/sam/AST/install/messages_package/include/messages_package/srv/pick_up_item.h
[11.907s] -- Installing: /home/sam/AST/install/messages_package/include/messages_package/srv/detail
[11.907s] -- Installing: /home/sam/AST/install/messages_package/include/messages_package/srv/detail/put_down_item__type_support.h
[11.907s] -- Installing: /home/sam/AST/install/messages_package/include/messages_package/srv/detail/delivery__functions.h
[11.907s] -- Installing: /home/sam/AST/install/messages_package/include/messages_package/srv/detail/pick_up_item__functions.h
[11.907s] -- Installing: /home/sam/AST/install/messages_package/include/messages_package/srv/detail/put_down_item__struct.h
[11.907s] -- Installing: /home/sam/AST/install/messages_package/include/messages_package/srv/detail/pick_up_item__struct.h
[11.907s] -- Installing: /home/sam/AST/install/messages_package/include/messages_package/srv/detail/put_down_item__functions.c
[11.907s] -- Installing: /home/sam/AST/install/messages_package/include/messages_package/srv/detail/pick_up_item__type_support.h
[11.907s] -- Installing: /home/sam/AST/install/messages_package/include/messages_package/srv/detail/delivery__type_support.h
[11.907s] -- Installing: /home/sam/AST/install/messages_package/include/messages_package/srv/detail/put_down_item__functions.h
[11.908s] -- Installing: /home/sam/AST/install/messages_package/include/messages_package/srv/detail/delivery__functions.c
[11.908s] -- Installing: /home/sam/AST/install/messages_package/include/messages_package/srv/detail/pick_up_item__functions.c
[11.908s] -- Installing: /home/sam/AST/install/messages_package/include/messages_package/srv/detail/delivery__struct.h
[11.908s] -- Installing: /home/sam/AST/install/messages_package/include/messages_package/msg
[11.908s] -- Installing: /home/sam/AST/install/messages_package/include/messages_package/msg/rosidl_generator_c__visibility_control.h
[11.908s] -- Installing: /home/sam/AST/install/messages_package/include/messages_package/msg/coordinates.h
[11.908s] -- Installing: /home/sam/AST/install/messages_package/include/messages_package/msg/robot_location.h
[11.908s] -- Installing: /home/sam/AST/install/messages_package/include/messages_package/msg/robot_distance.h
[11.908s] -- Installing: /home/sam/AST/install/messages_package/include/messages_package/msg/item.h
[11.908s] -- Installing: /home/sam/AST/install/messages_package/include/messages_package/msg/delivery.h
[11.908s] -- Installing: /home/sam/AST/install/messages_package/include/messages_package/msg/detail
[11.908s] -- Installing: /home/sam/AST/install/messages_package/include/messages_package/msg/detail/robot_distance__functions.c
[11.908s] -- Installing: /home/sam/AST/install/messages_package/include/messages_package/msg/detail/robot_location__functions.c
[11.909s] -- Installing: /home/sam/AST/install/messages_package/include/messages_package/msg/detail/delivery__functions.h
[11.909s] -- Installing: /home/sam/AST/install/messages_package/include/messages_package/msg/detail/coordinates__functions.c
[11.909s] -- Installing: /home/sam/AST/install/messages_package/include/messages_package/msg/detail/robot_location__functions.h
[11.909s] -- Installing: /home/sam/AST/install/messages_package/include/messages_package/msg/detail/item__functions.h
[11.909s] -- Installing: /home/sam/AST/install/messages_package/include/messages_package/msg/detail/item__struct.h
[11.909s] -- Installing: /home/sam/AST/install/messages_package/include/messages_package/msg/detail/delivery__type_support.h
[11.909s] -- Installing: /home/sam/AST/install/messages_package/include/messages_package/msg/detail/delivery__functions.c
[11.909s] -- Installing: /home/sam/AST/install/messages_package/include/messages_package/msg/detail/coordinates__type_support.h
[11.909s] -- Installing: /home/sam/AST/install/messages_package/include/messages_package/msg/detail/robot_location__type_support.h
[11.909s] -- Installing: /home/sam/AST/install/messages_package/include/messages_package/msg/detail/delivery__struct.h
[11.909s] -- Installing: /home/sam/AST/install/messages_package/include/messages_package/msg/detail/robot_location__struct.h
[11.909s] -- Installing: /home/sam/AST/install/messages_package/include/messages_package/msg/detail/robot_distance__type_support.h
[11.909s] -- Installing: /home/sam/AST/install/messages_package/include/messages_package/msg/detail/coordinates__struct.h
[11.910s] -- Installing: /home/sam/AST/install/messages_package/include/messages_package/msg/detail/robot_distance__functions.h
[11.910s] -- Installing: /home/sam/AST/install/messages_package/include/messages_package/msg/detail/item__type_support.h
[11.910s] -- Installing: /home/sam/AST/install/messages_package/include/messages_package/msg/detail/item__functions.c
[11.910s] -- Installing: /home/sam/AST/install/messages_package/include/messages_package/msg/detail/coordinates__functions.h
[11.910s] -- Installing: /home/sam/AST/install/messages_package/include/messages_package/msg/detail/robot_distance__struct.h
[11.910s] -- Installing: /home/sam/AST/install/messages_package/share/messages_package/environment/library_path.sh
[11.910s] -- Installing: /home/sam/AST/install/messages_package/share/messages_package/environment/library_path.dsv
[11.911s] -- Installing: /home/sam/AST/install/messages_package/lib/libmessages_package__rosidl_generator_c.so
[11.911s] -- Set runtime path of "/home/sam/AST/install/messages_package/lib/libmessages_package__rosidl_generator_c.so" to ""
[11.911s] -- Up-to-date: /home/sam/AST/install/messages_package/include/messages_package
[11.911s] -- Up-to-date: /home/sam/AST/install/messages_package/include/messages_package/action
[11.911s] -- Up-to-date: /home/sam/AST/install/messages_package/include/messages_package/action/detail
[11.911s] -- Installing: /home/sam/AST/install/messages_package/include/messages_package/action/detail/order__rosidl_typesupport_fastrtps_c.h
[11.911s] -- Installing: /home/sam/AST/install/messages_package/include/messages_package/action/detail/charge_robot__rosidl_typesupport_fastrtps_c.h
[11.911s] -- Installing: /home/sam/AST/install/messages_package/include/messages_package/action/detail/move_item__rosidl_typesupport_fastrtps_c.h
[11.912s] -- Up-to-date: /home/sam/AST/install/messages_package/include/messages_package/srv
[11.912s] -- Up-to-date: /home/sam/AST/install/messages_package/include/messages_package/srv/detail
[11.912s] -- Installing: /home/sam/AST/install/messages_package/include/messages_package/srv/detail/put_down_item__rosidl_typesupport_fastrtps_c.h
[11.912s] -- Installing: /home/sam/AST/install/messages_package/include/messages_package/srv/detail/pick_up_item__rosidl_typesupport_fastrtps_c.h
[11.912s] -- Installing: /home/sam/AST/install/messages_package/include/messages_package/srv/detail/delivery__rosidl_typesupport_fastrtps_c.h
[11.912s] -- Up-to-date: /home/sam/AST/install/messages_package/include/messages_package/msg
[11.912s] -- Installing: /home/sam/AST/install/messages_package/include/messages_package/msg/rosidl_typesupport_fastrtps_c__visibility_control.h
[11.912s] -- Up-to-date: /home/sam/AST/install/messages_package/include/messages_package/msg/detail
[11.912s] -- Installing: /home/sam/AST/install/messages_package/include/messages_package/msg/detail/robot_distance__rosidl_typesupport_fastrtps_c.h
[11.912s] -- Installing: /home/sam/AST/install/messages_package/include/messages_package/msg/detail/coordinates__rosidl_typesupport_fastrtps_c.h
[11.912s] -- Installing: /home/sam/AST/install/messages_package/include/messages_package/msg/detail/robot_location__rosidl_typesupport_fastrtps_c.h
[11.912s] -- Installing: /home/sam/AST/install/messages_package/include/messages_package/msg/detail/item__rosidl_typesupport_fastrtps_c.h
[11.912s] -- Installing: /home/sam/AST/install/messages_package/include/messages_package/msg/detail/delivery__rosidl_typesupport_fastrtps_c.h
[11.912s] -- Installing: /home/sam/AST/install/messages_package/lib/libmessages_package__rosidl_typesupport_fastrtps_c.so
[11.913s] -- Set runtime path of "/home/sam/AST/install/messages_package/lib/libmessages_package__rosidl_typesupport_fastrtps_c.so" to ""
[11.913s] -- Up-to-date: /home/sam/AST/install/messages_package/include/messages_package
[11.913s] -- Up-to-date: /home/sam/AST/install/messages_package/include/messages_package/action
[11.913s] -- Up-to-date: /home/sam/AST/install/messages_package/include/messages_package/action/detail
[11.913s] -- Installing: /home/sam/AST/install/messages_package/include/messages_package/action/detail/order__rosidl_typesupport_fastrtps_cpp.hpp
[11.913s] -- Installing: /home/sam/AST/install/messages_package/include/messages_package/action/detail/charge_robot__rosidl_typesupport_fastrtps_cpp.hpp
[11.913s] -- Installing: /home/sam/AST/install/messages_package/include/messages_package/action/detail/dds_fastrtps
[11.913s] -- Installing: /home/sam/AST/install/messages_package/include/messages_package/action/detail/move_item__rosidl_typesupport_fastrtps_cpp.hpp
[11.913s] -- Up-to-date: /home/sam/AST/install/messages_package/include/messages_package/srv
[11.913s] -- Up-to-date: /home/sam/AST/install/messages_package/include/messages_package/srv/detail
[11.913s] -- Installing: /home/sam/AST/install/messages_package/include/messages_package/srv/detail/pick_up_item__rosidl_typesupport_fastrtps_cpp.hpp
[11.913s] -- Installing: /home/sam/AST/install/messages_package/include/messages_package/srv/detail/put_down_item__rosidl_typesupport_fastrtps_cpp.hpp
[11.914s] -- Installing: /home/sam/AST/install/messages_package/include/messages_package/srv/detail/dds_fastrtps
[11.914s] -- Installing: /home/sam/AST/install/messages_package/include/messages_package/srv/detail/delivery__rosidl_typesupport_fastrtps_cpp.hpp
[11.914s] -- Up-to-date: /home/sam/AST/install/messages_package/include/messages_package/msg
[11.914s] -- Installing: /home/sam/AST/install/messages_package/include/messages_package/msg/rosidl_typesupport_fastrtps_cpp__visibility_control.h
[11.914s] -- Up-to-date: /home/sam/AST/install/messages_package/include/messages_package/msg/detail
[11.914s] -- Installing: /home/sam/AST/install/messages_package/include/messages_package/msg/detail/coordinates__rosidl_typesupport_fastrtps_cpp.hpp
[11.914s] -- Installing: /home/sam/AST/install/messages_package/include/messages_package/msg/detail/item__rosidl_typesupport_fastrtps_cpp.hpp
[11.914s] -- Installing: /home/sam/AST/install/messages_package/include/messages_package/msg/detail/dds_fastrtps
[11.914s] -- Installing: /home/sam/AST/install/messages_package/include/messages_package/msg/detail/robot_distance__rosidl_typesupport_fastrtps_cpp.hpp
[11.914s] -- Installing: /home/sam/AST/install/messages_package/include/messages_package/msg/detail/delivery__rosidl_typesupport_fastrtps_cpp.hpp
[11.914s] -- Installing: /home/sam/AST/install/messages_package/include/messages_package/msg/detail/robot_location__rosidl_typesupport_fastrtps_cpp.hpp
[11.914s] -- Installing: /home/sam/AST/install/messages_package/lib/libmessages_package__rosidl_typesupport_fastrtps_cpp.so
[11.915s] -- Set runtime path of "/home/sam/AST/install/messages_package/lib/libmessages_package__rosidl_typesupport_fastrtps_cpp.so" to ""
[11.915s] -- Up-to-date: /home/sam/AST/install/messages_package/include/messages_package
[11.915s] -- Up-to-date: /home/sam/AST/install/messages_package/include/messages_package/action
[11.915s] -- Up-to-date: /home/sam/AST/install/messages_package/include/messages_package/action/detail
[11.915s] -- Installing: /home/sam/AST/install/messages_package/include/messages_package/action/detail/charge_robot__rosidl_typesupport_introspection_c.h
[11.915s] -- Installing: /home/sam/AST/install/messages_package/include/messages_package/action/detail/charge_robot__type_support.c
[11.915s] -- Installing: /home/sam/AST/install/messages_package/include/messages_package/action/detail/move_item__type_support.c
[11.915s] -- Installing: /home/sam/AST/install/messages_package/include/messages_package/action/detail/move_item__rosidl_typesupport_introspection_c.h
[11.915s] -- Installing: /home/sam/AST/install/messages_package/include/messages_package/action/detail/order__rosidl_typesupport_introspection_c.h
[11.915s] -- Installing: /home/sam/AST/install/messages_package/include/messages_package/action/detail/order__type_support.c
[11.915s] -- Up-to-date: /home/sam/AST/install/messages_package/include/messages_package/srv
[11.916s] -- Up-to-date: /home/sam/AST/install/messages_package/include/messages_package/srv/detail
[11.916s] -- Installing: /home/sam/AST/install/messages_package/include/messages_package/srv/detail/delivery__rosidl_typesupport_introspection_c.h
[11.916s] -- Installing: /home/sam/AST/install/messages_package/include/messages_package/srv/detail/delivery__type_support.c
[11.916s] -- Installing: /home/sam/AST/install/messages_package/include/messages_package/srv/detail/pick_up_item__rosidl_typesupport_introspection_c.h
[11.916s] -- Installing: /home/sam/AST/install/messages_package/include/messages_package/srv/detail/pick_up_item__type_support.c
[11.916s] -- Installing: /home/sam/AST/install/messages_package/include/messages_package/srv/detail/put_down_item__rosidl_typesupport_introspection_c.h
[11.916s] -- Installing: /home/sam/AST/install/messages_package/include/messages_package/srv/detail/put_down_item__type_support.c
[11.916s] -- Up-to-date: /home/sam/AST/install/messages_package/include/messages_package/msg
[11.916s] -- Installing: /home/sam/AST/install/messages_package/include/messages_package/msg/rosidl_typesupport_introspection_c__visibility_control.h
[11.916s] -- Up-to-date: /home/sam/AST/install/messages_package/include/messages_package/msg/detail
[11.916s] -- Installing: /home/sam/AST/install/messages_package/include/messages_package/msg/detail/robot_distance__rosidl_typesupport_introspection_c.h
[11.916s] -- Installing: /home/sam/AST/install/messages_package/include/messages_package/msg/detail/coordinates__rosidl_typesupport_introspection_c.h
[11.917s] -- Installing: /home/sam/AST/install/messages_package/include/messages_package/msg/detail/robot_distance__type_support.c
[11.917s] -- Installing: /home/sam/AST/install/messages_package/include/messages_package/msg/detail/delivery__rosidl_typesupport_introspection_c.h
[11.917s] -- Installing: /home/sam/AST/install/messages_package/include/messages_package/msg/detail/delivery__type_support.c
[11.917s] -- Installing: /home/sam/AST/install/messages_package/include/messages_package/msg/detail/item__type_support.c
[11.917s] -- Installing: /home/sam/AST/install/messages_package/include/messages_package/msg/detail/robot_location__rosidl_typesupport_introspection_c.h
[11.917s] -- Installing: /home/sam/AST/install/messages_package/include/messages_package/msg/detail/coordinates__type_support.c
[11.917s] -- Installing: /home/sam/AST/install/messages_package/include/messages_package/msg/detail/item__rosidl_typesupport_introspection_c.h
[11.917s] -- Installing: /home/sam/AST/install/messages_package/include/messages_package/msg/detail/robot_location__type_support.c
[11.917s] -- Installing: /home/sam/AST/install/messages_package/lib/libmessages_package__rosidl_typesupport_introspection_c.so
[11.917s] -- Set runtime path of "/home/sam/AST/install/messages_package/lib/libmessages_package__rosidl_typesupport_introspection_c.so" to ""
[11.918s] -- Installing: /home/sam/AST/install/messages_package/lib/libmessages_package__rosidl_typesupport_c.so
[11.918s] -- Set runtime path of "/home/sam/AST/install/messages_package/lib/libmessages_package__rosidl_typesupport_c.so" to ""
[11.918s] -- Up-to-date: /home/sam/AST/install/messages_package/include/messages_package
[11.918s] -- Up-to-date: /home/sam/AST/install/messages_package/include/messages_package/action
[11.918s] -- Installing: /home/sam/AST/install/messages_package/include/messages_package/action/charge_robot.hpp
[11.919s] -- Installing: /home/sam/AST/install/messages_package/include/messages_package/action/order.hpp
[11.919s] -- Installing: /home/sam/AST/install/messages_package/include/messages_package/action/move_item.hpp
[11.919s] -- Up-to-date: /home/sam/AST/install/messages_package/include/messages_package/action/detail
[11.919s] -- Installing: /home/sam/AST/install/messages_package/include/messages_package/action/detail/order__struct.hpp
[11.919s] -- Installing: /home/sam/AST/install/messages_package/include/messages_package/action/detail/charge_robot__struct.hpp
[11.919s] -- Installing: /home/sam/AST/install/messages_package/include/messages_package/action/detail/charge_robot__builder.hpp
[11.919s] -- Installing: /home/sam/AST/install/messages_package/include/messages_package/action/detail/charge_robot__traits.hpp
[11.919s] -- Installing: /home/sam/AST/install/messages_package/include/messages_package/action/detail/move_item__traits.hpp
[11.919s] -- Installing: /home/sam/AST/install/messages_package/include/messages_package/action/detail/order__traits.hpp
[11.919s] -- Installing: /home/sam/AST/install/messages_package/include/messages_package/action/detail/move_item__builder.hpp
[11.919s] -- Installing: /home/sam/AST/install/messages_package/include/messages_package/action/detail/move_item__struct.hpp
[11.920s] -- Installing: /home/sam/AST/install/messages_package/include/messages_package/action/detail/order__builder.hpp
[11.920s] -- Up-to-date: /home/sam/AST/install/messages_package/include/messages_package/srv
[11.920s] -- Installing: /home/sam/AST/install/messages_package/include/messages_package/srv/pick_up_item.hpp
[11.920s] -- Installing: /home/sam/AST/install/messages_package/include/messages_package/srv/delivery.hpp
[11.920s] -- Up-to-date: /home/sam/AST/install/messages_package/include/messages_package/srv/detail
[11.920s] -- Installing: /home/sam/AST/install/messages_package/include/messages_package/srv/detail/pick_up_item__traits.hpp
[11.920s] -- Installing: /home/sam/AST/install/messages_package/include/messages_package/srv/detail/delivery__struct.hpp
[11.920s] -- Installing: /home/sam/AST/install/messages_package/include/messages_package/srv/detail/delivery__builder.hpp
[11.920s] -- Installing: /home/sam/AST/install/messages_package/include/messages_package/srv/detail/pick_up_item__builder.hpp
[11.920s] -- Installing: /home/sam/AST/install/messages_package/include/messages_package/srv/detail/put_down_item__traits.hpp
[11.920s] -- Installing: /home/sam/AST/install/messages_package/include/messages_package/srv/detail/put_down_item__builder.hpp
[11.921s] -- Installing: /home/sam/AST/install/messages_package/include/messages_package/srv/detail/delivery__traits.hpp
[11.921s] -- Installing: /home/sam/AST/install/messages_package/include/messages_package/srv/detail/put_down_item__struct.hpp
[11.921s] -- Installing: /home/sam/AST/install/messages_package/include/messages_package/srv/detail/pick_up_item__struct.hpp
[11.921s] -- Installing: /home/sam/AST/install/messages_package/include/messages_package/srv/put_down_item.hpp
[11.921s] -- Up-to-date: /home/sam/AST/install/messages_package/include/messages_package/msg
[11.921s] -- Installing: /home/sam/AST/install/messages_package/include/messages_package/msg/robot_location.hpp
[11.921s] -- Installing: /home/sam/AST/install/messages_package/include/messages_package/msg/item.hpp
[11.921s] -- Installing: /home/sam/AST/install/messages_package/include/messages_package/msg/delivery.hpp
[11.921s] -- Installing: /home/sam/AST/install/messages_package/include/messages_package/msg/robot_distance.hpp
[11.921s] -- Installing: /home/sam/AST/install/messages_package/include/messages_package/msg/coordinates.hpp
[11.921s] -- Up-to-date: /home/sam/AST/install/messages_package/include/messages_package/msg/detail
[11.921s] -- Installing: /home/sam/AST/install/messages_package/include/messages_package/msg/detail/item__traits.hpp
[11.921s] -- Installing: /home/sam/AST/install/messages_package/include/messages_package/msg/detail/item__builder.hpp
[11.921s] -- Installing: /home/sam/AST/install/messages_package/include/messages_package/msg/detail/coordinates__builder.hpp
[11.922s] -- Installing: /home/sam/AST/install/messages_package/include/messages_package/msg/detail/delivery__struct.hpp
[11.922s] -- Installing: /home/sam/AST/install/messages_package/include/messages_package/msg/detail/robot_distance__struct.hpp
[11.922s] -- Installing: /home/sam/AST/install/messages_package/include/messages_package/msg/detail/robot_location__traits.hpp
[11.922s] -- Installing: /home/sam/AST/install/messages_package/include/messages_package/msg/detail/delivery__builder.hpp
[11.922s] -- Installing: /home/sam/AST/install/messages_package/include/messages_package/msg/detail/coordinates__struct.hpp
[11.922s] -- Installing: /home/sam/AST/install/messages_package/include/messages_package/msg/detail/coordinates__traits.hpp
[11.922s] -- Installing: /home/sam/AST/install/messages_package/include/messages_package/msg/detail/robot_location__struct.hpp
[11.922s] -- Installing: /home/sam/AST/install/messages_package/include/messages_package/msg/detail/robot_distance__traits.hpp
[11.922s] -- Installing: /home/sam/AST/install/messages_package/include/messages_package/msg/detail/item__struct.hpp
[11.922s] -- Installing: /home/sam/AST/install/messages_package/include/messages_package/msg/detail/delivery__traits.hpp
[11.922s] -- Installing: /home/sam/AST/install/messages_package/include/messages_package/msg/detail/robot_distance__builder.hpp
[11.922s] -- Installing: /home/sam/AST/install/messages_package/include/messages_package/msg/detail/robot_location__builder.hpp
[11.922s] -- Up-to-date: /home/sam/AST/install/messages_package/include/messages_package
[11.922s] -- Up-to-date: /home/sam/AST/install/messages_package/include/messages_package/action
[11.923s] -- Up-to-date: /home/sam/AST/install/messages_package/include/messages_package/action/detail
[11.923s] -- Installing: /home/sam/AST/install/messages_package/include/messages_package/action/detail/order__rosidl_typesupport_introspection_cpp.hpp
[11.923s] -- Installing: /home/sam/AST/install/messages_package/include/messages_package/action/detail/charge_robot__rosidl_typesupport_introspection_cpp.hpp
[11.923s] -- Installing: /home/sam/AST/install/messages_package/include/messages_package/action/detail/charge_robot__type_support.cpp
[11.923s] -- Installing: /home/sam/AST/install/messages_package/include/messages_package/action/detail/move_item__rosidl_typesupport_introspection_cpp.hpp
[11.923s] -- Installing: /home/sam/AST/install/messages_package/include/messages_package/action/detail/order__type_support.cpp
[11.923s] -- Installing: /home/sam/AST/install/messages_package/include/messages_package/action/detail/move_item__type_support.cpp
[11.923s] -- Up-to-date: /home/sam/AST/install/messages_package/include/messages_package/srv
[11.923s] -- Up-to-date: /home/sam/AST/install/messages_package/include/messages_package/srv/detail
[11.923s] -- Installing: /home/sam/AST/install/messages_package/include/messages_package/srv/detail/put_down_item__rosidl_typesupport_introspection_cpp.hpp
[11.923s] -- Installing: /home/sam/AST/install/messages_package/include/messages_package/srv/detail/delivery__type_support.cpp
[11.923s] -- Installing: /home/sam/AST/install/messages_package/include/messages_package/srv/detail/pick_up_item__rosidl_typesupport_introspection_cpp.hpp
[11.923s] -- Installing: /home/sam/AST/install/messages_package/include/messages_package/srv/detail/pick_up_item__type_support.cpp
[11.924s] -- Installing: /home/sam/AST/install/messages_package/include/messages_package/srv/detail/put_down_item__type_support.cpp
[11.924s] -- Installing: /home/sam/AST/install/messages_package/include/messages_package/srv/detail/delivery__rosidl_typesupport_introspection_cpp.hpp
[11.924s] -- Up-to-date: /home/sam/AST/install/messages_package/include/messages_package/msg
[11.924s] -- Up-to-date: /home/sam/AST/install/messages_package/include/messages_package/msg/detail
[11.924s] -- Installing: /home/sam/AST/install/messages_package/include/messages_package/msg/detail/coordinates__type_support.cpp
[11.924s] -- Installing: /home/sam/AST/install/messages_package/include/messages_package/msg/detail/robot_distance__rosidl_typesupport_introspection_cpp.hpp
[11.924s] -- Installing: /home/sam/AST/install/messages_package/include/messages_package/msg/detail/robot_distance__type_support.cpp
[11.924s] -- Installing: /home/sam/AST/install/messages_package/include/messages_package/msg/detail/delivery__type_support.cpp
[11.924s] -- Installing: /home/sam/AST/install/messages_package/include/messages_package/msg/detail/coordinates__rosidl_typesupport_introspection_cpp.hpp
[11.924s] -- Installing: /home/sam/AST/install/messages_package/include/messages_package/msg/detail/item__rosidl_typesupport_introspection_cpp.hpp
[11.924s] -- Installing: /home/sam/AST/install/messages_package/include/messages_package/msg/detail/robot_location__rosidl_typesupport_introspection_cpp.hpp
[11.924s] -- Installing: /home/sam/AST/install/messages_package/include/messages_package/msg/detail/robot_location__type_support.cpp
[11.924s] -- Installing: /home/sam/AST/install/messages_package/include/messages_package/msg/detail/item__type_support.cpp
[11.924s] -- Installing: /home/sam/AST/install/messages_package/include/messages_package/msg/detail/delivery__rosidl_typesupport_introspection_cpp.hpp
[11.925s] -- Installing: /home/sam/AST/install/messages_package/lib/libmessages_package__rosidl_typesupport_introspection_cpp.so
[11.925s] -- Set runtime path of "/home/sam/AST/install/messages_package/lib/libmessages_package__rosidl_typesupport_introspection_cpp.so" to ""
[11.925s] -- Installing: /home/sam/AST/install/messages_package/lib/libmessages_package__rosidl_typesupport_cpp.so
[11.925s] -- Set runtime path of "/home/sam/AST/install/messages_package/lib/libmessages_package__rosidl_typesupport_cpp.so" to ""
[11.925s] -- Installing: /home/sam/AST/install/messages_package/share/messages_package/environment/pythonpath.sh
[11.926s] -- Installing: /home/sam/AST/install/messages_package/share/messages_package/environment/pythonpath.dsv
[11.926s] -- Installing: /home/sam/AST/install/messages_package/lib/python3.8/site-packages/messages_package/__init__.py
[11.955s] Compiling '/home/sam/AST/install/messages_package/lib/python3.8/site-packages/messages_package/__init__.py'...
[11.958s] -- Installing: /home/sam/AST/install/messages_package/lib/python3.8/site-packages/messages_package/msg
[11.958s] -- Installing: /home/sam/AST/install/messages_package/lib/python3.8/site-packages/messages_package/msg/__init__.py
[11.958s] -- Installing: /home/sam/AST/install/messages_package/lib/python3.8/site-packages/messages_package/msg/_robot_location_s.c
[11.958s] -- Installing: /home/sam/AST/install/messages_package/lib/python3.8/site-packages/messages_package/msg/_coordinates.py
[11.958s] -- Installing: /home/sam/AST/install/messages_package/lib/python3.8/site-packages/messages_package/msg/_coordinates_s.c
[11.958s] -- Installing: /home/sam/AST/install/messages_package/lib/python3.8/site-packages/messages_package/msg/_robot_distance_s.c
[11.958s] -- Installing: /home/sam/AST/install/messages_package/lib/python3.8/site-packages/messages_package/msg/_item.py
[11.958s] -- Installing: /home/sam/AST/install/messages_package/lib/python3.8/site-packages/messages_package/msg/_robot_distance.py
[11.958s] -- Installing: /home/sam/AST/install/messages_package/lib/python3.8/site-packages/messages_package/msg/_delivery.py
[11.958s] -- Installing: /home/sam/AST/install/messages_package/lib/python3.8/site-packages/messages_package/msg/_robot_location.py
[11.958s] -- Installing: /home/sam/AST/install/messages_package/lib/python3.8/site-packages/messages_package/msg/_item_s.c
[11.959s] -- Installing: /home/sam/AST/install/messages_package/lib/python3.8/site-packages/messages_package/msg/_delivery_s.c
[11.959s] -- Installing: /home/sam/AST/install/messages_package/lib/python3.8/site-packages/messages_package/srv
[11.959s] -- Installing: /home/sam/AST/install/messages_package/lib/python3.8/site-packages/messages_package/srv/__init__.py
[11.959s] -- Installing: /home/sam/AST/install/messages_package/lib/python3.8/site-packages/messages_package/srv/_put_down_item_s.c
[11.959s] -- Installing: /home/sam/AST/install/messages_package/lib/python3.8/site-packages/messages_package/srv/_delivery.py
[11.959s] -- Installing: /home/sam/AST/install/messages_package/lib/python3.8/site-packages/messages_package/srv/_put_down_item.py
[11.959s] -- Installing: /home/sam/AST/install/messages_package/lib/python3.8/site-packages/messages_package/srv/_pick_up_item.py
[11.959s] -- Installing: /home/sam/AST/install/messages_package/lib/python3.8/site-packages/messages_package/srv/_pick_up_item_s.c
[11.959s] -- Installing: /home/sam/AST/install/messages_package/lib/python3.8/site-packages/messages_package/srv/_delivery_s.c
[11.959s] -- Installing: /home/sam/AST/install/messages_package/lib/python3.8/site-packages/messages_package/action
[11.959s] -- Installing: /home/sam/AST/install/messages_package/lib/python3.8/site-packages/messages_package/action/__init__.py
[11.959s] -- Installing: /home/sam/AST/install/messages_package/lib/python3.8/site-packages/messages_package/action/_order_s.c
[11.959s] -- Installing: /home/sam/AST/install/messages_package/lib/python3.8/site-packages/messages_package/action/_charge_robot_s.c
[11.959s] -- Installing: /home/sam/AST/install/messages_package/lib/python3.8/site-packages/messages_package/action/_move_item.py
[11.959s] -- Installing: /home/sam/AST/install/messages_package/lib/python3.8/site-packages/messages_package/action/_move_item_s.c
[11.959s] -- Installing: /home/sam/AST/install/messages_package/lib/python3.8/site-packages/messages_package/action/_order.py
[11.960s] -- Installing: /home/sam/AST/install/messages_package/lib/python3.8/site-packages/messages_package/action/_charge_robot.py
[11.960s] -- Installing: /home/sam/AST/install/messages_package/lib/python3.8/site-packages/messages_package/messages_package_s__rosidl_typesupport_fastrtps_c.cpython-38-x86_64-linux-gnu.so
[11.960s] -- Set runtime path of "/home/sam/AST/install/messages_package/lib/python3.8/site-packages/messages_package/messages_package_s__rosidl_typesupport_fastrtps_c.cpython-38-x86_64-linux-gnu.so" to ""
[11.961s] -- Installing: /home/sam/AST/install/messages_package/lib/python3.8/site-packages/messages_package/messages_package_s__rosidl_typesupport_introspection_c.cpython-38-x86_64-linux-gnu.so
[11.961s] -- Set runtime path of "/home/sam/AST/install/messages_package/lib/python3.8/site-packages/messages_package/messages_package_s__rosidl_typesupport_introspection_c.cpython-38-x86_64-linux-gnu.so" to ""
[11.961s] -- Installing: /home/sam/AST/install/messages_package/lib/python3.8/site-packages/messages_package/messages_package_s__rosidl_typesupport_c.cpython-38-x86_64-linux-gnu.so
[11.962s] -- Set runtime path of "/home/sam/AST/install/messages_package/lib/python3.8/site-packages/messages_package/messages_package_s__rosidl_typesupport_c.cpython-38-x86_64-linux-gnu.so" to ""
[11.962s] -- Installing: /home/sam/AST/install/messages_package/lib/libmessages_package__python.so
[11.962s] -- Set runtime path of "/home/sam/AST/install/messages_package/lib/libmessages_package__python.so" to ""
[11.962s] -- Installing: /home/sam/AST/install/messages_package/share/messages_package/msg/Coordinates.idl
[11.963s] -- Installing: /home/sam/AST/install/messages_package/share/messages_package/msg/Delivery.idl
[11.963s] -- Installing: /home/sam/AST/install/messages_package/share/messages_package/msg/Item.idl
[11.963s] -- Installing: /home/sam/AST/install/messages_package/share/messages_package/msg/RobotDistance.idl
[11.963s] -- Installing: /home/sam/AST/install/messages_package/share/messages_package/msg/RobotLocation.idl
[11.963s] -- Installing: /home/sam/AST/install/messages_package/share/messages_package/srv/Delivery.idl
[11.963s] -- Installing: /home/sam/AST/install/messages_package/share/messages_package/srv/PickUpItem.idl
[11.963s] -- Installing: /home/sam/AST/install/messages_package/share/messages_package/srv/PutDownItem.idl
[11.963s] -- Installing: /home/sam/AST/install/messages_package/share/messages_package/action/ChargeRobot.idl
[11.963s] -- Installing: /home/sam/AST/install/messages_package/share/messages_package/action/MoveItem.idl
[11.963s] -- Installing: /home/sam/AST/install/messages_package/share/messages_package/action/Order.idl
[11.963s] -- Installing: /home/sam/AST/install/messages_package/share/messages_package/msg/Coordinates.msg
[11.964s] -- Installing: /home/sam/AST/install/messages_package/share/messages_package/msg/Delivery.msg
[11.964s] -- Installing: /home/sam/AST/install/messages_package/share/messages_package/msg/Item.msg
[11.964s] -- Installing: /home/sam/AST/install/messages_package/share/messages_package/msg/RobotDistance.msg
[11.964s] -- Installing: /home/sam/AST/install/messages_package/share/messages_package/msg/RobotLocation.msg
[11.964s] -- Installing: /home/sam/AST/install/messages_package/share/messages_package/srv/Delivery.srv
[11.964s] -- Installing: /home/sam/AST/install/messages_package/share/messages_package/srv/Delivery_Request.msg
[11.964s] -- Installing: /home/sam/AST/install/messages_package/share/messages_package/srv/Delivery_Response.msg
[11.964s] -- Installing: /home/sam/AST/install/messages_package/share/messages_package/srv/PickUpItem.srv
[11.964s] -- Installing: /home/sam/AST/install/messages_package/share/messages_package/srv/PickUpItem_Request.msg
[11.965s] -- Installing: /home/sam/AST/install/messages_package/share/messages_package/srv/PickUpItem_Response.msg
[11.965s] -- Installing: /home/sam/AST/install/messages_package/share/messages_package/srv/PutDownItem.srv
[11.965s] -- Installing: /home/sam/AST/install/messages_package/share/messages_package/srv/PutDownItem_Request.msg
[11.965s] -- Installing: /home/sam/AST/install/messages_package/share/messages_package/srv/PutDownItem_Response.msg
[11.965s] -- Installing: /home/sam/AST/install/messages_package/share/messages_package/action/ChargeRobot.action
[11.965s] -- Installing: /home/sam/AST/install/messages_package/share/messages_package/action/MoveItem.action
[11.965s] -- Installing: /home/sam/AST/install/messages_package/share/messages_package/action/Order.action
[11.966s] -- Installing: /home/sam/AST/install/messages_package/share/ament_index/resource_index/package_run_dependencies/messages_package
[11.966s] -- Installing: /home/sam/AST/install/messages_package/share/ament_index/resource_index/parent_prefix_path/messages_package
[11.966s] -- Up-to-date: /home/sam/AST/install/messages_package/share/messages_package/environment/ament_prefix_path.sh
[11.966s] -- Installing: /home/sam/AST/install/messages_package/share/messages_package/environment/ament_prefix_path.dsv
[11.966s] -- Up-to-date: /home/sam/AST/install/messages_package/share/messages_package/environment/path.sh
[11.966s] -- Installing: /home/sam/AST/install/messages_package/share/messages_package/environment/path.dsv
[11.966s] -- Up-to-date: /home/sam/AST/install/messages_package/share/messages_package/local_setup.bash
[11.966s] -- Installing: /home/sam/AST/install/messages_package/share/messages_package/local_setup.sh
[11.967s] -- Up-to-date: /home/sam/AST/install/messages_package/share/messages_package/local_setup.zsh
[11.967s] -- Installing: /home/sam/AST/install/messages_package/share/messages_package/local_setup.dsv
[11.967s] -- Installing: /home/sam/AST/install/messages_package/share/messages_package/package.dsv
[11.967s] -- Up-to-date: /home/sam/AST/install/messages_package/share/ament_index/resource_index/packages/messages_package
[11.967s] -- Installing: /home/sam/AST/install/messages_package/share/messages_package/cmake/messages_package__rosidl_generator_cExport.cmake
[11.967s] -- Installing: /home/sam/AST/install/messages_package/share/messages_package/cmake/messages_package__rosidl_generator_cExport-noconfig.cmake
[11.967s] -- Installing: /home/sam/AST/install/messages_package/share/messages_package/cmake/messages_package__rosidl_typesupport_introspection_cExport.cmake
[11.967s] -- Installing: /home/sam/AST/install/messages_package/share/messages_package/cmake/messages_package__rosidl_typesupport_introspection_cExport-noconfig.cmake
[11.968s] -- Installing: /home/sam/AST/install/messages_package/share/messages_package/cmake/messages_package__rosidl_typesupport_cExport.cmake
[11.968s] -- Installing: /home/sam/AST/install/messages_package/share/messages_package/cmake/messages_package__rosidl_typesupport_cExport-noconfig.cmake
[11.968s] -- Installing: /home/sam/AST/install/messages_package/share/messages_package/cmake/messages_package__rosidl_generator_cppExport.cmake
[11.968s] -- Installing: /home/sam/AST/install/messages_package/share/messages_package/cmake/messages_package__rosidl_typesupport_introspection_cppExport.cmake
[11.968s] -- Installing: /home/sam/AST/install/messages_package/share/messages_package/cmake/messages_package__rosidl_typesupport_introspection_cppExport-noconfig.cmake
[11.968s] -- Installing: /home/sam/AST/install/messages_package/share/messages_package/cmake/messages_package__rosidl_typesupport_cppExport.cmake
[11.968s] -- Installing: /home/sam/AST/install/messages_package/share/messages_package/cmake/messages_package__rosidl_typesupport_cppExport-noconfig.cmake
[11.969s] -- Installing: /home/sam/AST/install/messages_package/share/messages_package/cmake/rosidl_cmake-extras.cmake
[11.969s] -- Installing: /home/sam/AST/install/messages_package/share/messages_package/cmake/ament_cmake_export_dependencies-extras.cmake
[11.969s] -- Installing: /home/sam/AST/install/messages_package/share/messages_package/cmake/ament_cmake_export_libraries-extras.cmake
[11.969s] -- Installing: /home/sam/AST/install/messages_package/share/messages_package/cmake/ament_cmake_export_targets-extras.cmake
[11.969s] -- Installing: /home/sam/AST/install/messages_package/share/messages_package/cmake/ament_cmake_export_include_directories-extras.cmake
[11.969s] -- Installing: /home/sam/AST/install/messages_package/share/messages_package/cmake/rosidl_cmake_export_typesupport_libraries-extras.cmake
[11.969s] -- Installing: /home/sam/AST/install/messages_package/share/messages_package/cmake/rosidl_cmake_export_typesupport_targets-extras.cmake
[11.969s] -- Installing: /home/sam/AST/install/messages_package/share/messages_package/cmake/messages_packageConfig.cmake
[11.969s] -- Up-to-date: /home/sam/AST/install/messages_package/share/messages_package/cmake/messages_packageConfig-version.cmake
[11.969s] -- Installing: /home/sam/AST/install/messages_package/share/messages_package/package.xml
[11.973s] Invoked command in '/home/sam/AST/build/messages_package' returned '0': CMAKE_PREFIX_PATH=/opt/ros/foxy CONDA_PROMPT_MODIFIER=(base) /usr/bin/cmake --install /home/sam/AST/build/messages_package
