[0.207s] Invoking command in '/home/sam/AST/src/py_pubsub': CONDA_PROMPT_MODIFIER=(base) PYTHONPATH=/home/sam/AST/install/py_pubsub/lib/python3.8/site-packages:${PYTHONPATH} /usr/bin/python3 setup.py egg_info --egg-base ../../build/py_pubsub build --build-base /home/sam/AST/build/py_pubsub/build install --prefix /home/sam/AST/install/py_pubsub --record /home/sam/AST/build/py_pubsub/install.log --single-version-externally-managed
[0.390s] running egg_info
[0.390s] creating ../../build/py_pubsub/py_pubsub.egg-info
[0.390s] writing ../../build/py_pubsub/py_pubsub.egg-info/PKG-INFO
[0.391s] writing dependency_links to ../../build/py_pubsub/py_pubsub.egg-info/dependency_links.txt
[0.391s] writing entry points to ../../build/py_pubsub/py_pubsub.egg-info/entry_points.txt
[0.391s] writing requirements to ../../build/py_pubsub/py_pubsub.egg-info/requires.txt
[0.391s] writing top-level names to ../../build/py_pubsub/py_pubsub.egg-info/top_level.txt
[0.392s] writing manifest file '../../build/py_pubsub/py_pubsub.egg-info/SOURCES.txt'
[0.416s] reading manifest file '../../build/py_pubsub/py_pubsub.egg-info/SOURCES.txt'
[0.417s] writing manifest file '../../build/py_pubsub/py_pubsub.egg-info/SOURCES.txt'
[0.417s] running build
[0.418s] running build_py
[0.418s] creating /home/sam/AST/build/py_pubsub/build
[0.418s] creating /home/sam/AST/build/py_pubsub/build/lib
[0.418s] creating /home/sam/AST/build/py_pubsub/build/lib/py_pubsub
[0.418s] copying py_pubsub/__init__.py -> /home/sam/AST/build/py_pubsub/build/lib/py_pubsub
[0.418s] copying py_pubsub/publisher_member_function.py -> /home/sam/AST/build/py_pubsub/build/lib/py_pubsub
[0.418s] copying py_pubsub/subscriber_member_function.py -> /home/sam/AST/build/py_pubsub/build/lib/py_pubsub
[0.418s] running install
[0.419s] running install_lib
[0.419s] creating /home/sam/AST/install/py_pubsub/lib/python3.8/site-packages/py_pubsub
[0.419s] copying /home/sam/AST/build/py_pubsub/build/lib/py_pubsub/__init__.py -> /home/sam/AST/install/py_pubsub/lib/python3.8/site-packages/py_pubsub
[0.419s] copying /home/sam/AST/build/py_pubsub/build/lib/py_pubsub/publisher_member_function.py -> /home/sam/AST/install/py_pubsub/lib/python3.8/site-packages/py_pubsub
[0.420s] copying /home/sam/AST/build/py_pubsub/build/lib/py_pubsub/subscriber_member_function.py -> /home/sam/AST/install/py_pubsub/lib/python3.8/site-packages/py_pubsub
[0.420s] byte-compiling /home/sam/AST/install/py_pubsub/lib/python3.8/site-packages/py_pubsub/__init__.py to __init__.cpython-38.pyc
[0.421s] byte-compiling /home/sam/AST/install/py_pubsub/lib/python3.8/site-packages/py_pubsub/publisher_member_function.py to publisher_member_function.cpython-38.pyc
[0.421s] byte-compiling /home/sam/AST/install/py_pubsub/lib/python3.8/site-packages/py_pubsub/subscriber_member_function.py to subscriber_member_function.cpython-38.pyc
[0.421s] running install_data
[0.421s] creating /home/sam/AST/install/py_pubsub/share/ament_index
[0.422s] creating /home/sam/AST/install/py_pubsub/share/ament_index/resource_index
[0.422s] creating /home/sam/AST/install/py_pubsub/share/ament_index/resource_index/packages
[0.422s] copying resource/py_pubsub -> /home/sam/AST/install/py_pubsub/share/ament_index/resource_index/packages
[0.422s] copying package.xml -> /home/sam/AST/install/py_pubsub/share/py_pubsub
[0.422s] running install_egg_info
[0.423s] Copying ../../build/py_pubsub/py_pubsub.egg-info to /home/sam/AST/install/py_pubsub/lib/python3.8/site-packages/py_pubsub-0.0.0-py3.8.egg-info
[0.423s] running install_scripts
[0.436s] Installing listener script to /home/sam/AST/install/py_pubsub/lib/py_pubsub
[0.436s] Installing talker script to /home/sam/AST/install/py_pubsub/lib/py_pubsub
[0.436s] writing list of installed files to '/home/sam/AST/build/py_pubsub/install.log'
[0.450s] Invoked command in '/home/sam/AST/src/py_pubsub' returned '0': CONDA_PROMPT_MODIFIER=(base) PYTHONPATH=/home/sam/AST/install/py_pubsub/lib/python3.8/site-packages:${PYTHONPATH} /usr/bin/python3 setup.py egg_info --egg-base ../../build/py_pubsub build --build-base /home/sam/AST/build/py_pubsub/build install --prefix /home/sam/AST/install/py_pubsub --record /home/sam/AST/build/py_pubsub/install.log --single-version-externally-managed
