[0.395s] Invoking command in '/home/kunal/AST_Robot_Warehouse/src/warehouse_robot_package': AMENT_PREFIX_PATH=/home/kunal/AST_Robot_Warehouse/install/messages_package:${AMENT_PREFIX_PATH} CMAKE_PREFIX_PATH=/home/kunal/AST_Robot_Warehouse/install/messages_package LD_LIBRARY_PATH=/home/kunal/AST_Robot_Warehouse/install/messages_package/lib:${LD_LIBRARY_PATH} PYTHONPATH=/home/kunal/AST_Robot_Warehouse/install/warehouse_robot_package/lib/python3.8/site-packages:/home/kunal/AST_Robot_Warehouse/install/messages_package/lib/python3.8/site-packages:${PYTHONPATH} /usr/bin/python3 setup.py egg_info --egg-base ../../build/warehouse_robot_package build --build-base /home/kunal/AST_Robot_Warehouse/build/warehouse_robot_package/build install --prefix /home/kunal/AST_Robot_Warehouse/install/warehouse_robot_package --record /home/kunal/AST_Robot_Warehouse/build/warehouse_robot_package/install.log --single-version-externally-managed
[0.567s] running egg_info
[0.568s] writing ../../build/warehouse_robot_package/warehouse_robot_package.egg-info/PKG-INFO
[0.569s] writing dependency_links to ../../build/warehouse_robot_package/warehouse_robot_package.egg-info/dependency_links.txt
[0.569s] writing entry points to ../../build/warehouse_robot_package/warehouse_robot_package.egg-info/entry_points.txt
[0.569s] writing requirements to ../../build/warehouse_robot_package/warehouse_robot_package.egg-info/requires.txt
[0.569s] writing top-level names to ../../build/warehouse_robot_package/warehouse_robot_package.egg-info/top_level.txt
[0.601s] reading manifest file '../../build/warehouse_robot_package/warehouse_robot_package.egg-info/SOURCES.txt'
[0.602s] writing manifest file '../../build/warehouse_robot_package/warehouse_robot_package.egg-info/SOURCES.txt'
[0.603s] running build
[0.603s] running build_py
[0.603s] copying warehouse_robot_package/robot.py -> /home/kunal/AST_Robot_Warehouse/build/warehouse_robot_package/build/lib/warehouse_robot_package
[0.604s] running install
[0.605s] running install_lib
[0.606s] copying /home/kunal/AST_Robot_Warehouse/build/warehouse_robot_package/build/lib/warehouse_robot_package/robot.py -> /home/kunal/AST_Robot_Warehouse/install/warehouse_robot_package/lib/python3.8/site-packages/warehouse_robot_package
[0.607s] byte-compiling /home/kunal/AST_Robot_Warehouse/install/warehouse_robot_package/lib/python3.8/site-packages/warehouse_robot_package/robot.py to robot.cpython-38.pyc
[0.609s] running install_data
[0.610s] running install_egg_info
[0.612s] removing '/home/kunal/AST_Robot_Warehouse/install/warehouse_robot_package/lib/python3.8/site-packages/warehouse_robot_package-0.0.0-py3.8.egg-info' (and everything under it)
[0.613s] Copying ../../build/warehouse_robot_package/warehouse_robot_package.egg-info to /home/kunal/AST_Robot_Warehouse/install/warehouse_robot_package/lib/python3.8/site-packages/warehouse_robot_package-0.0.0-py3.8.egg-info
[0.614s] running install_scripts
[0.633s] Installing beacon script to /home/kunal/AST_Robot_Warehouse/install/warehouse_robot_package/lib/warehouse_robot_package
[0.633s] Installing order_console script to /home/kunal/AST_Robot_Warehouse/install/warehouse_robot_package/lib/warehouse_robot_package
[0.633s] Installing robot script to /home/kunal/AST_Robot_Warehouse/install/warehouse_robot_package/lib/warehouse_robot_package
[0.634s] Installing warehouse script to /home/kunal/AST_Robot_Warehouse/install/warehouse_robot_package/lib/warehouse_robot_package
[0.634s] writing list of installed files to '/home/kunal/AST_Robot_Warehouse/build/warehouse_robot_package/install.log'
[0.662s] Invoked command in '/home/kunal/AST_Robot_Warehouse/src/warehouse_robot_package' returned '0': AMENT_PREFIX_PATH=/home/kunal/AST_Robot_Warehouse/install/messages_package:${AMENT_PREFIX_PATH} CMAKE_PREFIX_PATH=/home/kunal/AST_Robot_Warehouse/install/messages_package LD_LIBRARY_PATH=/home/kunal/AST_Robot_Warehouse/install/messages_package/lib:${LD_LIBRARY_PATH} PYTHONPATH=/home/kunal/AST_Robot_Warehouse/install/warehouse_robot_package/lib/python3.8/site-packages:/home/kunal/AST_Robot_Warehouse/install/messages_package/lib/python3.8/site-packages:${PYTHONPATH} /usr/bin/python3 setup.py egg_info --egg-base ../../build/warehouse_robot_package build --build-base /home/kunal/AST_Robot_Warehouse/build/warehouse_robot_package/build install --prefix /home/kunal/AST_Robot_Warehouse/install/warehouse_robot_package --record /home/kunal/AST_Robot_Warehouse/build/warehouse_robot_package/install.log --single-version-externally-managed
