[0.561s] Invoking command in '/home/sam/AST/src/warehouse_robot_package': CONDA_PROMPT_MODIFIER=(base) PYTHONPATH=/home/sam/AST/install/warehouse_robot_package/lib/python3.8/site-packages:${PYTHONPATH} /usr/bin/python3 setup.py egg_info --egg-base ../../build/warehouse_robot_package build --build-base /home/sam/AST/build/warehouse_robot_package/build install --prefix /home/sam/AST/install/warehouse_robot_package --record /home/sam/AST/build/warehouse_robot_package/install.log --single-version-externally-managed
[0.816s] running egg_info
[0.817s] writing ../../build/warehouse_robot_package/warehouse_robot_package.egg-info/PKG-INFO
[0.817s] writing dependency_links to ../../build/warehouse_robot_package/warehouse_robot_package.egg-info/dependency_links.txt
[0.817s] writing entry points to ../../build/warehouse_robot_package/warehouse_robot_package.egg-info/entry_points.txt
[0.817s] writing requirements to ../../build/warehouse_robot_package/warehouse_robot_package.egg-info/requires.txt
[0.817s] writing top-level names to ../../build/warehouse_robot_package/warehouse_robot_package.egg-info/top_level.txt
[0.858s] reading manifest file '../../build/warehouse_robot_package/warehouse_robot_package.egg-info/SOURCES.txt'
[0.859s] writing manifest file '../../build/warehouse_robot_package/warehouse_robot_package.egg-info/SOURCES.txt'
[0.859s] running build
[0.859s] running build_py
[0.860s] running install
[0.861s] running install_lib
[0.862s] running install_data
[0.863s] running install_egg_info
[0.865s] removing '/home/sam/AST/install/warehouse_robot_package/lib/python3.8/site-packages/warehouse_robot_package-0.0.0-py3.8.egg-info' (and everything under it)
[0.866s] Copying ../../build/warehouse_robot_package/warehouse_robot_package.egg-info to /home/sam/AST/install/warehouse_robot_package/lib/python3.8/site-packages/warehouse_robot_package-0.0.0-py3.8.egg-info
[0.867s] running install_scripts
[0.890s] Installing warehouse_robot script to /home/sam/AST/install/warehouse_robot_package/lib/warehouse_robot_package
[0.891s] writing list of installed files to '/home/sam/AST/build/warehouse_robot_package/install.log'
[0.926s] Invoked command in '/home/sam/AST/src/warehouse_robot_package' returned '0': CONDA_PROMPT_MODIFIER=(base) PYTHONPATH=/home/sam/AST/install/warehouse_robot_package/lib/python3.8/site-packages:${PYTHONPATH} /usr/bin/python3 setup.py egg_info --egg-base ../../build/warehouse_robot_package build --build-base /home/sam/AST/build/warehouse_robot_package/build install --prefix /home/sam/AST/install/warehouse_robot_package --record /home/sam/AST/build/warehouse_robot_package/install.log --single-version-externally-managed
