[0.605s] Invoking command in '/home/sam/AST_Robot_Warehouse/src/py_srvcli': PYTHONPATH=/home/sam/AST_Robot_Warehouse/install/py_srvcli/lib/python3.8/site-packages:${PYTHONPATH} /usr/bin/python3 setup.py egg_info --egg-base ../../build/py_srvcli build --build-base /home/sam/AST_Robot_Warehouse/build/py_srvcli/build install --prefix /home/sam/AST_Robot_Warehouse/install/py_srvcli --record /home/sam/AST_Robot_Warehouse/build/py_srvcli/install.log --single-version-externally-managed
[0.952s] running egg_info
[0.953s] writing ../../build/py_srvcli/py_srvcli.egg-info/PKG-INFO
[0.953s] writing dependency_links to ../../build/py_srvcli/py_srvcli.egg-info/dependency_links.txt
[0.969s] writing entry points to ../../build/py_srvcli/py_srvcli.egg-info/entry_points.txt
[0.970s] writing requirements to ../../build/py_srvcli/py_srvcli.egg-info/requires.txt
[0.970s] writing top-level names to ../../build/py_srvcli/py_srvcli.egg-info/top_level.txt
[1.013s] reading manifest file '../../build/py_srvcli/py_srvcli.egg-info/SOURCES.txt'
[1.015s] writing manifest file '../../build/py_srvcli/py_srvcli.egg-info/SOURCES.txt'
[1.015s] running build
[1.015s] running build_py
[1.016s] running install
[1.018s] running install_lib
[1.021s] running install_data
[1.022s] running install_egg_info
[1.025s] removing '/home/sam/AST_Robot_Warehouse/install/py_srvcli/lib/python3.8/site-packages/py_srvcli-0.0.0-py3.8.egg-info' (and everything under it)
[1.025s] Copying ../../build/py_srvcli/py_srvcli.egg-info to /home/sam/AST_Robot_Warehouse/install/py_srvcli/lib/python3.8/site-packages/py_srvcli-0.0.0-py3.8.egg-info
[1.026s] running install_scripts
[1.057s] Installing client script to /home/sam/AST_Robot_Warehouse/install/py_srvcli/lib/py_srvcli
[1.057s] Installing service script to /home/sam/AST_Robot_Warehouse/install/py_srvcli/lib/py_srvcli
[1.057s] writing list of installed files to '/home/sam/AST_Robot_Warehouse/build/py_srvcli/install.log'
[1.106s] Invoked command in '/home/sam/AST_Robot_Warehouse/src/py_srvcli' returned '0': PYTHONPATH=/home/sam/AST_Robot_Warehouse/install/py_srvcli/lib/python3.8/site-packages:${PYTHONPATH} /usr/bin/python3 setup.py egg_info --egg-base ../../build/py_srvcli build --build-base /home/sam/AST_Robot_Warehouse/build/py_srvcli/build install --prefix /home/sam/AST_Robot_Warehouse/install/py_srvcli --record /home/sam/AST_Robot_Warehouse/build/py_srvcli/install.log --single-version-externally-managed
