[0.035s] Invoking command in '/home/sam/AST/build/messages_package': CMAKE_PREFIX_PATH=/opt/ros/foxy /usr/bin/cmake --build /home/sam/AST/build/messages_package -- -j12 -l12
[0.586s] [  1%] Built target messages_package__cpp
[0.586s] [  2%] Built target messages_node
[0.587s] [ 13%] Built target messages_package__rosidl_generator_c
[0.588s] [ 37%] Built target messages_package__rosidl_typesupport_cpp
[0.588s] [ 37%] Built target messages_package__rosidl_typesupport_introspection_cpp
[0.589s] [ 49%] Built target messages_package__rosidl_typesupport_c
[0.589s] [ 60%] Built target messages_package__rosidl_typesupport_introspection_c
[0.590s] [ 72%] Built target messages_package__rosidl_typesupport_fastrtps_cpp
[0.591s] [ 83%] Built target messages_package__rosidl_typesupport_fastrtps_c
[0.592s] [ 83%] Built target messages_package
[0.592s] [ 84%] Built target messages_package__py
[0.593s] [ 95%] Built target messages_package__python
[0.594s] [ 98%] Built target messages_package__rosidl_typesupport_c__pyext
[0.594s] [ 98%] Built target messages_package__rosidl_typesupport_introspection_c__pyext
[0.594s] [100%] Built target messages_package__rosidl_typesupport_fastrtps_c__pyext
[0.594s] Invoked command in '/home/sam/AST/build/messages_package' returned '0': CMAKE_PREFIX_PATH=/opt/ros/foxy /usr/bin/cmake --build /home/sam/AST/build/messages_package -- -j12 -l12
[0.779s] Invoking command in '/home/sam/AST/build/messages_package': CMAKE_PREFIX_PATH=/opt/ros/foxy /usr/bin/cmake --install /home/sam/AST/build/messages_package
[0.796s] -- Install configuration: ""
[0.796s] -- Up-to-date: /home/sam/AST/install/messages_package/lib/messages_package/messages_node
[0.796s] -- Up-to-date: /home/sam/AST/install/messages_package/share/ament_index/resource_index/rosidl_interfaces/messages_package
[0.796s] -- Up-to-date: /home/sam/AST/install/messages_package/include/messages_package
[0.796s] -- Up-to-date: /home/sam/AST/install/messages_package/include/messages_package/action
[0.796s] -- Up-to-date: /home/sam/AST/install/messages_package/include/messages_package/action/move_item.h
[0.796s] -- Up-to-date: /home/sam/AST/install/messages_package/include/messages_package/action/charge_robot.h
[0.796s] -- Up-to-date: /home/sam/AST/install/messages_package/include/messages_package/action/detail
[0.796s] -- Up-to-date: /home/sam/AST/install/messages_package/include/messages_package/action/detail/order__type_support.h
[0.797s] -- Up-to-date: /home/sam/AST/install/messages_package/include/messages_package/action/detail/charge_robot__struct.h
[0.797s] -- Up-to-date: /home/sam/AST/install/messages_package/include/messages_package/action/detail/move_item__functions.c
[0.797s] -- Up-to-date: /home/sam/AST/install/messages_package/include/messages_package/action/detail/order__struct.h
[0.797s] -- Up-to-date: /home/sam/AST/install/messages_package/include/messages_package/action/detail/move_item__functions.h
[0.797s] -- Up-to-date: /home/sam/AST/install/messages_package/include/messages_package/action/detail/move_item__struct.h
[0.797s] -- Up-to-date: /home/sam/AST/install/messages_package/include/messages_package/action/detail/charge_robot__functions.c
[0.798s] -- Up-to-date: /home/sam/AST/install/messages_package/include/messages_package/action/detail/charge_robot__type_support.h
[0.798s] -- Up-to-date: /home/sam/AST/install/messages_package/include/messages_package/action/detail/order__functions.h
[0.798s] -- Up-to-date: /home/sam/AST/install/messages_package/include/messages_package/action/detail/order__functions.c
[0.798s] -- Up-to-date: /home/sam/AST/install/messages_package/include/messages_package/action/detail/charge_robot__functions.h
[0.798s] -- Up-to-date: /home/sam/AST/install/messages_package/include/messages_package/action/detail/move_item__type_support.h
[0.798s] -- Up-to-date: /home/sam/AST/install/messages_package/include/messages_package/action/order.h
[0.799s] -- Up-to-date: /home/sam/AST/install/messages_package/include/messages_package/srv
[0.799s] -- Up-to-date: /home/sam/AST/install/messages_package/include/messages_package/srv/put_down_item.h
[0.799s] -- Up-to-date: /home/sam/AST/install/messages_package/include/messages_package/srv/delivery.h
[0.799s] -- Up-to-date: /home/sam/AST/install/messages_package/include/messages_package/srv/pick_up_item.h
[0.799s] -- Up-to-date: /home/sam/AST/install/messages_package/include/messages_package/srv/detail
[0.799s] -- Up-to-date: /home/sam/AST/install/messages_package/include/messages_package/srv/detail/put_down_item__type_support.h
[0.799s] -- Up-to-date: /home/sam/AST/install/messages_package/include/messages_package/srv/detail/delivery__functions.h
[0.799s] -- Up-to-date: /home/sam/AST/install/messages_package/include/messages_package/srv/detail/pick_up_item__functions.h
[0.800s] -- Up-to-date: /home/sam/AST/install/messages_package/include/messages_package/srv/detail/put_down_item__struct.h
[0.800s] -- Up-to-date: /home/sam/AST/install/messages_package/include/messages_package/srv/detail/pick_up_item__struct.h
[0.800s] -- Up-to-date: /home/sam/AST/install/messages_package/include/messages_package/srv/detail/put_down_item__functions.c
[0.800s] -- Up-to-date: /home/sam/AST/install/messages_package/include/messages_package/srv/detail/pick_up_item__type_support.h
[0.800s] -- Up-to-date: /home/sam/AST/install/messages_package/include/messages_package/srv/detail/delivery__type_support.h
[0.800s] -- Up-to-date: /home/sam/AST/install/messages_package/include/messages_package/srv/detail/put_down_item__functions.h
[0.800s] -- Up-to-date: /home/sam/AST/install/messages_package/include/messages_package/srv/detail/delivery__functions.c
[0.800s] -- Up-to-date: /home/sam/AST/install/messages_package/include/messages_package/srv/detail/pick_up_item__functions.c
[0.801s] -- Up-to-date: /home/sam/AST/install/messages_package/include/messages_package/srv/detail/delivery__struct.h
[0.801s] -- Up-to-date: /home/sam/AST/install/messages_package/include/messages_package/msg
[0.801s] -- Up-to-date: /home/sam/AST/install/messages_package/include/messages_package/msg/rosidl_generator_c__visibility_control.h
[0.801s] -- Up-to-date: /home/sam/AST/install/messages_package/include/messages_package/msg/coordinates.h
[0.801s] -- Up-to-date: /home/sam/AST/install/messages_package/include/messages_package/msg/robot_location.h
[0.801s] -- Up-to-date: /home/sam/AST/install/messages_package/include/messages_package/msg/robot_distance.h
[0.802s] -- Up-to-date: /home/sam/AST/install/messages_package/include/messages_package/msg/item.h
[0.802s] -- Up-to-date: /home/sam/AST/install/messages_package/include/messages_package/msg/delivery.h
[0.802s] -- Up-to-date: /home/sam/AST/install/messages_package/include/messages_package/msg/detail
[0.802s] -- Up-to-date: /home/sam/AST/install/messages_package/include/messages_package/msg/detail/robot_distance__functions.c
[0.802s] -- Up-to-date: /home/sam/AST/install/messages_package/include/messages_package/msg/detail/robot_location__functions.c
[0.802s] -- Up-to-date: /home/sam/AST/install/messages_package/include/messages_package/msg/detail/delivery__functions.h
[0.802s] -- Up-to-date: /home/sam/AST/install/messages_package/include/messages_package/msg/detail/coordinates__functions.c
[0.802s] -- Up-to-date: /home/sam/AST/install/messages_package/include/messages_package/msg/detail/robot_location__functions.h
[0.803s] -- Up-to-date: /home/sam/AST/install/messages_package/include/messages_package/msg/detail/item__functions.h
[0.803s] -- Up-to-date: /home/sam/AST/install/messages_package/include/messages_package/msg/detail/item__struct.h
[0.803s] -- Up-to-date: /home/sam/AST/install/messages_package/include/messages_package/msg/detail/delivery__type_support.h
[0.803s] -- Up-to-date: /home/sam/AST/install/messages_package/include/messages_package/msg/detail/delivery__functions.c
[0.803s] -- Up-to-date: /home/sam/AST/install/messages_package/include/messages_package/msg/detail/coordinates__type_support.h
[0.803s] -- Up-to-date: /home/sam/AST/install/messages_package/include/messages_package/msg/detail/robot_location__type_support.h
[0.803s] -- Up-to-date: /home/sam/AST/install/messages_package/include/messages_package/msg/detail/delivery__struct.h
[0.803s] -- Up-to-date: /home/sam/AST/install/messages_package/include/messages_package/msg/detail/robot_location__struct.h
[0.804s] -- Up-to-date: /home/sam/AST/install/messages_package/include/messages_package/msg/detail/robot_distance__type_support.h
[0.804s] -- Up-to-date: /home/sam/AST/install/messages_package/include/messages_package/msg/detail/coordinates__struct.h
[0.804s] -- Up-to-date: /home/sam/AST/install/messages_package/include/messages_package/msg/detail/robot_distance__functions.h
[0.804s] -- Up-to-date: /home/sam/AST/install/messages_package/include/messages_package/msg/detail/item__type_support.h
[0.804s] -- Up-to-date: /home/sam/AST/install/messages_package/include/messages_package/msg/detail/item__functions.c
[0.804s] -- Up-to-date: /home/sam/AST/install/messages_package/include/messages_package/msg/detail/coordinates__functions.h
[0.804s] -- Up-to-date: /home/sam/AST/install/messages_package/include/messages_package/msg/detail/robot_distance__struct.h
[0.805s] -- Up-to-date: /home/sam/AST/install/messages_package/share/messages_package/environment/library_path.sh
[0.805s] -- Up-to-date: /home/sam/AST/install/messages_package/share/messages_package/environment/library_path.dsv
[0.805s] -- Up-to-date: /home/sam/AST/install/messages_package/lib/libmessages_package__rosidl_generator_c.so
[0.805s] -- Up-to-date: /home/sam/AST/install/messages_package/include/messages_package
[0.805s] -- Up-to-date: /home/sam/AST/install/messages_package/include/messages_package/action
[0.805s] -- Up-to-date: /home/sam/AST/install/messages_package/include/messages_package/action/detail
[0.805s] -- Up-to-date: /home/sam/AST/install/messages_package/include/messages_package/action/detail/order__rosidl_typesupport_fastrtps_c.h
[0.806s] -- Up-to-date: /home/sam/AST/install/messages_package/include/messages_package/action/detail/charge_robot__rosidl_typesupport_fastrtps_c.h
[0.806s] -- Up-to-date: /home/sam/AST/install/messages_package/include/messages_package/action/detail/move_item__rosidl_typesupport_fastrtps_c.h
[0.806s] -- Up-to-date: /home/sam/AST/install/messages_package/include/messages_package/srv
[0.806s] -- Up-to-date: /home/sam/AST/install/messages_package/include/messages_package/srv/detail
[0.806s] -- Up-to-date: /home/sam/AST/install/messages_package/include/messages_package/srv/detail/put_down_item__rosidl_typesupport_fastrtps_c.h
[0.806s] -- Up-to-date: /home/sam/AST/install/messages_package/include/messages_package/srv/detail/pick_up_item__rosidl_typesupport_fastrtps_c.h
[0.806s] -- Up-to-date: /home/sam/AST/install/messages_package/include/messages_package/srv/detail/delivery__rosidl_typesupport_fastrtps_c.h
[0.807s] -- Up-to-date: /home/sam/AST/install/messages_package/include/messages_package/msg
[0.807s] -- Up-to-date: /home/sam/AST/install/messages_package/include/messages_package/msg/rosidl_typesupport_fastrtps_c__visibility_control.h
[0.807s] -- Up-to-date: /home/sam/AST/install/messages_package/include/messages_package/msg/detail
[0.807s] -- Up-to-date: /home/sam/AST/install/messages_package/include/messages_package/msg/detail/robot_distance__rosidl_typesupport_fastrtps_c.h
[0.807s] -- Up-to-date: /home/sam/AST/install/messages_package/include/messages_package/msg/detail/coordinates__rosidl_typesupport_fastrtps_c.h
[0.807s] -- Up-to-date: /home/sam/AST/install/messages_package/include/messages_package/msg/detail/robot_location__rosidl_typesupport_fastrtps_c.h
[0.807s] -- Up-to-date: /home/sam/AST/install/messages_package/include/messages_package/msg/detail/item__rosidl_typesupport_fastrtps_c.h
[0.807s] -- Up-to-date: /home/sam/AST/install/messages_package/include/messages_package/msg/detail/delivery__rosidl_typesupport_fastrtps_c.h
[0.807s] -- Up-to-date: /home/sam/AST/install/messages_package/lib/libmessages_package__rosidl_typesupport_fastrtps_c.so
[0.808s] -- Up-to-date: /home/sam/AST/install/messages_package/include/messages_package
[0.808s] -- Up-to-date: /home/sam/AST/install/messages_package/include/messages_package/action
[0.808s] -- Up-to-date: /home/sam/AST/install/messages_package/include/messages_package/action/detail
[0.808s] -- Up-to-date: /home/sam/AST/install/messages_package/include/messages_package/action/detail/order__rosidl_typesupport_fastrtps_cpp.hpp
[0.808s] -- Up-to-date: /home/sam/AST/install/messages_package/include/messages_package/action/detail/charge_robot__rosidl_typesupport_fastrtps_cpp.hpp
[0.808s] -- Up-to-date: /home/sam/AST/install/messages_package/include/messages_package/action/detail/dds_fastrtps
[0.808s] -- Up-to-date: /home/sam/AST/install/messages_package/include/messages_package/action/detail/move_item__rosidl_typesupport_fastrtps_cpp.hpp
[0.808s] -- Up-to-date: /home/sam/AST/install/messages_package/include/messages_package/srv
[0.809s] -- Up-to-date: /home/sam/AST/install/messages_package/include/messages_package/srv/detail
[0.809s] -- Up-to-date: /home/sam/AST/install/messages_package/include/messages_package/srv/detail/pick_up_item__rosidl_typesupport_fastrtps_cpp.hpp
[0.809s] -- Up-to-date: /home/sam/AST/install/messages_package/include/messages_package/srv/detail/put_down_item__rosidl_typesupport_fastrtps_cpp.hpp
[0.809s] -- Up-to-date: /home/sam/AST/install/messages_package/include/messages_package/srv/detail/dds_fastrtps
[0.809s] -- Up-to-date: /home/sam/AST/install/messages_package/include/messages_package/srv/detail/delivery__rosidl_typesupport_fastrtps_cpp.hpp
[0.809s] -- Up-to-date: /home/sam/AST/install/messages_package/include/messages_package/msg
[0.809s] -- Up-to-date: /home/sam/AST/install/messages_package/include/messages_package/msg/rosidl_typesupport_fastrtps_cpp__visibility_control.h
[0.810s] -- Up-to-date: /home/sam/AST/install/messages_package/include/messages_package/msg/detail
[0.810s] -- Up-to-date: /home/sam/AST/install/messages_package/include/messages_package/msg/detail/coordinates__rosidl_typesupport_fastrtps_cpp.hpp
[0.810s] -- Up-to-date: /home/sam/AST/install/messages_package/include/messages_package/msg/detail/item__rosidl_typesupport_fastrtps_cpp.hpp
[0.810s] -- Up-to-date: /home/sam/AST/install/messages_package/include/messages_package/msg/detail/dds_fastrtps
[0.810s] -- Up-to-date: /home/sam/AST/install/messages_package/include/messages_package/msg/detail/robot_distance__rosidl_typesupport_fastrtps_cpp.hpp
[0.810s] -- Up-to-date: /home/sam/AST/install/messages_package/include/messages_package/msg/detail/delivery__rosidl_typesupport_fastrtps_cpp.hpp
[0.811s] -- Up-to-date: /home/sam/AST/install/messages_package/include/messages_package/msg/detail/robot_location__rosidl_typesupport_fastrtps_cpp.hpp
[0.811s] -- Up-to-date: /home/sam/AST/install/messages_package/lib/libmessages_package__rosidl_typesupport_fastrtps_cpp.so
[0.811s] -- Up-to-date: /home/sam/AST/install/messages_package/include/messages_package
[0.811s] -- Up-to-date: /home/sam/AST/install/messages_package/include/messages_package/action
[0.811s] -- Up-to-date: /home/sam/AST/install/messages_package/include/messages_package/action/detail
[0.811s] -- Up-to-date: /home/sam/AST/install/messages_package/include/messages_package/action/detail/charge_robot__rosidl_typesupport_introspection_c.h
[0.811s] -- Up-to-date: /home/sam/AST/install/messages_package/include/messages_package/action/detail/charge_robot__type_support.c
[0.811s] -- Up-to-date: /home/sam/AST/install/messages_package/include/messages_package/action/detail/move_item__type_support.c
[0.812s] -- Up-to-date: /home/sam/AST/install/messages_package/include/messages_package/action/detail/move_item__rosidl_typesupport_introspection_c.h
[0.812s] -- Up-to-date: /home/sam/AST/install/messages_package/include/messages_package/action/detail/order__rosidl_typesupport_introspection_c.h
[0.812s] -- Up-to-date: /home/sam/AST/install/messages_package/include/messages_package/action/detail/order__type_support.c
[0.812s] -- Up-to-date: /home/sam/AST/install/messages_package/include/messages_package/srv
[0.812s] -- Up-to-date: /home/sam/AST/install/messages_package/include/messages_package/srv/detail
[0.812s] -- Up-to-date: /home/sam/AST/install/messages_package/include/messages_package/srv/detail/delivery__rosidl_typesupport_introspection_c.h
[0.812s] -- Up-to-date: /home/sam/AST/install/messages_package/include/messages_package/srv/detail/delivery__type_support.c
[0.812s] -- Up-to-date: /home/sam/AST/install/messages_package/include/messages_package/srv/detail/pick_up_item__rosidl_typesupport_introspection_c.h
[0.812s] -- Up-to-date: /home/sam/AST/install/messages_package/include/messages_package/srv/detail/pick_up_item__type_support.c
[0.813s] -- Up-to-date: /home/sam/AST/install/messages_package/include/messages_package/srv/detail/put_down_item__rosidl_typesupport_introspection_c.h
[0.813s] -- Up-to-date: /home/sam/AST/install/messages_package/include/messages_package/srv/detail/put_down_item__type_support.c
[0.813s] -- Up-to-date: /home/sam/AST/install/messages_package/include/messages_package/msg
[0.813s] -- Up-to-date: /home/sam/AST/install/messages_package/include/messages_package/msg/rosidl_typesupport_introspection_c__visibility_control.h
[0.813s] -- Up-to-date: /home/sam/AST/install/messages_package/include/messages_package/msg/detail
[0.813s] -- Up-to-date: /home/sam/AST/install/messages_package/include/messages_package/msg/detail/robot_distance__rosidl_typesupport_introspection_c.h
[0.813s] -- Up-to-date: /home/sam/AST/install/messages_package/include/messages_package/msg/detail/coordinates__rosidl_typesupport_introspection_c.h
[0.813s] -- Up-to-date: /home/sam/AST/install/messages_package/include/messages_package/msg/detail/robot_distance__type_support.c
[0.814s] -- Up-to-date: /home/sam/AST/install/messages_package/include/messages_package/msg/detail/delivery__rosidl_typesupport_introspection_c.h
[0.814s] -- Up-to-date: /home/sam/AST/install/messages_package/include/messages_package/msg/detail/delivery__type_support.c
[0.814s] -- Up-to-date: /home/sam/AST/install/messages_package/include/messages_package/msg/detail/item__type_support.c
[0.814s] -- Up-to-date: /home/sam/AST/install/messages_package/include/messages_package/msg/detail/robot_location__rosidl_typesupport_introspection_c.h
[0.814s] -- Up-to-date: /home/sam/AST/install/messages_package/include/messages_package/msg/detail/coordinates__type_support.c
[0.814s] -- Up-to-date: /home/sam/AST/install/messages_package/include/messages_package/msg/detail/item__rosidl_typesupport_introspection_c.h
[0.814s] -- Up-to-date: /home/sam/AST/install/messages_package/include/messages_package/msg/detail/robot_location__type_support.c
[0.814s] -- Up-to-date: /home/sam/AST/install/messages_package/lib/libmessages_package__rosidl_typesupport_introspection_c.so
[0.815s] -- Up-to-date: /home/sam/AST/install/messages_package/lib/libmessages_package__rosidl_typesupport_c.so
[0.815s] -- Up-to-date: /home/sam/AST/install/messages_package/include/messages_package
[0.815s] -- Up-to-date: /home/sam/AST/install/messages_package/include/messages_package/action
[0.815s] -- Up-to-date: /home/sam/AST/install/messages_package/include/messages_package/action/charge_robot.hpp
[0.815s] -- Up-to-date: /home/sam/AST/install/messages_package/include/messages_package/action/order.hpp
[0.816s] -- Up-to-date: /home/sam/AST/install/messages_package/include/messages_package/action/move_item.hpp
[0.816s] -- Up-to-date: /home/sam/AST/install/messages_package/include/messages_package/action/detail
[0.816s] -- Up-to-date: /home/sam/AST/install/messages_package/include/messages_package/action/detail/order__struct.hpp
[0.816s] -- Up-to-date: /home/sam/AST/install/messages_package/include/messages_package/action/detail/charge_robot__struct.hpp
[0.816s] -- Up-to-date: /home/sam/AST/install/messages_package/include/messages_package/action/detail/charge_robot__builder.hpp
[0.816s] -- Up-to-date: /home/sam/AST/install/messages_package/include/messages_package/action/detail/charge_robot__traits.hpp
[0.816s] -- Up-to-date: /home/sam/AST/install/messages_package/include/messages_package/action/detail/move_item__traits.hpp
[0.816s] -- Up-to-date: /home/sam/AST/install/messages_package/include/messages_package/action/detail/order__traits.hpp
[0.817s] -- Up-to-date: /home/sam/AST/install/messages_package/include/messages_package/action/detail/move_item__builder.hpp
[0.817s] -- Up-to-date: /home/sam/AST/install/messages_package/include/messages_package/action/detail/move_item__struct.hpp
[0.817s] -- Up-to-date: /home/sam/AST/install/messages_package/include/messages_package/action/detail/order__builder.hpp
[0.817s] -- Up-to-date: /home/sam/AST/install/messages_package/include/messages_package/srv
[0.817s] -- Up-to-date: /home/sam/AST/install/messages_package/include/messages_package/srv/pick_up_item.hpp
[0.817s] -- Up-to-date: /home/sam/AST/install/messages_package/include/messages_package/srv/delivery.hpp
[0.818s] -- Up-to-date: /home/sam/AST/install/messages_package/include/messages_package/srv/detail
[0.818s] -- Up-to-date: /home/sam/AST/install/messages_package/include/messages_package/srv/detail/pick_up_item__traits.hpp
[0.818s] -- Up-to-date: /home/sam/AST/install/messages_package/include/messages_package/srv/detail/delivery__struct.hpp
[0.818s] -- Up-to-date: /home/sam/AST/install/messages_package/include/messages_package/srv/detail/delivery__builder.hpp
[0.818s] -- Up-to-date: /home/sam/AST/install/messages_package/include/messages_package/srv/detail/pick_up_item__builder.hpp
[0.819s] -- Up-to-date: /home/sam/AST/install/messages_package/include/messages_package/srv/detail/put_down_item__traits.hpp
[0.819s] -- Up-to-date: /home/sam/AST/install/messages_package/include/messages_package/srv/detail/put_down_item__builder.hpp
[0.819s] -- Up-to-date: /home/sam/AST/install/messages_package/include/messages_package/srv/detail/delivery__traits.hpp
[0.819s] -- Up-to-date: /home/sam/AST/install/messages_package/include/messages_package/srv/detail/put_down_item__struct.hpp
[0.819s] -- Up-to-date: /home/sam/AST/install/messages_package/include/messages_package/srv/detail/pick_up_item__struct.hpp
[0.819s] -- Up-to-date: /home/sam/AST/install/messages_package/include/messages_package/srv/put_down_item.hpp
[0.819s] -- Up-to-date: /home/sam/AST/install/messages_package/include/messages_package/msg
[0.820s] -- Up-to-date: /home/sam/AST/install/messages_package/include/messages_package/msg/robot_location.hpp
[0.820s] -- Up-to-date: /home/sam/AST/install/messages_package/include/messages_package/msg/item.hpp
[0.820s] -- Up-to-date: /home/sam/AST/install/messages_package/include/messages_package/msg/delivery.hpp
[0.820s] -- Up-to-date: /home/sam/AST/install/messages_package/include/messages_package/msg/robot_distance.hpp
[0.820s] -- Up-to-date: /home/sam/AST/install/messages_package/include/messages_package/msg/coordinates.hpp
[0.820s] -- Up-to-date: /home/sam/AST/install/messages_package/include/messages_package/msg/detail
[0.821s] -- Up-to-date: /home/sam/AST/install/messages_package/include/messages_package/msg/detail/item__traits.hpp
[0.821s] -- Up-to-date: /home/sam/AST/install/messages_package/include/messages_package/msg/detail/item__builder.hpp
[0.821s] -- Up-to-date: /home/sam/AST/install/messages_package/include/messages_package/msg/detail/coordinates__builder.hpp
[0.821s] -- Up-to-date: /home/sam/AST/install/messages_package/include/messages_package/msg/detail/delivery__struct.hpp
[0.821s] -- Up-to-date: /home/sam/AST/install/messages_package/include/messages_package/msg/detail/robot_distance__struct.hpp
[0.822s] -- Up-to-date: /home/sam/AST/install/messages_package/include/messages_package/msg/detail/robot_location__traits.hpp
[0.822s] -- Up-to-date: /home/sam/AST/install/messages_package/include/messages_package/msg/detail/delivery__builder.hpp
[0.822s] -- Up-to-date: /home/sam/AST/install/messages_package/include/messages_package/msg/detail/coordinates__struct.hpp
[0.822s] -- Up-to-date: /home/sam/AST/install/messages_package/include/messages_package/msg/detail/coordinates__traits.hpp
[0.822s] -- Up-to-date: /home/sam/AST/install/messages_package/include/messages_package/msg/detail/robot_location__struct.hpp
[0.822s] -- Up-to-date: /home/sam/AST/install/messages_package/include/messages_package/msg/detail/robot_distance__traits.hpp
[0.823s] -- Up-to-date: /home/sam/AST/install/messages_package/include/messages_package/msg/detail/item__struct.hpp
[0.823s] -- Up-to-date: /home/sam/AST/install/messages_package/include/messages_package/msg/detail/delivery__traits.hpp
[0.823s] -- Up-to-date: /home/sam/AST/install/messages_package/include/messages_package/msg/detail/robot_distance__builder.hpp
[0.823s] -- Up-to-date: /home/sam/AST/install/messages_package/include/messages_package/msg/detail/robot_location__builder.hpp
[0.823s] -- Up-to-date: /home/sam/AST/install/messages_package/include/messages_package
[0.823s] -- Up-to-date: /home/sam/AST/install/messages_package/include/messages_package/action
[0.824s] -- Up-to-date: /home/sam/AST/install/messages_package/include/messages_package/action/detail
[0.824s] -- Up-to-date: /home/sam/AST/install/messages_package/include/messages_package/action/detail/order__rosidl_typesupport_introspection_cpp.hpp
[0.824s] -- Up-to-date: /home/sam/AST/install/messages_package/include/messages_package/action/detail/charge_robot__rosidl_typesupport_introspection_cpp.hpp
[0.824s] -- Up-to-date: /home/sam/AST/install/messages_package/include/messages_package/action/detail/charge_robot__type_support.cpp
[0.824s] -- Up-to-date: /home/sam/AST/install/messages_package/include/messages_package/action/detail/move_item__rosidl_typesupport_introspection_cpp.hpp
[0.824s] -- Up-to-date: /home/sam/AST/install/messages_package/include/messages_package/action/detail/order__type_support.cpp
[0.824s] -- Up-to-date: /home/sam/AST/install/messages_package/include/messages_package/action/detail/move_item__type_support.cpp
[0.825s] -- Up-to-date: /home/sam/AST/install/messages_package/include/messages_package/srv
[0.825s] -- Up-to-date: /home/sam/AST/install/messages_package/include/messages_package/srv/detail
[0.825s] -- Up-to-date: /home/sam/AST/install/messages_package/include/messages_package/srv/detail/put_down_item__rosidl_typesupport_introspection_cpp.hpp
[0.825s] -- Up-to-date: /home/sam/AST/install/messages_package/include/messages_package/srv/detail/delivery__type_support.cpp
[0.826s] -- Up-to-date: /home/sam/AST/install/messages_package/include/messages_package/srv/detail/pick_up_item__rosidl_typesupport_introspection_cpp.hpp
[0.826s] -- Up-to-date: /home/sam/AST/install/messages_package/include/messages_package/srv/detail/pick_up_item__type_support.cpp
[0.826s] -- Up-to-date: /home/sam/AST/install/messages_package/include/messages_package/srv/detail/put_down_item__type_support.cpp
[0.827s] -- Up-to-date: /home/sam/AST/install/messages_package/include/messages_package/srv/detail/delivery__rosidl_typesupport_introspection_cpp.hpp
[0.828s] -- Up-to-date: /home/sam/AST/install/messages_package/include/messages_package/msg
[0.828s] -- Up-to-date: /home/sam/AST/install/messages_package/include/messages_package/msg/detail
[0.828s] -- Up-to-date: /home/sam/AST/install/messages_package/include/messages_package/msg/detail/coordinates__type_support.cpp
[0.828s] -- Up-to-date: /home/sam/AST/install/messages_package/include/messages_package/msg/detail/robot_distance__rosidl_typesupport_introspection_cpp.hpp
[0.828s] -- Up-to-date: /home/sam/AST/install/messages_package/include/messages_package/msg/detail/robot_distance__type_support.cpp
[0.829s] -- Up-to-date: /home/sam/AST/install/messages_package/include/messages_package/msg/detail/delivery__type_support.cpp
[0.829s] -- Up-to-date: /home/sam/AST/install/messages_package/include/messages_package/msg/detail/coordinates__rosidl_typesupport_introspection_cpp.hpp
[0.829s] -- Up-to-date: /home/sam/AST/install/messages_package/include/messages_package/msg/detail/item__rosidl_typesupport_introspection_cpp.hpp
[0.830s] -- Up-to-date: /home/sam/AST/install/messages_package/include/messages_package/msg/detail/robot_location__rosidl_typesupport_introspection_cpp.hpp
[0.830s] -- Up-to-date: /home/sam/AST/install/messages_package/include/messages_package/msg/detail/robot_location__type_support.cpp
[0.830s] -- Up-to-date: /home/sam/AST/install/messages_package/include/messages_package/msg/detail/item__type_support.cpp
[0.830s] -- Up-to-date: /home/sam/AST/install/messages_package/include/messages_package/msg/detail/delivery__rosidl_typesupport_introspection_cpp.hpp
[0.831s] -- Up-to-date: /home/sam/AST/install/messages_package/lib/libmessages_package__rosidl_typesupport_introspection_cpp.so
[0.831s] -- Up-to-date: /home/sam/AST/install/messages_package/lib/libmessages_package__rosidl_typesupport_cpp.so
[0.831s] -- Up-to-date: /home/sam/AST/install/messages_package/share/messages_package/environment/pythonpath.sh
[0.832s] -- Up-to-date: /home/sam/AST/install/messages_package/share/messages_package/environment/pythonpath.dsv
[0.832s] -- Up-to-date: /home/sam/AST/install/messages_package/lib/python3.8/site-packages/messages_package/__init__.py
[0.869s] -- Up-to-date: /home/sam/AST/install/messages_package/lib/python3.8/site-packages/messages_package/msg
[0.869s] -- Up-to-date: /home/sam/AST/install/messages_package/lib/python3.8/site-packages/messages_package/msg/__init__.py
[0.869s] -- Up-to-date: /home/sam/AST/install/messages_package/lib/python3.8/site-packages/messages_package/msg/_robot_location_s.c
[0.869s] -- Up-to-date: /home/sam/AST/install/messages_package/lib/python3.8/site-packages/messages_package/msg/_coordinates.py
[0.869s] -- Up-to-date: /home/sam/AST/install/messages_package/lib/python3.8/site-packages/messages_package/msg/_coordinates_s.c
[0.869s] -- Up-to-date: /home/sam/AST/install/messages_package/lib/python3.8/site-packages/messages_package/msg/_robot_distance_s.c
[0.870s] -- Up-to-date: /home/sam/AST/install/messages_package/lib/python3.8/site-packages/messages_package/msg/_item.py
[0.870s] -- Up-to-date: /home/sam/AST/install/messages_package/lib/python3.8/site-packages/messages_package/msg/_robot_distance.py
[0.870s] -- Up-to-date: /home/sam/AST/install/messages_package/lib/python3.8/site-packages/messages_package/msg/_delivery.py
[0.870s] -- Up-to-date: /home/sam/AST/install/messages_package/lib/python3.8/site-packages/messages_package/msg/_robot_location.py
[0.871s] -- Up-to-date: /home/sam/AST/install/messages_package/lib/python3.8/site-packages/messages_package/msg/_item_s.c
[0.871s] -- Up-to-date: /home/sam/AST/install/messages_package/lib/python3.8/site-packages/messages_package/msg/_delivery_s.c
[0.871s] -- Up-to-date: /home/sam/AST/install/messages_package/lib/python3.8/site-packages/messages_package/srv
[0.871s] -- Up-to-date: /home/sam/AST/install/messages_package/lib/python3.8/site-packages/messages_package/srv/__init__.py
[0.872s] -- Up-to-date: /home/sam/AST/install/messages_package/lib/python3.8/site-packages/messages_package/srv/_put_down_item_s.c
[0.872s] -- Up-to-date: /home/sam/AST/install/messages_package/lib/python3.8/site-packages/messages_package/srv/_delivery.py
[0.872s] -- Up-to-date: /home/sam/AST/install/messages_package/lib/python3.8/site-packages/messages_package/srv/_put_down_item.py
[0.873s] -- Up-to-date: /home/sam/AST/install/messages_package/lib/python3.8/site-packages/messages_package/srv/_pick_up_item.py
[0.873s] -- Up-to-date: /home/sam/AST/install/messages_package/lib/python3.8/site-packages/messages_package/srv/_pick_up_item_s.c
[0.873s] -- Up-to-date: /home/sam/AST/install/messages_package/lib/python3.8/site-packages/messages_package/srv/_delivery_s.c
[0.873s] -- Up-to-date: /home/sam/AST/install/messages_package/lib/python3.8/site-packages/messages_package/action
[0.873s] -- Up-to-date: /home/sam/AST/install/messages_package/lib/python3.8/site-packages/messages_package/action/__init__.py
[0.873s] -- Up-to-date: /home/sam/AST/install/messages_package/lib/python3.8/site-packages/messages_package/action/_order_s.c
[0.874s] -- Up-to-date: /home/sam/AST/install/messages_package/lib/python3.8/site-packages/messages_package/action/_charge_robot_s.c
[0.874s] -- Up-to-date: /home/sam/AST/install/messages_package/lib/python3.8/site-packages/messages_package/action/_move_item.py
[0.874s] -- Up-to-date: /home/sam/AST/install/messages_package/lib/python3.8/site-packages/messages_package/action/_move_item_s.c
[0.874s] -- Up-to-date: /home/sam/AST/install/messages_package/lib/python3.8/site-packages/messages_package/action/_order.py
[0.875s] -- Up-to-date: /home/sam/AST/install/messages_package/lib/python3.8/site-packages/messages_package/action/_charge_robot.py
[0.875s] -- Up-to-date: /home/sam/AST/install/messages_package/lib/python3.8/site-packages/messages_package/messages_package_s__rosidl_typesupport_fastrtps_c.cpython-38-x86_64-linux-gnu.so
[0.875s] -- Up-to-date: /home/sam/AST/install/messages_package/lib/python3.8/site-packages/messages_package/messages_package_s__rosidl_typesupport_introspection_c.cpython-38-x86_64-linux-gnu.so
[0.875s] -- Up-to-date: /home/sam/AST/install/messages_package/lib/python3.8/site-packages/messages_package/messages_package_s__rosidl_typesupport_c.cpython-38-x86_64-linux-gnu.so
[0.875s] -- Up-to-date: /home/sam/AST/install/messages_package/lib/libmessages_package__python.so
[0.875s] -- Up-to-date: /home/sam/AST/install/messages_package/share/messages_package/msg/Coordinates.idl
[0.876s] -- Up-to-date: /home/sam/AST/install/messages_package/share/messages_package/msg/Delivery.idl
[0.876s] -- Up-to-date: /home/sam/AST/install/messages_package/share/messages_package/msg/Item.idl
[0.876s] -- Up-to-date: /home/sam/AST/install/messages_package/share/messages_package/msg/RobotDistance.idl
[0.876s] -- Up-to-date: /home/sam/AST/install/messages_package/share/messages_package/msg/RobotLocation.idl
[0.876s] -- Up-to-date: /home/sam/AST/install/messages_package/share/messages_package/srv/Delivery.idl
[0.876s] -- Up-to-date: /home/sam/AST/install/messages_package/share/messages_package/srv/PickUpItem.idl
[0.876s] -- Up-to-date: /home/sam/AST/install/messages_package/share/messages_package/srv/PutDownItem.idl
[0.876s] -- Up-to-date: /home/sam/AST/install/messages_package/share/messages_package/action/ChargeRobot.idl
[0.876s] -- Up-to-date: /home/sam/AST/install/messages_package/share/messages_package/action/MoveItem.idl
[0.876s] -- Up-to-date: /home/sam/AST/install/messages_package/share/messages_package/action/Order.idl
[0.876s] -- Up-to-date: /home/sam/AST/install/messages_package/share/messages_package/msg/Coordinates.msg
[0.877s] -- Up-to-date: /home/sam/AST/install/messages_package/share/messages_package/msg/Delivery.msg
[0.877s] -- Up-to-date: /home/sam/AST/install/messages_package/share/messages_package/msg/Item.msg
[0.877s] -- Up-to-date: /home/sam/AST/install/messages_package/share/messages_package/msg/RobotDistance.msg
[0.877s] -- Up-to-date: /home/sam/AST/install/messages_package/share/messages_package/msg/RobotLocation.msg
[0.877s] -- Up-to-date: /home/sam/AST/install/messages_package/share/messages_package/srv/Delivery.srv
[0.877s] -- Up-to-date: /home/sam/AST/install/messages_package/share/messages_package/srv/Delivery_Request.msg
[0.877s] -- Up-to-date: /home/sam/AST/install/messages_package/share/messages_package/srv/Delivery_Response.msg
[0.877s] -- Up-to-date: /home/sam/AST/install/messages_package/share/messages_package/srv/PickUpItem.srv
[0.879s] -- Up-to-date: /home/sam/AST/install/messages_package/share/messages_package/srv/PickUpItem_Request.msg
[0.880s] -- Up-to-date: /home/sam/AST/install/messages_package/share/messages_package/srv/PickUpItem_Response.msg
[0.880s] -- Up-to-date: /home/sam/AST/install/messages_package/share/messages_package/srv/PutDownItem.srv
[0.880s] -- Up-to-date: /home/sam/AST/install/messages_package/share/messages_package/srv/PutDownItem_Request.msg
[0.880s] -- Up-to-date: /home/sam/AST/install/messages_package/share/messages_package/srv/PutDownItem_Response.msg
[0.881s] -- Up-to-date: /home/sam/AST/install/messages_package/share/messages_package/action/ChargeRobot.action
[0.881s] -- Up-to-date: /home/sam/AST/install/messages_package/share/messages_package/action/MoveItem.action
[0.881s] -- Up-to-date: /home/sam/AST/install/messages_package/share/messages_package/action/Order.action
[0.881s] -- Up-to-date: /home/sam/AST/install/messages_package/share/ament_index/resource_index/package_run_dependencies/messages_package
[0.882s] -- Up-to-date: /home/sam/AST/install/messages_package/share/ament_index/resource_index/parent_prefix_path/messages_package
[0.882s] -- Up-to-date: /home/sam/AST/install/messages_package/share/messages_package/environment/ament_prefix_path.sh
[0.882s] -- Up-to-date: /home/sam/AST/install/messages_package/share/messages_package/environment/ament_prefix_path.dsv
[0.883s] -- Up-to-date: /home/sam/AST/install/messages_package/share/messages_package/environment/path.sh
[0.883s] -- Up-to-date: /home/sam/AST/install/messages_package/share/messages_package/environment/path.dsv
[0.884s] -- Up-to-date: /home/sam/AST/install/messages_package/share/messages_package/local_setup.bash
[0.884s] -- Up-to-date: /home/sam/AST/install/messages_package/share/messages_package/local_setup.sh
[0.884s] -- Up-to-date: /home/sam/AST/install/messages_package/share/messages_package/local_setup.zsh
[0.884s] -- Up-to-date: /home/sam/AST/install/messages_package/share/messages_package/local_setup.dsv
[0.884s] -- Installing: /home/sam/AST/install/messages_package/share/messages_package/package.dsv
[0.885s] -- Up-to-date: /home/sam/AST/install/messages_package/share/ament_index/resource_index/packages/messages_package
[0.885s] -- Up-to-date: /home/sam/AST/install/messages_package/share/messages_package/cmake/messages_package__rosidl_generator_cExport.cmake
[0.885s] -- Up-to-date: /home/sam/AST/install/messages_package/share/messages_package/cmake/messages_package__rosidl_generator_cExport-noconfig.cmake
[0.885s] -- Up-to-date: /home/sam/AST/install/messages_package/share/messages_package/cmake/messages_package__rosidl_typesupport_introspection_cExport.cmake
[0.886s] -- Up-to-date: /home/sam/AST/install/messages_package/share/messages_package/cmake/messages_package__rosidl_typesupport_introspection_cExport-noconfig.cmake
[0.886s] -- Up-to-date: /home/sam/AST/install/messages_package/share/messages_package/cmake/messages_package__rosidl_typesupport_cExport.cmake
[0.886s] -- Up-to-date: /home/sam/AST/install/messages_package/share/messages_package/cmake/messages_package__rosidl_typesupport_cExport-noconfig.cmake
[0.886s] -- Up-to-date: /home/sam/AST/install/messages_package/share/messages_package/cmake/messages_package__rosidl_generator_cppExport.cmake
[0.887s] -- Up-to-date: /home/sam/AST/install/messages_package/share/messages_package/cmake/messages_package__rosidl_typesupport_introspection_cppExport.cmake
[0.887s] -- Up-to-date: /home/sam/AST/install/messages_package/share/messages_package/cmake/messages_package__rosidl_typesupport_introspection_cppExport-noconfig.cmake
[0.887s] -- Up-to-date: /home/sam/AST/install/messages_package/share/messages_package/cmake/messages_package__rosidl_typesupport_cppExport.cmake
[0.888s] -- Up-to-date: /home/sam/AST/install/messages_package/share/messages_package/cmake/messages_package__rosidl_typesupport_cppExport-noconfig.cmake
[0.888s] -- Up-to-date: /home/sam/AST/install/messages_package/share/messages_package/cmake/rosidl_cmake-extras.cmake
[0.888s] -- Up-to-date: /home/sam/AST/install/messages_package/share/messages_package/cmake/ament_cmake_export_dependencies-extras.cmake
[0.888s] -- Up-to-date: /home/sam/AST/install/messages_package/share/messages_package/cmake/ament_cmake_export_libraries-extras.cmake
[0.889s] -- Up-to-date: /home/sam/AST/install/messages_package/share/messages_package/cmake/ament_cmake_export_targets-extras.cmake
[0.889s] -- Up-to-date: /home/sam/AST/install/messages_package/share/messages_package/cmake/ament_cmake_export_include_directories-extras.cmake
[0.889s] -- Up-to-date: /home/sam/AST/install/messages_package/share/messages_package/cmake/rosidl_cmake_export_typesupport_libraries-extras.cmake
[0.890s] -- Up-to-date: /home/sam/AST/install/messages_package/share/messages_package/cmake/rosidl_cmake_export_typesupport_targets-extras.cmake
[0.890s] -- Up-to-date: /home/sam/AST/install/messages_package/share/messages_package/cmake/messages_packageConfig.cmake
[0.891s] -- Up-to-date: /home/sam/AST/install/messages_package/share/messages_package/cmake/messages_packageConfig-version.cmake
[0.891s] -- Up-to-date: /home/sam/AST/install/messages_package/share/messages_package/package.xml
[0.891s] Invoked command in '/home/sam/AST/build/messages_package' returned '0': CMAKE_PREFIX_PATH=/opt/ros/foxy /usr/bin/cmake --install /home/sam/AST/build/messages_package
