[0.408s] Invoking command in '/home/kunal/AST_Robot_Warehouse/src/warehouse_robot_package': CMAKE_PREFIX_PATH=/home/kunal/AST_Robot_Warehouse/install/messages_package:/home/kunal/AST_Robot_Warehouse/install/turtlesim:/home/kunal/AST_Robot_Warehouse/install/my_package LD_LIBRARY_PATH=/home/kunal/AST_Robot_Warehouse/install/messages_package/lib:/home/kunal/AST_Robot_Warehouse/install/turtlesim/lib:/opt/ros/foxy/opt/yaml_cpp_vendor/lib:/opt/ros/foxy/opt/rviz_ogre_vendor/lib:/opt/ros/foxy/lib/x86_64-linux-gnu:/opt/ros/foxy/lib PYTHONPATH=/home/kunal/AST_Robot_Warehouse/install/warehouse_robot_package/lib/python3.8/site-packages:/home/kunal/AST_Robot_Warehouse/install/messages_package/lib/python3.8/site-packages:/home/kunal/AST_Robot_Warehouse/install/warehouse_robot_package/lib/python3.8/site-packages:/home/kunal/AST_Robot_Warehouse/install/turtlesim/lib/python3.8/site-packages:/home/kunal/AST_Robot_Warehouse/install/py_pubsub/lib/python3.8/site-packages:/opt/ros/foxy/lib/python3.8/site-packages /usr/bin/python3 setup.py egg_info --egg-base ../../build/warehouse_robot_package build --build-base /home/kunal/AST_Robot_Warehouse/build/warehouse_robot_package/build install --prefix /home/kunal/AST_Robot_Warehouse/install/warehouse_robot_package --record /home/kunal/AST_Robot_Warehouse/build/warehouse_robot_package/install.log --single-version-externally-managed
[0.570s] running egg_info
[0.571s] writing ../../build/warehouse_robot_package/warehouse_robot_package.egg-info/PKG-INFO
[0.571s] writing dependency_links to ../../build/warehouse_robot_package/warehouse_robot_package.egg-info/dependency_links.txt
[0.572s] writing entry points to ../../build/warehouse_robot_package/warehouse_robot_package.egg-info/entry_points.txt
[0.572s] writing requirements to ../../build/warehouse_robot_package/warehouse_robot_package.egg-info/requires.txt
[0.572s] writing top-level names to ../../build/warehouse_robot_package/warehouse_robot_package.egg-info/top_level.txt
[0.600s] reading manifest file '../../build/warehouse_robot_package/warehouse_robot_package.egg-info/SOURCES.txt'
[0.601s] writing manifest file '../../build/warehouse_robot_package/warehouse_robot_package.egg-info/SOURCES.txt'
[0.601s] running build
[0.601s] running build_py
[0.601s] running install
[0.602s] running install_lib
[0.603s] running install_data
[0.603s] running install_egg_info
[0.605s] removing '/home/kunal/AST_Robot_Warehouse/install/warehouse_robot_package/lib/python3.8/site-packages/warehouse_robot_package-0.0.0-py3.8.egg-info' (and everything under it)
[0.606s] Copying ../../build/warehouse_robot_package/warehouse_robot_package.egg-info to /home/kunal/AST_Robot_Warehouse/install/warehouse_robot_package/lib/python3.8/site-packages/warehouse_robot_package-0.0.0-py3.8.egg-info
[0.607s] running install_scripts
[0.622s] Installing beacon script to /home/kunal/AST_Robot_Warehouse/install/warehouse_robot_package/lib/warehouse_robot_package
[0.623s] Installing order_console script to /home/kunal/AST_Robot_Warehouse/install/warehouse_robot_package/lib/warehouse_robot_package
[0.623s] Installing robot script to /home/kunal/AST_Robot_Warehouse/install/warehouse_robot_package/lib/warehouse_robot_package
[0.623s] Installing warehouse script to /home/kunal/AST_Robot_Warehouse/install/warehouse_robot_package/lib/warehouse_robot_package
[0.623s] writing list of installed files to '/home/kunal/AST_Robot_Warehouse/build/warehouse_robot_package/install.log'
[0.649s] Invoked command in '/home/kunal/AST_Robot_Warehouse/src/warehouse_robot_package' returned '0': CMAKE_PREFIX_PATH=/home/kunal/AST_Robot_Warehouse/install/messages_package:/home/kunal/AST_Robot_Warehouse/install/turtlesim:/home/kunal/AST_Robot_Warehouse/install/my_package LD_LIBRARY_PATH=/home/kunal/AST_Robot_Warehouse/install/messages_package/lib:/home/kunal/AST_Robot_Warehouse/install/turtlesim/lib:/opt/ros/foxy/opt/yaml_cpp_vendor/lib:/opt/ros/foxy/opt/rviz_ogre_vendor/lib:/opt/ros/foxy/lib/x86_64-linux-gnu:/opt/ros/foxy/lib PYTHONPATH=/home/kunal/AST_Robot_Warehouse/install/warehouse_robot_package/lib/python3.8/site-packages:/home/kunal/AST_Robot_Warehouse/install/messages_package/lib/python3.8/site-packages:/home/kunal/AST_Robot_Warehouse/install/warehouse_robot_package/lib/python3.8/site-packages:/home/kunal/AST_Robot_Warehouse/install/turtlesim/lib/python3.8/site-packages:/home/kunal/AST_Robot_Warehouse/install/py_pubsub/lib/python3.8/site-packages:/opt/ros/foxy/lib/python3.8/site-packages /usr/bin/python3 setup.py egg_info --egg-base ../../build/warehouse_robot_package build --build-base /home/kunal/AST_Robot_Warehouse/build/warehouse_robot_package/build install --prefix /home/kunal/AST_Robot_Warehouse/install/warehouse_robot_package --record /home/kunal/AST_Robot_Warehouse/build/warehouse_robot_package/install.log --single-version-externally-managed
