[0.358s] Invoking command in '/home/kunal/AST_Robot_Warehouse/src/warehouse_robot_package': AMENT_PREFIX_PATH=/home/kunal/AST_Robot_Warehouse/install/messages_package:${AMENT_PREFIX_PATH} CMAKE_PREFIX_PATH=/home/kunal/AST_Robot_Warehouse/install/messages_package LD_LIBRARY_PATH=/home/kunal/AST_Robot_Warehouse/install/messages_package/lib:${LD_LIBRARY_PATH} PYTHONPATH=/home/kunal/AST_Robot_Warehouse/install/warehouse_robot_package/lib/python3.8/site-packages:/home/kunal/AST_Robot_Warehouse/install/messages_package/lib/python3.8/site-packages:${PYTHONPATH} /usr/bin/python3 setup.py egg_info --egg-base ../../build/warehouse_robot_package build --build-base /home/kunal/AST_Robot_Warehouse/build/warehouse_robot_package/build install --prefix /home/kunal/AST_Robot_Warehouse/install/warehouse_robot_package --record /home/kunal/AST_Robot_Warehouse/build/warehouse_robot_package/install.log --single-version-externally-managed
[0.517s] running egg_info
[0.518s] writing ../../build/warehouse_robot_package/warehouse_robot_package.egg-info/PKG-INFO
[0.519s] writing dependency_links to ../../build/warehouse_robot_package/warehouse_robot_package.egg-info/dependency_links.txt
[0.520s] writing entry points to ../../build/warehouse_robot_package/warehouse_robot_package.egg-info/entry_points.txt
[0.520s] writing requirements to ../../build/warehouse_robot_package/warehouse_robot_package.egg-info/requires.txt
[0.520s] writing top-level names to ../../build/warehouse_robot_package/warehouse_robot_package.egg-info/top_level.txt
[0.554s] reading manifest file '../../build/warehouse_robot_package/warehouse_robot_package.egg-info/SOURCES.txt'
[0.555s] writing manifest file '../../build/warehouse_robot_package/warehouse_robot_package.egg-info/SOURCES.txt'
[0.555s] running build
[0.556s] running build_py
[0.556s] running install
[0.557s] running install_lib
[0.558s] running install_data
[0.559s] running install_egg_info
[0.561s] removing '/home/kunal/AST_Robot_Warehouse/install/warehouse_robot_package/lib/python3.8/site-packages/warehouse_robot_package-0.0.0-py3.8.egg-info' (and everything under it)
[0.561s] Copying ../../build/warehouse_robot_package/warehouse_robot_package.egg-info to /home/kunal/AST_Robot_Warehouse/install/warehouse_robot_package/lib/python3.8/site-packages/warehouse_robot_package-0.0.0-py3.8.egg-info
[0.562s] running install_scripts
[0.578s] Installing beacon script to /home/kunal/AST_Robot_Warehouse/install/warehouse_robot_package/lib/warehouse_robot_package
[0.578s] Installing order_console script to /home/kunal/AST_Robot_Warehouse/install/warehouse_robot_package/lib/warehouse_robot_package
[0.579s] Installing robot script to /home/kunal/AST_Robot_Warehouse/install/warehouse_robot_package/lib/warehouse_robot_package
[0.579s] Installing warehouse script to /home/kunal/AST_Robot_Warehouse/install/warehouse_robot_package/lib/warehouse_robot_package
[0.580s] writing list of installed files to '/home/kunal/AST_Robot_Warehouse/build/warehouse_robot_package/install.log'
[0.609s] Invoked command in '/home/kunal/AST_Robot_Warehouse/src/warehouse_robot_package' returned '0': AMENT_PREFIX_PATH=/home/kunal/AST_Robot_Warehouse/install/messages_package:${AMENT_PREFIX_PATH} CMAKE_PREFIX_PATH=/home/kunal/AST_Robot_Warehouse/install/messages_package LD_LIBRARY_PATH=/home/kunal/AST_Robot_Warehouse/install/messages_package/lib:${LD_LIBRARY_PATH} PYTHONPATH=/home/kunal/AST_Robot_Warehouse/install/warehouse_robot_package/lib/python3.8/site-packages:/home/kunal/AST_Robot_Warehouse/install/messages_package/lib/python3.8/site-packages:${PYTHONPATH} /usr/bin/python3 setup.py egg_info --egg-base ../../build/warehouse_robot_package build --build-base /home/kunal/AST_Robot_Warehouse/build/warehouse_robot_package/build install --prefix /home/kunal/AST_Robot_Warehouse/install/warehouse_robot_package --record /home/kunal/AST_Robot_Warehouse/build/warehouse_robot_package/install.log --single-version-externally-managed
