[0.296s] Invoking command in '/home/sam/AST/src/py_pubsub': PYTHONPATH=/home/sam/AST/install/py_pubsub/lib/python3.8/site-packages:${PYTHONPATH} /usr/bin/python3 setup.py egg_info --egg-base ../../build/py_pubsub build --build-base /home/sam/AST/build/py_pubsub/build install --prefix /home/sam/AST/install/py_pubsub --record /home/sam/AST/build/py_pubsub/install.log --single-version-externally-managed
[0.594s] running egg_info
[0.595s] writing ../../build/py_pubsub/py_pubsub.egg-info/PKG-INFO
[0.595s] writing dependency_links to ../../build/py_pubsub/py_pubsub.egg-info/dependency_links.txt
[0.595s] writing entry points to ../../build/py_pubsub/py_pubsub.egg-info/entry_points.txt
[0.595s] writing requirements to ../../build/py_pubsub/py_pubsub.egg-info/requires.txt
[0.595s] writing top-level names to ../../build/py_pubsub/py_pubsub.egg-info/top_level.txt
[0.644s] reading manifest file '../../build/py_pubsub/py_pubsub.egg-info/SOURCES.txt'
[0.645s] writing manifest file '../../build/py_pubsub/py_pubsub.egg-info/SOURCES.txt'
[0.645s] running build
[0.645s] running build_py
[0.646s] running install
[0.646s] running install_lib
[0.648s] running install_data
[0.648s] running install_egg_info
[0.649s] removing '/home/sam/AST/install/py_pubsub/lib/python3.8/site-packages/py_pubsub-0.0.0-py3.8.egg-info' (and everything under it)
[0.650s] Copying ../../build/py_pubsub/py_pubsub.egg-info to /home/sam/AST/install/py_pubsub/lib/python3.8/site-packages/py_pubsub-0.0.0-py3.8.egg-info
[0.650s] running install_scripts
[0.668s] Installing listener script to /home/sam/AST/install/py_pubsub/lib/py_pubsub
[0.668s] Installing talker script to /home/sam/AST/install/py_pubsub/lib/py_pubsub
[0.669s] writing list of installed files to '/home/sam/AST/build/py_pubsub/install.log'
[0.690s] Invoked command in '/home/sam/AST/src/py_pubsub' returned '0': PYTHONPATH=/home/sam/AST/install/py_pubsub/lib/python3.8/site-packages:${PYTHONPATH} /usr/bin/python3 setup.py egg_info --egg-base ../../build/py_pubsub build --build-base /home/sam/AST/build/py_pubsub/build install --prefix /home/sam/AST/install/py_pubsub --record /home/sam/AST/build/py_pubsub/install.log --single-version-externally-managed
