[0.029s] Invoking command in '/home/sam/AST_Robot_Warehouse/build/action_tutorials_interfaces': CMAKE_PREFIX_PATH=${CMAKE_PREFIX_PATH}:/home/sam/AST_Robot_Warehouse/install/warehouse_robot_package:/home/sam/AST_Robot_Warehouse/install/py_srvcli:/home/sam/AST_Robot_Warehouse/install/py_pubsub:/opt/ros/foxy /usr/bin/cmake --build /home/sam/AST_Robot_Warehouse/build/action_tutorials_interfaces -- -j12 -l12
[0.519s] [  3%] Built target action_tutorials_interfaces__cpp
[0.519s] [ 12%] Built target action_tutorials_interfaces__rosidl_generator_c
[0.521s] [ 22%] Built target action_tutorials_interfaces__rosidl_typesupport_c
[0.521s] [ 51%] Built target action_tutorials_interfaces__rosidl_typesupport_introspection_cpp
[0.522s] [ 51%] Built target action_tutorials_interfaces__rosidl_typesupport_introspection_c
[0.523s] [ 51%] Built target action_tutorials_interfaces__rosidl_typesupport_cpp
[0.524s] [ 61%] Built target action_tutorials_interfaces__rosidl_typesupport_fastrtps_cpp
[0.524s] [ 70%] Built target action_tutorials_interfaces__rosidl_typesupport_fastrtps_c
[0.524s] [ 70%] Built target action_tutorials_interfaces
[0.524s] [ 74%] Built target action_tutorials_interfaces__py
[0.524s] [ 80%] Built target action_tutorials_interfaces__python
[0.524s] [ 93%] Built target action_tutorials_interfaces__rosidl_typesupport_c__pyext
[0.524s] [ 93%] Built target action_tutorials_interfaces__rosidl_typesupport_introspection_c__pyext
[0.524s] [100%] Built target action_tutorials_interfaces__rosidl_typesupport_fastrtps_c__pyext
[0.525s] Invoked command in '/home/sam/AST_Robot_Warehouse/build/action_tutorials_interfaces' returned '0': CMAKE_PREFIX_PATH=${CMAKE_PREFIX_PATH}:/home/sam/AST_Robot_Warehouse/install/warehouse_robot_package:/home/sam/AST_Robot_Warehouse/install/py_srvcli:/home/sam/AST_Robot_Warehouse/install/py_pubsub:/opt/ros/foxy /usr/bin/cmake --build /home/sam/AST_Robot_Warehouse/build/action_tutorials_interfaces -- -j12 -l12
[0.572s] Invoking command in '/home/sam/AST_Robot_Warehouse/build/action_tutorials_interfaces': CMAKE_PREFIX_PATH=${CMAKE_PREFIX_PATH}:/home/sam/AST_Robot_Warehouse/install/warehouse_robot_package:/home/sam/AST_Robot_Warehouse/install/py_srvcli:/home/sam/AST_Robot_Warehouse/install/py_pubsub:/opt/ros/foxy /usr/bin/cmake --install /home/sam/AST_Robot_Warehouse/build/action_tutorials_interfaces
[0.583s] -- Install configuration: ""
[0.583s] -- Up-to-date: /home/sam/AST_Robot_Warehouse/install/action_tutorials_interfaces/share/ament_index/resource_index/rosidl_interfaces/action_tutorials_interfaces
[0.584s] -- Up-to-date: /home/sam/AST_Robot_Warehouse/install/action_tutorials_interfaces/include/action_tutorials_interfaces
[0.584s] -- Up-to-date: /home/sam/AST_Robot_Warehouse/install/action_tutorials_interfaces/include/action_tutorials_interfaces/action
[0.584s] -- Up-to-date: /home/sam/AST_Robot_Warehouse/install/action_tutorials_interfaces/include/action_tutorials_interfaces/action/fibonacci.h
[0.584s] -- Up-to-date: /home/sam/AST_Robot_Warehouse/install/action_tutorials_interfaces/include/action_tutorials_interfaces/action/detail
[0.584s] -- Up-to-date: /home/sam/AST_Robot_Warehouse/install/action_tutorials_interfaces/include/action_tutorials_interfaces/action/detail/fibonacci__functions.c
[0.584s] -- Up-to-date: /home/sam/AST_Robot_Warehouse/install/action_tutorials_interfaces/include/action_tutorials_interfaces/action/detail/fibonacci__functions.h
[0.584s] -- Up-to-date: /home/sam/AST_Robot_Warehouse/install/action_tutorials_interfaces/include/action_tutorials_interfaces/action/detail/fibonacci__struct.h
[0.584s] -- Up-to-date: /home/sam/AST_Robot_Warehouse/install/action_tutorials_interfaces/include/action_tutorials_interfaces/action/detail/fibonacci__type_support.h
[0.585s] -- Up-to-date: /home/sam/AST_Robot_Warehouse/install/action_tutorials_interfaces/include/action_tutorials_interfaces/msg
[0.585s] -- Up-to-date: /home/sam/AST_Robot_Warehouse/install/action_tutorials_interfaces/include/action_tutorials_interfaces/msg/rosidl_generator_c__visibility_control.h
[0.585s] -- Up-to-date: /home/sam/AST_Robot_Warehouse/install/action_tutorials_interfaces/share/action_tutorials_interfaces/environment/library_path.sh
[0.585s] -- Up-to-date: /home/sam/AST_Robot_Warehouse/install/action_tutorials_interfaces/share/action_tutorials_interfaces/environment/library_path.dsv
[0.585s] -- Up-to-date: /home/sam/AST_Robot_Warehouse/install/action_tutorials_interfaces/lib/libaction_tutorials_interfaces__rosidl_generator_c.so
[0.585s] -- Up-to-date: /home/sam/AST_Robot_Warehouse/install/action_tutorials_interfaces/include/action_tutorials_interfaces
[0.586s] -- Up-to-date: /home/sam/AST_Robot_Warehouse/install/action_tutorials_interfaces/include/action_tutorials_interfaces/action
[0.586s] -- Up-to-date: /home/sam/AST_Robot_Warehouse/install/action_tutorials_interfaces/include/action_tutorials_interfaces/action/detail
[0.586s] -- Up-to-date: /home/sam/AST_Robot_Warehouse/install/action_tutorials_interfaces/include/action_tutorials_interfaces/action/detail/fibonacci__rosidl_typesupport_fastrtps_c.h
[0.587s] -- Up-to-date: /home/sam/AST_Robot_Warehouse/install/action_tutorials_interfaces/include/action_tutorials_interfaces/msg
[0.587s] -- Up-to-date: /home/sam/AST_Robot_Warehouse/install/action_tutorials_interfaces/include/action_tutorials_interfaces/msg/rosidl_typesupport_fastrtps_c__visibility_control.h
[0.587s] -- Up-to-date: /home/sam/AST_Robot_Warehouse/install/action_tutorials_interfaces/lib/libaction_tutorials_interfaces__rosidl_typesupport_fastrtps_c.so
[0.587s] -- Up-to-date: /home/sam/AST_Robot_Warehouse/install/action_tutorials_interfaces/include/action_tutorials_interfaces
[0.587s] -- Up-to-date: /home/sam/AST_Robot_Warehouse/install/action_tutorials_interfaces/include/action_tutorials_interfaces/action
[0.588s] -- Up-to-date: /home/sam/AST_Robot_Warehouse/install/action_tutorials_interfaces/include/action_tutorials_interfaces/action/detail
[0.588s] -- Up-to-date: /home/sam/AST_Robot_Warehouse/install/action_tutorials_interfaces/include/action_tutorials_interfaces/action/detail/fibonacci__rosidl_typesupport_fastrtps_cpp.hpp
[0.588s] -- Up-to-date: /home/sam/AST_Robot_Warehouse/install/action_tutorials_interfaces/include/action_tutorials_interfaces/action/detail/dds_fastrtps
[0.589s] -- Up-to-date: /home/sam/AST_Robot_Warehouse/install/action_tutorials_interfaces/include/action_tutorials_interfaces/msg
[0.589s] -- Up-to-date: /home/sam/AST_Robot_Warehouse/install/action_tutorials_interfaces/include/action_tutorials_interfaces/msg/rosidl_typesupport_fastrtps_cpp__visibility_control.h
[0.589s] -- Up-to-date: /home/sam/AST_Robot_Warehouse/install/action_tutorials_interfaces/lib/libaction_tutorials_interfaces__rosidl_typesupport_fastrtps_cpp.so
[0.589s] -- Up-to-date: /home/sam/AST_Robot_Warehouse/install/action_tutorials_interfaces/include/action_tutorials_interfaces
[0.589s] -- Up-to-date: /home/sam/AST_Robot_Warehouse/install/action_tutorials_interfaces/include/action_tutorials_interfaces/action
[0.590s] -- Up-to-date: /home/sam/AST_Robot_Warehouse/install/action_tutorials_interfaces/include/action_tutorials_interfaces/action/detail
[0.590s] -- Up-to-date: /home/sam/AST_Robot_Warehouse/install/action_tutorials_interfaces/include/action_tutorials_interfaces/action/detail/fibonacci__rosidl_typesupport_introspection_c.h
[0.590s] -- Up-to-date: /home/sam/AST_Robot_Warehouse/install/action_tutorials_interfaces/include/action_tutorials_interfaces/action/detail/fibonacci__type_support.c
[0.590s] -- Up-to-date: /home/sam/AST_Robot_Warehouse/install/action_tutorials_interfaces/include/action_tutorials_interfaces/msg
[0.590s] -- Up-to-date: /home/sam/AST_Robot_Warehouse/install/action_tutorials_interfaces/include/action_tutorials_interfaces/msg/rosidl_typesupport_introspection_c__visibility_control.h
[0.590s] -- Up-to-date: /home/sam/AST_Robot_Warehouse/install/action_tutorials_interfaces/lib/libaction_tutorials_interfaces__rosidl_typesupport_introspection_c.so
[0.590s] -- Up-to-date: /home/sam/AST_Robot_Warehouse/install/action_tutorials_interfaces/lib/libaction_tutorials_interfaces__rosidl_typesupport_c.so
[0.590s] -- Up-to-date: /home/sam/AST_Robot_Warehouse/install/action_tutorials_interfaces/include/action_tutorials_interfaces
[0.591s] -- Up-to-date: /home/sam/AST_Robot_Warehouse/install/action_tutorials_interfaces/include/action_tutorials_interfaces/action
[0.591s] -- Up-to-date: /home/sam/AST_Robot_Warehouse/install/action_tutorials_interfaces/include/action_tutorials_interfaces/action/detail
[0.591s] -- Up-to-date: /home/sam/AST_Robot_Warehouse/install/action_tutorials_interfaces/include/action_tutorials_interfaces/action/detail/fibonacci__builder.hpp
[0.591s] -- Up-to-date: /home/sam/AST_Robot_Warehouse/install/action_tutorials_interfaces/include/action_tutorials_interfaces/action/detail/fibonacci__struct.hpp
[0.591s] -- Up-to-date: /home/sam/AST_Robot_Warehouse/install/action_tutorials_interfaces/include/action_tutorials_interfaces/action/detail/fibonacci__traits.hpp
[0.591s] -- Up-to-date: /home/sam/AST_Robot_Warehouse/install/action_tutorials_interfaces/include/action_tutorials_interfaces/action/fibonacci.hpp
[0.592s] -- Up-to-date: /home/sam/AST_Robot_Warehouse/install/action_tutorials_interfaces/include/action_tutorials_interfaces
[0.592s] -- Up-to-date: /home/sam/AST_Robot_Warehouse/install/action_tutorials_interfaces/include/action_tutorials_interfaces/action
[0.592s] -- Up-to-date: /home/sam/AST_Robot_Warehouse/install/action_tutorials_interfaces/include/action_tutorials_interfaces/action/detail
[0.592s] -- Up-to-date: /home/sam/AST_Robot_Warehouse/install/action_tutorials_interfaces/include/action_tutorials_interfaces/action/detail/fibonacci__rosidl_typesupport_introspection_cpp.hpp
[0.592s] -- Up-to-date: /home/sam/AST_Robot_Warehouse/install/action_tutorials_interfaces/include/action_tutorials_interfaces/action/detail/fibonacci__type_support.cpp
[0.592s] -- Up-to-date: /home/sam/AST_Robot_Warehouse/install/action_tutorials_interfaces/lib/libaction_tutorials_interfaces__rosidl_typesupport_introspection_cpp.so
[0.593s] -- Up-to-date: /home/sam/AST_Robot_Warehouse/install/action_tutorials_interfaces/lib/libaction_tutorials_interfaces__rosidl_typesupport_cpp.so
[0.593s] -- Up-to-date: /home/sam/AST_Robot_Warehouse/install/action_tutorials_interfaces/share/action_tutorials_interfaces/environment/pythonpath.sh
[0.593s] -- Up-to-date: /home/sam/AST_Robot_Warehouse/install/action_tutorials_interfaces/share/action_tutorials_interfaces/environment/pythonpath.dsv
[0.593s] -- Up-to-date: /home/sam/AST_Robot_Warehouse/install/action_tutorials_interfaces/lib/python3.8/site-packages/action_tutorials_interfaces/__init__.py
[0.628s] -- Up-to-date: /home/sam/AST_Robot_Warehouse/install/action_tutorials_interfaces/lib/python3.8/site-packages/action_tutorials_interfaces/action
[0.629s] -- Up-to-date: /home/sam/AST_Robot_Warehouse/install/action_tutorials_interfaces/lib/python3.8/site-packages/action_tutorials_interfaces/action/__init__.py
[0.629s] -- Up-to-date: /home/sam/AST_Robot_Warehouse/install/action_tutorials_interfaces/lib/python3.8/site-packages/action_tutorials_interfaces/action/_fibonacci_s.c
[0.629s] -- Up-to-date: /home/sam/AST_Robot_Warehouse/install/action_tutorials_interfaces/lib/python3.8/site-packages/action_tutorials_interfaces/action/_fibonacci.py
[0.630s] -- Up-to-date: /home/sam/AST_Robot_Warehouse/install/action_tutorials_interfaces/lib/python3.8/site-packages/action_tutorials_interfaces/action_tutorials_interfaces_s__rosidl_typesupport_fastrtps_c.cpython-38-x86_64-linux-gnu.so
[0.630s] -- Up-to-date: /home/sam/AST_Robot_Warehouse/install/action_tutorials_interfaces/lib/python3.8/site-packages/action_tutorials_interfaces/action_tutorials_interfaces_s__rosidl_typesupport_introspection_c.cpython-38-x86_64-linux-gnu.so
[0.631s] -- Up-to-date: /home/sam/AST_Robot_Warehouse/install/action_tutorials_interfaces/lib/python3.8/site-packages/action_tutorials_interfaces/action_tutorials_interfaces_s__rosidl_typesupport_c.cpython-38-x86_64-linux-gnu.so
[0.631s] -- Up-to-date: /home/sam/AST_Robot_Warehouse/install/action_tutorials_interfaces/lib/libaction_tutorials_interfaces__python.so
[0.632s] -- Up-to-date: /home/sam/AST_Robot_Warehouse/install/action_tutorials_interfaces/share/action_tutorials_interfaces/action/Fibonacci.idl
[0.632s] -- Up-to-date: /home/sam/AST_Robot_Warehouse/install/action_tutorials_interfaces/share/action_tutorials_interfaces/action/Fibonacci.action
[0.632s] -- Up-to-date: /home/sam/AST_Robot_Warehouse/install/action_tutorials_interfaces/share/ament_index/resource_index/package_run_dependencies/action_tutorials_interfaces
[0.632s] -- Up-to-date: /home/sam/AST_Robot_Warehouse/install/action_tutorials_interfaces/share/ament_index/resource_index/parent_prefix_path/action_tutorials_interfaces
[0.633s] -- Up-to-date: /home/sam/AST_Robot_Warehouse/install/action_tutorials_interfaces/share/action_tutorials_interfaces/environment/ament_prefix_path.sh
[0.633s] -- Up-to-date: /home/sam/AST_Robot_Warehouse/install/action_tutorials_interfaces/share/action_tutorials_interfaces/environment/ament_prefix_path.dsv
[0.633s] -- Up-to-date: /home/sam/AST_Robot_Warehouse/install/action_tutorials_interfaces/share/action_tutorials_interfaces/environment/path.sh
[0.633s] -- Up-to-date: /home/sam/AST_Robot_Warehouse/install/action_tutorials_interfaces/share/action_tutorials_interfaces/environment/path.dsv
[0.633s] -- Up-to-date: /home/sam/AST_Robot_Warehouse/install/action_tutorials_interfaces/share/action_tutorials_interfaces/local_setup.bash
[0.634s] -- Up-to-date: /home/sam/AST_Robot_Warehouse/install/action_tutorials_interfaces/share/action_tutorials_interfaces/local_setup.sh
[0.634s] -- Up-to-date: /home/sam/AST_Robot_Warehouse/install/action_tutorials_interfaces/share/action_tutorials_interfaces/local_setup.zsh
[0.634s] -- Up-to-date: /home/sam/AST_Robot_Warehouse/install/action_tutorials_interfaces/share/action_tutorials_interfaces/local_setup.dsv
[0.634s] -- Installing: /home/sam/AST_Robot_Warehouse/install/action_tutorials_interfaces/share/action_tutorials_interfaces/package.dsv
[0.635s] -- Up-to-date: /home/sam/AST_Robot_Warehouse/install/action_tutorials_interfaces/share/ament_index/resource_index/packages/action_tutorials_interfaces
[0.635s] -- Up-to-date: /home/sam/AST_Robot_Warehouse/install/action_tutorials_interfaces/share/action_tutorials_interfaces/cmake/action_tutorials_interfaces__rosidl_generator_cExport.cmake
[0.635s] -- Up-to-date: /home/sam/AST_Robot_Warehouse/install/action_tutorials_interfaces/share/action_tutorials_interfaces/cmake/action_tutorials_interfaces__rosidl_generator_cExport-noconfig.cmake
[0.635s] -- Up-to-date: /home/sam/AST_Robot_Warehouse/install/action_tutorials_interfaces/share/action_tutorials_interfaces/cmake/action_tutorials_interfaces__rosidl_typesupport_introspection_cExport.cmake
[0.636s] -- Up-to-date: /home/sam/AST_Robot_Warehouse/install/action_tutorials_interfaces/share/action_tutorials_interfaces/cmake/action_tutorials_interfaces__rosidl_typesupport_introspection_cExport-noconfig.cmake
[0.636s] -- Up-to-date: /home/sam/AST_Robot_Warehouse/install/action_tutorials_interfaces/share/action_tutorials_interfaces/cmake/action_tutorials_interfaces__rosidl_typesupport_cExport.cmake
[0.636s] -- Up-to-date: /home/sam/AST_Robot_Warehouse/install/action_tutorials_interfaces/share/action_tutorials_interfaces/cmake/action_tutorials_interfaces__rosidl_typesupport_cExport-noconfig.cmake
[0.636s] -- Up-to-date: /home/sam/AST_Robot_Warehouse/install/action_tutorials_interfaces/share/action_tutorials_interfaces/cmake/action_tutorials_interfaces__rosidl_generator_cppExport.cmake
[0.636s] -- Up-to-date: /home/sam/AST_Robot_Warehouse/install/action_tutorials_interfaces/share/action_tutorials_interfaces/cmake/action_tutorials_interfaces__rosidl_typesupport_introspection_cppExport.cmake
[0.637s] -- Up-to-date: /home/sam/AST_Robot_Warehouse/install/action_tutorials_interfaces/share/action_tutorials_interfaces/cmake/action_tutorials_interfaces__rosidl_typesupport_introspection_cppExport-noconfig.cmake
[0.637s] -- Up-to-date: /home/sam/AST_Robot_Warehouse/install/action_tutorials_interfaces/share/action_tutorials_interfaces/cmake/action_tutorials_interfaces__rosidl_typesupport_cppExport.cmake
[0.637s] -- Up-to-date: /home/sam/AST_Robot_Warehouse/install/action_tutorials_interfaces/share/action_tutorials_interfaces/cmake/action_tutorials_interfaces__rosidl_typesupport_cppExport-noconfig.cmake
[0.637s] -- Up-to-date: /home/sam/AST_Robot_Warehouse/install/action_tutorials_interfaces/share/action_tutorials_interfaces/cmake/rosidl_cmake-extras.cmake
[0.638s] -- Up-to-date: /home/sam/AST_Robot_Warehouse/install/action_tutorials_interfaces/share/action_tutorials_interfaces/cmake/ament_cmake_export_dependencies-extras.cmake
[0.638s] -- Up-to-date: /home/sam/AST_Robot_Warehouse/install/action_tutorials_interfaces/share/action_tutorials_interfaces/cmake/ament_cmake_export_libraries-extras.cmake
[0.639s] -- Up-to-date: /home/sam/AST_Robot_Warehouse/install/action_tutorials_interfaces/share/action_tutorials_interfaces/cmake/ament_cmake_export_targets-extras.cmake
[0.640s] -- Up-to-date: /home/sam/AST_Robot_Warehouse/install/action_tutorials_interfaces/share/action_tutorials_interfaces/cmake/ament_cmake_export_include_directories-extras.cmake
[0.640s] -- Up-to-date: /home/sam/AST_Robot_Warehouse/install/action_tutorials_interfaces/share/action_tutorials_interfaces/cmake/rosidl_cmake_export_typesupport_libraries-extras.cmake
[0.640s] -- Up-to-date: /home/sam/AST_Robot_Warehouse/install/action_tutorials_interfaces/share/action_tutorials_interfaces/cmake/rosidl_cmake_export_typesupport_targets-extras.cmake
[0.640s] -- Up-to-date: /home/sam/AST_Robot_Warehouse/install/action_tutorials_interfaces/share/action_tutorials_interfaces/cmake/action_tutorials_interfacesConfig.cmake
[0.641s] -- Up-to-date: /home/sam/AST_Robot_Warehouse/install/action_tutorials_interfaces/share/action_tutorials_interfaces/cmake/action_tutorials_interfacesConfig-version.cmake
[0.641s] -- Up-to-date: /home/sam/AST_Robot_Warehouse/install/action_tutorials_interfaces/share/action_tutorials_interfaces/package.xml
[0.641s] Invoked command in '/home/sam/AST_Robot_Warehouse/build/action_tutorials_interfaces' returned '0': CMAKE_PREFIX_PATH=${CMAKE_PREFIX_PATH}:/home/sam/AST_Robot_Warehouse/install/warehouse_robot_package:/home/sam/AST_Robot_Warehouse/install/py_srvcli:/home/sam/AST_Robot_Warehouse/install/py_pubsub:/opt/ros/foxy /usr/bin/cmake --install /home/sam/AST_Robot_Warehouse/build/action_tutorials_interfaces
