[0.279s] DEBUG:colcon:Command line arguments: ['/usr/bin/colcon', 'build']
[0.280s] DEBUG:colcon:Parsed command line arguments: Namespace(ament_cmake_args=None, base_paths=['.'], build_base='build', catkin_cmake_args=None, catkin_skip_building_tests=False, cmake_args=None, cmake_clean_cache=False, cmake_clean_first=False, cmake_force_configure=False, cmake_target=None, cmake_target_skip_unavailable=False, continue_on_error=False, event_handlers=None, executor='parallel', ignore_user_meta=False, install_base='install', log_base=None, log_level=None, main=<bound method BuildVerb.main of <colcon_core.verb.build.BuildVerb object at 0x7f4fb00c8760>>, merge_install=False, metas=['./colcon.meta'], packages_above=None, packages_above_and_dependencies=None, packages_above_depth=None, packages_end=None, packages_ignore=None, packages_ignore_regex=None, packages_select=None, packages_select_build_failed=False, packages_select_by_dep=None, packages_select_regex=None, packages_select_test_failures=False, packages_skip=None, packages_skip_build_finished=False, packages_skip_by_dep=None, packages_skip_regex=None, packages_skip_test_passed=False, packages_skip_up_to=None, packages_start=None, packages_up_to=None, packages_up_to_regex=None, parallel_workers=12, paths=None, symlink_install=False, test_result_base=None, verb_extension=<colcon_core.verb.build.BuildVerb object at 0x7f4fb00c8760>, verb_name='build', verb_parser=<colcon_defaults.argument_parser.defaults.DefaultArgumentsDecorator object at 0x7f4fb00c8cd0>)
[0.284s] Level 1:colcon.colcon_core.package_discovery:discover_packages(colcon_meta) check parameters
[0.284s] Level 1:colcon.colcon_core.package_discovery:discover_packages(recursive) check parameters
[0.284s] Level 1:colcon.colcon_core.package_discovery:discover_packages(ignore) check parameters
[0.284s] Level 1:colcon.colcon_core.package_discovery:discover_packages(path) check parameters
[0.284s] Level 1:colcon.colcon_core.package_discovery:discover_packages(colcon_meta) discover
[0.284s] Level 1:colcon.colcon_core.package_discovery:discover_packages(recursive) discover
[0.284s] INFO:colcon.colcon_core.package_discovery:Crawling recursively for packages in '/home/sam/AST_Robot_Warehouse'
[0.284s] Level 1:colcon.colcon_core.package_identification:_identify(.) by extensions ['ignore', 'ignore_ament_install']
[0.284s] Level 1:colcon.colcon_core.package_identification:_identify(.) by extension 'ignore'
[0.285s] Level 1:colcon.colcon_core.package_identification:_identify(.) by extension 'ignore_ament_install'
[0.285s] Level 1:colcon.colcon_core.package_identification:_identify(.) by extensions ['colcon_pkg']
[0.285s] Level 1:colcon.colcon_core.package_identification:_identify(.) by extension 'colcon_pkg'
[0.285s] Level 1:colcon.colcon_core.package_identification:_identify(.) by extensions ['colcon_meta']
[0.285s] Level 1:colcon.colcon_core.package_identification:_identify(.) by extension 'colcon_meta'
[0.285s] Level 1:colcon.colcon_core.package_identification:_identify(.) by extensions ['ros']
[0.285s] Level 1:colcon.colcon_core.package_identification:_identify(.) by extension 'ros'
[0.295s] Level 1:colcon.colcon_core.package_identification:_identify(.) by extensions ['cmake', 'python']
[0.295s] Level 1:colcon.colcon_core.package_identification:_identify(.) by extension 'cmake'
[0.295s] Level 1:colcon.colcon_core.package_identification:_identify(.) by extension 'python'
[0.295s] Level 1:colcon.colcon_core.package_identification:_identify(.) by extensions ['python_setup_py']
[0.295s] Level 1:colcon.colcon_core.package_identification:_identify(.) by extension 'python_setup_py'
[0.295s] Level 1:colcon.colcon_core.package_identification:_identify(build) by extensions ['ignore', 'ignore_ament_install']
[0.295s] Level 1:colcon.colcon_core.package_identification:_identify(build) by extension 'ignore'
[0.295s] Level 1:colcon.colcon_core.package_identification:_identify(build) ignored
[0.295s] Level 1:colcon.colcon_core.package_identification:_identify(install) by extensions ['ignore', 'ignore_ament_install']
[0.295s] Level 1:colcon.colcon_core.package_identification:_identify(install) by extension 'ignore'
[0.295s] Level 1:colcon.colcon_core.package_identification:_identify(install) ignored
[0.296s] Level 1:colcon.colcon_core.package_identification:_identify(log) by extensions ['ignore', 'ignore_ament_install']
[0.296s] Level 1:colcon.colcon_core.package_identification:_identify(log) by extension 'ignore'
[0.296s] Level 1:colcon.colcon_core.package_identification:_identify(log) ignored
[0.296s] Level 1:colcon.colcon_core.package_identification:_identify(src) by extensions ['ignore', 'ignore_ament_install']
[0.296s] Level 1:colcon.colcon_core.package_identification:_identify(src) by extension 'ignore'
[0.296s] Level 1:colcon.colcon_core.package_identification:_identify(src) by extension 'ignore_ament_install'
[0.296s] Level 1:colcon.colcon_core.package_identification:_identify(src) by extensions ['colcon_pkg']
[0.296s] Level 1:colcon.colcon_core.package_identification:_identify(src) by extension 'colcon_pkg'
[0.296s] Level 1:colcon.colcon_core.package_identification:_identify(src) by extensions ['colcon_meta']
[0.296s] Level 1:colcon.colcon_core.package_identification:_identify(src) by extension 'colcon_meta'
[0.296s] Level 1:colcon.colcon_core.package_identification:_identify(src) by extensions ['ros']
[0.296s] Level 1:colcon.colcon_core.package_identification:_identify(src) by extension 'ros'
[0.297s] Level 1:colcon.colcon_core.package_identification:_identify(src) by extensions ['cmake', 'python']
[0.297s] Level 1:colcon.colcon_core.package_identification:_identify(src) by extension 'cmake'
[0.297s] Level 1:colcon.colcon_core.package_identification:_identify(src) by extension 'python'
[0.297s] Level 1:colcon.colcon_core.package_identification:_identify(src) by extensions ['python_setup_py']
[0.297s] Level 1:colcon.colcon_core.package_identification:_identify(src) by extension 'python_setup_py'
[0.297s] Level 1:colcon.colcon_core.package_identification:_identify(src/action_tutorials_interfaces) by extensions ['ignore', 'ignore_ament_install']
[0.297s] Level 1:colcon.colcon_core.package_identification:_identify(src/action_tutorials_interfaces) by extension 'ignore'
[0.297s] Level 1:colcon.colcon_core.package_identification:_identify(src/action_tutorials_interfaces) by extension 'ignore_ament_install'
[0.297s] Level 1:colcon.colcon_core.package_identification:_identify(src/action_tutorials_interfaces) by extensions ['colcon_pkg']
[0.297s] Level 1:colcon.colcon_core.package_identification:_identify(src/action_tutorials_interfaces) by extension 'colcon_pkg'
[0.297s] Level 1:colcon.colcon_core.package_identification:_identify(src/action_tutorials_interfaces) by extensions ['colcon_meta']
[0.297s] Level 1:colcon.colcon_core.package_identification:_identify(src/action_tutorials_interfaces) by extension 'colcon_meta'
[0.297s] Level 1:colcon.colcon_core.package_identification:_identify(src/action_tutorials_interfaces) by extensions ['ros']
[0.297s] Level 1:colcon.colcon_core.package_identification:_identify(src/action_tutorials_interfaces) by extension 'ros'
[0.299s] DEBUG:colcon.colcon_core.package_identification:Package 'src/action_tutorials_interfaces' with type 'ros.ament_cmake' and name 'action_tutorials_interfaces'
[0.299s] Level 1:colcon.colcon_core.package_identification:_identify(src/build) by extensions ['ignore', 'ignore_ament_install']
[0.299s] Level 1:colcon.colcon_core.package_identification:_identify(src/build) by extension 'ignore'
[0.299s] Level 1:colcon.colcon_core.package_identification:_identify(src/build) ignored
[0.299s] Level 1:colcon.colcon_core.package_identification:_identify(src/install) by extensions ['ignore', 'ignore_ament_install']
[0.299s] Level 1:colcon.colcon_core.package_identification:_identify(src/install) by extension 'ignore'
[0.300s] Level 1:colcon.colcon_core.package_identification:_identify(src/install) ignored
[0.300s] Level 1:colcon.colcon_core.package_identification:_identify(src/log) by extensions ['ignore', 'ignore_ament_install']
[0.300s] Level 1:colcon.colcon_core.package_identification:_identify(src/log) by extension 'ignore'
[0.300s] Level 1:colcon.colcon_core.package_identification:_identify(src/log) ignored
[0.300s] Level 1:colcon.colcon_core.package_identification:_identify(src/messages_package) by extensions ['ignore', 'ignore_ament_install']
[0.300s] Level 1:colcon.colcon_core.package_identification:_identify(src/messages_package) by extension 'ignore'
[0.300s] Level 1:colcon.colcon_core.package_identification:_identify(src/messages_package) by extension 'ignore_ament_install'
[0.300s] Level 1:colcon.colcon_core.package_identification:_identify(src/messages_package) by extensions ['colcon_pkg']
[0.300s] Level 1:colcon.colcon_core.package_identification:_identify(src/messages_package) by extension 'colcon_pkg'
[0.300s] Level 1:colcon.colcon_core.package_identification:_identify(src/messages_package) by extensions ['colcon_meta']
[0.300s] Level 1:colcon.colcon_core.package_identification:_identify(src/messages_package) by extension 'colcon_meta'
[0.300s] Level 1:colcon.colcon_core.package_identification:_identify(src/messages_package) by extensions ['ros']
[0.300s] Level 1:colcon.colcon_core.package_identification:_identify(src/messages_package) by extension 'ros'
[0.301s] DEBUG:colcon.colcon_core.package_identification:Package 'src/messages_package' with type 'ros.ament_cmake' and name 'messages_package'
[0.301s] Level 1:colcon.colcon_core.package_identification:_identify(src/py_pubsub) by extensions ['ignore', 'ignore_ament_install']
[0.301s] Level 1:colcon.colcon_core.package_identification:_identify(src/py_pubsub) by extension 'ignore'
[0.301s] Level 1:colcon.colcon_core.package_identification:_identify(src/py_pubsub) by extension 'ignore_ament_install'
[0.301s] Level 1:colcon.colcon_core.package_identification:_identify(src/py_pubsub) by extensions ['colcon_pkg']
[0.301s] Level 1:colcon.colcon_core.package_identification:_identify(src/py_pubsub) by extension 'colcon_pkg'
[0.301s] Level 1:colcon.colcon_core.package_identification:_identify(src/py_pubsub) by extensions ['colcon_meta']
[0.301s] Level 1:colcon.colcon_core.package_identification:_identify(src/py_pubsub) by extension 'colcon_meta'
[0.301s] Level 1:colcon.colcon_core.package_identification:_identify(src/py_pubsub) by extensions ['ros']
[0.301s] Level 1:colcon.colcon_core.package_identification:_identify(src/py_pubsub) by extension 'ros'
[0.302s] DEBUG:colcon.colcon_core.package_identification:Package 'src/py_pubsub' with type 'ros.ament_python' and name 'py_pubsub'
[0.302s] Level 1:colcon.colcon_core.package_identification:_identify(src/py_srvcli) by extensions ['ignore', 'ignore_ament_install']
[0.302s] Level 1:colcon.colcon_core.package_identification:_identify(src/py_srvcli) by extension 'ignore'
[0.302s] Level 1:colcon.colcon_core.package_identification:_identify(src/py_srvcli) by extension 'ignore_ament_install'
[0.302s] Level 1:colcon.colcon_core.package_identification:_identify(src/py_srvcli) by extensions ['colcon_pkg']
[0.302s] Level 1:colcon.colcon_core.package_identification:_identify(src/py_srvcli) by extension 'colcon_pkg'
[0.302s] Level 1:colcon.colcon_core.package_identification:_identify(src/py_srvcli) by extensions ['colcon_meta']
[0.302s] Level 1:colcon.colcon_core.package_identification:_identify(src/py_srvcli) by extension 'colcon_meta'
[0.302s] Level 1:colcon.colcon_core.package_identification:_identify(src/py_srvcli) by extensions ['ros']
[0.302s] Level 1:colcon.colcon_core.package_identification:_identify(src/py_srvcli) by extension 'ros'
[0.303s] DEBUG:colcon.colcon_core.package_identification:Package 'src/py_srvcli' with type 'ros.ament_python' and name 'py_srvcli'
[0.303s] Level 1:colcon.colcon_core.package_identification:_identify(src/warehouse_robot_package) by extensions ['ignore', 'ignore_ament_install']
[0.303s] Level 1:colcon.colcon_core.package_identification:_identify(src/warehouse_robot_package) by extension 'ignore'
[0.303s] Level 1:colcon.colcon_core.package_identification:_identify(src/warehouse_robot_package) by extension 'ignore_ament_install'
[0.303s] Level 1:colcon.colcon_core.package_identification:_identify(src/warehouse_robot_package) by extensions ['colcon_pkg']
[0.303s] Level 1:colcon.colcon_core.package_identification:_identify(src/warehouse_robot_package) by extension 'colcon_pkg'
[0.303s] Level 1:colcon.colcon_core.package_identification:_identify(src/warehouse_robot_package) by extensions ['colcon_meta']
[0.303s] Level 1:colcon.colcon_core.package_identification:_identify(src/warehouse_robot_package) by extension 'colcon_meta'
[0.303s] Level 1:colcon.colcon_core.package_identification:_identify(src/warehouse_robot_package) by extensions ['ros']
[0.303s] Level 1:colcon.colcon_core.package_identification:_identify(src/warehouse_robot_package) by extension 'ros'
[0.304s] DEBUG:colcon.colcon_core.package_identification:Package 'src/warehouse_robot_package' with type 'ros.ament_python' and name 'warehouse_robot_package'
[0.304s] Level 1:colcon.colcon_core.package_discovery:discover_packages(recursive) using defaults
[0.304s] Level 1:colcon.colcon_core.package_discovery:discover_packages(ignore) discover
[0.304s] Level 1:colcon.colcon_core.package_discovery:discover_packages(ignore) using defaults
[0.304s] Level 1:colcon.colcon_core.package_discovery:discover_packages(path) discover
[0.304s] Level 1:colcon.colcon_core.package_discovery:discover_packages(path) using defaults
[0.320s] Level 5:colcon.colcon_core.verb:set package 'action_tutorials_interfaces' build argument 'cmake_args' from command line to 'None'
[0.320s] Level 5:colcon.colcon_core.verb:set package 'action_tutorials_interfaces' build argument 'cmake_target' from command line to 'None'
[0.320s] Level 5:colcon.colcon_core.verb:set package 'action_tutorials_interfaces' build argument 'cmake_target_skip_unavailable' from command line to 'False'
[0.320s] Level 5:colcon.colcon_core.verb:set package 'action_tutorials_interfaces' build argument 'cmake_clean_cache' from command line to 'False'
[0.320s] Level 5:colcon.colcon_core.verb:set package 'action_tutorials_interfaces' build argument 'cmake_clean_first' from command line to 'False'
[0.320s] Level 5:colcon.colcon_core.verb:set package 'action_tutorials_interfaces' build argument 'cmake_force_configure' from command line to 'False'
[0.321s] Level 5:colcon.colcon_core.verb:set package 'action_tutorials_interfaces' build argument 'ament_cmake_args' from command line to 'None'
[0.321s] Level 5:colcon.colcon_core.verb:set package 'action_tutorials_interfaces' build argument 'catkin_cmake_args' from command line to 'None'
[0.321s] Level 5:colcon.colcon_core.verb:set package 'action_tutorials_interfaces' build argument 'catkin_skip_building_tests' from command line to 'False'
[0.321s] DEBUG:colcon.colcon_core.verb:Building package 'action_tutorials_interfaces' with the following arguments: {'ament_cmake_args': None, 'build_base': '/home/sam/AST_Robot_Warehouse/build/action_tutorials_interfaces', 'catkin_cmake_args': None, 'catkin_skip_building_tests': False, 'cmake_args': None, 'cmake_clean_cache': False, 'cmake_clean_first': False, 'cmake_force_configure': False, 'cmake_target': None, 'cmake_target_skip_unavailable': False, 'install_base': '/home/sam/AST_Robot_Warehouse/install/action_tutorials_interfaces', 'merge_install': False, 'path': '/home/sam/AST_Robot_Warehouse/src/action_tutorials_interfaces', 'symlink_install': False, 'test_result_base': None}
[0.323s] Level 5:colcon.colcon_core.verb:set package 'messages_package' build argument 'cmake_args' from command line to 'None'
[0.323s] Level 5:colcon.colcon_core.verb:set package 'messages_package' build argument 'cmake_target' from command line to 'None'
[0.323s] Level 5:colcon.colcon_core.verb:set package 'messages_package' build argument 'cmake_target_skip_unavailable' from command line to 'False'
[0.323s] Level 5:colcon.colcon_core.verb:set package 'messages_package' build argument 'cmake_clean_cache' from command line to 'False'
[0.323s] Level 5:colcon.colcon_core.verb:set package 'messages_package' build argument 'cmake_clean_first' from command line to 'False'
[0.323s] Level 5:colcon.colcon_core.verb:set package 'messages_package' build argument 'cmake_force_configure' from command line to 'False'
[0.323s] Level 5:colcon.colcon_core.verb:set package 'messages_package' build argument 'ament_cmake_args' from command line to 'None'
[0.323s] Level 5:colcon.colcon_core.verb:set package 'messages_package' build argument 'catkin_cmake_args' from command line to 'None'
[0.323s] Level 5:colcon.colcon_core.verb:set package 'messages_package' build argument 'catkin_skip_building_tests' from command line to 'False'
[0.323s] DEBUG:colcon.colcon_core.verb:Building package 'messages_package' with the following arguments: {'ament_cmake_args': None, 'build_base': '/home/sam/AST_Robot_Warehouse/build/messages_package', 'catkin_cmake_args': None, 'catkin_skip_building_tests': False, 'cmake_args': None, 'cmake_clean_cache': False, 'cmake_clean_first': False, 'cmake_force_configure': False, 'cmake_target': None, 'cmake_target_skip_unavailable': False, 'install_base': '/home/sam/AST_Robot_Warehouse/install/messages_package', 'merge_install': False, 'path': '/home/sam/AST_Robot_Warehouse/src/messages_package', 'symlink_install': False, 'test_result_base': None}
[0.325s] Level 5:colcon.colcon_core.verb:set package 'py_pubsub' build argument 'cmake_args' from command line to 'None'
[0.325s] Level 5:colcon.colcon_core.verb:set package 'py_pubsub' build argument 'cmake_target' from command line to 'None'
[0.325s] Level 5:colcon.colcon_core.verb:set package 'py_pubsub' build argument 'cmake_target_skip_unavailable' from command line to 'False'
[0.325s] Level 5:colcon.colcon_core.verb:set package 'py_pubsub' build argument 'cmake_clean_cache' from command line to 'False'
[0.325s] Level 5:colcon.colcon_core.verb:set package 'py_pubsub' build argument 'cmake_clean_first' from command line to 'False'
[0.325s] Level 5:colcon.colcon_core.verb:set package 'py_pubsub' build argument 'cmake_force_configure' from command line to 'False'
[0.325s] Level 5:colcon.colcon_core.verb:set package 'py_pubsub' build argument 'ament_cmake_args' from command line to 'None'
[0.325s] Level 5:colcon.colcon_core.verb:set package 'py_pubsub' build argument 'catkin_cmake_args' from command line to 'None'
[0.325s] Level 5:colcon.colcon_core.verb:set package 'py_pubsub' build argument 'catkin_skip_building_tests' from command line to 'False'
[0.325s] DEBUG:colcon.colcon_core.verb:Building package 'py_pubsub' with the following arguments: {'ament_cmake_args': None, 'build_base': '/home/sam/AST_Robot_Warehouse/build/py_pubsub', 'catkin_cmake_args': None, 'catkin_skip_building_tests': False, 'cmake_args': None, 'cmake_clean_cache': False, 'cmake_clean_first': False, 'cmake_force_configure': False, 'cmake_target': None, 'cmake_target_skip_unavailable': False, 'install_base': '/home/sam/AST_Robot_Warehouse/install/py_pubsub', 'merge_install': False, 'path': '/home/sam/AST_Robot_Warehouse/src/py_pubsub', 'symlink_install': False, 'test_result_base': None}
[0.327s] Level 5:colcon.colcon_core.verb:set package 'py_srvcli' build argument 'cmake_args' from command line to 'None'
[0.327s] Level 5:colcon.colcon_core.verb:set package 'py_srvcli' build argument 'cmake_target' from command line to 'None'
[0.327s] Level 5:colcon.colcon_core.verb:set package 'py_srvcli' build argument 'cmake_target_skip_unavailable' from command line to 'False'
[0.327s] Level 5:colcon.colcon_core.verb:set package 'py_srvcli' build argument 'cmake_clean_cache' from command line to 'False'
[0.327s] Level 5:colcon.colcon_core.verb:set package 'py_srvcli' build argument 'cmake_clean_first' from command line to 'False'
[0.327s] Level 5:colcon.colcon_core.verb:set package 'py_srvcli' build argument 'cmake_force_configure' from command line to 'False'
[0.327s] Level 5:colcon.colcon_core.verb:set package 'py_srvcli' build argument 'ament_cmake_args' from command line to 'None'
[0.327s] Level 5:colcon.colcon_core.verb:set package 'py_srvcli' build argument 'catkin_cmake_args' from command line to 'None'
[0.327s] Level 5:colcon.colcon_core.verb:set package 'py_srvcli' build argument 'catkin_skip_building_tests' from command line to 'False'
[0.328s] DEBUG:colcon.colcon_core.verb:Building package 'py_srvcli' with the following arguments: {'ament_cmake_args': None, 'build_base': '/home/sam/AST_Robot_Warehouse/build/py_srvcli', 'catkin_cmake_args': None, 'catkin_skip_building_tests': False, 'cmake_args': None, 'cmake_clean_cache': False, 'cmake_clean_first': False, 'cmake_force_configure': False, 'cmake_target': None, 'cmake_target_skip_unavailable': False, 'install_base': '/home/sam/AST_Robot_Warehouse/install/py_srvcli', 'merge_install': False, 'path': '/home/sam/AST_Robot_Warehouse/src/py_srvcli', 'symlink_install': False, 'test_result_base': None}
[0.330s] Level 5:colcon.colcon_core.verb:set package 'warehouse_robot_package' build argument 'cmake_args' from command line to 'None'
[0.330s] Level 5:colcon.colcon_core.verb:set package 'warehouse_robot_package' build argument 'cmake_target' from command line to 'None'
[0.330s] Level 5:colcon.colcon_core.verb:set package 'warehouse_robot_package' build argument 'cmake_target_skip_unavailable' from command line to 'False'
[0.330s] Level 5:colcon.colcon_core.verb:set package 'warehouse_robot_package' build argument 'cmake_clean_cache' from command line to 'False'
[0.330s] Level 5:colcon.colcon_core.verb:set package 'warehouse_robot_package' build argument 'cmake_clean_first' from command line to 'False'
[0.330s] Level 5:colcon.colcon_core.verb:set package 'warehouse_robot_package' build argument 'cmake_force_configure' from command line to 'False'
[0.330s] Level 5:colcon.colcon_core.verb:set package 'warehouse_robot_package' build argument 'ament_cmake_args' from command line to 'None'
[0.330s] Level 5:colcon.colcon_core.verb:set package 'warehouse_robot_package' build argument 'catkin_cmake_args' from command line to 'None'
[0.330s] Level 5:colcon.colcon_core.verb:set package 'warehouse_robot_package' build argument 'catkin_skip_building_tests' from command line to 'False'
[0.330s] DEBUG:colcon.colcon_core.verb:Building package 'warehouse_robot_package' with the following arguments: {'ament_cmake_args': None, 'build_base': '/home/sam/AST_Robot_Warehouse/build/warehouse_robot_package', 'catkin_cmake_args': None, 'catkin_skip_building_tests': False, 'cmake_args': None, 'cmake_clean_cache': False, 'cmake_clean_first': False, 'cmake_force_configure': False, 'cmake_target': None, 'cmake_target_skip_unavailable': False, 'install_base': '/home/sam/AST_Robot_Warehouse/install/warehouse_robot_package', 'merge_install': False, 'path': '/home/sam/AST_Robot_Warehouse/src/warehouse_robot_package', 'symlink_install': False, 'test_result_base': None}
[0.331s] INFO:colcon.colcon_core.executor:Executing jobs using 'parallel' executor
[0.332s] DEBUG:colcon.colcon_parallel_executor.executor.parallel:run_until_complete
[0.333s] INFO:colcon.colcon_ros.task.ament_cmake.build:Building ROS package in '/home/sam/AST_Robot_Warehouse/src/messages_package' with build type 'ament_cmake'
[0.333s] INFO:colcon.colcon_cmake.task.cmake.build:Building CMake package in '/home/sam/AST_Robot_Warehouse/src/messages_package'
[0.336s] INFO:colcon.colcon_core.plugin_system:Skipping extension 'colcon_core.shell.bat': Not used on non-Windows systems
[0.336s] INFO:colcon.colcon_core.shell:Skip shell extension 'powershell' for command environment: Not usable outside of PowerShell
[0.336s] DEBUG:colcon.colcon_core.shell:Skip shell extension 'dsv' for command environment
[0.339s] DEBUG:colcon.colcon_core.shell:Ignoring prefix path '/opt/ros/foxy'
[0.341s] INFO:colcon.colcon_ros.task.ament_cmake.build:Building ROS package in '/home/sam/AST_Robot_Warehouse/src/action_tutorials_interfaces' with build type 'ament_cmake'
[0.341s] INFO:colcon.colcon_cmake.task.cmake.build:Building CMake package in '/home/sam/AST_Robot_Warehouse/src/action_tutorials_interfaces'
[0.342s] INFO:colcon.colcon_core.shell:Skip shell extension 'powershell' for command environment: Not usable outside of PowerShell
[0.342s] DEBUG:colcon.colcon_core.shell:Skip shell extension 'dsv' for command environment
[0.345s] DEBUG:colcon.colcon_core.shell:Ignoring prefix path '/opt/ros/foxy'
[0.347s] INFO:colcon.colcon_ros.task.ament_python.build:Building ROS package in '/home/sam/AST_Robot_Warehouse/src/py_pubsub' with build type 'ament_python'
[0.347s] Level 1:colcon.colcon_core.shell:create_environment_hook('py_pubsub', 'ament_prefix_path')
[0.348s] INFO:colcon.colcon_core.shell:Creating environment hook '/home/sam/AST_Robot_Warehouse/install/py_pubsub/share/py_pubsub/hook/ament_prefix_path.ps1'
[0.349s] INFO:colcon.colcon_core.shell:Creating environment descriptor '/home/sam/AST_Robot_Warehouse/install/py_pubsub/share/py_pubsub/hook/ament_prefix_path.dsv'
[0.349s] INFO:colcon.colcon_core.shell:Creating environment hook '/home/sam/AST_Robot_Warehouse/install/py_pubsub/share/py_pubsub/hook/ament_prefix_path.sh'
[0.350s] INFO:colcon.colcon_core.shell:Skip shell extension 'powershell' for command environment: Not usable outside of PowerShell
[0.350s] DEBUG:colcon.colcon_core.shell:Skip shell extension 'dsv' for command environment
[0.352s] DEBUG:colcon.colcon_core.shell:Ignoring prefix path '/opt/ros/foxy'
[0.354s] INFO:colcon.colcon_ros.task.ament_python.build:Building ROS package in '/home/sam/AST_Robot_Warehouse/src/py_srvcli' with build type 'ament_python'
[0.355s] Level 1:colcon.colcon_core.shell:create_environment_hook('py_srvcli', 'ament_prefix_path')
[0.355s] INFO:colcon.colcon_core.shell:Creating environment hook '/home/sam/AST_Robot_Warehouse/install/py_srvcli/share/py_srvcli/hook/ament_prefix_path.ps1'
[0.356s] INFO:colcon.colcon_core.shell:Creating environment descriptor '/home/sam/AST_Robot_Warehouse/install/py_srvcli/share/py_srvcli/hook/ament_prefix_path.dsv'
[0.356s] INFO:colcon.colcon_core.shell:Creating environment hook '/home/sam/AST_Robot_Warehouse/install/py_srvcli/share/py_srvcli/hook/ament_prefix_path.sh'
[0.357s] INFO:colcon.colcon_core.shell:Skip shell extension 'powershell' for command environment: Not usable outside of PowerShell
[0.357s] DEBUG:colcon.colcon_core.shell:Skip shell extension 'dsv' for command environment
[0.359s] DEBUG:colcon.colcon_core.shell:Ignoring prefix path '/opt/ros/foxy'
[0.367s] DEBUG:colcon.colcon_core.event_handler.log_command:Invoking command in '/home/sam/AST_Robot_Warehouse/build/messages_package': CMAKE_PREFIX_PATH=${CMAKE_PREFIX_PATH}:/home/sam/AST_Robot_Warehouse/install/warehouse_robot_package:/home/sam/AST_Robot_Warehouse/install/py_srvcli:/home/sam/AST_Robot_Warehouse/install/py_pubsub:/opt/ros/foxy /usr/bin/cmake --build /home/sam/AST_Robot_Warehouse/build/messages_package -- -j12 -l12
[0.376s] DEBUG:colcon.colcon_core.event_handler.log_command:Invoking command in '/home/sam/AST_Robot_Warehouse/build/action_tutorials_interfaces': CMAKE_PREFIX_PATH=${CMAKE_PREFIX_PATH}:/home/sam/AST_Robot_Warehouse/install/warehouse_robot_package:/home/sam/AST_Robot_Warehouse/install/py_srvcli:/home/sam/AST_Robot_Warehouse/install/py_pubsub:/opt/ros/foxy /usr/bin/cmake --build /home/sam/AST_Robot_Warehouse/build/action_tutorials_interfaces -- -j12 -l12
[0.651s] INFO:colcon.colcon_core.task.python.build:Building Python package in '/home/sam/AST_Robot_Warehouse/src/py_pubsub'
[0.652s] INFO:colcon.colcon_core.shell:Skip shell extension 'powershell' for command environment: Not usable outside of PowerShell
[0.652s] DEBUG:colcon.colcon_core.shell:Skip shell extension 'dsv' for command environment
[0.654s] DEBUG:colcon.colcon_core.shell:Ignoring prefix path '/opt/ros/foxy'
[0.875s] INFO:colcon.colcon_core.task.python.build:Building Python package in '/home/sam/AST_Robot_Warehouse/src/py_srvcli'
[0.876s] INFO:colcon.colcon_core.shell:Skip shell extension 'powershell' for command environment: Not usable outside of PowerShell
[0.876s] DEBUG:colcon.colcon_core.shell:Skip shell extension 'dsv' for command environment
[0.878s] DEBUG:colcon.colcon_core.shell:Ignoring prefix path '/opt/ros/foxy'
[0.882s] DEBUG:colcon.colcon_core.event_handler.log_command:Invoked command in '/home/sam/AST_Robot_Warehouse/build/messages_package' returned '0': CMAKE_PREFIX_PATH=${CMAKE_PREFIX_PATH}:/home/sam/AST_Robot_Warehouse/install/warehouse_robot_package:/home/sam/AST_Robot_Warehouse/install/py_srvcli:/home/sam/AST_Robot_Warehouse/install/py_pubsub:/opt/ros/foxy /usr/bin/cmake --build /home/sam/AST_Robot_Warehouse/build/messages_package -- -j12 -l12
[0.884s] DEBUG:colcon.colcon_core.event_handler.log_command:Invoked command in '/home/sam/AST_Robot_Warehouse/build/action_tutorials_interfaces' returned '0': CMAKE_PREFIX_PATH=${CMAKE_PREFIX_PATH}:/home/sam/AST_Robot_Warehouse/install/warehouse_robot_package:/home/sam/AST_Robot_Warehouse/install/py_srvcli:/home/sam/AST_Robot_Warehouse/install/py_pubsub:/opt/ros/foxy /usr/bin/cmake --build /home/sam/AST_Robot_Warehouse/build/action_tutorials_interfaces -- -j12 -l12
[0.891s] DEBUG:colcon.colcon_core.event_handler.log_command:Invoking command in '/home/sam/AST_Robot_Warehouse/src/py_pubsub': PYTHONPATH=/home/sam/AST_Robot_Warehouse/install/py_pubsub/lib/python3.8/site-packages:${PYTHONPATH} /usr/bin/python3 setup.py egg_info --egg-base ../../build/py_pubsub build --build-base /home/sam/AST_Robot_Warehouse/build/py_pubsub/build install --prefix /home/sam/AST_Robot_Warehouse/install/py_pubsub --record /home/sam/AST_Robot_Warehouse/build/py_pubsub/install.log --single-version-externally-managed
[0.896s] DEBUG:colcon.colcon_core.event_handler.log_command:Invoking command in '/home/sam/AST_Robot_Warehouse/src/py_srvcli': PYTHONPATH=/home/sam/AST_Robot_Warehouse/install/py_srvcli/lib/python3.8/site-packages:${PYTHONPATH} /usr/bin/python3 setup.py egg_info --egg-base ../../build/py_srvcli build --build-base /home/sam/AST_Robot_Warehouse/build/py_srvcli/build install --prefix /home/sam/AST_Robot_Warehouse/install/py_srvcli --record /home/sam/AST_Robot_Warehouse/build/py_srvcli/install.log --single-version-externally-managed
[0.944s] DEBUG:colcon.colcon_core.event_handler.log_command:Invoking command in '/home/sam/AST_Robot_Warehouse/build/action_tutorials_interfaces': CMAKE_PREFIX_PATH=${CMAKE_PREFIX_PATH}:/home/sam/AST_Robot_Warehouse/install/warehouse_robot_package:/home/sam/AST_Robot_Warehouse/install/py_srvcli:/home/sam/AST_Robot_Warehouse/install/py_pubsub:/opt/ros/foxy /usr/bin/cmake --install /home/sam/AST_Robot_Warehouse/build/action_tutorials_interfaces
[1.006s] Level 1:colcon.colcon_core.environment:create_environment_scripts_only(action_tutorials_interfaces)
[1.010s] DEBUG:colcon.colcon_core.event_handler.log_command:Invoked command in '/home/sam/AST_Robot_Warehouse/build/action_tutorials_interfaces' returned '0': CMAKE_PREFIX_PATH=${CMAKE_PREFIX_PATH}:/home/sam/AST_Robot_Warehouse/install/warehouse_robot_package:/home/sam/AST_Robot_Warehouse/install/py_srvcli:/home/sam/AST_Robot_Warehouse/install/py_pubsub:/opt/ros/foxy /usr/bin/cmake --install /home/sam/AST_Robot_Warehouse/build/action_tutorials_interfaces
[1.012s] Level 1:colcon.colcon_core.environment:checking '/home/sam/AST_Robot_Warehouse/install/action_tutorials_interfaces' for CMake module files
[1.013s] Level 1:colcon.colcon_core.environment:checking '/home/sam/AST_Robot_Warehouse/install/action_tutorials_interfaces' for CMake config files
[1.013s] Level 1:colcon.colcon_core.shell:create_environment_hook('action_tutorials_interfaces', 'cmake_prefix_path')
[1.014s] INFO:colcon.colcon_core.shell:Creating environment hook '/home/sam/AST_Robot_Warehouse/install/action_tutorials_interfaces/share/action_tutorials_interfaces/hook/cmake_prefix_path.ps1'
[1.015s] INFO:colcon.colcon_core.shell:Creating environment descriptor '/home/sam/AST_Robot_Warehouse/install/action_tutorials_interfaces/share/action_tutorials_interfaces/hook/cmake_prefix_path.dsv'
[1.015s] INFO:colcon.colcon_core.shell:Creating environment hook '/home/sam/AST_Robot_Warehouse/install/action_tutorials_interfaces/share/action_tutorials_interfaces/hook/cmake_prefix_path.sh'
[1.015s] Level 1:colcon.colcon_core.environment:checking '/home/sam/AST_Robot_Warehouse/install/action_tutorials_interfaces/lib'
[1.016s] Level 1:colcon.colcon_core.shell:create_environment_hook('action_tutorials_interfaces', 'ld_library_path_lib')
[1.016s] INFO:colcon.colcon_core.shell:Creating environment hook '/home/sam/AST_Robot_Warehouse/install/action_tutorials_interfaces/share/action_tutorials_interfaces/hook/ld_library_path_lib.ps1'
[1.017s] INFO:colcon.colcon_core.shell:Creating environment descriptor '/home/sam/AST_Robot_Warehouse/install/action_tutorials_interfaces/share/action_tutorials_interfaces/hook/ld_library_path_lib.dsv'
[1.017s] INFO:colcon.colcon_core.shell:Creating environment hook '/home/sam/AST_Robot_Warehouse/install/action_tutorials_interfaces/share/action_tutorials_interfaces/hook/ld_library_path_lib.sh'
[1.017s] Level 1:colcon.colcon_core.environment:checking '/home/sam/AST_Robot_Warehouse/install/action_tutorials_interfaces/bin'
[1.017s] Level 1:colcon.colcon_core.environment:checking '/home/sam/AST_Robot_Warehouse/install/action_tutorials_interfaces/lib/pkgconfig/action_tutorials_interfaces.pc'
[1.018s] Level 1:colcon.colcon_core.environment:checking '/home/sam/AST_Robot_Warehouse/install/action_tutorials_interfaces/lib/python3.8/site-packages'
[1.018s] Level 1:colcon.colcon_core.shell:create_environment_hook('action_tutorials_interfaces', 'pythonpath')
[1.018s] INFO:colcon.colcon_core.shell:Creating environment hook '/home/sam/AST_Robot_Warehouse/install/action_tutorials_interfaces/share/action_tutorials_interfaces/hook/pythonpath.ps1'
[1.018s] INFO:colcon.colcon_core.shell:Creating environment descriptor '/home/sam/AST_Robot_Warehouse/install/action_tutorials_interfaces/share/action_tutorials_interfaces/hook/pythonpath.dsv'
[1.019s] INFO:colcon.colcon_core.shell:Creating environment hook '/home/sam/AST_Robot_Warehouse/install/action_tutorials_interfaces/share/action_tutorials_interfaces/hook/pythonpath.sh'
[1.020s] INFO:colcon.colcon_core.shell:Creating package script '/home/sam/AST_Robot_Warehouse/install/action_tutorials_interfaces/share/action_tutorials_interfaces/package.ps1'
[1.021s] INFO:colcon.colcon_core.shell:Creating package descriptor '/home/sam/AST_Robot_Warehouse/install/action_tutorials_interfaces/share/action_tutorials_interfaces/package.dsv'
[1.021s] INFO:colcon.colcon_core.shell:Creating package script '/home/sam/AST_Robot_Warehouse/install/action_tutorials_interfaces/share/action_tutorials_interfaces/package.sh'
[1.022s] INFO:colcon.colcon_core.shell:Creating package script '/home/sam/AST_Robot_Warehouse/install/action_tutorials_interfaces/share/action_tutorials_interfaces/package.bash'
[1.022s] INFO:colcon.colcon_core.shell:Creating package script '/home/sam/AST_Robot_Warehouse/install/action_tutorials_interfaces/share/action_tutorials_interfaces/package.zsh'
[1.023s] Level 1:colcon.colcon_core.environment:create_file_with_runtime_dependencies(/home/sam/AST_Robot_Warehouse/install/action_tutorials_interfaces/share/colcon-core/packages/action_tutorials_interfaces)
[1.076s] Level 1:colcon.colcon_core.environment:create_environment_scripts_only(action_tutorials_interfaces)
[1.077s] Level 1:colcon.colcon_core.environment:checking '/home/sam/AST_Robot_Warehouse/install/action_tutorials_interfaces' for CMake module files
[1.078s] Level 1:colcon.colcon_core.environment:checking '/home/sam/AST_Robot_Warehouse/install/action_tutorials_interfaces' for CMake config files
[1.078s] Level 1:colcon.colcon_core.shell:create_environment_hook('action_tutorials_interfaces', 'cmake_prefix_path')
[1.080s] INFO:colcon.colcon_core.shell:Creating environment hook '/home/sam/AST_Robot_Warehouse/install/action_tutorials_interfaces/share/action_tutorials_interfaces/hook/cmake_prefix_path.ps1'
[1.080s] INFO:colcon.colcon_core.shell:Creating environment descriptor '/home/sam/AST_Robot_Warehouse/install/action_tutorials_interfaces/share/action_tutorials_interfaces/hook/cmake_prefix_path.dsv'
[1.081s] INFO:colcon.colcon_core.shell:Creating environment hook '/home/sam/AST_Robot_Warehouse/install/action_tutorials_interfaces/share/action_tutorials_interfaces/hook/cmake_prefix_path.sh'
[1.082s] Level 1:colcon.colcon_core.environment:checking '/home/sam/AST_Robot_Warehouse/install/action_tutorials_interfaces/lib'
[1.082s] Level 1:colcon.colcon_core.shell:create_environment_hook('action_tutorials_interfaces', 'ld_library_path_lib')
[1.083s] INFO:colcon.colcon_core.shell:Creating environment hook '/home/sam/AST_Robot_Warehouse/install/action_tutorials_interfaces/share/action_tutorials_interfaces/hook/ld_library_path_lib.ps1'
[1.083s] INFO:colcon.colcon_core.shell:Creating environment descriptor '/home/sam/AST_Robot_Warehouse/install/action_tutorials_interfaces/share/action_tutorials_interfaces/hook/ld_library_path_lib.dsv'
[1.084s] INFO:colcon.colcon_core.shell:Creating environment hook '/home/sam/AST_Robot_Warehouse/install/action_tutorials_interfaces/share/action_tutorials_interfaces/hook/ld_library_path_lib.sh'
[1.084s] Level 1:colcon.colcon_core.environment:checking '/home/sam/AST_Robot_Warehouse/install/action_tutorials_interfaces/bin'
[1.085s] Level 1:colcon.colcon_core.environment:checking '/home/sam/AST_Robot_Warehouse/install/action_tutorials_interfaces/lib/pkgconfig/action_tutorials_interfaces.pc'
[1.085s] Level 1:colcon.colcon_core.environment:checking '/home/sam/AST_Robot_Warehouse/install/action_tutorials_interfaces/lib/python3.8/site-packages'
[1.085s] Level 1:colcon.colcon_core.shell:create_environment_hook('action_tutorials_interfaces', 'pythonpath')
[1.086s] INFO:colcon.colcon_core.shell:Creating environment hook '/home/sam/AST_Robot_Warehouse/install/action_tutorials_interfaces/share/action_tutorials_interfaces/hook/pythonpath.ps1'
[1.086s] INFO:colcon.colcon_core.shell:Creating environment descriptor '/home/sam/AST_Robot_Warehouse/install/action_tutorials_interfaces/share/action_tutorials_interfaces/hook/pythonpath.dsv'
[1.086s] INFO:colcon.colcon_core.shell:Creating environment hook '/home/sam/AST_Robot_Warehouse/install/action_tutorials_interfaces/share/action_tutorials_interfaces/hook/pythonpath.sh'
[1.088s] INFO:colcon.colcon_core.shell:Creating package script '/home/sam/AST_Robot_Warehouse/install/action_tutorials_interfaces/share/action_tutorials_interfaces/package.ps1'
[1.089s] INFO:colcon.colcon_core.shell:Creating package descriptor '/home/sam/AST_Robot_Warehouse/install/action_tutorials_interfaces/share/action_tutorials_interfaces/package.dsv'
[1.090s] INFO:colcon.colcon_core.shell:Creating package script '/home/sam/AST_Robot_Warehouse/install/action_tutorials_interfaces/share/action_tutorials_interfaces/package.sh'
[1.091s] INFO:colcon.colcon_core.shell:Creating package script '/home/sam/AST_Robot_Warehouse/install/action_tutorials_interfaces/share/action_tutorials_interfaces/package.bash'
[1.091s] INFO:colcon.colcon_core.shell:Creating package script '/home/sam/AST_Robot_Warehouse/install/action_tutorials_interfaces/share/action_tutorials_interfaces/package.zsh'
[1.092s] Level 1:colcon.colcon_core.environment:create_file_with_runtime_dependencies(/home/sam/AST_Robot_Warehouse/install/action_tutorials_interfaces/share/colcon-core/packages/action_tutorials_interfaces)
[1.117s] DEBUG:colcon.colcon_core.event_handler.log_command:Invoking command in '/home/sam/AST_Robot_Warehouse/build/messages_package': CMAKE_PREFIX_PATH=${CMAKE_PREFIX_PATH}:/home/sam/AST_Robot_Warehouse/install/warehouse_robot_package:/home/sam/AST_Robot_Warehouse/install/py_srvcli:/home/sam/AST_Robot_Warehouse/install/py_pubsub:/opt/ros/foxy /usr/bin/cmake --install /home/sam/AST_Robot_Warehouse/build/messages_package
[1.195s] Level 1:colcon.colcon_core.environment:create_environment_scripts_only(messages_package)
[1.196s] Level 1:colcon.colcon_core.environment:checking '/home/sam/AST_Robot_Warehouse/install/messages_package' for CMake module files
[1.198s] Level 1:colcon.colcon_core.environment:checking '/home/sam/AST_Robot_Warehouse/install/messages_package' for CMake config files
[1.199s] DEBUG:colcon.colcon_core.event_handler.log_command:Invoked command in '/home/sam/AST_Robot_Warehouse/build/messages_package' returned '0': CMAKE_PREFIX_PATH=${CMAKE_PREFIX_PATH}:/home/sam/AST_Robot_Warehouse/install/warehouse_robot_package:/home/sam/AST_Robot_Warehouse/install/py_srvcli:/home/sam/AST_Robot_Warehouse/install/py_pubsub:/opt/ros/foxy /usr/bin/cmake --install /home/sam/AST_Robot_Warehouse/build/messages_package
[1.200s] Level 1:colcon.colcon_core.shell:create_environment_hook('messages_package', 'cmake_prefix_path')
[1.200s] INFO:colcon.colcon_core.shell:Creating environment hook '/home/sam/AST_Robot_Warehouse/install/messages_package/share/messages_package/hook/cmake_prefix_path.ps1'
[1.201s] INFO:colcon.colcon_core.shell:Creating environment descriptor '/home/sam/AST_Robot_Warehouse/install/messages_package/share/messages_package/hook/cmake_prefix_path.dsv'
[1.201s] INFO:colcon.colcon_core.shell:Creating environment hook '/home/sam/AST_Robot_Warehouse/install/messages_package/share/messages_package/hook/cmake_prefix_path.sh'
[1.202s] Level 1:colcon.colcon_core.environment:checking '/home/sam/AST_Robot_Warehouse/install/messages_package/lib'
[1.202s] Level 1:colcon.colcon_core.shell:create_environment_hook('messages_package', 'ld_library_path_lib')
[1.203s] INFO:colcon.colcon_core.shell:Creating environment hook '/home/sam/AST_Robot_Warehouse/install/messages_package/share/messages_package/hook/ld_library_path_lib.ps1'
[1.203s] INFO:colcon.colcon_core.shell:Creating environment descriptor '/home/sam/AST_Robot_Warehouse/install/messages_package/share/messages_package/hook/ld_library_path_lib.dsv'
[1.203s] INFO:colcon.colcon_core.shell:Creating environment hook '/home/sam/AST_Robot_Warehouse/install/messages_package/share/messages_package/hook/ld_library_path_lib.sh'
[1.204s] Level 1:colcon.colcon_core.environment:checking '/home/sam/AST_Robot_Warehouse/install/messages_package/bin'
[1.204s] Level 1:colcon.colcon_core.environment:checking '/home/sam/AST_Robot_Warehouse/install/messages_package/lib/pkgconfig/messages_package.pc'
[1.204s] Level 1:colcon.colcon_core.environment:checking '/home/sam/AST_Robot_Warehouse/install/messages_package/lib/python3.8/site-packages'
[1.204s] Level 1:colcon.colcon_core.shell:create_environment_hook('messages_package', 'pythonpath')
[1.205s] INFO:colcon.colcon_core.shell:Creating environment hook '/home/sam/AST_Robot_Warehouse/install/messages_package/share/messages_package/hook/pythonpath.ps1'
[1.205s] INFO:colcon.colcon_core.shell:Creating environment descriptor '/home/sam/AST_Robot_Warehouse/install/messages_package/share/messages_package/hook/pythonpath.dsv'
[1.205s] INFO:colcon.colcon_core.shell:Creating environment hook '/home/sam/AST_Robot_Warehouse/install/messages_package/share/messages_package/hook/pythonpath.sh'
[1.206s] INFO:colcon.colcon_core.shell:Creating package script '/home/sam/AST_Robot_Warehouse/install/messages_package/share/messages_package/package.ps1'
[1.207s] INFO:colcon.colcon_core.shell:Creating package descriptor '/home/sam/AST_Robot_Warehouse/install/messages_package/share/messages_package/package.dsv'
[1.207s] INFO:colcon.colcon_core.shell:Creating package script '/home/sam/AST_Robot_Warehouse/install/messages_package/share/messages_package/package.sh'
[1.208s] INFO:colcon.colcon_core.shell:Creating package script '/home/sam/AST_Robot_Warehouse/install/messages_package/share/messages_package/package.bash'
[1.208s] INFO:colcon.colcon_core.shell:Creating package script '/home/sam/AST_Robot_Warehouse/install/messages_package/share/messages_package/package.zsh'
[1.208s] Level 1:colcon.colcon_core.environment:create_file_with_runtime_dependencies(/home/sam/AST_Robot_Warehouse/install/messages_package/share/colcon-core/packages/messages_package)
[1.272s] Level 1:colcon.colcon_core.environment:checking '/home/sam/AST_Robot_Warehouse/install/py_pubsub' for CMake module files
[1.273s] DEBUG:colcon.colcon_core.event_handler.log_command:Invoked command in '/home/sam/AST_Robot_Warehouse/src/py_pubsub' returned '0': PYTHONPATH=/home/sam/AST_Robot_Warehouse/install/py_pubsub/lib/python3.8/site-packages:${PYTHONPATH} /usr/bin/python3 setup.py egg_info --egg-base ../../build/py_pubsub build --build-base /home/sam/AST_Robot_Warehouse/build/py_pubsub/build install --prefix /home/sam/AST_Robot_Warehouse/install/py_pubsub --record /home/sam/AST_Robot_Warehouse/build/py_pubsub/install.log --single-version-externally-managed
[1.274s] Level 1:colcon.colcon_core.environment:checking '/home/sam/AST_Robot_Warehouse/install/py_pubsub' for CMake config files
[1.274s] Level 1:colcon.colcon_core.environment:checking '/home/sam/AST_Robot_Warehouse/install/py_pubsub/lib'
[1.275s] Level 1:colcon.colcon_core.environment:checking '/home/sam/AST_Robot_Warehouse/install/py_pubsub/bin'
[1.275s] Level 1:colcon.colcon_core.environment:checking '/home/sam/AST_Robot_Warehouse/install/py_pubsub/lib/pkgconfig/py_pubsub.pc'
[1.275s] Level 1:colcon.colcon_core.environment:checking '/home/sam/AST_Robot_Warehouse/install/py_pubsub/lib/python3.8/site-packages'
[1.275s] Level 1:colcon.colcon_core.shell:create_environment_hook('py_pubsub', 'pythonpath')
[1.276s] INFO:colcon.colcon_core.shell:Creating environment hook '/home/sam/AST_Robot_Warehouse/install/py_pubsub/share/py_pubsub/hook/pythonpath.ps1'
[1.277s] INFO:colcon.colcon_core.shell:Creating environment descriptor '/home/sam/AST_Robot_Warehouse/install/py_pubsub/share/py_pubsub/hook/pythonpath.dsv'
[1.277s] INFO:colcon.colcon_core.shell:Creating environment hook '/home/sam/AST_Robot_Warehouse/install/py_pubsub/share/py_pubsub/hook/pythonpath.sh'
[1.278s] Level 1:colcon.colcon_core.environment:create_environment_scripts_only(py_pubsub)
[1.278s] INFO:colcon.colcon_core.shell:Creating package script '/home/sam/AST_Robot_Warehouse/install/py_pubsub/share/py_pubsub/package.ps1'
[1.279s] INFO:colcon.colcon_core.shell:Creating package descriptor '/home/sam/AST_Robot_Warehouse/install/py_pubsub/share/py_pubsub/package.dsv'
[1.279s] INFO:colcon.colcon_core.shell:Creating package script '/home/sam/AST_Robot_Warehouse/install/py_pubsub/share/py_pubsub/package.sh'
[1.280s] INFO:colcon.colcon_core.shell:Creating package script '/home/sam/AST_Robot_Warehouse/install/py_pubsub/share/py_pubsub/package.bash'
[1.280s] INFO:colcon.colcon_core.shell:Creating package script '/home/sam/AST_Robot_Warehouse/install/py_pubsub/share/py_pubsub/package.zsh'
[1.280s] Level 1:colcon.colcon_core.environment:create_file_with_runtime_dependencies(/home/sam/AST_Robot_Warehouse/install/py_pubsub/share/colcon-core/packages/py_pubsub)
[1.369s] Level 1:colcon.colcon_core.environment:checking '/home/sam/AST_Robot_Warehouse/install/py_srvcli' for CMake module files
[1.370s] DEBUG:colcon.colcon_core.event_handler.log_command:Invoked command in '/home/sam/AST_Robot_Warehouse/src/py_srvcli' returned '0': PYTHONPATH=/home/sam/AST_Robot_Warehouse/install/py_srvcli/lib/python3.8/site-packages:${PYTHONPATH} /usr/bin/python3 setup.py egg_info --egg-base ../../build/py_srvcli build --build-base /home/sam/AST_Robot_Warehouse/build/py_srvcli/build install --prefix /home/sam/AST_Robot_Warehouse/install/py_srvcli --record /home/sam/AST_Robot_Warehouse/build/py_srvcli/install.log --single-version-externally-managed
[1.370s] Level 1:colcon.colcon_core.environment:checking '/home/sam/AST_Robot_Warehouse/install/py_srvcli' for CMake config files
[1.371s] Level 1:colcon.colcon_core.environment:checking '/home/sam/AST_Robot_Warehouse/install/py_srvcli/lib'
[1.371s] Level 1:colcon.colcon_core.environment:checking '/home/sam/AST_Robot_Warehouse/install/py_srvcli/bin'
[1.371s] Level 1:colcon.colcon_core.environment:checking '/home/sam/AST_Robot_Warehouse/install/py_srvcli/lib/pkgconfig/py_srvcli.pc'
[1.371s] Level 1:colcon.colcon_core.environment:checking '/home/sam/AST_Robot_Warehouse/install/py_srvcli/lib/python3.8/site-packages'
[1.371s] Level 1:colcon.colcon_core.shell:create_environment_hook('py_srvcli', 'pythonpath')
[1.372s] INFO:colcon.colcon_core.shell:Creating environment hook '/home/sam/AST_Robot_Warehouse/install/py_srvcli/share/py_srvcli/hook/pythonpath.ps1'
[1.374s] INFO:colcon.colcon_core.shell:Creating environment descriptor '/home/sam/AST_Robot_Warehouse/install/py_srvcli/share/py_srvcli/hook/pythonpath.dsv'
[1.375s] INFO:colcon.colcon_core.shell:Creating environment hook '/home/sam/AST_Robot_Warehouse/install/py_srvcli/share/py_srvcli/hook/pythonpath.sh'
[1.375s] Level 1:colcon.colcon_core.environment:create_environment_scripts_only(py_srvcli)
[1.377s] INFO:colcon.colcon_core.shell:Creating package script '/home/sam/AST_Robot_Warehouse/install/py_srvcli/share/py_srvcli/package.ps1'
[1.378s] INFO:colcon.colcon_core.shell:Creating package descriptor '/home/sam/AST_Robot_Warehouse/install/py_srvcli/share/py_srvcli/package.dsv'
[1.378s] INFO:colcon.colcon_core.shell:Creating package script '/home/sam/AST_Robot_Warehouse/install/py_srvcli/share/py_srvcli/package.sh'
[1.378s] INFO:colcon.colcon_core.shell:Creating package script '/home/sam/AST_Robot_Warehouse/install/py_srvcli/share/py_srvcli/package.bash'
[1.379s] INFO:colcon.colcon_core.shell:Creating package script '/home/sam/AST_Robot_Warehouse/install/py_srvcli/share/py_srvcli/package.zsh'
[1.379s] Level 1:colcon.colcon_core.environment:create_file_with_runtime_dependencies(/home/sam/AST_Robot_Warehouse/install/py_srvcli/share/colcon-core/packages/py_srvcli)
[1.470s] Level 1:colcon.colcon_core.environment:create_environment_scripts_only(messages_package)
[1.471s] Level 1:colcon.colcon_core.environment:checking '/home/sam/AST_Robot_Warehouse/install/messages_package' for CMake module files
[1.472s] Level 1:colcon.colcon_core.environment:checking '/home/sam/AST_Robot_Warehouse/install/messages_package' for CMake config files
[1.472s] Level 1:colcon.colcon_core.shell:create_environment_hook('messages_package', 'cmake_prefix_path')
[1.473s] INFO:colcon.colcon_core.shell:Creating environment hook '/home/sam/AST_Robot_Warehouse/install/messages_package/share/messages_package/hook/cmake_prefix_path.ps1'
[1.473s] INFO:colcon.colcon_core.shell:Creating environment descriptor '/home/sam/AST_Robot_Warehouse/install/messages_package/share/messages_package/hook/cmake_prefix_path.dsv'
[1.474s] INFO:colcon.colcon_core.shell:Creating environment hook '/home/sam/AST_Robot_Warehouse/install/messages_package/share/messages_package/hook/cmake_prefix_path.sh'
[1.474s] Level 1:colcon.colcon_core.environment:checking '/home/sam/AST_Robot_Warehouse/install/messages_package/lib'
[1.475s] Level 1:colcon.colcon_core.shell:create_environment_hook('messages_package', 'ld_library_path_lib')
[1.475s] INFO:colcon.colcon_core.shell:Creating environment hook '/home/sam/AST_Robot_Warehouse/install/messages_package/share/messages_package/hook/ld_library_path_lib.ps1'
[1.476s] INFO:colcon.colcon_core.shell:Creating environment descriptor '/home/sam/AST_Robot_Warehouse/install/messages_package/share/messages_package/hook/ld_library_path_lib.dsv'
[1.476s] INFO:colcon.colcon_core.shell:Creating environment hook '/home/sam/AST_Robot_Warehouse/install/messages_package/share/messages_package/hook/ld_library_path_lib.sh'
[1.477s] Level 1:colcon.colcon_core.environment:checking '/home/sam/AST_Robot_Warehouse/install/messages_package/bin'
[1.477s] Level 1:colcon.colcon_core.environment:checking '/home/sam/AST_Robot_Warehouse/install/messages_package/lib/pkgconfig/messages_package.pc'
[1.477s] Level 1:colcon.colcon_core.environment:checking '/home/sam/AST_Robot_Warehouse/install/messages_package/lib/python3.8/site-packages'
[1.477s] Level 1:colcon.colcon_core.shell:create_environment_hook('messages_package', 'pythonpath')
[1.478s] INFO:colcon.colcon_core.shell:Creating environment hook '/home/sam/AST_Robot_Warehouse/install/messages_package/share/messages_package/hook/pythonpath.ps1'
[1.478s] INFO:colcon.colcon_core.shell:Creating environment descriptor '/home/sam/AST_Robot_Warehouse/install/messages_package/share/messages_package/hook/pythonpath.dsv'
[1.479s] INFO:colcon.colcon_core.shell:Creating environment hook '/home/sam/AST_Robot_Warehouse/install/messages_package/share/messages_package/hook/pythonpath.sh'
[1.480s] INFO:colcon.colcon_core.shell:Creating package script '/home/sam/AST_Robot_Warehouse/install/messages_package/share/messages_package/package.ps1'
[1.481s] INFO:colcon.colcon_core.shell:Creating package descriptor '/home/sam/AST_Robot_Warehouse/install/messages_package/share/messages_package/package.dsv'
[1.481s] INFO:colcon.colcon_core.shell:Creating package script '/home/sam/AST_Robot_Warehouse/install/messages_package/share/messages_package/package.sh'
[1.482s] INFO:colcon.colcon_core.shell:Creating package script '/home/sam/AST_Robot_Warehouse/install/messages_package/share/messages_package/package.bash'
[1.482s] INFO:colcon.colcon_core.shell:Creating package script '/home/sam/AST_Robot_Warehouse/install/messages_package/share/messages_package/package.zsh'
[1.483s] Level 1:colcon.colcon_core.environment:create_file_with_runtime_dependencies(/home/sam/AST_Robot_Warehouse/install/messages_package/share/colcon-core/packages/messages_package)
[1.484s] INFO:colcon.colcon_ros.task.ament_python.build:Building ROS package in '/home/sam/AST_Robot_Warehouse/src/warehouse_robot_package' with build type 'ament_python'
[1.484s] Level 1:colcon.colcon_core.shell:create_environment_hook('warehouse_robot_package', 'ament_prefix_path')
[1.484s] INFO:colcon.colcon_core.shell:Creating environment hook '/home/sam/AST_Robot_Warehouse/install/warehouse_robot_package/share/warehouse_robot_package/hook/ament_prefix_path.ps1'
[1.485s] INFO:colcon.colcon_core.shell:Creating environment descriptor '/home/sam/AST_Robot_Warehouse/install/warehouse_robot_package/share/warehouse_robot_package/hook/ament_prefix_path.dsv'
[1.485s] INFO:colcon.colcon_core.shell:Creating environment hook '/home/sam/AST_Robot_Warehouse/install/warehouse_robot_package/share/warehouse_robot_package/hook/ament_prefix_path.sh'
[1.487s] INFO:colcon.colcon_core.shell:Skip shell extension 'powershell' for command environment: Not usable outside of PowerShell
[1.487s] DEBUG:colcon.colcon_core.shell:Skip shell extension 'dsv' for command environment
[1.488s] DEBUG:colcon.colcon_core.shell:Ignoring prefix path '/opt/ros/foxy'
[1.863s] INFO:colcon.colcon_core.task.python.build:Building Python package in '/home/sam/AST_Robot_Warehouse/src/warehouse_robot_package'
[1.865s] INFO:colcon.colcon_core.shell:Skip shell extension 'powershell' for command environment: Not usable outside of PowerShell
[1.865s] DEBUG:colcon.colcon_core.shell:Skip shell extension 'dsv' for command environment
[1.868s] DEBUG:colcon.colcon_core.shell:Ignoring prefix path '/opt/ros/foxy'
[1.883s] DEBUG:colcon.colcon_core.event_handler.log_command:Invoking command in '/home/sam/AST_Robot_Warehouse/src/warehouse_robot_package': CMAKE_PREFIX_PATH=/home/sam/AST_Robot_Warehouse/install/messages_package:/home/sam/AST_Robot_Warehouse/install/turtlesim:/home/sam/AST_Robot_Warehouse/install/my_package:/home/sam/AST_Robot_Warehouse/install/action_tutorials_interfaces LD_LIBRARY_PATH=/home/sam/AST_Robot_Warehouse/install/messages_package/lib:/home/sam/AST_Robot_Warehouse/install/turtlesim/lib:/home/sam/AST_Robot_Warehouse/install/action_tutorials_interfaces/lib:/opt/ros/foxy/opt/yaml_cpp_vendor/lib:/opt/ros/foxy/opt/rviz_ogre_vendor/lib:/opt/ros/foxy/lib/x86_64-linux-gnu:/opt/ros/foxy/lib PYTHONPATH=/home/sam/AST_Robot_Warehouse/install/warehouse_robot_package/lib/python3.8/site-packages:/home/sam/AST_Robot_Warehouse/install/messages_package/lib/python3.8/site-packages:/home/sam/AST_Robot_Warehouse/install/warehouse_robot_package/lib/python3.8/site-packages:/home/sam/AST_Robot_Warehouse/install/turtlesim/lib/python3.8/site-packages:/home/sam/AST_Robot_Warehouse/install/py_srvcli/lib/python3.8/site-packages:/home/sam/AST_Robot_Warehouse/install/py_pubsub/lib/python3.8/site-packages:/home/sam/AST_Robot_Warehouse/install/action_tutorials_interfaces/lib/python3.8/site-packages:/opt/ros/foxy/lib/python3.8/site-packages /usr/bin/python3 setup.py egg_info --egg-base ../../build/warehouse_robot_package build --build-base /home/sam/AST_Robot_Warehouse/build/warehouse_robot_package/build install --prefix /home/sam/AST_Robot_Warehouse/install/warehouse_robot_package --record /home/sam/AST_Robot_Warehouse/build/warehouse_robot_package/install.log --single-version-externally-managed
[2.241s] Level 1:colcon.colcon_core.environment:checking '/home/sam/AST_Robot_Warehouse/install/warehouse_robot_package' for CMake module files
[2.242s] DEBUG:colcon.colcon_core.event_handler.log_command:Invoked command in '/home/sam/AST_Robot_Warehouse/src/warehouse_robot_package' returned '0': CMAKE_PREFIX_PATH=/home/sam/AST_Robot_Warehouse/install/messages_package:/home/sam/AST_Robot_Warehouse/install/turtlesim:/home/sam/AST_Robot_Warehouse/install/my_package:/home/sam/AST_Robot_Warehouse/install/action_tutorials_interfaces LD_LIBRARY_PATH=/home/sam/AST_Robot_Warehouse/install/messages_package/lib:/home/sam/AST_Robot_Warehouse/install/turtlesim/lib:/home/sam/AST_Robot_Warehouse/install/action_tutorials_interfaces/lib:/opt/ros/foxy/opt/yaml_cpp_vendor/lib:/opt/ros/foxy/opt/rviz_ogre_vendor/lib:/opt/ros/foxy/lib/x86_64-linux-gnu:/opt/ros/foxy/lib PYTHONPATH=/home/sam/AST_Robot_Warehouse/install/warehouse_robot_package/lib/python3.8/site-packages:/home/sam/AST_Robot_Warehouse/install/messages_package/lib/python3.8/site-packages:/home/sam/AST_Robot_Warehouse/install/warehouse_robot_package/lib/python3.8/site-packages:/home/sam/AST_Robot_Warehouse/install/turtlesim/lib/python3.8/site-packages:/home/sam/AST_Robot_Warehouse/install/py_srvcli/lib/python3.8/site-packages:/home/sam/AST_Robot_Warehouse/install/py_pubsub/lib/python3.8/site-packages:/home/sam/AST_Robot_Warehouse/install/action_tutorials_interfaces/lib/python3.8/site-packages:/opt/ros/foxy/lib/python3.8/site-packages /usr/bin/python3 setup.py egg_info --egg-base ../../build/warehouse_robot_package build --build-base /home/sam/AST_Robot_Warehouse/build/warehouse_robot_package/build install --prefix /home/sam/AST_Robot_Warehouse/install/warehouse_robot_package --record /home/sam/AST_Robot_Warehouse/build/warehouse_robot_package/install.log --single-version-externally-managed
[2.242s] Level 1:colcon.colcon_core.environment:checking '/home/sam/AST_Robot_Warehouse/install/warehouse_robot_package' for CMake config files
[2.243s] Level 1:colcon.colcon_core.environment:checking '/home/sam/AST_Robot_Warehouse/install/warehouse_robot_package/lib'
[2.243s] Level 1:colcon.colcon_core.environment:checking '/home/sam/AST_Robot_Warehouse/install/warehouse_robot_package/bin'
[2.243s] Level 1:colcon.colcon_core.environment:checking '/home/sam/AST_Robot_Warehouse/install/warehouse_robot_package/lib/pkgconfig/warehouse_robot_package.pc'
[2.243s] Level 1:colcon.colcon_core.environment:checking '/home/sam/AST_Robot_Warehouse/install/warehouse_robot_package/lib/python3.8/site-packages'
[2.243s] Level 1:colcon.colcon_core.shell:create_environment_hook('warehouse_robot_package', 'pythonpath')
[2.244s] INFO:colcon.colcon_core.shell:Creating environment hook '/home/sam/AST_Robot_Warehouse/install/warehouse_robot_package/share/warehouse_robot_package/hook/pythonpath.ps1'
[2.244s] INFO:colcon.colcon_core.shell:Creating environment descriptor '/home/sam/AST_Robot_Warehouse/install/warehouse_robot_package/share/warehouse_robot_package/hook/pythonpath.dsv'
[2.244s] INFO:colcon.colcon_core.shell:Creating environment hook '/home/sam/AST_Robot_Warehouse/install/warehouse_robot_package/share/warehouse_robot_package/hook/pythonpath.sh'
[2.245s] Level 1:colcon.colcon_core.environment:create_environment_scripts_only(warehouse_robot_package)
[2.245s] INFO:colcon.colcon_core.shell:Creating package script '/home/sam/AST_Robot_Warehouse/install/warehouse_robot_package/share/warehouse_robot_package/package.ps1'
[2.246s] INFO:colcon.colcon_core.shell:Creating package descriptor '/home/sam/AST_Robot_Warehouse/install/warehouse_robot_package/share/warehouse_robot_package/package.dsv'
[2.246s] INFO:colcon.colcon_core.shell:Creating package script '/home/sam/AST_Robot_Warehouse/install/warehouse_robot_package/share/warehouse_robot_package/package.sh'
[2.247s] INFO:colcon.colcon_core.shell:Creating package script '/home/sam/AST_Robot_Warehouse/install/warehouse_robot_package/share/warehouse_robot_package/package.bash'
[2.247s] INFO:colcon.colcon_core.shell:Creating package script '/home/sam/AST_Robot_Warehouse/install/warehouse_robot_package/share/warehouse_robot_package/package.zsh'
[2.247s] Level 1:colcon.colcon_core.environment:create_file_with_runtime_dependencies(/home/sam/AST_Robot_Warehouse/install/warehouse_robot_package/share/colcon-core/packages/warehouse_robot_package)
[2.248s] DEBUG:colcon.colcon_parallel_executor.executor.parallel:closing loop
[2.248s] DEBUG:colcon.colcon_parallel_executor.executor.parallel:loop closed
[2.248s] DEBUG:colcon.colcon_parallel_executor.executor.parallel:run_until_complete finished with '0'
[2.248s] DEBUG:colcon.colcon_core.event_reactor:joining thread
[2.254s] INFO:colcon.colcon_core.plugin_system:Skipping extension 'colcon_notification.desktop_notification.terminal_notifier': Not used on non-Darwin systems
[2.254s] INFO:colcon.colcon_core.plugin_system:Skipping extension 'colcon_notification.desktop_notification.win32': Not used on non-Windows systems
[2.254s] INFO:colcon.colcon_notification.desktop_notification:Sending desktop notification using 'notify2'
[2.276s] DEBUG:colcon.colcon_core.event_reactor:joined thread
[2.277s] INFO:colcon.colcon_core.shell:Creating prefix script '/home/sam/AST_Robot_Warehouse/install/local_setup.ps1'
[2.277s] INFO:colcon.colcon_core.shell:Creating prefix util module '/home/sam/AST_Robot_Warehouse/install/_local_setup_util_ps1.py'
[2.278s] INFO:colcon.colcon_core.shell:Creating prefix chain script '/home/sam/AST_Robot_Warehouse/install/setup.ps1'
[2.281s] INFO:colcon.colcon_core.shell:Creating prefix script '/home/sam/AST_Robot_Warehouse/install/local_setup.sh'
[2.281s] INFO:colcon.colcon_core.shell:Creating prefix util module '/home/sam/AST_Robot_Warehouse/install/_local_setup_util_sh.py'
[2.282s] INFO:colcon.colcon_core.shell:Creating prefix chain script '/home/sam/AST_Robot_Warehouse/install/setup.sh'
[2.285s] INFO:colcon.colcon_core.shell:Creating prefix script '/home/sam/AST_Robot_Warehouse/install/local_setup.bash'
[2.285s] INFO:colcon.colcon_core.shell:Creating prefix chain script '/home/sam/AST_Robot_Warehouse/install/setup.bash'
[2.288s] INFO:colcon.colcon_core.shell:Creating prefix script '/home/sam/AST_Robot_Warehouse/install/local_setup.zsh'
[2.288s] INFO:colcon.colcon_core.shell:Creating prefix chain script '/home/sam/AST_Robot_Warehouse/install/setup.zsh'
