[0.622s] Invoking command in '/home/sam/AST/src/py_pubsub': CONDA_PROMPT_MODIFIER=(base) PYTHONPATH=/home/sam/AST/install/py_pubsub/lib/python3.8/site-packages:${PYTHONPATH} /usr/bin/python3 setup.py egg_info --egg-base ../../build/py_pubsub build --build-base /home/sam/AST/build/py_pubsub/build install --prefix /home/sam/AST/install/py_pubsub --record /home/sam/AST/build/py_pubsub/install.log --single-version-externally-managed
[0.898s] running egg_info
[0.898s] writing ../../build/py_pubsub/py_pubsub.egg-info/PKG-INFO
[0.898s] writing dependency_links to ../../build/py_pubsub/py_pubsub.egg-info/dependency_links.txt
[0.899s] writing entry points to ../../build/py_pubsub/py_pubsub.egg-info/entry_points.txt
[0.899s] writing requirements to ../../build/py_pubsub/py_pubsub.egg-info/requires.txt
[0.899s] writing top-level names to ../../build/py_pubsub/py_pubsub.egg-info/top_level.txt
[0.936s] reading manifest file '../../build/py_pubsub/py_pubsub.egg-info/SOURCES.txt'
[0.937s] writing manifest file '../../build/py_pubsub/py_pubsub.egg-info/SOURCES.txt'
[0.937s] running build
[0.937s] running build_py
[0.937s] running install
[0.938s] running install_lib
[0.939s] running install_data
[0.939s] running install_egg_info
[0.941s] removing '/home/sam/AST/install/py_pubsub/lib/python3.8/site-packages/py_pubsub-0.0.0-py3.8.egg-info' (and everything under it)
[0.941s] Copying ../../build/py_pubsub/py_pubsub.egg-info to /home/sam/AST/install/py_pubsub/lib/python3.8/site-packages/py_pubsub-0.0.0-py3.8.egg-info
[0.942s] running install_scripts
[0.960s] Installing listener script to /home/sam/AST/install/py_pubsub/lib/py_pubsub
[0.960s] Installing talker script to /home/sam/AST/install/py_pubsub/lib/py_pubsub
[0.960s] writing list of installed files to '/home/sam/AST/build/py_pubsub/install.log'
