[0.503s] Invoking command in '/home/sam/AST_Robot_Warehouse/src/py_srvcli': PYTHONPATH=/home/sam/AST_Robot_Warehouse/install/py_srvcli/lib/python3.8/site-packages:${PYTHONPATH} /usr/bin/python3 setup.py egg_info --egg-base ../../build/py_srvcli build --build-base /home/sam/AST_Robot_Warehouse/build/py_srvcli/build install --prefix /home/sam/AST_Robot_Warehouse/install/py_srvcli --record /home/sam/AST_Robot_Warehouse/build/py_srvcli/install.log --single-version-externally-managed
[0.772s] running egg_info
[0.773s] writing ../../build/py_srvcli/py_srvcli.egg-info/PKG-INFO
[0.774s] writing dependency_links to ../../build/py_srvcli/py_srvcli.egg-info/dependency_links.txt
[0.774s] writing entry points to ../../build/py_srvcli/py_srvcli.egg-info/entry_points.txt
[0.774s] writing requirements to ../../build/py_srvcli/py_srvcli.egg-info/requires.txt
[0.775s] writing top-level names to ../../build/py_srvcli/py_srvcli.egg-info/top_level.txt
[0.819s] reading manifest file '../../build/py_srvcli/py_srvcli.egg-info/SOURCES.txt'
[0.820s] writing manifest file '../../build/py_srvcli/py_srvcli.egg-info/SOURCES.txt'
[0.822s] running build
[0.823s] running build_py
[0.825s] running install
[0.826s] running install_lib
[0.830s] running install_data
[0.830s] running install_egg_info
[0.832s] removing '/home/sam/AST_Robot_Warehouse/install/py_srvcli/lib/python3.8/site-packages/py_srvcli-0.0.0-py3.8.egg-info' (and everything under it)
[0.832s] Copying ../../build/py_srvcli/py_srvcli.egg-info to /home/sam/AST_Robot_Warehouse/install/py_srvcli/lib/python3.8/site-packages/py_srvcli-0.0.0-py3.8.egg-info
[0.838s] running install_scripts
[0.858s] Installing client script to /home/sam/AST_Robot_Warehouse/install/py_srvcli/lib/py_srvcli
[0.859s] Installing service script to /home/sam/AST_Robot_Warehouse/install/py_srvcli/lib/py_srvcli
[0.859s] writing list of installed files to '/home/sam/AST_Robot_Warehouse/build/py_srvcli/install.log'
[0.919s] Invoked command in '/home/sam/AST_Robot_Warehouse/src/py_srvcli' returned '0': PYTHONPATH=/home/sam/AST_Robot_Warehouse/install/py_srvcli/lib/python3.8/site-packages:${PYTHONPATH} /usr/bin/python3 setup.py egg_info --egg-base ../../build/py_srvcli build --build-base /home/sam/AST_Robot_Warehouse/build/py_srvcli/build install --prefix /home/sam/AST_Robot_Warehouse/install/py_srvcli --record /home/sam/AST_Robot_Warehouse/build/py_srvcli/install.log --single-version-externally-managed
