[0.646s] Invoking command in '/home/sam/AST_Robot_Warehouse/src/py_pubsub': PYTHONPATH=/home/sam/AST_Robot_Warehouse/install/py_pubsub/lib/python3.8/site-packages:${PYTHONPATH} /usr/bin/python3 setup.py egg_info --egg-base ../../build/py_pubsub build --build-base /home/sam/AST_Robot_Warehouse/build/py_pubsub/build install --prefix /home/sam/AST_Robot_Warehouse/install/py_pubsub --record /home/sam/AST_Robot_Warehouse/build/py_pubsub/install.log --single-version-externally-managed
[0.970s] running egg_info
[0.970s] writing ../../build/py_pubsub/py_pubsub.egg-info/PKG-INFO
[0.971s] writing dependency_links to ../../build/py_pubsub/py_pubsub.egg-info/dependency_links.txt
[0.971s] writing entry points to ../../build/py_pubsub/py_pubsub.egg-info/entry_points.txt
[0.971s] writing requirements to ../../build/py_pubsub/py_pubsub.egg-info/requires.txt
[0.971s] writing top-level names to ../../build/py_pubsub/py_pubsub.egg-info/top_level.txt
[1.016s] reading manifest file '../../build/py_pubsub/py_pubsub.egg-info/SOURCES.txt'
[1.016s] writing manifest file '../../build/py_pubsub/py_pubsub.egg-info/SOURCES.txt'
[1.018s] running build
[1.018s] running build_py
[1.019s] copying py_pubsub/__init__.py -> /home/sam/AST_Robot_Warehouse/build/py_pubsub/build/lib/py_pubsub
[1.019s] copying py_pubsub/publisher_member_function.py -> /home/sam/AST_Robot_Warehouse/build/py_pubsub/build/lib/py_pubsub
[1.019s] copying py_pubsub/subscriber_member_function.py -> /home/sam/AST_Robot_Warehouse/build/py_pubsub/build/lib/py_pubsub
[1.020s] running install
[1.020s] running install_lib
[1.020s] copying /home/sam/AST_Robot_Warehouse/build/py_pubsub/build/lib/py_pubsub/__init__.py -> /home/sam/AST_Robot_Warehouse/install/py_pubsub/lib/python3.8/site-packages/py_pubsub
[1.021s] copying /home/sam/AST_Robot_Warehouse/build/py_pubsub/build/lib/py_pubsub/publisher_member_function.py -> /home/sam/AST_Robot_Warehouse/install/py_pubsub/lib/python3.8/site-packages/py_pubsub
[1.021s] copying /home/sam/AST_Robot_Warehouse/build/py_pubsub/build/lib/py_pubsub/subscriber_member_function.py -> /home/sam/AST_Robot_Warehouse/install/py_pubsub/lib/python3.8/site-packages/py_pubsub
[1.021s] byte-compiling /home/sam/AST_Robot_Warehouse/install/py_pubsub/lib/python3.8/site-packages/py_pubsub/__init__.py to __init__.cpython-38.pyc
[1.022s] byte-compiling /home/sam/AST_Robot_Warehouse/install/py_pubsub/lib/python3.8/site-packages/py_pubsub/publisher_member_function.py to publisher_member_function.cpython-38.pyc
[1.023s] byte-compiling /home/sam/AST_Robot_Warehouse/install/py_pubsub/lib/python3.8/site-packages/py_pubsub/subscriber_member_function.py to subscriber_member_function.cpython-38.pyc
[1.023s] running install_data
[1.024s] copying resource/py_pubsub -> /home/sam/AST_Robot_Warehouse/install/py_pubsub/share/ament_index/resource_index/packages
[1.025s] copying package.xml -> /home/sam/AST_Robot_Warehouse/install/py_pubsub/share/py_pubsub
[1.025s] running install_egg_info
[1.026s] removing '/home/sam/AST_Robot_Warehouse/install/py_pubsub/lib/python3.8/site-packages/py_pubsub-0.0.0-py3.8.egg-info' (and everything under it)
[1.026s] Copying ../../build/py_pubsub/py_pubsub.egg-info to /home/sam/AST_Robot_Warehouse/install/py_pubsub/lib/python3.8/site-packages/py_pubsub-0.0.0-py3.8.egg-info
[1.027s] running install_scripts
[1.038s] Installing listener script to /home/sam/AST_Robot_Warehouse/install/py_pubsub/lib/py_pubsub
[1.038s] Installing talker script to /home/sam/AST_Robot_Warehouse/install/py_pubsub/lib/py_pubsub
[1.039s] writing list of installed files to '/home/sam/AST_Robot_Warehouse/build/py_pubsub/install.log'
[1.078s] Invoked command in '/home/sam/AST_Robot_Warehouse/src/py_pubsub' returned '0': PYTHONPATH=/home/sam/AST_Robot_Warehouse/install/py_pubsub/lib/python3.8/site-packages:${PYTHONPATH} /usr/bin/python3 setup.py egg_info --egg-base ../../build/py_pubsub build --build-base /home/sam/AST_Robot_Warehouse/build/py_pubsub/build install --prefix /home/sam/AST_Robot_Warehouse/install/py_pubsub --record /home/sam/AST_Robot_Warehouse/build/py_pubsub/install.log --single-version-externally-managed
