[0.268s] Invoking command in '/home/sam/AST/build/turtlesim': CMAKE_PREFIX_PATH=/opt/ros/foxy CONDA_PROMPT_MODIFIER=(base) /usr/bin/cmake --build /home/sam/AST/build/turtlesim -- -j12 -l12
[0.318s] [  1%] Built target turtlesim__cpp
[0.322s] [ 11%] Built target turtlesim__rosidl_generator_c
[0.347s] [ 21%] Built target turtlesim__rosidl_typesupport_cpp
[0.349s] [ 31%] Built target turtlesim__rosidl_typesupport_c
[0.350s] [ 41%] Built target turtlesim__rosidl_typesupport_introspection_cpp
[0.356s] [ 51%] Built target turtlesim__rosidl_typesupport_introspection_c
[0.360s] [ 61%] Built target turtlesim__rosidl_typesupport_fastrtps_cpp
[0.390s] [ 71%] Built target turtlesim__rosidl_typesupport_fastrtps_c
[0.407s] [ 71%] Built target turtlesim
[0.432s] [ 72%] Built target turtlesim__py
[0.440s] [ 74%] Built target draw_square
[0.450s] [ 76%] Built target turtle_teleop_key
[0.451s] [ 78%] Built target mimic
[0.462s] [ 84%] Built target turtlesim_node
[0.464s] [ 93%] Built target turtlesim__python
[0.488s] [ 95%] Built target turtlesim__rosidl_typesupport_introspection_c__pyext
[0.489s] [ 97%] Built target turtlesim__rosidl_typesupport_c__pyext
[0.491s] [100%] Built target turtlesim__rosidl_typesupport_fastrtps_c__pyext
[0.544s] Invoked command in '/home/sam/AST/build/turtlesim' returned '0': CMAKE_PREFIX_PATH=/opt/ros/foxy CONDA_PROMPT_MODIFIER=(base) /usr/bin/cmake --build /home/sam/AST/build/turtlesim -- -j12 -l12
