[0.301s] DEBUG:colcon:Command line arguments: ['/usr/bin/colcon', 'build']
[0.301s] DEBUG:colcon:Parsed command line arguments: Namespace(ament_cmake_args=None, base_paths=['.'], build_base='build', catkin_cmake_args=None, catkin_skip_building_tests=False, cmake_args=None, cmake_clean_cache=False, cmake_clean_first=False, cmake_force_configure=False, cmake_target=None, cmake_target_skip_unavailable=False, continue_on_error=False, event_handlers=None, executor='parallel', ignore_user_meta=False, install_base='install', log_base=None, log_level=None, main=<bound method BuildVerb.main of <colcon_core.verb.build.BuildVerb object at 0x7f4b9cd547c0>>, merge_install=False, metas=['./colcon.meta'], packages_above=None, packages_above_and_dependencies=None, packages_above_depth=None, packages_end=None, packages_ignore=None, packages_ignore_regex=None, packages_select=None, packages_select_build_failed=False, packages_select_by_dep=None, packages_select_regex=None, packages_select_test_failures=False, packages_skip=None, packages_skip_build_finished=False, packages_skip_by_dep=None, packages_skip_regex=None, packages_skip_test_passed=False, packages_skip_up_to=None, packages_start=None, packages_up_to=None, packages_up_to_regex=None, parallel_workers=12, paths=None, symlink_install=False, test_result_base=None, verb_extension=<colcon_core.verb.build.BuildVerb object at 0x7f4b9cd547c0>, verb_name='build', verb_parser=<colcon_defaults.argument_parser.defaults.DefaultArgumentsDecorator object at 0x7f4b9cd54d30>)
[0.305s] Level 1:colcon.colcon_core.package_discovery:discover_packages(colcon_meta) check parameters
[0.305s] Level 1:colcon.colcon_core.package_discovery:discover_packages(recursive) check parameters
[0.305s] Level 1:colcon.colcon_core.package_discovery:discover_packages(ignore) check parameters
[0.305s] Level 1:colcon.colcon_core.package_discovery:discover_packages(path) check parameters
[0.305s] Level 1:colcon.colcon_core.package_discovery:discover_packages(colcon_meta) discover
[0.305s] Level 1:colcon.colcon_core.package_discovery:discover_packages(recursive) discover
[0.305s] INFO:colcon.colcon_core.package_discovery:Crawling recursively for packages in '/home/sam/AST_Robot_Warehouse'
[0.305s] Level 1:colcon.colcon_core.package_identification:_identify(.) by extensions ['ignore', 'ignore_ament_install']
[0.305s] Level 1:colcon.colcon_core.package_identification:_identify(.) by extension 'ignore'
[0.305s] Level 1:colcon.colcon_core.package_identification:_identify(.) by extension 'ignore_ament_install'
[0.305s] Level 1:colcon.colcon_core.package_identification:_identify(.) by extensions ['colcon_pkg']
[0.305s] Level 1:colcon.colcon_core.package_identification:_identify(.) by extension 'colcon_pkg'
[0.305s] Level 1:colcon.colcon_core.package_identification:_identify(.) by extensions ['colcon_meta']
[0.305s] Level 1:colcon.colcon_core.package_identification:_identify(.) by extension 'colcon_meta'
[0.305s] Level 1:colcon.colcon_core.package_identification:_identify(.) by extensions ['ros']
[0.305s] Level 1:colcon.colcon_core.package_identification:_identify(.) by extension 'ros'
[0.315s] Level 1:colcon.colcon_core.package_identification:_identify(.) by extensions ['cmake', 'python']
[0.316s] Level 1:colcon.colcon_core.package_identification:_identify(.) by extension 'cmake'
[0.316s] Level 1:colcon.colcon_core.package_identification:_identify(.) by extension 'python'
[0.316s] Level 1:colcon.colcon_core.package_identification:_identify(.) by extensions ['python_setup_py']
[0.316s] Level 1:colcon.colcon_core.package_identification:_identify(.) by extension 'python_setup_py'
[0.316s] Level 1:colcon.colcon_core.package_identification:_identify(build) by extensions ['ignore', 'ignore_ament_install']
[0.316s] Level 1:colcon.colcon_core.package_identification:_identify(build) by extension 'ignore'
[0.316s] Level 1:colcon.colcon_core.package_identification:_identify(build) ignored
[0.316s] Level 1:colcon.colcon_core.package_identification:_identify(install) by extensions ['ignore', 'ignore_ament_install']
[0.316s] Level 1:colcon.colcon_core.package_identification:_identify(install) by extension 'ignore'
[0.316s] Level 1:colcon.colcon_core.package_identification:_identify(install) ignored
[0.316s] Level 1:colcon.colcon_core.package_identification:_identify(log) by extensions ['ignore', 'ignore_ament_install']
[0.316s] Level 1:colcon.colcon_core.package_identification:_identify(log) by extension 'ignore'
[0.316s] Level 1:colcon.colcon_core.package_identification:_identify(log) ignored
[0.317s] Level 1:colcon.colcon_core.package_identification:_identify(src) by extensions ['ignore', 'ignore_ament_install']
[0.317s] Level 1:colcon.colcon_core.package_identification:_identify(src) by extension 'ignore'
[0.317s] Level 1:colcon.colcon_core.package_identification:_identify(src) by extension 'ignore_ament_install'
[0.317s] Level 1:colcon.colcon_core.package_identification:_identify(src) by extensions ['colcon_pkg']
[0.317s] Level 1:colcon.colcon_core.package_identification:_identify(src) by extension 'colcon_pkg'
[0.317s] Level 1:colcon.colcon_core.package_identification:_identify(src) by extensions ['colcon_meta']
[0.317s] Level 1:colcon.colcon_core.package_identification:_identify(src) by extension 'colcon_meta'
[0.317s] Level 1:colcon.colcon_core.package_identification:_identify(src) by extensions ['ros']
[0.317s] Level 1:colcon.colcon_core.package_identification:_identify(src) by extension 'ros'
[0.317s] Level 1:colcon.colcon_core.package_identification:_identify(src) by extensions ['cmake', 'python']
[0.317s] Level 1:colcon.colcon_core.package_identification:_identify(src) by extension 'cmake'
[0.317s] Level 1:colcon.colcon_core.package_identification:_identify(src) by extension 'python'
[0.317s] Level 1:colcon.colcon_core.package_identification:_identify(src) by extensions ['python_setup_py']
[0.317s] Level 1:colcon.colcon_core.package_identification:_identify(src) by extension 'python_setup_py'
[0.317s] Level 1:colcon.colcon_core.package_identification:_identify(src/action_tutorials_interfaces) by extensions ['ignore', 'ignore_ament_install']
[0.317s] Level 1:colcon.colcon_core.package_identification:_identify(src/action_tutorials_interfaces) by extension 'ignore'
[0.317s] Level 1:colcon.colcon_core.package_identification:_identify(src/action_tutorials_interfaces) by extension 'ignore_ament_install'
[0.317s] Level 1:colcon.colcon_core.package_identification:_identify(src/action_tutorials_interfaces) by extensions ['colcon_pkg']
[0.317s] Level 1:colcon.colcon_core.package_identification:_identify(src/action_tutorials_interfaces) by extension 'colcon_pkg'
[0.317s] Level 1:colcon.colcon_core.package_identification:_identify(src/action_tutorials_interfaces) by extensions ['colcon_meta']
[0.318s] Level 1:colcon.colcon_core.package_identification:_identify(src/action_tutorials_interfaces) by extension 'colcon_meta'
[0.318s] Level 1:colcon.colcon_core.package_identification:_identify(src/action_tutorials_interfaces) by extensions ['ros']
[0.318s] Level 1:colcon.colcon_core.package_identification:_identify(src/action_tutorials_interfaces) by extension 'ros'
[0.320s] DEBUG:colcon.colcon_core.package_identification:Package 'src/action_tutorials_interfaces' with type 'ros.ament_cmake' and name 'action_tutorials_interfaces'
[0.320s] Level 1:colcon.colcon_core.package_identification:_identify(src/build) by extensions ['ignore', 'ignore_ament_install']
[0.320s] Level 1:colcon.colcon_core.package_identification:_identify(src/build) by extension 'ignore'
[0.320s] Level 1:colcon.colcon_core.package_identification:_identify(src/build) ignored
[0.320s] Level 1:colcon.colcon_core.package_identification:_identify(src/install) by extensions ['ignore', 'ignore_ament_install']
[0.321s] Level 1:colcon.colcon_core.package_identification:_identify(src/install) by extension 'ignore'
[0.321s] Level 1:colcon.colcon_core.package_identification:_identify(src/install) ignored
[0.321s] Level 1:colcon.colcon_core.package_identification:_identify(src/log) by extensions ['ignore', 'ignore_ament_install']
[0.321s] Level 1:colcon.colcon_core.package_identification:_identify(src/log) by extension 'ignore'
[0.321s] Level 1:colcon.colcon_core.package_identification:_identify(src/log) ignored
[0.321s] Level 1:colcon.colcon_core.package_identification:_identify(src/messages_package) by extensions ['ignore', 'ignore_ament_install']
[0.321s] Level 1:colcon.colcon_core.package_identification:_identify(src/messages_package) by extension 'ignore'
[0.321s] Level 1:colcon.colcon_core.package_identification:_identify(src/messages_package) by extension 'ignore_ament_install'
[0.321s] Level 1:colcon.colcon_core.package_identification:_identify(src/messages_package) by extensions ['colcon_pkg']
[0.321s] Level 1:colcon.colcon_core.package_identification:_identify(src/messages_package) by extension 'colcon_pkg'
[0.321s] Level 1:colcon.colcon_core.package_identification:_identify(src/messages_package) by extensions ['colcon_meta']
[0.321s] Level 1:colcon.colcon_core.package_identification:_identify(src/messages_package) by extension 'colcon_meta'
[0.321s] Level 1:colcon.colcon_core.package_identification:_identify(src/messages_package) by extensions ['ros']
[0.321s] Level 1:colcon.colcon_core.package_identification:_identify(src/messages_package) by extension 'ros'
[0.322s] DEBUG:colcon.colcon_core.package_identification:Package 'src/messages_package' with type 'ros.ament_cmake' and name 'messages_package'
[0.322s] Level 1:colcon.colcon_core.package_identification:_identify(src/py_pubsub) by extensions ['ignore', 'ignore_ament_install']
[0.322s] Level 1:colcon.colcon_core.package_identification:_identify(src/py_pubsub) by extension 'ignore'
[0.322s] Level 1:colcon.colcon_core.package_identification:_identify(src/py_pubsub) by extension 'ignore_ament_install'
[0.322s] Level 1:colcon.colcon_core.package_identification:_identify(src/py_pubsub) by extensions ['colcon_pkg']
[0.322s] Level 1:colcon.colcon_core.package_identification:_identify(src/py_pubsub) by extension 'colcon_pkg'
[0.322s] Level 1:colcon.colcon_core.package_identification:_identify(src/py_pubsub) by extensions ['colcon_meta']
[0.322s] Level 1:colcon.colcon_core.package_identification:_identify(src/py_pubsub) by extension 'colcon_meta'
[0.322s] Level 1:colcon.colcon_core.package_identification:_identify(src/py_pubsub) by extensions ['ros']
[0.322s] Level 1:colcon.colcon_core.package_identification:_identify(src/py_pubsub) by extension 'ros'
[0.323s] DEBUG:colcon.colcon_core.package_identification:Package 'src/py_pubsub' with type 'ros.ament_python' and name 'py_pubsub'
[0.323s] Level 1:colcon.colcon_core.package_identification:_identify(src/py_srvcli) by extensions ['ignore', 'ignore_ament_install']
[0.323s] Level 1:colcon.colcon_core.package_identification:_identify(src/py_srvcli) by extension 'ignore'
[0.323s] Level 1:colcon.colcon_core.package_identification:_identify(src/py_srvcli) by extension 'ignore_ament_install'
[0.323s] Level 1:colcon.colcon_core.package_identification:_identify(src/py_srvcli) by extensions ['colcon_pkg']
[0.323s] Level 1:colcon.colcon_core.package_identification:_identify(src/py_srvcli) by extension 'colcon_pkg'
[0.323s] Level 1:colcon.colcon_core.package_identification:_identify(src/py_srvcli) by extensions ['colcon_meta']
[0.323s] Level 1:colcon.colcon_core.package_identification:_identify(src/py_srvcli) by extension 'colcon_meta'
[0.323s] Level 1:colcon.colcon_core.package_identification:_identify(src/py_srvcli) by extensions ['ros']
[0.323s] Level 1:colcon.colcon_core.package_identification:_identify(src/py_srvcli) by extension 'ros'
[0.324s] DEBUG:colcon.colcon_core.package_identification:Package 'src/py_srvcli' with type 'ros.ament_python' and name 'py_srvcli'
[0.324s] Level 1:colcon.colcon_core.package_identification:_identify(src/warehouse_robot_package) by extensions ['ignore', 'ignore_ament_install']
[0.324s] Level 1:colcon.colcon_core.package_identification:_identify(src/warehouse_robot_package) by extension 'ignore'
[0.324s] Level 1:colcon.colcon_core.package_identification:_identify(src/warehouse_robot_package) by extension 'ignore_ament_install'
[0.324s] Level 1:colcon.colcon_core.package_identification:_identify(src/warehouse_robot_package) by extensions ['colcon_pkg']
[0.324s] Level 1:colcon.colcon_core.package_identification:_identify(src/warehouse_robot_package) by extension 'colcon_pkg'
[0.324s] Level 1:colcon.colcon_core.package_identification:_identify(src/warehouse_robot_package) by extensions ['colcon_meta']
[0.324s] Level 1:colcon.colcon_core.package_identification:_identify(src/warehouse_robot_package) by extension 'colcon_meta'
[0.324s] Level 1:colcon.colcon_core.package_identification:_identify(src/warehouse_robot_package) by extensions ['ros']
[0.324s] Level 1:colcon.colcon_core.package_identification:_identify(src/warehouse_robot_package) by extension 'ros'
[0.325s] DEBUG:colcon.colcon_core.package_identification:Package 'src/warehouse_robot_package' with type 'ros.ament_python' and name 'warehouse_robot_package'
[0.325s] Level 1:colcon.colcon_core.package_discovery:discover_packages(recursive) using defaults
[0.325s] Level 1:colcon.colcon_core.package_discovery:discover_packages(ignore) discover
[0.325s] Level 1:colcon.colcon_core.package_discovery:discover_packages(ignore) using defaults
[0.325s] Level 1:colcon.colcon_core.package_discovery:discover_packages(path) discover
[0.325s] Level 1:colcon.colcon_core.package_discovery:discover_packages(path) using defaults
[0.342s] Level 5:colcon.colcon_core.verb:set package 'action_tutorials_interfaces' build argument 'cmake_args' from command line to 'None'
[0.342s] Level 5:colcon.colcon_core.verb:set package 'action_tutorials_interfaces' build argument 'cmake_target' from command line to 'None'
[0.342s] Level 5:colcon.colcon_core.verb:set package 'action_tutorials_interfaces' build argument 'cmake_target_skip_unavailable' from command line to 'False'
[0.342s] Level 5:colcon.colcon_core.verb:set package 'action_tutorials_interfaces' build argument 'cmake_clean_cache' from command line to 'False'
[0.342s] Level 5:colcon.colcon_core.verb:set package 'action_tutorials_interfaces' build argument 'cmake_clean_first' from command line to 'False'
[0.342s] Level 5:colcon.colcon_core.verb:set package 'action_tutorials_interfaces' build argument 'cmake_force_configure' from command line to 'False'
[0.342s] Level 5:colcon.colcon_core.verb:set package 'action_tutorials_interfaces' build argument 'ament_cmake_args' from command line to 'None'
[0.342s] Level 5:colcon.colcon_core.verb:set package 'action_tutorials_interfaces' build argument 'catkin_cmake_args' from command line to 'None'
[0.342s] Level 5:colcon.colcon_core.verb:set package 'action_tutorials_interfaces' build argument 'catkin_skip_building_tests' from command line to 'False'
[0.342s] DEBUG:colcon.colcon_core.verb:Building package 'action_tutorials_interfaces' with the following arguments: {'ament_cmake_args': None, 'build_base': '/home/sam/AST_Robot_Warehouse/build/action_tutorials_interfaces', 'catkin_cmake_args': None, 'catkin_skip_building_tests': False, 'cmake_args': None, 'cmake_clean_cache': False, 'cmake_clean_first': False, 'cmake_force_configure': False, 'cmake_target': None, 'cmake_target_skip_unavailable': False, 'install_base': '/home/sam/AST_Robot_Warehouse/install/action_tutorials_interfaces', 'merge_install': False, 'path': '/home/sam/AST_Robot_Warehouse/src/action_tutorials_interfaces', 'symlink_install': False, 'test_result_base': None}
[0.344s] Level 5:colcon.colcon_core.verb:set package 'messages_package' build argument 'cmake_args' from command line to 'None'
[0.344s] Level 5:colcon.colcon_core.verb:set package 'messages_package' build argument 'cmake_target' from command line to 'None'
[0.344s] Level 5:colcon.colcon_core.verb:set package 'messages_package' build argument 'cmake_target_skip_unavailable' from command line to 'False'
[0.344s] Level 5:colcon.colcon_core.verb:set package 'messages_package' build argument 'cmake_clean_cache' from command line to 'False'
[0.344s] Level 5:colcon.colcon_core.verb:set package 'messages_package' build argument 'cmake_clean_first' from command line to 'False'
[0.344s] Level 5:colcon.colcon_core.verb:set package 'messages_package' build argument 'cmake_force_configure' from command line to 'False'
[0.344s] Level 5:colcon.colcon_core.verb:set package 'messages_package' build argument 'ament_cmake_args' from command line to 'None'
[0.344s] Level 5:colcon.colcon_core.verb:set package 'messages_package' build argument 'catkin_cmake_args' from command line to 'None'
[0.345s] Level 5:colcon.colcon_core.verb:set package 'messages_package' build argument 'catkin_skip_building_tests' from command line to 'False'
[0.345s] DEBUG:colcon.colcon_core.verb:Building package 'messages_package' with the following arguments: {'ament_cmake_args': None, 'build_base': '/home/sam/AST_Robot_Warehouse/build/messages_package', 'catkin_cmake_args': None, 'catkin_skip_building_tests': False, 'cmake_args': None, 'cmake_clean_cache': False, 'cmake_clean_first': False, 'cmake_force_configure': False, 'cmake_target': None, 'cmake_target_skip_unavailable': False, 'install_base': '/home/sam/AST_Robot_Warehouse/install/messages_package', 'merge_install': False, 'path': '/home/sam/AST_Robot_Warehouse/src/messages_package', 'symlink_install': False, 'test_result_base': None}
[0.347s] Level 5:colcon.colcon_core.verb:set package 'py_pubsub' build argument 'cmake_args' from command line to 'None'
[0.347s] Level 5:colcon.colcon_core.verb:set package 'py_pubsub' build argument 'cmake_target' from command line to 'None'
[0.347s] Level 5:colcon.colcon_core.verb:set package 'py_pubsub' build argument 'cmake_target_skip_unavailable' from command line to 'False'
[0.347s] Level 5:colcon.colcon_core.verb:set package 'py_pubsub' build argument 'cmake_clean_cache' from command line to 'False'
[0.347s] Level 5:colcon.colcon_core.verb:set package 'py_pubsub' build argument 'cmake_clean_first' from command line to 'False'
[0.347s] Level 5:colcon.colcon_core.verb:set package 'py_pubsub' build argument 'cmake_force_configure' from command line to 'False'
[0.347s] Level 5:colcon.colcon_core.verb:set package 'py_pubsub' build argument 'ament_cmake_args' from command line to 'None'
[0.347s] Level 5:colcon.colcon_core.verb:set package 'py_pubsub' build argument 'catkin_cmake_args' from command line to 'None'
[0.347s] Level 5:colcon.colcon_core.verb:set package 'py_pubsub' build argument 'catkin_skip_building_tests' from command line to 'False'
[0.347s] DEBUG:colcon.colcon_core.verb:Building package 'py_pubsub' with the following arguments: {'ament_cmake_args': None, 'build_base': '/home/sam/AST_Robot_Warehouse/build/py_pubsub', 'catkin_cmake_args': None, 'catkin_skip_building_tests': False, 'cmake_args': None, 'cmake_clean_cache': False, 'cmake_clean_first': False, 'cmake_force_configure': False, 'cmake_target': None, 'cmake_target_skip_unavailable': False, 'install_base': '/home/sam/AST_Robot_Warehouse/install/py_pubsub', 'merge_install': False, 'path': '/home/sam/AST_Robot_Warehouse/src/py_pubsub', 'symlink_install': False, 'test_result_base': None}
[0.349s] Level 5:colcon.colcon_core.verb:set package 'py_srvcli' build argument 'cmake_args' from command line to 'None'
[0.349s] Level 5:colcon.colcon_core.verb:set package 'py_srvcli' build argument 'cmake_target' from command line to 'None'
[0.349s] Level 5:colcon.colcon_core.verb:set package 'py_srvcli' build argument 'cmake_target_skip_unavailable' from command line to 'False'
[0.349s] Level 5:colcon.colcon_core.verb:set package 'py_srvcli' build argument 'cmake_clean_cache' from command line to 'False'
[0.349s] Level 5:colcon.colcon_core.verb:set package 'py_srvcli' build argument 'cmake_clean_first' from command line to 'False'
[0.349s] Level 5:colcon.colcon_core.verb:set package 'py_srvcli' build argument 'cmake_force_configure' from command line to 'False'
[0.349s] Level 5:colcon.colcon_core.verb:set package 'py_srvcli' build argument 'ament_cmake_args' from command line to 'None'
[0.349s] Level 5:colcon.colcon_core.verb:set package 'py_srvcli' build argument 'catkin_cmake_args' from command line to 'None'
[0.349s] Level 5:colcon.colcon_core.verb:set package 'py_srvcli' build argument 'catkin_skip_building_tests' from command line to 'False'
[0.349s] DEBUG:colcon.colcon_core.verb:Building package 'py_srvcli' with the following arguments: {'ament_cmake_args': None, 'build_base': '/home/sam/AST_Robot_Warehouse/build/py_srvcli', 'catkin_cmake_args': None, 'catkin_skip_building_tests': False, 'cmake_args': None, 'cmake_clean_cache': False, 'cmake_clean_first': False, 'cmake_force_configure': False, 'cmake_target': None, 'cmake_target_skip_unavailable': False, 'install_base': '/home/sam/AST_Robot_Warehouse/install/py_srvcli', 'merge_install': False, 'path': '/home/sam/AST_Robot_Warehouse/src/py_srvcli', 'symlink_install': False, 'test_result_base': None}
[0.352s] Level 5:colcon.colcon_core.verb:set package 'warehouse_robot_package' build argument 'cmake_args' from command line to 'None'
[0.352s] Level 5:colcon.colcon_core.verb:set package 'warehouse_robot_package' build argument 'cmake_target' from command line to 'None'
[0.352s] Level 5:colcon.colcon_core.verb:set package 'warehouse_robot_package' build argument 'cmake_target_skip_unavailable' from command line to 'False'
[0.352s] Level 5:colcon.colcon_core.verb:set package 'warehouse_robot_package' build argument 'cmake_clean_cache' from command line to 'False'
[0.352s] Level 5:colcon.colcon_core.verb:set package 'warehouse_robot_package' build argument 'cmake_clean_first' from command line to 'False'
[0.352s] Level 5:colcon.colcon_core.verb:set package 'warehouse_robot_package' build argument 'cmake_force_configure' from command line to 'False'
[0.352s] Level 5:colcon.colcon_core.verb:set package 'warehouse_robot_package' build argument 'ament_cmake_args' from command line to 'None'
[0.352s] Level 5:colcon.colcon_core.verb:set package 'warehouse_robot_package' build argument 'catkin_cmake_args' from command line to 'None'
[0.352s] Level 5:colcon.colcon_core.verb:set package 'warehouse_robot_package' build argument 'catkin_skip_building_tests' from command line to 'False'
[0.352s] DEBUG:colcon.colcon_core.verb:Building package 'warehouse_robot_package' with the following arguments: {'ament_cmake_args': None, 'build_base': '/home/sam/AST_Robot_Warehouse/build/warehouse_robot_package', 'catkin_cmake_args': None, 'catkin_skip_building_tests': False, 'cmake_args': None, 'cmake_clean_cache': False, 'cmake_clean_first': False, 'cmake_force_configure': False, 'cmake_target': None, 'cmake_target_skip_unavailable': False, 'install_base': '/home/sam/AST_Robot_Warehouse/install/warehouse_robot_package', 'merge_install': False, 'path': '/home/sam/AST_Robot_Warehouse/src/warehouse_robot_package', 'symlink_install': False, 'test_result_base': None}
[0.352s] INFO:colcon.colcon_core.executor:Executing jobs using 'parallel' executor
[0.354s] DEBUG:colcon.colcon_parallel_executor.executor.parallel:run_until_complete
[0.355s] INFO:colcon.colcon_ros.task.ament_cmake.build:Building ROS package in '/home/sam/AST_Robot_Warehouse/src/messages_package' with build type 'ament_cmake'
[0.355s] INFO:colcon.colcon_cmake.task.cmake.build:Building CMake package in '/home/sam/AST_Robot_Warehouse/src/messages_package'
[0.359s] INFO:colcon.colcon_core.plugin_system:Skipping extension 'colcon_core.shell.bat': Not used on non-Windows systems
[0.359s] INFO:colcon.colcon_core.shell:Skip shell extension 'powershell' for command environment: Not usable outside of PowerShell
[0.359s] DEBUG:colcon.colcon_core.shell:Skip shell extension 'dsv' for command environment
[0.363s] DEBUG:colcon.colcon_core.shell:Ignoring prefix path '/opt/ros/foxy'
[0.366s] INFO:colcon.colcon_ros.task.ament_cmake.build:Building ROS package in '/home/sam/AST_Robot_Warehouse/src/action_tutorials_interfaces' with build type 'ament_cmake'
[0.366s] INFO:colcon.colcon_cmake.task.cmake.build:Building CMake package in '/home/sam/AST_Robot_Warehouse/src/action_tutorials_interfaces'
[0.367s] INFO:colcon.colcon_core.shell:Skip shell extension 'powershell' for command environment: Not usable outside of PowerShell
[0.368s] DEBUG:colcon.colcon_core.shell:Skip shell extension 'dsv' for command environment
[0.370s] DEBUG:colcon.colcon_core.shell:Ignoring prefix path '/opt/ros/foxy'
[0.372s] INFO:colcon.colcon_ros.task.ament_python.build:Building ROS package in '/home/sam/AST_Robot_Warehouse/src/py_pubsub' with build type 'ament_python'
[0.372s] Level 1:colcon.colcon_core.shell:create_environment_hook('py_pubsub', 'ament_prefix_path')
[0.373s] INFO:colcon.colcon_core.shell:Creating environment hook '/home/sam/AST_Robot_Warehouse/install/py_pubsub/share/py_pubsub/hook/ament_prefix_path.ps1'
[0.374s] INFO:colcon.colcon_core.shell:Creating environment descriptor '/home/sam/AST_Robot_Warehouse/install/py_pubsub/share/py_pubsub/hook/ament_prefix_path.dsv'
[0.374s] INFO:colcon.colcon_core.shell:Creating environment hook '/home/sam/AST_Robot_Warehouse/install/py_pubsub/share/py_pubsub/hook/ament_prefix_path.sh'
[0.375s] INFO:colcon.colcon_core.shell:Skip shell extension 'powershell' for command environment: Not usable outside of PowerShell
[0.375s] DEBUG:colcon.colcon_core.shell:Skip shell extension 'dsv' for command environment
[0.377s] DEBUG:colcon.colcon_core.shell:Ignoring prefix path '/opt/ros/foxy'
[0.379s] INFO:colcon.colcon_ros.task.ament_python.build:Building ROS package in '/home/sam/AST_Robot_Warehouse/src/py_srvcli' with build type 'ament_python'
[0.380s] Level 1:colcon.colcon_core.shell:create_environment_hook('py_srvcli', 'ament_prefix_path')
[0.381s] INFO:colcon.colcon_core.shell:Creating environment hook '/home/sam/AST_Robot_Warehouse/install/py_srvcli/share/py_srvcli/hook/ament_prefix_path.ps1'
[0.381s] INFO:colcon.colcon_core.shell:Creating environment descriptor '/home/sam/AST_Robot_Warehouse/install/py_srvcli/share/py_srvcli/hook/ament_prefix_path.dsv'
[0.382s] INFO:colcon.colcon_core.shell:Creating environment hook '/home/sam/AST_Robot_Warehouse/install/py_srvcli/share/py_srvcli/hook/ament_prefix_path.sh'
[0.382s] INFO:colcon.colcon_core.shell:Skip shell extension 'powershell' for command environment: Not usable outside of PowerShell
[0.382s] DEBUG:colcon.colcon_core.shell:Skip shell extension 'dsv' for command environment
[0.384s] DEBUG:colcon.colcon_core.shell:Ignoring prefix path '/opt/ros/foxy'
[0.391s] DEBUG:colcon.colcon_core.event_handler.log_command:Invoking command in '/home/sam/AST_Robot_Warehouse/build/messages_package': CMAKE_PREFIX_PATH=${CMAKE_PREFIX_PATH}:/home/sam/AST_Robot_Warehouse/install/warehouse_robot_package:/home/sam/AST_Robot_Warehouse/install/py_srvcli:/home/sam/AST_Robot_Warehouse/install/py_pubsub:/opt/ros/foxy /usr/bin/cmake --build /home/sam/AST_Robot_Warehouse/build/messages_package -- -j12 -l12
[0.399s] DEBUG:colcon.colcon_core.event_handler.log_command:Invoking command in '/home/sam/AST_Robot_Warehouse/build/action_tutorials_interfaces': CMAKE_PREFIX_PATH=${CMAKE_PREFIX_PATH}:/home/sam/AST_Robot_Warehouse/install/warehouse_robot_package:/home/sam/AST_Robot_Warehouse/install/py_srvcli:/home/sam/AST_Robot_Warehouse/install/py_pubsub:/opt/ros/foxy /usr/bin/cmake --build /home/sam/AST_Robot_Warehouse/build/action_tutorials_interfaces -- -j12 -l12
[0.711s] INFO:colcon.colcon_core.task.python.build:Building Python package in '/home/sam/AST_Robot_Warehouse/src/py_pubsub'
[0.713s] INFO:colcon.colcon_core.shell:Skip shell extension 'powershell' for command environment: Not usable outside of PowerShell
[0.713s] DEBUG:colcon.colcon_core.shell:Skip shell extension 'dsv' for command environment
[0.715s] DEBUG:colcon.colcon_core.shell:Ignoring prefix path '/opt/ros/foxy'
[0.972s] INFO:colcon.colcon_core.task.python.build:Building Python package in '/home/sam/AST_Robot_Warehouse/src/py_srvcli'
[0.973s] INFO:colcon.colcon_core.shell:Skip shell extension 'powershell' for command environment: Not usable outside of PowerShell
[0.973s] DEBUG:colcon.colcon_core.shell:Skip shell extension 'dsv' for command environment
[0.974s] DEBUG:colcon.colcon_core.shell:Ignoring prefix path '/opt/ros/foxy'
[1.000s] DEBUG:colcon.colcon_core.event_handler.log_command:Invoked command in '/home/sam/AST_Robot_Warehouse/build/messages_package' returned '0': CMAKE_PREFIX_PATH=${CMAKE_PREFIX_PATH}:/home/sam/AST_Robot_Warehouse/install/warehouse_robot_package:/home/sam/AST_Robot_Warehouse/install/py_srvcli:/home/sam/AST_Robot_Warehouse/install/py_pubsub:/opt/ros/foxy /usr/bin/cmake --build /home/sam/AST_Robot_Warehouse/build/messages_package -- -j12 -l12
[1.001s] DEBUG:colcon.colcon_core.event_handler.log_command:Invoked command in '/home/sam/AST_Robot_Warehouse/build/action_tutorials_interfaces' returned '0': CMAKE_PREFIX_PATH=${CMAKE_PREFIX_PATH}:/home/sam/AST_Robot_Warehouse/install/warehouse_robot_package:/home/sam/AST_Robot_Warehouse/install/py_srvcli:/home/sam/AST_Robot_Warehouse/install/py_pubsub:/opt/ros/foxy /usr/bin/cmake --build /home/sam/AST_Robot_Warehouse/build/action_tutorials_interfaces -- -j12 -l12
[1.003s] DEBUG:colcon.colcon_core.event_handler.log_command:Invoking command in '/home/sam/AST_Robot_Warehouse/src/py_pubsub': PYTHONPATH=/home/sam/AST_Robot_Warehouse/install/py_pubsub/lib/python3.8/site-packages:${PYTHONPATH} /usr/bin/python3 setup.py egg_info --egg-base ../../build/py_pubsub build --build-base /home/sam/AST_Robot_Warehouse/build/py_pubsub/build install --prefix /home/sam/AST_Robot_Warehouse/install/py_pubsub --record /home/sam/AST_Robot_Warehouse/build/py_pubsub/install.log --single-version-externally-managed
[1.004s] DEBUG:colcon.colcon_core.event_handler.log_command:Invoking command in '/home/sam/AST_Robot_Warehouse/src/py_srvcli': PYTHONPATH=/home/sam/AST_Robot_Warehouse/install/py_srvcli/lib/python3.8/site-packages:${PYTHONPATH} /usr/bin/python3 setup.py egg_info --egg-base ../../build/py_srvcli build --build-base /home/sam/AST_Robot_Warehouse/build/py_srvcli/build install --prefix /home/sam/AST_Robot_Warehouse/install/py_srvcli --record /home/sam/AST_Robot_Warehouse/build/py_srvcli/install.log --single-version-externally-managed
[1.051s] DEBUG:colcon.colcon_core.event_handler.log_command:Invoking command in '/home/sam/AST_Robot_Warehouse/build/action_tutorials_interfaces': CMAKE_PREFIX_PATH=${CMAKE_PREFIX_PATH}:/home/sam/AST_Robot_Warehouse/install/warehouse_robot_package:/home/sam/AST_Robot_Warehouse/install/py_srvcli:/home/sam/AST_Robot_Warehouse/install/py_pubsub:/opt/ros/foxy /usr/bin/cmake --install /home/sam/AST_Robot_Warehouse/build/action_tutorials_interfaces
[1.118s] Level 1:colcon.colcon_core.environment:create_environment_scripts_only(action_tutorials_interfaces)
[1.122s] DEBUG:colcon.colcon_core.event_handler.log_command:Invoked command in '/home/sam/AST_Robot_Warehouse/build/action_tutorials_interfaces' returned '0': CMAKE_PREFIX_PATH=${CMAKE_PREFIX_PATH}:/home/sam/AST_Robot_Warehouse/install/warehouse_robot_package:/home/sam/AST_Robot_Warehouse/install/py_srvcli:/home/sam/AST_Robot_Warehouse/install/py_pubsub:/opt/ros/foxy /usr/bin/cmake --install /home/sam/AST_Robot_Warehouse/build/action_tutorials_interfaces
[1.123s] Level 1:colcon.colcon_core.environment:checking '/home/sam/AST_Robot_Warehouse/install/action_tutorials_interfaces' for CMake module files
[1.124s] Level 1:colcon.colcon_core.environment:checking '/home/sam/AST_Robot_Warehouse/install/action_tutorials_interfaces' for CMake config files
[1.125s] Level 1:colcon.colcon_core.shell:create_environment_hook('action_tutorials_interfaces', 'cmake_prefix_path')
[1.125s] INFO:colcon.colcon_core.shell:Creating environment hook '/home/sam/AST_Robot_Warehouse/install/action_tutorials_interfaces/share/action_tutorials_interfaces/hook/cmake_prefix_path.ps1'
[1.126s] INFO:colcon.colcon_core.shell:Creating environment descriptor '/home/sam/AST_Robot_Warehouse/install/action_tutorials_interfaces/share/action_tutorials_interfaces/hook/cmake_prefix_path.dsv'
[1.126s] INFO:colcon.colcon_core.shell:Creating environment hook '/home/sam/AST_Robot_Warehouse/install/action_tutorials_interfaces/share/action_tutorials_interfaces/hook/cmake_prefix_path.sh'
[1.127s] Level 1:colcon.colcon_core.environment:checking '/home/sam/AST_Robot_Warehouse/install/action_tutorials_interfaces/lib'
[1.127s] Level 1:colcon.colcon_core.shell:create_environment_hook('action_tutorials_interfaces', 'ld_library_path_lib')
[1.128s] INFO:colcon.colcon_core.shell:Creating environment hook '/home/sam/AST_Robot_Warehouse/install/action_tutorials_interfaces/share/action_tutorials_interfaces/hook/ld_library_path_lib.ps1'
[1.128s] INFO:colcon.colcon_core.shell:Creating environment descriptor '/home/sam/AST_Robot_Warehouse/install/action_tutorials_interfaces/share/action_tutorials_interfaces/hook/ld_library_path_lib.dsv'
[1.129s] INFO:colcon.colcon_core.shell:Creating environment hook '/home/sam/AST_Robot_Warehouse/install/action_tutorials_interfaces/share/action_tutorials_interfaces/hook/ld_library_path_lib.sh'
[1.129s] Level 1:colcon.colcon_core.environment:checking '/home/sam/AST_Robot_Warehouse/install/action_tutorials_interfaces/bin'
[1.129s] Level 1:colcon.colcon_core.environment:checking '/home/sam/AST_Robot_Warehouse/install/action_tutorials_interfaces/lib/pkgconfig/action_tutorials_interfaces.pc'
[1.129s] Level 1:colcon.colcon_core.environment:checking '/home/sam/AST_Robot_Warehouse/install/action_tutorials_interfaces/lib/python3.8/site-packages'
[1.129s] Level 1:colcon.colcon_core.shell:create_environment_hook('action_tutorials_interfaces', 'pythonpath')
[1.130s] INFO:colcon.colcon_core.shell:Creating environment hook '/home/sam/AST_Robot_Warehouse/install/action_tutorials_interfaces/share/action_tutorials_interfaces/hook/pythonpath.ps1'
[1.131s] INFO:colcon.colcon_core.shell:Creating environment descriptor '/home/sam/AST_Robot_Warehouse/install/action_tutorials_interfaces/share/action_tutorials_interfaces/hook/pythonpath.dsv'
[1.131s] INFO:colcon.colcon_core.shell:Creating environment hook '/home/sam/AST_Robot_Warehouse/install/action_tutorials_interfaces/share/action_tutorials_interfaces/hook/pythonpath.sh'
[1.132s] INFO:colcon.colcon_core.shell:Creating package script '/home/sam/AST_Robot_Warehouse/install/action_tutorials_interfaces/share/action_tutorials_interfaces/package.ps1'
[1.133s] INFO:colcon.colcon_core.shell:Creating package descriptor '/home/sam/AST_Robot_Warehouse/install/action_tutorials_interfaces/share/action_tutorials_interfaces/package.dsv'
[1.134s] INFO:colcon.colcon_core.shell:Creating package script '/home/sam/AST_Robot_Warehouse/install/action_tutorials_interfaces/share/action_tutorials_interfaces/package.sh'
[1.135s] INFO:colcon.colcon_core.shell:Creating package script '/home/sam/AST_Robot_Warehouse/install/action_tutorials_interfaces/share/action_tutorials_interfaces/package.bash'
[1.136s] INFO:colcon.colcon_core.shell:Creating package script '/home/sam/AST_Robot_Warehouse/install/action_tutorials_interfaces/share/action_tutorials_interfaces/package.zsh'
[1.137s] Level 1:colcon.colcon_core.environment:create_file_with_runtime_dependencies(/home/sam/AST_Robot_Warehouse/install/action_tutorials_interfaces/share/colcon-core/packages/action_tutorials_interfaces)
[1.189s] Level 1:colcon.colcon_core.environment:create_environment_scripts_only(action_tutorials_interfaces)
[1.190s] Level 1:colcon.colcon_core.environment:checking '/home/sam/AST_Robot_Warehouse/install/action_tutorials_interfaces' for CMake module files
[1.190s] Level 1:colcon.colcon_core.environment:checking '/home/sam/AST_Robot_Warehouse/install/action_tutorials_interfaces' for CMake config files
[1.191s] Level 1:colcon.colcon_core.shell:create_environment_hook('action_tutorials_interfaces', 'cmake_prefix_path')
[1.191s] INFO:colcon.colcon_core.shell:Creating environment hook '/home/sam/AST_Robot_Warehouse/install/action_tutorials_interfaces/share/action_tutorials_interfaces/hook/cmake_prefix_path.ps1'
[1.192s] INFO:colcon.colcon_core.shell:Creating environment descriptor '/home/sam/AST_Robot_Warehouse/install/action_tutorials_interfaces/share/action_tutorials_interfaces/hook/cmake_prefix_path.dsv'
[1.192s] INFO:colcon.colcon_core.shell:Creating environment hook '/home/sam/AST_Robot_Warehouse/install/action_tutorials_interfaces/share/action_tutorials_interfaces/hook/cmake_prefix_path.sh'
[1.193s] Level 1:colcon.colcon_core.environment:checking '/home/sam/AST_Robot_Warehouse/install/action_tutorials_interfaces/lib'
[1.193s] Level 1:colcon.colcon_core.shell:create_environment_hook('action_tutorials_interfaces', 'ld_library_path_lib')
[1.194s] INFO:colcon.colcon_core.shell:Creating environment hook '/home/sam/AST_Robot_Warehouse/install/action_tutorials_interfaces/share/action_tutorials_interfaces/hook/ld_library_path_lib.ps1'
[1.195s] INFO:colcon.colcon_core.shell:Creating environment descriptor '/home/sam/AST_Robot_Warehouse/install/action_tutorials_interfaces/share/action_tutorials_interfaces/hook/ld_library_path_lib.dsv'
[1.195s] INFO:colcon.colcon_core.shell:Creating environment hook '/home/sam/AST_Robot_Warehouse/install/action_tutorials_interfaces/share/action_tutorials_interfaces/hook/ld_library_path_lib.sh'
[1.196s] Level 1:colcon.colcon_core.environment:checking '/home/sam/AST_Robot_Warehouse/install/action_tutorials_interfaces/bin'
[1.196s] Level 1:colcon.colcon_core.environment:checking '/home/sam/AST_Robot_Warehouse/install/action_tutorials_interfaces/lib/pkgconfig/action_tutorials_interfaces.pc'
[1.196s] Level 1:colcon.colcon_core.environment:checking '/home/sam/AST_Robot_Warehouse/install/action_tutorials_interfaces/lib/python3.8/site-packages'
[1.196s] Level 1:colcon.colcon_core.shell:create_environment_hook('action_tutorials_interfaces', 'pythonpath')
[1.197s] INFO:colcon.colcon_core.shell:Creating environment hook '/home/sam/AST_Robot_Warehouse/install/action_tutorials_interfaces/share/action_tutorials_interfaces/hook/pythonpath.ps1'
[1.197s] INFO:colcon.colcon_core.shell:Creating environment descriptor '/home/sam/AST_Robot_Warehouse/install/action_tutorials_interfaces/share/action_tutorials_interfaces/hook/pythonpath.dsv'
[1.198s] INFO:colcon.colcon_core.shell:Creating environment hook '/home/sam/AST_Robot_Warehouse/install/action_tutorials_interfaces/share/action_tutorials_interfaces/hook/pythonpath.sh'
[1.199s] INFO:colcon.colcon_core.shell:Creating package script '/home/sam/AST_Robot_Warehouse/install/action_tutorials_interfaces/share/action_tutorials_interfaces/package.ps1'
[1.200s] INFO:colcon.colcon_core.shell:Creating package descriptor '/home/sam/AST_Robot_Warehouse/install/action_tutorials_interfaces/share/action_tutorials_interfaces/package.dsv'
[1.200s] INFO:colcon.colcon_core.shell:Creating package script '/home/sam/AST_Robot_Warehouse/install/action_tutorials_interfaces/share/action_tutorials_interfaces/package.sh'
[1.201s] INFO:colcon.colcon_core.shell:Creating package script '/home/sam/AST_Robot_Warehouse/install/action_tutorials_interfaces/share/action_tutorials_interfaces/package.bash'
[1.201s] INFO:colcon.colcon_core.shell:Creating package script '/home/sam/AST_Robot_Warehouse/install/action_tutorials_interfaces/share/action_tutorials_interfaces/package.zsh'
[1.202s] Level 1:colcon.colcon_core.environment:create_file_with_runtime_dependencies(/home/sam/AST_Robot_Warehouse/install/action_tutorials_interfaces/share/colcon-core/packages/action_tutorials_interfaces)
[1.245s] DEBUG:colcon.colcon_core.event_handler.log_command:Invoking command in '/home/sam/AST_Robot_Warehouse/build/messages_package': CMAKE_PREFIX_PATH=${CMAKE_PREFIX_PATH}:/home/sam/AST_Robot_Warehouse/install/warehouse_robot_package:/home/sam/AST_Robot_Warehouse/install/py_srvcli:/home/sam/AST_Robot_Warehouse/install/py_pubsub:/opt/ros/foxy /usr/bin/cmake --install /home/sam/AST_Robot_Warehouse/build/messages_package
[1.351s] Level 1:colcon.colcon_core.environment:create_environment_scripts_only(messages_package)
[1.353s] Level 1:colcon.colcon_core.environment:checking '/home/sam/AST_Robot_Warehouse/install/messages_package' for CMake module files
[1.355s] Level 1:colcon.colcon_core.environment:checking '/home/sam/AST_Robot_Warehouse/install/messages_package' for CMake config files
[1.356s] Level 1:colcon.colcon_core.shell:create_environment_hook('messages_package', 'cmake_prefix_path')
[1.357s] INFO:colcon.colcon_core.shell:Creating environment hook '/home/sam/AST_Robot_Warehouse/install/messages_package/share/messages_package/hook/cmake_prefix_path.ps1'
[1.359s] INFO:colcon.colcon_core.shell:Creating environment descriptor '/home/sam/AST_Robot_Warehouse/install/messages_package/share/messages_package/hook/cmake_prefix_path.dsv'
[1.360s] INFO:colcon.colcon_core.shell:Creating environment hook '/home/sam/AST_Robot_Warehouse/install/messages_package/share/messages_package/hook/cmake_prefix_path.sh'
[1.362s] Level 1:colcon.colcon_core.environment:checking '/home/sam/AST_Robot_Warehouse/install/messages_package/lib'
[1.362s] Level 1:colcon.colcon_core.shell:create_environment_hook('messages_package', 'ld_library_path_lib')
[1.363s] INFO:colcon.colcon_core.shell:Creating environment hook '/home/sam/AST_Robot_Warehouse/install/messages_package/share/messages_package/hook/ld_library_path_lib.ps1'
[1.364s] INFO:colcon.colcon_core.shell:Creating environment descriptor '/home/sam/AST_Robot_Warehouse/install/messages_package/share/messages_package/hook/ld_library_path_lib.dsv'
[1.367s] INFO:colcon.colcon_core.shell:Creating environment hook '/home/sam/AST_Robot_Warehouse/install/messages_package/share/messages_package/hook/ld_library_path_lib.sh'
[1.367s] Level 1:colcon.colcon_core.environment:checking '/home/sam/AST_Robot_Warehouse/install/messages_package/bin'
[1.367s] Level 1:colcon.colcon_core.environment:checking '/home/sam/AST_Robot_Warehouse/install/messages_package/lib/pkgconfig/messages_package.pc'
[1.368s] Level 1:colcon.colcon_core.environment:checking '/home/sam/AST_Robot_Warehouse/install/messages_package/lib/python3.8/site-packages'
[1.368s] Level 1:colcon.colcon_core.shell:create_environment_hook('messages_package', 'pythonpath')
[1.369s] INFO:colcon.colcon_core.shell:Creating environment hook '/home/sam/AST_Robot_Warehouse/install/messages_package/share/messages_package/hook/pythonpath.ps1'
[1.370s] INFO:colcon.colcon_core.shell:Creating environment descriptor '/home/sam/AST_Robot_Warehouse/install/messages_package/share/messages_package/hook/pythonpath.dsv'
[1.370s] INFO:colcon.colcon_core.shell:Creating environment hook '/home/sam/AST_Robot_Warehouse/install/messages_package/share/messages_package/hook/pythonpath.sh'
[1.372s] INFO:colcon.colcon_core.shell:Creating package script '/home/sam/AST_Robot_Warehouse/install/messages_package/share/messages_package/package.ps1'
[1.374s] INFO:colcon.colcon_core.shell:Creating package descriptor '/home/sam/AST_Robot_Warehouse/install/messages_package/share/messages_package/package.dsv'
[1.376s] INFO:colcon.colcon_core.shell:Creating package script '/home/sam/AST_Robot_Warehouse/install/messages_package/share/messages_package/package.sh'
[1.377s] INFO:colcon.colcon_core.shell:Creating package script '/home/sam/AST_Robot_Warehouse/install/messages_package/share/messages_package/package.bash'
[1.378s] DEBUG:colcon.colcon_core.event_handler.log_command:Invoked command in '/home/sam/AST_Robot_Warehouse/build/messages_package' returned '0': CMAKE_PREFIX_PATH=${CMAKE_PREFIX_PATH}:/home/sam/AST_Robot_Warehouse/install/warehouse_robot_package:/home/sam/AST_Robot_Warehouse/install/py_srvcli:/home/sam/AST_Robot_Warehouse/install/py_pubsub:/opt/ros/foxy /usr/bin/cmake --install /home/sam/AST_Robot_Warehouse/build/messages_package
[1.378s] INFO:colcon.colcon_core.shell:Creating package script '/home/sam/AST_Robot_Warehouse/install/messages_package/share/messages_package/package.zsh'
[1.379s] Level 1:colcon.colcon_core.environment:create_file_with_runtime_dependencies(/home/sam/AST_Robot_Warehouse/install/messages_package/share/colcon-core/packages/messages_package)
[1.402s] Level 1:colcon.colcon_core.environment:checking '/home/sam/AST_Robot_Warehouse/install/py_pubsub' for CMake module files
[1.403s] DEBUG:colcon.colcon_core.event_handler.log_command:Invoked command in '/home/sam/AST_Robot_Warehouse/src/py_pubsub' returned '0': PYTHONPATH=/home/sam/AST_Robot_Warehouse/install/py_pubsub/lib/python3.8/site-packages:${PYTHONPATH} /usr/bin/python3 setup.py egg_info --egg-base ../../build/py_pubsub build --build-base /home/sam/AST_Robot_Warehouse/build/py_pubsub/build install --prefix /home/sam/AST_Robot_Warehouse/install/py_pubsub --record /home/sam/AST_Robot_Warehouse/build/py_pubsub/install.log --single-version-externally-managed
[1.403s] Level 1:colcon.colcon_core.environment:checking '/home/sam/AST_Robot_Warehouse/install/py_pubsub' for CMake config files
[1.404s] Level 1:colcon.colcon_core.environment:checking '/home/sam/AST_Robot_Warehouse/install/py_pubsub/lib'
[1.404s] Level 1:colcon.colcon_core.environment:checking '/home/sam/AST_Robot_Warehouse/install/py_pubsub/bin'
[1.405s] Level 1:colcon.colcon_core.environment:checking '/home/sam/AST_Robot_Warehouse/install/py_pubsub/lib/pkgconfig/py_pubsub.pc'
[1.405s] Level 1:colcon.colcon_core.environment:checking '/home/sam/AST_Robot_Warehouse/install/py_pubsub/lib/python3.8/site-packages'
[1.405s] Level 1:colcon.colcon_core.shell:create_environment_hook('py_pubsub', 'pythonpath')
[1.406s] INFO:colcon.colcon_core.shell:Creating environment hook '/home/sam/AST_Robot_Warehouse/install/py_pubsub/share/py_pubsub/hook/pythonpath.ps1'
[1.407s] INFO:colcon.colcon_core.shell:Creating environment descriptor '/home/sam/AST_Robot_Warehouse/install/py_pubsub/share/py_pubsub/hook/pythonpath.dsv'
[1.407s] INFO:colcon.colcon_core.shell:Creating environment hook '/home/sam/AST_Robot_Warehouse/install/py_pubsub/share/py_pubsub/hook/pythonpath.sh'
[1.408s] Level 1:colcon.colcon_core.environment:create_environment_scripts_only(py_pubsub)
[1.409s] INFO:colcon.colcon_core.shell:Creating package script '/home/sam/AST_Robot_Warehouse/install/py_pubsub/share/py_pubsub/package.ps1'
[1.410s] INFO:colcon.colcon_core.shell:Creating package descriptor '/home/sam/AST_Robot_Warehouse/install/py_pubsub/share/py_pubsub/package.dsv'
[1.411s] INFO:colcon.colcon_core.shell:Creating package script '/home/sam/AST_Robot_Warehouse/install/py_pubsub/share/py_pubsub/package.sh'
[1.411s] INFO:colcon.colcon_core.shell:Creating package script '/home/sam/AST_Robot_Warehouse/install/py_pubsub/share/py_pubsub/package.bash'
[1.412s] INFO:colcon.colcon_core.shell:Creating package script '/home/sam/AST_Robot_Warehouse/install/py_pubsub/share/py_pubsub/package.zsh'
[1.412s] Level 1:colcon.colcon_core.environment:create_file_with_runtime_dependencies(/home/sam/AST_Robot_Warehouse/install/py_pubsub/share/colcon-core/packages/py_pubsub)
[1.416s] Level 1:colcon.colcon_core.environment:checking '/home/sam/AST_Robot_Warehouse/install/py_srvcli' for CMake module files
[1.417s] DEBUG:colcon.colcon_core.event_handler.log_command:Invoked command in '/home/sam/AST_Robot_Warehouse/src/py_srvcli' returned '0': PYTHONPATH=/home/sam/AST_Robot_Warehouse/install/py_srvcli/lib/python3.8/site-packages:${PYTHONPATH} /usr/bin/python3 setup.py egg_info --egg-base ../../build/py_srvcli build --build-base /home/sam/AST_Robot_Warehouse/build/py_srvcli/build install --prefix /home/sam/AST_Robot_Warehouse/install/py_srvcli --record /home/sam/AST_Robot_Warehouse/build/py_srvcli/install.log --single-version-externally-managed
[1.418s] Level 1:colcon.colcon_core.environment:checking '/home/sam/AST_Robot_Warehouse/install/py_srvcli' for CMake config files
[1.418s] Level 1:colcon.colcon_core.environment:checking '/home/sam/AST_Robot_Warehouse/install/py_srvcli/lib'
[1.419s] Level 1:colcon.colcon_core.environment:checking '/home/sam/AST_Robot_Warehouse/install/py_srvcli/bin'
[1.419s] Level 1:colcon.colcon_core.environment:checking '/home/sam/AST_Robot_Warehouse/install/py_srvcli/lib/pkgconfig/py_srvcli.pc'
[1.419s] Level 1:colcon.colcon_core.environment:checking '/home/sam/AST_Robot_Warehouse/install/py_srvcli/lib/python3.8/site-packages'
[1.419s] Level 1:colcon.colcon_core.shell:create_environment_hook('py_srvcli', 'pythonpath')
[1.420s] INFO:colcon.colcon_core.shell:Creating environment hook '/home/sam/AST_Robot_Warehouse/install/py_srvcli/share/py_srvcli/hook/pythonpath.ps1'
[1.421s] INFO:colcon.colcon_core.shell:Creating environment descriptor '/home/sam/AST_Robot_Warehouse/install/py_srvcli/share/py_srvcli/hook/pythonpath.dsv'
[1.421s] INFO:colcon.colcon_core.shell:Creating environment hook '/home/sam/AST_Robot_Warehouse/install/py_srvcli/share/py_srvcli/hook/pythonpath.sh'
[1.422s] Level 1:colcon.colcon_core.environment:create_environment_scripts_only(py_srvcli)
[1.423s] INFO:colcon.colcon_core.shell:Creating package script '/home/sam/AST_Robot_Warehouse/install/py_srvcli/share/py_srvcli/package.ps1'
[1.424s] INFO:colcon.colcon_core.shell:Creating package descriptor '/home/sam/AST_Robot_Warehouse/install/py_srvcli/share/py_srvcli/package.dsv'
[1.425s] INFO:colcon.colcon_core.shell:Creating package script '/home/sam/AST_Robot_Warehouse/install/py_srvcli/share/py_srvcli/package.sh'
[1.426s] INFO:colcon.colcon_core.shell:Creating package script '/home/sam/AST_Robot_Warehouse/install/py_srvcli/share/py_srvcli/package.bash'
[1.426s] INFO:colcon.colcon_core.shell:Creating package script '/home/sam/AST_Robot_Warehouse/install/py_srvcli/share/py_srvcli/package.zsh'
[1.427s] Level 1:colcon.colcon_core.environment:create_file_with_runtime_dependencies(/home/sam/AST_Robot_Warehouse/install/py_srvcli/share/colcon-core/packages/py_srvcli)
[1.647s] Level 1:colcon.colcon_core.environment:create_environment_scripts_only(messages_package)
[1.649s] Level 1:colcon.colcon_core.environment:checking '/home/sam/AST_Robot_Warehouse/install/messages_package' for CMake module files
[1.649s] Level 1:colcon.colcon_core.environment:checking '/home/sam/AST_Robot_Warehouse/install/messages_package' for CMake config files
[1.650s] Level 1:colcon.colcon_core.shell:create_environment_hook('messages_package', 'cmake_prefix_path')
[1.651s] INFO:colcon.colcon_core.shell:Creating environment hook '/home/sam/AST_Robot_Warehouse/install/messages_package/share/messages_package/hook/cmake_prefix_path.ps1'
[1.652s] INFO:colcon.colcon_core.shell:Creating environment descriptor '/home/sam/AST_Robot_Warehouse/install/messages_package/share/messages_package/hook/cmake_prefix_path.dsv'
[1.652s] INFO:colcon.colcon_core.shell:Creating environment hook '/home/sam/AST_Robot_Warehouse/install/messages_package/share/messages_package/hook/cmake_prefix_path.sh'
[1.653s] Level 1:colcon.colcon_core.environment:checking '/home/sam/AST_Robot_Warehouse/install/messages_package/lib'
[1.653s] Level 1:colcon.colcon_core.shell:create_environment_hook('messages_package', 'ld_library_path_lib')
[1.654s] INFO:colcon.colcon_core.shell:Creating environment hook '/home/sam/AST_Robot_Warehouse/install/messages_package/share/messages_package/hook/ld_library_path_lib.ps1'
[1.655s] INFO:colcon.colcon_core.shell:Creating environment descriptor '/home/sam/AST_Robot_Warehouse/install/messages_package/share/messages_package/hook/ld_library_path_lib.dsv'
[1.655s] INFO:colcon.colcon_core.shell:Creating environment hook '/home/sam/AST_Robot_Warehouse/install/messages_package/share/messages_package/hook/ld_library_path_lib.sh'
[1.656s] Level 1:colcon.colcon_core.environment:checking '/home/sam/AST_Robot_Warehouse/install/messages_package/bin'
[1.656s] Level 1:colcon.colcon_core.environment:checking '/home/sam/AST_Robot_Warehouse/install/messages_package/lib/pkgconfig/messages_package.pc'
[1.656s] Level 1:colcon.colcon_core.environment:checking '/home/sam/AST_Robot_Warehouse/install/messages_package/lib/python3.8/site-packages'
[1.656s] Level 1:colcon.colcon_core.shell:create_environment_hook('messages_package', 'pythonpath')
[1.658s] INFO:colcon.colcon_core.shell:Creating environment hook '/home/sam/AST_Robot_Warehouse/install/messages_package/share/messages_package/hook/pythonpath.ps1'
[1.659s] INFO:colcon.colcon_core.shell:Creating environment descriptor '/home/sam/AST_Robot_Warehouse/install/messages_package/share/messages_package/hook/pythonpath.dsv'
[1.660s] INFO:colcon.colcon_core.shell:Creating environment hook '/home/sam/AST_Robot_Warehouse/install/messages_package/share/messages_package/hook/pythonpath.sh'
[1.662s] INFO:colcon.colcon_core.shell:Creating package script '/home/sam/AST_Robot_Warehouse/install/messages_package/share/messages_package/package.ps1'
[1.663s] INFO:colcon.colcon_core.shell:Creating package descriptor '/home/sam/AST_Robot_Warehouse/install/messages_package/share/messages_package/package.dsv'
[1.663s] INFO:colcon.colcon_core.shell:Creating package script '/home/sam/AST_Robot_Warehouse/install/messages_package/share/messages_package/package.sh'
[1.664s] INFO:colcon.colcon_core.shell:Creating package script '/home/sam/AST_Robot_Warehouse/install/messages_package/share/messages_package/package.bash'
[1.664s] INFO:colcon.colcon_core.shell:Creating package script '/home/sam/AST_Robot_Warehouse/install/messages_package/share/messages_package/package.zsh'
[1.665s] Level 1:colcon.colcon_core.environment:create_file_with_runtime_dependencies(/home/sam/AST_Robot_Warehouse/install/messages_package/share/colcon-core/packages/messages_package)
[1.666s] INFO:colcon.colcon_ros.task.ament_python.build:Building ROS package in '/home/sam/AST_Robot_Warehouse/src/warehouse_robot_package' with build type 'ament_python'
[1.666s] Level 1:colcon.colcon_core.shell:create_environment_hook('warehouse_robot_package', 'ament_prefix_path')
[1.667s] INFO:colcon.colcon_core.shell:Creating environment hook '/home/sam/AST_Robot_Warehouse/install/warehouse_robot_package/share/warehouse_robot_package/hook/ament_prefix_path.ps1'
[1.668s] INFO:colcon.colcon_core.shell:Creating environment descriptor '/home/sam/AST_Robot_Warehouse/install/warehouse_robot_package/share/warehouse_robot_package/hook/ament_prefix_path.dsv'
[1.669s] INFO:colcon.colcon_core.shell:Creating environment hook '/home/sam/AST_Robot_Warehouse/install/warehouse_robot_package/share/warehouse_robot_package/hook/ament_prefix_path.sh'
[1.670s] INFO:colcon.colcon_core.shell:Skip shell extension 'powershell' for command environment: Not usable outside of PowerShell
[1.670s] DEBUG:colcon.colcon_core.shell:Skip shell extension 'dsv' for command environment
[1.673s] DEBUG:colcon.colcon_core.shell:Ignoring prefix path '/opt/ros/foxy'
[2.007s] INFO:colcon.colcon_core.task.python.build:Building Python package in '/home/sam/AST_Robot_Warehouse/src/warehouse_robot_package'
[2.008s] INFO:colcon.colcon_core.shell:Skip shell extension 'powershell' for command environment: Not usable outside of PowerShell
[2.008s] DEBUG:colcon.colcon_core.shell:Skip shell extension 'dsv' for command environment
[2.011s] DEBUG:colcon.colcon_core.shell:Ignoring prefix path '/opt/ros/foxy'
[2.025s] DEBUG:colcon.colcon_core.event_handler.log_command:Invoking command in '/home/sam/AST_Robot_Warehouse/src/warehouse_robot_package': CMAKE_PREFIX_PATH=/home/sam/AST_Robot_Warehouse/install/messages_package:/home/sam/AST_Robot_Warehouse/install/turtlesim:/home/sam/AST_Robot_Warehouse/install/my_package:/home/sam/AST_Robot_Warehouse/install/action_tutorials_interfaces LD_LIBRARY_PATH=/home/sam/AST_Robot_Warehouse/install/messages_package/lib:/home/sam/AST_Robot_Warehouse/install/turtlesim/lib:/home/sam/AST_Robot_Warehouse/install/action_tutorials_interfaces/lib:/opt/ros/foxy/opt/yaml_cpp_vendor/lib:/opt/ros/foxy/opt/rviz_ogre_vendor/lib:/opt/ros/foxy/lib/x86_64-linux-gnu:/opt/ros/foxy/lib PYTHONPATH=/home/sam/AST_Robot_Warehouse/install/warehouse_robot_package/lib/python3.8/site-packages:/home/sam/AST_Robot_Warehouse/install/messages_package/lib/python3.8/site-packages:/home/sam/AST_Robot_Warehouse/install/warehouse_robot_package/lib/python3.8/site-packages:/home/sam/AST_Robot_Warehouse/install/turtlesim/lib/python3.8/site-packages:/home/sam/AST_Robot_Warehouse/install/py_srvcli/lib/python3.8/site-packages:/home/sam/AST_Robot_Warehouse/install/py_pubsub/lib/python3.8/site-packages:/home/sam/AST_Robot_Warehouse/install/action_tutorials_interfaces/lib/python3.8/site-packages:/opt/ros/foxy/lib/python3.8/site-packages /usr/bin/python3 setup.py egg_info --egg-base ../../build/warehouse_robot_package build --build-base /home/sam/AST_Robot_Warehouse/build/warehouse_robot_package/build install --prefix /home/sam/AST_Robot_Warehouse/install/warehouse_robot_package --record /home/sam/AST_Robot_Warehouse/build/warehouse_robot_package/install.log --single-version-externally-managed
[2.350s] Level 1:colcon.colcon_core.environment:checking '/home/sam/AST_Robot_Warehouse/install/warehouse_robot_package' for CMake module files
[2.351s] DEBUG:colcon.colcon_core.event_handler.log_command:Invoked command in '/home/sam/AST_Robot_Warehouse/src/warehouse_robot_package' returned '0': CMAKE_PREFIX_PATH=/home/sam/AST_Robot_Warehouse/install/messages_package:/home/sam/AST_Robot_Warehouse/install/turtlesim:/home/sam/AST_Robot_Warehouse/install/my_package:/home/sam/AST_Robot_Warehouse/install/action_tutorials_interfaces LD_LIBRARY_PATH=/home/sam/AST_Robot_Warehouse/install/messages_package/lib:/home/sam/AST_Robot_Warehouse/install/turtlesim/lib:/home/sam/AST_Robot_Warehouse/install/action_tutorials_interfaces/lib:/opt/ros/foxy/opt/yaml_cpp_vendor/lib:/opt/ros/foxy/opt/rviz_ogre_vendor/lib:/opt/ros/foxy/lib/x86_64-linux-gnu:/opt/ros/foxy/lib PYTHONPATH=/home/sam/AST_Robot_Warehouse/install/warehouse_robot_package/lib/python3.8/site-packages:/home/sam/AST_Robot_Warehouse/install/messages_package/lib/python3.8/site-packages:/home/sam/AST_Robot_Warehouse/install/warehouse_robot_package/lib/python3.8/site-packages:/home/sam/AST_Robot_Warehouse/install/turtlesim/lib/python3.8/site-packages:/home/sam/AST_Robot_Warehouse/install/py_srvcli/lib/python3.8/site-packages:/home/sam/AST_Robot_Warehouse/install/py_pubsub/lib/python3.8/site-packages:/home/sam/AST_Robot_Warehouse/install/action_tutorials_interfaces/lib/python3.8/site-packages:/opt/ros/foxy/lib/python3.8/site-packages /usr/bin/python3 setup.py egg_info --egg-base ../../build/warehouse_robot_package build --build-base /home/sam/AST_Robot_Warehouse/build/warehouse_robot_package/build install --prefix /home/sam/AST_Robot_Warehouse/install/warehouse_robot_package --record /home/sam/AST_Robot_Warehouse/build/warehouse_robot_package/install.log --single-version-externally-managed
[2.351s] Level 1:colcon.colcon_core.environment:checking '/home/sam/AST_Robot_Warehouse/install/warehouse_robot_package' for CMake config files
[2.351s] Level 1:colcon.colcon_core.environment:checking '/home/sam/AST_Robot_Warehouse/install/warehouse_robot_package/lib'
[2.352s] Level 1:colcon.colcon_core.environment:checking '/home/sam/AST_Robot_Warehouse/install/warehouse_robot_package/bin'
[2.352s] Level 1:colcon.colcon_core.environment:checking '/home/sam/AST_Robot_Warehouse/install/warehouse_robot_package/lib/pkgconfig/warehouse_robot_package.pc'
[2.352s] Level 1:colcon.colcon_core.environment:checking '/home/sam/AST_Robot_Warehouse/install/warehouse_robot_package/lib/python3.8/site-packages'
[2.352s] Level 1:colcon.colcon_core.shell:create_environment_hook('warehouse_robot_package', 'pythonpath')
[2.352s] INFO:colcon.colcon_core.shell:Creating environment hook '/home/sam/AST_Robot_Warehouse/install/warehouse_robot_package/share/warehouse_robot_package/hook/pythonpath.ps1'
[2.353s] INFO:colcon.colcon_core.shell:Creating environment descriptor '/home/sam/AST_Robot_Warehouse/install/warehouse_robot_package/share/warehouse_robot_package/hook/pythonpath.dsv'
[2.353s] INFO:colcon.colcon_core.shell:Creating environment hook '/home/sam/AST_Robot_Warehouse/install/warehouse_robot_package/share/warehouse_robot_package/hook/pythonpath.sh'
[2.353s] Level 1:colcon.colcon_core.environment:create_environment_scripts_only(warehouse_robot_package)
[2.354s] INFO:colcon.colcon_core.shell:Creating package script '/home/sam/AST_Robot_Warehouse/install/warehouse_robot_package/share/warehouse_robot_package/package.ps1'
[2.354s] INFO:colcon.colcon_core.shell:Creating package descriptor '/home/sam/AST_Robot_Warehouse/install/warehouse_robot_package/share/warehouse_robot_package/package.dsv'
[2.355s] INFO:colcon.colcon_core.shell:Creating package script '/home/sam/AST_Robot_Warehouse/install/warehouse_robot_package/share/warehouse_robot_package/package.sh'
[2.355s] INFO:colcon.colcon_core.shell:Creating package script '/home/sam/AST_Robot_Warehouse/install/warehouse_robot_package/share/warehouse_robot_package/package.bash'
[2.355s] INFO:colcon.colcon_core.shell:Creating package script '/home/sam/AST_Robot_Warehouse/install/warehouse_robot_package/share/warehouse_robot_package/package.zsh'
[2.356s] Level 1:colcon.colcon_core.environment:create_file_with_runtime_dependencies(/home/sam/AST_Robot_Warehouse/install/warehouse_robot_package/share/colcon-core/packages/warehouse_robot_package)
[2.356s] DEBUG:colcon.colcon_parallel_executor.executor.parallel:closing loop
[2.356s] DEBUG:colcon.colcon_parallel_executor.executor.parallel:loop closed
[2.356s] DEBUG:colcon.colcon_parallel_executor.executor.parallel:run_until_complete finished with '0'
[2.356s] DEBUG:colcon.colcon_core.event_reactor:joining thread
[2.362s] INFO:colcon.colcon_core.plugin_system:Skipping extension 'colcon_notification.desktop_notification.terminal_notifier': Not used on non-Darwin systems
[2.363s] INFO:colcon.colcon_core.plugin_system:Skipping extension 'colcon_notification.desktop_notification.win32': Not used on non-Windows systems
[2.363s] INFO:colcon.colcon_notification.desktop_notification:Sending desktop notification using 'notify2'
[2.377s] DEBUG:colcon.colcon_core.event_reactor:joined thread
[2.377s] INFO:colcon.colcon_core.shell:Creating prefix script '/home/sam/AST_Robot_Warehouse/install/local_setup.ps1'
[2.378s] INFO:colcon.colcon_core.shell:Creating prefix util module '/home/sam/AST_Robot_Warehouse/install/_local_setup_util_ps1.py'
[2.379s] INFO:colcon.colcon_core.shell:Creating prefix chain script '/home/sam/AST_Robot_Warehouse/install/setup.ps1'
[2.381s] INFO:colcon.colcon_core.shell:Creating prefix script '/home/sam/AST_Robot_Warehouse/install/local_setup.sh'
[2.382s] INFO:colcon.colcon_core.shell:Creating prefix util module '/home/sam/AST_Robot_Warehouse/install/_local_setup_util_sh.py'
[2.382s] INFO:colcon.colcon_core.shell:Creating prefix chain script '/home/sam/AST_Robot_Warehouse/install/setup.sh'
[2.384s] INFO:colcon.colcon_core.shell:Creating prefix script '/home/sam/AST_Robot_Warehouse/install/local_setup.bash'
[2.385s] INFO:colcon.colcon_core.shell:Creating prefix chain script '/home/sam/AST_Robot_Warehouse/install/setup.bash'
[2.388s] INFO:colcon.colcon_core.shell:Creating prefix script '/home/sam/AST_Robot_Warehouse/install/local_setup.zsh'
[2.388s] INFO:colcon.colcon_core.shell:Creating prefix chain script '/home/sam/AST_Robot_Warehouse/install/setup.zsh'
