[0.574s] Invoking command in '/home/sam/AST_Robot_Warehouse/src/py_pubsub': PYTHONPATH=/home/sam/AST_Robot_Warehouse/install/py_pubsub/lib/python3.8/site-packages:${PYTHONPATH} /usr/bin/python3 setup.py egg_info --egg-base ../../build/py_pubsub build --build-base /home/sam/AST_Robot_Warehouse/build/py_pubsub/build install --prefix /home/sam/AST_Robot_Warehouse/install/py_pubsub --record /home/sam/AST_Robot_Warehouse/build/py_pubsub/install.log --single-version-externally-managed
[0.873s] running egg_info
[0.873s] writing ../../build/py_pubsub/py_pubsub.egg-info/PKG-INFO
[0.873s] writing dependency_links to ../../build/py_pubsub/py_pubsub.egg-info/dependency_links.txt
[0.873s] writing entry points to ../../build/py_pubsub/py_pubsub.egg-info/entry_points.txt
[0.873s] writing requirements to ../../build/py_pubsub/py_pubsub.egg-info/requires.txt
[0.874s] writing top-level names to ../../build/py_pubsub/py_pubsub.egg-info/top_level.txt
[0.908s] reading manifest file '../../build/py_pubsub/py_pubsub.egg-info/SOURCES.txt'
[0.910s] writing manifest file '../../build/py_pubsub/py_pubsub.egg-info/SOURCES.txt'
[0.910s] running build
[0.914s] running build_py
[0.914s] running install
[0.915s] running install_lib
[0.917s] running install_data
[0.918s] running install_egg_info
[0.919s] removing '/home/sam/AST_Robot_Warehouse/install/py_pubsub/lib/python3.8/site-packages/py_pubsub-0.0.0-py3.8.egg-info' (and everything under it)
[0.920s] Copying ../../build/py_pubsub/py_pubsub.egg-info to /home/sam/AST_Robot_Warehouse/install/py_pubsub/lib/python3.8/site-packages/py_pubsub-0.0.0-py3.8.egg-info
[0.921s] running install_scripts
[0.949s] Installing listener script to /home/sam/AST_Robot_Warehouse/install/py_pubsub/lib/py_pubsub
[0.949s] Installing talker script to /home/sam/AST_Robot_Warehouse/install/py_pubsub/lib/py_pubsub
[0.949s] writing list of installed files to '/home/sam/AST_Robot_Warehouse/build/py_pubsub/install.log'
[0.984s] Invoked command in '/home/sam/AST_Robot_Warehouse/src/py_pubsub' returned '0': PYTHONPATH=/home/sam/AST_Robot_Warehouse/install/py_pubsub/lib/python3.8/site-packages:${PYTHONPATH} /usr/bin/python3 setup.py egg_info --egg-base ../../build/py_pubsub build --build-base /home/sam/AST_Robot_Warehouse/build/py_pubsub/build install --prefix /home/sam/AST_Robot_Warehouse/install/py_pubsub --record /home/sam/AST_Robot_Warehouse/build/py_pubsub/install.log --single-version-externally-managed
