[0.216s] Invoking command in '/home/kunal/AST_Robot_Warehouse/src/py_pubsub': PYTHONPATH=/home/kunal/AST_Robot_Warehouse/install/py_pubsub/lib/python3.8/site-packages:${PYTHONPATH} /usr/bin/python3 setup.py egg_info --egg-base ../../build/py_pubsub build --build-base /home/kunal/AST_Robot_Warehouse/build/py_pubsub/build install --prefix /home/kunal/AST_Robot_Warehouse/install/py_pubsub --record /home/kunal/AST_Robot_Warehouse/build/py_pubsub/install.log --single-version-externally-managed
[0.381s] running egg_info
[0.382s] writing ../../build/py_pubsub/py_pubsub.egg-info/PKG-INFO
[0.382s] writing dependency_links to ../../build/py_pubsub/py_pubsub.egg-info/dependency_links.txt
[0.383s] writing entry points to ../../build/py_pubsub/py_pubsub.egg-info/entry_points.txt
[0.384s] writing requirements to ../../build/py_pubsub/py_pubsub.egg-info/requires.txt
[0.384s] writing top-level names to ../../build/py_pubsub/py_pubsub.egg-info/top_level.txt
[0.413s] reading manifest file '../../build/py_pubsub/py_pubsub.egg-info/SOURCES.txt'
[0.413s] writing manifest file '../../build/py_pubsub/py_pubsub.egg-info/SOURCES.txt'
[0.413s] running build
[0.414s] running build_py
[0.414s] running install
[0.414s] running install_lib
[0.416s] running install_data
[0.416s] running install_egg_info
[0.417s] removing '/home/kunal/AST_Robot_Warehouse/install/py_pubsub/lib/python3.8/site-packages/py_pubsub-0.0.0-py3.8.egg-info' (and everything under it)
[0.418s] Copying ../../build/py_pubsub/py_pubsub.egg-info to /home/kunal/AST_Robot_Warehouse/install/py_pubsub/lib/python3.8/site-packages/py_pubsub-0.0.0-py3.8.egg-info
[0.421s] running install_scripts
[0.450s] Installing listener script to /home/kunal/AST_Robot_Warehouse/install/py_pubsub/lib/py_pubsub
[0.450s] Installing talker script to /home/kunal/AST_Robot_Warehouse/install/py_pubsub/lib/py_pubsub
[0.450s] writing list of installed files to '/home/kunal/AST_Robot_Warehouse/build/py_pubsub/install.log'
[0.473s] Invoked command in '/home/kunal/AST_Robot_Warehouse/src/py_pubsub' returned '0': PYTHONPATH=/home/kunal/AST_Robot_Warehouse/install/py_pubsub/lib/python3.8/site-packages:${PYTHONPATH} /usr/bin/python3 setup.py egg_info --egg-base ../../build/py_pubsub build --build-base /home/kunal/AST_Robot_Warehouse/build/py_pubsub/build install --prefix /home/kunal/AST_Robot_Warehouse/install/py_pubsub --record /home/kunal/AST_Robot_Warehouse/build/py_pubsub/install.log --single-version-externally-managed
