[0.031s] Invoking command in '/home/sam/AST_Robot_Warehouse/build/messages_package': CMAKE_PREFIX_PATH=${CMAKE_PREFIX_PATH}:/home/sam/AST_Robot_Warehouse/install/warehouse_robot_package:/home/sam/AST_Robot_Warehouse/install/py_srvcli:/home/sam/AST_Robot_Warehouse/install/py_pubsub:/opt/ros/foxy /usr/bin/cmake --build /home/sam/AST_Robot_Warehouse/build/messages_package -- -j12 -l12
[0.359s] [  1%] Built target messages_package__cpp
[0.360s] [  2%] Built target messages_node
[0.360s] [ 14%] Built target messages_package__rosidl_generator_c
[0.361s] [ 26%] Built target messages_package__rosidl_typesupport_cpp
[0.362s] [ 38%] Built target messages_package__rosidl_typesupport_introspection_cpp
[0.362s] [ 50%] Built target messages_package__rosidl_typesupport_fastrtps_cpp
[0.362s] [ 73%] Built target messages_package__rosidl_typesupport_introspection_c
[0.362s] [ 73%] Built target messages_package__rosidl_typesupport_c
[0.362s] [ 85%] Built target messages_package__rosidl_typesupport_fastrtps_c
[0.362s] [ 85%] Built target messages_package
[0.363s] [ 85%] Built target messages_package__py
[0.363s] [ 96%] Built target messages_package__python
[0.363s] [ 97%] Built target messages_package__rosidl_typesupport_fastrtps_c__pyext
[0.363s] [ 99%] Built target messages_package__rosidl_typesupport_introspection_c__pyext
[0.363s] [100%] Built target messages_package__rosidl_typesupport_c__pyext
[0.611s] Invoked command in '/home/sam/AST_Robot_Warehouse/build/messages_package' returned '0': CMAKE_PREFIX_PATH=${CMAKE_PREFIX_PATH}:/home/sam/AST_Robot_Warehouse/install/warehouse_robot_package:/home/sam/AST_Robot_Warehouse/install/py_srvcli:/home/sam/AST_Robot_Warehouse/install/py_pubsub:/opt/ros/foxy /usr/bin/cmake --build /home/sam/AST_Robot_Warehouse/build/messages_package -- -j12 -l12
[0.875s] Invoking command in '/home/sam/AST_Robot_Warehouse/build/messages_package': CMAKE_PREFIX_PATH=${CMAKE_PREFIX_PATH}:/home/sam/AST_Robot_Warehouse/install/warehouse_robot_package:/home/sam/AST_Robot_Warehouse/install/py_srvcli:/home/sam/AST_Robot_Warehouse/install/py_pubsub:/opt/ros/foxy /usr/bin/cmake --install /home/sam/AST_Robot_Warehouse/build/messages_package
[0.885s] -- Install configuration: ""
[0.885s] -- Up-to-date: /home/sam/AST_Robot_Warehouse/install/messages_package/lib/messages_package/messages_node
[0.885s] -- Up-to-date: /home/sam/AST_Robot_Warehouse/install/messages_package/share/ament_index/resource_index/rosidl_interfaces/messages_package
[0.886s] -- Up-to-date: /home/sam/AST_Robot_Warehouse/install/messages_package/include/messages_package
[0.886s] -- Up-to-date: /home/sam/AST_Robot_Warehouse/install/messages_package/include/messages_package/action
[0.886s] -- Up-to-date: /home/sam/AST_Robot_Warehouse/install/messages_package/include/messages_package/action/move_item.h
[0.886s] -- Up-to-date: /home/sam/AST_Robot_Warehouse/install/messages_package/include/messages_package/action/charge_robot.h
[0.886s] -- Up-to-date: /home/sam/AST_Robot_Warehouse/install/messages_package/include/messages_package/action/detail
[0.887s] -- Up-to-date: /home/sam/AST_Robot_Warehouse/install/messages_package/include/messages_package/action/detail/order__type_support.h
[0.887s] -- Up-to-date: /home/sam/AST_Robot_Warehouse/install/messages_package/include/messages_package/action/detail/charge_robot__struct.h
[0.887s] -- Up-to-date: /home/sam/AST_Robot_Warehouse/install/messages_package/include/messages_package/action/detail/move_item__functions.c
[0.887s] -- Up-to-date: /home/sam/AST_Robot_Warehouse/install/messages_package/include/messages_package/action/detail/order__struct.h
[0.887s] -- Up-to-date: /home/sam/AST_Robot_Warehouse/install/messages_package/include/messages_package/action/detail/move_item__functions.h
[0.887s] -- Up-to-date: /home/sam/AST_Robot_Warehouse/install/messages_package/include/messages_package/action/detail/move_item__struct.h
[0.887s] -- Up-to-date: /home/sam/AST_Robot_Warehouse/install/messages_package/include/messages_package/action/detail/charge_robot__functions.c
[0.887s] -- Up-to-date: /home/sam/AST_Robot_Warehouse/install/messages_package/include/messages_package/action/detail/charge_robot__type_support.h
[0.887s] -- Up-to-date: /home/sam/AST_Robot_Warehouse/install/messages_package/include/messages_package/action/detail/order__functions.h
[0.888s] -- Up-to-date: /home/sam/AST_Robot_Warehouse/install/messages_package/include/messages_package/action/detail/order__functions.c
[0.889s] -- Up-to-date: /home/sam/AST_Robot_Warehouse/install/messages_package/include/messages_package/action/detail/charge_robot__functions.h
[0.889s] -- Up-to-date: /home/sam/AST_Robot_Warehouse/install/messages_package/include/messages_package/action/detail/move_item__type_support.h
[0.889s] -- Up-to-date: /home/sam/AST_Robot_Warehouse/install/messages_package/include/messages_package/action/order.h
[0.890s] -- Up-to-date: /home/sam/AST_Robot_Warehouse/install/messages_package/include/messages_package/srv
[0.890s] -- Up-to-date: /home/sam/AST_Robot_Warehouse/install/messages_package/include/messages_package/srv/put_down_item.h
[0.890s] -- Up-to-date: /home/sam/AST_Robot_Warehouse/install/messages_package/include/messages_package/srv/delivery.h
[0.890s] -- Up-to-date: /home/sam/AST_Robot_Warehouse/install/messages_package/include/messages_package/srv/pick_up_item.h
[0.891s] -- Up-to-date: /home/sam/AST_Robot_Warehouse/install/messages_package/include/messages_package/srv/detail
[0.891s] -- Up-to-date: /home/sam/AST_Robot_Warehouse/install/messages_package/include/messages_package/srv/detail/put_down_item__type_support.h
[0.891s] -- Up-to-date: /home/sam/AST_Robot_Warehouse/install/messages_package/include/messages_package/srv/detail/delivery__functions.h
[0.891s] -- Up-to-date: /home/sam/AST_Robot_Warehouse/install/messages_package/include/messages_package/srv/detail/pick_up_item__functions.h
[0.891s] -- Up-to-date: /home/sam/AST_Robot_Warehouse/install/messages_package/include/messages_package/srv/detail/put_down_item__struct.h
[0.891s] -- Up-to-date: /home/sam/AST_Robot_Warehouse/install/messages_package/include/messages_package/srv/detail/pick_up_item__struct.h
[0.891s] -- Up-to-date: /home/sam/AST_Robot_Warehouse/install/messages_package/include/messages_package/srv/detail/put_down_item__functions.c
[0.892s] -- Up-to-date: /home/sam/AST_Robot_Warehouse/install/messages_package/include/messages_package/srv/detail/pick_up_item__type_support.h
[0.892s] -- Up-to-date: /home/sam/AST_Robot_Warehouse/install/messages_package/include/messages_package/srv/detail/delivery__type_support.h
[0.892s] -- Up-to-date: /home/sam/AST_Robot_Warehouse/install/messages_package/include/messages_package/srv/detail/put_down_item__functions.h
[0.892s] -- Up-to-date: /home/sam/AST_Robot_Warehouse/install/messages_package/include/messages_package/srv/detail/delivery__functions.c
[0.892s] -- Up-to-date: /home/sam/AST_Robot_Warehouse/install/messages_package/include/messages_package/srv/detail/pick_up_item__functions.c
[0.892s] -- Up-to-date: /home/sam/AST_Robot_Warehouse/install/messages_package/include/messages_package/srv/detail/delivery__struct.h
[0.893s] -- Up-to-date: /home/sam/AST_Robot_Warehouse/install/messages_package/include/messages_package/msg
[0.893s] -- Up-to-date: /home/sam/AST_Robot_Warehouse/install/messages_package/include/messages_package/msg/rosidl_generator_c__visibility_control.h
[0.893s] -- Up-to-date: /home/sam/AST_Robot_Warehouse/install/messages_package/include/messages_package/msg/coordinates.h
[0.893s] -- Up-to-date: /home/sam/AST_Robot_Warehouse/install/messages_package/include/messages_package/msg/row.h
[0.893s] -- Up-to-date: /home/sam/AST_Robot_Warehouse/install/messages_package/include/messages_package/msg/map.h
[0.893s] -- Up-to-date: /home/sam/AST_Robot_Warehouse/install/messages_package/include/messages_package/msg/robot_location.h
[0.893s] -- Up-to-date: /home/sam/AST_Robot_Warehouse/install/messages_package/include/messages_package/msg/robot_distance.h
[0.894s] -- Up-to-date: /home/sam/AST_Robot_Warehouse/install/messages_package/include/messages_package/msg/robot_state.h
[0.894s] -- Up-to-date: /home/sam/AST_Robot_Warehouse/install/messages_package/include/messages_package/msg/item.h
[0.894s] -- Up-to-date: /home/sam/AST_Robot_Warehouse/install/messages_package/include/messages_package/msg/delivery.h
[0.894s] -- Up-to-date: /home/sam/AST_Robot_Warehouse/install/messages_package/include/messages_package/msg/detail
[0.894s] -- Up-to-date: /home/sam/AST_Robot_Warehouse/install/messages_package/include/messages_package/msg/detail/robot_distance__functions.c
[0.894s] -- Up-to-date: /home/sam/AST_Robot_Warehouse/install/messages_package/include/messages_package/msg/detail/robot_location__functions.c
[0.894s] -- Up-to-date: /home/sam/AST_Robot_Warehouse/install/messages_package/include/messages_package/msg/detail/delivery__functions.h
[0.894s] -- Up-to-date: /home/sam/AST_Robot_Warehouse/install/messages_package/include/messages_package/msg/detail/coordinates__functions.c
[0.895s] -- Up-to-date: /home/sam/AST_Robot_Warehouse/install/messages_package/include/messages_package/msg/detail/robot_state__functions.h
[0.895s] -- Up-to-date: /home/sam/AST_Robot_Warehouse/install/messages_package/include/messages_package/msg/detail/row__functions.c
[0.895s] -- Up-to-date: /home/sam/AST_Robot_Warehouse/install/messages_package/include/messages_package/msg/detail/robot_location__functions.h
[0.895s] -- Up-to-date: /home/sam/AST_Robot_Warehouse/install/messages_package/include/messages_package/msg/detail/map__functions.h
[0.895s] -- Up-to-date: /home/sam/AST_Robot_Warehouse/install/messages_package/include/messages_package/msg/detail/item__functions.h
[0.896s] -- Up-to-date: /home/sam/AST_Robot_Warehouse/install/messages_package/include/messages_package/msg/detail/map__type_support.h
[0.896s] -- Up-to-date: /home/sam/AST_Robot_Warehouse/install/messages_package/include/messages_package/msg/detail/item__struct.h
[0.897s] -- Up-to-date: /home/sam/AST_Robot_Warehouse/install/messages_package/include/messages_package/msg/detail/delivery__type_support.h
[0.897s] -- Up-to-date: /home/sam/AST_Robot_Warehouse/install/messages_package/include/messages_package/msg/detail/delivery__functions.c
[0.897s] -- Up-to-date: /home/sam/AST_Robot_Warehouse/install/messages_package/include/messages_package/msg/detail/coordinates__type_support.h
[0.897s] -- Up-to-date: /home/sam/AST_Robot_Warehouse/install/messages_package/include/messages_package/msg/detail/robot_state__functions.c
[0.897s] -- Up-to-date: /home/sam/AST_Robot_Warehouse/install/messages_package/include/messages_package/msg/detail/robot_location__type_support.h
[0.898s] -- Up-to-date: /home/sam/AST_Robot_Warehouse/install/messages_package/include/messages_package/msg/detail/map__functions.c
[0.898s] -- Up-to-date: /home/sam/AST_Robot_Warehouse/install/messages_package/include/messages_package/msg/detail/delivery__struct.h
[0.898s] -- Up-to-date: /home/sam/AST_Robot_Warehouse/install/messages_package/include/messages_package/msg/detail/robot_location__struct.h
[0.898s] -- Up-to-date: /home/sam/AST_Robot_Warehouse/install/messages_package/include/messages_package/msg/detail/robot_state__struct.h
[0.898s] -- Up-to-date: /home/sam/AST_Robot_Warehouse/install/messages_package/include/messages_package/msg/detail/robot_distance__type_support.h
[0.898s] -- Up-to-date: /home/sam/AST_Robot_Warehouse/install/messages_package/include/messages_package/msg/detail/row__functions.h
[0.899s] -- Up-to-date: /home/sam/AST_Robot_Warehouse/install/messages_package/include/messages_package/msg/detail/robot_state__type_support.h
[0.899s] -- Up-to-date: /home/sam/AST_Robot_Warehouse/install/messages_package/include/messages_package/msg/detail/coordinates__struct.h
[0.899s] -- Up-to-date: /home/sam/AST_Robot_Warehouse/install/messages_package/include/messages_package/msg/detail/robot_distance__functions.h
[0.899s] -- Up-to-date: /home/sam/AST_Robot_Warehouse/install/messages_package/include/messages_package/msg/detail/item__type_support.h
[0.899s] -- Up-to-date: /home/sam/AST_Robot_Warehouse/install/messages_package/include/messages_package/msg/detail/row__type_support.h
[0.900s] -- Up-to-date: /home/sam/AST_Robot_Warehouse/install/messages_package/include/messages_package/msg/detail/item__functions.c
[0.900s] -- Up-to-date: /home/sam/AST_Robot_Warehouse/install/messages_package/include/messages_package/msg/detail/coordinates__functions.h
[0.900s] -- Up-to-date: /home/sam/AST_Robot_Warehouse/install/messages_package/include/messages_package/msg/detail/row__struct.h
[0.900s] -- Up-to-date: /home/sam/AST_Robot_Warehouse/install/messages_package/include/messages_package/msg/detail/robot_distance__struct.h
[0.900s] -- Up-to-date: /home/sam/AST_Robot_Warehouse/install/messages_package/include/messages_package/msg/detail/map__struct.h
[0.900s] -- Up-to-date: /home/sam/AST_Robot_Warehouse/install/messages_package/share/messages_package/environment/library_path.sh
[0.901s] -- Up-to-date: /home/sam/AST_Robot_Warehouse/install/messages_package/share/messages_package/environment/library_path.dsv
[0.901s] -- Up-to-date: /home/sam/AST_Robot_Warehouse/install/messages_package/lib/libmessages_package__rosidl_generator_c.so
[0.901s] -- Up-to-date: /home/sam/AST_Robot_Warehouse/install/messages_package/include/messages_package
[0.901s] -- Up-to-date: /home/sam/AST_Robot_Warehouse/install/messages_package/include/messages_package/action
[0.901s] -- Up-to-date: /home/sam/AST_Robot_Warehouse/install/messages_package/include/messages_package/action/detail
[0.902s] -- Up-to-date: /home/sam/AST_Robot_Warehouse/install/messages_package/include/messages_package/action/detail/order__rosidl_typesupport_fastrtps_c.h
[0.902s] -- Up-to-date: /home/sam/AST_Robot_Warehouse/install/messages_package/include/messages_package/action/detail/charge_robot__rosidl_typesupport_fastrtps_c.h
[0.902s] -- Up-to-date: /home/sam/AST_Robot_Warehouse/install/messages_package/include/messages_package/action/detail/move_item__rosidl_typesupport_fastrtps_c.h
[0.902s] -- Up-to-date: /home/sam/AST_Robot_Warehouse/install/messages_package/include/messages_package/srv
[0.902s] -- Up-to-date: /home/sam/AST_Robot_Warehouse/install/messages_package/include/messages_package/srv/detail
[0.902s] -- Up-to-date: /home/sam/AST_Robot_Warehouse/install/messages_package/include/messages_package/srv/detail/put_down_item__rosidl_typesupport_fastrtps_c.h
[0.903s] -- Up-to-date: /home/sam/AST_Robot_Warehouse/install/messages_package/include/messages_package/srv/detail/pick_up_item__rosidl_typesupport_fastrtps_c.h
[0.903s] -- Up-to-date: /home/sam/AST_Robot_Warehouse/install/messages_package/include/messages_package/srv/detail/delivery__rosidl_typesupport_fastrtps_c.h
[0.903s] -- Up-to-date: /home/sam/AST_Robot_Warehouse/install/messages_package/include/messages_package/msg
[0.903s] -- Up-to-date: /home/sam/AST_Robot_Warehouse/install/messages_package/include/messages_package/msg/rosidl_typesupport_fastrtps_c__visibility_control.h
[0.903s] -- Up-to-date: /home/sam/AST_Robot_Warehouse/install/messages_package/include/messages_package/msg/detail
[0.903s] -- Up-to-date: /home/sam/AST_Robot_Warehouse/install/messages_package/include/messages_package/msg/detail/robot_distance__rosidl_typesupport_fastrtps_c.h
[0.904s] -- Up-to-date: /home/sam/AST_Robot_Warehouse/install/messages_package/include/messages_package/msg/detail/coordinates__rosidl_typesupport_fastrtps_c.h
[0.904s] -- Up-to-date: /home/sam/AST_Robot_Warehouse/install/messages_package/include/messages_package/msg/detail/robot_location__rosidl_typesupport_fastrtps_c.h
[0.904s] -- Up-to-date: /home/sam/AST_Robot_Warehouse/install/messages_package/include/messages_package/msg/detail/item__rosidl_typesupport_fastrtps_c.h
[0.904s] -- Up-to-date: /home/sam/AST_Robot_Warehouse/install/messages_package/include/messages_package/msg/detail/robot_state__rosidl_typesupport_fastrtps_c.h
[0.904s] -- Up-to-date: /home/sam/AST_Robot_Warehouse/install/messages_package/include/messages_package/msg/detail/delivery__rosidl_typesupport_fastrtps_c.h
[0.904s] -- Up-to-date: /home/sam/AST_Robot_Warehouse/install/messages_package/include/messages_package/msg/detail/row__rosidl_typesupport_fastrtps_c.h
[0.904s] -- Up-to-date: /home/sam/AST_Robot_Warehouse/install/messages_package/include/messages_package/msg/detail/map__rosidl_typesupport_fastrtps_c.h
[0.905s] -- Up-to-date: /home/sam/AST_Robot_Warehouse/install/messages_package/lib/libmessages_package__rosidl_typesupport_fastrtps_c.so
[0.905s] -- Up-to-date: /home/sam/AST_Robot_Warehouse/install/messages_package/include/messages_package
[0.905s] -- Up-to-date: /home/sam/AST_Robot_Warehouse/install/messages_package/include/messages_package/action
[0.905s] -- Up-to-date: /home/sam/AST_Robot_Warehouse/install/messages_package/include/messages_package/action/detail
[0.905s] -- Up-to-date: /home/sam/AST_Robot_Warehouse/install/messages_package/include/messages_package/action/detail/order__rosidl_typesupport_fastrtps_cpp.hpp
[0.905s] -- Up-to-date: /home/sam/AST_Robot_Warehouse/install/messages_package/include/messages_package/action/detail/charge_robot__rosidl_typesupport_fastrtps_cpp.hpp
[0.906s] -- Up-to-date: /home/sam/AST_Robot_Warehouse/install/messages_package/include/messages_package/action/detail/dds_fastrtps
[0.906s] -- Up-to-date: /home/sam/AST_Robot_Warehouse/install/messages_package/include/messages_package/action/detail/move_item__rosidl_typesupport_fastrtps_cpp.hpp
[0.906s] -- Up-to-date: /home/sam/AST_Robot_Warehouse/install/messages_package/include/messages_package/srv
[0.906s] -- Up-to-date: /home/sam/AST_Robot_Warehouse/install/messages_package/include/messages_package/srv/detail
[0.906s] -- Up-to-date: /home/sam/AST_Robot_Warehouse/install/messages_package/include/messages_package/srv/detail/pick_up_item__rosidl_typesupport_fastrtps_cpp.hpp
[0.906s] -- Up-to-date: /home/sam/AST_Robot_Warehouse/install/messages_package/include/messages_package/srv/detail/put_down_item__rosidl_typesupport_fastrtps_cpp.hpp
[0.906s] -- Up-to-date: /home/sam/AST_Robot_Warehouse/install/messages_package/include/messages_package/srv/detail/dds_fastrtps
[0.907s] -- Up-to-date: /home/sam/AST_Robot_Warehouse/install/messages_package/include/messages_package/srv/detail/delivery__rosidl_typesupport_fastrtps_cpp.hpp
[0.907s] -- Up-to-date: /home/sam/AST_Robot_Warehouse/install/messages_package/include/messages_package/msg
[0.907s] -- Up-to-date: /home/sam/AST_Robot_Warehouse/install/messages_package/include/messages_package/msg/rosidl_typesupport_fastrtps_cpp__visibility_control.h
[0.907s] -- Up-to-date: /home/sam/AST_Robot_Warehouse/install/messages_package/include/messages_package/msg/detail
[0.907s] -- Up-to-date: /home/sam/AST_Robot_Warehouse/install/messages_package/include/messages_package/msg/detail/coordinates__rosidl_typesupport_fastrtps_cpp.hpp
[0.907s] -- Up-to-date: /home/sam/AST_Robot_Warehouse/install/messages_package/include/messages_package/msg/detail/map__rosidl_typesupport_fastrtps_cpp.hpp
[0.907s] -- Up-to-date: /home/sam/AST_Robot_Warehouse/install/messages_package/include/messages_package/msg/detail/row__rosidl_typesupport_fastrtps_cpp.hpp
[0.908s] -- Up-to-date: /home/sam/AST_Robot_Warehouse/install/messages_package/include/messages_package/msg/detail/item__rosidl_typesupport_fastrtps_cpp.hpp
[0.908s] -- Up-to-date: /home/sam/AST_Robot_Warehouse/install/messages_package/include/messages_package/msg/detail/dds_fastrtps
[0.908s] -- Up-to-date: /home/sam/AST_Robot_Warehouse/install/messages_package/include/messages_package/msg/detail/robot_distance__rosidl_typesupport_fastrtps_cpp.hpp
[0.908s] -- Up-to-date: /home/sam/AST_Robot_Warehouse/install/messages_package/include/messages_package/msg/detail/delivery__rosidl_typesupport_fastrtps_cpp.hpp
[0.908s] -- Up-to-date: /home/sam/AST_Robot_Warehouse/install/messages_package/include/messages_package/msg/detail/robot_state__rosidl_typesupport_fastrtps_cpp.hpp
[0.909s] -- Up-to-date: /home/sam/AST_Robot_Warehouse/install/messages_package/include/messages_package/msg/detail/robot_location__rosidl_typesupport_fastrtps_cpp.hpp
[0.909s] -- Up-to-date: /home/sam/AST_Robot_Warehouse/install/messages_package/lib/libmessages_package__rosidl_typesupport_fastrtps_cpp.so
[0.909s] -- Up-to-date: /home/sam/AST_Robot_Warehouse/install/messages_package/include/messages_package
[0.909s] -- Up-to-date: /home/sam/AST_Robot_Warehouse/install/messages_package/include/messages_package/action
[0.909s] -- Up-to-date: /home/sam/AST_Robot_Warehouse/install/messages_package/include/messages_package/action/detail
[0.909s] -- Up-to-date: /home/sam/AST_Robot_Warehouse/install/messages_package/include/messages_package/action/detail/charge_robot__rosidl_typesupport_introspection_c.h
[0.909s] -- Up-to-date: /home/sam/AST_Robot_Warehouse/install/messages_package/include/messages_package/action/detail/charge_robot__type_support.c
[0.910s] -- Up-to-date: /home/sam/AST_Robot_Warehouse/install/messages_package/include/messages_package/action/detail/move_item__type_support.c
[0.910s] -- Up-to-date: /home/sam/AST_Robot_Warehouse/install/messages_package/include/messages_package/action/detail/move_item__rosidl_typesupport_introspection_c.h
[0.910s] -- Up-to-date: /home/sam/AST_Robot_Warehouse/install/messages_package/include/messages_package/action/detail/order__rosidl_typesupport_introspection_c.h
[0.910s] -- Up-to-date: /home/sam/AST_Robot_Warehouse/install/messages_package/include/messages_package/action/detail/order__type_support.c
[0.910s] -- Up-to-date: /home/sam/AST_Robot_Warehouse/install/messages_package/include/messages_package/srv
[0.910s] -- Up-to-date: /home/sam/AST_Robot_Warehouse/install/messages_package/include/messages_package/srv/detail
[0.910s] -- Up-to-date: /home/sam/AST_Robot_Warehouse/install/messages_package/include/messages_package/srv/detail/delivery__rosidl_typesupport_introspection_c.h
[0.911s] -- Up-to-date: /home/sam/AST_Robot_Warehouse/install/messages_package/include/messages_package/srv/detail/delivery__type_support.c
[0.911s] -- Up-to-date: /home/sam/AST_Robot_Warehouse/install/messages_package/include/messages_package/srv/detail/pick_up_item__rosidl_typesupport_introspection_c.h
[0.911s] -- Up-to-date: /home/sam/AST_Robot_Warehouse/install/messages_package/include/messages_package/srv/detail/pick_up_item__type_support.c
[0.911s] -- Up-to-date: /home/sam/AST_Robot_Warehouse/install/messages_package/include/messages_package/srv/detail/put_down_item__rosidl_typesupport_introspection_c.h
[0.911s] -- Up-to-date: /home/sam/AST_Robot_Warehouse/install/messages_package/include/messages_package/srv/detail/put_down_item__type_support.c
[0.911s] -- Up-to-date: /home/sam/AST_Robot_Warehouse/install/messages_package/include/messages_package/msg
[0.912s] -- Up-to-date: /home/sam/AST_Robot_Warehouse/install/messages_package/include/messages_package/msg/rosidl_typesupport_introspection_c__visibility_control.h
[0.912s] -- Up-to-date: /home/sam/AST_Robot_Warehouse/install/messages_package/include/messages_package/msg/detail
[0.912s] -- Up-to-date: /home/sam/AST_Robot_Warehouse/install/messages_package/include/messages_package/msg/detail/map__rosidl_typesupport_introspection_c.h
[0.912s] -- Up-to-date: /home/sam/AST_Robot_Warehouse/install/messages_package/include/messages_package/msg/detail/robot_distance__rosidl_typesupport_introspection_c.h
[0.912s] -- Up-to-date: /home/sam/AST_Robot_Warehouse/install/messages_package/include/messages_package/msg/detail/coordinates__rosidl_typesupport_introspection_c.h
[0.912s] -- Up-to-date: /home/sam/AST_Robot_Warehouse/install/messages_package/include/messages_package/msg/detail/robot_distance__type_support.c
[0.913s] -- Up-to-date: /home/sam/AST_Robot_Warehouse/install/messages_package/include/messages_package/msg/detail/delivery__rosidl_typesupport_introspection_c.h
[0.913s] -- Up-to-date: /home/sam/AST_Robot_Warehouse/install/messages_package/include/messages_package/msg/detail/delivery__type_support.c
[0.913s] -- Up-to-date: /home/sam/AST_Robot_Warehouse/install/messages_package/include/messages_package/msg/detail/item__type_support.c
[0.913s] -- Up-to-date: /home/sam/AST_Robot_Warehouse/install/messages_package/include/messages_package/msg/detail/robot_state__type_support.c
[0.913s] -- Up-to-date: /home/sam/AST_Robot_Warehouse/install/messages_package/include/messages_package/msg/detail/robot_location__rosidl_typesupport_introspection_c.h
[0.913s] -- Up-to-date: /home/sam/AST_Robot_Warehouse/install/messages_package/include/messages_package/msg/detail/robot_state__rosidl_typesupport_introspection_c.h
[0.914s] -- Up-to-date: /home/sam/AST_Robot_Warehouse/install/messages_package/include/messages_package/msg/detail/coordinates__type_support.c
[0.914s] -- Up-to-date: /home/sam/AST_Robot_Warehouse/install/messages_package/include/messages_package/msg/detail/row__rosidl_typesupport_introspection_c.h
[0.914s] -- Up-to-date: /home/sam/AST_Robot_Warehouse/install/messages_package/include/messages_package/msg/detail/item__rosidl_typesupport_introspection_c.h
[0.914s] -- Up-to-date: /home/sam/AST_Robot_Warehouse/install/messages_package/include/messages_package/msg/detail/map__type_support.c
[0.914s] -- Up-to-date: /home/sam/AST_Robot_Warehouse/install/messages_package/include/messages_package/msg/detail/robot_location__type_support.c
[0.914s] -- Up-to-date: /home/sam/AST_Robot_Warehouse/install/messages_package/include/messages_package/msg/detail/row__type_support.c
[0.914s] -- Up-to-date: /home/sam/AST_Robot_Warehouse/install/messages_package/lib/libmessages_package__rosidl_typesupport_introspection_c.so
[0.915s] -- Up-to-date: /home/sam/AST_Robot_Warehouse/install/messages_package/lib/libmessages_package__rosidl_typesupport_c.so
[0.915s] -- Up-to-date: /home/sam/AST_Robot_Warehouse/install/messages_package/include/messages_package
[0.915s] -- Up-to-date: /home/sam/AST_Robot_Warehouse/install/messages_package/include/messages_package/action
[0.915s] -- Up-to-date: /home/sam/AST_Robot_Warehouse/install/messages_package/include/messages_package/action/charge_robot.hpp
[0.915s] -- Up-to-date: /home/sam/AST_Robot_Warehouse/install/messages_package/include/messages_package/action/order.hpp
[0.915s] -- Up-to-date: /home/sam/AST_Robot_Warehouse/install/messages_package/include/messages_package/action/move_item.hpp
[0.915s] -- Up-to-date: /home/sam/AST_Robot_Warehouse/install/messages_package/include/messages_package/action/detail
[0.916s] -- Up-to-date: /home/sam/AST_Robot_Warehouse/install/messages_package/include/messages_package/action/detail/order__struct.hpp
[0.916s] -- Up-to-date: /home/sam/AST_Robot_Warehouse/install/messages_package/include/messages_package/action/detail/charge_robot__struct.hpp
[0.916s] -- Up-to-date: /home/sam/AST_Robot_Warehouse/install/messages_package/include/messages_package/action/detail/charge_robot__builder.hpp
[0.916s] -- Up-to-date: /home/sam/AST_Robot_Warehouse/install/messages_package/include/messages_package/action/detail/charge_robot__traits.hpp
[0.916s] -- Up-to-date: /home/sam/AST_Robot_Warehouse/install/messages_package/include/messages_package/action/detail/move_item__traits.hpp
[0.916s] -- Up-to-date: /home/sam/AST_Robot_Warehouse/install/messages_package/include/messages_package/action/detail/order__traits.hpp
[0.916s] -- Up-to-date: /home/sam/AST_Robot_Warehouse/install/messages_package/include/messages_package/action/detail/move_item__builder.hpp
[0.917s] -- Up-to-date: /home/sam/AST_Robot_Warehouse/install/messages_package/include/messages_package/action/detail/move_item__struct.hpp
[0.917s] -- Up-to-date: /home/sam/AST_Robot_Warehouse/install/messages_package/include/messages_package/action/detail/order__builder.hpp
[0.917s] -- Up-to-date: /home/sam/AST_Robot_Warehouse/install/messages_package/include/messages_package/srv
[0.917s] -- Up-to-date: /home/sam/AST_Robot_Warehouse/install/messages_package/include/messages_package/srv/pick_up_item.hpp
[0.917s] -- Up-to-date: /home/sam/AST_Robot_Warehouse/install/messages_package/include/messages_package/srv/delivery.hpp
[0.917s] -- Up-to-date: /home/sam/AST_Robot_Warehouse/install/messages_package/include/messages_package/srv/detail
[0.917s] -- Up-to-date: /home/sam/AST_Robot_Warehouse/install/messages_package/include/messages_package/srv/detail/pick_up_item__traits.hpp
[0.918s] -- Up-to-date: /home/sam/AST_Robot_Warehouse/install/messages_package/include/messages_package/srv/detail/delivery__struct.hpp
[0.918s] -- Up-to-date: /home/sam/AST_Robot_Warehouse/install/messages_package/include/messages_package/srv/detail/delivery__builder.hpp
[0.918s] -- Up-to-date: /home/sam/AST_Robot_Warehouse/install/messages_package/include/messages_package/srv/detail/pick_up_item__builder.hpp
[0.918s] -- Up-to-date: /home/sam/AST_Robot_Warehouse/install/messages_package/include/messages_package/srv/detail/put_down_item__traits.hpp
[0.918s] -- Up-to-date: /home/sam/AST_Robot_Warehouse/install/messages_package/include/messages_package/srv/detail/put_down_item__builder.hpp
[0.918s] -- Up-to-date: /home/sam/AST_Robot_Warehouse/install/messages_package/include/messages_package/srv/detail/delivery__traits.hpp
[0.919s] -- Up-to-date: /home/sam/AST_Robot_Warehouse/install/messages_package/include/messages_package/srv/detail/put_down_item__struct.hpp
[0.919s] -- Up-to-date: /home/sam/AST_Robot_Warehouse/install/messages_package/include/messages_package/srv/detail/pick_up_item__struct.hpp
[0.919s] -- Up-to-date: /home/sam/AST_Robot_Warehouse/install/messages_package/include/messages_package/srv/put_down_item.hpp
[0.919s] -- Up-to-date: /home/sam/AST_Robot_Warehouse/install/messages_package/include/messages_package/msg
[0.919s] -- Up-to-date: /home/sam/AST_Robot_Warehouse/install/messages_package/include/messages_package/msg/robot_location.hpp
[0.919s] -- Up-to-date: /home/sam/AST_Robot_Warehouse/install/messages_package/include/messages_package/msg/map.hpp
[0.919s] -- Up-to-date: /home/sam/AST_Robot_Warehouse/install/messages_package/include/messages_package/msg/item.hpp
[0.920s] -- Up-to-date: /home/sam/AST_Robot_Warehouse/install/messages_package/include/messages_package/msg/delivery.hpp
[0.920s] -- Up-to-date: /home/sam/AST_Robot_Warehouse/install/messages_package/include/messages_package/msg/robot_distance.hpp
[0.920s] -- Up-to-date: /home/sam/AST_Robot_Warehouse/install/messages_package/include/messages_package/msg/coordinates.hpp
[0.920s] -- Up-to-date: /home/sam/AST_Robot_Warehouse/install/messages_package/include/messages_package/msg/detail
[0.920s] -- Up-to-date: /home/sam/AST_Robot_Warehouse/install/messages_package/include/messages_package/msg/detail/item__traits.hpp
[0.920s] -- Up-to-date: /home/sam/AST_Robot_Warehouse/install/messages_package/include/messages_package/msg/detail/robot_state__struct.hpp
[0.920s] -- Up-to-date: /home/sam/AST_Robot_Warehouse/install/messages_package/include/messages_package/msg/detail/item__builder.hpp
[0.921s] -- Up-to-date: /home/sam/AST_Robot_Warehouse/install/messages_package/include/messages_package/msg/detail/coordinates__builder.hpp
[0.921s] -- Up-to-date: /home/sam/AST_Robot_Warehouse/install/messages_package/include/messages_package/msg/detail/row__traits.hpp
[0.921s] -- Up-to-date: /home/sam/AST_Robot_Warehouse/install/messages_package/include/messages_package/msg/detail/delivery__struct.hpp
[0.921s] -- Up-to-date: /home/sam/AST_Robot_Warehouse/install/messages_package/include/messages_package/msg/detail/robot_distance__struct.hpp
[0.921s] -- Up-to-date: /home/sam/AST_Robot_Warehouse/install/messages_package/include/messages_package/msg/detail/row__builder.hpp
[0.921s] -- Up-to-date: /home/sam/AST_Robot_Warehouse/install/messages_package/include/messages_package/msg/detail/robot_state__traits.hpp
[0.921s] -- Up-to-date: /home/sam/AST_Robot_Warehouse/install/messages_package/include/messages_package/msg/detail/map__traits.hpp
[0.922s] -- Up-to-date: /home/sam/AST_Robot_Warehouse/install/messages_package/include/messages_package/msg/detail/robot_location__traits.hpp
[0.922s] -- Up-to-date: /home/sam/AST_Robot_Warehouse/install/messages_package/include/messages_package/msg/detail/delivery__builder.hpp
[0.922s] -- Up-to-date: /home/sam/AST_Robot_Warehouse/install/messages_package/include/messages_package/msg/detail/map__struct.hpp
[0.922s] -- Up-to-date: /home/sam/AST_Robot_Warehouse/install/messages_package/include/messages_package/msg/detail/coordinates__struct.hpp
[0.922s] -- Up-to-date: /home/sam/AST_Robot_Warehouse/install/messages_package/include/messages_package/msg/detail/row__struct.hpp
[0.922s] -- Up-to-date: /home/sam/AST_Robot_Warehouse/install/messages_package/include/messages_package/msg/detail/coordinates__traits.hpp
[0.922s] -- Up-to-date: /home/sam/AST_Robot_Warehouse/install/messages_package/include/messages_package/msg/detail/robot_location__struct.hpp
[0.923s] -- Up-to-date: /home/sam/AST_Robot_Warehouse/install/messages_package/include/messages_package/msg/detail/robot_distance__traits.hpp
[0.923s] -- Up-to-date: /home/sam/AST_Robot_Warehouse/install/messages_package/include/messages_package/msg/detail/robot_state__builder.hpp
[0.923s] -- Up-to-date: /home/sam/AST_Robot_Warehouse/install/messages_package/include/messages_package/msg/detail/item__struct.hpp
[0.923s] -- Up-to-date: /home/sam/AST_Robot_Warehouse/install/messages_package/include/messages_package/msg/detail/delivery__traits.hpp
[0.923s] -- Up-to-date: /home/sam/AST_Robot_Warehouse/install/messages_package/include/messages_package/msg/detail/robot_distance__builder.hpp
[0.923s] -- Up-to-date: /home/sam/AST_Robot_Warehouse/install/messages_package/include/messages_package/msg/detail/map__builder.hpp
[0.923s] -- Up-to-date: /home/sam/AST_Robot_Warehouse/install/messages_package/include/messages_package/msg/detail/robot_location__builder.hpp
[0.923s] -- Up-to-date: /home/sam/AST_Robot_Warehouse/install/messages_package/include/messages_package/msg/row.hpp
[0.924s] -- Up-to-date: /home/sam/AST_Robot_Warehouse/install/messages_package/include/messages_package/msg/robot_state.hpp
[0.924s] -- Up-to-date: /home/sam/AST_Robot_Warehouse/install/messages_package/include/messages_package
[0.924s] -- Up-to-date: /home/sam/AST_Robot_Warehouse/install/messages_package/include/messages_package/action
[0.924s] -- Up-to-date: /home/sam/AST_Robot_Warehouse/install/messages_package/include/messages_package/action/detail
[0.924s] -- Up-to-date: /home/sam/AST_Robot_Warehouse/install/messages_package/include/messages_package/action/detail/order__rosidl_typesupport_introspection_cpp.hpp
[0.924s] -- Up-to-date: /home/sam/AST_Robot_Warehouse/install/messages_package/include/messages_package/action/detail/charge_robot__rosidl_typesupport_introspection_cpp.hpp
[0.924s] -- Up-to-date: /home/sam/AST_Robot_Warehouse/install/messages_package/include/messages_package/action/detail/charge_robot__type_support.cpp
[0.924s] -- Up-to-date: /home/sam/AST_Robot_Warehouse/install/messages_package/include/messages_package/action/detail/move_item__rosidl_typesupport_introspection_cpp.hpp
[0.925s] -- Up-to-date: /home/sam/AST_Robot_Warehouse/install/messages_package/include/messages_package/action/detail/order__type_support.cpp
[0.925s] -- Up-to-date: /home/sam/AST_Robot_Warehouse/install/messages_package/include/messages_package/action/detail/move_item__type_support.cpp
[0.925s] -- Up-to-date: /home/sam/AST_Robot_Warehouse/install/messages_package/include/messages_package/srv
[0.925s] -- Up-to-date: /home/sam/AST_Robot_Warehouse/install/messages_package/include/messages_package/srv/detail
[0.925s] -- Up-to-date: /home/sam/AST_Robot_Warehouse/install/messages_package/include/messages_package/srv/detail/put_down_item__rosidl_typesupport_introspection_cpp.hpp
[0.926s] -- Up-to-date: /home/sam/AST_Robot_Warehouse/install/messages_package/include/messages_package/srv/detail/delivery__type_support.cpp
[0.926s] -- Up-to-date: /home/sam/AST_Robot_Warehouse/install/messages_package/include/messages_package/srv/detail/pick_up_item__rosidl_typesupport_introspection_cpp.hpp
[0.926s] -- Up-to-date: /home/sam/AST_Robot_Warehouse/install/messages_package/include/messages_package/srv/detail/pick_up_item__type_support.cpp
[0.926s] -- Up-to-date: /home/sam/AST_Robot_Warehouse/install/messages_package/include/messages_package/srv/detail/put_down_item__type_support.cpp
[0.926s] -- Up-to-date: /home/sam/AST_Robot_Warehouse/install/messages_package/include/messages_package/srv/detail/delivery__rosidl_typesupport_introspection_cpp.hpp
[0.926s] -- Up-to-date: /home/sam/AST_Robot_Warehouse/install/messages_package/include/messages_package/msg
[0.926s] -- Up-to-date: /home/sam/AST_Robot_Warehouse/install/messages_package/include/messages_package/msg/detail
[0.927s] -- Up-to-date: /home/sam/AST_Robot_Warehouse/install/messages_package/include/messages_package/msg/detail/robot_state__type_support.cpp
[0.927s] -- Up-to-date: /home/sam/AST_Robot_Warehouse/install/messages_package/include/messages_package/msg/detail/coordinates__type_support.cpp
[0.927s] -- Up-to-date: /home/sam/AST_Robot_Warehouse/install/messages_package/include/messages_package/msg/detail/row__rosidl_typesupport_introspection_cpp.hpp
[0.927s] -- Up-to-date: /home/sam/AST_Robot_Warehouse/install/messages_package/include/messages_package/msg/detail/robot_distance__rosidl_typesupport_introspection_cpp.hpp
[0.927s] -- Up-to-date: /home/sam/AST_Robot_Warehouse/install/messages_package/include/messages_package/msg/detail/robot_distance__type_support.cpp
[0.927s] -- Up-to-date: /home/sam/AST_Robot_Warehouse/install/messages_package/include/messages_package/msg/detail/delivery__type_support.cpp
[0.927s] -- Up-to-date: /home/sam/AST_Robot_Warehouse/install/messages_package/include/messages_package/msg/detail/map__type_support.cpp
[0.927s] -- Up-to-date: /home/sam/AST_Robot_Warehouse/install/messages_package/include/messages_package/msg/detail/coordinates__rosidl_typesupport_introspection_cpp.hpp
[0.928s] -- Up-to-date: /home/sam/AST_Robot_Warehouse/install/messages_package/include/messages_package/msg/detail/row__type_support.cpp
[0.928s] -- Up-to-date: /home/sam/AST_Robot_Warehouse/install/messages_package/include/messages_package/msg/detail/robot_state__rosidl_typesupport_introspection_cpp.hpp
[0.928s] -- Up-to-date: /home/sam/AST_Robot_Warehouse/install/messages_package/include/messages_package/msg/detail/item__rosidl_typesupport_introspection_cpp.hpp
[0.928s] -- Up-to-date: /home/sam/AST_Robot_Warehouse/install/messages_package/include/messages_package/msg/detail/robot_location__rosidl_typesupport_introspection_cpp.hpp
[0.928s] -- Up-to-date: /home/sam/AST_Robot_Warehouse/install/messages_package/include/messages_package/msg/detail/robot_location__type_support.cpp
[0.928s] -- Up-to-date: /home/sam/AST_Robot_Warehouse/install/messages_package/include/messages_package/msg/detail/item__type_support.cpp
[0.929s] -- Up-to-date: /home/sam/AST_Robot_Warehouse/install/messages_package/include/messages_package/msg/detail/delivery__rosidl_typesupport_introspection_cpp.hpp
[0.929s] -- Up-to-date: /home/sam/AST_Robot_Warehouse/install/messages_package/include/messages_package/msg/detail/map__rosidl_typesupport_introspection_cpp.hpp
[0.929s] -- Up-to-date: /home/sam/AST_Robot_Warehouse/install/messages_package/lib/libmessages_package__rosidl_typesupport_introspection_cpp.so
[0.929s] -- Up-to-date: /home/sam/AST_Robot_Warehouse/install/messages_package/lib/libmessages_package__rosidl_typesupport_cpp.so
[0.929s] -- Up-to-date: /home/sam/AST_Robot_Warehouse/install/messages_package/share/messages_package/environment/pythonpath.sh
[0.929s] -- Up-to-date: /home/sam/AST_Robot_Warehouse/install/messages_package/share/messages_package/environment/pythonpath.dsv
[0.930s] -- Up-to-date: /home/sam/AST_Robot_Warehouse/install/messages_package/lib/python3.8/site-packages/messages_package/__init__.py
[0.951s] -- Up-to-date: /home/sam/AST_Robot_Warehouse/install/messages_package/lib/python3.8/site-packages/messages_package/msg
[0.951s] -- Up-to-date: /home/sam/AST_Robot_Warehouse/install/messages_package/lib/python3.8/site-packages/messages_package/msg/__init__.py
[0.952s] -- Up-to-date: /home/sam/AST_Robot_Warehouse/install/messages_package/lib/python3.8/site-packages/messages_package/msg/_robot_location_s.c
[0.952s] -- Up-to-date: /home/sam/AST_Robot_Warehouse/install/messages_package/lib/python3.8/site-packages/messages_package/msg/_row.py
[0.952s] -- Up-to-date: /home/sam/AST_Robot_Warehouse/install/messages_package/lib/python3.8/site-packages/messages_package/msg/_coordinates.py
[0.952s] -- Up-to-date: /home/sam/AST_Robot_Warehouse/install/messages_package/lib/python3.8/site-packages/messages_package/msg/_coordinates_s.c
[0.952s] -- Up-to-date: /home/sam/AST_Robot_Warehouse/install/messages_package/lib/python3.8/site-packages/messages_package/msg/_row_s.c
[0.953s] -- Up-to-date: /home/sam/AST_Robot_Warehouse/install/messages_package/lib/python3.8/site-packages/messages_package/msg/_robot_distance_s.c
[0.953s] -- Up-to-date: /home/sam/AST_Robot_Warehouse/install/messages_package/lib/python3.8/site-packages/messages_package/msg/_robot_state_s.c
[0.953s] -- Up-to-date: /home/sam/AST_Robot_Warehouse/install/messages_package/lib/python3.8/site-packages/messages_package/msg/_item.py
[0.953s] -- Up-to-date: /home/sam/AST_Robot_Warehouse/install/messages_package/lib/python3.8/site-packages/messages_package/msg/_robot_distance.py
[0.953s] -- Up-to-date: /home/sam/AST_Robot_Warehouse/install/messages_package/lib/python3.8/site-packages/messages_package/msg/_delivery.py
[0.954s] -- Up-to-date: /home/sam/AST_Robot_Warehouse/install/messages_package/lib/python3.8/site-packages/messages_package/msg/_robot_location.py
[0.954s] -- Up-to-date: /home/sam/AST_Robot_Warehouse/install/messages_package/lib/python3.8/site-packages/messages_package/msg/_item_s.c
[0.954s] -- Up-to-date: /home/sam/AST_Robot_Warehouse/install/messages_package/lib/python3.8/site-packages/messages_package/msg/_map_s.c
[0.954s] -- Up-to-date: /home/sam/AST_Robot_Warehouse/install/messages_package/lib/python3.8/site-packages/messages_package/msg/_robot_state.py
[0.954s] -- Up-to-date: /home/sam/AST_Robot_Warehouse/install/messages_package/lib/python3.8/site-packages/messages_package/msg/_delivery_s.c
[0.954s] -- Up-to-date: /home/sam/AST_Robot_Warehouse/install/messages_package/lib/python3.8/site-packages/messages_package/msg/_map.py
[0.955s] -- Up-to-date: /home/sam/AST_Robot_Warehouse/install/messages_package/lib/python3.8/site-packages/messages_package/srv
[0.955s] -- Up-to-date: /home/sam/AST_Robot_Warehouse/install/messages_package/lib/python3.8/site-packages/messages_package/srv/__init__.py
[0.955s] -- Up-to-date: /home/sam/AST_Robot_Warehouse/install/messages_package/lib/python3.8/site-packages/messages_package/srv/_put_down_item_s.c
[0.955s] -- Up-to-date: /home/sam/AST_Robot_Warehouse/install/messages_package/lib/python3.8/site-packages/messages_package/srv/_delivery.py
[0.955s] -- Up-to-date: /home/sam/AST_Robot_Warehouse/install/messages_package/lib/python3.8/site-packages/messages_package/srv/_put_down_item.py
[0.955s] -- Up-to-date: /home/sam/AST_Robot_Warehouse/install/messages_package/lib/python3.8/site-packages/messages_package/srv/_pick_up_item.py
[0.956s] -- Up-to-date: /home/sam/AST_Robot_Warehouse/install/messages_package/lib/python3.8/site-packages/messages_package/srv/_pick_up_item_s.c
[0.956s] -- Up-to-date: /home/sam/AST_Robot_Warehouse/install/messages_package/lib/python3.8/site-packages/messages_package/srv/_delivery_s.c
[0.956s] -- Up-to-date: /home/sam/AST_Robot_Warehouse/install/messages_package/lib/python3.8/site-packages/messages_package/action
[0.956s] -- Up-to-date: /home/sam/AST_Robot_Warehouse/install/messages_package/lib/python3.8/site-packages/messages_package/action/__init__.py
[0.957s] -- Up-to-date: /home/sam/AST_Robot_Warehouse/install/messages_package/lib/python3.8/site-packages/messages_package/action/_order_s.c
[0.957s] -- Up-to-date: /home/sam/AST_Robot_Warehouse/install/messages_package/lib/python3.8/site-packages/messages_package/action/_charge_robot_s.c
[0.957s] -- Up-to-date: /home/sam/AST_Robot_Warehouse/install/messages_package/lib/python3.8/site-packages/messages_package/action/_move_item.py
[0.958s] -- Up-to-date: /home/sam/AST_Robot_Warehouse/install/messages_package/lib/python3.8/site-packages/messages_package/action/_move_item_s.c
[0.958s] -- Up-to-date: /home/sam/AST_Robot_Warehouse/install/messages_package/lib/python3.8/site-packages/messages_package/action/_order.py
[0.958s] -- Up-to-date: /home/sam/AST_Robot_Warehouse/install/messages_package/lib/python3.8/site-packages/messages_package/action/_charge_robot.py
[0.958s] -- Up-to-date: /home/sam/AST_Robot_Warehouse/install/messages_package/lib/python3.8/site-packages/messages_package/messages_package_s__rosidl_typesupport_fastrtps_c.cpython-38-x86_64-linux-gnu.so
[0.958s] -- Up-to-date: /home/sam/AST_Robot_Warehouse/install/messages_package/lib/python3.8/site-packages/messages_package/messages_package_s__rosidl_typesupport_introspection_c.cpython-38-x86_64-linux-gnu.so
[0.959s] -- Up-to-date: /home/sam/AST_Robot_Warehouse/install/messages_package/lib/python3.8/site-packages/messages_package/messages_package_s__rosidl_typesupport_c.cpython-38-x86_64-linux-gnu.so
[0.959s] -- Up-to-date: /home/sam/AST_Robot_Warehouse/install/messages_package/lib/libmessages_package__python.so
[0.959s] -- Up-to-date: /home/sam/AST_Robot_Warehouse/install/messages_package/share/messages_package/msg/Coordinates.idl
[0.959s] -- Up-to-date: /home/sam/AST_Robot_Warehouse/install/messages_package/share/messages_package/msg/Delivery.idl
[0.959s] -- Up-to-date: /home/sam/AST_Robot_Warehouse/install/messages_package/share/messages_package/msg/Item.idl
[0.960s] -- Up-to-date: /home/sam/AST_Robot_Warehouse/install/messages_package/share/messages_package/msg/RobotDistance.idl
[0.960s] -- Up-to-date: /home/sam/AST_Robot_Warehouse/install/messages_package/share/messages_package/msg/RobotLocation.idl
[0.960s] -- Up-to-date: /home/sam/AST_Robot_Warehouse/install/messages_package/share/messages_package/msg/Map.idl
[0.960s] -- Up-to-date: /home/sam/AST_Robot_Warehouse/install/messages_package/share/messages_package/msg/Row.idl
[0.960s] -- Up-to-date: /home/sam/AST_Robot_Warehouse/install/messages_package/share/messages_package/msg/RobotState.idl
[0.960s] -- Up-to-date: /home/sam/AST_Robot_Warehouse/install/messages_package/share/messages_package/srv/Delivery.idl
[0.961s] -- Up-to-date: /home/sam/AST_Robot_Warehouse/install/messages_package/share/messages_package/srv/PickUpItem.idl
[0.961s] -- Up-to-date: /home/sam/AST_Robot_Warehouse/install/messages_package/share/messages_package/srv/PutDownItem.idl
[0.961s] -- Up-to-date: /home/sam/AST_Robot_Warehouse/install/messages_package/share/messages_package/action/ChargeRobot.idl
[0.961s] -- Up-to-date: /home/sam/AST_Robot_Warehouse/install/messages_package/share/messages_package/action/MoveItem.idl
[0.961s] -- Up-to-date: /home/sam/AST_Robot_Warehouse/install/messages_package/share/messages_package/action/Order.idl
[0.961s] -- Up-to-date: /home/sam/AST_Robot_Warehouse/install/messages_package/share/messages_package/msg/Coordinates.msg
[0.961s] -- Up-to-date: /home/sam/AST_Robot_Warehouse/install/messages_package/share/messages_package/msg/Delivery.msg
[0.962s] -- Up-to-date: /home/sam/AST_Robot_Warehouse/install/messages_package/share/messages_package/msg/Item.msg
[0.962s] -- Up-to-date: /home/sam/AST_Robot_Warehouse/install/messages_package/share/messages_package/msg/RobotDistance.msg
[0.962s] -- Up-to-date: /home/sam/AST_Robot_Warehouse/install/messages_package/share/messages_package/msg/RobotLocation.msg
[0.962s] -- Up-to-date: /home/sam/AST_Robot_Warehouse/install/messages_package/share/messages_package/msg/Map.msg
[0.962s] -- Up-to-date: /home/sam/AST_Robot_Warehouse/install/messages_package/share/messages_package/msg/Row.msg
[0.962s] -- Up-to-date: /home/sam/AST_Robot_Warehouse/install/messages_package/share/messages_package/msg/RobotState.msg
[0.962s] -- Up-to-date: /home/sam/AST_Robot_Warehouse/install/messages_package/share/messages_package/srv/Delivery.srv
[0.962s] -- Up-to-date: /home/sam/AST_Robot_Warehouse/install/messages_package/share/messages_package/srv/Delivery_Request.msg
[0.963s] -- Up-to-date: /home/sam/AST_Robot_Warehouse/install/messages_package/share/messages_package/srv/Delivery_Response.msg
[0.963s] -- Up-to-date: /home/sam/AST_Robot_Warehouse/install/messages_package/share/messages_package/srv/PickUpItem.srv
[0.963s] -- Up-to-date: /home/sam/AST_Robot_Warehouse/install/messages_package/share/messages_package/srv/PickUpItem_Request.msg
[0.963s] -- Up-to-date: /home/sam/AST_Robot_Warehouse/install/messages_package/share/messages_package/srv/PickUpItem_Response.msg
[0.963s] -- Up-to-date: /home/sam/AST_Robot_Warehouse/install/messages_package/share/messages_package/srv/PutDownItem.srv
[0.963s] -- Up-to-date: /home/sam/AST_Robot_Warehouse/install/messages_package/share/messages_package/srv/PutDownItem_Request.msg
[0.963s] -- Up-to-date: /home/sam/AST_Robot_Warehouse/install/messages_package/share/messages_package/srv/PutDownItem_Response.msg
[0.963s] -- Up-to-date: /home/sam/AST_Robot_Warehouse/install/messages_package/share/messages_package/action/ChargeRobot.action
[0.963s] -- Up-to-date: /home/sam/AST_Robot_Warehouse/install/messages_package/share/messages_package/action/MoveItem.action
[0.964s] -- Up-to-date: /home/sam/AST_Robot_Warehouse/install/messages_package/share/messages_package/action/Order.action
[0.964s] -- Up-to-date: /home/sam/AST_Robot_Warehouse/install/messages_package/share/ament_index/resource_index/package_run_dependencies/messages_package
[0.964s] -- Up-to-date: /home/sam/AST_Robot_Warehouse/install/messages_package/share/ament_index/resource_index/parent_prefix_path/messages_package
[0.964s] -- Up-to-date: /home/sam/AST_Robot_Warehouse/install/messages_package/share/messages_package/environment/ament_prefix_path.sh
[0.964s] -- Up-to-date: /home/sam/AST_Robot_Warehouse/install/messages_package/share/messages_package/environment/ament_prefix_path.dsv
[0.964s] -- Up-to-date: /home/sam/AST_Robot_Warehouse/install/messages_package/share/messages_package/environment/path.sh
[0.964s] -- Up-to-date: /home/sam/AST_Robot_Warehouse/install/messages_package/share/messages_package/environment/path.dsv
[0.964s] -- Up-to-date: /home/sam/AST_Robot_Warehouse/install/messages_package/share/messages_package/local_setup.bash
[0.964s] -- Up-to-date: /home/sam/AST_Robot_Warehouse/install/messages_package/share/messages_package/local_setup.sh
[0.964s] -- Up-to-date: /home/sam/AST_Robot_Warehouse/install/messages_package/share/messages_package/local_setup.zsh
[0.965s] -- Up-to-date: /home/sam/AST_Robot_Warehouse/install/messages_package/share/messages_package/local_setup.dsv
[0.965s] -- Installing: /home/sam/AST_Robot_Warehouse/install/messages_package/share/messages_package/package.dsv
[0.965s] -- Up-to-date: /home/sam/AST_Robot_Warehouse/install/messages_package/share/ament_index/resource_index/packages/messages_package
[0.965s] -- Up-to-date: /home/sam/AST_Robot_Warehouse/install/messages_package/share/messages_package/cmake/messages_package__rosidl_generator_cExport.cmake
[0.965s] -- Up-to-date: /home/sam/AST_Robot_Warehouse/install/messages_package/share/messages_package/cmake/messages_package__rosidl_generator_cExport-noconfig.cmake
[0.965s] -- Up-to-date: /home/sam/AST_Robot_Warehouse/install/messages_package/share/messages_package/cmake/messages_package__rosidl_typesupport_introspection_cExport.cmake
[0.965s] -- Up-to-date: /home/sam/AST_Robot_Warehouse/install/messages_package/share/messages_package/cmake/messages_package__rosidl_typesupport_introspection_cExport-noconfig.cmake
[0.966s] -- Up-to-date: /home/sam/AST_Robot_Warehouse/install/messages_package/share/messages_package/cmake/messages_package__rosidl_typesupport_cExport.cmake
[0.966s] -- Up-to-date: /home/sam/AST_Robot_Warehouse/install/messages_package/share/messages_package/cmake/messages_package__rosidl_typesupport_cExport-noconfig.cmake
[0.966s] -- Up-to-date: /home/sam/AST_Robot_Warehouse/install/messages_package/share/messages_package/cmake/messages_package__rosidl_generator_cppExport.cmake
[0.966s] -- Up-to-date: /home/sam/AST_Robot_Warehouse/install/messages_package/share/messages_package/cmake/messages_package__rosidl_typesupport_introspection_cppExport.cmake
[0.991s] -- Up-to-date: /home/sam/AST_Robot_Warehouse/install/messages_package/share/messages_package/cmake/messages_package__rosidl_typesupport_introspection_cppExport-noconfig.cmake
[0.991s] -- Up-to-date: /home/sam/AST_Robot_Warehouse/install/messages_package/share/messages_package/cmake/messages_package__rosidl_typesupport_cppExport.cmake
[0.992s] -- Up-to-date: /home/sam/AST_Robot_Warehouse/install/messages_package/share/messages_package/cmake/messages_package__rosidl_typesupport_cppExport-noconfig.cmake
[0.992s] -- Up-to-date: /home/sam/AST_Robot_Warehouse/install/messages_package/share/messages_package/cmake/rosidl_cmake-extras.cmake
[0.992s] -- Up-to-date: /home/sam/AST_Robot_Warehouse/install/messages_package/share/messages_package/cmake/ament_cmake_export_dependencies-extras.cmake
[0.992s] -- Up-to-date: /home/sam/AST_Robot_Warehouse/install/messages_package/share/messages_package/cmake/ament_cmake_export_libraries-extras.cmake
[0.992s] -- Up-to-date: /home/sam/AST_Robot_Warehouse/install/messages_package/share/messages_package/cmake/ament_cmake_export_targets-extras.cmake
[0.992s] -- Up-to-date: /home/sam/AST_Robot_Warehouse/install/messages_package/share/messages_package/cmake/ament_cmake_export_include_directories-extras.cmake
[0.992s] -- Up-to-date: /home/sam/AST_Robot_Warehouse/install/messages_package/share/messages_package/cmake/rosidl_cmake_export_typesupport_libraries-extras.cmake
[0.993s] -- Up-to-date: /home/sam/AST_Robot_Warehouse/install/messages_package/share/messages_package/cmake/rosidl_cmake_export_typesupport_targets-extras.cmake
[0.993s] -- Up-to-date: /home/sam/AST_Robot_Warehouse/install/messages_package/share/messages_package/cmake/messages_packageConfig.cmake
[0.993s] -- Up-to-date: /home/sam/AST_Robot_Warehouse/install/messages_package/share/messages_package/cmake/messages_packageConfig-version.cmake
[0.993s] -- Up-to-date: /home/sam/AST_Robot_Warehouse/install/messages_package/share/messages_package/package.xml
[0.994s] Invoked command in '/home/sam/AST_Robot_Warehouse/build/messages_package' returned '0': CMAKE_PREFIX_PATH=${CMAKE_PREFIX_PATH}:/home/sam/AST_Robot_Warehouse/install/warehouse_robot_package:/home/sam/AST_Robot_Warehouse/install/py_srvcli:/home/sam/AST_Robot_Warehouse/install/py_pubsub:/opt/ros/foxy /usr/bin/cmake --install /home/sam/AST_Robot_Warehouse/build/messages_package
