[0.317s] DEBUG:colcon:Command line arguments: ['/usr/bin/colcon', 'list', '-p', '--base-paths', '/home/sam/AST_Robot_Warehouse']
[0.317s] DEBUG:colcon:Parsed command line arguments: Namespace(base_paths=['/home/sam/AST_Robot_Warehouse'], build_base='build', ignore_user_meta=False, log_base=None, log_level=None, main=<bound method ListVerb.main of <colcon_package_information.verb.list.ListVerb object at 0x7f2c1d560490>>, metas=['./colcon.meta'], names_only=False, packages_above=None, packages_above_and_dependencies=None, packages_above_depth=None, packages_end=None, packages_ignore=None, packages_ignore_regex=None, packages_select=None, packages_select_build_failed=False, packages_select_by_dep=None, packages_select_regex=None, packages_select_test_failures=False, packages_skip=None, packages_skip_build_finished=False, packages_skip_by_dep=None, packages_skip_regex=None, packages_skip_test_passed=False, packages_skip_up_to=None, packages_start=None, packages_up_to=None, packages_up_to_regex=None, paths=None, paths_only=True, topological_graph=False, topological_graph_density=False, topological_graph_dot=False, topological_graph_dot_cluster=False, topological_graph_dot_include_skipped=False, topological_graph_legend=False, topological_order=False, verb_extension=<colcon_package_information.verb.list.ListVerb object at 0x7f2c1d560490>, verb_name='list', verb_parser=<colcon_defaults.argument_parser.defaults.DefaultArgumentsDecorator object at 0x7f2c1d3e58b0>)
[0.346s] Level 1:colcon.colcon_core.package_discovery:discover_packages(colcon_meta) check parameters
[0.347s] Level 1:colcon.colcon_core.package_discovery:discover_packages(recursive) check parameters
[0.347s] Level 1:colcon.colcon_core.package_discovery:discover_packages(ignore) check parameters
[0.347s] Level 1:colcon.colcon_core.package_discovery:discover_packages(path) check parameters
[0.347s] Level 1:colcon.colcon_core.package_discovery:discover_packages(recursive) discover
[0.347s] INFO:colcon.colcon_core.package_discovery:Crawling recursively for packages in '/home/sam/AST_Robot_Warehouse'
[0.347s] Level 1:colcon.colcon_core.package_identification:_identify(/home/sam/AST_Robot_Warehouse) by extensions ['ignore', 'ignore_ament_install']
[0.347s] Level 1:colcon.colcon_core.package_identification:_identify(/home/sam/AST_Robot_Warehouse) by extension 'ignore'
[0.347s] Level 1:colcon.colcon_core.package_identification:_identify(/home/sam/AST_Robot_Warehouse) by extension 'ignore_ament_install'
[0.347s] Level 1:colcon.colcon_core.package_identification:_identify(/home/sam/AST_Robot_Warehouse) by extensions ['colcon_pkg']
[0.347s] Level 1:colcon.colcon_core.package_identification:_identify(/home/sam/AST_Robot_Warehouse) by extension 'colcon_pkg'
[0.348s] Level 1:colcon.colcon_core.package_identification:_identify(/home/sam/AST_Robot_Warehouse) by extensions ['colcon_meta']
[0.348s] Level 1:colcon.colcon_core.package_identification:_identify(/home/sam/AST_Robot_Warehouse) by extension 'colcon_meta'
[0.348s] Level 1:colcon.colcon_core.package_identification:_identify(/home/sam/AST_Robot_Warehouse) by extensions ['ros']
[0.348s] Level 1:colcon.colcon_core.package_identification:_identify(/home/sam/AST_Robot_Warehouse) by extension 'ros'
[0.362s] Level 1:colcon.colcon_core.package_identification:_identify(/home/sam/AST_Robot_Warehouse) by extensions ['cmake', 'python']
[0.362s] Level 1:colcon.colcon_core.package_identification:_identify(/home/sam/AST_Robot_Warehouse) by extension 'cmake'
[0.362s] Level 1:colcon.colcon_core.package_identification:_identify(/home/sam/AST_Robot_Warehouse) by extension 'python'
[0.363s] Level 1:colcon.colcon_core.package_identification:_identify(/home/sam/AST_Robot_Warehouse) by extensions ['python_setup_py']
[0.363s] Level 1:colcon.colcon_core.package_identification:_identify(/home/sam/AST_Robot_Warehouse) by extension 'python_setup_py'
[0.363s] Level 1:colcon.colcon_core.package_identification:_identify(/home/sam/AST_Robot_Warehouse/build) by extensions ['ignore', 'ignore_ament_install']
[0.363s] Level 1:colcon.colcon_core.package_identification:_identify(/home/sam/AST_Robot_Warehouse/build) by extension 'ignore'
[0.363s] Level 1:colcon.colcon_core.package_identification:_identify(/home/sam/AST_Robot_Warehouse/build) ignored
[0.363s] Level 1:colcon.colcon_core.package_identification:_identify(/home/sam/AST_Robot_Warehouse/install) by extensions ['ignore', 'ignore_ament_install']
[0.363s] Level 1:colcon.colcon_core.package_identification:_identify(/home/sam/AST_Robot_Warehouse/install) by extension 'ignore'
[0.363s] Level 1:colcon.colcon_core.package_identification:_identify(/home/sam/AST_Robot_Warehouse/install) ignored
[0.363s] Level 1:colcon.colcon_core.package_identification:_identify(/home/sam/AST_Robot_Warehouse/log) by extensions ['ignore', 'ignore_ament_install']
[0.364s] Level 1:colcon.colcon_core.package_identification:_identify(/home/sam/AST_Robot_Warehouse/log) by extension 'ignore'
[0.364s] Level 1:colcon.colcon_core.package_identification:_identify(/home/sam/AST_Robot_Warehouse/log) ignored
[0.364s] Level 1:colcon.colcon_core.package_identification:_identify(/home/sam/AST_Robot_Warehouse/src) by extensions ['ignore', 'ignore_ament_install']
[0.364s] Level 1:colcon.colcon_core.package_identification:_identify(/home/sam/AST_Robot_Warehouse/src) by extension 'ignore'
[0.364s] Level 1:colcon.colcon_core.package_identification:_identify(/home/sam/AST_Robot_Warehouse/src) by extension 'ignore_ament_install'
[0.364s] Level 1:colcon.colcon_core.package_identification:_identify(/home/sam/AST_Robot_Warehouse/src) by extensions ['colcon_pkg']
[0.364s] Level 1:colcon.colcon_core.package_identification:_identify(/home/sam/AST_Robot_Warehouse/src) by extension 'colcon_pkg'
[0.364s] Level 1:colcon.colcon_core.package_identification:_identify(/home/sam/AST_Robot_Warehouse/src) by extensions ['colcon_meta']
[0.364s] Level 1:colcon.colcon_core.package_identification:_identify(/home/sam/AST_Robot_Warehouse/src) by extension 'colcon_meta'
[0.364s] Level 1:colcon.colcon_core.package_identification:_identify(/home/sam/AST_Robot_Warehouse/src) by extensions ['ros']
[0.364s] Level 1:colcon.colcon_core.package_identification:_identify(/home/sam/AST_Robot_Warehouse/src) by extension 'ros'
[0.364s] Level 1:colcon.colcon_core.package_identification:_identify(/home/sam/AST_Robot_Warehouse/src) by extensions ['cmake', 'python']
[0.364s] Level 1:colcon.colcon_core.package_identification:_identify(/home/sam/AST_Robot_Warehouse/src) by extension 'cmake'
[0.365s] Level 1:colcon.colcon_core.package_identification:_identify(/home/sam/AST_Robot_Warehouse/src) by extension 'python'
[0.365s] Level 1:colcon.colcon_core.package_identification:_identify(/home/sam/AST_Robot_Warehouse/src) by extensions ['python_setup_py']
[0.365s] Level 1:colcon.colcon_core.package_identification:_identify(/home/sam/AST_Robot_Warehouse/src) by extension 'python_setup_py'
[0.365s] Level 1:colcon.colcon_core.package_identification:_identify(/home/sam/AST_Robot_Warehouse/src/build) by extensions ['ignore', 'ignore_ament_install']
[0.365s] Level 1:colcon.colcon_core.package_identification:_identify(/home/sam/AST_Robot_Warehouse/src/build) by extension 'ignore'
[0.365s] Level 1:colcon.colcon_core.package_identification:_identify(/home/sam/AST_Robot_Warehouse/src/build) ignored
[0.365s] Level 1:colcon.colcon_core.package_identification:_identify(/home/sam/AST_Robot_Warehouse/src/install) by extensions ['ignore', 'ignore_ament_install']
[0.365s] Level 1:colcon.colcon_core.package_identification:_identify(/home/sam/AST_Robot_Warehouse/src/install) by extension 'ignore'
[0.365s] Level 1:colcon.colcon_core.package_identification:_identify(/home/sam/AST_Robot_Warehouse/src/install) ignored
[0.365s] Level 1:colcon.colcon_core.package_identification:_identify(/home/sam/AST_Robot_Warehouse/src/log) by extensions ['ignore', 'ignore_ament_install']
[0.365s] Level 1:colcon.colcon_core.package_identification:_identify(/home/sam/AST_Robot_Warehouse/src/log) by extension 'ignore'
[0.365s] Level 1:colcon.colcon_core.package_identification:_identify(/home/sam/AST_Robot_Warehouse/src/log) ignored
[0.366s] Level 1:colcon.colcon_core.package_identification:_identify(/home/sam/AST_Robot_Warehouse/src/messages_package) by extensions ['ignore', 'ignore_ament_install']
[0.366s] Level 1:colcon.colcon_core.package_identification:_identify(/home/sam/AST_Robot_Warehouse/src/messages_package) by extension 'ignore'
[0.366s] Level 1:colcon.colcon_core.package_identification:_identify(/home/sam/AST_Robot_Warehouse/src/messages_package) by extension 'ignore_ament_install'
[0.366s] Level 1:colcon.colcon_core.package_identification:_identify(/home/sam/AST_Robot_Warehouse/src/messages_package) by extensions ['colcon_pkg']
[0.366s] Level 1:colcon.colcon_core.package_identification:_identify(/home/sam/AST_Robot_Warehouse/src/messages_package) by extension 'colcon_pkg'
[0.366s] Level 1:colcon.colcon_core.package_identification:_identify(/home/sam/AST_Robot_Warehouse/src/messages_package) by extensions ['colcon_meta']
[0.366s] Level 1:colcon.colcon_core.package_identification:_identify(/home/sam/AST_Robot_Warehouse/src/messages_package) by extension 'colcon_meta'
[0.366s] Level 1:colcon.colcon_core.package_identification:_identify(/home/sam/AST_Robot_Warehouse/src/messages_package) by extensions ['ros']
[0.366s] Level 1:colcon.colcon_core.package_identification:_identify(/home/sam/AST_Robot_Warehouse/src/messages_package) by extension 'ros'
[0.368s] DEBUG:colcon.colcon_core.package_identification:Package '/home/sam/AST_Robot_Warehouse/src/messages_package' with type 'ros.ament_cmake' and name 'messages_package'
[0.369s] Level 1:colcon.colcon_core.package_identification:_identify(/home/sam/AST_Robot_Warehouse/src/py_pubsub) by extensions ['ignore', 'ignore_ament_install']
[0.369s] Level 1:colcon.colcon_core.package_identification:_identify(/home/sam/AST_Robot_Warehouse/src/py_pubsub) by extension 'ignore'
[0.369s] Level 1:colcon.colcon_core.package_identification:_identify(/home/sam/AST_Robot_Warehouse/src/py_pubsub) by extension 'ignore_ament_install'
[0.369s] Level 1:colcon.colcon_core.package_identification:_identify(/home/sam/AST_Robot_Warehouse/src/py_pubsub) by extensions ['colcon_pkg']
[0.369s] Level 1:colcon.colcon_core.package_identification:_identify(/home/sam/AST_Robot_Warehouse/src/py_pubsub) by extension 'colcon_pkg'
[0.369s] Level 1:colcon.colcon_core.package_identification:_identify(/home/sam/AST_Robot_Warehouse/src/py_pubsub) by extensions ['colcon_meta']
[0.369s] Level 1:colcon.colcon_core.package_identification:_identify(/home/sam/AST_Robot_Warehouse/src/py_pubsub) by extension 'colcon_meta'
[0.369s] Level 1:colcon.colcon_core.package_identification:_identify(/home/sam/AST_Robot_Warehouse/src/py_pubsub) by extensions ['ros']
[0.369s] Level 1:colcon.colcon_core.package_identification:_identify(/home/sam/AST_Robot_Warehouse/src/py_pubsub) by extension 'ros'
[0.370s] DEBUG:colcon.colcon_core.package_identification:Package '/home/sam/AST_Robot_Warehouse/src/py_pubsub' with type 'ros.ament_python' and name 'py_pubsub'
[0.370s] Level 1:colcon.colcon_core.package_identification:_identify(/home/sam/AST_Robot_Warehouse/src/py_srvcli) by extensions ['ignore', 'ignore_ament_install']
[0.371s] Level 1:colcon.colcon_core.package_identification:_identify(/home/sam/AST_Robot_Warehouse/src/py_srvcli) by extension 'ignore'
[0.371s] Level 1:colcon.colcon_core.package_identification:_identify(/home/sam/AST_Robot_Warehouse/src/py_srvcli) by extension 'ignore_ament_install'
[0.371s] Level 1:colcon.colcon_core.package_identification:_identify(/home/sam/AST_Robot_Warehouse/src/py_srvcli) by extensions ['colcon_pkg']
[0.371s] Level 1:colcon.colcon_core.package_identification:_identify(/home/sam/AST_Robot_Warehouse/src/py_srvcli) by extension 'colcon_pkg'
[0.371s] Level 1:colcon.colcon_core.package_identification:_identify(/home/sam/AST_Robot_Warehouse/src/py_srvcli) by extensions ['colcon_meta']
[0.371s] Level 1:colcon.colcon_core.package_identification:_identify(/home/sam/AST_Robot_Warehouse/src/py_srvcli) by extension 'colcon_meta'
[0.371s] Level 1:colcon.colcon_core.package_identification:_identify(/home/sam/AST_Robot_Warehouse/src/py_srvcli) by extensions ['ros']
[0.371s] Level 1:colcon.colcon_core.package_identification:_identify(/home/sam/AST_Robot_Warehouse/src/py_srvcli) by extension 'ros'
[0.372s] DEBUG:colcon.colcon_core.package_identification:Package '/home/sam/AST_Robot_Warehouse/src/py_srvcli' with type 'ros.ament_python' and name 'py_srvcli'
[0.372s] Level 1:colcon.colcon_core.package_identification:_identify(/home/sam/AST_Robot_Warehouse/src/warehouse_robot_package) by extensions ['ignore', 'ignore_ament_install']
[0.373s] Level 1:colcon.colcon_core.package_identification:_identify(/home/sam/AST_Robot_Warehouse/src/warehouse_robot_package) by extension 'ignore'
[0.373s] Level 1:colcon.colcon_core.package_identification:_identify(/home/sam/AST_Robot_Warehouse/src/warehouse_robot_package) by extension 'ignore_ament_install'
[0.373s] Level 1:colcon.colcon_core.package_identification:_identify(/home/sam/AST_Robot_Warehouse/src/warehouse_robot_package) by extensions ['colcon_pkg']
[0.373s] Level 1:colcon.colcon_core.package_identification:_identify(/home/sam/AST_Robot_Warehouse/src/warehouse_robot_package) by extension 'colcon_pkg'
[0.373s] Level 1:colcon.colcon_core.package_identification:_identify(/home/sam/AST_Robot_Warehouse/src/warehouse_robot_package) by extensions ['colcon_meta']
[0.373s] Level 1:colcon.colcon_core.package_identification:_identify(/home/sam/AST_Robot_Warehouse/src/warehouse_robot_package) by extension 'colcon_meta'
[0.373s] Level 1:colcon.colcon_core.package_identification:_identify(/home/sam/AST_Robot_Warehouse/src/warehouse_robot_package) by extensions ['ros']
[0.373s] Level 1:colcon.colcon_core.package_identification:_identify(/home/sam/AST_Robot_Warehouse/src/warehouse_robot_package) by extension 'ros'
[0.374s] DEBUG:colcon.colcon_core.package_identification:Package '/home/sam/AST_Robot_Warehouse/src/warehouse_robot_package' with type 'ros.ament_python' and name 'warehouse_robot_package'
[0.374s] Level 1:colcon.colcon_core.package_discovery:discover_packages(recursive) using defaults
