[0.034s] Invoking command in '/home/sam/AST_Robot_Warehouse/build/messages_package': CMAKE_PREFIX_PATH=${CMAKE_PREFIX_PATH}:/home/sam/AST_Robot_Warehouse/install/warehouse_robot_package:/home/sam/AST_Robot_Warehouse/install/py_srvcli:/home/sam/AST_Robot_Warehouse/install/py_pubsub:/opt/ros/foxy /usr/bin/cmake --build /home/sam/AST_Robot_Warehouse/build/messages_package -- -j12 -l12
[0.497s] [  1%] Built target messages_node
[0.497s] [  2%] Built target messages_package__cpp
[0.498s] [ 14%] Built target messages_package__rosidl_generator_c
[0.499s] [ 38%] Built target messages_package__rosidl_typesupport_cpp
[0.500s] [ 38%] Built target messages_package__rosidl_typesupport_c
[0.500s] [ 50%] Built target messages_package__rosidl_typesupport_introspection_cpp
[0.500s] [ 61%] Built target messages_package__rosidl_typesupport_introspection_c
[0.501s] [ 73%] Built target messages_package__rosidl_typesupport_fastrtps_cpp
[0.502s] [ 85%] Built target messages_package__rosidl_typesupport_fastrtps_c
[0.503s] [ 85%] Built target messages_package
[0.503s] [ 85%] Built target messages_package__py
[0.504s] [ 96%] Built target messages_package__python
[0.504s] [ 99%] Built target messages_package__rosidl_typesupport_fastrtps_c__pyext
[0.505s] [ 99%] Built target messages_package__rosidl_typesupport_introspection_c__pyext
[0.505s] [100%] Built target messages_package__rosidl_typesupport_c__pyext
[0.512s] Invoked command in '/home/sam/AST_Robot_Warehouse/build/messages_package' returned '0': CMAKE_PREFIX_PATH=${CMAKE_PREFIX_PATH}:/home/sam/AST_Robot_Warehouse/install/warehouse_robot_package:/home/sam/AST_Robot_Warehouse/install/py_srvcli:/home/sam/AST_Robot_Warehouse/install/py_pubsub:/opt/ros/foxy /usr/bin/cmake --build /home/sam/AST_Robot_Warehouse/build/messages_package -- -j12 -l12
[0.710s] Invoking command in '/home/sam/AST_Robot_Warehouse/build/messages_package': CMAKE_PREFIX_PATH=${CMAKE_PREFIX_PATH}:/home/sam/AST_Robot_Warehouse/install/warehouse_robot_package:/home/sam/AST_Robot_Warehouse/install/py_srvcli:/home/sam/AST_Robot_Warehouse/install/py_pubsub:/opt/ros/foxy /usr/bin/cmake --install /home/sam/AST_Robot_Warehouse/build/messages_package
[0.718s] -- Install configuration: ""
[0.719s] -- Up-to-date: /home/sam/AST_Robot_Warehouse/install/messages_package/lib/messages_package/messages_node
[0.719s] -- Up-to-date: /home/sam/AST_Robot_Warehouse/install/messages_package/share/ament_index/resource_index/rosidl_interfaces/messages_package
[0.719s] -- Up-to-date: /home/sam/AST_Robot_Warehouse/install/messages_package/include/messages_package
[0.719s] -- Up-to-date: /home/sam/AST_Robot_Warehouse/install/messages_package/include/messages_package/action
[0.719s] -- Up-to-date: /home/sam/AST_Robot_Warehouse/install/messages_package/include/messages_package/action/move_item.h
[0.720s] -- Up-to-date: /home/sam/AST_Robot_Warehouse/install/messages_package/include/messages_package/action/charge_robot.h
[0.720s] -- Up-to-date: /home/sam/AST_Robot_Warehouse/install/messages_package/include/messages_package/action/detail
[0.720s] -- Up-to-date: /home/sam/AST_Robot_Warehouse/install/messages_package/include/messages_package/action/detail/order__type_support.h
[0.720s] -- Up-to-date: /home/sam/AST_Robot_Warehouse/install/messages_package/include/messages_package/action/detail/charge_robot__struct.h
[0.720s] -- Up-to-date: /home/sam/AST_Robot_Warehouse/install/messages_package/include/messages_package/action/detail/move_item__functions.c
[0.720s] -- Up-to-date: /home/sam/AST_Robot_Warehouse/install/messages_package/include/messages_package/action/detail/order__struct.h
[0.720s] -- Up-to-date: /home/sam/AST_Robot_Warehouse/install/messages_package/include/messages_package/action/detail/move_item__functions.h
[0.720s] -- Up-to-date: /home/sam/AST_Robot_Warehouse/install/messages_package/include/messages_package/action/detail/move_item__struct.h
[0.721s] -- Up-to-date: /home/sam/AST_Robot_Warehouse/install/messages_package/include/messages_package/action/detail/charge_robot__functions.c
[0.721s] -- Up-to-date: /home/sam/AST_Robot_Warehouse/install/messages_package/include/messages_package/action/detail/charge_robot__type_support.h
[0.721s] -- Up-to-date: /home/sam/AST_Robot_Warehouse/install/messages_package/include/messages_package/action/detail/order__functions.h
[0.721s] -- Up-to-date: /home/sam/AST_Robot_Warehouse/install/messages_package/include/messages_package/action/detail/order__functions.c
[0.721s] -- Up-to-date: /home/sam/AST_Robot_Warehouse/install/messages_package/include/messages_package/action/detail/charge_robot__functions.h
[0.721s] -- Up-to-date: /home/sam/AST_Robot_Warehouse/install/messages_package/include/messages_package/action/detail/move_item__type_support.h
[0.721s] -- Up-to-date: /home/sam/AST_Robot_Warehouse/install/messages_package/include/messages_package/action/order.h
[0.721s] -- Up-to-date: /home/sam/AST_Robot_Warehouse/install/messages_package/include/messages_package/srv
[0.722s] -- Up-to-date: /home/sam/AST_Robot_Warehouse/install/messages_package/include/messages_package/srv/put_down_item.h
[0.722s] -- Up-to-date: /home/sam/AST_Robot_Warehouse/install/messages_package/include/messages_package/srv/delivery.h
[0.722s] -- Up-to-date: /home/sam/AST_Robot_Warehouse/install/messages_package/include/messages_package/srv/pick_up_item.h
[0.722s] -- Up-to-date: /home/sam/AST_Robot_Warehouse/install/messages_package/include/messages_package/srv/detail
[0.722s] -- Up-to-date: /home/sam/AST_Robot_Warehouse/install/messages_package/include/messages_package/srv/detail/put_down_item__type_support.h
[0.722s] -- Up-to-date: /home/sam/AST_Robot_Warehouse/install/messages_package/include/messages_package/srv/detail/delivery__functions.h
[0.723s] -- Up-to-date: /home/sam/AST_Robot_Warehouse/install/messages_package/include/messages_package/srv/detail/pick_up_item__functions.h
[0.723s] -- Up-to-date: /home/sam/AST_Robot_Warehouse/install/messages_package/include/messages_package/srv/detail/put_down_item__struct.h
[0.723s] -- Up-to-date: /home/sam/AST_Robot_Warehouse/install/messages_package/include/messages_package/srv/detail/pick_up_item__struct.h
[0.723s] -- Up-to-date: /home/sam/AST_Robot_Warehouse/install/messages_package/include/messages_package/srv/detail/put_down_item__functions.c
[0.723s] -- Up-to-date: /home/sam/AST_Robot_Warehouse/install/messages_package/include/messages_package/srv/detail/pick_up_item__type_support.h
[0.723s] -- Up-to-date: /home/sam/AST_Robot_Warehouse/install/messages_package/include/messages_package/srv/detail/delivery__type_support.h
[0.724s] -- Up-to-date: /home/sam/AST_Robot_Warehouse/install/messages_package/include/messages_package/srv/detail/put_down_item__functions.h
[0.724s] -- Up-to-date: /home/sam/AST_Robot_Warehouse/install/messages_package/include/messages_package/srv/detail/delivery__functions.c
[0.724s] -- Up-to-date: /home/sam/AST_Robot_Warehouse/install/messages_package/include/messages_package/srv/detail/pick_up_item__functions.c
[0.724s] -- Up-to-date: /home/sam/AST_Robot_Warehouse/install/messages_package/include/messages_package/srv/detail/delivery__struct.h
[0.724s] -- Up-to-date: /home/sam/AST_Robot_Warehouse/install/messages_package/include/messages_package/msg
[0.724s] -- Up-to-date: /home/sam/AST_Robot_Warehouse/install/messages_package/include/messages_package/msg/rosidl_generator_c__visibility_control.h
[0.724s] -- Up-to-date: /home/sam/AST_Robot_Warehouse/install/messages_package/include/messages_package/msg/coordinates.h
[0.724s] -- Up-to-date: /home/sam/AST_Robot_Warehouse/install/messages_package/include/messages_package/msg/row.h
[0.725s] -- Up-to-date: /home/sam/AST_Robot_Warehouse/install/messages_package/include/messages_package/msg/map.h
[0.725s] -- Up-to-date: /home/sam/AST_Robot_Warehouse/install/messages_package/include/messages_package/msg/robot_location.h
[0.725s] -- Up-to-date: /home/sam/AST_Robot_Warehouse/install/messages_package/include/messages_package/msg/robot_distance.h
[0.725s] -- Up-to-date: /home/sam/AST_Robot_Warehouse/install/messages_package/include/messages_package/msg/robot_state.h
[0.725s] -- Up-to-date: /home/sam/AST_Robot_Warehouse/install/messages_package/include/messages_package/msg/item.h
[0.726s] -- Up-to-date: /home/sam/AST_Robot_Warehouse/install/messages_package/include/messages_package/msg/delivery.h
[0.726s] -- Up-to-date: /home/sam/AST_Robot_Warehouse/install/messages_package/include/messages_package/msg/detail
[0.726s] -- Up-to-date: /home/sam/AST_Robot_Warehouse/install/messages_package/include/messages_package/msg/detail/robot_distance__functions.c
[0.726s] -- Up-to-date: /home/sam/AST_Robot_Warehouse/install/messages_package/include/messages_package/msg/detail/robot_location__functions.c
[0.727s] -- Up-to-date: /home/sam/AST_Robot_Warehouse/install/messages_package/include/messages_package/msg/detail/delivery__functions.h
[0.727s] -- Up-to-date: /home/sam/AST_Robot_Warehouse/install/messages_package/include/messages_package/msg/detail/coordinates__functions.c
[0.727s] -- Up-to-date: /home/sam/AST_Robot_Warehouse/install/messages_package/include/messages_package/msg/detail/robot_state__functions.h
[0.727s] -- Up-to-date: /home/sam/AST_Robot_Warehouse/install/messages_package/include/messages_package/msg/detail/row__functions.c
[0.727s] -- Up-to-date: /home/sam/AST_Robot_Warehouse/install/messages_package/include/messages_package/msg/detail/robot_location__functions.h
[0.727s] -- Up-to-date: /home/sam/AST_Robot_Warehouse/install/messages_package/include/messages_package/msg/detail/map__functions.h
[0.727s] -- Up-to-date: /home/sam/AST_Robot_Warehouse/install/messages_package/include/messages_package/msg/detail/item__functions.h
[0.727s] -- Up-to-date: /home/sam/AST_Robot_Warehouse/install/messages_package/include/messages_package/msg/detail/map__type_support.h
[0.728s] -- Up-to-date: /home/sam/AST_Robot_Warehouse/install/messages_package/include/messages_package/msg/detail/item__struct.h
[0.728s] -- Up-to-date: /home/sam/AST_Robot_Warehouse/install/messages_package/include/messages_package/msg/detail/delivery__type_support.h
[0.728s] -- Up-to-date: /home/sam/AST_Robot_Warehouse/install/messages_package/include/messages_package/msg/detail/delivery__functions.c
[0.728s] -- Up-to-date: /home/sam/AST_Robot_Warehouse/install/messages_package/include/messages_package/msg/detail/coordinates__type_support.h
[0.728s] -- Up-to-date: /home/sam/AST_Robot_Warehouse/install/messages_package/include/messages_package/msg/detail/robot_state__functions.c
[0.728s] -- Up-to-date: /home/sam/AST_Robot_Warehouse/install/messages_package/include/messages_package/msg/detail/robot_location__type_support.h
[0.728s] -- Up-to-date: /home/sam/AST_Robot_Warehouse/install/messages_package/include/messages_package/msg/detail/map__functions.c
[0.728s] -- Up-to-date: /home/sam/AST_Robot_Warehouse/install/messages_package/include/messages_package/msg/detail/delivery__struct.h
[0.729s] -- Up-to-date: /home/sam/AST_Robot_Warehouse/install/messages_package/include/messages_package/msg/detail/robot_location__struct.h
[0.729s] -- Up-to-date: /home/sam/AST_Robot_Warehouse/install/messages_package/include/messages_package/msg/detail/robot_state__struct.h
[0.729s] -- Up-to-date: /home/sam/AST_Robot_Warehouse/install/messages_package/include/messages_package/msg/detail/robot_distance__type_support.h
[0.729s] -- Up-to-date: /home/sam/AST_Robot_Warehouse/install/messages_package/include/messages_package/msg/detail/row__functions.h
[0.729s] -- Up-to-date: /home/sam/AST_Robot_Warehouse/install/messages_package/include/messages_package/msg/detail/robot_state__type_support.h
[0.729s] -- Up-to-date: /home/sam/AST_Robot_Warehouse/install/messages_package/include/messages_package/msg/detail/coordinates__struct.h
[0.729s] -- Up-to-date: /home/sam/AST_Robot_Warehouse/install/messages_package/include/messages_package/msg/detail/robot_distance__functions.h
[0.729s] -- Up-to-date: /home/sam/AST_Robot_Warehouse/install/messages_package/include/messages_package/msg/detail/item__type_support.h
[0.729s] -- Up-to-date: /home/sam/AST_Robot_Warehouse/install/messages_package/include/messages_package/msg/detail/row__type_support.h
[0.729s] -- Up-to-date: /home/sam/AST_Robot_Warehouse/install/messages_package/include/messages_package/msg/detail/item__functions.c
[0.730s] -- Up-to-date: /home/sam/AST_Robot_Warehouse/install/messages_package/include/messages_package/msg/detail/coordinates__functions.h
[0.730s] -- Up-to-date: /home/sam/AST_Robot_Warehouse/install/messages_package/include/messages_package/msg/detail/row__struct.h
[0.730s] -- Up-to-date: /home/sam/AST_Robot_Warehouse/install/messages_package/include/messages_package/msg/detail/robot_distance__struct.h
[0.730s] -- Up-to-date: /home/sam/AST_Robot_Warehouse/install/messages_package/include/messages_package/msg/detail/map__struct.h
[0.730s] -- Up-to-date: /home/sam/AST_Robot_Warehouse/install/messages_package/share/messages_package/environment/library_path.sh
[0.730s] -- Up-to-date: /home/sam/AST_Robot_Warehouse/install/messages_package/share/messages_package/environment/library_path.dsv
[0.730s] -- Up-to-date: /home/sam/AST_Robot_Warehouse/install/messages_package/lib/libmessages_package__rosidl_generator_c.so
[0.730s] -- Up-to-date: /home/sam/AST_Robot_Warehouse/install/messages_package/include/messages_package
[0.731s] -- Up-to-date: /home/sam/AST_Robot_Warehouse/install/messages_package/include/messages_package/action
[0.731s] -- Up-to-date: /home/sam/AST_Robot_Warehouse/install/messages_package/include/messages_package/action/detail
[0.731s] -- Up-to-date: /home/sam/AST_Robot_Warehouse/install/messages_package/include/messages_package/action/detail/order__rosidl_typesupport_fastrtps_c.h
[0.731s] -- Up-to-date: /home/sam/AST_Robot_Warehouse/install/messages_package/include/messages_package/action/detail/charge_robot__rosidl_typesupport_fastrtps_c.h
[0.731s] -- Up-to-date: /home/sam/AST_Robot_Warehouse/install/messages_package/include/messages_package/action/detail/move_item__rosidl_typesupport_fastrtps_c.h
[0.731s] -- Up-to-date: /home/sam/AST_Robot_Warehouse/install/messages_package/include/messages_package/srv
[0.731s] -- Up-to-date: /home/sam/AST_Robot_Warehouse/install/messages_package/include/messages_package/srv/detail
[0.731s] -- Up-to-date: /home/sam/AST_Robot_Warehouse/install/messages_package/include/messages_package/srv/detail/put_down_item__rosidl_typesupport_fastrtps_c.h
[0.731s] -- Up-to-date: /home/sam/AST_Robot_Warehouse/install/messages_package/include/messages_package/srv/detail/pick_up_item__rosidl_typesupport_fastrtps_c.h
[0.731s] -- Up-to-date: /home/sam/AST_Robot_Warehouse/install/messages_package/include/messages_package/srv/detail/delivery__rosidl_typesupport_fastrtps_c.h
[0.732s] -- Up-to-date: /home/sam/AST_Robot_Warehouse/install/messages_package/include/messages_package/msg
[0.732s] -- Up-to-date: /home/sam/AST_Robot_Warehouse/install/messages_package/include/messages_package/msg/rosidl_typesupport_fastrtps_c__visibility_control.h
[0.732s] -- Up-to-date: /home/sam/AST_Robot_Warehouse/install/messages_package/include/messages_package/msg/detail
[0.732s] -- Up-to-date: /home/sam/AST_Robot_Warehouse/install/messages_package/include/messages_package/msg/detail/robot_distance__rosidl_typesupport_fastrtps_c.h
[0.732s] -- Up-to-date: /home/sam/AST_Robot_Warehouse/install/messages_package/include/messages_package/msg/detail/coordinates__rosidl_typesupport_fastrtps_c.h
[0.732s] -- Up-to-date: /home/sam/AST_Robot_Warehouse/install/messages_package/include/messages_package/msg/detail/robot_location__rosidl_typesupport_fastrtps_c.h
[0.732s] -- Up-to-date: /home/sam/AST_Robot_Warehouse/install/messages_package/include/messages_package/msg/detail/item__rosidl_typesupport_fastrtps_c.h
[0.732s] -- Up-to-date: /home/sam/AST_Robot_Warehouse/install/messages_package/include/messages_package/msg/detail/robot_state__rosidl_typesupport_fastrtps_c.h
[0.732s] -- Up-to-date: /home/sam/AST_Robot_Warehouse/install/messages_package/include/messages_package/msg/detail/delivery__rosidl_typesupport_fastrtps_c.h
[0.732s] -- Up-to-date: /home/sam/AST_Robot_Warehouse/install/messages_package/include/messages_package/msg/detail/row__rosidl_typesupport_fastrtps_c.h
[0.733s] -- Up-to-date: /home/sam/AST_Robot_Warehouse/install/messages_package/include/messages_package/msg/detail/map__rosidl_typesupport_fastrtps_c.h
[0.733s] -- Up-to-date: /home/sam/AST_Robot_Warehouse/install/messages_package/lib/libmessages_package__rosidl_typesupport_fastrtps_c.so
[0.733s] -- Up-to-date: /home/sam/AST_Robot_Warehouse/install/messages_package/include/messages_package
[0.733s] -- Up-to-date: /home/sam/AST_Robot_Warehouse/install/messages_package/include/messages_package/action
[0.733s] -- Up-to-date: /home/sam/AST_Robot_Warehouse/install/messages_package/include/messages_package/action/detail
[0.733s] -- Up-to-date: /home/sam/AST_Robot_Warehouse/install/messages_package/include/messages_package/action/detail/order__rosidl_typesupport_fastrtps_cpp.hpp
[0.733s] -- Up-to-date: /home/sam/AST_Robot_Warehouse/install/messages_package/include/messages_package/action/detail/charge_robot__rosidl_typesupport_fastrtps_cpp.hpp
[0.733s] -- Up-to-date: /home/sam/AST_Robot_Warehouse/install/messages_package/include/messages_package/action/detail/dds_fastrtps
[0.734s] -- Up-to-date: /home/sam/AST_Robot_Warehouse/install/messages_package/include/messages_package/action/detail/move_item__rosidl_typesupport_fastrtps_cpp.hpp
[0.734s] -- Up-to-date: /home/sam/AST_Robot_Warehouse/install/messages_package/include/messages_package/srv
[0.734s] -- Up-to-date: /home/sam/AST_Robot_Warehouse/install/messages_package/include/messages_package/srv/detail
[0.734s] -- Up-to-date: /home/sam/AST_Robot_Warehouse/install/messages_package/include/messages_package/srv/detail/pick_up_item__rosidl_typesupport_fastrtps_cpp.hpp
[0.734s] -- Up-to-date: /home/sam/AST_Robot_Warehouse/install/messages_package/include/messages_package/srv/detail/put_down_item__rosidl_typesupport_fastrtps_cpp.hpp
[0.734s] -- Up-to-date: /home/sam/AST_Robot_Warehouse/install/messages_package/include/messages_package/srv/detail/dds_fastrtps
[0.734s] -- Up-to-date: /home/sam/AST_Robot_Warehouse/install/messages_package/include/messages_package/srv/detail/delivery__rosidl_typesupport_fastrtps_cpp.hpp
[0.734s] -- Up-to-date: /home/sam/AST_Robot_Warehouse/install/messages_package/include/messages_package/msg
[0.734s] -- Up-to-date: /home/sam/AST_Robot_Warehouse/install/messages_package/include/messages_package/msg/rosidl_typesupport_fastrtps_cpp__visibility_control.h
[0.734s] -- Up-to-date: /home/sam/AST_Robot_Warehouse/install/messages_package/include/messages_package/msg/detail
[0.735s] -- Up-to-date: /home/sam/AST_Robot_Warehouse/install/messages_package/include/messages_package/msg/detail/coordinates__rosidl_typesupport_fastrtps_cpp.hpp
[0.735s] -- Up-to-date: /home/sam/AST_Robot_Warehouse/install/messages_package/include/messages_package/msg/detail/map__rosidl_typesupport_fastrtps_cpp.hpp
[0.735s] -- Up-to-date: /home/sam/AST_Robot_Warehouse/install/messages_package/include/messages_package/msg/detail/row__rosidl_typesupport_fastrtps_cpp.hpp
[0.735s] -- Up-to-date: /home/sam/AST_Robot_Warehouse/install/messages_package/include/messages_package/msg/detail/item__rosidl_typesupport_fastrtps_cpp.hpp
[0.735s] -- Up-to-date: /home/sam/AST_Robot_Warehouse/install/messages_package/include/messages_package/msg/detail/dds_fastrtps
[0.735s] -- Up-to-date: /home/sam/AST_Robot_Warehouse/install/messages_package/include/messages_package/msg/detail/robot_distance__rosidl_typesupport_fastrtps_cpp.hpp
[0.735s] -- Up-to-date: /home/sam/AST_Robot_Warehouse/install/messages_package/include/messages_package/msg/detail/delivery__rosidl_typesupport_fastrtps_cpp.hpp
[0.735s] -- Up-to-date: /home/sam/AST_Robot_Warehouse/install/messages_package/include/messages_package/msg/detail/robot_state__rosidl_typesupport_fastrtps_cpp.hpp
[0.735s] -- Up-to-date: /home/sam/AST_Robot_Warehouse/install/messages_package/include/messages_package/msg/detail/robot_location__rosidl_typesupport_fastrtps_cpp.hpp
[0.735s] -- Up-to-date: /home/sam/AST_Robot_Warehouse/install/messages_package/lib/libmessages_package__rosidl_typesupport_fastrtps_cpp.so
[0.735s] -- Up-to-date: /home/sam/AST_Robot_Warehouse/install/messages_package/include/messages_package
[0.736s] -- Up-to-date: /home/sam/AST_Robot_Warehouse/install/messages_package/include/messages_package/action
[0.736s] -- Up-to-date: /home/sam/AST_Robot_Warehouse/install/messages_package/include/messages_package/action/detail
[0.736s] -- Up-to-date: /home/sam/AST_Robot_Warehouse/install/messages_package/include/messages_package/action/detail/charge_robot__rosidl_typesupport_introspection_c.h
[0.736s] -- Up-to-date: /home/sam/AST_Robot_Warehouse/install/messages_package/include/messages_package/action/detail/charge_robot__type_support.c
[0.736s] -- Up-to-date: /home/sam/AST_Robot_Warehouse/install/messages_package/include/messages_package/action/detail/move_item__type_support.c
[0.736s] -- Up-to-date: /home/sam/AST_Robot_Warehouse/install/messages_package/include/messages_package/action/detail/move_item__rosidl_typesupport_introspection_c.h
[0.736s] -- Up-to-date: /home/sam/AST_Robot_Warehouse/install/messages_package/include/messages_package/action/detail/order__rosidl_typesupport_introspection_c.h
[0.737s] -- Up-to-date: /home/sam/AST_Robot_Warehouse/install/messages_package/include/messages_package/action/detail/order__type_support.c
[0.737s] -- Up-to-date: /home/sam/AST_Robot_Warehouse/install/messages_package/include/messages_package/srv
[0.737s] -- Up-to-date: /home/sam/AST_Robot_Warehouse/install/messages_package/include/messages_package/srv/detail
[0.737s] -- Up-to-date: /home/sam/AST_Robot_Warehouse/install/messages_package/include/messages_package/srv/detail/delivery__rosidl_typesupport_introspection_c.h
[0.737s] -- Up-to-date: /home/sam/AST_Robot_Warehouse/install/messages_package/include/messages_package/srv/detail/delivery__type_support.c
[0.737s] -- Up-to-date: /home/sam/AST_Robot_Warehouse/install/messages_package/include/messages_package/srv/detail/pick_up_item__rosidl_typesupport_introspection_c.h
[0.737s] -- Up-to-date: /home/sam/AST_Robot_Warehouse/install/messages_package/include/messages_package/srv/detail/pick_up_item__type_support.c
[0.737s] -- Up-to-date: /home/sam/AST_Robot_Warehouse/install/messages_package/include/messages_package/srv/detail/put_down_item__rosidl_typesupport_introspection_c.h
[0.737s] -- Up-to-date: /home/sam/AST_Robot_Warehouse/install/messages_package/include/messages_package/srv/detail/put_down_item__type_support.c
[0.737s] -- Up-to-date: /home/sam/AST_Robot_Warehouse/install/messages_package/include/messages_package/msg
[0.737s] -- Up-to-date: /home/sam/AST_Robot_Warehouse/install/messages_package/include/messages_package/msg/rosidl_typesupport_introspection_c__visibility_control.h
[0.737s] -- Up-to-date: /home/sam/AST_Robot_Warehouse/install/messages_package/include/messages_package/msg/detail
[0.738s] -- Up-to-date: /home/sam/AST_Robot_Warehouse/install/messages_package/include/messages_package/msg/detail/map__rosidl_typesupport_introspection_c.h
[0.738s] -- Up-to-date: /home/sam/AST_Robot_Warehouse/install/messages_package/include/messages_package/msg/detail/robot_distance__rosidl_typesupport_introspection_c.h
[0.738s] -- Up-to-date: /home/sam/AST_Robot_Warehouse/install/messages_package/include/messages_package/msg/detail/coordinates__rosidl_typesupport_introspection_c.h
[0.738s] -- Up-to-date: /home/sam/AST_Robot_Warehouse/install/messages_package/include/messages_package/msg/detail/robot_distance__type_support.c
[0.738s] -- Up-to-date: /home/sam/AST_Robot_Warehouse/install/messages_package/include/messages_package/msg/detail/delivery__rosidl_typesupport_introspection_c.h
[0.738s] -- Up-to-date: /home/sam/AST_Robot_Warehouse/install/messages_package/include/messages_package/msg/detail/delivery__type_support.c
[0.738s] -- Up-to-date: /home/sam/AST_Robot_Warehouse/install/messages_package/include/messages_package/msg/detail/item__type_support.c
[0.738s] -- Up-to-date: /home/sam/AST_Robot_Warehouse/install/messages_package/include/messages_package/msg/detail/robot_state__type_support.c
[0.738s] -- Up-to-date: /home/sam/AST_Robot_Warehouse/install/messages_package/include/messages_package/msg/detail/robot_location__rosidl_typesupport_introspection_c.h
[0.738s] -- Up-to-date: /home/sam/AST_Robot_Warehouse/install/messages_package/include/messages_package/msg/detail/robot_state__rosidl_typesupport_introspection_c.h
[0.738s] -- Up-to-date: /home/sam/AST_Robot_Warehouse/install/messages_package/include/messages_package/msg/detail/coordinates__type_support.c
[0.739s] -- Up-to-date: /home/sam/AST_Robot_Warehouse/install/messages_package/include/messages_package/msg/detail/row__rosidl_typesupport_introspection_c.h
[0.739s] -- Up-to-date: /home/sam/AST_Robot_Warehouse/install/messages_package/include/messages_package/msg/detail/item__rosidl_typesupport_introspection_c.h
[0.739s] -- Up-to-date: /home/sam/AST_Robot_Warehouse/install/messages_package/include/messages_package/msg/detail/map__type_support.c
[0.739s] -- Up-to-date: /home/sam/AST_Robot_Warehouse/install/messages_package/include/messages_package/msg/detail/robot_location__type_support.c
[0.739s] -- Up-to-date: /home/sam/AST_Robot_Warehouse/install/messages_package/include/messages_package/msg/detail/row__type_support.c
[0.739s] -- Up-to-date: /home/sam/AST_Robot_Warehouse/install/messages_package/lib/libmessages_package__rosidl_typesupport_introspection_c.so
[0.739s] -- Up-to-date: /home/sam/AST_Robot_Warehouse/install/messages_package/lib/libmessages_package__rosidl_typesupport_c.so
[0.739s] -- Up-to-date: /home/sam/AST_Robot_Warehouse/install/messages_package/include/messages_package
[0.739s] -- Up-to-date: /home/sam/AST_Robot_Warehouse/install/messages_package/include/messages_package/action
[0.739s] -- Up-to-date: /home/sam/AST_Robot_Warehouse/install/messages_package/include/messages_package/action/charge_robot.hpp
[0.739s] -- Up-to-date: /home/sam/AST_Robot_Warehouse/install/messages_package/include/messages_package/action/order.hpp
[0.739s] -- Up-to-date: /home/sam/AST_Robot_Warehouse/install/messages_package/include/messages_package/action/move_item.hpp
[0.739s] -- Up-to-date: /home/sam/AST_Robot_Warehouse/install/messages_package/include/messages_package/action/detail
[0.739s] -- Up-to-date: /home/sam/AST_Robot_Warehouse/install/messages_package/include/messages_package/action/detail/order__struct.hpp
[0.740s] -- Up-to-date: /home/sam/AST_Robot_Warehouse/install/messages_package/include/messages_package/action/detail/charge_robot__struct.hpp
[0.740s] -- Up-to-date: /home/sam/AST_Robot_Warehouse/install/messages_package/include/messages_package/action/detail/charge_robot__builder.hpp
[0.740s] -- Up-to-date: /home/sam/AST_Robot_Warehouse/install/messages_package/include/messages_package/action/detail/charge_robot__traits.hpp
[0.740s] -- Up-to-date: /home/sam/AST_Robot_Warehouse/install/messages_package/include/messages_package/action/detail/move_item__traits.hpp
[0.740s] -- Up-to-date: /home/sam/AST_Robot_Warehouse/install/messages_package/include/messages_package/action/detail/order__traits.hpp
[0.740s] -- Up-to-date: /home/sam/AST_Robot_Warehouse/install/messages_package/include/messages_package/action/detail/move_item__builder.hpp
[0.740s] -- Up-to-date: /home/sam/AST_Robot_Warehouse/install/messages_package/include/messages_package/action/detail/move_item__struct.hpp
[0.740s] -- Up-to-date: /home/sam/AST_Robot_Warehouse/install/messages_package/include/messages_package/action/detail/order__builder.hpp
[0.740s] -- Up-to-date: /home/sam/AST_Robot_Warehouse/install/messages_package/include/messages_package/srv
[0.740s] -- Up-to-date: /home/sam/AST_Robot_Warehouse/install/messages_package/include/messages_package/srv/pick_up_item.hpp
[0.740s] -- Up-to-date: /home/sam/AST_Robot_Warehouse/install/messages_package/include/messages_package/srv/delivery.hpp
[0.741s] -- Up-to-date: /home/sam/AST_Robot_Warehouse/install/messages_package/include/messages_package/srv/detail
[0.741s] -- Up-to-date: /home/sam/AST_Robot_Warehouse/install/messages_package/include/messages_package/srv/detail/pick_up_item__traits.hpp
[0.741s] -- Up-to-date: /home/sam/AST_Robot_Warehouse/install/messages_package/include/messages_package/srv/detail/delivery__struct.hpp
[0.741s] -- Up-to-date: /home/sam/AST_Robot_Warehouse/install/messages_package/include/messages_package/srv/detail/delivery__builder.hpp
[0.741s] -- Up-to-date: /home/sam/AST_Robot_Warehouse/install/messages_package/include/messages_package/srv/detail/pick_up_item__builder.hpp
[0.741s] -- Up-to-date: /home/sam/AST_Robot_Warehouse/install/messages_package/include/messages_package/srv/detail/put_down_item__traits.hpp
[0.741s] -- Up-to-date: /home/sam/AST_Robot_Warehouse/install/messages_package/include/messages_package/srv/detail/put_down_item__builder.hpp
[0.741s] -- Up-to-date: /home/sam/AST_Robot_Warehouse/install/messages_package/include/messages_package/srv/detail/delivery__traits.hpp
[0.741s] -- Up-to-date: /home/sam/AST_Robot_Warehouse/install/messages_package/include/messages_package/srv/detail/put_down_item__struct.hpp
[0.741s] -- Up-to-date: /home/sam/AST_Robot_Warehouse/install/messages_package/include/messages_package/srv/detail/pick_up_item__struct.hpp
[0.741s] -- Up-to-date: /home/sam/AST_Robot_Warehouse/install/messages_package/include/messages_package/srv/put_down_item.hpp
[0.742s] -- Up-to-date: /home/sam/AST_Robot_Warehouse/install/messages_package/include/messages_package/msg
[0.742s] -- Up-to-date: /home/sam/AST_Robot_Warehouse/install/messages_package/include/messages_package/msg/robot_location.hpp
[0.742s] -- Up-to-date: /home/sam/AST_Robot_Warehouse/install/messages_package/include/messages_package/msg/map.hpp
[0.742s] -- Up-to-date: /home/sam/AST_Robot_Warehouse/install/messages_package/include/messages_package/msg/item.hpp
[0.742s] -- Up-to-date: /home/sam/AST_Robot_Warehouse/install/messages_package/include/messages_package/msg/delivery.hpp
[0.742s] -- Up-to-date: /home/sam/AST_Robot_Warehouse/install/messages_package/include/messages_package/msg/robot_distance.hpp
[0.742s] -- Up-to-date: /home/sam/AST_Robot_Warehouse/install/messages_package/include/messages_package/msg/coordinates.hpp
[0.742s] -- Up-to-date: /home/sam/AST_Robot_Warehouse/install/messages_package/include/messages_package/msg/detail
[0.742s] -- Up-to-date: /home/sam/AST_Robot_Warehouse/install/messages_package/include/messages_package/msg/detail/item__traits.hpp
[0.742s] -- Up-to-date: /home/sam/AST_Robot_Warehouse/install/messages_package/include/messages_package/msg/detail/robot_state__struct.hpp
[0.742s] -- Up-to-date: /home/sam/AST_Robot_Warehouse/install/messages_package/include/messages_package/msg/detail/item__builder.hpp
[0.742s] -- Up-to-date: /home/sam/AST_Robot_Warehouse/install/messages_package/include/messages_package/msg/detail/coordinates__builder.hpp
[0.742s] -- Up-to-date: /home/sam/AST_Robot_Warehouse/install/messages_package/include/messages_package/msg/detail/row__traits.hpp
[0.742s] -- Up-to-date: /home/sam/AST_Robot_Warehouse/install/messages_package/include/messages_package/msg/detail/delivery__struct.hpp
[0.742s] -- Up-to-date: /home/sam/AST_Robot_Warehouse/install/messages_package/include/messages_package/msg/detail/robot_distance__struct.hpp
[0.743s] -- Up-to-date: /home/sam/AST_Robot_Warehouse/install/messages_package/include/messages_package/msg/detail/row__builder.hpp
[0.743s] -- Up-to-date: /home/sam/AST_Robot_Warehouse/install/messages_package/include/messages_package/msg/detail/robot_state__traits.hpp
[0.743s] -- Up-to-date: /home/sam/AST_Robot_Warehouse/install/messages_package/include/messages_package/msg/detail/map__traits.hpp
[0.743s] -- Up-to-date: /home/sam/AST_Robot_Warehouse/install/messages_package/include/messages_package/msg/detail/robot_location__traits.hpp
[0.743s] -- Up-to-date: /home/sam/AST_Robot_Warehouse/install/messages_package/include/messages_package/msg/detail/delivery__builder.hpp
[0.743s] -- Up-to-date: /home/sam/AST_Robot_Warehouse/install/messages_package/include/messages_package/msg/detail/map__struct.hpp
[0.743s] -- Up-to-date: /home/sam/AST_Robot_Warehouse/install/messages_package/include/messages_package/msg/detail/coordinates__struct.hpp
[0.743s] -- Up-to-date: /home/sam/AST_Robot_Warehouse/install/messages_package/include/messages_package/msg/detail/row__struct.hpp
[0.743s] -- Up-to-date: /home/sam/AST_Robot_Warehouse/install/messages_package/include/messages_package/msg/detail/coordinates__traits.hpp
[0.743s] -- Up-to-date: /home/sam/AST_Robot_Warehouse/install/messages_package/include/messages_package/msg/detail/robot_location__struct.hpp
[0.743s] -- Up-to-date: /home/sam/AST_Robot_Warehouse/install/messages_package/include/messages_package/msg/detail/robot_distance__traits.hpp
[0.743s] -- Up-to-date: /home/sam/AST_Robot_Warehouse/install/messages_package/include/messages_package/msg/detail/robot_state__builder.hpp
[0.744s] -- Up-to-date: /home/sam/AST_Robot_Warehouse/install/messages_package/include/messages_package/msg/detail/item__struct.hpp
[0.744s] -- Up-to-date: /home/sam/AST_Robot_Warehouse/install/messages_package/include/messages_package/msg/detail/delivery__traits.hpp
[0.744s] -- Up-to-date: /home/sam/AST_Robot_Warehouse/install/messages_package/include/messages_package/msg/detail/robot_distance__builder.hpp
[0.744s] -- Up-to-date: /home/sam/AST_Robot_Warehouse/install/messages_package/include/messages_package/msg/detail/map__builder.hpp
[0.744s] -- Up-to-date: /home/sam/AST_Robot_Warehouse/install/messages_package/include/messages_package/msg/detail/robot_location__builder.hpp
[0.744s] -- Up-to-date: /home/sam/AST_Robot_Warehouse/install/messages_package/include/messages_package/msg/row.hpp
[0.744s] -- Up-to-date: /home/sam/AST_Robot_Warehouse/install/messages_package/include/messages_package/msg/robot_state.hpp
[0.744s] -- Up-to-date: /home/sam/AST_Robot_Warehouse/install/messages_package/include/messages_package
[0.744s] -- Up-to-date: /home/sam/AST_Robot_Warehouse/install/messages_package/include/messages_package/action
[0.744s] -- Up-to-date: /home/sam/AST_Robot_Warehouse/install/messages_package/include/messages_package/action/detail
[0.745s] -- Up-to-date: /home/sam/AST_Robot_Warehouse/install/messages_package/include/messages_package/action/detail/order__rosidl_typesupport_introspection_cpp.hpp
[0.745s] -- Up-to-date: /home/sam/AST_Robot_Warehouse/install/messages_package/include/messages_package/action/detail/charge_robot__rosidl_typesupport_introspection_cpp.hpp
[0.745s] -- Up-to-date: /home/sam/AST_Robot_Warehouse/install/messages_package/include/messages_package/action/detail/charge_robot__type_support.cpp
[0.745s] -- Up-to-date: /home/sam/AST_Robot_Warehouse/install/messages_package/include/messages_package/action/detail/move_item__rosidl_typesupport_introspection_cpp.hpp
[0.745s] -- Up-to-date: /home/sam/AST_Robot_Warehouse/install/messages_package/include/messages_package/action/detail/order__type_support.cpp
[0.745s] -- Up-to-date: /home/sam/AST_Robot_Warehouse/install/messages_package/include/messages_package/action/detail/move_item__type_support.cpp
[0.745s] -- Up-to-date: /home/sam/AST_Robot_Warehouse/install/messages_package/include/messages_package/srv
[0.745s] -- Up-to-date: /home/sam/AST_Robot_Warehouse/install/messages_package/include/messages_package/srv/detail
[0.745s] -- Up-to-date: /home/sam/AST_Robot_Warehouse/install/messages_package/include/messages_package/srv/detail/put_down_item__rosidl_typesupport_introspection_cpp.hpp
[0.745s] -- Up-to-date: /home/sam/AST_Robot_Warehouse/install/messages_package/include/messages_package/srv/detail/delivery__type_support.cpp
[0.746s] -- Up-to-date: /home/sam/AST_Robot_Warehouse/install/messages_package/include/messages_package/srv/detail/pick_up_item__rosidl_typesupport_introspection_cpp.hpp
[0.746s] -- Up-to-date: /home/sam/AST_Robot_Warehouse/install/messages_package/include/messages_package/srv/detail/pick_up_item__type_support.cpp
[0.746s] -- Up-to-date: /home/sam/AST_Robot_Warehouse/install/messages_package/include/messages_package/srv/detail/put_down_item__type_support.cpp
[0.746s] -- Up-to-date: /home/sam/AST_Robot_Warehouse/install/messages_package/include/messages_package/srv/detail/delivery__rosidl_typesupport_introspection_cpp.hpp
[0.746s] -- Up-to-date: /home/sam/AST_Robot_Warehouse/install/messages_package/include/messages_package/msg
[0.746s] -- Up-to-date: /home/sam/AST_Robot_Warehouse/install/messages_package/include/messages_package/msg/detail
[0.746s] -- Up-to-date: /home/sam/AST_Robot_Warehouse/install/messages_package/include/messages_package/msg/detail/robot_state__type_support.cpp
[0.746s] -- Up-to-date: /home/sam/AST_Robot_Warehouse/install/messages_package/include/messages_package/msg/detail/coordinates__type_support.cpp
[0.746s] -- Up-to-date: /home/sam/AST_Robot_Warehouse/install/messages_package/include/messages_package/msg/detail/row__rosidl_typesupport_introspection_cpp.hpp
[0.746s] -- Up-to-date: /home/sam/AST_Robot_Warehouse/install/messages_package/include/messages_package/msg/detail/robot_distance__rosidl_typesupport_introspection_cpp.hpp
[0.747s] -- Up-to-date: /home/sam/AST_Robot_Warehouse/install/messages_package/include/messages_package/msg/detail/robot_distance__type_support.cpp
[0.747s] -- Up-to-date: /home/sam/AST_Robot_Warehouse/install/messages_package/include/messages_package/msg/detail/delivery__type_support.cpp
[0.747s] -- Up-to-date: /home/sam/AST_Robot_Warehouse/install/messages_package/include/messages_package/msg/detail/map__type_support.cpp
[0.747s] -- Up-to-date: /home/sam/AST_Robot_Warehouse/install/messages_package/include/messages_package/msg/detail/coordinates__rosidl_typesupport_introspection_cpp.hpp
[0.747s] -- Up-to-date: /home/sam/AST_Robot_Warehouse/install/messages_package/include/messages_package/msg/detail/row__type_support.cpp
[0.747s] -- Up-to-date: /home/sam/AST_Robot_Warehouse/install/messages_package/include/messages_package/msg/detail/robot_state__rosidl_typesupport_introspection_cpp.hpp
[0.747s] -- Up-to-date: /home/sam/AST_Robot_Warehouse/install/messages_package/include/messages_package/msg/detail/item__rosidl_typesupport_introspection_cpp.hpp
[0.747s] -- Up-to-date: /home/sam/AST_Robot_Warehouse/install/messages_package/include/messages_package/msg/detail/robot_location__rosidl_typesupport_introspection_cpp.hpp
[0.747s] -- Up-to-date: /home/sam/AST_Robot_Warehouse/install/messages_package/include/messages_package/msg/detail/robot_location__type_support.cpp
[0.747s] -- Up-to-date: /home/sam/AST_Robot_Warehouse/install/messages_package/include/messages_package/msg/detail/item__type_support.cpp
[0.748s] -- Up-to-date: /home/sam/AST_Robot_Warehouse/install/messages_package/include/messages_package/msg/detail/delivery__rosidl_typesupport_introspection_cpp.hpp
[0.748s] -- Up-to-date: /home/sam/AST_Robot_Warehouse/install/messages_package/include/messages_package/msg/detail/map__rosidl_typesupport_introspection_cpp.hpp
[0.748s] -- Up-to-date: /home/sam/AST_Robot_Warehouse/install/messages_package/lib/libmessages_package__rosidl_typesupport_introspection_cpp.so
[0.748s] -- Up-to-date: /home/sam/AST_Robot_Warehouse/install/messages_package/lib/libmessages_package__rosidl_typesupport_cpp.so
[0.748s] -- Up-to-date: /home/sam/AST_Robot_Warehouse/install/messages_package/share/messages_package/environment/pythonpath.sh
[0.748s] -- Up-to-date: /home/sam/AST_Robot_Warehouse/install/messages_package/share/messages_package/environment/pythonpath.dsv
[0.748s] -- Up-to-date: /home/sam/AST_Robot_Warehouse/install/messages_package/lib/python3.8/site-packages/messages_package/__init__.py
[0.764s] -- Up-to-date: /home/sam/AST_Robot_Warehouse/install/messages_package/lib/python3.8/site-packages/messages_package/msg
[0.765s] -- Up-to-date: /home/sam/AST_Robot_Warehouse/install/messages_package/lib/python3.8/site-packages/messages_package/msg/__init__.py
[0.765s] -- Up-to-date: /home/sam/AST_Robot_Warehouse/install/messages_package/lib/python3.8/site-packages/messages_package/msg/_robot_location_s.c
[0.765s] -- Up-to-date: /home/sam/AST_Robot_Warehouse/install/messages_package/lib/python3.8/site-packages/messages_package/msg/_row.py
[0.765s] -- Up-to-date: /home/sam/AST_Robot_Warehouse/install/messages_package/lib/python3.8/site-packages/messages_package/msg/_coordinates.py
[0.765s] -- Up-to-date: /home/sam/AST_Robot_Warehouse/install/messages_package/lib/python3.8/site-packages/messages_package/msg/_coordinates_s.c
[0.765s] -- Up-to-date: /home/sam/AST_Robot_Warehouse/install/messages_package/lib/python3.8/site-packages/messages_package/msg/_row_s.c
[0.765s] -- Up-to-date: /home/sam/AST_Robot_Warehouse/install/messages_package/lib/python3.8/site-packages/messages_package/msg/_robot_distance_s.c
[0.766s] -- Up-to-date: /home/sam/AST_Robot_Warehouse/install/messages_package/lib/python3.8/site-packages/messages_package/msg/_robot_state_s.c
[0.766s] -- Up-to-date: /home/sam/AST_Robot_Warehouse/install/messages_package/lib/python3.8/site-packages/messages_package/msg/_item.py
[0.766s] -- Up-to-date: /home/sam/AST_Robot_Warehouse/install/messages_package/lib/python3.8/site-packages/messages_package/msg/_robot_distance.py
[0.766s] -- Up-to-date: /home/sam/AST_Robot_Warehouse/install/messages_package/lib/python3.8/site-packages/messages_package/msg/_delivery.py
[0.766s] -- Up-to-date: /home/sam/AST_Robot_Warehouse/install/messages_package/lib/python3.8/site-packages/messages_package/msg/_robot_location.py
[0.766s] -- Up-to-date: /home/sam/AST_Robot_Warehouse/install/messages_package/lib/python3.8/site-packages/messages_package/msg/_item_s.c
[0.766s] -- Up-to-date: /home/sam/AST_Robot_Warehouse/install/messages_package/lib/python3.8/site-packages/messages_package/msg/_map_s.c
[0.766s] -- Up-to-date: /home/sam/AST_Robot_Warehouse/install/messages_package/lib/python3.8/site-packages/messages_package/msg/_robot_state.py
[0.766s] -- Up-to-date: /home/sam/AST_Robot_Warehouse/install/messages_package/lib/python3.8/site-packages/messages_package/msg/_delivery_s.c
[0.766s] -- Up-to-date: /home/sam/AST_Robot_Warehouse/install/messages_package/lib/python3.8/site-packages/messages_package/msg/_map.py
[0.767s] -- Up-to-date: /home/sam/AST_Robot_Warehouse/install/messages_package/lib/python3.8/site-packages/messages_package/srv
[0.767s] -- Up-to-date: /home/sam/AST_Robot_Warehouse/install/messages_package/lib/python3.8/site-packages/messages_package/srv/__init__.py
[0.767s] -- Up-to-date: /home/sam/AST_Robot_Warehouse/install/messages_package/lib/python3.8/site-packages/messages_package/srv/_put_down_item_s.c
[0.767s] -- Up-to-date: /home/sam/AST_Robot_Warehouse/install/messages_package/lib/python3.8/site-packages/messages_package/srv/_delivery.py
[0.767s] -- Up-to-date: /home/sam/AST_Robot_Warehouse/install/messages_package/lib/python3.8/site-packages/messages_package/srv/_put_down_item.py
[0.767s] -- Up-to-date: /home/sam/AST_Robot_Warehouse/install/messages_package/lib/python3.8/site-packages/messages_package/srv/_pick_up_item.py
[0.767s] -- Up-to-date: /home/sam/AST_Robot_Warehouse/install/messages_package/lib/python3.8/site-packages/messages_package/srv/_pick_up_item_s.c
[0.768s] -- Up-to-date: /home/sam/AST_Robot_Warehouse/install/messages_package/lib/python3.8/site-packages/messages_package/srv/_delivery_s.c
[0.768s] -- Up-to-date: /home/sam/AST_Robot_Warehouse/install/messages_package/lib/python3.8/site-packages/messages_package/action
[0.768s] -- Up-to-date: /home/sam/AST_Robot_Warehouse/install/messages_package/lib/python3.8/site-packages/messages_package/action/__init__.py
[0.768s] -- Up-to-date: /home/sam/AST_Robot_Warehouse/install/messages_package/lib/python3.8/site-packages/messages_package/action/_order_s.c
[0.768s] -- Up-to-date: /home/sam/AST_Robot_Warehouse/install/messages_package/lib/python3.8/site-packages/messages_package/action/_charge_robot_s.c
[0.768s] -- Up-to-date: /home/sam/AST_Robot_Warehouse/install/messages_package/lib/python3.8/site-packages/messages_package/action/_move_item.py
[0.768s] -- Up-to-date: /home/sam/AST_Robot_Warehouse/install/messages_package/lib/python3.8/site-packages/messages_package/action/_move_item_s.c
[0.768s] -- Up-to-date: /home/sam/AST_Robot_Warehouse/install/messages_package/lib/python3.8/site-packages/messages_package/action/_order.py
[0.768s] -- Up-to-date: /home/sam/AST_Robot_Warehouse/install/messages_package/lib/python3.8/site-packages/messages_package/action/_charge_robot.py
[0.769s] -- Up-to-date: /home/sam/AST_Robot_Warehouse/install/messages_package/lib/python3.8/site-packages/messages_package/messages_package_s__rosidl_typesupport_fastrtps_c.cpython-38-x86_64-linux-gnu.so
[0.769s] -- Up-to-date: /home/sam/AST_Robot_Warehouse/install/messages_package/lib/python3.8/site-packages/messages_package/messages_package_s__rosidl_typesupport_introspection_c.cpython-38-x86_64-linux-gnu.so
[0.769s] -- Up-to-date: /home/sam/AST_Robot_Warehouse/install/messages_package/lib/python3.8/site-packages/messages_package/messages_package_s__rosidl_typesupport_c.cpython-38-x86_64-linux-gnu.so
[0.769s] -- Up-to-date: /home/sam/AST_Robot_Warehouse/install/messages_package/lib/libmessages_package__python.so
[0.769s] -- Up-to-date: /home/sam/AST_Robot_Warehouse/install/messages_package/share/messages_package/msg/Coordinates.idl
[0.769s] -- Up-to-date: /home/sam/AST_Robot_Warehouse/install/messages_package/share/messages_package/msg/Delivery.idl
[0.770s] -- Up-to-date: /home/sam/AST_Robot_Warehouse/install/messages_package/share/messages_package/msg/Item.idl
[0.770s] -- Up-to-date: /home/sam/AST_Robot_Warehouse/install/messages_package/share/messages_package/msg/RobotDistance.idl
[0.770s] -- Up-to-date: /home/sam/AST_Robot_Warehouse/install/messages_package/share/messages_package/msg/RobotLocation.idl
[0.770s] -- Up-to-date: /home/sam/AST_Robot_Warehouse/install/messages_package/share/messages_package/msg/Map.idl
[0.770s] -- Up-to-date: /home/sam/AST_Robot_Warehouse/install/messages_package/share/messages_package/msg/Row.idl
[0.770s] -- Up-to-date: /home/sam/AST_Robot_Warehouse/install/messages_package/share/messages_package/msg/RobotState.idl
[0.770s] -- Up-to-date: /home/sam/AST_Robot_Warehouse/install/messages_package/share/messages_package/srv/Delivery.idl
[0.770s] -- Up-to-date: /home/sam/AST_Robot_Warehouse/install/messages_package/share/messages_package/srv/PickUpItem.idl
[0.771s] -- Up-to-date: /home/sam/AST_Robot_Warehouse/install/messages_package/share/messages_package/srv/PutDownItem.idl
[0.771s] -- Up-to-date: /home/sam/AST_Robot_Warehouse/install/messages_package/share/messages_package/action/ChargeRobot.idl
[0.771s] -- Up-to-date: /home/sam/AST_Robot_Warehouse/install/messages_package/share/messages_package/action/MoveItem.idl
[0.771s] -- Up-to-date: /home/sam/AST_Robot_Warehouse/install/messages_package/share/messages_package/action/Order.idl
[0.771s] -- Up-to-date: /home/sam/AST_Robot_Warehouse/install/messages_package/share/messages_package/msg/Coordinates.msg
[0.771s] -- Up-to-date: /home/sam/AST_Robot_Warehouse/install/messages_package/share/messages_package/msg/Delivery.msg
[0.771s] -- Up-to-date: /home/sam/AST_Robot_Warehouse/install/messages_package/share/messages_package/msg/Item.msg
[0.771s] -- Up-to-date: /home/sam/AST_Robot_Warehouse/install/messages_package/share/messages_package/msg/RobotDistance.msg
[0.771s] -- Up-to-date: /home/sam/AST_Robot_Warehouse/install/messages_package/share/messages_package/msg/RobotLocation.msg
[0.771s] -- Up-to-date: /home/sam/AST_Robot_Warehouse/install/messages_package/share/messages_package/msg/Map.msg
[0.771s] -- Up-to-date: /home/sam/AST_Robot_Warehouse/install/messages_package/share/messages_package/msg/Row.msg
[0.771s] -- Up-to-date: /home/sam/AST_Robot_Warehouse/install/messages_package/share/messages_package/msg/RobotState.msg
[0.772s] -- Up-to-date: /home/sam/AST_Robot_Warehouse/install/messages_package/share/messages_package/srv/Delivery.srv
[0.772s] -- Up-to-date: /home/sam/AST_Robot_Warehouse/install/messages_package/share/messages_package/srv/Delivery_Request.msg
[0.772s] -- Up-to-date: /home/sam/AST_Robot_Warehouse/install/messages_package/share/messages_package/srv/Delivery_Response.msg
[0.772s] -- Up-to-date: /home/sam/AST_Robot_Warehouse/install/messages_package/share/messages_package/srv/PickUpItem.srv
[0.772s] -- Up-to-date: /home/sam/AST_Robot_Warehouse/install/messages_package/share/messages_package/srv/PickUpItem_Request.msg
[0.772s] -- Up-to-date: /home/sam/AST_Robot_Warehouse/install/messages_package/share/messages_package/srv/PickUpItem_Response.msg
[0.772s] -- Up-to-date: /home/sam/AST_Robot_Warehouse/install/messages_package/share/messages_package/srv/PutDownItem.srv
[0.772s] -- Up-to-date: /home/sam/AST_Robot_Warehouse/install/messages_package/share/messages_package/srv/PutDownItem_Request.msg
[0.772s] -- Up-to-date: /home/sam/AST_Robot_Warehouse/install/messages_package/share/messages_package/srv/PutDownItem_Response.msg
[0.773s] -- Up-to-date: /home/sam/AST_Robot_Warehouse/install/messages_package/share/messages_package/action/ChargeRobot.action
[0.773s] -- Up-to-date: /home/sam/AST_Robot_Warehouse/install/messages_package/share/messages_package/action/MoveItem.action
[0.773s] -- Up-to-date: /home/sam/AST_Robot_Warehouse/install/messages_package/share/messages_package/action/Order.action
[0.773s] -- Up-to-date: /home/sam/AST_Robot_Warehouse/install/messages_package/share/ament_index/resource_index/package_run_dependencies/messages_package
[0.773s] -- Up-to-date: /home/sam/AST_Robot_Warehouse/install/messages_package/share/ament_index/resource_index/parent_prefix_path/messages_package
[0.773s] -- Up-to-date: /home/sam/AST_Robot_Warehouse/install/messages_package/share/messages_package/environment/ament_prefix_path.sh
[0.773s] -- Up-to-date: /home/sam/AST_Robot_Warehouse/install/messages_package/share/messages_package/environment/ament_prefix_path.dsv
[0.773s] -- Up-to-date: /home/sam/AST_Robot_Warehouse/install/messages_package/share/messages_package/environment/path.sh
[0.773s] -- Up-to-date: /home/sam/AST_Robot_Warehouse/install/messages_package/share/messages_package/environment/path.dsv
[0.773s] -- Up-to-date: /home/sam/AST_Robot_Warehouse/install/messages_package/share/messages_package/local_setup.bash
[0.773s] -- Up-to-date: /home/sam/AST_Robot_Warehouse/install/messages_package/share/messages_package/local_setup.sh
[0.773s] -- Up-to-date: /home/sam/AST_Robot_Warehouse/install/messages_package/share/messages_package/local_setup.zsh
[0.774s] -- Up-to-date: /home/sam/AST_Robot_Warehouse/install/messages_package/share/messages_package/local_setup.dsv
[0.774s] -- Installing: /home/sam/AST_Robot_Warehouse/install/messages_package/share/messages_package/package.dsv
[0.774s] -- Up-to-date: /home/sam/AST_Robot_Warehouse/install/messages_package/share/ament_index/resource_index/packages/messages_package
[0.774s] -- Up-to-date: /home/sam/AST_Robot_Warehouse/install/messages_package/share/messages_package/cmake/messages_package__rosidl_generator_cExport.cmake
[0.774s] -- Up-to-date: /home/sam/AST_Robot_Warehouse/install/messages_package/share/messages_package/cmake/messages_package__rosidl_generator_cExport-noconfig.cmake
[0.774s] -- Up-to-date: /home/sam/AST_Robot_Warehouse/install/messages_package/share/messages_package/cmake/messages_package__rosidl_typesupport_introspection_cExport.cmake
[0.774s] -- Up-to-date: /home/sam/AST_Robot_Warehouse/install/messages_package/share/messages_package/cmake/messages_package__rosidl_typesupport_introspection_cExport-noconfig.cmake
[0.774s] -- Up-to-date: /home/sam/AST_Robot_Warehouse/install/messages_package/share/messages_package/cmake/messages_package__rosidl_typesupport_cExport.cmake
[0.774s] -- Up-to-date: /home/sam/AST_Robot_Warehouse/install/messages_package/share/messages_package/cmake/messages_package__rosidl_typesupport_cExport-noconfig.cmake
[0.774s] -- Up-to-date: /home/sam/AST_Robot_Warehouse/install/messages_package/share/messages_package/cmake/messages_package__rosidl_generator_cppExport.cmake
[0.774s] -- Up-to-date: /home/sam/AST_Robot_Warehouse/install/messages_package/share/messages_package/cmake/messages_package__rosidl_typesupport_introspection_cppExport.cmake
[0.775s] -- Up-to-date: /home/sam/AST_Robot_Warehouse/install/messages_package/share/messages_package/cmake/messages_package__rosidl_typesupport_introspection_cppExport-noconfig.cmake
[0.775s] -- Up-to-date: /home/sam/AST_Robot_Warehouse/install/messages_package/share/messages_package/cmake/messages_package__rosidl_typesupport_cppExport.cmake
[0.776s] -- Up-to-date: /home/sam/AST_Robot_Warehouse/install/messages_package/share/messages_package/cmake/messages_package__rosidl_typesupport_cppExport-noconfig.cmake
[0.777s] -- Up-to-date: /home/sam/AST_Robot_Warehouse/install/messages_package/share/messages_package/cmake/rosidl_cmake-extras.cmake
[0.777s] -- Up-to-date: /home/sam/AST_Robot_Warehouse/install/messages_package/share/messages_package/cmake/ament_cmake_export_dependencies-extras.cmake
[0.777s] -- Up-to-date: /home/sam/AST_Robot_Warehouse/install/messages_package/share/messages_package/cmake/ament_cmake_export_libraries-extras.cmake
[0.777s] -- Up-to-date: /home/sam/AST_Robot_Warehouse/install/messages_package/share/messages_package/cmake/ament_cmake_export_targets-extras.cmake
[0.777s] -- Up-to-date: /home/sam/AST_Robot_Warehouse/install/messages_package/share/messages_package/cmake/ament_cmake_export_include_directories-extras.cmake
[0.777s] -- Up-to-date: /home/sam/AST_Robot_Warehouse/install/messages_package/share/messages_package/cmake/rosidl_cmake_export_typesupport_libraries-extras.cmake
[0.778s] -- Up-to-date: /home/sam/AST_Robot_Warehouse/install/messages_package/share/messages_package/cmake/rosidl_cmake_export_typesupport_targets-extras.cmake
[0.778s] -- Up-to-date: /home/sam/AST_Robot_Warehouse/install/messages_package/share/messages_package/cmake/messages_packageConfig.cmake
[0.778s] -- Up-to-date: /home/sam/AST_Robot_Warehouse/install/messages_package/share/messages_package/cmake/messages_packageConfig-version.cmake
[0.778s] -- Up-to-date: /home/sam/AST_Robot_Warehouse/install/messages_package/share/messages_package/package.xml
[0.779s] Invoked command in '/home/sam/AST_Robot_Warehouse/build/messages_package' returned '0': CMAKE_PREFIX_PATH=${CMAKE_PREFIX_PATH}:/home/sam/AST_Robot_Warehouse/install/warehouse_robot_package:/home/sam/AST_Robot_Warehouse/install/py_srvcli:/home/sam/AST_Robot_Warehouse/install/py_pubsub:/opt/ros/foxy /usr/bin/cmake --install /home/sam/AST_Robot_Warehouse/build/messages_package
