[0.023s] Invoking command in '/home/kunal/AST_Robot_Warehouse/build/messages_package': CMAKE_PREFIX_PATH=/opt/ros/foxy /usr/bin/cmake /home/kunal/AST_Robot_Warehouse/src/messages_package -DCMAKE_INSTALL_PREFIX=/home/kunal/AST_Robot_Warehouse/install/messages_package
[0.248s] -- The C compiler identification is GNU 9.3.0
[0.494s] -- The CXX compiler identification is GNU 9.3.0
[0.591s] -- Check for working C compiler: /usr/bin/cc
[0.707s] -- Check for working C compiler: /usr/bin/cc -- works
[0.709s] -- Detecting C compiler ABI info
[0.831s] -- Detecting C compiler ABI info - done
[0.841s] -- Detecting C compile features
[0.842s] -- Detecting C compile features - done
[0.846s] -- Check for working CXX compiler: /usr/bin/c++
[0.991s] -- Check for working CXX compiler: /usr/bin/c++ -- works
[0.993s] -- Detecting CXX compiler ABI info
[1.122s] -- Detecting CXX compiler ABI info - done
[1.131s] -- Detecting CXX compile features
[1.132s] -- Detecting CXX compile features - done
[1.137s] -- Found ament_cmake: 0.9.9 (/opt/ros/foxy/share/ament_cmake/cmake)
[1.163s] -- Found PythonInterp: /usr/bin/python3 (found suitable version "3.8.10", minimum required is "3") 
[1.163s] -- Using PYTHON_EXECUTABLE: /usr/bin/python3
[1.343s] -- Found ament_lint_auto: 0.9.6 (/opt/ros/foxy/share/ament_lint_auto/cmake)
[1.413s] -- Found rosidl_default_generators: 1.0.1 (/opt/ros/foxy/share/rosidl_default_generators/cmake)
[1.419s] -- Using all available rosidl_typesupport_c: rosidl_typesupport_fastrtps_c;rosidl_typesupport_introspection_c
[1.428s] -- Found rosidl_adapter: 1.2.1 (/opt/ros/foxy/share/rosidl_adapter/cmake)
[2.517s] -- Found OpenSSL: /usr/lib/x86_64-linux-gnu/libcrypto.so (found version "1.1.1f")  
[3.407s] -- Found FastRTPS: /opt/ros/foxy/include  
[5.053s] -- Using all available rosidl_typesupport_cpp: rosidl_typesupport_fastrtps_cpp;rosidl_typesupport_introspection_cpp
[5.110s] -- Found PythonInterp: /usr/bin/python3 (found version "3.8.10") 
[5.344s] -- Found ament_cmake_ros: 0.9.2 (/opt/ros/foxy/share/ament_cmake_ros/cmake)
[8.860s] -- Using all available rosidl_typesupport_c: rosidl_typesupport_fastrtps_c;rosidl_typesupport_introspection_c
[8.891s] -- Using all available rosidl_typesupport_cpp: rosidl_typesupport_fastrtps_cpp;rosidl_typesupport_introspection_cpp
[8.911s] -- Found PythonInterp: /usr/bin/python3 (found suitable version "3.8.10", minimum required is "3.5") 
[8.914s] -- Found python_cmake_module: 0.8.1 (/opt/ros/foxy/share/python_cmake_module/cmake)
[9.204s] -- Found PythonLibs: /usr/lib/x86_64-linux-gnu/libpython3.8.so (found suitable version "3.8.10", minimum required is "3.5") 
[9.205s] -- Using PYTHON_EXECUTABLE: /usr/bin/python3
[9.205s] -- Using PYTHON_INCLUDE_DIRS: /usr/include/python3.8
[9.205s] -- Using PYTHON_LIBRARIES: /usr/lib/x86_64-linux-gnu/libpython3.8.so
[9.221s] -- Found PythonExtra: .so  
[9.301s] -- Added test 'copyright' to check source files copyright and LICENSE
[9.303s] -- Added test 'cppcheck' to perform static code analysis on C / C++ code
[9.304s] -- Configured cppcheck include dirs: $<BUILD_INTERFACE:/home/kunal/AST_Robot_Warehouse/src/messages_package/include>
[9.304s] -- Configured cppcheck exclude dirs and/or files: 
[9.306s] -- Added test 'cpplint' to check C / C++ code against the Google style
[9.306s] -- Configured cpplint exclude dirs and/or files: 
[9.307s] -- Added test 'lint_cmake' to check CMake code style
[9.309s] -- Added test 'uncrustify' to check C / C++ code style
[9.309s] -- Configured uncrustify additional arguments: 
[9.309s] -- Added test 'xmllint' to check XML markup files
[9.323s] -- Configuring done
[9.419s] -- Generating done
[9.425s] -- Build files have been written to: /home/kunal/AST_Robot_Warehouse/build/messages_package
[9.438s] Invoked command in '/home/kunal/AST_Robot_Warehouse/build/messages_package' returned '0': CMAKE_PREFIX_PATH=/opt/ros/foxy /usr/bin/cmake /home/kunal/AST_Robot_Warehouse/src/messages_package -DCMAKE_INSTALL_PREFIX=/home/kunal/AST_Robot_Warehouse/install/messages_package
[9.441s] Invoking command in '/home/kunal/AST_Robot_Warehouse/build/messages_package': CMAKE_PREFIX_PATH=/opt/ros/foxy /usr/bin/cmake --build /home/kunal/AST_Robot_Warehouse/build/messages_package -- -j16 -l16
[9.476s] [35m[1mScanning dependencies of target messages_package__cpp[0m
[9.478s] [35m[1mScanning dependencies of target messages_node[0m
[9.480s] [  1%] [34m[1mGenerating C code for ROS interfaces[0m
[9.487s] [  2%] [34m[1mGenerating C++ code for ROS interfaces[0m
[9.491s] [  2%] [32mBuilding CXX object CMakeFiles/messages_node.dir/src/messages_node.cpp.o[0m
[9.529s] [  3%] [32m[1mLinking CXX executable messages_node[0m
[9.653s] [  3%] Built target messages_node
[10.673s] [35m[1mScanning dependencies of target messages_package__rosidl_generator_c[0m
[10.683s] [  3%] Built target messages_package__cpp
[10.692s] [  4%] [32mBuilding C object CMakeFiles/messages_package__rosidl_generator_c.dir/rosidl_generator_c/messages_package/msg/detail/delivery__functions.c.o[0m
[10.692s] [  4%] [32mBuilding C object CMakeFiles/messages_package__rosidl_generator_c.dir/rosidl_generator_c/messages_package/msg/detail/robot_distance__functions.c.o[0m
[10.692s] [  5%] [32mBuilding C object CMakeFiles/messages_package__rosidl_generator_c.dir/rosidl_generator_c/messages_package/msg/detail/map__functions.c.o[0m
[10.693s] [  7%] [32mBuilding C object CMakeFiles/messages_package__rosidl_generator_c.dir/rosidl_generator_c/messages_package/msg/detail/item__functions.c.o[0m
[10.693s] [  7%] [32mBuilding C object CMakeFiles/messages_package__rosidl_generator_c.dir/rosidl_generator_c/messages_package/msg/detail/coordinates__functions.c.o[0m
[10.694s] [  8%] [32mBuilding C object CMakeFiles/messages_package__rosidl_generator_c.dir/rosidl_generator_c/messages_package/srv/detail/pick_up_item__functions.c.o[0m
[10.695s] [  9%] [32mBuilding C object CMakeFiles/messages_package__rosidl_generator_c.dir/rosidl_generator_c/messages_package/srv/detail/put_down_item__functions.c.o[0m
[10.695s] [ 10%] [32mBuilding C object CMakeFiles/messages_package__rosidl_generator_c.dir/rosidl_generator_c/messages_package/msg/detail/robot_location__functions.c.o[0m
[10.696s] [ 11%] [32mBuilding C object CMakeFiles/messages_package__rosidl_generator_c.dir/rosidl_generator_c/messages_package/srv/detail/delivery__functions.c.o[0m
[10.696s] [ 11%] [32mBuilding C object CMakeFiles/messages_package__rosidl_generator_c.dir/rosidl_generator_c/messages_package/msg/detail/row__functions.c.o[0m
[10.699s] [ 12%] [32mBuilding C object CMakeFiles/messages_package__rosidl_generator_c.dir/rosidl_generator_c/messages_package/action/detail/charge_robot__functions.c.o[0m
[10.699s] [ 12%] [32mBuilding C object CMakeFiles/messages_package__rosidl_generator_c.dir/rosidl_generator_c/messages_package/action/detail/order__functions.c.o[0m
[10.700s] [ 13%] [32mBuilding C object CMakeFiles/messages_package__rosidl_generator_c.dir/rosidl_generator_c/messages_package/action/detail/move_item__functions.c.o[0m
[10.704s] [ 14%] [34m[1mGenerating C++ introspection for ROS interfaces[0m
[10.706s] [ 15%] [34m[1mGenerating C++ type support dispatch for ROS interfaces[0m
[10.712s] [ 16%] [34m[1mGenerating C++ type support for eProsima Fast-RTPS[0m
[10.824s] [ 17%] [32m[1mLinking C shared library libmessages_package__rosidl_generator_c.so[0m
[10.926s] [ 17%] Built target messages_package__rosidl_generator_c
[10.938s] [ 17%] [34m[1mGenerating C introspection for ROS interfaces[0m
[10.938s] [ 18%] [34m[1mGenerating C type support dispatch for ROS interfaces[0m
[11.426s] [35m[1mScanning dependencies of target messages_package__rosidl_typesupport_cpp[0m
[11.447s] [ 21%] [32mBuilding CXX object CMakeFiles/messages_package__rosidl_typesupport_cpp.dir/rosidl_typesupport_cpp/messages_package/msg/robot_location__type_support.cpp.o[0m
[11.449s] [ 21%] [32mBuilding CXX object CMakeFiles/messages_package__rosidl_typesupport_cpp.dir/rosidl_typesupport_cpp/messages_package/msg/coordinates__type_support.cpp.o[0m
[11.450s] [ 21%] [32mBuilding CXX object CMakeFiles/messages_package__rosidl_typesupport_cpp.dir/rosidl_typesupport_cpp/messages_package/msg/delivery__type_support.cpp.o[0m
[11.450s] [ 22%] [32mBuilding CXX object CMakeFiles/messages_package__rosidl_typesupport_cpp.dir/rosidl_typesupport_cpp/messages_package/msg/robot_distance__type_support.cpp.o[0m
[11.450s] [ 23%] [32mBuilding CXX object CMakeFiles/messages_package__rosidl_typesupport_cpp.dir/rosidl_typesupport_cpp/messages_package/srv/pick_up_item__type_support.cpp.o[0m
[11.451s] [ 24%] [32mBuilding CXX object CMakeFiles/messages_package__rosidl_typesupport_cpp.dir/rosidl_typesupport_cpp/messages_package/msg/item__type_support.cpp.o[0m
[11.451s] [ 24%] [32mBuilding CXX object CMakeFiles/messages_package__rosidl_typesupport_cpp.dir/rosidl_typesupport_cpp/messages_package/srv/put_down_item__type_support.cpp.o[0m
[11.451s] [ 24%] [32mBuilding CXX object CMakeFiles/messages_package__rosidl_typesupport_cpp.dir/rosidl_typesupport_cpp/messages_package/msg/row__type_support.cpp.o[0m
[11.452s] [ 25%] [32mBuilding CXX object CMakeFiles/messages_package__rosidl_typesupport_cpp.dir/rosidl_typesupport_cpp/messages_package/srv/delivery__type_support.cpp.o[0m
[11.453s] [ 26%] [32mBuilding CXX object CMakeFiles/messages_package__rosidl_typesupport_cpp.dir/rosidl_typesupport_cpp/messages_package/msg/map__type_support.cpp.o[0m
[11.462s] [ 27%] [32mBuilding CXX object CMakeFiles/messages_package__rosidl_typesupport_cpp.dir/rosidl_typesupport_cpp/messages_package/action/charge_robot__type_support.cpp.o[0m
[11.472s] [ 27%] [32mBuilding CXX object CMakeFiles/messages_package__rosidl_typesupport_cpp.dir/rosidl_typesupport_cpp/messages_package/action/move_item__type_support.cpp.o[0m
[11.911s] [35m[1mScanning dependencies of target messages_package__rosidl_typesupport_c[0m
[11.978s] [ 28%] [32mBuilding CXX object CMakeFiles/messages_package__rosidl_typesupport_c.dir/rosidl_typesupport_c/messages_package/msg/coordinates__type_support.cpp.o[0m
[12.050s] [ 28%] [32mBuilding CXX object CMakeFiles/messages_package__rosidl_typesupport_c.dir/rosidl_typesupport_c/messages_package/msg/delivery__type_support.cpp.o[0m
[12.062s] [ 29%] [32mBuilding CXX object CMakeFiles/messages_package__rosidl_typesupport_cpp.dir/rosidl_typesupport_cpp/messages_package/action/order__type_support.cpp.o[0m
[12.076s] [ 30%] [32mBuilding CXX object CMakeFiles/messages_package__rosidl_typesupport_c.dir/rosidl_typesupport_c/messages_package/msg/item__type_support.cpp.o[0m
[12.082s] [ 31%] [32mBuilding CXX object CMakeFiles/messages_package__rosidl_typesupport_c.dir/rosidl_typesupport_c/messages_package/msg/robot_distance__type_support.cpp.o[0m
[12.091s] [ 32%] [32mBuilding CXX object CMakeFiles/messages_package__rosidl_typesupport_c.dir/rosidl_typesupport_c/messages_package/msg/map__type_support.cpp.o[0m
[12.092s] [ 33%] [32mBuilding CXX object CMakeFiles/messages_package__rosidl_typesupport_c.dir/rosidl_typesupport_c/messages_package/msg/robot_location__type_support.cpp.o[0m
[12.095s] [ 33%] [32mBuilding CXX object CMakeFiles/messages_package__rosidl_typesupport_c.dir/rosidl_typesupport_c/messages_package/msg/row__type_support.cpp.o[0m
[12.131s] [ 34%] [32mBuilding CXX object CMakeFiles/messages_package__rosidl_typesupport_c.dir/rosidl_typesupport_c/messages_package/srv/put_down_item__type_support.cpp.o[0m
[12.131s] [ 35%] [32mBuilding CXX object CMakeFiles/messages_package__rosidl_typesupport_c.dir/rosidl_typesupport_c/messages_package/srv/delivery__type_support.cpp.o[0m
[12.132s] [ 36%] [32mBuilding CXX object CMakeFiles/messages_package__rosidl_typesupport_c.dir/rosidl_typesupport_c/messages_package/srv/pick_up_item__type_support.cpp.o[0m
[12.137s] [ 37%] [32mBuilding CXX object CMakeFiles/messages_package__rosidl_typesupport_c.dir/rosidl_typesupport_c/messages_package/action/move_item__type_support.cpp.o[0m
[12.138s] [ 37%] [32mBuilding CXX object CMakeFiles/messages_package__rosidl_typesupport_c.dir/rosidl_typesupport_c/messages_package/action/charge_robot__type_support.cpp.o[0m
[12.140s] [ 38%] [32mBuilding CXX object CMakeFiles/messages_package__rosidl_typesupport_c.dir/rosidl_typesupport_c/messages_package/action/order__type_support.cpp.o[0m
[12.143s] [35m[1mScanning dependencies of target messages_package__rosidl_typesupport_introspection_cpp[0m
[12.176s] [ 39%] [32mBuilding CXX object CMakeFiles/messages_package__rosidl_typesupport_introspection_cpp.dir/rosidl_typesupport_introspection_cpp/messages_package/msg/detail/coordinates__type_support.cpp.o[0m
[12.177s] [ 39%] [32mBuilding CXX object CMakeFiles/messages_package__rosidl_typesupport_introspection_cpp.dir/rosidl_typesupport_introspection_cpp/messages_package/msg/detail/delivery__type_support.cpp.o[0m
[12.177s] [ 41%] [32mBuilding CXX object CMakeFiles/messages_package__rosidl_typesupport_introspection_cpp.dir/rosidl_typesupport_introspection_cpp/messages_package/msg/detail/robot_location__type_support.cpp.o[0m
[12.177s] [ 41%] [32mBuilding CXX object CMakeFiles/messages_package__rosidl_typesupport_introspection_cpp.dir/rosidl_typesupport_introspection_cpp/messages_package/msg/detail/robot_distance__type_support.cpp.o[0m
[12.180s] [ 43%] [32mBuilding CXX object CMakeFiles/messages_package__rosidl_typesupport_introspection_cpp.dir/rosidl_typesupport_introspection_cpp/messages_package/srv/detail/pick_up_item__type_support.cpp.o[0m
[12.181s] [ 44%] [32mBuilding CXX object CMakeFiles/messages_package__rosidl_typesupport_introspection_cpp.dir/rosidl_typesupport_introspection_cpp/messages_package/srv/detail/delivery__type_support.cpp.o[0m
[12.183s] [ 44%] [32mBuilding CXX object CMakeFiles/messages_package__rosidl_typesupport_introspection_cpp.dir/rosidl_typesupport_introspection_cpp/messages_package/msg/detail/map__type_support.cpp.o[0m
[12.185s] [ 45%] [32mBuilding CXX object CMakeFiles/messages_package__rosidl_typesupport_introspection_cpp.dir/rosidl_typesupport_introspection_cpp/messages_package/msg/detail/row__type_support.cpp.o[0m
[12.187s] [ 45%] [32mBuilding CXX object CMakeFiles/messages_package__rosidl_typesupport_introspection_cpp.dir/rosidl_typesupport_introspection_cpp/messages_package/msg/detail/item__type_support.cpp.o[0m
[12.220s] [ 45%] [32mBuilding CXX object CMakeFiles/messages_package__rosidl_typesupport_introspection_cpp.dir/rosidl_typesupport_introspection_cpp/messages_package/srv/detail/put_down_item__type_support.cpp.o[0m
[12.221s] [ 47%] [32mBuilding CXX object CMakeFiles/messages_package__rosidl_typesupport_introspection_cpp.dir/rosidl_typesupport_introspection_cpp/messages_package/action/detail/charge_robot__type_support.cpp.o[0m
[12.222s] [ 47%] [32m[1mLinking CXX shared library libmessages_package__rosidl_typesupport_c.so[0m
[12.455s] [35m[1mScanning dependencies of target messages_package__rosidl_typesupport_introspection_c[0m
[12.488s] [ 47%] Built target messages_package__rosidl_typesupport_c
[12.500s] [ 48%] [32mBuilding C object CMakeFiles/messages_package__rosidl_typesupport_introspection_c.dir/rosidl_typesupport_introspection_c/messages_package/msg/detail/coordinates__type_support.c.o[0m
[12.513s] [ 49%] [32mBuilding C object CMakeFiles/messages_package__rosidl_typesupport_introspection_c.dir/rosidl_typesupport_introspection_c/messages_package/msg/detail/delivery__type_support.c.o[0m
[12.536s] [ 50%] [32mBuilding C object CMakeFiles/messages_package__rosidl_typesupport_introspection_c.dir/rosidl_typesupport_introspection_c/messages_package/msg/detail/item__type_support.c.o[0m
[12.541s] [35m[1mScanning dependencies of target messages_package__rosidl_typesupport_fastrtps_cpp[0m
[12.594s] [ 51%] [32mBuilding C object CMakeFiles/messages_package__rosidl_typesupport_introspection_c.dir/rosidl_typesupport_introspection_c/messages_package/msg/detail/robot_distance__type_support.c.o[0m
[12.602s] [ 51%] [32mBuilding C object CMakeFiles/messages_package__rosidl_typesupport_introspection_c.dir/rosidl_typesupport_introspection_c/messages_package/msg/detail/robot_location__type_support.c.o[0m
[12.608s] [ 52%] [32mBuilding CXX object CMakeFiles/messages_package__rosidl_typesupport_fastrtps_cpp.dir/rosidl_typesupport_fastrtps_cpp/messages_package/msg/detail/dds_fastrtps/coordinates__type_support.cpp.o[0m
[12.622s] [ 53%] [32mBuilding C object CMakeFiles/messages_package__rosidl_typesupport_introspection_c.dir/rosidl_typesupport_introspection_c/messages_package/msg/detail/map__type_support.c.o[0m
[12.648s] [ 54%] [32mBuilding C object CMakeFiles/messages_package__rosidl_typesupport_introspection_c.dir/rosidl_typesupport_introspection_c/messages_package/msg/detail/row__type_support.c.o[0m
[12.676s] [ 55%] [32mBuilding C object CMakeFiles/messages_package__rosidl_typesupport_introspection_c.dir/rosidl_typesupport_introspection_c/messages_package/srv/detail/delivery__type_support.c.o[0m
[12.684s] [ 56%] [32m[1mLinking CXX shared library libmessages_package__rosidl_typesupport_cpp.so[0m
[12.686s] [ 57%] [32mBuilding CXX object CMakeFiles/messages_package__rosidl_typesupport_introspection_cpp.dir/rosidl_typesupport_introspection_cpp/messages_package/action/detail/move_item__type_support.cpp.o[0m
[12.700s] [ 57%] [32mBuilding C object CMakeFiles/messages_package__rosidl_typesupport_introspection_c.dir/rosidl_typesupport_introspection_c/messages_package/srv/detail/pick_up_item__type_support.c.o[0m
[12.702s] [ 58%] [32mBuilding C object CMakeFiles/messages_package__rosidl_typesupport_introspection_c.dir/rosidl_typesupport_introspection_c/messages_package/srv/detail/put_down_item__type_support.c.o[0m
[12.713s] [ 59%] [32mBuilding CXX object CMakeFiles/messages_package__rosidl_typesupport_introspection_cpp.dir/rosidl_typesupport_introspection_cpp/messages_package/action/detail/order__type_support.cpp.o[0m
[12.728s] [ 60%] [32mBuilding C object CMakeFiles/messages_package__rosidl_typesupport_introspection_c.dir/rosidl_typesupport_introspection_c/messages_package/action/detail/charge_robot__type_support.c.o[0m
[12.731s] [ 61%] [32mBuilding C object CMakeFiles/messages_package__rosidl_typesupport_introspection_c.dir/rosidl_typesupport_introspection_c/messages_package/action/detail/move_item__type_support.c.o[0m
[12.743s] [ 61%] [32mBuilding CXX object CMakeFiles/messages_package__rosidl_typesupport_fastrtps_cpp.dir/rosidl_typesupport_fastrtps_cpp/messages_package/msg/detail/dds_fastrtps/delivery__type_support.cpp.o[0m
[12.747s] [ 62%] [32mBuilding C object CMakeFiles/messages_package__rosidl_typesupport_introspection_c.dir/rosidl_typesupport_introspection_c/messages_package/action/detail/order__type_support.c.o[0m
[12.765s] [ 63%] [32mBuilding CXX object CMakeFiles/messages_package__rosidl_typesupport_fastrtps_cpp.dir/rosidl_typesupport_fastrtps_cpp/messages_package/msg/detail/dds_fastrtps/item__type_support.cpp.o[0m
[12.769s] [ 64%] [32mBuilding CXX object CMakeFiles/messages_package__rosidl_typesupport_fastrtps_cpp.dir/rosidl_typesupport_fastrtps_cpp/messages_package/msg/detail/dds_fastrtps/robot_distance__type_support.cpp.o[0m
[12.783s] [ 65%] [32mBuilding CXX object CMakeFiles/messages_package__rosidl_typesupport_fastrtps_cpp.dir/rosidl_typesupport_fastrtps_cpp/messages_package/msg/detail/dds_fastrtps/robot_location__type_support.cpp.o[0m
[12.784s] [ 65%] [32mBuilding CXX object CMakeFiles/messages_package__rosidl_typesupport_fastrtps_cpp.dir/rosidl_typesupport_fastrtps_cpp/messages_package/msg/detail/dds_fastrtps/map__type_support.cpp.o[0m
[12.821s] [ 66%] [32mBuilding CXX object CMakeFiles/messages_package__rosidl_typesupport_fastrtps_cpp.dir/rosidl_typesupport_fastrtps_cpp/messages_package/msg/detail/dds_fastrtps/row__type_support.cpp.o[0m
[12.824s] [ 67%] [32mBuilding CXX object CMakeFiles/messages_package__rosidl_typesupport_fastrtps_cpp.dir/rosidl_typesupport_fastrtps_cpp/messages_package/srv/detail/dds_fastrtps/delivery__type_support.cpp.o[0m
[12.832s] [ 68%] [32mBuilding CXX object CMakeFiles/messages_package__rosidl_typesupport_fastrtps_cpp.dir/rosidl_typesupport_fastrtps_cpp/messages_package/srv/detail/dds_fastrtps/pick_up_item__type_support.cpp.o[0m
[12.841s] [ 69%] [32mBuilding CXX object CMakeFiles/messages_package__rosidl_typesupport_fastrtps_cpp.dir/rosidl_typesupport_fastrtps_cpp/messages_package/srv/detail/dds_fastrtps/put_down_item__type_support.cpp.o[0m
[12.852s] [ 69%] [32m[1mLinking C shared library libmessages_package__rosidl_typesupport_introspection_c.so[0m
[12.859s] [ 69%] [32mBuilding CXX object CMakeFiles/messages_package__rosidl_typesupport_fastrtps_cpp.dir/rosidl_typesupport_fastrtps_cpp/messages_package/action/detail/dds_fastrtps/charge_robot__type_support.cpp.o[0m
[12.964s] [ 70%] [32mBuilding CXX object CMakeFiles/messages_package__rosidl_typesupport_fastrtps_cpp.dir/rosidl_typesupport_fastrtps_cpp/messages_package/action/detail/dds_fastrtps/move_item__type_support.cpp.o[0m
[13.074s] [ 70%] Built target messages_package__rosidl_typesupport_cpp
[13.096s] [ 71%] [32mBuilding CXX object CMakeFiles/messages_package__rosidl_typesupport_fastrtps_cpp.dir/rosidl_typesupport_fastrtps_cpp/messages_package/action/detail/dds_fastrtps/order__type_support.cpp.o[0m
[13.215s] [ 71%] Built target messages_package__rosidl_typesupport_introspection_c
[13.681s] [ 72%] [32m[1mLinking CXX shared library libmessages_package__rosidl_typesupport_introspection_cpp.so[0m
[13.888s] [ 72%] Built target messages_package__rosidl_typesupport_introspection_cpp
[13.959s] [ 73%] [32m[1mLinking CXX shared library libmessages_package__rosidl_typesupport_fastrtps_cpp.so[0m
[14.136s] [ 73%] Built target messages_package__rosidl_typesupport_fastrtps_cpp
[14.147s] [ 74%] [34m[1mGenerating C type support for eProsima Fast-RTPS[0m
[15.105s] [35m[1mScanning dependencies of target messages_package__rosidl_typesupport_fastrtps_c[0m
[15.133s] [ 74%] [32mBuilding CXX object CMakeFiles/messages_package__rosidl_typesupport_fastrtps_c.dir/rosidl_typesupport_fastrtps_c/messages_package/msg/detail/coordinates__type_support_c.cpp.o[0m
[15.133s] [ 75%] [32mBuilding CXX object CMakeFiles/messages_package__rosidl_typesupport_fastrtps_c.dir/rosidl_typesupport_fastrtps_c/messages_package/msg/detail/delivery__type_support_c.cpp.o[0m
[15.134s] [ 78%] [32mBuilding CXX object CMakeFiles/messages_package__rosidl_typesupport_fastrtps_c.dir/rosidl_typesupport_fastrtps_c/messages_package/msg/detail/robot_location__type_support_c.cpp.o[0m
[15.134s] [ 78%] [32mBuilding CXX object CMakeFiles/messages_package__rosidl_typesupport_fastrtps_c.dir/rosidl_typesupport_fastrtps_c/messages_package/msg/detail/robot_distance__type_support_c.cpp.o[0m
[15.134s] [ 78%] [32mBuilding CXX object CMakeFiles/messages_package__rosidl_typesupport_fastrtps_c.dir/rosidl_typesupport_fastrtps_c/messages_package/msg/detail/item__type_support_c.cpp.o[0m
[15.135s] [ 79%] [32mBuilding CXX object CMakeFiles/messages_package__rosidl_typesupport_fastrtps_c.dir/rosidl_typesupport_fastrtps_c/messages_package/msg/detail/map__type_support_c.cpp.o[0m
[15.135s] [ 79%] [32mBuilding CXX object CMakeFiles/messages_package__rosidl_typesupport_fastrtps_c.dir/rosidl_typesupport_fastrtps_c/messages_package/msg/detail/row__type_support_c.cpp.o[0m
[15.138s] [ 83%] [32mBuilding CXX object CMakeFiles/messages_package__rosidl_typesupport_fastrtps_c.dir/rosidl_typesupport_fastrtps_c/messages_package/action/detail/move_item__type_support_c.cpp.o[0m
[15.138s] [ 81%] [32mBuilding CXX object CMakeFiles/messages_package__rosidl_typesupport_fastrtps_c.dir/rosidl_typesupport_fastrtps_c/messages_package/srv/detail/put_down_item__type_support_c.cpp.o[0m
[15.138s] [ 81%] [32mBuilding CXX object CMakeFiles/messages_package__rosidl_typesupport_fastrtps_c.dir/rosidl_typesupport_fastrtps_c/messages_package/srv/detail/pick_up_item__type_support_c.cpp.o[0m
[15.138s] [ 83%] [32mBuilding CXX object CMakeFiles/messages_package__rosidl_typesupport_fastrtps_c.dir/rosidl_typesupport_fastrtps_c/messages_package/action/detail/charge_robot__type_support_c.cpp.o[0m
[15.138s] [ 83%] [32mBuilding CXX object CMakeFiles/messages_package__rosidl_typesupport_fastrtps_c.dir/rosidl_typesupport_fastrtps_c/messages_package/srv/detail/delivery__type_support_c.cpp.o[0m
[15.139s] [ 84%] [32mBuilding CXX object CMakeFiles/messages_package__rosidl_typesupport_fastrtps_c.dir/rosidl_typesupport_fastrtps_c/messages_package/action/detail/order__type_support_c.cpp.o[0m
[15.785s] [ 85%] [32m[1mLinking CXX shared library libmessages_package__rosidl_typesupport_fastrtps_c.so[0m
[15.947s] [ 85%] Built target messages_package__rosidl_typesupport_fastrtps_c
[15.955s] [35m[1mScanning dependencies of target messages_package[0m
[15.964s] [ 85%] Built target messages_package
[15.973s] [35m[1mScanning dependencies of target messages_package__py[0m
[15.982s] [ 86%] [34m[1mGenerating Python code for ROS interfaces[0m
[18.412s] [ 86%] Built target messages_package__py
[18.425s] [35m[1mScanning dependencies of target messages_package__python[0m
[18.457s] [ 89%] [32mBuilding C object CMakeFiles/messages_package__python.dir/rosidl_generator_py/messages_package/msg/_robot_location_s.c.o[0m
[18.457s] [ 89%] [32mBuilding C object CMakeFiles/messages_package__python.dir/rosidl_generator_py/messages_package/msg/_map_s.c.o[0m
[18.458s] [ 89%] [32mBuilding C object CMakeFiles/messages_package__python.dir/rosidl_generator_py/messages_package/msg/_coordinates_s.c.o[0m
[18.458s] [ 89%] [32mBuilding C object CMakeFiles/messages_package__python.dir/rosidl_generator_py/messages_package/msg/_robot_distance_s.c.o[0m
[18.458s] [ 89%] [32mBuilding C object CMakeFiles/messages_package__python.dir/rosidl_generator_py/messages_package/msg/_delivery_s.c.o[0m
[18.459s] [ 90%] [32mBuilding C object CMakeFiles/messages_package__python.dir/rosidl_generator_py/messages_package/msg/_item_s.c.o[0m
[18.459s] [ 91%] [32mBuilding C object CMakeFiles/messages_package__python.dir/rosidl_generator_py/messages_package/msg/_row_s.c.o[0m
[18.460s] [ 93%] [32mBuilding C object CMakeFiles/messages_package__python.dir/rosidl_generator_py/messages_package/srv/_put_down_item_s.c.o[0m
[18.460s] [ 93%] [32mBuilding C object CMakeFiles/messages_package__python.dir/rosidl_generator_py/messages_package/srv/_pick_up_item_s.c.o[0m
[18.461s] [ 93%] [32mBuilding C object CMakeFiles/messages_package__python.dir/rosidl_generator_py/messages_package/srv/_delivery_s.c.o[0m
[18.461s] [ 95%] [32mBuilding C object CMakeFiles/messages_package__python.dir/rosidl_generator_py/messages_package/action/_move_item_s.c.o[0m
[18.461s] [ 95%] [32mBuilding C object CMakeFiles/messages_package__python.dir/rosidl_generator_py/messages_package/action/_order_s.c.o[0m
[18.462s] [ 96%] [32mBuilding C object CMakeFiles/messages_package__python.dir/rosidl_generator_py/messages_package/action/_charge_robot_s.c.o[0m
[18.709s] [ 96%] [32m[1mLinking C shared library rosidl_generator_py/messages_package/libmessages_package__python.so[0m
[18.805s] [ 96%] Built target messages_package__python
[18.814s] [35m[1mScanning dependencies of target messages_package__rosidl_typesupport_fastrtps_c__pyext[0m
[18.815s] [35m[1mScanning dependencies of target messages_package__rosidl_typesupport_c__pyext[0m
[18.815s] [35m[1mScanning dependencies of target messages_package__rosidl_typesupport_introspection_c__pyext[0m
[18.832s] [ 96%] [32mBuilding C object CMakeFiles/messages_package__rosidl_typesupport_c__pyext.dir/rosidl_generator_py/messages_package/_messages_package_s.ep.rosidl_typesupport_c.c.o[0m
[18.833s] [ 97%] [32mBuilding C object CMakeFiles/messages_package__rosidl_typesupport_introspection_c__pyext.dir/rosidl_generator_py/messages_package/_messages_package_s.ep.rosidl_typesupport_introspection_c.c.o[0m
[18.834s] [ 97%] [32mBuilding C object CMakeFiles/messages_package__rosidl_typesupport_fastrtps_c__pyext.dir/rosidl_generator_py/messages_package/_messages_package_s.ep.rosidl_typesupport_fastrtps_c.c.o[0m
[19.007s] [ 98%] [32m[1mLinking C shared library rosidl_generator_py/messages_package/messages_package_s__rosidl_typesupport_c.cpython-38-x86_64-linux-gnu.so[0m
[19.008s] [ 99%] [32m[1mLinking C shared library rosidl_generator_py/messages_package/messages_package_s__rosidl_typesupport_introspection_c.cpython-38-x86_64-linux-gnu.so[0m
[19.013s] [100%] [32m[1mLinking CXX shared library rosidl_generator_py/messages_package/messages_package_s__rosidl_typesupport_fastrtps_c.cpython-38-x86_64-linux-gnu.so[0m
[19.096s] [100%] Built target messages_package__rosidl_typesupport_introspection_c__pyext
[19.105s] [100%] Built target messages_package__rosidl_typesupport_c__pyext
[19.144s] [100%] Built target messages_package__rosidl_typesupport_fastrtps_c__pyext
[19.156s] Invoked command in '/home/kunal/AST_Robot_Warehouse/build/messages_package' returned '0': CMAKE_PREFIX_PATH=/opt/ros/foxy /usr/bin/cmake --build /home/kunal/AST_Robot_Warehouse/build/messages_package -- -j16 -l16
[19.368s] Invoking command in '/home/kunal/AST_Robot_Warehouse/build/messages_package': CMAKE_PREFIX_PATH=/opt/ros/foxy /usr/bin/cmake --install /home/kunal/AST_Robot_Warehouse/build/messages_package
[19.376s] -- Install configuration: ""
[19.379s] -- Installing: /home/kunal/AST_Robot_Warehouse/install/messages_package/lib/messages_package/messages_node
[19.380s] -- Up-to-date: /home/kunal/AST_Robot_Warehouse/install/messages_package/share/ament_index/resource_index/rosidl_interfaces/messages_package
[19.380s] -- Up-to-date: /home/kunal/AST_Robot_Warehouse/install/messages_package/include/messages_package
[19.380s] -- Up-to-date: /home/kunal/AST_Robot_Warehouse/install/messages_package/include/messages_package/srv
[19.381s] -- Installing: /home/kunal/AST_Robot_Warehouse/install/messages_package/include/messages_package/srv/delivery.h
[19.381s] -- Installing: /home/kunal/AST_Robot_Warehouse/install/messages_package/include/messages_package/srv/put_down_item.h
[19.382s] -- Installing: /home/kunal/AST_Robot_Warehouse/install/messages_package/include/messages_package/srv/pick_up_item.h
[19.383s] -- Up-to-date: /home/kunal/AST_Robot_Warehouse/install/messages_package/include/messages_package/srv/detail
[19.383s] -- Installing: /home/kunal/AST_Robot_Warehouse/install/messages_package/include/messages_package/srv/detail/put_down_item__functions.c
[19.383s] -- Installing: /home/kunal/AST_Robot_Warehouse/install/messages_package/include/messages_package/srv/detail/delivery__type_support.h
[19.384s] -- Installing: /home/kunal/AST_Robot_Warehouse/install/messages_package/include/messages_package/srv/detail/delivery__functions.h
[19.385s] -- Installing: /home/kunal/AST_Robot_Warehouse/install/messages_package/include/messages_package/srv/detail/pick_up_item__struct.h
[19.385s] -- Installing: /home/kunal/AST_Robot_Warehouse/install/messages_package/include/messages_package/srv/detail/put_down_item__type_support.h
[19.386s] -- Installing: /home/kunal/AST_Robot_Warehouse/install/messages_package/include/messages_package/srv/detail/put_down_item__functions.h
[19.386s] -- Installing: /home/kunal/AST_Robot_Warehouse/install/messages_package/include/messages_package/srv/detail/delivery__struct.h
[19.387s] -- Installing: /home/kunal/AST_Robot_Warehouse/install/messages_package/include/messages_package/srv/detail/pick_up_item__type_support.h
[19.387s] -- Installing: /home/kunal/AST_Robot_Warehouse/install/messages_package/include/messages_package/srv/detail/pick_up_item__functions.h
[19.387s] -- Installing: /home/kunal/AST_Robot_Warehouse/install/messages_package/include/messages_package/srv/detail/pick_up_item__functions.c
[19.387s] -- Installing: /home/kunal/AST_Robot_Warehouse/install/messages_package/include/messages_package/srv/detail/delivery__functions.c
[19.388s] -- Installing: /home/kunal/AST_Robot_Warehouse/install/messages_package/include/messages_package/srv/detail/put_down_item__struct.h
[19.388s] -- Up-to-date: /home/kunal/AST_Robot_Warehouse/install/messages_package/include/messages_package/msg
[19.388s] -- Installing: /home/kunal/AST_Robot_Warehouse/install/messages_package/include/messages_package/msg/delivery.h
[19.389s] -- Installing: /home/kunal/AST_Robot_Warehouse/install/messages_package/include/messages_package/msg/robot_distance.h
[19.389s] -- Installing: /home/kunal/AST_Robot_Warehouse/install/messages_package/include/messages_package/msg/row.h
[19.389s] -- Installing: /home/kunal/AST_Robot_Warehouse/install/messages_package/include/messages_package/msg/robot_location.h
[19.389s] -- Installing: /home/kunal/AST_Robot_Warehouse/install/messages_package/include/messages_package/msg/map.h
[19.390s] -- Installing: /home/kunal/AST_Robot_Warehouse/install/messages_package/include/messages_package/msg/coordinates.h
[19.390s] -- Installing: /home/kunal/AST_Robot_Warehouse/install/messages_package/include/messages_package/msg/item.h
[19.390s] -- Up-to-date: /home/kunal/AST_Robot_Warehouse/install/messages_package/include/messages_package/msg/rosidl_generator_c__visibility_control.h
[19.391s] -- Up-to-date: /home/kunal/AST_Robot_Warehouse/install/messages_package/include/messages_package/msg/detail
[19.391s] -- Installing: /home/kunal/AST_Robot_Warehouse/install/messages_package/include/messages_package/msg/detail/robot_distance__functions.h
[19.391s] -- Installing: /home/kunal/AST_Robot_Warehouse/install/messages_package/include/messages_package/msg/detail/robot_distance__struct.h
[19.391s] -- Installing: /home/kunal/AST_Robot_Warehouse/install/messages_package/include/messages_package/msg/detail/row__type_support.h
[19.392s] -- Installing: /home/kunal/AST_Robot_Warehouse/install/messages_package/include/messages_package/msg/detail/item__type_support.h
[19.392s] -- Installing: /home/kunal/AST_Robot_Warehouse/install/messages_package/include/messages_package/msg/detail/row__struct.h
[19.392s] -- Installing: /home/kunal/AST_Robot_Warehouse/install/messages_package/include/messages_package/msg/detail/map__type_support.h
[19.393s] -- Installing: /home/kunal/AST_Robot_Warehouse/install/messages_package/include/messages_package/msg/detail/coordinates__functions.h
[19.393s] -- Installing: /home/kunal/AST_Robot_Warehouse/install/messages_package/include/messages_package/msg/detail/delivery__type_support.h
[19.393s] -- Installing: /home/kunal/AST_Robot_Warehouse/install/messages_package/include/messages_package/msg/detail/delivery__functions.h
[19.393s] -- Installing: /home/kunal/AST_Robot_Warehouse/install/messages_package/include/messages_package/msg/detail/robot_distance__type_support.h
[19.393s] -- Installing: /home/kunal/AST_Robot_Warehouse/install/messages_package/include/messages_package/msg/detail/row__functions.h
[19.393s] -- Installing: /home/kunal/AST_Robot_Warehouse/install/messages_package/include/messages_package/msg/detail/robot_location__type_support.h
[19.394s] -- Installing: /home/kunal/AST_Robot_Warehouse/install/messages_package/include/messages_package/msg/detail/robot_location__struct.h
[19.394s] -- Installing: /home/kunal/AST_Robot_Warehouse/install/messages_package/include/messages_package/msg/detail/coordinates__functions.c
[19.394s] -- Installing: /home/kunal/AST_Robot_Warehouse/install/messages_package/include/messages_package/msg/detail/robot_location__functions.c
[19.394s] -- Installing: /home/kunal/AST_Robot_Warehouse/install/messages_package/include/messages_package/msg/detail/coordinates__type_support.h
[19.394s] -- Installing: /home/kunal/AST_Robot_Warehouse/install/messages_package/include/messages_package/msg/detail/robot_location__functions.h
[19.394s] -- Installing: /home/kunal/AST_Robot_Warehouse/install/messages_package/include/messages_package/msg/detail/item__struct.h
[19.394s] -- Installing: /home/kunal/AST_Robot_Warehouse/install/messages_package/include/messages_package/msg/detail/item__functions.c
[19.394s] -- Installing: /home/kunal/AST_Robot_Warehouse/install/messages_package/include/messages_package/msg/detail/delivery__struct.h
[19.395s] -- Installing: /home/kunal/AST_Robot_Warehouse/install/messages_package/include/messages_package/msg/detail/robot_distance__functions.c
[19.395s] -- Installing: /home/kunal/AST_Robot_Warehouse/install/messages_package/include/messages_package/msg/detail/map__struct.h
[19.395s] -- Installing: /home/kunal/AST_Robot_Warehouse/install/messages_package/include/messages_package/msg/detail/map__functions.c
[19.396s] -- Installing: /home/kunal/AST_Robot_Warehouse/install/messages_package/include/messages_package/msg/detail/map__functions.h
[19.396s] -- Installing: /home/kunal/AST_Robot_Warehouse/install/messages_package/include/messages_package/msg/detail/delivery__functions.c
[19.396s] -- Installing: /home/kunal/AST_Robot_Warehouse/install/messages_package/include/messages_package/msg/detail/item__functions.h
[19.397s] -- Installing: /home/kunal/AST_Robot_Warehouse/install/messages_package/include/messages_package/msg/detail/coordinates__struct.h
[19.398s] -- Installing: /home/kunal/AST_Robot_Warehouse/install/messages_package/include/messages_package/msg/detail/row__functions.c
[19.398s] -- Up-to-date: /home/kunal/AST_Robot_Warehouse/install/messages_package/include/messages_package/action
[19.398s] -- Installing: /home/kunal/AST_Robot_Warehouse/install/messages_package/include/messages_package/action/move_item.h
[19.398s] -- Installing: /home/kunal/AST_Robot_Warehouse/install/messages_package/include/messages_package/action/order.h
[19.398s] -- Installing: /home/kunal/AST_Robot_Warehouse/install/messages_package/include/messages_package/action/charge_robot.h
[19.398s] -- Up-to-date: /home/kunal/AST_Robot_Warehouse/install/messages_package/include/messages_package/action/detail
[19.398s] -- Installing: /home/kunal/AST_Robot_Warehouse/install/messages_package/include/messages_package/action/detail/order__type_support.h
[19.398s] -- Installing: /home/kunal/AST_Robot_Warehouse/install/messages_package/include/messages_package/action/detail/order__functions.c
[19.399s] -- Installing: /home/kunal/AST_Robot_Warehouse/install/messages_package/include/messages_package/action/detail/move_item__type_support.h
[19.399s] -- Installing: /home/kunal/AST_Robot_Warehouse/install/messages_package/include/messages_package/action/detail/move_item__functions.h
[19.399s] -- Installing: /home/kunal/AST_Robot_Warehouse/install/messages_package/include/messages_package/action/detail/charge_robot__struct.h
[19.399s] -- Installing: /home/kunal/AST_Robot_Warehouse/install/messages_package/include/messages_package/action/detail/order__functions.h
[19.399s] -- Installing: /home/kunal/AST_Robot_Warehouse/install/messages_package/include/messages_package/action/detail/order__struct.h
[19.399s] -- Installing: /home/kunal/AST_Robot_Warehouse/install/messages_package/include/messages_package/action/detail/move_item__functions.c
[19.399s] -- Installing: /home/kunal/AST_Robot_Warehouse/install/messages_package/include/messages_package/action/detail/charge_robot__type_support.h
[19.399s] -- Installing: /home/kunal/AST_Robot_Warehouse/install/messages_package/include/messages_package/action/detail/move_item__struct.h
[19.399s] -- Installing: /home/kunal/AST_Robot_Warehouse/install/messages_package/include/messages_package/action/detail/charge_robot__functions.c
[19.400s] -- Installing: /home/kunal/AST_Robot_Warehouse/install/messages_package/include/messages_package/action/detail/charge_robot__functions.h
[19.400s] -- Up-to-date: /home/kunal/AST_Robot_Warehouse/install/messages_package/share/messages_package/environment/library_path.sh
[19.400s] -- Installing: /home/kunal/AST_Robot_Warehouse/install/messages_package/share/messages_package/environment/library_path.dsv
[19.401s] -- Installing: /home/kunal/AST_Robot_Warehouse/install/messages_package/lib/libmessages_package__rosidl_generator_c.so
[19.401s] -- Set runtime path of "/home/kunal/AST_Robot_Warehouse/install/messages_package/lib/libmessages_package__rosidl_generator_c.so" to ""
[19.401s] -- Up-to-date: /home/kunal/AST_Robot_Warehouse/install/messages_package/include/messages_package
[19.401s] -- Up-to-date: /home/kunal/AST_Robot_Warehouse/install/messages_package/include/messages_package/srv
[19.402s] -- Up-to-date: /home/kunal/AST_Robot_Warehouse/install/messages_package/include/messages_package/srv/detail
[19.402s] -- Installing: /home/kunal/AST_Robot_Warehouse/install/messages_package/include/messages_package/srv/detail/put_down_item__rosidl_typesupport_fastrtps_c.h
[19.402s] -- Installing: /home/kunal/AST_Robot_Warehouse/install/messages_package/include/messages_package/srv/detail/pick_up_item__rosidl_typesupport_fastrtps_c.h
[19.402s] -- Installing: /home/kunal/AST_Robot_Warehouse/install/messages_package/include/messages_package/srv/detail/delivery__rosidl_typesupport_fastrtps_c.h
[19.402s] -- Up-to-date: /home/kunal/AST_Robot_Warehouse/install/messages_package/include/messages_package/msg
[19.403s] -- Up-to-date: /home/kunal/AST_Robot_Warehouse/install/messages_package/include/messages_package/msg/rosidl_typesupport_fastrtps_c__visibility_control.h
[19.403s] -- Up-to-date: /home/kunal/AST_Robot_Warehouse/install/messages_package/include/messages_package/msg/detail
[19.403s] -- Installing: /home/kunal/AST_Robot_Warehouse/install/messages_package/include/messages_package/msg/detail/map__rosidl_typesupport_fastrtps_c.h
[19.403s] -- Installing: /home/kunal/AST_Robot_Warehouse/install/messages_package/include/messages_package/msg/detail/robot_distance__rosidl_typesupport_fastrtps_c.h
[19.403s] -- Installing: /home/kunal/AST_Robot_Warehouse/install/messages_package/include/messages_package/msg/detail/robot_location__rosidl_typesupport_fastrtps_c.h
[19.404s] -- Installing: /home/kunal/AST_Robot_Warehouse/install/messages_package/include/messages_package/msg/detail/coordinates__rosidl_typesupport_fastrtps_c.h
[19.404s] -- Installing: /home/kunal/AST_Robot_Warehouse/install/messages_package/include/messages_package/msg/detail/item__rosidl_typesupport_fastrtps_c.h
[19.404s] -- Installing: /home/kunal/AST_Robot_Warehouse/install/messages_package/include/messages_package/msg/detail/row__rosidl_typesupport_fastrtps_c.h
[19.404s] -- Installing: /home/kunal/AST_Robot_Warehouse/install/messages_package/include/messages_package/msg/detail/delivery__rosidl_typesupport_fastrtps_c.h
[19.404s] -- Up-to-date: /home/kunal/AST_Robot_Warehouse/install/messages_package/include/messages_package/action
[19.404s] -- Up-to-date: /home/kunal/AST_Robot_Warehouse/install/messages_package/include/messages_package/action/detail
[19.404s] -- Installing: /home/kunal/AST_Robot_Warehouse/install/messages_package/include/messages_package/action/detail/charge_robot__rosidl_typesupport_fastrtps_c.h
[19.405s] -- Installing: /home/kunal/AST_Robot_Warehouse/install/messages_package/include/messages_package/action/detail/order__rosidl_typesupport_fastrtps_c.h
[19.405s] -- Installing: /home/kunal/AST_Robot_Warehouse/install/messages_package/include/messages_package/action/detail/move_item__rosidl_typesupport_fastrtps_c.h
[19.405s] -- Installing: /home/kunal/AST_Robot_Warehouse/install/messages_package/lib/libmessages_package__rosidl_typesupport_fastrtps_c.so
[19.405s] -- Set runtime path of "/home/kunal/AST_Robot_Warehouse/install/messages_package/lib/libmessages_package__rosidl_typesupport_fastrtps_c.so" to ""
[19.405s] -- Up-to-date: /home/kunal/AST_Robot_Warehouse/install/messages_package/include/messages_package
[19.405s] -- Up-to-date: /home/kunal/AST_Robot_Warehouse/install/messages_package/include/messages_package/srv
[19.405s] -- Up-to-date: /home/kunal/AST_Robot_Warehouse/install/messages_package/include/messages_package/srv/detail
[19.405s] -- Installing: /home/kunal/AST_Robot_Warehouse/install/messages_package/include/messages_package/srv/detail/pick_up_item__rosidl_typesupport_fastrtps_cpp.hpp
[19.405s] -- Installing: /home/kunal/AST_Robot_Warehouse/install/messages_package/include/messages_package/srv/detail/delivery__rosidl_typesupport_fastrtps_cpp.hpp
[19.406s] -- Up-to-date: /home/kunal/AST_Robot_Warehouse/install/messages_package/include/messages_package/srv/detail/dds_fastrtps
[19.406s] -- Installing: /home/kunal/AST_Robot_Warehouse/install/messages_package/include/messages_package/srv/detail/put_down_item__rosidl_typesupport_fastrtps_cpp.hpp
[19.406s] -- Up-to-date: /home/kunal/AST_Robot_Warehouse/install/messages_package/include/messages_package/msg
[19.406s] -- Up-to-date: /home/kunal/AST_Robot_Warehouse/install/messages_package/include/messages_package/msg/rosidl_typesupport_fastrtps_cpp__visibility_control.h
[19.406s] -- Up-to-date: /home/kunal/AST_Robot_Warehouse/install/messages_package/include/messages_package/msg/detail
[19.406s] -- Installing: /home/kunal/AST_Robot_Warehouse/install/messages_package/include/messages_package/msg/detail/item__rosidl_typesupport_fastrtps_cpp.hpp
[19.406s] -- Installing: /home/kunal/AST_Robot_Warehouse/install/messages_package/include/messages_package/msg/detail/delivery__rosidl_typesupport_fastrtps_cpp.hpp
[19.406s] -- Installing: /home/kunal/AST_Robot_Warehouse/install/messages_package/include/messages_package/msg/detail/row__rosidl_typesupport_fastrtps_cpp.hpp
[19.407s] -- Installing: /home/kunal/AST_Robot_Warehouse/install/messages_package/include/messages_package/msg/detail/coordinates__rosidl_typesupport_fastrtps_cpp.hpp
[19.407s] -- Up-to-date: /home/kunal/AST_Robot_Warehouse/install/messages_package/include/messages_package/msg/detail/dds_fastrtps
[19.407s] -- Installing: /home/kunal/AST_Robot_Warehouse/install/messages_package/include/messages_package/msg/detail/map__rosidl_typesupport_fastrtps_cpp.hpp
[19.407s] -- Installing: /home/kunal/AST_Robot_Warehouse/install/messages_package/include/messages_package/msg/detail/robot_distance__rosidl_typesupport_fastrtps_cpp.hpp
[19.407s] -- Installing: /home/kunal/AST_Robot_Warehouse/install/messages_package/include/messages_package/msg/detail/robot_location__rosidl_typesupport_fastrtps_cpp.hpp
[19.408s] -- Up-to-date: /home/kunal/AST_Robot_Warehouse/install/messages_package/include/messages_package/action
[19.408s] -- Up-to-date: /home/kunal/AST_Robot_Warehouse/install/messages_package/include/messages_package/action/detail
[19.409s] -- Installing: /home/kunal/AST_Robot_Warehouse/install/messages_package/include/messages_package/action/detail/move_item__rosidl_typesupport_fastrtps_cpp.hpp
[19.409s] -- Up-to-date: /home/kunal/AST_Robot_Warehouse/install/messages_package/include/messages_package/action/detail/dds_fastrtps
[19.409s] -- Installing: /home/kunal/AST_Robot_Warehouse/install/messages_package/include/messages_package/action/detail/order__rosidl_typesupport_fastrtps_cpp.hpp
[19.410s] -- Installing: /home/kunal/AST_Robot_Warehouse/install/messages_package/include/messages_package/action/detail/charge_robot__rosidl_typesupport_fastrtps_cpp.hpp
[19.410s] -- Installing: /home/kunal/AST_Robot_Warehouse/install/messages_package/lib/libmessages_package__rosidl_typesupport_fastrtps_cpp.so
[19.410s] -- Set runtime path of "/home/kunal/AST_Robot_Warehouse/install/messages_package/lib/libmessages_package__rosidl_typesupport_fastrtps_cpp.so" to ""
[19.410s] -- Up-to-date: /home/kunal/AST_Robot_Warehouse/install/messages_package/include/messages_package
[19.411s] -- Up-to-date: /home/kunal/AST_Robot_Warehouse/install/messages_package/include/messages_package/srv
[19.411s] -- Up-to-date: /home/kunal/AST_Robot_Warehouse/install/messages_package/include/messages_package/srv/detail
[19.411s] -- Installing: /home/kunal/AST_Robot_Warehouse/install/messages_package/include/messages_package/srv/detail/pick_up_item__rosidl_typesupport_introspection_c.h
[19.412s] -- Installing: /home/kunal/AST_Robot_Warehouse/install/messages_package/include/messages_package/srv/detail/delivery__type_support.c
[19.412s] -- Installing: /home/kunal/AST_Robot_Warehouse/install/messages_package/include/messages_package/srv/detail/delivery__rosidl_typesupport_introspection_c.h
[19.412s] -- Installing: /home/kunal/AST_Robot_Warehouse/install/messages_package/include/messages_package/srv/detail/pick_up_item__type_support.c
[19.413s] -- Installing: /home/kunal/AST_Robot_Warehouse/install/messages_package/include/messages_package/srv/detail/put_down_item__rosidl_typesupport_introspection_c.h
[19.413s] -- Installing: /home/kunal/AST_Robot_Warehouse/install/messages_package/include/messages_package/srv/detail/put_down_item__type_support.c
[19.414s] -- Up-to-date: /home/kunal/AST_Robot_Warehouse/install/messages_package/include/messages_package/msg
[19.414s] -- Up-to-date: /home/kunal/AST_Robot_Warehouse/install/messages_package/include/messages_package/msg/rosidl_typesupport_introspection_c__visibility_control.h
[19.414s] -- Up-to-date: /home/kunal/AST_Robot_Warehouse/install/messages_package/include/messages_package/msg/detail
[19.415s] -- Installing: /home/kunal/AST_Robot_Warehouse/install/messages_package/include/messages_package/msg/detail/map__type_support.c
[19.415s] -- Installing: /home/kunal/AST_Robot_Warehouse/install/messages_package/include/messages_package/msg/detail/robot_distance__rosidl_typesupport_introspection_c.h
[19.415s] -- Installing: /home/kunal/AST_Robot_Warehouse/install/messages_package/include/messages_package/msg/detail/robot_location__type_support.c
[19.416s] -- Installing: /home/kunal/AST_Robot_Warehouse/install/messages_package/include/messages_package/msg/detail/coordinates__type_support.c
[19.416s] -- Installing: /home/kunal/AST_Robot_Warehouse/install/messages_package/include/messages_package/msg/detail/robot_distance__type_support.c
[19.416s] -- Installing: /home/kunal/AST_Robot_Warehouse/install/messages_package/include/messages_package/msg/detail/item__type_support.c
[19.417s] -- Installing: /home/kunal/AST_Robot_Warehouse/install/messages_package/include/messages_package/msg/detail/item__rosidl_typesupport_introspection_c.h
[19.417s] -- Installing: /home/kunal/AST_Robot_Warehouse/install/messages_package/include/messages_package/msg/detail/delivery__type_support.c
[19.417s] -- Installing: /home/kunal/AST_Robot_Warehouse/install/messages_package/include/messages_package/msg/detail/delivery__rosidl_typesupport_introspection_c.h
[19.418s] -- Installing: /home/kunal/AST_Robot_Warehouse/install/messages_package/include/messages_package/msg/detail/coordinates__rosidl_typesupport_introspection_c.h
[19.418s] -- Installing: /home/kunal/AST_Robot_Warehouse/install/messages_package/include/messages_package/msg/detail/row__rosidl_typesupport_introspection_c.h
[19.419s] -- Installing: /home/kunal/AST_Robot_Warehouse/install/messages_package/include/messages_package/msg/detail/row__type_support.c
[19.419s] -- Installing: /home/kunal/AST_Robot_Warehouse/install/messages_package/include/messages_package/msg/detail/map__rosidl_typesupport_introspection_c.h
[19.419s] -- Installing: /home/kunal/AST_Robot_Warehouse/install/messages_package/include/messages_package/msg/detail/robot_location__rosidl_typesupport_introspection_c.h
[19.419s] -- Up-to-date: /home/kunal/AST_Robot_Warehouse/install/messages_package/include/messages_package/action
[19.420s] -- Up-to-date: /home/kunal/AST_Robot_Warehouse/install/messages_package/include/messages_package/action/detail
[19.420s] -- Installing: /home/kunal/AST_Robot_Warehouse/install/messages_package/include/messages_package/action/detail/order__rosidl_typesupport_introspection_c.h
[19.420s] -- Installing: /home/kunal/AST_Robot_Warehouse/install/messages_package/include/messages_package/action/detail/charge_robot__type_support.c
[19.420s] -- Installing: /home/kunal/AST_Robot_Warehouse/install/messages_package/include/messages_package/action/detail/charge_robot__rosidl_typesupport_introspection_c.h
[19.421s] -- Installing: /home/kunal/AST_Robot_Warehouse/install/messages_package/include/messages_package/action/detail/order__type_support.c
[19.421s] -- Installing: /home/kunal/AST_Robot_Warehouse/install/messages_package/include/messages_package/action/detail/move_item__type_support.c
[19.421s] -- Installing: /home/kunal/AST_Robot_Warehouse/install/messages_package/include/messages_package/action/detail/move_item__rosidl_typesupport_introspection_c.h
[19.421s] -- Installing: /home/kunal/AST_Robot_Warehouse/install/messages_package/lib/libmessages_package__rosidl_typesupport_introspection_c.so
[19.421s] -- Set runtime path of "/home/kunal/AST_Robot_Warehouse/install/messages_package/lib/libmessages_package__rosidl_typesupport_introspection_c.so" to ""
[19.422s] -- Installing: /home/kunal/AST_Robot_Warehouse/install/messages_package/lib/libmessages_package__rosidl_typesupport_c.so
[19.422s] -- Set runtime path of "/home/kunal/AST_Robot_Warehouse/install/messages_package/lib/libmessages_package__rosidl_typesupport_c.so" to ""
[19.422s] -- Up-to-date: /home/kunal/AST_Robot_Warehouse/install/messages_package/include/messages_package
[19.422s] -- Up-to-date: /home/kunal/AST_Robot_Warehouse/install/messages_package/include/messages_package/srv
[19.422s] -- Installing: /home/kunal/AST_Robot_Warehouse/install/messages_package/include/messages_package/srv/delivery.hpp
[19.422s] -- Installing: /home/kunal/AST_Robot_Warehouse/install/messages_package/include/messages_package/srv/put_down_item.hpp
[19.422s] -- Up-to-date: /home/kunal/AST_Robot_Warehouse/install/messages_package/include/messages_package/srv/detail
[19.422s] -- Installing: /home/kunal/AST_Robot_Warehouse/install/messages_package/include/messages_package/srv/detail/delivery__struct.hpp
[19.422s] -- Installing: /home/kunal/AST_Robot_Warehouse/install/messages_package/include/messages_package/srv/detail/pick_up_item__struct.hpp
[19.423s] -- Installing: /home/kunal/AST_Robot_Warehouse/install/messages_package/include/messages_package/srv/detail/put_down_item__traits.hpp
[19.423s] -- Installing: /home/kunal/AST_Robot_Warehouse/install/messages_package/include/messages_package/srv/detail/delivery__builder.hpp
[19.423s] -- Installing: /home/kunal/AST_Robot_Warehouse/install/messages_package/include/messages_package/srv/detail/pick_up_item__builder.hpp
[19.423s] -- Installing: /home/kunal/AST_Robot_Warehouse/install/messages_package/include/messages_package/srv/detail/pick_up_item__traits.hpp
[19.423s] -- Installing: /home/kunal/AST_Robot_Warehouse/install/messages_package/include/messages_package/srv/detail/delivery__traits.hpp
[19.423s] -- Installing: /home/kunal/AST_Robot_Warehouse/install/messages_package/include/messages_package/srv/detail/put_down_item__builder.hpp
[19.424s] -- Installing: /home/kunal/AST_Robot_Warehouse/install/messages_package/include/messages_package/srv/detail/put_down_item__struct.hpp
[19.424s] -- Installing: /home/kunal/AST_Robot_Warehouse/install/messages_package/include/messages_package/srv/pick_up_item.hpp
[19.424s] -- Up-to-date: /home/kunal/AST_Robot_Warehouse/install/messages_package/include/messages_package/msg
[19.424s] -- Installing: /home/kunal/AST_Robot_Warehouse/install/messages_package/include/messages_package/msg/map.hpp
[19.424s] -- Installing: /home/kunal/AST_Robot_Warehouse/install/messages_package/include/messages_package/msg/robot_location.hpp
[19.424s] -- Installing: /home/kunal/AST_Robot_Warehouse/install/messages_package/include/messages_package/msg/robot_distance.hpp
[19.424s] -- Installing: /home/kunal/AST_Robot_Warehouse/install/messages_package/include/messages_package/msg/coordinates.hpp
[19.424s] -- Installing: /home/kunal/AST_Robot_Warehouse/install/messages_package/include/messages_package/msg/row.hpp
[19.424s] -- Installing: /home/kunal/AST_Robot_Warehouse/install/messages_package/include/messages_package/msg/delivery.hpp
[19.425s] -- Installing: /home/kunal/AST_Robot_Warehouse/install/messages_package/include/messages_package/msg/item.hpp
[19.425s] -- Up-to-date: /home/kunal/AST_Robot_Warehouse/install/messages_package/include/messages_package/msg/detail
[19.425s] -- Installing: /home/kunal/AST_Robot_Warehouse/install/messages_package/include/messages_package/msg/detail/robot_distance__struct.hpp
[19.425s] -- Installing: /home/kunal/AST_Robot_Warehouse/install/messages_package/include/messages_package/msg/detail/item__traits.hpp
[19.425s] -- Installing: /home/kunal/AST_Robot_Warehouse/install/messages_package/include/messages_package/msg/detail/map__builder.hpp
[19.425s] -- Installing: /home/kunal/AST_Robot_Warehouse/install/messages_package/include/messages_package/msg/detail/robot_distance__traits.hpp
[19.425s] -- Installing: /home/kunal/AST_Robot_Warehouse/install/messages_package/include/messages_package/msg/detail/robot_location__builder.hpp
[19.425s] -- Installing: /home/kunal/AST_Robot_Warehouse/install/messages_package/include/messages_package/msg/detail/map__struct.hpp
[19.426s] -- Installing: /home/kunal/AST_Robot_Warehouse/install/messages_package/include/messages_package/msg/detail/coordinates__builder.hpp
[19.426s] -- Installing: /home/kunal/AST_Robot_Warehouse/install/messages_package/include/messages_package/msg/detail/delivery__struct.hpp
[19.426s] -- Installing: /home/kunal/AST_Robot_Warehouse/install/messages_package/include/messages_package/msg/detail/coordinates__traits.hpp
[19.426s] -- Installing: /home/kunal/AST_Robot_Warehouse/install/messages_package/include/messages_package/msg/detail/row__traits.hpp
[19.426s] -- Installing: /home/kunal/AST_Robot_Warehouse/install/messages_package/include/messages_package/msg/detail/row__builder.hpp
[19.426s] -- Installing: /home/kunal/AST_Robot_Warehouse/install/messages_package/include/messages_package/msg/detail/row__struct.hpp
[19.426s] -- Installing: /home/kunal/AST_Robot_Warehouse/install/messages_package/include/messages_package/msg/detail/delivery__builder.hpp
[19.426s] -- Installing: /home/kunal/AST_Robot_Warehouse/install/messages_package/include/messages_package/msg/detail/robot_location__struct.hpp
[19.426s] -- Installing: /home/kunal/AST_Robot_Warehouse/install/messages_package/include/messages_package/msg/detail/map__traits.hpp
[19.427s] -- Installing: /home/kunal/AST_Robot_Warehouse/install/messages_package/include/messages_package/msg/detail/robot_location__traits.hpp
[19.427s] -- Installing: /home/kunal/AST_Robot_Warehouse/install/messages_package/include/messages_package/msg/detail/item__struct.hpp
[19.427s] -- Installing: /home/kunal/AST_Robot_Warehouse/install/messages_package/include/messages_package/msg/detail/delivery__traits.hpp
[19.427s] -- Installing: /home/kunal/AST_Robot_Warehouse/install/messages_package/include/messages_package/msg/detail/coordinates__struct.hpp
[19.427s] -- Installing: /home/kunal/AST_Robot_Warehouse/install/messages_package/include/messages_package/msg/detail/robot_distance__builder.hpp
[19.427s] -- Installing: /home/kunal/AST_Robot_Warehouse/install/messages_package/include/messages_package/msg/detail/item__builder.hpp
[19.427s] -- Up-to-date: /home/kunal/AST_Robot_Warehouse/install/messages_package/include/messages_package/action
[19.427s] -- Installing: /home/kunal/AST_Robot_Warehouse/install/messages_package/include/messages_package/action/move_item.hpp
[19.428s] -- Installing: /home/kunal/AST_Robot_Warehouse/install/messages_package/include/messages_package/action/order.hpp
[19.428s] -- Installing: /home/kunal/AST_Robot_Warehouse/install/messages_package/include/messages_package/action/charge_robot.hpp
[19.428s] -- Up-to-date: /home/kunal/AST_Robot_Warehouse/install/messages_package/include/messages_package/action/detail
[19.428s] -- Installing: /home/kunal/AST_Robot_Warehouse/install/messages_package/include/messages_package/action/detail/move_item__struct.hpp
[19.428s] -- Installing: /home/kunal/AST_Robot_Warehouse/install/messages_package/include/messages_package/action/detail/order__builder.hpp
[19.428s] -- Installing: /home/kunal/AST_Robot_Warehouse/install/messages_package/include/messages_package/action/detail/order__struct.hpp
[19.428s] -- Installing: /home/kunal/AST_Robot_Warehouse/install/messages_package/include/messages_package/action/detail/charge_robot__struct.hpp
[19.429s] -- Installing: /home/kunal/AST_Robot_Warehouse/install/messages_package/include/messages_package/action/detail/charge_robot__builder.hpp
[19.429s] -- Installing: /home/kunal/AST_Robot_Warehouse/install/messages_package/include/messages_package/action/detail/move_item__traits.hpp
[19.429s] -- Installing: /home/kunal/AST_Robot_Warehouse/install/messages_package/include/messages_package/action/detail/move_item__builder.hpp
[19.429s] -- Installing: /home/kunal/AST_Robot_Warehouse/install/messages_package/include/messages_package/action/detail/charge_robot__traits.hpp
[19.429s] -- Installing: /home/kunal/AST_Robot_Warehouse/install/messages_package/include/messages_package/action/detail/order__traits.hpp
[19.429s] -- Up-to-date: /home/kunal/AST_Robot_Warehouse/install/messages_package/include/messages_package
[19.429s] -- Up-to-date: /home/kunal/AST_Robot_Warehouse/install/messages_package/include/messages_package/srv
[19.429s] -- Up-to-date: /home/kunal/AST_Robot_Warehouse/install/messages_package/include/messages_package/srv/detail
[19.430s] -- Installing: /home/kunal/AST_Robot_Warehouse/install/messages_package/include/messages_package/srv/detail/put_down_item__rosidl_typesupport_introspection_cpp.hpp
[19.430s] -- Installing: /home/kunal/AST_Robot_Warehouse/install/messages_package/include/messages_package/srv/detail/pick_up_item__rosidl_typesupport_introspection_cpp.hpp
[19.430s] -- Installing: /home/kunal/AST_Robot_Warehouse/install/messages_package/include/messages_package/srv/detail/pick_up_item__type_support.cpp
[19.430s] -- Installing: /home/kunal/AST_Robot_Warehouse/install/messages_package/include/messages_package/srv/detail/delivery__rosidl_typesupport_introspection_cpp.hpp
[19.430s] -- Installing: /home/kunal/AST_Robot_Warehouse/install/messages_package/include/messages_package/srv/detail/delivery__type_support.cpp
[19.430s] -- Installing: /home/kunal/AST_Robot_Warehouse/install/messages_package/include/messages_package/srv/detail/put_down_item__type_support.cpp
[19.430s] -- Up-to-date: /home/kunal/AST_Robot_Warehouse/install/messages_package/include/messages_package/msg
[19.430s] -- Up-to-date: /home/kunal/AST_Robot_Warehouse/install/messages_package/include/messages_package/msg/detail
[19.430s] -- Installing: /home/kunal/AST_Robot_Warehouse/install/messages_package/include/messages_package/msg/detail/row__rosidl_typesupport_introspection_cpp.hpp
[19.430s] -- Installing: /home/kunal/AST_Robot_Warehouse/install/messages_package/include/messages_package/msg/detail/row__type_support.cpp
[19.431s] -- Installing: /home/kunal/AST_Robot_Warehouse/install/messages_package/include/messages_package/msg/detail/robot_distance__type_support.cpp
[19.431s] -- Installing: /home/kunal/AST_Robot_Warehouse/install/messages_package/include/messages_package/msg/detail/robot_distance__rosidl_typesupport_introspection_cpp.hpp
[19.431s] -- Installing: /home/kunal/AST_Robot_Warehouse/install/messages_package/include/messages_package/msg/detail/delivery__rosidl_typesupport_introspection_cpp.hpp
[19.431s] -- Installing: /home/kunal/AST_Robot_Warehouse/install/messages_package/include/messages_package/msg/detail/coordinates__type_support.cpp
[19.431s] -- Installing: /home/kunal/AST_Robot_Warehouse/install/messages_package/include/messages_package/msg/detail/robot_location__rosidl_typesupport_introspection_cpp.hpp
[19.431s] -- Installing: /home/kunal/AST_Robot_Warehouse/install/messages_package/include/messages_package/msg/detail/delivery__type_support.cpp
[19.431s] -- Installing: /home/kunal/AST_Robot_Warehouse/install/messages_package/include/messages_package/msg/detail/item__type_support.cpp
[19.431s] -- Installing: /home/kunal/AST_Robot_Warehouse/install/messages_package/include/messages_package/msg/detail/robot_location__type_support.cpp
[19.431s] -- Installing: /home/kunal/AST_Robot_Warehouse/install/messages_package/include/messages_package/msg/detail/item__rosidl_typesupport_introspection_cpp.hpp
[19.432s] -- Installing: /home/kunal/AST_Robot_Warehouse/install/messages_package/include/messages_package/msg/detail/map__rosidl_typesupport_introspection_cpp.hpp
[19.432s] -- Installing: /home/kunal/AST_Robot_Warehouse/install/messages_package/include/messages_package/msg/detail/coordinates__rosidl_typesupport_introspection_cpp.hpp
[19.432s] -- Installing: /home/kunal/AST_Robot_Warehouse/install/messages_package/include/messages_package/msg/detail/map__type_support.cpp
[19.432s] -- Up-to-date: /home/kunal/AST_Robot_Warehouse/install/messages_package/include/messages_package/action
[19.432s] -- Up-to-date: /home/kunal/AST_Robot_Warehouse/install/messages_package/include/messages_package/action/detail
[19.432s] -- Installing: /home/kunal/AST_Robot_Warehouse/install/messages_package/include/messages_package/action/detail/move_item__type_support.cpp
[19.432s] -- Installing: /home/kunal/AST_Robot_Warehouse/install/messages_package/include/messages_package/action/detail/move_item__rosidl_typesupport_introspection_cpp.hpp
[19.432s] -- Installing: /home/kunal/AST_Robot_Warehouse/install/messages_package/include/messages_package/action/detail/order__type_support.cpp
[19.432s] -- Installing: /home/kunal/AST_Robot_Warehouse/install/messages_package/include/messages_package/action/detail/charge_robot__rosidl_typesupport_introspection_cpp.hpp
[19.433s] -- Installing: /home/kunal/AST_Robot_Warehouse/install/messages_package/include/messages_package/action/detail/charge_robot__type_support.cpp
[19.433s] -- Installing: /home/kunal/AST_Robot_Warehouse/install/messages_package/include/messages_package/action/detail/order__rosidl_typesupport_introspection_cpp.hpp
[19.433s] -- Installing: /home/kunal/AST_Robot_Warehouse/install/messages_package/lib/libmessages_package__rosidl_typesupport_introspection_cpp.so
[19.433s] -- Set runtime path of "/home/kunal/AST_Robot_Warehouse/install/messages_package/lib/libmessages_package__rosidl_typesupport_introspection_cpp.so" to ""
[19.433s] -- Installing: /home/kunal/AST_Robot_Warehouse/install/messages_package/lib/libmessages_package__rosidl_typesupport_cpp.so
[19.433s] -- Set runtime path of "/home/kunal/AST_Robot_Warehouse/install/messages_package/lib/libmessages_package__rosidl_typesupport_cpp.so" to ""
[19.433s] -- Up-to-date: /home/kunal/AST_Robot_Warehouse/install/messages_package/share/messages_package/environment/pythonpath.sh
[19.433s] -- Installing: /home/kunal/AST_Robot_Warehouse/install/messages_package/share/messages_package/environment/pythonpath.dsv
[19.433s] -- Installing: /home/kunal/AST_Robot_Warehouse/install/messages_package/lib/python3.8/site-packages/messages_package/__init__.py
[19.449s] Compiling '/home/kunal/AST_Robot_Warehouse/install/messages_package/lib/python3.8/site-packages/messages_package/__init__.py'...
[19.453s] -- Up-to-date: /home/kunal/AST_Robot_Warehouse/install/messages_package/lib/python3.8/site-packages/messages_package/msg
[19.453s] -- Installing: /home/kunal/AST_Robot_Warehouse/install/messages_package/lib/python3.8/site-packages/messages_package/msg/_row.py
[19.454s] -- Installing: /home/kunal/AST_Robot_Warehouse/install/messages_package/lib/python3.8/site-packages/messages_package/msg/_robot_distance.py
[19.455s] -- Installing: /home/kunal/AST_Robot_Warehouse/install/messages_package/lib/python3.8/site-packages/messages_package/msg/_item.py
[19.455s] -- Installing: /home/kunal/AST_Robot_Warehouse/install/messages_package/lib/python3.8/site-packages/messages_package/msg/_delivery.py
[19.456s] -- Installing: /home/kunal/AST_Robot_Warehouse/install/messages_package/lib/python3.8/site-packages/messages_package/msg/_map_s.c
[19.456s] -- Installing: /home/kunal/AST_Robot_Warehouse/install/messages_package/lib/python3.8/site-packages/messages_package/msg/_coordinates.py
[19.456s] -- Installing: /home/kunal/AST_Robot_Warehouse/install/messages_package/lib/python3.8/site-packages/messages_package/msg/_robot_location_s.c
[19.456s] -- Installing: /home/kunal/AST_Robot_Warehouse/install/messages_package/lib/python3.8/site-packages/messages_package/msg/_map.py
[19.456s] -- Installing: /home/kunal/AST_Robot_Warehouse/install/messages_package/lib/python3.8/site-packages/messages_package/msg/_robot_distance_s.c
[19.456s] -- Installing: /home/kunal/AST_Robot_Warehouse/install/messages_package/lib/python3.8/site-packages/messages_package/msg/_robot_location.py
[19.457s] -- Installing: /home/kunal/AST_Robot_Warehouse/install/messages_package/lib/python3.8/site-packages/messages_package/msg/_row_s.c
[19.457s] -- Installing: /home/kunal/AST_Robot_Warehouse/install/messages_package/lib/python3.8/site-packages/messages_package/msg/_item_s.c
[19.457s] -- Installing: /home/kunal/AST_Robot_Warehouse/install/messages_package/lib/python3.8/site-packages/messages_package/msg/_coordinates_s.c
[19.458s] -- Installing: /home/kunal/AST_Robot_Warehouse/install/messages_package/lib/python3.8/site-packages/messages_package/msg/__init__.py
[19.458s] -- Installing: /home/kunal/AST_Robot_Warehouse/install/messages_package/lib/python3.8/site-packages/messages_package/msg/_delivery_s.c
[19.458s] -- Up-to-date: /home/kunal/AST_Robot_Warehouse/install/messages_package/lib/python3.8/site-packages/messages_package/srv
[19.458s] -- Installing: /home/kunal/AST_Robot_Warehouse/install/messages_package/lib/python3.8/site-packages/messages_package/srv/_delivery.py
[19.458s] -- Installing: /home/kunal/AST_Robot_Warehouse/install/messages_package/lib/python3.8/site-packages/messages_package/srv/_pick_up_item.py
[19.458s] -- Installing: /home/kunal/AST_Robot_Warehouse/install/messages_package/lib/python3.8/site-packages/messages_package/srv/_put_down_item.py
[19.458s] -- Installing: /home/kunal/AST_Robot_Warehouse/install/messages_package/lib/python3.8/site-packages/messages_package/srv/_put_down_item_s.c
[19.459s] -- Installing: /home/kunal/AST_Robot_Warehouse/install/messages_package/lib/python3.8/site-packages/messages_package/srv/__init__.py
[19.459s] -- Installing: /home/kunal/AST_Robot_Warehouse/install/messages_package/lib/python3.8/site-packages/messages_package/srv/_pick_up_item_s.c
[19.459s] -- Installing: /home/kunal/AST_Robot_Warehouse/install/messages_package/lib/python3.8/site-packages/messages_package/srv/_delivery_s.c
[19.459s] -- Up-to-date: /home/kunal/AST_Robot_Warehouse/install/messages_package/lib/python3.8/site-packages/messages_package/action
[19.459s] -- Installing: /home/kunal/AST_Robot_Warehouse/install/messages_package/lib/python3.8/site-packages/messages_package/action/_order_s.c
[19.459s] -- Installing: /home/kunal/AST_Robot_Warehouse/install/messages_package/lib/python3.8/site-packages/messages_package/action/_charge_robot.py
[19.459s] -- Installing: /home/kunal/AST_Robot_Warehouse/install/messages_package/lib/python3.8/site-packages/messages_package/action/_charge_robot_s.c
[19.459s] -- Installing: /home/kunal/AST_Robot_Warehouse/install/messages_package/lib/python3.8/site-packages/messages_package/action/_order.py
[19.459s] -- Installing: /home/kunal/AST_Robot_Warehouse/install/messages_package/lib/python3.8/site-packages/messages_package/action/_move_item.py
[19.460s] -- Installing: /home/kunal/AST_Robot_Warehouse/install/messages_package/lib/python3.8/site-packages/messages_package/action/__init__.py
[19.460s] -- Installing: /home/kunal/AST_Robot_Warehouse/install/messages_package/lib/python3.8/site-packages/messages_package/action/_move_item_s.c
[19.460s] -- Installing: /home/kunal/AST_Robot_Warehouse/install/messages_package/lib/python3.8/site-packages/messages_package/messages_package_s__rosidl_typesupport_fastrtps_c.cpython-38-x86_64-linux-gnu.so
[19.461s] -- Set runtime path of "/home/kunal/AST_Robot_Warehouse/install/messages_package/lib/python3.8/site-packages/messages_package/messages_package_s__rosidl_typesupport_fastrtps_c.cpython-38-x86_64-linux-gnu.so" to ""
[19.462s] -- Installing: /home/kunal/AST_Robot_Warehouse/install/messages_package/lib/python3.8/site-packages/messages_package/messages_package_s__rosidl_typesupport_introspection_c.cpython-38-x86_64-linux-gnu.so
[19.463s] -- Set runtime path of "/home/kunal/AST_Robot_Warehouse/install/messages_package/lib/python3.8/site-packages/messages_package/messages_package_s__rosidl_typesupport_introspection_c.cpython-38-x86_64-linux-gnu.so" to ""
[19.464s] -- Installing: /home/kunal/AST_Robot_Warehouse/install/messages_package/lib/python3.8/site-packages/messages_package/messages_package_s__rosidl_typesupport_c.cpython-38-x86_64-linux-gnu.so
[19.465s] -- Set runtime path of "/home/kunal/AST_Robot_Warehouse/install/messages_package/lib/python3.8/site-packages/messages_package/messages_package_s__rosidl_typesupport_c.cpython-38-x86_64-linux-gnu.so" to ""
[19.466s] -- Installing: /home/kunal/AST_Robot_Warehouse/install/messages_package/lib/libmessages_package__python.so
[19.466s] -- Set runtime path of "/home/kunal/AST_Robot_Warehouse/install/messages_package/lib/libmessages_package__python.so" to ""
[19.467s] -- Up-to-date: /home/kunal/AST_Robot_Warehouse/install/messages_package/share/messages_package/msg/Coordinates.idl
[19.467s] -- Up-to-date: /home/kunal/AST_Robot_Warehouse/install/messages_package/share/messages_package/msg/Delivery.idl
[19.468s] -- Up-to-date: /home/kunal/AST_Robot_Warehouse/install/messages_package/share/messages_package/msg/Item.idl
[19.468s] -- Up-to-date: /home/kunal/AST_Robot_Warehouse/install/messages_package/share/messages_package/msg/RobotDistance.idl
[19.468s] -- Up-to-date: /home/kunal/AST_Robot_Warehouse/install/messages_package/share/messages_package/msg/RobotLocation.idl
[19.468s] -- Up-to-date: /home/kunal/AST_Robot_Warehouse/install/messages_package/share/messages_package/msg/Map.idl
[19.469s] -- Up-to-date: /home/kunal/AST_Robot_Warehouse/install/messages_package/share/messages_package/msg/Row.idl
[19.469s] -- Up-to-date: /home/kunal/AST_Robot_Warehouse/install/messages_package/share/messages_package/srv/Delivery.idl
[19.469s] -- Up-to-date: /home/kunal/AST_Robot_Warehouse/install/messages_package/share/messages_package/srv/PickUpItem.idl
[19.469s] -- Up-to-date: /home/kunal/AST_Robot_Warehouse/install/messages_package/share/messages_package/srv/PutDownItem.idl
[19.469s] -- Up-to-date: /home/kunal/AST_Robot_Warehouse/install/messages_package/share/messages_package/action/ChargeRobot.idl
[19.470s] -- Up-to-date: /home/kunal/AST_Robot_Warehouse/install/messages_package/share/messages_package/action/MoveItem.idl
[19.470s] -- Up-to-date: /home/kunal/AST_Robot_Warehouse/install/messages_package/share/messages_package/action/Order.idl
[19.470s] -- Up-to-date: /home/kunal/AST_Robot_Warehouse/install/messages_package/share/messages_package/msg/Coordinates.msg
[19.470s] -- Up-to-date: /home/kunal/AST_Robot_Warehouse/install/messages_package/share/messages_package/msg/Delivery.msg
[19.470s] -- Up-to-date: /home/kunal/AST_Robot_Warehouse/install/messages_package/share/messages_package/msg/Item.msg
[19.470s] -- Up-to-date: /home/kunal/AST_Robot_Warehouse/install/messages_package/share/messages_package/msg/RobotDistance.msg
[19.470s] -- Up-to-date: /home/kunal/AST_Robot_Warehouse/install/messages_package/share/messages_package/msg/RobotLocation.msg
[19.471s] -- Up-to-date: /home/kunal/AST_Robot_Warehouse/install/messages_package/share/messages_package/msg/Map.msg
[19.471s] -- Up-to-date: /home/kunal/AST_Robot_Warehouse/install/messages_package/share/messages_package/msg/Row.msg
[19.471s] -- Up-to-date: /home/kunal/AST_Robot_Warehouse/install/messages_package/share/messages_package/srv/Delivery.srv
[19.472s] -- Up-to-date: /home/kunal/AST_Robot_Warehouse/install/messages_package/share/messages_package/srv/Delivery_Request.msg
[19.472s] -- Up-to-date: /home/kunal/AST_Robot_Warehouse/install/messages_package/share/messages_package/srv/Delivery_Response.msg
[19.472s] -- Up-to-date: /home/kunal/AST_Robot_Warehouse/install/messages_package/share/messages_package/srv/PickUpItem.srv
[19.472s] -- Up-to-date: /home/kunal/AST_Robot_Warehouse/install/messages_package/share/messages_package/srv/PickUpItem_Request.msg
[19.472s] -- Up-to-date: /home/kunal/AST_Robot_Warehouse/install/messages_package/share/messages_package/srv/PickUpItem_Response.msg
[19.472s] -- Up-to-date: /home/kunal/AST_Robot_Warehouse/install/messages_package/share/messages_package/srv/PutDownItem.srv
[19.473s] -- Up-to-date: /home/kunal/AST_Robot_Warehouse/install/messages_package/share/messages_package/srv/PutDownItem_Request.msg
[19.473s] -- Up-to-date: /home/kunal/AST_Robot_Warehouse/install/messages_package/share/messages_package/srv/PutDownItem_Response.msg
[19.473s] -- Up-to-date: /home/kunal/AST_Robot_Warehouse/install/messages_package/share/messages_package/action/ChargeRobot.action
[19.473s] -- Up-to-date: /home/kunal/AST_Robot_Warehouse/install/messages_package/share/messages_package/action/MoveItem.action
[19.473s] -- Up-to-date: /home/kunal/AST_Robot_Warehouse/install/messages_package/share/messages_package/action/Order.action
[19.473s] -- Up-to-date: /home/kunal/AST_Robot_Warehouse/install/messages_package/share/ament_index/resource_index/package_run_dependencies/messages_package
[19.473s] -- Installing: /home/kunal/AST_Robot_Warehouse/install/messages_package/share/ament_index/resource_index/parent_prefix_path/messages_package
[19.474s] -- Up-to-date: /home/kunal/AST_Robot_Warehouse/install/messages_package/share/messages_package/environment/ament_prefix_path.sh
[19.474s] -- Installing: /home/kunal/AST_Robot_Warehouse/install/messages_package/share/messages_package/environment/ament_prefix_path.dsv
[19.474s] -- Up-to-date: /home/kunal/AST_Robot_Warehouse/install/messages_package/share/messages_package/environment/path.sh
[19.474s] -- Installing: /home/kunal/AST_Robot_Warehouse/install/messages_package/share/messages_package/environment/path.dsv
[19.474s] -- Up-to-date: /home/kunal/AST_Robot_Warehouse/install/messages_package/share/messages_package/local_setup.bash
[19.474s] -- Installing: /home/kunal/AST_Robot_Warehouse/install/messages_package/share/messages_package/local_setup.sh
[19.474s] -- Up-to-date: /home/kunal/AST_Robot_Warehouse/install/messages_package/share/messages_package/local_setup.zsh
[19.475s] -- Installing: /home/kunal/AST_Robot_Warehouse/install/messages_package/share/messages_package/local_setup.dsv
[19.475s] -- Installing: /home/kunal/AST_Robot_Warehouse/install/messages_package/share/messages_package/package.dsv
[19.475s] -- Up-to-date: /home/kunal/AST_Robot_Warehouse/install/messages_package/share/ament_index/resource_index/packages/messages_package
[19.475s] -- Up-to-date: /home/kunal/AST_Robot_Warehouse/install/messages_package/share/messages_package/cmake/messages_package__rosidl_generator_cExport.cmake
[19.476s] -- Installing: /home/kunal/AST_Robot_Warehouse/install/messages_package/share/messages_package/cmake/messages_package__rosidl_generator_cExport-noconfig.cmake
[19.476s] -- Up-to-date: /home/kunal/AST_Robot_Warehouse/install/messages_package/share/messages_package/cmake/messages_package__rosidl_typesupport_introspection_cExport.cmake
[19.476s] -- Installing: /home/kunal/AST_Robot_Warehouse/install/messages_package/share/messages_package/cmake/messages_package__rosidl_typesupport_introspection_cExport-noconfig.cmake
[19.476s] -- Up-to-date: /home/kunal/AST_Robot_Warehouse/install/messages_package/share/messages_package/cmake/messages_package__rosidl_typesupport_cExport.cmake
[19.476s] -- Installing: /home/kunal/AST_Robot_Warehouse/install/messages_package/share/messages_package/cmake/messages_package__rosidl_typesupport_cExport-noconfig.cmake
[19.476s] -- Up-to-date: /home/kunal/AST_Robot_Warehouse/install/messages_package/share/messages_package/cmake/messages_package__rosidl_generator_cppExport.cmake
[19.477s] -- Up-to-date: /home/kunal/AST_Robot_Warehouse/install/messages_package/share/messages_package/cmake/messages_package__rosidl_typesupport_introspection_cppExport.cmake
[19.477s] -- Installing: /home/kunal/AST_Robot_Warehouse/install/messages_package/share/messages_package/cmake/messages_package__rosidl_typesupport_introspection_cppExport-noconfig.cmake
[19.477s] -- Up-to-date: /home/kunal/AST_Robot_Warehouse/install/messages_package/share/messages_package/cmake/messages_package__rosidl_typesupport_cppExport.cmake
[19.477s] -- Installing: /home/kunal/AST_Robot_Warehouse/install/messages_package/share/messages_package/cmake/messages_package__rosidl_typesupport_cppExport-noconfig.cmake
[19.477s] -- Up-to-date: /home/kunal/AST_Robot_Warehouse/install/messages_package/share/messages_package/cmake/rosidl_cmake-extras.cmake
[19.477s] -- Up-to-date: /home/kunal/AST_Robot_Warehouse/install/messages_package/share/messages_package/cmake/ament_cmake_export_dependencies-extras.cmake
[19.478s] -- Up-to-date: /home/kunal/AST_Robot_Warehouse/install/messages_package/share/messages_package/cmake/ament_cmake_export_libraries-extras.cmake
[19.478s] -- Up-to-date: /home/kunal/AST_Robot_Warehouse/install/messages_package/share/messages_package/cmake/ament_cmake_export_targets-extras.cmake
[19.478s] -- Up-to-date: /home/kunal/AST_Robot_Warehouse/install/messages_package/share/messages_package/cmake/ament_cmake_export_include_directories-extras.cmake
[19.479s] -- Up-to-date: /home/kunal/AST_Robot_Warehouse/install/messages_package/share/messages_package/cmake/rosidl_cmake_export_typesupport_libraries-extras.cmake
[19.480s] -- Up-to-date: /home/kunal/AST_Robot_Warehouse/install/messages_package/share/messages_package/cmake/rosidl_cmake_export_typesupport_targets-extras.cmake
[19.481s] -- Up-to-date: /home/kunal/AST_Robot_Warehouse/install/messages_package/share/messages_package/cmake/messages_packageConfig.cmake
[19.482s] -- Up-to-date: /home/kunal/AST_Robot_Warehouse/install/messages_package/share/messages_package/cmake/messages_packageConfig-version.cmake
[19.484s] -- Up-to-date: /home/kunal/AST_Robot_Warehouse/install/messages_package/share/messages_package/package.xml
[19.484s] Invoked command in '/home/kunal/AST_Robot_Warehouse/build/messages_package' returned '0': CMAKE_PREFIX_PATH=/opt/ros/foxy /usr/bin/cmake --install /home/kunal/AST_Robot_Warehouse/build/messages_package
