[0.022s] Invoking command in '/home/sam/AST_Robot_Warehouse/build/messages_package': CMAKE_PREFIX_PATH=${CMAKE_PREFIX_PATH}:/home/sam/AST_Robot_Warehouse/install/warehouse_robot_package:/home/sam/AST_Robot_Warehouse/install/py_pubsub:/opt/ros/foxy /usr/bin/cmake --build /home/sam/AST_Robot_Warehouse/build/messages_package -- -j12 -l12
[0.029s] CMake Error: The current CMakeCache.txt directory /home/sam/AST_Robot_Warehouse/build/messages_package/CMakeCache.txt is different than the directory /home/sam/AST/build/messages_package where CMakeCache.txt was created. This may result in binaries being created in the wrong place. If you are not sure, reedit the CMakeCache.txt
[0.075s] [  1%] Built target messages_node
[0.076s] [  2%] Built target messages_package__cpp
[0.078s] [ 13%] Built target messages_package__rosidl_generator_c
[0.105s] [ 34%] Built target messages_package__rosidl_typesupport_cpp
[0.105s] [ 37%] Built target messages_package__rosidl_typesupport_c
[0.107s] [ 59%] Built target messages_package__rosidl_typesupport_introspection_c
[0.107s] [ 60%] Built target messages_package__rosidl_typesupport_introspection_cpp
[0.119s] [ 72%] Built target messages_package__rosidl_typesupport_fastrtps_cpp
[0.149s] [ 83%] Built target messages_package__rosidl_typesupport_fastrtps_c
[0.168s] [ 83%] Built target messages_package
[0.188s] [ 84%] Built target messages_package__py
[0.215s] [ 95%] Built target messages_package__python
[0.240s] [ 97%] Built target messages_package__rosidl_typesupport_introspection_c__pyext
[0.241s] [ 98%] Built target messages_package__rosidl_typesupport_c__pyext
[0.243s] [100%] Built target messages_package__rosidl_typesupport_fastrtps_c__pyext
[0.277s] Invoked command in '/home/sam/AST_Robot_Warehouse/build/messages_package' returned '0': CMAKE_PREFIX_PATH=${CMAKE_PREFIX_PATH}:/home/sam/AST_Robot_Warehouse/install/warehouse_robot_package:/home/sam/AST_Robot_Warehouse/install/py_pubsub:/opt/ros/foxy /usr/bin/cmake --build /home/sam/AST_Robot_Warehouse/build/messages_package -- -j12 -l12
[0.449s] Invoking command in '/home/sam/AST_Robot_Warehouse/build/messages_package': CMAKE_PREFIX_PATH=${CMAKE_PREFIX_PATH}:/home/sam/AST_Robot_Warehouse/install/warehouse_robot_package:/home/sam/AST_Robot_Warehouse/install/py_pubsub:/opt/ros/foxy /usr/bin/cmake --install /home/sam/AST_Robot_Warehouse/build/messages_package
[0.459s] -- Install configuration: ""
[0.459s] -- Up-to-date: /home/sam/AST/install/messages_package/lib/messages_package/messages_node
[0.459s] -- Up-to-date: /home/sam/AST/install/messages_package/share/ament_index/resource_index/rosidl_interfaces/messages_package
[0.459s] -- Up-to-date: /home/sam/AST/install/messages_package/include/messages_package
[0.459s] -- Up-to-date: /home/sam/AST/install/messages_package/include/messages_package/action
[0.460s] -- Up-to-date: /home/sam/AST/install/messages_package/include/messages_package/action/move_item.h
[0.460s] -- Up-to-date: /home/sam/AST/install/messages_package/include/messages_package/action/charge_robot.h
[0.460s] -- Up-to-date: /home/sam/AST/install/messages_package/include/messages_package/action/detail
[0.460s] -- Up-to-date: /home/sam/AST/install/messages_package/include/messages_package/action/detail/order__type_support.h
[0.460s] -- Up-to-date: /home/sam/AST/install/messages_package/include/messages_package/action/detail/charge_robot__struct.h
[0.460s] -- Up-to-date: /home/sam/AST/install/messages_package/include/messages_package/action/detail/move_item__functions.c
[0.460s] -- Up-to-date: /home/sam/AST/install/messages_package/include/messages_package/action/detail/order__struct.h
[0.460s] -- Up-to-date: /home/sam/AST/install/messages_package/include/messages_package/action/detail/move_item__functions.h
[0.460s] -- Up-to-date: /home/sam/AST/install/messages_package/include/messages_package/action/detail/move_item__struct.h
[0.460s] -- Up-to-date: /home/sam/AST/install/messages_package/include/messages_package/action/detail/charge_robot__functions.c
[0.460s] -- Up-to-date: /home/sam/AST/install/messages_package/include/messages_package/action/detail/charge_robot__type_support.h
[0.461s] -- Up-to-date: /home/sam/AST/install/messages_package/include/messages_package/action/detail/order__functions.h
[0.461s] -- Up-to-date: /home/sam/AST/install/messages_package/include/messages_package/action/detail/order__functions.c
[0.461s] -- Up-to-date: /home/sam/AST/install/messages_package/include/messages_package/action/detail/charge_robot__functions.h
[0.461s] -- Up-to-date: /home/sam/AST/install/messages_package/include/messages_package/action/detail/move_item__type_support.h
[0.461s] -- Up-to-date: /home/sam/AST/install/messages_package/include/messages_package/action/order.h
[0.461s] -- Up-to-date: /home/sam/AST/install/messages_package/include/messages_package/srv
[0.461s] -- Up-to-date: /home/sam/AST/install/messages_package/include/messages_package/srv/put_down_item.h
[0.461s] -- Up-to-date: /home/sam/AST/install/messages_package/include/messages_package/srv/delivery.h
[0.462s] -- Up-to-date: /home/sam/AST/install/messages_package/include/messages_package/srv/pick_up_item.h
[0.462s] -- Up-to-date: /home/sam/AST/install/messages_package/include/messages_package/srv/detail
[0.462s] -- Up-to-date: /home/sam/AST/install/messages_package/include/messages_package/srv/detail/put_down_item__type_support.h
[0.462s] -- Up-to-date: /home/sam/AST/install/messages_package/include/messages_package/srv/detail/delivery__functions.h
[0.462s] -- Up-to-date: /home/sam/AST/install/messages_package/include/messages_package/srv/detail/pick_up_item__functions.h
[0.462s] -- Up-to-date: /home/sam/AST/install/messages_package/include/messages_package/srv/detail/put_down_item__struct.h
[0.462s] -- Up-to-date: /home/sam/AST/install/messages_package/include/messages_package/srv/detail/pick_up_item__struct.h
[0.462s] -- Up-to-date: /home/sam/AST/install/messages_package/include/messages_package/srv/detail/put_down_item__functions.c
[0.462s] -- Up-to-date: /home/sam/AST/install/messages_package/include/messages_package/srv/detail/pick_up_item__type_support.h
[0.463s] -- Up-to-date: /home/sam/AST/install/messages_package/include/messages_package/srv/detail/delivery__type_support.h
[0.463s] -- Up-to-date: /home/sam/AST/install/messages_package/include/messages_package/srv/detail/put_down_item__functions.h
[0.463s] -- Up-to-date: /home/sam/AST/install/messages_package/include/messages_package/srv/detail/delivery__functions.c
[0.463s] -- Up-to-date: /home/sam/AST/install/messages_package/include/messages_package/srv/detail/pick_up_item__functions.c
[0.464s] -- Up-to-date: /home/sam/AST/install/messages_package/include/messages_package/srv/detail/delivery__struct.h
[0.464s] -- Up-to-date: /home/sam/AST/install/messages_package/include/messages_package/msg
[0.464s] -- Up-to-date: /home/sam/AST/install/messages_package/include/messages_package/msg/rosidl_generator_c__visibility_control.h
[0.464s] -- Up-to-date: /home/sam/AST/install/messages_package/include/messages_package/msg/coordinates.h
[0.464s] -- Up-to-date: /home/sam/AST/install/messages_package/include/messages_package/msg/robot_location.h
[0.464s] -- Up-to-date: /home/sam/AST/install/messages_package/include/messages_package/msg/robot_distance.h
[0.464s] -- Up-to-date: /home/sam/AST/install/messages_package/include/messages_package/msg/item.h
[0.465s] -- Up-to-date: /home/sam/AST/install/messages_package/include/messages_package/msg/delivery.h
[0.465s] -- Up-to-date: /home/sam/AST/install/messages_package/include/messages_package/msg/detail
[0.465s] -- Up-to-date: /home/sam/AST/install/messages_package/include/messages_package/msg/detail/robot_distance__functions.c
[0.465s] -- Up-to-date: /home/sam/AST/install/messages_package/include/messages_package/msg/detail/robot_location__functions.c
[0.465s] -- Up-to-date: /home/sam/AST/install/messages_package/include/messages_package/msg/detail/delivery__functions.h
[0.465s] -- Up-to-date: /home/sam/AST/install/messages_package/include/messages_package/msg/detail/coordinates__functions.c
[0.466s] -- Up-to-date: /home/sam/AST/install/messages_package/include/messages_package/msg/detail/robot_location__functions.h
[0.466s] -- Up-to-date: /home/sam/AST/install/messages_package/include/messages_package/msg/detail/item__functions.h
[0.466s] -- Up-to-date: /home/sam/AST/install/messages_package/include/messages_package/msg/detail/item__struct.h
[0.466s] -- Up-to-date: /home/sam/AST/install/messages_package/include/messages_package/msg/detail/delivery__type_support.h
[0.467s] -- Up-to-date: /home/sam/AST/install/messages_package/include/messages_package/msg/detail/delivery__functions.c
[0.467s] -- Up-to-date: /home/sam/AST/install/messages_package/include/messages_package/msg/detail/coordinates__type_support.h
[0.467s] -- Up-to-date: /home/sam/AST/install/messages_package/include/messages_package/msg/detail/robot_location__type_support.h
[0.467s] -- Up-to-date: /home/sam/AST/install/messages_package/include/messages_package/msg/detail/delivery__struct.h
[0.467s] -- Up-to-date: /home/sam/AST/install/messages_package/include/messages_package/msg/detail/robot_location__struct.h
[0.467s] -- Up-to-date: /home/sam/AST/install/messages_package/include/messages_package/msg/detail/robot_distance__type_support.h
[0.467s] -- Up-to-date: /home/sam/AST/install/messages_package/include/messages_package/msg/detail/coordinates__struct.h
[0.467s] -- Up-to-date: /home/sam/AST/install/messages_package/include/messages_package/msg/detail/robot_distance__functions.h
[0.467s] -- Up-to-date: /home/sam/AST/install/messages_package/include/messages_package/msg/detail/item__type_support.h
[0.467s] -- Up-to-date: /home/sam/AST/install/messages_package/include/messages_package/msg/detail/item__functions.c
[0.467s] -- Up-to-date: /home/sam/AST/install/messages_package/include/messages_package/msg/detail/coordinates__functions.h
[0.468s] -- Up-to-date: /home/sam/AST/install/messages_package/include/messages_package/msg/detail/robot_distance__struct.h
[0.468s] -- Up-to-date: /home/sam/AST/install/messages_package/share/messages_package/environment/library_path.sh
[0.468s] -- Up-to-date: /home/sam/AST/install/messages_package/share/messages_package/environment/library_path.dsv
[0.468s] -- Up-to-date: /home/sam/AST/install/messages_package/lib/libmessages_package__rosidl_generator_c.so
[0.468s] -- Up-to-date: /home/sam/AST/install/messages_package/include/messages_package
[0.468s] -- Up-to-date: /home/sam/AST/install/messages_package/include/messages_package/action
[0.468s] -- Up-to-date: /home/sam/AST/install/messages_package/include/messages_package/action/detail
[0.468s] -- Up-to-date: /home/sam/AST/install/messages_package/include/messages_package/action/detail/order__rosidl_typesupport_fastrtps_c.h
[0.468s] -- Up-to-date: /home/sam/AST/install/messages_package/include/messages_package/action/detail/charge_robot__rosidl_typesupport_fastrtps_c.h
[0.468s] -- Up-to-date: /home/sam/AST/install/messages_package/include/messages_package/action/detail/move_item__rosidl_typesupport_fastrtps_c.h
[0.468s] -- Up-to-date: /home/sam/AST/install/messages_package/include/messages_package/srv
[0.469s] -- Up-to-date: /home/sam/AST/install/messages_package/include/messages_package/srv/detail
[0.469s] -- Up-to-date: /home/sam/AST/install/messages_package/include/messages_package/srv/detail/put_down_item__rosidl_typesupport_fastrtps_c.h
[0.469s] -- Up-to-date: /home/sam/AST/install/messages_package/include/messages_package/srv/detail/pick_up_item__rosidl_typesupport_fastrtps_c.h
[0.469s] -- Up-to-date: /home/sam/AST/install/messages_package/include/messages_package/srv/detail/delivery__rosidl_typesupport_fastrtps_c.h
[0.469s] -- Up-to-date: /home/sam/AST/install/messages_package/include/messages_package/msg
[0.469s] -- Up-to-date: /home/sam/AST/install/messages_package/include/messages_package/msg/rosidl_typesupport_fastrtps_c__visibility_control.h
[0.469s] -- Up-to-date: /home/sam/AST/install/messages_package/include/messages_package/msg/detail
[0.469s] -- Up-to-date: /home/sam/AST/install/messages_package/include/messages_package/msg/detail/robot_distance__rosidl_typesupport_fastrtps_c.h
[0.469s] -- Up-to-date: /home/sam/AST/install/messages_package/include/messages_package/msg/detail/coordinates__rosidl_typesupport_fastrtps_c.h
[0.469s] -- Up-to-date: /home/sam/AST/install/messages_package/include/messages_package/msg/detail/robot_location__rosidl_typesupport_fastrtps_c.h
[0.469s] -- Up-to-date: /home/sam/AST/install/messages_package/include/messages_package/msg/detail/item__rosidl_typesupport_fastrtps_c.h
[0.469s] -- Up-to-date: /home/sam/AST/install/messages_package/include/messages_package/msg/detail/delivery__rosidl_typesupport_fastrtps_c.h
[0.469s] -- Up-to-date: /home/sam/AST/install/messages_package/lib/libmessages_package__rosidl_typesupport_fastrtps_c.so
[0.469s] -- Up-to-date: /home/sam/AST/install/messages_package/include/messages_package
[0.470s] -- Up-to-date: /home/sam/AST/install/messages_package/include/messages_package/action
[0.470s] -- Up-to-date: /home/sam/AST/install/messages_package/include/messages_package/action/detail
[0.470s] -- Up-to-date: /home/sam/AST/install/messages_package/include/messages_package/action/detail/order__rosidl_typesupport_fastrtps_cpp.hpp
[0.470s] -- Up-to-date: /home/sam/AST/install/messages_package/include/messages_package/action/detail/charge_robot__rosidl_typesupport_fastrtps_cpp.hpp
[0.470s] -- Up-to-date: /home/sam/AST/install/messages_package/include/messages_package/action/detail/dds_fastrtps
[0.470s] -- Up-to-date: /home/sam/AST/install/messages_package/include/messages_package/action/detail/move_item__rosidl_typesupport_fastrtps_cpp.hpp
[0.470s] -- Up-to-date: /home/sam/AST/install/messages_package/include/messages_package/srv
[0.470s] -- Up-to-date: /home/sam/AST/install/messages_package/include/messages_package/srv/detail
[0.470s] -- Up-to-date: /home/sam/AST/install/messages_package/include/messages_package/srv/detail/pick_up_item__rosidl_typesupport_fastrtps_cpp.hpp
[0.470s] -- Up-to-date: /home/sam/AST/install/messages_package/include/messages_package/srv/detail/put_down_item__rosidl_typesupport_fastrtps_cpp.hpp
[0.471s] -- Up-to-date: /home/sam/AST/install/messages_package/include/messages_package/srv/detail/dds_fastrtps
[0.471s] -- Up-to-date: /home/sam/AST/install/messages_package/include/messages_package/srv/detail/delivery__rosidl_typesupport_fastrtps_cpp.hpp
[0.471s] -- Up-to-date: /home/sam/AST/install/messages_package/include/messages_package/msg
[0.471s] -- Up-to-date: /home/sam/AST/install/messages_package/include/messages_package/msg/rosidl_typesupport_fastrtps_cpp__visibility_control.h
[0.471s] -- Up-to-date: /home/sam/AST/install/messages_package/include/messages_package/msg/detail
[0.471s] -- Up-to-date: /home/sam/AST/install/messages_package/include/messages_package/msg/detail/coordinates__rosidl_typesupport_fastrtps_cpp.hpp
[0.471s] -- Up-to-date: /home/sam/AST/install/messages_package/include/messages_package/msg/detail/item__rosidl_typesupport_fastrtps_cpp.hpp
[0.471s] -- Up-to-date: /home/sam/AST/install/messages_package/include/messages_package/msg/detail/dds_fastrtps
[0.471s] -- Up-to-date: /home/sam/AST/install/messages_package/include/messages_package/msg/detail/robot_distance__rosidl_typesupport_fastrtps_cpp.hpp
[0.471s] -- Up-to-date: /home/sam/AST/install/messages_package/include/messages_package/msg/detail/delivery__rosidl_typesupport_fastrtps_cpp.hpp
[0.471s] -- Up-to-date: /home/sam/AST/install/messages_package/include/messages_package/msg/detail/robot_location__rosidl_typesupport_fastrtps_cpp.hpp
[0.471s] -- Up-to-date: /home/sam/AST/install/messages_package/lib/libmessages_package__rosidl_typesupport_fastrtps_cpp.so
[0.471s] -- Up-to-date: /home/sam/AST/install/messages_package/include/messages_package
[0.471s] -- Up-to-date: /home/sam/AST/install/messages_package/include/messages_package/action
[0.471s] -- Up-to-date: /home/sam/AST/install/messages_package/include/messages_package/action/detail
[0.471s] -- Up-to-date: /home/sam/AST/install/messages_package/include/messages_package/action/detail/charge_robot__rosidl_typesupport_introspection_c.h
[0.472s] -- Up-to-date: /home/sam/AST/install/messages_package/include/messages_package/action/detail/charge_robot__type_support.c
[0.472s] -- Up-to-date: /home/sam/AST/install/messages_package/include/messages_package/action/detail/move_item__type_support.c
[0.472s] -- Up-to-date: /home/sam/AST/install/messages_package/include/messages_package/action/detail/move_item__rosidl_typesupport_introspection_c.h
[0.472s] -- Up-to-date: /home/sam/AST/install/messages_package/include/messages_package/action/detail/order__rosidl_typesupport_introspection_c.h
[0.472s] -- Up-to-date: /home/sam/AST/install/messages_package/include/messages_package/action/detail/order__type_support.c
[0.472s] -- Up-to-date: /home/sam/AST/install/messages_package/include/messages_package/srv
[0.472s] -- Up-to-date: /home/sam/AST/install/messages_package/include/messages_package/srv/detail
[0.472s] -- Up-to-date: /home/sam/AST/install/messages_package/include/messages_package/srv/detail/delivery__rosidl_typesupport_introspection_c.h
[0.472s] -- Up-to-date: /home/sam/AST/install/messages_package/include/messages_package/srv/detail/delivery__type_support.c
[0.472s] -- Up-to-date: /home/sam/AST/install/messages_package/include/messages_package/srv/detail/pick_up_item__rosidl_typesupport_introspection_c.h
[0.472s] -- Up-to-date: /home/sam/AST/install/messages_package/include/messages_package/srv/detail/pick_up_item__type_support.c
[0.472s] -- Up-to-date: /home/sam/AST/install/messages_package/include/messages_package/srv/detail/put_down_item__rosidl_typesupport_introspection_c.h
[0.472s] -- Up-to-date: /home/sam/AST/install/messages_package/include/messages_package/srv/detail/put_down_item__type_support.c
[0.472s] -- Up-to-date: /home/sam/AST/install/messages_package/include/messages_package/msg
[0.472s] -- Up-to-date: /home/sam/AST/install/messages_package/include/messages_package/msg/rosidl_typesupport_introspection_c__visibility_control.h
[0.472s] -- Up-to-date: /home/sam/AST/install/messages_package/include/messages_package/msg/detail
[0.473s] -- Up-to-date: /home/sam/AST/install/messages_package/include/messages_package/msg/detail/robot_distance__rosidl_typesupport_introspection_c.h
[0.473s] -- Up-to-date: /home/sam/AST/install/messages_package/include/messages_package/msg/detail/coordinates__rosidl_typesupport_introspection_c.h
[0.473s] -- Up-to-date: /home/sam/AST/install/messages_package/include/messages_package/msg/detail/robot_distance__type_support.c
[0.473s] -- Up-to-date: /home/sam/AST/install/messages_package/include/messages_package/msg/detail/delivery__rosidl_typesupport_introspection_c.h
[0.473s] -- Up-to-date: /home/sam/AST/install/messages_package/include/messages_package/msg/detail/delivery__type_support.c
[0.473s] -- Up-to-date: /home/sam/AST/install/messages_package/include/messages_package/msg/detail/item__type_support.c
[0.473s] -- Up-to-date: /home/sam/AST/install/messages_package/include/messages_package/msg/detail/robot_location__rosidl_typesupport_introspection_c.h
[0.473s] -- Up-to-date: /home/sam/AST/install/messages_package/include/messages_package/msg/detail/coordinates__type_support.c
[0.473s] -- Up-to-date: /home/sam/AST/install/messages_package/include/messages_package/msg/detail/item__rosidl_typesupport_introspection_c.h
[0.473s] -- Up-to-date: /home/sam/AST/install/messages_package/include/messages_package/msg/detail/robot_location__type_support.c
[0.474s] -- Up-to-date: /home/sam/AST/install/messages_package/lib/libmessages_package__rosidl_typesupport_introspection_c.so
[0.474s] -- Up-to-date: /home/sam/AST/install/messages_package/lib/libmessages_package__rosidl_typesupport_c.so
[0.474s] -- Up-to-date: /home/sam/AST/install/messages_package/include/messages_package
[0.474s] -- Up-to-date: /home/sam/AST/install/messages_package/include/messages_package/action
[0.474s] -- Up-to-date: /home/sam/AST/install/messages_package/include/messages_package/action/charge_robot.hpp
[0.474s] -- Up-to-date: /home/sam/AST/install/messages_package/include/messages_package/action/order.hpp
[0.474s] -- Up-to-date: /home/sam/AST/install/messages_package/include/messages_package/action/move_item.hpp
[0.474s] -- Up-to-date: /home/sam/AST/install/messages_package/include/messages_package/action/detail
[0.474s] -- Up-to-date: /home/sam/AST/install/messages_package/include/messages_package/action/detail/order__struct.hpp
[0.474s] -- Up-to-date: /home/sam/AST/install/messages_package/include/messages_package/action/detail/charge_robot__struct.hpp
[0.474s] -- Up-to-date: /home/sam/AST/install/messages_package/include/messages_package/action/detail/charge_robot__builder.hpp
[0.474s] -- Up-to-date: /home/sam/AST/install/messages_package/include/messages_package/action/detail/charge_robot__traits.hpp
[0.474s] -- Up-to-date: /home/sam/AST/install/messages_package/include/messages_package/action/detail/move_item__traits.hpp
[0.474s] -- Up-to-date: /home/sam/AST/install/messages_package/include/messages_package/action/detail/order__traits.hpp
[0.474s] -- Up-to-date: /home/sam/AST/install/messages_package/include/messages_package/action/detail/move_item__builder.hpp
[0.474s] -- Up-to-date: /home/sam/AST/install/messages_package/include/messages_package/action/detail/move_item__struct.hpp
[0.474s] -- Up-to-date: /home/sam/AST/install/messages_package/include/messages_package/action/detail/order__builder.hpp
[0.474s] -- Up-to-date: /home/sam/AST/install/messages_package/include/messages_package/srv
[0.475s] -- Up-to-date: /home/sam/AST/install/messages_package/include/messages_package/srv/pick_up_item.hpp
[0.475s] -- Up-to-date: /home/sam/AST/install/messages_package/include/messages_package/srv/delivery.hpp
[0.475s] -- Up-to-date: /home/sam/AST/install/messages_package/include/messages_package/srv/detail
[0.475s] -- Up-to-date: /home/sam/AST/install/messages_package/include/messages_package/srv/detail/pick_up_item__traits.hpp
[0.475s] -- Up-to-date: /home/sam/AST/install/messages_package/include/messages_package/srv/detail/delivery__struct.hpp
[0.475s] -- Up-to-date: /home/sam/AST/install/messages_package/include/messages_package/srv/detail/delivery__builder.hpp
[0.475s] -- Up-to-date: /home/sam/AST/install/messages_package/include/messages_package/srv/detail/pick_up_item__builder.hpp
[0.475s] -- Up-to-date: /home/sam/AST/install/messages_package/include/messages_package/srv/detail/put_down_item__traits.hpp
[0.475s] -- Up-to-date: /home/sam/AST/install/messages_package/include/messages_package/srv/detail/put_down_item__builder.hpp
[0.475s] -- Up-to-date: /home/sam/AST/install/messages_package/include/messages_package/srv/detail/delivery__traits.hpp
[0.475s] -- Up-to-date: /home/sam/AST/install/messages_package/include/messages_package/srv/detail/put_down_item__struct.hpp
[0.475s] -- Up-to-date: /home/sam/AST/install/messages_package/include/messages_package/srv/detail/pick_up_item__struct.hpp
[0.475s] -- Up-to-date: /home/sam/AST/install/messages_package/include/messages_package/srv/put_down_item.hpp
[0.475s] -- Up-to-date: /home/sam/AST/install/messages_package/include/messages_package/msg
[0.475s] -- Up-to-date: /home/sam/AST/install/messages_package/include/messages_package/msg/robot_location.hpp
[0.475s] -- Up-to-date: /home/sam/AST/install/messages_package/include/messages_package/msg/item.hpp
[0.475s] -- Up-to-date: /home/sam/AST/install/messages_package/include/messages_package/msg/delivery.hpp
[0.476s] -- Up-to-date: /home/sam/AST/install/messages_package/include/messages_package/msg/robot_distance.hpp
[0.476s] -- Up-to-date: /home/sam/AST/install/messages_package/include/messages_package/msg/coordinates.hpp
[0.476s] -- Up-to-date: /home/sam/AST/install/messages_package/include/messages_package/msg/detail
[0.476s] -- Up-to-date: /home/sam/AST/install/messages_package/include/messages_package/msg/detail/item__traits.hpp
[0.476s] -- Up-to-date: /home/sam/AST/install/messages_package/include/messages_package/msg/detail/item__builder.hpp
[0.476s] -- Up-to-date: /home/sam/AST/install/messages_package/include/messages_package/msg/detail/coordinates__builder.hpp
[0.476s] -- Up-to-date: /home/sam/AST/install/messages_package/include/messages_package/msg/detail/delivery__struct.hpp
[0.476s] -- Up-to-date: /home/sam/AST/install/messages_package/include/messages_package/msg/detail/robot_distance__struct.hpp
[0.476s] -- Up-to-date: /home/sam/AST/install/messages_package/include/messages_package/msg/detail/robot_location__traits.hpp
[0.476s] -- Up-to-date: /home/sam/AST/install/messages_package/include/messages_package/msg/detail/delivery__builder.hpp
[0.476s] -- Up-to-date: /home/sam/AST/install/messages_package/include/messages_package/msg/detail/coordinates__struct.hpp
[0.476s] -- Up-to-date: /home/sam/AST/install/messages_package/include/messages_package/msg/detail/coordinates__traits.hpp
[0.476s] -- Up-to-date: /home/sam/AST/install/messages_package/include/messages_package/msg/detail/robot_location__struct.hpp
[0.476s] -- Up-to-date: /home/sam/AST/install/messages_package/include/messages_package/msg/detail/robot_distance__traits.hpp
[0.476s] -- Up-to-date: /home/sam/AST/install/messages_package/include/messages_package/msg/detail/item__struct.hpp
[0.476s] -- Up-to-date: /home/sam/AST/install/messages_package/include/messages_package/msg/detail/delivery__traits.hpp
[0.477s] -- Up-to-date: /home/sam/AST/install/messages_package/include/messages_package/msg/detail/robot_distance__builder.hpp
[0.477s] -- Up-to-date: /home/sam/AST/install/messages_package/include/messages_package/msg/detail/robot_location__builder.hpp
[0.477s] -- Up-to-date: /home/sam/AST/install/messages_package/include/messages_package
[0.477s] -- Up-to-date: /home/sam/AST/install/messages_package/include/messages_package/action
[0.477s] -- Up-to-date: /home/sam/AST/install/messages_package/include/messages_package/action/detail
[0.477s] -- Up-to-date: /home/sam/AST/install/messages_package/include/messages_package/action/detail/order__rosidl_typesupport_introspection_cpp.hpp
[0.477s] -- Up-to-date: /home/sam/AST/install/messages_package/include/messages_package/action/detail/charge_robot__rosidl_typesupport_introspection_cpp.hpp
[0.477s] -- Up-to-date: /home/sam/AST/install/messages_package/include/messages_package/action/detail/charge_robot__type_support.cpp
[0.477s] -- Up-to-date: /home/sam/AST/install/messages_package/include/messages_package/action/detail/move_item__rosidl_typesupport_introspection_cpp.hpp
[0.477s] -- Up-to-date: /home/sam/AST/install/messages_package/include/messages_package/action/detail/order__type_support.cpp
[0.477s] -- Up-to-date: /home/sam/AST/install/messages_package/include/messages_package/action/detail/move_item__type_support.cpp
[0.477s] -- Up-to-date: /home/sam/AST/install/messages_package/include/messages_package/srv
[0.477s] -- Up-to-date: /home/sam/AST/install/messages_package/include/messages_package/srv/detail
[0.477s] -- Up-to-date: /home/sam/AST/install/messages_package/include/messages_package/srv/detail/put_down_item__rosidl_typesupport_introspection_cpp.hpp
[0.477s] -- Up-to-date: /home/sam/AST/install/messages_package/include/messages_package/srv/detail/delivery__type_support.cpp
[0.477s] -- Up-to-date: /home/sam/AST/install/messages_package/include/messages_package/srv/detail/pick_up_item__rosidl_typesupport_introspection_cpp.hpp
[0.478s] -- Up-to-date: /home/sam/AST/install/messages_package/include/messages_package/srv/detail/pick_up_item__type_support.cpp
[0.478s] -- Up-to-date: /home/sam/AST/install/messages_package/include/messages_package/srv/detail/put_down_item__type_support.cpp
[0.478s] -- Up-to-date: /home/sam/AST/install/messages_package/include/messages_package/srv/detail/delivery__rosidl_typesupport_introspection_cpp.hpp
[0.478s] -- Up-to-date: /home/sam/AST/install/messages_package/include/messages_package/msg
[0.478s] -- Up-to-date: /home/sam/AST/install/messages_package/include/messages_package/msg/detail
[0.478s] -- Up-to-date: /home/sam/AST/install/messages_package/include/messages_package/msg/detail/coordinates__type_support.cpp
[0.478s] -- Up-to-date: /home/sam/AST/install/messages_package/include/messages_package/msg/detail/robot_distance__rosidl_typesupport_introspection_cpp.hpp
[0.478s] -- Up-to-date: /home/sam/AST/install/messages_package/include/messages_package/msg/detail/robot_distance__type_support.cpp
[0.478s] -- Up-to-date: /home/sam/AST/install/messages_package/include/messages_package/msg/detail/delivery__type_support.cpp
[0.478s] -- Up-to-date: /home/sam/AST/install/messages_package/include/messages_package/msg/detail/coordinates__rosidl_typesupport_introspection_cpp.hpp
[0.478s] -- Up-to-date: /home/sam/AST/install/messages_package/include/messages_package/msg/detail/item__rosidl_typesupport_introspection_cpp.hpp
[0.478s] -- Up-to-date: /home/sam/AST/install/messages_package/include/messages_package/msg/detail/robot_location__rosidl_typesupport_introspection_cpp.hpp
[0.478s] -- Up-to-date: /home/sam/AST/install/messages_package/include/messages_package/msg/detail/robot_location__type_support.cpp
[0.479s] -- Up-to-date: /home/sam/AST/install/messages_package/include/messages_package/msg/detail/item__type_support.cpp
[0.479s] -- Up-to-date: /home/sam/AST/install/messages_package/include/messages_package/msg/detail/delivery__rosidl_typesupport_introspection_cpp.hpp
[0.479s] -- Up-to-date: /home/sam/AST/install/messages_package/lib/libmessages_package__rosidl_typesupport_introspection_cpp.so
[0.479s] -- Up-to-date: /home/sam/AST/install/messages_package/lib/libmessages_package__rosidl_typesupport_cpp.so
[0.479s] -- Up-to-date: /home/sam/AST/install/messages_package/share/messages_package/environment/pythonpath.sh
[0.479s] -- Up-to-date: /home/sam/AST/install/messages_package/share/messages_package/environment/pythonpath.dsv
[0.479s] -- Up-to-date: /home/sam/AST/install/messages_package/lib/python3.8/site-packages/messages_package/__init__.py
[0.506s] -- Up-to-date: /home/sam/AST/install/messages_package/lib/python3.8/site-packages/messages_package/msg
[0.506s] -- Up-to-date: /home/sam/AST/install/messages_package/lib/python3.8/site-packages/messages_package/msg/__init__.py
[0.506s] -- Up-to-date: /home/sam/AST/install/messages_package/lib/python3.8/site-packages/messages_package/msg/_robot_location_s.c
[0.507s] -- Up-to-date: /home/sam/AST/install/messages_package/lib/python3.8/site-packages/messages_package/msg/_coordinates.py
[0.507s] -- Up-to-date: /home/sam/AST/install/messages_package/lib/python3.8/site-packages/messages_package/msg/_coordinates_s.c
[0.507s] -- Up-to-date: /home/sam/AST/install/messages_package/lib/python3.8/site-packages/messages_package/msg/_robot_distance_s.c
[0.507s] -- Up-to-date: /home/sam/AST/install/messages_package/lib/python3.8/site-packages/messages_package/msg/_item.py
[0.507s] -- Up-to-date: /home/sam/AST/install/messages_package/lib/python3.8/site-packages/messages_package/msg/_robot_distance.py
[0.507s] -- Up-to-date: /home/sam/AST/install/messages_package/lib/python3.8/site-packages/messages_package/msg/_delivery.py
[0.507s] -- Up-to-date: /home/sam/AST/install/messages_package/lib/python3.8/site-packages/messages_package/msg/_robot_location.py
[0.507s] -- Up-to-date: /home/sam/AST/install/messages_package/lib/python3.8/site-packages/messages_package/msg/_item_s.c
[0.507s] -- Up-to-date: /home/sam/AST/install/messages_package/lib/python3.8/site-packages/messages_package/msg/_delivery_s.c
[0.507s] -- Up-to-date: /home/sam/AST/install/messages_package/lib/python3.8/site-packages/messages_package/srv
[0.507s] -- Up-to-date: /home/sam/AST/install/messages_package/lib/python3.8/site-packages/messages_package/srv/__init__.py
[0.507s] -- Up-to-date: /home/sam/AST/install/messages_package/lib/python3.8/site-packages/messages_package/srv/_put_down_item_s.c
[0.507s] -- Up-to-date: /home/sam/AST/install/messages_package/lib/python3.8/site-packages/messages_package/srv/_delivery.py
[0.507s] -- Up-to-date: /home/sam/AST/install/messages_package/lib/python3.8/site-packages/messages_package/srv/_put_down_item.py
[0.508s] -- Up-to-date: /home/sam/AST/install/messages_package/lib/python3.8/site-packages/messages_package/srv/_pick_up_item.py
[0.508s] -- Up-to-date: /home/sam/AST/install/messages_package/lib/python3.8/site-packages/messages_package/srv/_pick_up_item_s.c
[0.508s] -- Up-to-date: /home/sam/AST/install/messages_package/lib/python3.8/site-packages/messages_package/srv/_delivery_s.c
[0.508s] -- Up-to-date: /home/sam/AST/install/messages_package/lib/python3.8/site-packages/messages_package/action
[0.508s] -- Up-to-date: /home/sam/AST/install/messages_package/lib/python3.8/site-packages/messages_package/action/__init__.py
[0.508s] -- Up-to-date: /home/sam/AST/install/messages_package/lib/python3.8/site-packages/messages_package/action/_order_s.c
[0.508s] -- Up-to-date: /home/sam/AST/install/messages_package/lib/python3.8/site-packages/messages_package/action/_charge_robot_s.c
[0.508s] -- Up-to-date: /home/sam/AST/install/messages_package/lib/python3.8/site-packages/messages_package/action/_move_item.py
[0.508s] -- Up-to-date: /home/sam/AST/install/messages_package/lib/python3.8/site-packages/messages_package/action/_move_item_s.c
[0.509s] -- Up-to-date: /home/sam/AST/install/messages_package/lib/python3.8/site-packages/messages_package/action/_order.py
[0.509s] -- Up-to-date: /home/sam/AST/install/messages_package/lib/python3.8/site-packages/messages_package/action/_charge_robot.py
[0.509s] -- Up-to-date: /home/sam/AST/install/messages_package/lib/python3.8/site-packages/messages_package/messages_package_s__rosidl_typesupport_fastrtps_c.cpython-38-x86_64-linux-gnu.so
[0.509s] -- Up-to-date: /home/sam/AST/install/messages_package/lib/python3.8/site-packages/messages_package/messages_package_s__rosidl_typesupport_introspection_c.cpython-38-x86_64-linux-gnu.so
[0.509s] -- Up-to-date: /home/sam/AST/install/messages_package/lib/python3.8/site-packages/messages_package/messages_package_s__rosidl_typesupport_c.cpython-38-x86_64-linux-gnu.so
[0.509s] -- Up-to-date: /home/sam/AST/install/messages_package/lib/libmessages_package__python.so
[0.509s] -- Up-to-date: /home/sam/AST/install/messages_package/share/messages_package/msg/Coordinates.idl
[0.509s] -- Up-to-date: /home/sam/AST/install/messages_package/share/messages_package/msg/Delivery.idl
[0.509s] -- Up-to-date: /home/sam/AST/install/messages_package/share/messages_package/msg/Item.idl
[0.510s] -- Up-to-date: /home/sam/AST/install/messages_package/share/messages_package/msg/RobotDistance.idl
[0.510s] -- Up-to-date: /home/sam/AST/install/messages_package/share/messages_package/msg/RobotLocation.idl
[0.510s] -- Up-to-date: /home/sam/AST/install/messages_package/share/messages_package/srv/Delivery.idl
[0.510s] -- Up-to-date: /home/sam/AST/install/messages_package/share/messages_package/srv/PickUpItem.idl
[0.510s] -- Up-to-date: /home/sam/AST/install/messages_package/share/messages_package/srv/PutDownItem.idl
[0.510s] -- Up-to-date: /home/sam/AST/install/messages_package/share/messages_package/action/ChargeRobot.idl
[0.510s] -- Up-to-date: /home/sam/AST/install/messages_package/share/messages_package/action/MoveItem.idl
[0.511s] -- Up-to-date: /home/sam/AST/install/messages_package/share/messages_package/action/Order.idl
[0.511s] -- Up-to-date: /home/sam/AST/install/messages_package/share/messages_package/msg/Coordinates.msg
[0.511s] -- Up-to-date: /home/sam/AST/install/messages_package/share/messages_package/msg/Delivery.msg
[0.511s] -- Up-to-date: /home/sam/AST/install/messages_package/share/messages_package/msg/Item.msg
[0.511s] -- Up-to-date: /home/sam/AST/install/messages_package/share/messages_package/msg/RobotDistance.msg
[0.511s] -- Up-to-date: /home/sam/AST/install/messages_package/share/messages_package/msg/RobotLocation.msg
[0.511s] -- Up-to-date: /home/sam/AST/install/messages_package/share/messages_package/srv/Delivery.srv
[0.511s] -- Up-to-date: /home/sam/AST/install/messages_package/share/messages_package/srv/Delivery_Request.msg
[0.512s] -- Up-to-date: /home/sam/AST/install/messages_package/share/messages_package/srv/Delivery_Response.msg
[0.512s] -- Up-to-date: /home/sam/AST/install/messages_package/share/messages_package/srv/PickUpItem.srv
[0.512s] -- Up-to-date: /home/sam/AST/install/messages_package/share/messages_package/srv/PickUpItem_Request.msg
[0.512s] -- Up-to-date: /home/sam/AST/install/messages_package/share/messages_package/srv/PickUpItem_Response.msg
[0.512s] -- Up-to-date: /home/sam/AST/install/messages_package/share/messages_package/srv/PutDownItem.srv
[0.512s] -- Up-to-date: /home/sam/AST/install/messages_package/share/messages_package/srv/PutDownItem_Request.msg
[0.512s] -- Up-to-date: /home/sam/AST/install/messages_package/share/messages_package/srv/PutDownItem_Response.msg
[0.513s] -- Up-to-date: /home/sam/AST/install/messages_package/share/messages_package/action/ChargeRobot.action
[0.513s] -- Up-to-date: /home/sam/AST/install/messages_package/share/messages_package/action/MoveItem.action
[0.513s] -- Up-to-date: /home/sam/AST/install/messages_package/share/messages_package/action/Order.action
[0.513s] -- Up-to-date: /home/sam/AST/install/messages_package/share/ament_index/resource_index/package_run_dependencies/messages_package
[0.513s] -- Up-to-date: /home/sam/AST/install/messages_package/share/ament_index/resource_index/parent_prefix_path/messages_package
[0.513s] -- Up-to-date: /home/sam/AST/install/messages_package/share/messages_package/environment/ament_prefix_path.sh
[0.513s] -- Up-to-date: /home/sam/AST/install/messages_package/share/messages_package/environment/ament_prefix_path.dsv
[0.513s] -- Up-to-date: /home/sam/AST/install/messages_package/share/messages_package/environment/path.sh
[0.513s] -- Up-to-date: /home/sam/AST/install/messages_package/share/messages_package/environment/path.dsv
[0.514s] -- Up-to-date: /home/sam/AST/install/messages_package/share/messages_package/local_setup.bash
[0.514s] -- Up-to-date: /home/sam/AST/install/messages_package/share/messages_package/local_setup.sh
[0.514s] -- Up-to-date: /home/sam/AST/install/messages_package/share/messages_package/local_setup.zsh
[0.514s] -- Up-to-date: /home/sam/AST/install/messages_package/share/messages_package/local_setup.dsv
[0.514s] -- Installing: /home/sam/AST/install/messages_package/share/messages_package/package.dsv
[0.514s] -- Up-to-date: /home/sam/AST/install/messages_package/share/ament_index/resource_index/packages/messages_package
[0.514s] -- Up-to-date: /home/sam/AST/install/messages_package/share/messages_package/cmake/messages_package__rosidl_generator_cExport.cmake
[0.514s] -- Up-to-date: /home/sam/AST/install/messages_package/share/messages_package/cmake/messages_package__rosidl_generator_cExport-noconfig.cmake
[0.514s] -- Up-to-date: /home/sam/AST/install/messages_package/share/messages_package/cmake/messages_package__rosidl_typesupport_introspection_cExport.cmake
[0.515s] -- Up-to-date: /home/sam/AST/install/messages_package/share/messages_package/cmake/messages_package__rosidl_typesupport_introspection_cExport-noconfig.cmake
[0.515s] -- Up-to-date: /home/sam/AST/install/messages_package/share/messages_package/cmake/messages_package__rosidl_typesupport_cExport.cmake
[0.515s] -- Up-to-date: /home/sam/AST/install/messages_package/share/messages_package/cmake/messages_package__rosidl_typesupport_cExport-noconfig.cmake
[0.515s] -- Up-to-date: /home/sam/AST/install/messages_package/share/messages_package/cmake/messages_package__rosidl_generator_cppExport.cmake
[0.515s] -- Up-to-date: /home/sam/AST/install/messages_package/share/messages_package/cmake/messages_package__rosidl_typesupport_introspection_cppExport.cmake
[0.515s] -- Up-to-date: /home/sam/AST/install/messages_package/share/messages_package/cmake/messages_package__rosidl_typesupport_introspection_cppExport-noconfig.cmake
[0.515s] -- Up-to-date: /home/sam/AST/install/messages_package/share/messages_package/cmake/messages_package__rosidl_typesupport_cppExport.cmake
[0.515s] -- Up-to-date: /home/sam/AST/install/messages_package/share/messages_package/cmake/messages_package__rosidl_typesupport_cppExport-noconfig.cmake
[0.515s] -- Up-to-date: /home/sam/AST/install/messages_package/share/messages_package/cmake/rosidl_cmake-extras.cmake
[0.515s] -- Up-to-date: /home/sam/AST/install/messages_package/share/messages_package/cmake/ament_cmake_export_dependencies-extras.cmake
[0.515s] -- Up-to-date: /home/sam/AST/install/messages_package/share/messages_package/cmake/ament_cmake_export_libraries-extras.cmake
[0.515s] -- Up-to-date: /home/sam/AST/install/messages_package/share/messages_package/cmake/ament_cmake_export_targets-extras.cmake
[0.515s] -- Up-to-date: /home/sam/AST/install/messages_package/share/messages_package/cmake/ament_cmake_export_include_directories-extras.cmake
[0.516s] -- Up-to-date: /home/sam/AST/install/messages_package/share/messages_package/cmake/rosidl_cmake_export_typesupport_libraries-extras.cmake
[0.516s] -- Up-to-date: /home/sam/AST/install/messages_package/share/messages_package/cmake/rosidl_cmake_export_typesupport_targets-extras.cmake
[0.516s] -- Up-to-date: /home/sam/AST/install/messages_package/share/messages_package/cmake/messages_packageConfig.cmake
[0.516s] -- Up-to-date: /home/sam/AST/install/messages_package/share/messages_package/cmake/messages_packageConfig-version.cmake
[0.516s] -- Up-to-date: /home/sam/AST/install/messages_package/share/messages_package/package.xml
[0.518s] Invoked command in '/home/sam/AST_Robot_Warehouse/build/messages_package' returned '0': CMAKE_PREFIX_PATH=${CMAKE_PREFIX_PATH}:/home/sam/AST_Robot_Warehouse/install/warehouse_robot_package:/home/sam/AST_Robot_Warehouse/install/py_pubsub:/opt/ros/foxy /usr/bin/cmake --install /home/sam/AST_Robot_Warehouse/build/messages_package
