[0.346s] Invoking command in '/home/sam/AST_Robot_Warehouse/src/warehouse_robot_package': CMAKE_PREFIX_PATH=/home/sam/AST_Robot_Warehouse/install/messages_package:/home/sam/AST_Robot_Warehouse/install/turtlesim:/home/sam/AST_Robot_Warehouse/install/my_package:/home/sam/AST_Robot_Warehouse/install/action_tutorials_interfaces LD_LIBRARY_PATH=/home/sam/AST_Robot_Warehouse/install/messages_package/lib:/home/sam/AST_Robot_Warehouse/install/turtlesim/lib:/home/sam/AST_Robot_Warehouse/install/action_tutorials_interfaces/lib:/opt/ros/foxy/opt/yaml_cpp_vendor/lib:/opt/ros/foxy/opt/rviz_ogre_vendor/lib:/opt/ros/foxy/lib/x86_64-linux-gnu:/opt/ros/foxy/lib PYTHONPATH=/home/sam/AST_Robot_Warehouse/install/warehouse_robot_package/lib/python3.8/site-packages:/home/sam/AST_Robot_Warehouse/install/messages_package/lib/python3.8/site-packages:/home/sam/AST_Robot_Warehouse/install/warehouse_robot_package/lib/python3.8/site-packages:/home/sam/AST_Robot_Warehouse/install/turtlesim/lib/python3.8/site-packages:/home/sam/AST_Robot_Warehouse/install/py_srvcli/lib/python3.8/site-packages:/home/sam/AST_Robot_Warehouse/install/py_pubsub/lib/python3.8/site-packages:/home/sam/AST_Robot_Warehouse/install/action_tutorials_interfaces/lib/python3.8/site-packages:/opt/ros/foxy/lib/python3.8/site-packages /usr/bin/python3 setup.py egg_info --egg-base ../../build/warehouse_robot_package build --build-base /home/sam/AST_Robot_Warehouse/build/warehouse_robot_package/build install --prefix /home/sam/AST_Robot_Warehouse/install/warehouse_robot_package --record /home/sam/AST_Robot_Warehouse/build/warehouse_robot_package/install.log --single-version-externally-managed
[0.671s] running egg_info
[0.671s] writing ../../build/warehouse_robot_package/warehouse_robot_package.egg-info/PKG-INFO
[0.671s] writing dependency_links to ../../build/warehouse_robot_package/warehouse_robot_package.egg-info/dependency_links.txt
[0.672s] writing entry points to ../../build/warehouse_robot_package/warehouse_robot_package.egg-info/entry_points.txt
[0.672s] writing requirements to ../../build/warehouse_robot_package/warehouse_robot_package.egg-info/requires.txt
[0.672s] writing top-level names to ../../build/warehouse_robot_package/warehouse_robot_package.egg-info/top_level.txt
[0.710s] reading manifest file '../../build/warehouse_robot_package/warehouse_robot_package.egg-info/SOURCES.txt'
[0.711s] writing manifest file '../../build/warehouse_robot_package/warehouse_robot_package.egg-info/SOURCES.txt'
[0.711s] running build
[0.711s] running build_py
[0.712s] copying warehouse_robot_package/warehouse.py -> /home/sam/AST_Robot_Warehouse/build/warehouse_robot_package/build/lib/warehouse_robot_package
[0.712s] copying warehouse_robot_package/order_console.py -> /home/sam/AST_Robot_Warehouse/build/warehouse_robot_package/build/lib/warehouse_robot_package
[0.712s] copying warehouse_robot_package/robot.py -> /home/sam/AST_Robot_Warehouse/build/warehouse_robot_package/build/lib/warehouse_robot_package
[0.712s] running install
[0.713s] running install_lib
[0.714s] copying /home/sam/AST_Robot_Warehouse/build/warehouse_robot_package/build/lib/warehouse_robot_package/warehouse.py -> /home/sam/AST_Robot_Warehouse/install/warehouse_robot_package/lib/python3.8/site-packages/warehouse_robot_package
[0.715s] copying /home/sam/AST_Robot_Warehouse/build/warehouse_robot_package/build/lib/warehouse_robot_package/order_console.py -> /home/sam/AST_Robot_Warehouse/install/warehouse_robot_package/lib/python3.8/site-packages/warehouse_robot_package
[0.715s] copying /home/sam/AST_Robot_Warehouse/build/warehouse_robot_package/build/lib/warehouse_robot_package/robot.py -> /home/sam/AST_Robot_Warehouse/install/warehouse_robot_package/lib/python3.8/site-packages/warehouse_robot_package
[0.715s] byte-compiling /home/sam/AST_Robot_Warehouse/install/warehouse_robot_package/lib/python3.8/site-packages/warehouse_robot_package/warehouse.py to warehouse.cpython-38.pyc
[0.719s] byte-compiling /home/sam/AST_Robot_Warehouse/install/warehouse_robot_package/lib/python3.8/site-packages/warehouse_robot_package/order_console.py to order_console.cpython-38.pyc
[0.720s] byte-compiling /home/sam/AST_Robot_Warehouse/install/warehouse_robot_package/lib/python3.8/site-packages/warehouse_robot_package/robot.py to robot.cpython-38.pyc
[0.722s] running install_data
[0.723s] running install_egg_info
[0.725s] removing '/home/sam/AST_Robot_Warehouse/install/warehouse_robot_package/lib/python3.8/site-packages/warehouse_robot_package-0.0.0-py3.8.egg-info' (and everything under it)
[0.726s] Copying ../../build/warehouse_robot_package/warehouse_robot_package.egg-info to /home/sam/AST_Robot_Warehouse/install/warehouse_robot_package/lib/python3.8/site-packages/warehouse_robot_package-0.0.0-py3.8.egg-info
[0.727s] running install_scripts
[0.748s] Installing beacon script to /home/sam/AST_Robot_Warehouse/install/warehouse_robot_package/lib/warehouse_robot_package
[0.748s] Installing order_console script to /home/sam/AST_Robot_Warehouse/install/warehouse_robot_package/lib/warehouse_robot_package
[0.748s] Installing robot script to /home/sam/AST_Robot_Warehouse/install/warehouse_robot_package/lib/warehouse_robot_package
[0.748s] Installing warehouse script to /home/sam/AST_Robot_Warehouse/install/warehouse_robot_package/lib/warehouse_robot_package
[0.749s] writing list of installed files to '/home/sam/AST_Robot_Warehouse/build/warehouse_robot_package/install.log'
[0.770s] Invoked command in '/home/sam/AST_Robot_Warehouse/src/warehouse_robot_package' returned '0': CMAKE_PREFIX_PATH=/home/sam/AST_Robot_Warehouse/install/messages_package:/home/sam/AST_Robot_Warehouse/install/turtlesim:/home/sam/AST_Robot_Warehouse/install/my_package:/home/sam/AST_Robot_Warehouse/install/action_tutorials_interfaces LD_LIBRARY_PATH=/home/sam/AST_Robot_Warehouse/install/messages_package/lib:/home/sam/AST_Robot_Warehouse/install/turtlesim/lib:/home/sam/AST_Robot_Warehouse/install/action_tutorials_interfaces/lib:/opt/ros/foxy/opt/yaml_cpp_vendor/lib:/opt/ros/foxy/opt/rviz_ogre_vendor/lib:/opt/ros/foxy/lib/x86_64-linux-gnu:/opt/ros/foxy/lib PYTHONPATH=/home/sam/AST_Robot_Warehouse/install/warehouse_robot_package/lib/python3.8/site-packages:/home/sam/AST_Robot_Warehouse/install/messages_package/lib/python3.8/site-packages:/home/sam/AST_Robot_Warehouse/install/warehouse_robot_package/lib/python3.8/site-packages:/home/sam/AST_Robot_Warehouse/install/turtlesim/lib/python3.8/site-packages:/home/sam/AST_Robot_Warehouse/install/py_srvcli/lib/python3.8/site-packages:/home/sam/AST_Robot_Warehouse/install/py_pubsub/lib/python3.8/site-packages:/home/sam/AST_Robot_Warehouse/install/action_tutorials_interfaces/lib/python3.8/site-packages:/opt/ros/foxy/lib/python3.8/site-packages /usr/bin/python3 setup.py egg_info --egg-base ../../build/warehouse_robot_package build --build-base /home/sam/AST_Robot_Warehouse/build/warehouse_robot_package/build install --prefix /home/sam/AST_Robot_Warehouse/install/warehouse_robot_package --record /home/sam/AST_Robot_Warehouse/build/warehouse_robot_package/install.log --single-version-externally-managed
