running egg_info
creating ../../build/warehouse_robot_package/warehouse_robot_package.egg-info
writing ../../build/warehouse_robot_package/warehouse_robot_package.egg-info/PKG-INFO
writing dependency_links to ../../build/warehouse_robot_package/warehouse_robot_package.egg-info/dependency_links.txt
writing entry points to ../../build/warehouse_robot_package/warehouse_robot_package.egg-info/entry_points.txt
writing requirements to ../../build/warehouse_robot_package/warehouse_robot_package.egg-info/requires.txt
writing top-level names to ../../build/warehouse_robot_package/warehouse_robot_package.egg-info/top_level.txt
writing manifest file '../../build/warehouse_robot_package/warehouse_robot_package.egg-info/SOURCES.txt'
reading manifest file '../../build/warehouse_robot_package/warehouse_robot_package.egg-info/SOURCES.txt'
writing manifest file '../../build/warehouse_robot_package/warehouse_robot_package.egg-info/SOURCES.txt'
running build
running build_py
creating /home/sam/AST/build/warehouse_robot_package/build
creating /home/sam/AST/build/warehouse_robot_package/build/lib
creating /home/sam/AST/build/warehouse_robot_package/build/lib/warehouse_robot_package
copying warehouse_robot_package/__init__.py -> /home/sam/AST/build/warehouse_robot_package/build/lib/warehouse_robot_package
copying warehouse_robot_package/warehouse_robot.py -> /home/sam/AST/build/warehouse_robot_package/build/lib/warehouse_robot_package
running install
running install_lib
creating /home/sam/AST/install/warehouse_robot_package/lib/python3.8/site-packages/warehouse_robot_package
copying /home/sam/AST/build/warehouse_robot_package/build/lib/warehouse_robot_package/__init__.py -> /home/sam/AST/install/warehouse_robot_package/lib/python3.8/site-packages/warehouse_robot_package
copying /home/sam/AST/build/warehouse_robot_package/build/lib/warehouse_robot_package/warehouse_robot.py -> /home/sam/AST/install/warehouse_robot_package/lib/python3.8/site-packages/warehouse_robot_package
byte-compiling /home/sam/AST/install/warehouse_robot_package/lib/python3.8/site-packages/warehouse_robot_package/__init__.py to __init__.cpython-38.pyc
byte-compiling /home/sam/AST/install/warehouse_robot_package/lib/python3.8/site-packages/warehouse_robot_package/warehouse_robot.py to warehouse_robot.cpython-38.pyc
running install_data
creating /home/sam/AST/install/warehouse_robot_package/share/ament_index
creating /home/sam/AST/install/warehouse_robot_package/share/ament_index/resource_index
creating /home/sam/AST/install/warehouse_robot_package/share/ament_index/resource_index/packages
copying resource/warehouse_robot_package -> /home/sam/AST/install/warehouse_robot_package/share/ament_index/resource_index/packages
copying package.xml -> /home/sam/AST/install/warehouse_robot_package/share/warehouse_robot_package
running install_egg_info
Copying ../../build/warehouse_robot_package/warehouse_robot_package.egg-info to /home/sam/AST/install/warehouse_robot_package/lib/python3.8/site-packages/warehouse_robot_package-0.0.0-py3.8.egg-info
running install_scripts
Installing warehouse_robot script to /home/sam/AST/install/warehouse_robot_package/lib/warehouse_robot_package
writing list of installed files to '/home/sam/AST/build/warehouse_robot_package/install.log'
