[0.308s] Invoking command in '/home/sam/AST/src/warehouse_robot_package': CONDA_PROMPT_MODIFIER=(base) PYTHONPATH=/home/sam/AST/install/warehouse_robot_package/lib/python3.8/site-packages:${PYTHONPATH} /usr/bin/python3 setup.py egg_info --egg-base ../../build/warehouse_robot_package build --build-base /home/sam/AST/build/warehouse_robot_package/build install --prefix /home/sam/AST/install/warehouse_robot_package --record /home/sam/AST/build/warehouse_robot_package/install.log --single-version-externally-managed
[0.528s] running egg_info
[0.528s] creating ../../build/warehouse_robot_package/warehouse_robot_package.egg-info
[0.528s] writing ../../build/warehouse_robot_package/warehouse_robot_package.egg-info/PKG-INFO
[0.528s] writing dependency_links to ../../build/warehouse_robot_package/warehouse_robot_package.egg-info/dependency_links.txt
[0.528s] writing entry points to ../../build/warehouse_robot_package/warehouse_robot_package.egg-info/entry_points.txt
[0.529s] writing requirements to ../../build/warehouse_robot_package/warehouse_robot_package.egg-info/requires.txt
[0.530s] writing top-level names to ../../build/warehouse_robot_package/warehouse_robot_package.egg-info/top_level.txt
[0.530s] writing manifest file '../../build/warehouse_robot_package/warehouse_robot_package.egg-info/SOURCES.txt'
[0.566s] reading manifest file '../../build/warehouse_robot_package/warehouse_robot_package.egg-info/SOURCES.txt'
[0.567s] writing manifest file '../../build/warehouse_robot_package/warehouse_robot_package.egg-info/SOURCES.txt'
[0.567s] running build
[0.567s] running build_py
[0.568s] creating /home/sam/AST/build/warehouse_robot_package/build
[0.568s] creating /home/sam/AST/build/warehouse_robot_package/build/lib
[0.568s] creating /home/sam/AST/build/warehouse_robot_package/build/lib/warehouse_robot_package
[0.568s] copying warehouse_robot_package/__init__.py -> /home/sam/AST/build/warehouse_robot_package/build/lib/warehouse_robot_package
[0.568s] copying warehouse_robot_package/warehouse_robot.py -> /home/sam/AST/build/warehouse_robot_package/build/lib/warehouse_robot_package
[0.568s] running install
[0.569s] running install_lib
[0.570s] creating /home/sam/AST/install/warehouse_robot_package/lib/python3.8/site-packages/warehouse_robot_package
[0.570s] copying /home/sam/AST/build/warehouse_robot_package/build/lib/warehouse_robot_package/__init__.py -> /home/sam/AST/install/warehouse_robot_package/lib/python3.8/site-packages/warehouse_robot_package
[0.570s] copying /home/sam/AST/build/warehouse_robot_package/build/lib/warehouse_robot_package/warehouse_robot.py -> /home/sam/AST/install/warehouse_robot_package/lib/python3.8/site-packages/warehouse_robot_package
[0.571s] byte-compiling /home/sam/AST/install/warehouse_robot_package/lib/python3.8/site-packages/warehouse_robot_package/__init__.py to __init__.cpython-38.pyc
[0.572s] byte-compiling /home/sam/AST/install/warehouse_robot_package/lib/python3.8/site-packages/warehouse_robot_package/warehouse_robot.py to warehouse_robot.cpython-38.pyc
[0.572s] running install_data
[0.573s] creating /home/sam/AST/install/warehouse_robot_package/share/ament_index
[0.573s] creating /home/sam/AST/install/warehouse_robot_package/share/ament_index/resource_index
[0.573s] creating /home/sam/AST/install/warehouse_robot_package/share/ament_index/resource_index/packages
[0.573s] copying resource/warehouse_robot_package -> /home/sam/AST/install/warehouse_robot_package/share/ament_index/resource_index/packages
[0.573s] copying package.xml -> /home/sam/AST/install/warehouse_robot_package/share/warehouse_robot_package
[0.573s] running install_egg_info
[0.575s] Copying ../../build/warehouse_robot_package/warehouse_robot_package.egg-info to /home/sam/AST/install/warehouse_robot_package/lib/python3.8/site-packages/warehouse_robot_package-0.0.0-py3.8.egg-info
[0.576s] running install_scripts
[0.593s] Installing warehouse_robot script to /home/sam/AST/install/warehouse_robot_package/lib/warehouse_robot_package
[0.593s] writing list of installed files to '/home/sam/AST/build/warehouse_robot_package/install.log'
[0.613s] Invoked command in '/home/sam/AST/src/warehouse_robot_package' returned '0': CONDA_PROMPT_MODIFIER=(base) PYTHONPATH=/home/sam/AST/install/warehouse_robot_package/lib/python3.8/site-packages:${PYTHONPATH} /usr/bin/python3 setup.py egg_info --egg-base ../../build/warehouse_robot_package build --build-base /home/sam/AST/build/warehouse_robot_package/build install --prefix /home/sam/AST/install/warehouse_robot_package --record /home/sam/AST/build/warehouse_robot_package/install.log --single-version-externally-managed
