[0.318s] DEBUG:colcon:Command line arguments: ['/usr/bin/colcon', 'build']
[0.318s] DEBUG:colcon:Parsed command line arguments: Namespace(ament_cmake_args=None, base_paths=['.'], build_base='build', catkin_cmake_args=None, catkin_skip_building_tests=False, cmake_args=None, cmake_clean_cache=False, cmake_clean_first=False, cmake_force_configure=False, cmake_target=None, cmake_target_skip_unavailable=False, continue_on_error=False, event_handlers=None, executor='parallel', ignore_user_meta=False, install_base='install', log_base=None, log_level=None, main=<bound method BuildVerb.main of <colcon_core.verb.build.BuildVerb object at 0x7f59914f37c0>>, merge_install=False, metas=['./colcon.meta'], packages_above=None, packages_above_and_dependencies=None, packages_above_depth=None, packages_end=None, packages_ignore=None, packages_ignore_regex=None, packages_select=None, packages_select_build_failed=False, packages_select_by_dep=None, packages_select_regex=None, packages_select_test_failures=False, packages_skip=None, packages_skip_build_finished=False, packages_skip_by_dep=None, packages_skip_regex=None, packages_skip_test_passed=False, packages_skip_up_to=None, packages_start=None, packages_up_to=None, packages_up_to_regex=None, parallel_workers=12, paths=None, symlink_install=False, test_result_base=None, verb_extension=<colcon_core.verb.build.BuildVerb object at 0x7f59914f37c0>, verb_name='build', verb_parser=<colcon_defaults.argument_parser.defaults.DefaultArgumentsDecorator object at 0x7f59914f3d30>)
[0.326s] Level 1:colcon.colcon_core.package_discovery:discover_packages(colcon_meta) check parameters
[0.326s] Level 1:colcon.colcon_core.package_discovery:discover_packages(recursive) check parameters
[0.326s] Level 1:colcon.colcon_core.package_discovery:discover_packages(ignore) check parameters
[0.326s] Level 1:colcon.colcon_core.package_discovery:discover_packages(path) check parameters
[0.326s] Level 1:colcon.colcon_core.package_discovery:discover_packages(colcon_meta) discover
[0.326s] Level 1:colcon.colcon_core.package_discovery:discover_packages(recursive) discover
[0.326s] INFO:colcon.colcon_core.package_discovery:Crawling recursively for packages in '/home/sam/AST/src'
[0.326s] Level 1:colcon.colcon_core.package_identification:_identify(.) by extensions ['ignore', 'ignore_ament_install']
[0.327s] Level 1:colcon.colcon_core.package_identification:_identify(.) by extension 'ignore'
[0.327s] Level 1:colcon.colcon_core.package_identification:_identify(.) by extension 'ignore_ament_install'
[0.327s] Level 1:colcon.colcon_core.package_identification:_identify(.) by extensions ['colcon_pkg']
[0.327s] Level 1:colcon.colcon_core.package_identification:_identify(.) by extension 'colcon_pkg'
[0.327s] Level 1:colcon.colcon_core.package_identification:_identify(.) by extensions ['colcon_meta']
[0.327s] Level 1:colcon.colcon_core.package_identification:_identify(.) by extension 'colcon_meta'
[0.327s] Level 1:colcon.colcon_core.package_identification:_identify(.) by extensions ['ros']
[0.327s] Level 1:colcon.colcon_core.package_identification:_identify(.) by extension 'ros'
[0.336s] Level 1:colcon.colcon_core.package_identification:_identify(.) by extensions ['cmake', 'python']
[0.336s] Level 1:colcon.colcon_core.package_identification:_identify(.) by extension 'cmake'
[0.336s] Level 1:colcon.colcon_core.package_identification:_identify(.) by extension 'python'
[0.336s] Level 1:colcon.colcon_core.package_identification:_identify(.) by extensions ['python_setup_py']
[0.336s] Level 1:colcon.colcon_core.package_identification:_identify(.) by extension 'python_setup_py'
[0.336s] Level 1:colcon.colcon_core.package_identification:_identify(build) by extensions ['ignore', 'ignore_ament_install']
[0.336s] Level 1:colcon.colcon_core.package_identification:_identify(build) by extension 'ignore'
[0.336s] Level 1:colcon.colcon_core.package_identification:_identify(build) ignored
[0.336s] Level 1:colcon.colcon_core.package_identification:_identify(install) by extensions ['ignore', 'ignore_ament_install']
[0.336s] Level 1:colcon.colcon_core.package_identification:_identify(install) by extension 'ignore'
[0.336s] Level 1:colcon.colcon_core.package_identification:_identify(install) ignored
[0.336s] Level 1:colcon.colcon_core.package_identification:_identify(log) by extensions ['ignore', 'ignore_ament_install']
[0.336s] Level 1:colcon.colcon_core.package_identification:_identify(log) by extension 'ignore'
[0.336s] Level 1:colcon.colcon_core.package_identification:_identify(log) ignored
[0.337s] Level 1:colcon.colcon_core.package_identification:_identify(my_package) by extensions ['ignore', 'ignore_ament_install']
[0.337s] Level 1:colcon.colcon_core.package_identification:_identify(my_package) by extension 'ignore'
[0.337s] Level 1:colcon.colcon_core.package_identification:_identify(my_package) by extension 'ignore_ament_install'
[0.337s] Level 1:colcon.colcon_core.package_identification:_identify(my_package) by extensions ['colcon_pkg']
[0.337s] Level 1:colcon.colcon_core.package_identification:_identify(my_package) by extension 'colcon_pkg'
[0.337s] Level 1:colcon.colcon_core.package_identification:_identify(my_package) by extensions ['colcon_meta']
[0.337s] Level 1:colcon.colcon_core.package_identification:_identify(my_package) by extension 'colcon_meta'
[0.337s] Level 1:colcon.colcon_core.package_identification:_identify(my_package) by extensions ['ros']
[0.337s] Level 1:colcon.colcon_core.package_identification:_identify(my_package) by extension 'ros'
[0.339s] DEBUG:colcon.colcon_core.package_identification:Package 'my_package' with type 'ros.ament_cmake' and name 'my_package'
[0.339s] Level 1:colcon.colcon_core.package_identification:_identify(ros_tutorials) by extensions ['ignore', 'ignore_ament_install']
[0.339s] Level 1:colcon.colcon_core.package_identification:_identify(ros_tutorials) by extension 'ignore'
[0.339s] Level 1:colcon.colcon_core.package_identification:_identify(ros_tutorials) by extension 'ignore_ament_install'
[0.339s] Level 1:colcon.colcon_core.package_identification:_identify(ros_tutorials) by extensions ['colcon_pkg']
[0.339s] Level 1:colcon.colcon_core.package_identification:_identify(ros_tutorials) by extension 'colcon_pkg'
[0.339s] Level 1:colcon.colcon_core.package_identification:_identify(ros_tutorials) by extensions ['colcon_meta']
[0.339s] Level 1:colcon.colcon_core.package_identification:_identify(ros_tutorials) by extension 'colcon_meta'
[0.340s] Level 1:colcon.colcon_core.package_identification:_identify(ros_tutorials) by extensions ['ros']
[0.340s] Level 1:colcon.colcon_core.package_identification:_identify(ros_tutorials) by extension 'ros'
[0.340s] Level 1:colcon.colcon_core.package_identification:_identify(ros_tutorials) by extensions ['cmake', 'python']
[0.340s] Level 1:colcon.colcon_core.package_identification:_identify(ros_tutorials) by extension 'cmake'
[0.340s] Level 1:colcon.colcon_core.package_identification:_identify(ros_tutorials) by extension 'python'
[0.340s] Level 1:colcon.colcon_core.package_identification:_identify(ros_tutorials) by extensions ['python_setup_py']
[0.340s] Level 1:colcon.colcon_core.package_identification:_identify(ros_tutorials) by extension 'python_setup_py'
[0.340s] Level 1:colcon.colcon_core.package_identification:_identify(ros_tutorials/ros_tutorials) by extensions ['ignore', 'ignore_ament_install']
[0.340s] Level 1:colcon.colcon_core.package_identification:_identify(ros_tutorials/ros_tutorials) by extension 'ignore'
[0.340s] Level 1:colcon.colcon_core.package_identification:_identify(ros_tutorials/ros_tutorials) ignored
[0.340s] Level 1:colcon.colcon_core.package_identification:_identify(ros_tutorials/roscpp_tutorials) by extensions ['ignore', 'ignore_ament_install']
[0.341s] Level 1:colcon.colcon_core.package_identification:_identify(ros_tutorials/roscpp_tutorials) by extension 'ignore'
[0.341s] Level 1:colcon.colcon_core.package_identification:_identify(ros_tutorials/roscpp_tutorials) ignored
[0.341s] Level 1:colcon.colcon_core.package_identification:_identify(ros_tutorials/rospy_tutorials) by extensions ['ignore', 'ignore_ament_install']
[0.341s] Level 1:colcon.colcon_core.package_identification:_identify(ros_tutorials/rospy_tutorials) by extension 'ignore'
[0.341s] Level 1:colcon.colcon_core.package_identification:_identify(ros_tutorials/rospy_tutorials) ignored
[0.341s] Level 1:colcon.colcon_core.package_identification:_identify(ros_tutorials/turtlesim) by extensions ['ignore', 'ignore_ament_install']
[0.341s] Level 1:colcon.colcon_core.package_identification:_identify(ros_tutorials/turtlesim) by extension 'ignore'
[0.341s] Level 1:colcon.colcon_core.package_identification:_identify(ros_tutorials/turtlesim) by extension 'ignore_ament_install'
[0.341s] Level 1:colcon.colcon_core.package_identification:_identify(ros_tutorials/turtlesim) by extensions ['colcon_pkg']
[0.341s] Level 1:colcon.colcon_core.package_identification:_identify(ros_tutorials/turtlesim) by extension 'colcon_pkg'
[0.341s] Level 1:colcon.colcon_core.package_identification:_identify(ros_tutorials/turtlesim) by extensions ['colcon_meta']
[0.341s] Level 1:colcon.colcon_core.package_identification:_identify(ros_tutorials/turtlesim) by extension 'colcon_meta'
[0.341s] Level 1:colcon.colcon_core.package_identification:_identify(ros_tutorials/turtlesim) by extensions ['ros']
[0.342s] Level 1:colcon.colcon_core.package_identification:_identify(ros_tutorials/turtlesim) by extension 'ros'
[0.342s] DEBUG:colcon.colcon_core.package_identification:Package 'ros_tutorials/turtlesim' with type 'ros.ament_cmake' and name 'turtlesim'
[0.343s] Level 1:colcon.colcon_core.package_discovery:discover_packages(recursive) using defaults
[0.343s] Level 1:colcon.colcon_core.package_discovery:discover_packages(ignore) discover
[0.343s] Level 1:colcon.colcon_core.package_discovery:discover_packages(ignore) using defaults
[0.343s] Level 1:colcon.colcon_core.package_discovery:discover_packages(path) discover
[0.343s] Level 1:colcon.colcon_core.package_discovery:discover_packages(path) using defaults
[0.361s] Level 5:colcon.colcon_core.verb:set package 'my_package' build argument 'cmake_args' from command line to 'None'
[0.361s] Level 5:colcon.colcon_core.verb:set package 'my_package' build argument 'cmake_target' from command line to 'None'
[0.361s] Level 5:colcon.colcon_core.verb:set package 'my_package' build argument 'cmake_target_skip_unavailable' from command line to 'False'
[0.361s] Level 5:colcon.colcon_core.verb:set package 'my_package' build argument 'cmake_clean_cache' from command line to 'False'
[0.361s] Level 5:colcon.colcon_core.verb:set package 'my_package' build argument 'cmake_clean_first' from command line to 'False'
[0.361s] Level 5:colcon.colcon_core.verb:set package 'my_package' build argument 'cmake_force_configure' from command line to 'False'
[0.361s] Level 5:colcon.colcon_core.verb:set package 'my_package' build argument 'ament_cmake_args' from command line to 'None'
[0.361s] Level 5:colcon.colcon_core.verb:set package 'my_package' build argument 'catkin_cmake_args' from command line to 'None'
[0.361s] Level 5:colcon.colcon_core.verb:set package 'my_package' build argument 'catkin_skip_building_tests' from command line to 'False'
[0.361s] DEBUG:colcon.colcon_core.verb:Building package 'my_package' with the following arguments: {'ament_cmake_args': None, 'build_base': '/home/sam/AST/src/build/my_package', 'catkin_cmake_args': None, 'catkin_skip_building_tests': False, 'cmake_args': None, 'cmake_clean_cache': False, 'cmake_clean_first': False, 'cmake_force_configure': False, 'cmake_target': None, 'cmake_target_skip_unavailable': False, 'install_base': '/home/sam/AST/src/install/my_package', 'merge_install': False, 'path': '/home/sam/AST/src/my_package', 'symlink_install': False, 'test_result_base': None}
[0.363s] Level 5:colcon.colcon_core.verb:set package 'turtlesim' build argument 'cmake_args' from command line to 'None'
[0.363s] Level 5:colcon.colcon_core.verb:set package 'turtlesim' build argument 'cmake_target' from command line to 'None'
[0.363s] Level 5:colcon.colcon_core.verb:set package 'turtlesim' build argument 'cmake_target_skip_unavailable' from command line to 'False'
[0.363s] Level 5:colcon.colcon_core.verb:set package 'turtlesim' build argument 'cmake_clean_cache' from command line to 'False'
[0.363s] Level 5:colcon.colcon_core.verb:set package 'turtlesim' build argument 'cmake_clean_first' from command line to 'False'
[0.363s] Level 5:colcon.colcon_core.verb:set package 'turtlesim' build argument 'cmake_force_configure' from command line to 'False'
[0.363s] Level 5:colcon.colcon_core.verb:set package 'turtlesim' build argument 'ament_cmake_args' from command line to 'None'
[0.363s] Level 5:colcon.colcon_core.verb:set package 'turtlesim' build argument 'catkin_cmake_args' from command line to 'None'
[0.363s] Level 5:colcon.colcon_core.verb:set package 'turtlesim' build argument 'catkin_skip_building_tests' from command line to 'False'
[0.363s] DEBUG:colcon.colcon_core.verb:Building package 'turtlesim' with the following arguments: {'ament_cmake_args': None, 'build_base': '/home/sam/AST/src/build/turtlesim', 'catkin_cmake_args': None, 'catkin_skip_building_tests': False, 'cmake_args': None, 'cmake_clean_cache': False, 'cmake_clean_first': False, 'cmake_force_configure': False, 'cmake_target': None, 'cmake_target_skip_unavailable': False, 'install_base': '/home/sam/AST/src/install/turtlesim', 'merge_install': False, 'path': '/home/sam/AST/src/ros_tutorials/turtlesim', 'symlink_install': False, 'test_result_base': None}
[0.364s] INFO:colcon.colcon_core.executor:Executing jobs using 'parallel' executor
[0.365s] DEBUG:colcon.colcon_parallel_executor.executor.parallel:run_until_complete
[0.365s] INFO:colcon.colcon_ros.task.ament_cmake.build:Building ROS package in '/home/sam/AST/src/my_package' with build type 'ament_cmake'
[0.365s] INFO:colcon.colcon_cmake.task.cmake.build:Building CMake package in '/home/sam/AST/src/my_package'
[0.372s] INFO:colcon.colcon_core.plugin_system:Skipping extension 'colcon_core.shell.bat': Not used on non-Windows systems
[0.372s] INFO:colcon.colcon_core.shell:Skip shell extension 'powershell' for command environment: Not usable outside of PowerShell
[0.372s] DEBUG:colcon.colcon_core.shell:Skip shell extension 'dsv' for command environment
[0.375s] DEBUG:colcon.colcon_core.shell:Ignoring prefix path '/opt/ros/foxy'
[0.377s] INFO:colcon.colcon_ros.task.ament_cmake.build:Building ROS package in '/home/sam/AST/src/ros_tutorials/turtlesim' with build type 'ament_cmake'
[0.377s] INFO:colcon.colcon_cmake.task.cmake.build:Building CMake package in '/home/sam/AST/src/ros_tutorials/turtlesim'
[0.378s] INFO:colcon.colcon_core.shell:Skip shell extension 'powershell' for command environment: Not usable outside of PowerShell
[0.379s] DEBUG:colcon.colcon_core.shell:Skip shell extension 'dsv' for command environment
[0.380s] DEBUG:colcon.colcon_core.shell:Ignoring prefix path '/opt/ros/foxy'
[0.385s] DEBUG:colcon.colcon_core.event_handler.log_command:Invoking command in '/home/sam/AST/src/build/my_package': CMAKE_PREFIX_PATH=/opt/ros/foxy CONDA_PROMPT_MODIFIER=(base) /usr/bin/cmake /home/sam/AST/src/my_package -DCMAKE_INSTALL_PREFIX=/home/sam/AST/src/install/my_package
[0.393s] DEBUG:colcon.colcon_core.event_handler.log_command:Invoking command in '/home/sam/AST/src/build/turtlesim': CMAKE_PREFIX_PATH=/opt/ros/foxy CONDA_PROMPT_MODIFIER=(base) /usr/bin/cmake /home/sam/AST/src/ros_tutorials/turtlesim -DCMAKE_INSTALL_PREFIX=/home/sam/AST/src/install/turtlesim
[1.419s] DEBUG:colcon.colcon_core.event_handler.log_command:Invoked command in '/home/sam/AST/src/build/my_package' returned '0': CMAKE_PREFIX_PATH=/opt/ros/foxy CONDA_PROMPT_MODIFIER=(base) /usr/bin/cmake /home/sam/AST/src/my_package -DCMAKE_INSTALL_PREFIX=/home/sam/AST/src/install/my_package
[1.420s] DEBUG:colcon.colcon_core.event_handler.log_command:Invoking command in '/home/sam/AST/src/build/my_package': CMAKE_PREFIX_PATH=/opt/ros/foxy CONDA_PROMPT_MODIFIER=(base) /usr/bin/cmake --build /home/sam/AST/src/build/my_package -- -j12 -l12
[1.531s] DEBUG:colcon.colcon_core.event_handler.log_command:Invoked command in '/home/sam/AST/src/build/my_package' returned '0': CMAKE_PREFIX_PATH=/opt/ros/foxy CONDA_PROMPT_MODIFIER=(base) /usr/bin/cmake --build /home/sam/AST/src/build/my_package -- -j12 -l12
[1.559s] DEBUG:colcon.colcon_core.event_handler.log_command:Invoking command in '/home/sam/AST/src/build/my_package': CMAKE_PREFIX_PATH=/opt/ros/foxy CONDA_PROMPT_MODIFIER=(base) /usr/bin/cmake --install /home/sam/AST/src/build/my_package
[1.568s] Level 1:colcon.colcon_core.environment:create_environment_scripts_only(my_package)
[1.569s] DEBUG:colcon.colcon_core.event_handler.log_command:Invoked command in '/home/sam/AST/src/build/my_package' returned '0': CMAKE_PREFIX_PATH=/opt/ros/foxy CONDA_PROMPT_MODIFIER=(base) /usr/bin/cmake --install /home/sam/AST/src/build/my_package
[1.574s] Level 1:colcon.colcon_core.environment:checking '/home/sam/AST/src/install/my_package' for CMake module files
[1.574s] Level 1:colcon.colcon_core.environment:checking '/home/sam/AST/src/install/my_package' for CMake config files
[1.574s] Level 1:colcon.colcon_core.shell:create_environment_hook('my_package', 'cmake_prefix_path')
[1.575s] INFO:colcon.colcon_core.shell:Creating environment hook '/home/sam/AST/src/install/my_package/share/my_package/hook/cmake_prefix_path.ps1'
[1.576s] INFO:colcon.colcon_core.shell:Creating environment descriptor '/home/sam/AST/src/install/my_package/share/my_package/hook/cmake_prefix_path.dsv'
[1.576s] INFO:colcon.colcon_core.shell:Creating environment hook '/home/sam/AST/src/install/my_package/share/my_package/hook/cmake_prefix_path.sh'
[1.577s] Level 1:colcon.colcon_core.environment:checking '/home/sam/AST/src/install/my_package/lib'
[1.577s] Level 1:colcon.colcon_core.environment:checking '/home/sam/AST/src/install/my_package/bin'
[1.577s] Level 1:colcon.colcon_core.environment:checking '/home/sam/AST/src/install/my_package/lib/pkgconfig/my_package.pc'
[1.577s] Level 1:colcon.colcon_core.environment:checking '/home/sam/AST/src/install/my_package/lib/python3.8/site-packages'
[1.578s] INFO:colcon.colcon_core.shell:Creating package script '/home/sam/AST/src/install/my_package/share/my_package/package.ps1'
[1.579s] INFO:colcon.colcon_core.shell:Creating package descriptor '/home/sam/AST/src/install/my_package/share/my_package/package.dsv'
[1.579s] INFO:colcon.colcon_core.shell:Creating package script '/home/sam/AST/src/install/my_package/share/my_package/package.sh'
[1.580s] INFO:colcon.colcon_core.shell:Creating package script '/home/sam/AST/src/install/my_package/share/my_package/package.bash'
[1.581s] INFO:colcon.colcon_core.shell:Creating package script '/home/sam/AST/src/install/my_package/share/my_package/package.zsh'
[1.581s] Level 1:colcon.colcon_core.environment:create_file_with_runtime_dependencies(/home/sam/AST/src/install/my_package/share/colcon-core/packages/my_package)
[1.600s] Level 1:colcon.colcon_core.environment:create_environment_scripts_only(my_package)
[1.601s] Level 1:colcon.colcon_core.environment:checking '/home/sam/AST/src/install/my_package' for CMake module files
[1.601s] Level 1:colcon.colcon_core.environment:checking '/home/sam/AST/src/install/my_package' for CMake config files
[1.602s] Level 1:colcon.colcon_core.shell:create_environment_hook('my_package', 'cmake_prefix_path')
[1.602s] INFO:colcon.colcon_core.shell:Creating environment hook '/home/sam/AST/src/install/my_package/share/my_package/hook/cmake_prefix_path.ps1'
[1.602s] INFO:colcon.colcon_core.shell:Creating environment descriptor '/home/sam/AST/src/install/my_package/share/my_package/hook/cmake_prefix_path.dsv'
[1.603s] INFO:colcon.colcon_core.shell:Creating environment hook '/home/sam/AST/src/install/my_package/share/my_package/hook/cmake_prefix_path.sh'
[1.603s] Level 1:colcon.colcon_core.environment:checking '/home/sam/AST/src/install/my_package/lib'
[1.603s] Level 1:colcon.colcon_core.environment:checking '/home/sam/AST/src/install/my_package/bin'
[1.603s] Level 1:colcon.colcon_core.environment:checking '/home/sam/AST/src/install/my_package/lib/pkgconfig/my_package.pc'
[1.603s] Level 1:colcon.colcon_core.environment:checking '/home/sam/AST/src/install/my_package/lib/python3.8/site-packages'
[1.604s] INFO:colcon.colcon_core.shell:Creating package script '/home/sam/AST/src/install/my_package/share/my_package/package.ps1'
[1.604s] INFO:colcon.colcon_core.shell:Creating package descriptor '/home/sam/AST/src/install/my_package/share/my_package/package.dsv'
[1.604s] INFO:colcon.colcon_core.shell:Creating package script '/home/sam/AST/src/install/my_package/share/my_package/package.sh'
[1.605s] INFO:colcon.colcon_core.shell:Creating package script '/home/sam/AST/src/install/my_package/share/my_package/package.bash'
[1.605s] INFO:colcon.colcon_core.shell:Creating package script '/home/sam/AST/src/install/my_package/share/my_package/package.zsh'
[1.605s] Level 1:colcon.colcon_core.environment:create_file_with_runtime_dependencies(/home/sam/AST/src/install/my_package/share/colcon-core/packages/my_package)
[3.136s] DEBUG:colcon.colcon_core.event_handler.log_command:Invoked command in '/home/sam/AST/src/build/turtlesim' returned '0': CMAKE_PREFIX_PATH=/opt/ros/foxy CONDA_PROMPT_MODIFIER=(base) /usr/bin/cmake /home/sam/AST/src/ros_tutorials/turtlesim -DCMAKE_INSTALL_PREFIX=/home/sam/AST/src/install/turtlesim
[3.137s] DEBUG:colcon.colcon_core.event_handler.log_command:Invoking command in '/home/sam/AST/src/build/turtlesim': CMAKE_PREFIX_PATH=/opt/ros/foxy CONDA_PROMPT_MODIFIER=(base) /usr/bin/cmake --build /home/sam/AST/src/build/turtlesim -- -j12 -l12
[17.216s] DEBUG:colcon.colcon_core.event_handler.log_command:Invoked command in '/home/sam/AST/src/build/turtlesim' returned '0': CMAKE_PREFIX_PATH=/opt/ros/foxy CONDA_PROMPT_MODIFIER=(base) /usr/bin/cmake --build /home/sam/AST/src/build/turtlesim -- -j12 -l12
[17.328s] DEBUG:colcon.colcon_core.event_handler.log_command:Invoking command in '/home/sam/AST/src/build/turtlesim': CMAKE_PREFIX_PATH=/opt/ros/foxy CONDA_PROMPT_MODIFIER=(base) /usr/bin/cmake --install /home/sam/AST/src/build/turtlesim
[17.402s] Level 1:colcon.colcon_core.environment:create_environment_scripts_only(turtlesim)
[17.403s] Level 1:colcon.colcon_core.environment:checking '/home/sam/AST/src/install/turtlesim' for CMake module files
[17.403s] DEBUG:colcon.colcon_core.event_handler.log_command:Invoked command in '/home/sam/AST/src/build/turtlesim' returned '0': CMAKE_PREFIX_PATH=/opt/ros/foxy CONDA_PROMPT_MODIFIER=(base) /usr/bin/cmake --install /home/sam/AST/src/build/turtlesim
[17.404s] Level 1:colcon.colcon_core.environment:checking '/home/sam/AST/src/install/turtlesim' for CMake config files
[17.404s] Level 1:colcon.colcon_core.shell:create_environment_hook('turtlesim', 'cmake_prefix_path')
[17.404s] INFO:colcon.colcon_core.shell:Creating environment hook '/home/sam/AST/src/install/turtlesim/share/turtlesim/hook/cmake_prefix_path.ps1'
[17.405s] INFO:colcon.colcon_core.shell:Creating environment descriptor '/home/sam/AST/src/install/turtlesim/share/turtlesim/hook/cmake_prefix_path.dsv'
[17.405s] INFO:colcon.colcon_core.shell:Creating environment hook '/home/sam/AST/src/install/turtlesim/share/turtlesim/hook/cmake_prefix_path.sh'
[17.405s] Level 1:colcon.colcon_core.environment:checking '/home/sam/AST/src/install/turtlesim/lib'
[17.406s] Level 1:colcon.colcon_core.shell:create_environment_hook('turtlesim', 'ld_library_path_lib')
[17.406s] INFO:colcon.colcon_core.shell:Creating environment hook '/home/sam/AST/src/install/turtlesim/share/turtlesim/hook/ld_library_path_lib.ps1'
[17.406s] INFO:colcon.colcon_core.shell:Creating environment descriptor '/home/sam/AST/src/install/turtlesim/share/turtlesim/hook/ld_library_path_lib.dsv'
[17.407s] INFO:colcon.colcon_core.shell:Creating environment hook '/home/sam/AST/src/install/turtlesim/share/turtlesim/hook/ld_library_path_lib.sh'
[17.407s] Level 1:colcon.colcon_core.environment:checking '/home/sam/AST/src/install/turtlesim/bin'
[17.407s] Level 1:colcon.colcon_core.environment:checking '/home/sam/AST/src/install/turtlesim/lib/pkgconfig/turtlesim.pc'
[17.407s] Level 1:colcon.colcon_core.environment:checking '/home/sam/AST/src/install/turtlesim/lib/python3.8/site-packages'
[17.407s] Level 1:colcon.colcon_core.shell:create_environment_hook('turtlesim', 'pythonpath')
[17.407s] INFO:colcon.colcon_core.shell:Creating environment hook '/home/sam/AST/src/install/turtlesim/share/turtlesim/hook/pythonpath.ps1'
[17.408s] INFO:colcon.colcon_core.shell:Creating environment descriptor '/home/sam/AST/src/install/turtlesim/share/turtlesim/hook/pythonpath.dsv'
[17.408s] INFO:colcon.colcon_core.shell:Creating environment hook '/home/sam/AST/src/install/turtlesim/share/turtlesim/hook/pythonpath.sh'
[17.409s] INFO:colcon.colcon_core.shell:Creating package script '/home/sam/AST/src/install/turtlesim/share/turtlesim/package.ps1'
[17.409s] INFO:colcon.colcon_core.shell:Creating package descriptor '/home/sam/AST/src/install/turtlesim/share/turtlesim/package.dsv'
[17.409s] INFO:colcon.colcon_core.shell:Creating package script '/home/sam/AST/src/install/turtlesim/share/turtlesim/package.sh'
[17.410s] INFO:colcon.colcon_core.shell:Creating package script '/home/sam/AST/src/install/turtlesim/share/turtlesim/package.bash'
[17.410s] INFO:colcon.colcon_core.shell:Creating package script '/home/sam/AST/src/install/turtlesim/share/turtlesim/package.zsh'
[17.410s] Level 1:colcon.colcon_core.environment:create_file_with_runtime_dependencies(/home/sam/AST/src/install/turtlesim/share/colcon-core/packages/turtlesim)
[17.521s] Level 1:colcon.colcon_core.environment:create_environment_scripts_only(turtlesim)
[17.522s] Level 1:colcon.colcon_core.environment:checking '/home/sam/AST/src/install/turtlesim' for CMake module files
[17.523s] Level 1:colcon.colcon_core.environment:checking '/home/sam/AST/src/install/turtlesim' for CMake config files
[17.523s] Level 1:colcon.colcon_core.shell:create_environment_hook('turtlesim', 'cmake_prefix_path')
[17.523s] INFO:colcon.colcon_core.shell:Creating environment hook '/home/sam/AST/src/install/turtlesim/share/turtlesim/hook/cmake_prefix_path.ps1'
[17.524s] INFO:colcon.colcon_core.shell:Creating environment descriptor '/home/sam/AST/src/install/turtlesim/share/turtlesim/hook/cmake_prefix_path.dsv'
[17.524s] INFO:colcon.colcon_core.shell:Creating environment hook '/home/sam/AST/src/install/turtlesim/share/turtlesim/hook/cmake_prefix_path.sh'
[17.524s] Level 1:colcon.colcon_core.environment:checking '/home/sam/AST/src/install/turtlesim/lib'
[17.524s] Level 1:colcon.colcon_core.shell:create_environment_hook('turtlesim', 'ld_library_path_lib')
[17.525s] INFO:colcon.colcon_core.shell:Creating environment hook '/home/sam/AST/src/install/turtlesim/share/turtlesim/hook/ld_library_path_lib.ps1'
[17.525s] INFO:colcon.colcon_core.shell:Creating environment descriptor '/home/sam/AST/src/install/turtlesim/share/turtlesim/hook/ld_library_path_lib.dsv'
[17.525s] INFO:colcon.colcon_core.shell:Creating environment hook '/home/sam/AST/src/install/turtlesim/share/turtlesim/hook/ld_library_path_lib.sh'
[17.526s] Level 1:colcon.colcon_core.environment:checking '/home/sam/AST/src/install/turtlesim/bin'
[17.526s] Level 1:colcon.colcon_core.environment:checking '/home/sam/AST/src/install/turtlesim/lib/pkgconfig/turtlesim.pc'
[17.526s] Level 1:colcon.colcon_core.environment:checking '/home/sam/AST/src/install/turtlesim/lib/python3.8/site-packages'
[17.526s] Level 1:colcon.colcon_core.shell:create_environment_hook('turtlesim', 'pythonpath')
[17.526s] INFO:colcon.colcon_core.shell:Creating environment hook '/home/sam/AST/src/install/turtlesim/share/turtlesim/hook/pythonpath.ps1'
[17.526s] INFO:colcon.colcon_core.shell:Creating environment descriptor '/home/sam/AST/src/install/turtlesim/share/turtlesim/hook/pythonpath.dsv'
[17.527s] INFO:colcon.colcon_core.shell:Creating environment hook '/home/sam/AST/src/install/turtlesim/share/turtlesim/hook/pythonpath.sh'
[17.527s] INFO:colcon.colcon_core.shell:Creating package script '/home/sam/AST/src/install/turtlesim/share/turtlesim/package.ps1'
[17.528s] INFO:colcon.colcon_core.shell:Creating package descriptor '/home/sam/AST/src/install/turtlesim/share/turtlesim/package.dsv'
[17.528s] INFO:colcon.colcon_core.shell:Creating package script '/home/sam/AST/src/install/turtlesim/share/turtlesim/package.sh'
[17.528s] INFO:colcon.colcon_core.shell:Creating package script '/home/sam/AST/src/install/turtlesim/share/turtlesim/package.bash'
[17.529s] INFO:colcon.colcon_core.shell:Creating package script '/home/sam/AST/src/install/turtlesim/share/turtlesim/package.zsh'
[17.529s] Level 1:colcon.colcon_core.environment:create_file_with_runtime_dependencies(/home/sam/AST/src/install/turtlesim/share/colcon-core/packages/turtlesim)
[17.529s] DEBUG:colcon.colcon_parallel_executor.executor.parallel:closing loop
[17.529s] DEBUG:colcon.colcon_parallel_executor.executor.parallel:loop closed
[17.530s] DEBUG:colcon.colcon_parallel_executor.executor.parallel:run_until_complete finished with '0'
[17.530s] DEBUG:colcon.colcon_core.event_reactor:joining thread
[17.535s] INFO:colcon.colcon_core.plugin_system:Skipping extension 'colcon_notification.desktop_notification.terminal_notifier': Not used on non-Darwin systems
[17.535s] INFO:colcon.colcon_core.plugin_system:Skipping extension 'colcon_notification.desktop_notification.win32': Not used on non-Windows systems
[17.535s] INFO:colcon.colcon_notification.desktop_notification:Sending desktop notification using 'notify2'
[17.554s] DEBUG:colcon.colcon_core.event_reactor:joined thread
[17.555s] INFO:colcon.colcon_core.shell:Creating prefix script '/home/sam/AST/src/install/local_setup.ps1'
[17.556s] INFO:colcon.colcon_core.shell:Creating prefix util module '/home/sam/AST/src/install/_local_setup_util_ps1.py'
[17.557s] INFO:colcon.colcon_core.shell:Creating prefix chain script '/home/sam/AST/src/install/setup.ps1'
[17.558s] INFO:colcon.colcon_core.shell:Creating prefix script '/home/sam/AST/src/install/local_setup.sh'
[17.559s] INFO:colcon.colcon_core.shell:Creating prefix util module '/home/sam/AST/src/install/_local_setup_util_sh.py'
[17.559s] INFO:colcon.colcon_core.shell:Creating prefix chain script '/home/sam/AST/src/install/setup.sh'
[17.561s] INFO:colcon.colcon_core.shell:Creating prefix script '/home/sam/AST/src/install/local_setup.bash'
[17.561s] INFO:colcon.colcon_core.shell:Creating prefix chain script '/home/sam/AST/src/install/setup.bash'
[17.563s] INFO:colcon.colcon_core.shell:Creating prefix script '/home/sam/AST/src/install/local_setup.zsh'
[17.564s] INFO:colcon.colcon_core.shell:Creating prefix chain script '/home/sam/AST/src/install/setup.zsh'
