[0.629s] Invoking command in '/home/sam/AST_Robot_Warehouse/src/py_pubsub': PYTHONPATH=/home/sam/AST_Robot_Warehouse/install/py_pubsub/lib/python3.8/site-packages:${PYTHONPATH} /usr/bin/python3 setup.py egg_info --egg-base ../../build/py_pubsub build --build-base /home/sam/AST_Robot_Warehouse/build/py_pubsub/build install --prefix /home/sam/AST_Robot_Warehouse/install/py_pubsub --record /home/sam/AST_Robot_Warehouse/build/py_pubsub/install.log --single-version-externally-managed
[0.933s] running egg_info
[0.933s] writing ../../build/py_pubsub/py_pubsub.egg-info/PKG-INFO
[0.933s] writing dependency_links to ../../build/py_pubsub/py_pubsub.egg-info/dependency_links.txt
[0.934s] writing entry points to ../../build/py_pubsub/py_pubsub.egg-info/entry_points.txt
[0.934s] writing requirements to ../../build/py_pubsub/py_pubsub.egg-info/requires.txt
[0.934s] writing top-level names to ../../build/py_pubsub/py_pubsub.egg-info/top_level.txt
[0.964s] reading manifest file '../../build/py_pubsub/py_pubsub.egg-info/SOURCES.txt'
[0.969s] writing manifest file '../../build/py_pubsub/py_pubsub.egg-info/SOURCES.txt'
[0.970s] running build
[0.970s] running build_py
[0.971s] running install
[0.972s] running install_lib
[0.980s] running install_data
[0.981s] running install_egg_info
[0.991s] removing '/home/sam/AST_Robot_Warehouse/install/py_pubsub/lib/python3.8/site-packages/py_pubsub-0.0.0-py3.8.egg-info' (and everything under it)
[0.992s] Copying ../../build/py_pubsub/py_pubsub.egg-info to /home/sam/AST_Robot_Warehouse/install/py_pubsub/lib/python3.8/site-packages/py_pubsub-0.0.0-py3.8.egg-info
[0.997s] running install_scripts
[1.011s] Installing listener script to /home/sam/AST_Robot_Warehouse/install/py_pubsub/lib/py_pubsub
[1.012s] Installing talker script to /home/sam/AST_Robot_Warehouse/install/py_pubsub/lib/py_pubsub
[1.012s] writing list of installed files to '/home/sam/AST_Robot_Warehouse/build/py_pubsub/install.log'
[1.029s] Invoked command in '/home/sam/AST_Robot_Warehouse/src/py_pubsub' returned '0': PYTHONPATH=/home/sam/AST_Robot_Warehouse/install/py_pubsub/lib/python3.8/site-packages:${PYTHONPATH} /usr/bin/python3 setup.py egg_info --egg-base ../../build/py_pubsub build --build-base /home/sam/AST_Robot_Warehouse/build/py_pubsub/build install --prefix /home/sam/AST_Robot_Warehouse/install/py_pubsub --record /home/sam/AST_Robot_Warehouse/build/py_pubsub/install.log --single-version-externally-managed
