[0.285s] DEBUG:colcon:Command line arguments: ['/usr/bin/colcon', 'build']
[0.285s] DEBUG:colcon:Parsed command line arguments: Namespace(ament_cmake_args=None, base_paths=['.'], build_base='build', catkin_cmake_args=None, catkin_skip_building_tests=False, cmake_args=None, cmake_clean_cache=False, cmake_clean_first=False, cmake_force_configure=False, cmake_target=None, cmake_target_skip_unavailable=False, continue_on_error=False, event_handlers=None, executor='parallel', ignore_user_meta=False, install_base='install', log_base=None, log_level=None, main=<bound method BuildVerb.main of <colcon_core.verb.build.BuildVerb object at 0x7f4017fd0670>>, merge_install=False, metas=['./colcon.meta'], packages_above=None, packages_above_and_dependencies=None, packages_above_depth=None, packages_end=None, packages_ignore=None, packages_ignore_regex=None, packages_select=None, packages_select_build_failed=False, packages_select_by_dep=None, packages_select_regex=None, packages_select_test_failures=False, packages_skip=None, packages_skip_build_finished=False, packages_skip_by_dep=None, packages_skip_regex=None, packages_skip_test_passed=False, packages_skip_up_to=None, packages_start=None, packages_up_to=None, packages_up_to_regex=None, parallel_workers=16, paths=None, symlink_install=False, test_result_base=None, verb_extension=<colcon_core.verb.build.BuildVerb object at 0x7f4017fd0670>, verb_name='build', verb_parser=<colcon_defaults.argument_parser.defaults.DefaultArgumentsDecorator object at 0x7f4017fd0bb0>)
[0.289s] Level 1:colcon.colcon_core.package_discovery:discover_packages(colcon_meta) check parameters
[0.290s] Level 1:colcon.colcon_core.package_discovery:discover_packages(recursive) check parameters
[0.290s] Level 1:colcon.colcon_core.package_discovery:discover_packages(ignore) check parameters
[0.290s] Level 1:colcon.colcon_core.package_discovery:discover_packages(path) check parameters
[0.290s] Level 1:colcon.colcon_core.package_discovery:discover_packages(colcon_meta) discover
[0.290s] Level 1:colcon.colcon_core.package_discovery:discover_packages(recursive) discover
[0.290s] INFO:colcon.colcon_core.package_discovery:Crawling recursively for packages in '/home/kunal/AST_Robot_Warehouse'
[0.290s] Level 1:colcon.colcon_core.package_identification:_identify(.) by extensions ['ignore', 'ignore_ament_install']
[0.290s] Level 1:colcon.colcon_core.package_identification:_identify(.) by extension 'ignore'
[0.290s] Level 1:colcon.colcon_core.package_identification:_identify(.) by extension 'ignore_ament_install'
[0.290s] Level 1:colcon.colcon_core.package_identification:_identify(.) by extensions ['colcon_pkg']
[0.290s] Level 1:colcon.colcon_core.package_identification:_identify(.) by extension 'colcon_pkg'
[0.290s] Level 1:colcon.colcon_core.package_identification:_identify(.) by extensions ['colcon_meta']
[0.290s] Level 1:colcon.colcon_core.package_identification:_identify(.) by extension 'colcon_meta'
[0.290s] Level 1:colcon.colcon_core.package_identification:_identify(.) by extensions ['ros']
[0.291s] Level 1:colcon.colcon_core.package_identification:_identify(.) by extension 'ros'
[0.300s] Level 1:colcon.colcon_core.package_identification:_identify(.) by extensions ['cmake', 'python']
[0.300s] Level 1:colcon.colcon_core.package_identification:_identify(.) by extension 'cmake'
[0.300s] Level 1:colcon.colcon_core.package_identification:_identify(.) by extension 'python'
[0.300s] Level 1:colcon.colcon_core.package_identification:_identify(.) by extensions ['python_setup_py']
[0.300s] Level 1:colcon.colcon_core.package_identification:_identify(.) by extension 'python_setup_py'
[0.300s] Level 1:colcon.colcon_core.package_identification:_identify(build) by extensions ['ignore', 'ignore_ament_install']
[0.300s] Level 1:colcon.colcon_core.package_identification:_identify(build) by extension 'ignore'
[0.300s] Level 1:colcon.colcon_core.package_identification:_identify(build) ignored
[0.300s] Level 1:colcon.colcon_core.package_identification:_identify(install) by extensions ['ignore', 'ignore_ament_install']
[0.301s] Level 1:colcon.colcon_core.package_identification:_identify(install) by extension 'ignore'
[0.301s] Level 1:colcon.colcon_core.package_identification:_identify(install) ignored
[0.301s] Level 1:colcon.colcon_core.package_identification:_identify(log) by extensions ['ignore', 'ignore_ament_install']
[0.301s] Level 1:colcon.colcon_core.package_identification:_identify(log) by extension 'ignore'
[0.301s] Level 1:colcon.colcon_core.package_identification:_identify(log) ignored
[0.301s] Level 1:colcon.colcon_core.package_identification:_identify(src) by extensions ['ignore', 'ignore_ament_install']
[0.301s] Level 1:colcon.colcon_core.package_identification:_identify(src) by extension 'ignore'
[0.301s] Level 1:colcon.colcon_core.package_identification:_identify(src) by extension 'ignore_ament_install'
[0.301s] Level 1:colcon.colcon_core.package_identification:_identify(src) by extensions ['colcon_pkg']
[0.301s] Level 1:colcon.colcon_core.package_identification:_identify(src) by extension 'colcon_pkg'
[0.301s] Level 1:colcon.colcon_core.package_identification:_identify(src) by extensions ['colcon_meta']
[0.301s] Level 1:colcon.colcon_core.package_identification:_identify(src) by extension 'colcon_meta'
[0.301s] Level 1:colcon.colcon_core.package_identification:_identify(src) by extensions ['ros']
[0.301s] Level 1:colcon.colcon_core.package_identification:_identify(src) by extension 'ros'
[0.302s] Level 1:colcon.colcon_core.package_identification:_identify(src) by extensions ['cmake', 'python']
[0.302s] Level 1:colcon.colcon_core.package_identification:_identify(src) by extension 'cmake'
[0.302s] Level 1:colcon.colcon_core.package_identification:_identify(src) by extension 'python'
[0.302s] Level 1:colcon.colcon_core.package_identification:_identify(src) by extensions ['python_setup_py']
[0.302s] Level 1:colcon.colcon_core.package_identification:_identify(src) by extension 'python_setup_py'
[0.302s] Level 1:colcon.colcon_core.package_identification:_identify(src/build) by extensions ['ignore', 'ignore_ament_install']
[0.302s] Level 1:colcon.colcon_core.package_identification:_identify(src/build) by extension 'ignore'
[0.302s] Level 1:colcon.colcon_core.package_identification:_identify(src/build) ignored
[0.302s] Level 1:colcon.colcon_core.package_identification:_identify(src/install) by extensions ['ignore', 'ignore_ament_install']
[0.302s] Level 1:colcon.colcon_core.package_identification:_identify(src/install) by extension 'ignore'
[0.302s] Level 1:colcon.colcon_core.package_identification:_identify(src/install) ignored
[0.302s] Level 1:colcon.colcon_core.package_identification:_identify(src/log) by extensions ['ignore', 'ignore_ament_install']
[0.302s] Level 1:colcon.colcon_core.package_identification:_identify(src/log) by extension 'ignore'
[0.302s] Level 1:colcon.colcon_core.package_identification:_identify(src/log) ignored
[0.302s] Level 1:colcon.colcon_core.package_identification:_identify(src/messages_package) by extensions ['ignore', 'ignore_ament_install']
[0.303s] Level 1:colcon.colcon_core.package_identification:_identify(src/messages_package) by extension 'ignore'
[0.303s] Level 1:colcon.colcon_core.package_identification:_identify(src/messages_package) by extension 'ignore_ament_install'
[0.303s] Level 1:colcon.colcon_core.package_identification:_identify(src/messages_package) by extensions ['colcon_pkg']
[0.303s] Level 1:colcon.colcon_core.package_identification:_identify(src/messages_package) by extension 'colcon_pkg'
[0.303s] Level 1:colcon.colcon_core.package_identification:_identify(src/messages_package) by extensions ['colcon_meta']
[0.303s] Level 1:colcon.colcon_core.package_identification:_identify(src/messages_package) by extension 'colcon_meta'
[0.303s] Level 1:colcon.colcon_core.package_identification:_identify(src/messages_package) by extensions ['ros']
[0.303s] Level 1:colcon.colcon_core.package_identification:_identify(src/messages_package) by extension 'ros'
[0.305s] DEBUG:colcon.colcon_core.package_identification:Package 'src/messages_package' with type 'ros.ament_cmake' and name 'messages_package'
[0.305s] Level 1:colcon.colcon_core.package_identification:_identify(src/py_pubsub) by extensions ['ignore', 'ignore_ament_install']
[0.305s] Level 1:colcon.colcon_core.package_identification:_identify(src/py_pubsub) by extension 'ignore'
[0.306s] Level 1:colcon.colcon_core.package_identification:_identify(src/py_pubsub) by extension 'ignore_ament_install'
[0.306s] Level 1:colcon.colcon_core.package_identification:_identify(src/py_pubsub) by extensions ['colcon_pkg']
[0.306s] Level 1:colcon.colcon_core.package_identification:_identify(src/py_pubsub) by extension 'colcon_pkg'
[0.306s] Level 1:colcon.colcon_core.package_identification:_identify(src/py_pubsub) by extensions ['colcon_meta']
[0.306s] Level 1:colcon.colcon_core.package_identification:_identify(src/py_pubsub) by extension 'colcon_meta'
[0.306s] Level 1:colcon.colcon_core.package_identification:_identify(src/py_pubsub) by extensions ['ros']
[0.306s] Level 1:colcon.colcon_core.package_identification:_identify(src/py_pubsub) by extension 'ros'
[0.306s] DEBUG:colcon.colcon_core.package_identification:Package 'src/py_pubsub' with type 'ros.ament_python' and name 'py_pubsub'
[0.307s] Level 1:colcon.colcon_core.package_identification:_identify(src/warehouse_robot_package) by extensions ['ignore', 'ignore_ament_install']
[0.307s] Level 1:colcon.colcon_core.package_identification:_identify(src/warehouse_robot_package) by extension 'ignore'
[0.307s] Level 1:colcon.colcon_core.package_identification:_identify(src/warehouse_robot_package) by extension 'ignore_ament_install'
[0.307s] Level 1:colcon.colcon_core.package_identification:_identify(src/warehouse_robot_package) by extensions ['colcon_pkg']
[0.307s] Level 1:colcon.colcon_core.package_identification:_identify(src/warehouse_robot_package) by extension 'colcon_pkg'
[0.307s] Level 1:colcon.colcon_core.package_identification:_identify(src/warehouse_robot_package) by extensions ['colcon_meta']
[0.307s] Level 1:colcon.colcon_core.package_identification:_identify(src/warehouse_robot_package) by extension 'colcon_meta'
[0.307s] Level 1:colcon.colcon_core.package_identification:_identify(src/warehouse_robot_package) by extensions ['ros']
[0.307s] Level 1:colcon.colcon_core.package_identification:_identify(src/warehouse_robot_package) by extension 'ros'
[0.308s] DEBUG:colcon.colcon_core.package_identification:Package 'src/warehouse_robot_package' with type 'ros.ament_python' and name 'warehouse_robot_package'
[0.308s] Level 1:colcon.colcon_core.package_discovery:discover_packages(recursive) using defaults
[0.308s] Level 1:colcon.colcon_core.package_discovery:discover_packages(ignore) discover
[0.308s] Level 1:colcon.colcon_core.package_discovery:discover_packages(ignore) using defaults
[0.308s] Level 1:colcon.colcon_core.package_discovery:discover_packages(path) discover
[0.308s] Level 1:colcon.colcon_core.package_discovery:discover_packages(path) using defaults
[0.323s] Level 5:colcon.colcon_core.verb:set package 'messages_package' build argument 'cmake_args' from command line to 'None'
[0.323s] Level 5:colcon.colcon_core.verb:set package 'messages_package' build argument 'cmake_target' from command line to 'None'
[0.323s] Level 5:colcon.colcon_core.verb:set package 'messages_package' build argument 'cmake_target_skip_unavailable' from command line to 'False'
[0.323s] Level 5:colcon.colcon_core.verb:set package 'messages_package' build argument 'cmake_clean_cache' from command line to 'False'
[0.323s] Level 5:colcon.colcon_core.verb:set package 'messages_package' build argument 'cmake_clean_first' from command line to 'False'
[0.323s] Level 5:colcon.colcon_core.verb:set package 'messages_package' build argument 'cmake_force_configure' from command line to 'False'
[0.323s] Level 5:colcon.colcon_core.verb:set package 'messages_package' build argument 'ament_cmake_args' from command line to 'None'
[0.323s] Level 5:colcon.colcon_core.verb:set package 'messages_package' build argument 'catkin_cmake_args' from command line to 'None'
[0.323s] Level 5:colcon.colcon_core.verb:set package 'messages_package' build argument 'catkin_skip_building_tests' from command line to 'False'
[0.323s] DEBUG:colcon.colcon_core.verb:Building package 'messages_package' with the following arguments: {'ament_cmake_args': None, 'build_base': '/home/kunal/AST_Robot_Warehouse/build/messages_package', 'catkin_cmake_args': None, 'catkin_skip_building_tests': False, 'cmake_args': None, 'cmake_clean_cache': False, 'cmake_clean_first': False, 'cmake_force_configure': False, 'cmake_target': None, 'cmake_target_skip_unavailable': False, 'install_base': '/home/kunal/AST_Robot_Warehouse/install/messages_package', 'merge_install': False, 'path': '/home/kunal/AST_Robot_Warehouse/src/messages_package', 'symlink_install': False, 'test_result_base': None}
[0.325s] Level 5:colcon.colcon_core.verb:set package 'py_pubsub' build argument 'cmake_args' from command line to 'None'
[0.325s] Level 5:colcon.colcon_core.verb:set package 'py_pubsub' build argument 'cmake_target' from command line to 'None'
[0.325s] Level 5:colcon.colcon_core.verb:set package 'py_pubsub' build argument 'cmake_target_skip_unavailable' from command line to 'False'
[0.325s] Level 5:colcon.colcon_core.verb:set package 'py_pubsub' build argument 'cmake_clean_cache' from command line to 'False'
[0.325s] Level 5:colcon.colcon_core.verb:set package 'py_pubsub' build argument 'cmake_clean_first' from command line to 'False'
[0.325s] Level 5:colcon.colcon_core.verb:set package 'py_pubsub' build argument 'cmake_force_configure' from command line to 'False'
[0.325s] Level 5:colcon.colcon_core.verb:set package 'py_pubsub' build argument 'ament_cmake_args' from command line to 'None'
[0.325s] Level 5:colcon.colcon_core.verb:set package 'py_pubsub' build argument 'catkin_cmake_args' from command line to 'None'
[0.325s] Level 5:colcon.colcon_core.verb:set package 'py_pubsub' build argument 'catkin_skip_building_tests' from command line to 'False'
[0.325s] DEBUG:colcon.colcon_core.verb:Building package 'py_pubsub' with the following arguments: {'ament_cmake_args': None, 'build_base': '/home/kunal/AST_Robot_Warehouse/build/py_pubsub', 'catkin_cmake_args': None, 'catkin_skip_building_tests': False, 'cmake_args': None, 'cmake_clean_cache': False, 'cmake_clean_first': False, 'cmake_force_configure': False, 'cmake_target': None, 'cmake_target_skip_unavailable': False, 'install_base': '/home/kunal/AST_Robot_Warehouse/install/py_pubsub', 'merge_install': False, 'path': '/home/kunal/AST_Robot_Warehouse/src/py_pubsub', 'symlink_install': False, 'test_result_base': None}
[0.327s] Level 5:colcon.colcon_core.verb:set package 'warehouse_robot_package' build argument 'cmake_args' from command line to 'None'
[0.327s] Level 5:colcon.colcon_core.verb:set package 'warehouse_robot_package' build argument 'cmake_target' from command line to 'None'
[0.327s] Level 5:colcon.colcon_core.verb:set package 'warehouse_robot_package' build argument 'cmake_target_skip_unavailable' from command line to 'False'
[0.327s] Level 5:colcon.colcon_core.verb:set package 'warehouse_robot_package' build argument 'cmake_clean_cache' from command line to 'False'
[0.327s] Level 5:colcon.colcon_core.verb:set package 'warehouse_robot_package' build argument 'cmake_clean_first' from command line to 'False'
[0.327s] Level 5:colcon.colcon_core.verb:set package 'warehouse_robot_package' build argument 'cmake_force_configure' from command line to 'False'
[0.327s] Level 5:colcon.colcon_core.verb:set package 'warehouse_robot_package' build argument 'ament_cmake_args' from command line to 'None'
[0.327s] Level 5:colcon.colcon_core.verb:set package 'warehouse_robot_package' build argument 'catkin_cmake_args' from command line to 'None'
[0.327s] Level 5:colcon.colcon_core.verb:set package 'warehouse_robot_package' build argument 'catkin_skip_building_tests' from command line to 'False'
[0.328s] DEBUG:colcon.colcon_core.verb:Building package 'warehouse_robot_package' with the following arguments: {'ament_cmake_args': None, 'build_base': '/home/kunal/AST_Robot_Warehouse/build/warehouse_robot_package', 'catkin_cmake_args': None, 'catkin_skip_building_tests': False, 'cmake_args': None, 'cmake_clean_cache': False, 'cmake_clean_first': False, 'cmake_force_configure': False, 'cmake_target': None, 'cmake_target_skip_unavailable': False, 'install_base': '/home/kunal/AST_Robot_Warehouse/install/warehouse_robot_package', 'merge_install': False, 'path': '/home/kunal/AST_Robot_Warehouse/src/warehouse_robot_package', 'symlink_install': False, 'test_result_base': None}
[0.328s] INFO:colcon.colcon_core.executor:Executing jobs using 'parallel' executor
[0.330s] DEBUG:colcon.colcon_parallel_executor.executor.parallel:run_until_complete
[0.330s] INFO:colcon.colcon_ros.task.ament_cmake.build:Building ROS package in '/home/kunal/AST_Robot_Warehouse/src/messages_package' with build type 'ament_cmake'
[0.331s] INFO:colcon.colcon_cmake.task.cmake.build:Building CMake package in '/home/kunal/AST_Robot_Warehouse/src/messages_package'
[0.335s] INFO:colcon.colcon_core.plugin_system:Skipping extension 'colcon_core.shell.bat': Not used on non-Windows systems
[0.335s] INFO:colcon.colcon_core.shell:Skip shell extension 'powershell' for command environment: Not usable outside of PowerShell
[0.335s] DEBUG:colcon.colcon_core.shell:Skip shell extension 'dsv' for command environment
[0.337s] DEBUG:colcon.colcon_core.shell:Ignoring prefix path '/opt/ros/foxy'
[0.340s] INFO:colcon.colcon_ros.task.ament_python.build:Building ROS package in '/home/kunal/AST_Robot_Warehouse/src/py_pubsub' with build type 'ament_python'
[0.341s] Level 1:colcon.colcon_core.shell:create_environment_hook('py_pubsub', 'ament_prefix_path')
[0.342s] INFO:colcon.colcon_core.shell:Creating environment hook '/home/kunal/AST_Robot_Warehouse/install/py_pubsub/share/py_pubsub/hook/ament_prefix_path.ps1'
[0.343s] INFO:colcon.colcon_core.shell:Creating environment descriptor '/home/kunal/AST_Robot_Warehouse/install/py_pubsub/share/py_pubsub/hook/ament_prefix_path.dsv'
[0.343s] INFO:colcon.colcon_core.shell:Creating environment hook '/home/kunal/AST_Robot_Warehouse/install/py_pubsub/share/py_pubsub/hook/ament_prefix_path.sh'
[0.344s] INFO:colcon.colcon_core.shell:Skip shell extension 'powershell' for command environment: Not usable outside of PowerShell
[0.344s] DEBUG:colcon.colcon_core.shell:Skip shell extension 'dsv' for command environment
[0.345s] DEBUG:colcon.colcon_core.shell:Ignoring prefix path '/opt/ros/foxy'
[0.359s] DEBUG:colcon.colcon_core.event_handler.log_command:Invoking command in '/home/kunal/AST_Robot_Warehouse/build/messages_package': CMAKE_PREFIX_PATH=/opt/ros/foxy /usr/bin/cmake --build /home/kunal/AST_Robot_Warehouse/build/messages_package -- -j16 -l16
[0.540s] INFO:colcon.colcon_core.task.python.build:Building Python package in '/home/kunal/AST_Robot_Warehouse/src/py_pubsub'
[0.541s] INFO:colcon.colcon_core.shell:Skip shell extension 'powershell' for command environment: Not usable outside of PowerShell
[0.541s] DEBUG:colcon.colcon_core.shell:Skip shell extension 'dsv' for command environment
[0.542s] DEBUG:colcon.colcon_core.shell:Ignoring prefix path '/opt/ros/foxy'
[0.555s] DEBUG:colcon.colcon_core.event_handler.log_command:Invoking command in '/home/kunal/AST_Robot_Warehouse/src/py_pubsub': PYTHONPATH=/home/kunal/AST_Robot_Warehouse/install/py_pubsub/lib/python3.8/site-packages:${PYTHONPATH} /usr/bin/python3 setup.py egg_info --egg-base ../../build/py_pubsub build --build-base /home/kunal/AST_Robot_Warehouse/build/py_pubsub/build install --prefix /home/kunal/AST_Robot_Warehouse/install/py_pubsub --record /home/kunal/AST_Robot_Warehouse/build/py_pubsub/install.log --single-version-externally-managed
[0.557s] DEBUG:colcon.colcon_core.event_handler.log_command:Invoked command in '/home/kunal/AST_Robot_Warehouse/build/messages_package' returned '0': CMAKE_PREFIX_PATH=/opt/ros/foxy /usr/bin/cmake --build /home/kunal/AST_Robot_Warehouse/build/messages_package -- -j16 -l16
[0.760s] DEBUG:colcon.colcon_core.event_handler.log_command:Invoking command in '/home/kunal/AST_Robot_Warehouse/build/messages_package': CMAKE_PREFIX_PATH=/opt/ros/foxy /usr/bin/cmake --install /home/kunal/AST_Robot_Warehouse/build/messages_package
[0.803s] Level 1:colcon.colcon_core.environment:checking '/home/kunal/AST_Robot_Warehouse/install/py_pubsub' for CMake module files
[0.804s] Level 1:colcon.colcon_core.environment:checking '/home/kunal/AST_Robot_Warehouse/install/py_pubsub' for CMake config files
[0.808s] Level 1:colcon.colcon_core.environment:checking '/home/kunal/AST_Robot_Warehouse/install/py_pubsub/lib'
[0.808s] Level 1:colcon.colcon_core.environment:checking '/home/kunal/AST_Robot_Warehouse/install/py_pubsub/bin'
[0.808s] Level 1:colcon.colcon_core.environment:checking '/home/kunal/AST_Robot_Warehouse/install/py_pubsub/lib/pkgconfig/py_pubsub.pc'
[0.808s] Level 1:colcon.colcon_core.environment:checking '/home/kunal/AST_Robot_Warehouse/install/py_pubsub/lib/python3.8/site-packages'
[0.808s] Level 1:colcon.colcon_core.shell:create_environment_hook('py_pubsub', 'pythonpath')
[0.809s] INFO:colcon.colcon_core.shell:Creating environment hook '/home/kunal/AST_Robot_Warehouse/install/py_pubsub/share/py_pubsub/hook/pythonpath.ps1'
[0.811s] INFO:colcon.colcon_core.shell:Creating environment descriptor '/home/kunal/AST_Robot_Warehouse/install/py_pubsub/share/py_pubsub/hook/pythonpath.dsv'
[0.813s] INFO:colcon.colcon_core.shell:Creating environment hook '/home/kunal/AST_Robot_Warehouse/install/py_pubsub/share/py_pubsub/hook/pythonpath.sh'
[0.814s] Level 1:colcon.colcon_core.environment:create_environment_scripts_only(py_pubsub)
[0.815s] INFO:colcon.colcon_core.shell:Creating package script '/home/kunal/AST_Robot_Warehouse/install/py_pubsub/share/py_pubsub/package.ps1'
[0.820s] INFO:colcon.colcon_core.shell:Creating package descriptor '/home/kunal/AST_Robot_Warehouse/install/py_pubsub/share/py_pubsub/package.dsv'
[0.822s] INFO:colcon.colcon_core.shell:Creating package script '/home/kunal/AST_Robot_Warehouse/install/py_pubsub/share/py_pubsub/package.sh'
[0.824s] INFO:colcon.colcon_core.shell:Creating package script '/home/kunal/AST_Robot_Warehouse/install/py_pubsub/share/py_pubsub/package.bash'
[0.825s] INFO:colcon.colcon_core.shell:Creating package script '/home/kunal/AST_Robot_Warehouse/install/py_pubsub/share/py_pubsub/package.zsh'
[0.826s] Level 1:colcon.colcon_core.environment:create_file_with_runtime_dependencies(/home/kunal/AST_Robot_Warehouse/install/py_pubsub/share/colcon-core/packages/py_pubsub)
[0.828s] Level 1:colcon.colcon_core.environment:create_environment_scripts_only(messages_package)
[0.829s] Level 1:colcon.colcon_core.environment:checking '/home/kunal/AST_Robot_Warehouse/install/messages_package' for CMake module files
[0.831s] Level 1:colcon.colcon_core.environment:checking '/home/kunal/AST_Robot_Warehouse/install/messages_package' for CMake config files
[0.836s] Level 1:colcon.colcon_core.shell:create_environment_hook('messages_package', 'cmake_prefix_path')
[0.837s] INFO:colcon.colcon_core.shell:Creating environment hook '/home/kunal/AST_Robot_Warehouse/install/messages_package/share/messages_package/hook/cmake_prefix_path.ps1'
[0.838s] INFO:colcon.colcon_core.shell:Creating environment descriptor '/home/kunal/AST_Robot_Warehouse/install/messages_package/share/messages_package/hook/cmake_prefix_path.dsv'
[0.839s] INFO:colcon.colcon_core.shell:Creating environment hook '/home/kunal/AST_Robot_Warehouse/install/messages_package/share/messages_package/hook/cmake_prefix_path.sh'
[0.840s] Level 1:colcon.colcon_core.environment:checking '/home/kunal/AST_Robot_Warehouse/install/messages_package/lib'
[0.840s] Level 1:colcon.colcon_core.shell:create_environment_hook('messages_package', 'ld_library_path_lib')
[0.841s] INFO:colcon.colcon_core.shell:Creating environment hook '/home/kunal/AST_Robot_Warehouse/install/messages_package/share/messages_package/hook/ld_library_path_lib.ps1'
[0.842s] INFO:colcon.colcon_core.shell:Creating environment descriptor '/home/kunal/AST_Robot_Warehouse/install/messages_package/share/messages_package/hook/ld_library_path_lib.dsv'
[0.842s] INFO:colcon.colcon_core.shell:Creating environment hook '/home/kunal/AST_Robot_Warehouse/install/messages_package/share/messages_package/hook/ld_library_path_lib.sh'
[0.843s] Level 1:colcon.colcon_core.environment:checking '/home/kunal/AST_Robot_Warehouse/install/messages_package/bin'
[0.843s] Level 1:colcon.colcon_core.environment:checking '/home/kunal/AST_Robot_Warehouse/install/messages_package/lib/pkgconfig/messages_package.pc'
[0.844s] Level 1:colcon.colcon_core.environment:checking '/home/kunal/AST_Robot_Warehouse/install/messages_package/lib/python3.8/site-packages'
[0.844s] Level 1:colcon.colcon_core.shell:create_environment_hook('messages_package', 'pythonpath')
[0.845s] INFO:colcon.colcon_core.shell:Creating environment hook '/home/kunal/AST_Robot_Warehouse/install/messages_package/share/messages_package/hook/pythonpath.ps1'
[0.846s] DEBUG:colcon.colcon_core.event_handler.log_command:Invoked command in '/home/kunal/AST_Robot_Warehouse/src/py_pubsub' returned '0': PYTHONPATH=/home/kunal/AST_Robot_Warehouse/install/py_pubsub/lib/python3.8/site-packages:${PYTHONPATH} /usr/bin/python3 setup.py egg_info --egg-base ../../build/py_pubsub build --build-base /home/kunal/AST_Robot_Warehouse/build/py_pubsub/build install --prefix /home/kunal/AST_Robot_Warehouse/install/py_pubsub --record /home/kunal/AST_Robot_Warehouse/build/py_pubsub/install.log --single-version-externally-managed
[0.846s] INFO:colcon.colcon_core.shell:Creating environment descriptor '/home/kunal/AST_Robot_Warehouse/install/messages_package/share/messages_package/hook/pythonpath.dsv'
[0.847s] INFO:colcon.colcon_core.shell:Creating environment hook '/home/kunal/AST_Robot_Warehouse/install/messages_package/share/messages_package/hook/pythonpath.sh'
[0.849s] INFO:colcon.colcon_core.shell:Creating package script '/home/kunal/AST_Robot_Warehouse/install/messages_package/share/messages_package/package.ps1'
[0.850s] INFO:colcon.colcon_core.shell:Creating package descriptor '/home/kunal/AST_Robot_Warehouse/install/messages_package/share/messages_package/package.dsv'
[0.852s] INFO:colcon.colcon_core.shell:Creating package script '/home/kunal/AST_Robot_Warehouse/install/messages_package/share/messages_package/package.sh'
[0.853s] INFO:colcon.colcon_core.shell:Creating package script '/home/kunal/AST_Robot_Warehouse/install/messages_package/share/messages_package/package.bash'
[0.854s] INFO:colcon.colcon_core.shell:Creating package script '/home/kunal/AST_Robot_Warehouse/install/messages_package/share/messages_package/package.zsh'
[0.855s] Level 1:colcon.colcon_core.environment:create_file_with_runtime_dependencies(/home/kunal/AST_Robot_Warehouse/install/messages_package/share/colcon-core/packages/messages_package)
[0.872s] DEBUG:colcon.colcon_core.event_handler.log_command:Invoked command in '/home/kunal/AST_Robot_Warehouse/build/messages_package' returned '0': CMAKE_PREFIX_PATH=/opt/ros/foxy /usr/bin/cmake --install /home/kunal/AST_Robot_Warehouse/build/messages_package
[1.058s] Level 1:colcon.colcon_core.environment:create_environment_scripts_only(messages_package)
[1.059s] Level 1:colcon.colcon_core.environment:checking '/home/kunal/AST_Robot_Warehouse/install/messages_package' for CMake module files
[1.059s] Level 1:colcon.colcon_core.environment:checking '/home/kunal/AST_Robot_Warehouse/install/messages_package' for CMake config files
[1.060s] Level 1:colcon.colcon_core.shell:create_environment_hook('messages_package', 'cmake_prefix_path')
[1.060s] INFO:colcon.colcon_core.shell:Creating environment hook '/home/kunal/AST_Robot_Warehouse/install/messages_package/share/messages_package/hook/cmake_prefix_path.ps1'
[1.061s] INFO:colcon.colcon_core.shell:Creating environment descriptor '/home/kunal/AST_Robot_Warehouse/install/messages_package/share/messages_package/hook/cmake_prefix_path.dsv'
[1.061s] INFO:colcon.colcon_core.shell:Creating environment hook '/home/kunal/AST_Robot_Warehouse/install/messages_package/share/messages_package/hook/cmake_prefix_path.sh'
[1.062s] Level 1:colcon.colcon_core.environment:checking '/home/kunal/AST_Robot_Warehouse/install/messages_package/lib'
[1.063s] Level 1:colcon.colcon_core.shell:create_environment_hook('messages_package', 'ld_library_path_lib')
[1.063s] INFO:colcon.colcon_core.shell:Creating environment hook '/home/kunal/AST_Robot_Warehouse/install/messages_package/share/messages_package/hook/ld_library_path_lib.ps1'
[1.064s] INFO:colcon.colcon_core.shell:Creating environment descriptor '/home/kunal/AST_Robot_Warehouse/install/messages_package/share/messages_package/hook/ld_library_path_lib.dsv'
[1.065s] INFO:colcon.colcon_core.shell:Creating environment hook '/home/kunal/AST_Robot_Warehouse/install/messages_package/share/messages_package/hook/ld_library_path_lib.sh'
[1.065s] Level 1:colcon.colcon_core.environment:checking '/home/kunal/AST_Robot_Warehouse/install/messages_package/bin'
[1.065s] Level 1:colcon.colcon_core.environment:checking '/home/kunal/AST_Robot_Warehouse/install/messages_package/lib/pkgconfig/messages_package.pc'
[1.065s] Level 1:colcon.colcon_core.environment:checking '/home/kunal/AST_Robot_Warehouse/install/messages_package/lib/python3.8/site-packages'
[1.065s] Level 1:colcon.colcon_core.shell:create_environment_hook('messages_package', 'pythonpath')
[1.066s] INFO:colcon.colcon_core.shell:Creating environment hook '/home/kunal/AST_Robot_Warehouse/install/messages_package/share/messages_package/hook/pythonpath.ps1'
[1.066s] INFO:colcon.colcon_core.shell:Creating environment descriptor '/home/kunal/AST_Robot_Warehouse/install/messages_package/share/messages_package/hook/pythonpath.dsv'
[1.067s] INFO:colcon.colcon_core.shell:Creating environment hook '/home/kunal/AST_Robot_Warehouse/install/messages_package/share/messages_package/hook/pythonpath.sh'
[1.068s] INFO:colcon.colcon_core.shell:Creating package script '/home/kunal/AST_Robot_Warehouse/install/messages_package/share/messages_package/package.ps1'
[1.069s] INFO:colcon.colcon_core.shell:Creating package descriptor '/home/kunal/AST_Robot_Warehouse/install/messages_package/share/messages_package/package.dsv'
[1.069s] INFO:colcon.colcon_core.shell:Creating package script '/home/kunal/AST_Robot_Warehouse/install/messages_package/share/messages_package/package.sh'
[1.070s] INFO:colcon.colcon_core.shell:Creating package script '/home/kunal/AST_Robot_Warehouse/install/messages_package/share/messages_package/package.bash'
[1.070s] INFO:colcon.colcon_core.shell:Creating package script '/home/kunal/AST_Robot_Warehouse/install/messages_package/share/messages_package/package.zsh'
[1.071s] Level 1:colcon.colcon_core.environment:create_file_with_runtime_dependencies(/home/kunal/AST_Robot_Warehouse/install/messages_package/share/colcon-core/packages/messages_package)
[1.071s] INFO:colcon.colcon_ros.task.ament_python.build:Building ROS package in '/home/kunal/AST_Robot_Warehouse/src/warehouse_robot_package' with build type 'ament_python'
[1.071s] Level 1:colcon.colcon_core.shell:create_environment_hook('warehouse_robot_package', 'ament_prefix_path')
[1.072s] INFO:colcon.colcon_core.shell:Creating environment hook '/home/kunal/AST_Robot_Warehouse/install/warehouse_robot_package/share/warehouse_robot_package/hook/ament_prefix_path.ps1'
[1.073s] INFO:colcon.colcon_core.shell:Creating environment descriptor '/home/kunal/AST_Robot_Warehouse/install/warehouse_robot_package/share/warehouse_robot_package/hook/ament_prefix_path.dsv'
[1.074s] INFO:colcon.colcon_core.shell:Creating environment hook '/home/kunal/AST_Robot_Warehouse/install/warehouse_robot_package/share/warehouse_robot_package/hook/ament_prefix_path.sh'
[1.076s] INFO:colcon.colcon_core.shell:Skip shell extension 'powershell' for command environment: Not usable outside of PowerShell
[1.076s] DEBUG:colcon.colcon_core.shell:Skip shell extension 'dsv' for command environment
[1.077s] DEBUG:colcon.colcon_core.shell:Ignoring prefix path '/opt/ros/foxy'
[1.368s] INFO:colcon.colcon_core.task.python.build:Building Python package in '/home/kunal/AST_Robot_Warehouse/src/warehouse_robot_package'
[1.369s] INFO:colcon.colcon_core.shell:Skip shell extension 'powershell' for command environment: Not usable outside of PowerShell
[1.369s] DEBUG:colcon.colcon_core.shell:Skip shell extension 'dsv' for command environment
[1.370s] DEBUG:colcon.colcon_core.shell:Ignoring prefix path '/opt/ros/foxy'
[1.468s] DEBUG:colcon.colcon_core.event_handler.log_command:Invoking command in '/home/kunal/AST_Robot_Warehouse/src/warehouse_robot_package': AMENT_PREFIX_PATH=/home/kunal/AST_Robot_Warehouse/install/messages_package:${AMENT_PREFIX_PATH} CMAKE_PREFIX_PATH=/home/kunal/AST_Robot_Warehouse/install/messages_package LD_LIBRARY_PATH=/home/kunal/AST_Robot_Warehouse/install/messages_package/lib:${LD_LIBRARY_PATH} PYTHONPATH=/home/kunal/AST_Robot_Warehouse/install/warehouse_robot_package/lib/python3.8/site-packages:/home/kunal/AST_Robot_Warehouse/install/messages_package/lib/python3.8/site-packages:${PYTHONPATH} /usr/bin/python3 setup.py egg_info --egg-base ../../build/warehouse_robot_package build --build-base /home/kunal/AST_Robot_Warehouse/build/warehouse_robot_package/build install --prefix /home/kunal/AST_Robot_Warehouse/install/warehouse_robot_package --record /home/kunal/AST_Robot_Warehouse/build/warehouse_robot_package/install.log --single-version-externally-managed
[1.734s] Level 1:colcon.colcon_core.environment:checking '/home/kunal/AST_Robot_Warehouse/install/warehouse_robot_package' for CMake module files
[1.736s] DEBUG:colcon.colcon_core.event_handler.log_command:Invoked command in '/home/kunal/AST_Robot_Warehouse/src/warehouse_robot_package' returned '0': AMENT_PREFIX_PATH=/home/kunal/AST_Robot_Warehouse/install/messages_package:${AMENT_PREFIX_PATH} CMAKE_PREFIX_PATH=/home/kunal/AST_Robot_Warehouse/install/messages_package LD_LIBRARY_PATH=/home/kunal/AST_Robot_Warehouse/install/messages_package/lib:${LD_LIBRARY_PATH} PYTHONPATH=/home/kunal/AST_Robot_Warehouse/install/warehouse_robot_package/lib/python3.8/site-packages:/home/kunal/AST_Robot_Warehouse/install/messages_package/lib/python3.8/site-packages:${PYTHONPATH} /usr/bin/python3 setup.py egg_info --egg-base ../../build/warehouse_robot_package build --build-base /home/kunal/AST_Robot_Warehouse/build/warehouse_robot_package/build install --prefix /home/kunal/AST_Robot_Warehouse/install/warehouse_robot_package --record /home/kunal/AST_Robot_Warehouse/build/warehouse_robot_package/install.log --single-version-externally-managed
[1.736s] Level 1:colcon.colcon_core.environment:checking '/home/kunal/AST_Robot_Warehouse/install/warehouse_robot_package' for CMake config files
[1.737s] Level 1:colcon.colcon_core.environment:checking '/home/kunal/AST_Robot_Warehouse/install/warehouse_robot_package/lib'
[1.737s] Level 1:colcon.colcon_core.environment:checking '/home/kunal/AST_Robot_Warehouse/install/warehouse_robot_package/bin'
[1.737s] Level 1:colcon.colcon_core.environment:checking '/home/kunal/AST_Robot_Warehouse/install/warehouse_robot_package/lib/pkgconfig/warehouse_robot_package.pc'
[1.738s] Level 1:colcon.colcon_core.environment:checking '/home/kunal/AST_Robot_Warehouse/install/warehouse_robot_package/lib/python3.8/site-packages'
[1.738s] Level 1:colcon.colcon_core.shell:create_environment_hook('warehouse_robot_package', 'pythonpath')
[1.738s] INFO:colcon.colcon_core.shell:Creating environment hook '/home/kunal/AST_Robot_Warehouse/install/warehouse_robot_package/share/warehouse_robot_package/hook/pythonpath.ps1'
[1.739s] INFO:colcon.colcon_core.shell:Creating environment descriptor '/home/kunal/AST_Robot_Warehouse/install/warehouse_robot_package/share/warehouse_robot_package/hook/pythonpath.dsv'
[1.739s] INFO:colcon.colcon_core.shell:Creating environment hook '/home/kunal/AST_Robot_Warehouse/install/warehouse_robot_package/share/warehouse_robot_package/hook/pythonpath.sh'
[1.739s] Level 1:colcon.colcon_core.environment:create_environment_scripts_only(warehouse_robot_package)
[1.740s] INFO:colcon.colcon_core.shell:Creating package script '/home/kunal/AST_Robot_Warehouse/install/warehouse_robot_package/share/warehouse_robot_package/package.ps1'
[1.741s] INFO:colcon.colcon_core.shell:Creating package descriptor '/home/kunal/AST_Robot_Warehouse/install/warehouse_robot_package/share/warehouse_robot_package/package.dsv'
[1.741s] INFO:colcon.colcon_core.shell:Creating package script '/home/kunal/AST_Robot_Warehouse/install/warehouse_robot_package/share/warehouse_robot_package/package.sh'
[1.742s] INFO:colcon.colcon_core.shell:Creating package script '/home/kunal/AST_Robot_Warehouse/install/warehouse_robot_package/share/warehouse_robot_package/package.bash'
[1.742s] INFO:colcon.colcon_core.shell:Creating package script '/home/kunal/AST_Robot_Warehouse/install/warehouse_robot_package/share/warehouse_robot_package/package.zsh'
[1.742s] Level 1:colcon.colcon_core.environment:create_file_with_runtime_dependencies(/home/kunal/AST_Robot_Warehouse/install/warehouse_robot_package/share/colcon-core/packages/warehouse_robot_package)
[1.743s] DEBUG:colcon.colcon_parallel_executor.executor.parallel:closing loop
[1.744s] DEBUG:colcon.colcon_parallel_executor.executor.parallel:loop closed
[1.745s] DEBUG:colcon.colcon_parallel_executor.executor.parallel:run_until_complete finished with '0'
[1.745s] DEBUG:colcon.colcon_core.event_reactor:joining thread
[1.782s] INFO:colcon.colcon_core.plugin_system:Skipping extension 'colcon_notification.desktop_notification.notify_send': Could not find 'notify-send'
[1.782s] INFO:colcon.colcon_core.plugin_system:Skipping extension 'colcon_notification.desktop_notification.terminal_notifier': Not used on non-Darwin systems
[1.782s] INFO:colcon.colcon_core.plugin_system:Skipping extension 'colcon_notification.desktop_notification.win32': Not used on non-Windows systems
[1.782s] INFO:colcon.colcon_notification.desktop_notification:Sending desktop notification using 'notify2'
[1.787s] DEBUG:colcon.colcon_notification.desktop_notification.notify2:Failed to initialize notify2: org.freedesktop.DBus.Error.ServiceUnknown: The name org.freedesktop.Notifications was not provided by any .service files
[1.787s] DEBUG:colcon.colcon_core.event_reactor:joined thread
[1.788s] INFO:colcon.colcon_core.shell:Creating prefix script '/home/kunal/AST_Robot_Warehouse/install/local_setup.ps1'
[1.789s] INFO:colcon.colcon_core.shell:Creating prefix util module '/home/kunal/AST_Robot_Warehouse/install/_local_setup_util_ps1.py'
[1.790s] INFO:colcon.colcon_core.shell:Creating prefix chain script '/home/kunal/AST_Robot_Warehouse/install/setup.ps1'
[1.792s] INFO:colcon.colcon_core.shell:Creating prefix script '/home/kunal/AST_Robot_Warehouse/install/local_setup.sh'
[1.792s] INFO:colcon.colcon_core.shell:Creating prefix util module '/home/kunal/AST_Robot_Warehouse/install/_local_setup_util_sh.py'
[1.793s] INFO:colcon.colcon_core.shell:Creating prefix chain script '/home/kunal/AST_Robot_Warehouse/install/setup.sh'
[1.795s] INFO:colcon.colcon_core.shell:Creating prefix script '/home/kunal/AST_Robot_Warehouse/install/local_setup.bash'
[1.795s] INFO:colcon.colcon_core.shell:Creating prefix chain script '/home/kunal/AST_Robot_Warehouse/install/setup.bash'
[1.797s] INFO:colcon.colcon_core.shell:Creating prefix script '/home/kunal/AST_Robot_Warehouse/install/local_setup.zsh'
[1.798s] INFO:colcon.colcon_core.shell:Creating prefix chain script '/home/kunal/AST_Robot_Warehouse/install/setup.zsh'
