[0.038s] Invoking command in '/home/sam/AST_Robot_Warehouse/build/messages_package': CMAKE_PREFIX_PATH=${CMAKE_PREFIX_PATH}:/home/sam/AST_Robot_Warehouse/install/warehouse_robot_package:/home/sam/AST_Robot_Warehouse/install/py_srvcli:/home/sam/AST_Robot_Warehouse/install/py_pubsub:/opt/ros/foxy /usr/bin/cmake --build /home/sam/AST_Robot_Warehouse/build/messages_package -- -j12 -l12
[0.340s] -- Found ament_cmake: 0.9.9 (/opt/ros/foxy/share/ament_cmake/cmake)
[0.340s] -- Found PythonInterp: /usr/bin/python3 (found suitable version "3.8.10", minimum required is "3") 
[0.341s] -- Using PYTHON_EXECUTABLE: /usr/bin/python3
[0.341s] -- Found ament_lint_auto: 0.9.6 (/opt/ros/foxy/share/ament_lint_auto/cmake)
[0.401s] -- Found rosidl_default_generators: 1.0.1 (/opt/ros/foxy/share/rosidl_default_generators/cmake)
[0.403s] -- Using all available rosidl_typesupport_c: rosidl_typesupport_fastrtps_c;rosidl_typesupport_introspection_c
[0.407s] -- Found rosidl_adapter: 1.2.1 (/opt/ros/foxy/share/rosidl_adapter/cmake)
[0.540s] -- Using all available rosidl_typesupport_cpp: rosidl_typesupport_fastrtps_cpp;rosidl_typesupport_introspection_cpp
[0.602s] -- Found PythonInterp: /usr/bin/python3 (found version "3.8.10") 
[0.861s] -- Found ament_cmake_ros: 0.9.2 (/opt/ros/foxy/share/ament_cmake_ros/cmake)
[1.016s] -- Using all available rosidl_typesupport_c: rosidl_typesupport_fastrtps_c;rosidl_typesupport_introspection_c
[1.049s] -- Using all available rosidl_typesupport_cpp: rosidl_typesupport_fastrtps_cpp;rosidl_typesupport_introspection_cpp
[1.079s] -- Found PythonInterp: /usr/bin/python3 (found suitable version "3.8.10", minimum required is "3.5") 
[1.079s] -- Found python_cmake_module: 0.8.1 (/opt/ros/foxy/share/python_cmake_module/cmake)
[1.104s] -- Using PYTHON_EXECUTABLE: /usr/bin/python3
[1.104s] -- Using PYTHON_INCLUDE_DIRS: /usr/include/python3.8
[1.104s] -- Using PYTHON_LIBRARIES: /usr/lib/x86_64-linux-gnu/libpython3.8.so
[1.145s] -- Added test 'copyright' to check source files copyright and LICENSE
[1.146s] -- Added test 'cppcheck' to perform static code analysis on C / C++ code
[1.148s] -- Configured cppcheck include dirs: $<BUILD_INTERFACE:/home/sam/AST_Robot_Warehouse/src/messages_package/include>
[1.148s] -- Configured cppcheck exclude dirs and/or files: 
[1.149s] -- Added test 'cpplint' to check C / C++ code against the Google style
[1.150s] -- Configured cpplint exclude dirs and/or files: 
[1.150s] -- Added test 'lint_cmake' to check CMake code style
[1.152s] -- Added test 'uncrustify' to check C / C++ code style
[1.153s] -- Configured uncrustify additional arguments: 
[1.153s] -- Added test 'xmllint' to check XML markup files
[1.159s] -- Configuring done
[1.247s] -- Generating done
[1.251s] -- Build files have been written to: /home/sam/AST_Robot_Warehouse/build/messages_package
[1.281s] [  1%] [34m[1mGenerating C code for ROS interfaces[0m
[1.294s] [  2%] Built target messages_node
[1.296s] [  3%] [34m[1mGenerating C++ code for ROS interfaces[0m
[2.680s] [  3%] Built target messages_package__cpp
[2.694s] [  4%] [34m[1mGenerating C++ type support dispatch for ROS interfaces[0m
[2.694s] [  5%] [34m[1mGenerating C++ introspection for ROS interfaces[0m
[2.711s] [  6%] [34m[1mGenerating C++ type support for eProsima Fast-RTPS[0m
[2.720s] [35m[1mScanning dependencies of target messages_package__rosidl_generator_c[0m
[2.744s] [  7%] [32mBuilding C object CMakeFiles/messages_package__rosidl_generator_c.dir/rosidl_generator_c/messages_package/msg/detail/delivery__functions.c.o[0m
[2.744s] [  7%] [32mBuilding C object CMakeFiles/messages_package__rosidl_generator_c.dir/rosidl_generator_c/messages_package/msg/detail/item__functions.c.o[0m
[2.748s] [  8%] [32mBuilding C object CMakeFiles/messages_package__rosidl_generator_c.dir/rosidl_generator_c/messages_package/msg/detail/coordinates__functions.c.o[0m
[2.749s] [  9%] [32mBuilding C object CMakeFiles/messages_package__rosidl_generator_c.dir/rosidl_generator_c/messages_package/msg/detail/robot_distance__functions.c.o[0m
[2.759s] [  9%] [32mBuilding C object CMakeFiles/messages_package__rosidl_generator_c.dir/rosidl_generator_c/messages_package/msg/detail/map__functions.c.o[0m
[2.759s] [ 10%] [32mBuilding C object CMakeFiles/messages_package__rosidl_generator_c.dir/rosidl_generator_c/messages_package/msg/detail/robot_location__functions.c.o[0m
[2.769s] [ 11%] [32mBuilding C object CMakeFiles/messages_package__rosidl_generator_c.dir/rosidl_generator_c/messages_package/msg/detail/row__functions.c.o[0m
[2.771s] [ 12%] [32mBuilding C object CMakeFiles/messages_package__rosidl_generator_c.dir/rosidl_generator_c/messages_package/msg/detail/robot_state__functions.c.o[0m
[2.785s] [ 13%] [32mBuilding C object CMakeFiles/messages_package__rosidl_generator_c.dir/rosidl_generator_c/messages_package/srv/detail/delivery__functions.c.o[0m
[2.816s] [ 13%] [32mBuilding C object CMakeFiles/messages_package__rosidl_generator_c.dir/rosidl_generator_c/messages_package/srv/detail/pick_up_item__functions.c.o[0m
[2.827s] [ 14%] [32mBuilding C object CMakeFiles/messages_package__rosidl_generator_c.dir/rosidl_generator_c/messages_package/srv/detail/put_down_item__functions.c.o[0m
[2.842s] [ 15%] [32mBuilding C object CMakeFiles/messages_package__rosidl_generator_c.dir/rosidl_generator_c/messages_package/action/detail/move_item__functions.c.o[0m
[2.844s] [ 16%] [32mBuilding C object CMakeFiles/messages_package__rosidl_generator_c.dir/rosidl_generator_c/messages_package/action/detail/charge_robot__functions.c.o[0m
[2.893s] [ 16%] [32mBuilding C object CMakeFiles/messages_package__rosidl_generator_c.dir/rosidl_generator_c/messages_package/action/detail/order__functions.c.o[0m
[3.027s] [ 17%] [32m[1mLinking C shared library libmessages_package__rosidl_generator_c.so[0m
[3.075s] [ 17%] Built target messages_package__rosidl_generator_c
[3.089s] [ 18%] [34m[1mGenerating C type support dispatch for ROS interfaces[0m
[3.089s] [ 18%] [34m[1mGenerating C introspection for ROS interfaces[0m
[3.588s] [35m[1mScanning dependencies of target messages_package__rosidl_typesupport_cpp[0m
[3.619s] [ 19%] [32mBuilding CXX object CMakeFiles/messages_package__rosidl_typesupport_cpp.dir/rosidl_typesupport_cpp/messages_package/msg/item__type_support.cpp.o[0m
[3.619s] [ 19%] [32mBuilding CXX object CMakeFiles/messages_package__rosidl_typesupport_cpp.dir/rosidl_typesupport_cpp/messages_package/msg/map__type_support.cpp.o[0m
[3.619s] [ 19%] [32mBuilding CXX object CMakeFiles/messages_package__rosidl_typesupport_cpp.dir/rosidl_typesupport_cpp/messages_package/msg/delivery__type_support.cpp.o[0m
[3.619s] [ 20%] [32mBuilding CXX object CMakeFiles/messages_package__rosidl_typesupport_cpp.dir/rosidl_typesupport_cpp/messages_package/msg/robot_state__type_support.cpp.o[0m
[3.621s] [ 21%] [32mBuilding CXX object CMakeFiles/messages_package__rosidl_typesupport_cpp.dir/rosidl_typesupport_cpp/messages_package/msg/coordinates__type_support.cpp.o[0m
[3.621s] [ 22%] [32mBuilding CXX object CMakeFiles/messages_package__rosidl_typesupport_cpp.dir/rosidl_typesupport_cpp/messages_package/msg/row__type_support.cpp.o[0m
[3.622s] [ 23%] [32mBuilding CXX object CMakeFiles/messages_package__rosidl_typesupport_cpp.dir/rosidl_typesupport_cpp/messages_package/msg/robot_distance__type_support.cpp.o[0m
[3.633s] [ 24%] [32mBuilding CXX object CMakeFiles/messages_package__rosidl_typesupport_cpp.dir/rosidl_typesupport_cpp/messages_package/msg/robot_location__type_support.cpp.o[0m
[4.168s] [ 25%] [32mBuilding CXX object CMakeFiles/messages_package__rosidl_typesupport_cpp.dir/rosidl_typesupport_cpp/messages_package/srv/pick_up_item__type_support.cpp.o[0m
[4.168s] [ 25%] [32mBuilding CXX object CMakeFiles/messages_package__rosidl_typesupport_cpp.dir/rosidl_typesupport_cpp/messages_package/srv/delivery__type_support.cpp.o[0m
[4.243s] [ 26%] [32mBuilding CXX object CMakeFiles/messages_package__rosidl_typesupport_cpp.dir/rosidl_typesupport_cpp/messages_package/srv/put_down_item__type_support.cpp.o[0m
[4.279s] [ 26%] [32mBuilding CXX object CMakeFiles/messages_package__rosidl_typesupport_cpp.dir/rosidl_typesupport_cpp/messages_package/action/move_item__type_support.cpp.o[0m
[4.279s] [ 27%] [32mBuilding CXX object CMakeFiles/messages_package__rosidl_typesupport_cpp.dir/rosidl_typesupport_cpp/messages_package/action/order__type_support.cpp.o[0m
[4.281s] [ 28%] [32mBuilding CXX object CMakeFiles/messages_package__rosidl_typesupport_cpp.dir/rosidl_typesupport_cpp/messages_package/action/charge_robot__type_support.cpp.o[0m
[4.369s] [35m[1mScanning dependencies of target messages_package__rosidl_typesupport_introspection_cpp[0m
[4.386s] [35m[1mScanning dependencies of target messages_package__rosidl_typesupport_c[0m
[4.431s] [ 29%] [32mBuilding CXX object CMakeFiles/messages_package__rosidl_typesupport_introspection_cpp.dir/rosidl_typesupport_introspection_cpp/messages_package/msg/detail/delivery__type_support.cpp.o[0m
[4.443s] [ 29%] [32mBuilding CXX object CMakeFiles/messages_package__rosidl_typesupport_introspection_cpp.dir/rosidl_typesupport_introspection_cpp/messages_package/msg/detail/coordinates__type_support.cpp.o[0m
[4.443s] [ 30%] [32mBuilding CXX object CMakeFiles/messages_package__rosidl_typesupport_c.dir/rosidl_typesupport_c/messages_package/msg/coordinates__type_support.cpp.o[0m
[4.449s] [ 30%] [32mBuilding CXX object CMakeFiles/messages_package__rosidl_typesupport_c.dir/rosidl_typesupport_c/messages_package/msg/delivery__type_support.cpp.o[0m
[4.537s] [ 31%] [32mBuilding CXX object CMakeFiles/messages_package__rosidl_typesupport_c.dir/rosidl_typesupport_c/messages_package/msg/item__type_support.cpp.o[0m
[4.558s] [ 32%] [32mBuilding CXX object CMakeFiles/messages_package__rosidl_typesupport_c.dir/rosidl_typesupport_c/messages_package/msg/robot_distance__type_support.cpp.o[0m
[4.704s] [ 32%] [32mBuilding CXX object CMakeFiles/messages_package__rosidl_typesupport_c.dir/rosidl_typesupport_c/messages_package/msg/robot_location__type_support.cpp.o[0m
[4.720s] [ 33%] [32mBuilding CXX object CMakeFiles/messages_package__rosidl_typesupport_c.dir/rosidl_typesupport_c/messages_package/msg/map__type_support.cpp.o[0m
[4.806s] [ 34%] [32mBuilding CXX object CMakeFiles/messages_package__rosidl_typesupport_c.dir/rosidl_typesupport_c/messages_package/msg/row__type_support.cpp.o[0m
[4.814s] [ 35%] [32mBuilding CXX object CMakeFiles/messages_package__rosidl_typesupport_introspection_cpp.dir/rosidl_typesupport_introspection_cpp/messages_package/msg/detail/item__type_support.cpp.o[0m
[4.830s] [ 36%] [32mBuilding CXX object CMakeFiles/messages_package__rosidl_typesupport_c.dir/rosidl_typesupport_c/messages_package/msg/robot_state__type_support.cpp.o[0m
[4.874s] [ 36%] [32mBuilding CXX object CMakeFiles/messages_package__rosidl_typesupport_c.dir/rosidl_typesupport_c/messages_package/srv/delivery__type_support.cpp.o[0m
[4.909s] [ 37%] [32mBuilding CXX object CMakeFiles/messages_package__rosidl_typesupport_c.dir/rosidl_typesupport_c/messages_package/srv/pick_up_item__type_support.cpp.o[0m
[4.911s] [ 37%] [32mBuilding CXX object CMakeFiles/messages_package__rosidl_typesupport_introspection_cpp.dir/rosidl_typesupport_introspection_cpp/messages_package/msg/detail/robot_distance__type_support.cpp.o[0m
[4.923s] [ 38%] [32mBuilding CXX object CMakeFiles/messages_package__rosidl_typesupport_introspection_cpp.dir/rosidl_typesupport_introspection_cpp/messages_package/msg/detail/robot_location__type_support.cpp.o[0m
[4.935s] [ 39%] [32mBuilding CXX object CMakeFiles/messages_package__rosidl_typesupport_c.dir/rosidl_typesupport_c/messages_package/srv/put_down_item__type_support.cpp.o[0m
[4.967s] [ 40%] [32mBuilding CXX object CMakeFiles/messages_package__rosidl_typesupport_introspection_cpp.dir/rosidl_typesupport_introspection_cpp/messages_package/msg/detail/map__type_support.cpp.o[0m
[5.029s] [ 41%] [32mBuilding CXX object CMakeFiles/messages_package__rosidl_typesupport_introspection_cpp.dir/rosidl_typesupport_introspection_cpp/messages_package/msg/detail/row__type_support.cpp.o[0m
[5.047s] [ 41%] [32mBuilding CXX object CMakeFiles/messages_package__rosidl_typesupport_introspection_cpp.dir/rosidl_typesupport_introspection_cpp/messages_package/msg/detail/robot_state__type_support.cpp.o[0m
[5.062s] [ 42%] [32mBuilding CXX object CMakeFiles/messages_package__rosidl_typesupport_c.dir/rosidl_typesupport_c/messages_package/action/charge_robot__type_support.cpp.o[0m
[5.103s] [ 43%] [32m[1mLinking CXX shared library libmessages_package__rosidl_typesupport_cpp.so[0m
[5.114s] [ 44%] [32mBuilding CXX object CMakeFiles/messages_package__rosidl_typesupport_introspection_cpp.dir/rosidl_typesupport_introspection_cpp/messages_package/srv/detail/delivery__type_support.cpp.o[0m
[5.185s] [ 45%] [32mBuilding CXX object CMakeFiles/messages_package__rosidl_typesupport_introspection_cpp.dir/rosidl_typesupport_introspection_cpp/messages_package/srv/detail/pick_up_item__type_support.cpp.o[0m
[5.219s] [ 45%] [32mBuilding CXX object CMakeFiles/messages_package__rosidl_typesupport_c.dir/rosidl_typesupport_c/messages_package/action/move_item__type_support.cpp.o[0m
[5.246s] [ 45%] Built target messages_package__rosidl_typesupport_cpp
[5.302s] [ 46%] [32mBuilding CXX object CMakeFiles/messages_package__rosidl_typesupport_c.dir/rosidl_typesupport_c/messages_package/action/order__type_support.cpp.o[0m
[5.341s] [35m[1mScanning dependencies of target messages_package__rosidl_typesupport_fastrtps_cpp[0m
[5.395s] [35m[1mScanning dependencies of target messages_package__rosidl_typesupport_introspection_c[0m
[5.404s] [ 47%] [32mBuilding CXX object CMakeFiles/messages_package__rosidl_typesupport_introspection_cpp.dir/rosidl_typesupport_introspection_cpp/messages_package/srv/detail/put_down_item__type_support.cpp.o[0m
[5.412s] [ 47%] [32mBuilding CXX object CMakeFiles/messages_package__rosidl_typesupport_introspection_cpp.dir/rosidl_typesupport_introspection_cpp/messages_package/action/detail/charge_robot__type_support.cpp.o[0m
[5.446s] [ 47%] [32mBuilding CXX object CMakeFiles/messages_package__rosidl_typesupport_fastrtps_cpp.dir/rosidl_typesupport_fastrtps_cpp/messages_package/msg/detail/dds_fastrtps/coordinates__type_support.cpp.o[0m
[5.488s] [ 48%] [32m[1mLinking CXX shared library libmessages_package__rosidl_typesupport_c.so[0m
[5.504s] [ 49%] [32mBuilding C object CMakeFiles/messages_package__rosidl_typesupport_introspection_c.dir/rosidl_typesupport_introspection_c/messages_package/msg/detail/coordinates__type_support.c.o[0m
[5.528s] [ 50%] [32mBuilding CXX object CMakeFiles/messages_package__rosidl_typesupport_introspection_cpp.dir/rosidl_typesupport_introspection_cpp/messages_package/action/detail/move_item__type_support.cpp.o[0m
[5.542s] [ 51%] [32mBuilding CXX object CMakeFiles/messages_package__rosidl_typesupport_introspection_cpp.dir/rosidl_typesupport_introspection_cpp/messages_package/action/detail/order__type_support.cpp.o[0m
[5.596s] [ 52%] [32mBuilding C object CMakeFiles/messages_package__rosidl_typesupport_introspection_c.dir/rosidl_typesupport_introspection_c/messages_package/msg/detail/delivery__type_support.c.o[0m
[5.615s] [ 53%] [32mBuilding C object CMakeFiles/messages_package__rosidl_typesupport_introspection_c.dir/rosidl_typesupport_introspection_c/messages_package/msg/detail/item__type_support.c.o[0m
[5.656s] [ 53%] Built target messages_package__rosidl_typesupport_c
[5.665s] [ 53%] [32mBuilding C object CMakeFiles/messages_package__rosidl_typesupport_introspection_c.dir/rosidl_typesupport_introspection_c/messages_package/msg/detail/robot_distance__type_support.c.o[0m
[5.676s] [ 54%] [32mBuilding CXX object CMakeFiles/messages_package__rosidl_typesupport_fastrtps_cpp.dir/rosidl_typesupport_fastrtps_cpp/messages_package/msg/detail/dds_fastrtps/delivery__type_support.cpp.o[0m
[5.696s] [ 55%] [32mBuilding C object CMakeFiles/messages_package__rosidl_typesupport_introspection_c.dir/rosidl_typesupport_introspection_c/messages_package/msg/detail/robot_location__type_support.c.o[0m
[5.729s] [ 56%] [32mBuilding C object CMakeFiles/messages_package__rosidl_typesupport_introspection_c.dir/rosidl_typesupport_introspection_c/messages_package/msg/detail/row__type_support.c.o[0m
[5.732s] [ 56%] [32mBuilding C object CMakeFiles/messages_package__rosidl_typesupport_introspection_c.dir/rosidl_typesupport_introspection_c/messages_package/msg/detail/robot_state__type_support.c.o[0m
[5.735s] [ 57%] [32mBuilding C object CMakeFiles/messages_package__rosidl_typesupport_introspection_c.dir/rosidl_typesupport_introspection_c/messages_package/msg/detail/map__type_support.c.o[0m
[5.788s] [ 58%] [32mBuilding CXX object CMakeFiles/messages_package__rosidl_typesupport_fastrtps_cpp.dir/rosidl_typesupport_fastrtps_cpp/messages_package/msg/detail/dds_fastrtps/item__type_support.cpp.o[0m
[5.795s] [ 59%] [32mBuilding C object CMakeFiles/messages_package__rosidl_typesupport_introspection_c.dir/rosidl_typesupport_introspection_c/messages_package/srv/detail/delivery__type_support.c.o[0m
[5.831s] [ 60%] [32mBuilding CXX object CMakeFiles/messages_package__rosidl_typesupport_fastrtps_cpp.dir/rosidl_typesupport_fastrtps_cpp/messages_package/msg/detail/dds_fastrtps/robot_distance__type_support.cpp.o[0m
[5.841s] [ 61%] [32mBuilding C object CMakeFiles/messages_package__rosidl_typesupport_introspection_c.dir/rosidl_typesupport_introspection_c/messages_package/srv/detail/pick_up_item__type_support.c.o[0m
[5.844s] [ 61%] [32mBuilding CXX object CMakeFiles/messages_package__rosidl_typesupport_fastrtps_cpp.dir/rosidl_typesupport_fastrtps_cpp/messages_package/msg/detail/dds_fastrtps/robot_location__type_support.cpp.o[0m
[5.853s] [ 61%] [32mBuilding C object CMakeFiles/messages_package__rosidl_typesupport_introspection_c.dir/rosidl_typesupport_introspection_c/messages_package/srv/detail/put_down_item__type_support.c.o[0m
[5.906s] [ 62%] [32mBuilding C object CMakeFiles/messages_package__rosidl_typesupport_introspection_c.dir/rosidl_typesupport_introspection_c/messages_package/action/detail/charge_robot__type_support.c.o[0m
[5.944s] [ 63%] [32mBuilding C object CMakeFiles/messages_package__rosidl_typesupport_introspection_c.dir/rosidl_typesupport_introspection_c/messages_package/action/detail/move_item__type_support.c.o[0m
[5.975s] [ 64%] [32mBuilding CXX object CMakeFiles/messages_package__rosidl_typesupport_fastrtps_cpp.dir/rosidl_typesupport_fastrtps_cpp/messages_package/msg/detail/dds_fastrtps/map__type_support.cpp.o[0m
[6.034s] [ 65%] [32mBuilding CXX object CMakeFiles/messages_package__rosidl_typesupport_fastrtps_cpp.dir/rosidl_typesupport_fastrtps_cpp/messages_package/msg/detail/dds_fastrtps/row__type_support.cpp.o[0m
[6.078s] [ 66%] [32mBuilding C object CMakeFiles/messages_package__rosidl_typesupport_introspection_c.dir/rosidl_typesupport_introspection_c/messages_package/action/detail/order__type_support.c.o[0m
[6.082s] [ 67%] [32mBuilding CXX object CMakeFiles/messages_package__rosidl_typesupport_fastrtps_cpp.dir/rosidl_typesupport_fastrtps_cpp/messages_package/msg/detail/dds_fastrtps/robot_state__type_support.cpp.o[0m
[6.127s] [ 67%] [32mBuilding CXX object CMakeFiles/messages_package__rosidl_typesupport_fastrtps_cpp.dir/rosidl_typesupport_fastrtps_cpp/messages_package/srv/detail/dds_fastrtps/delivery__type_support.cpp.o[0m
[6.216s] [ 67%] [32m[1mLinking C shared library libmessages_package__rosidl_typesupport_introspection_c.so[0m
[6.272s] [ 68%] [32mBuilding CXX object CMakeFiles/messages_package__rosidl_typesupport_fastrtps_cpp.dir/rosidl_typesupport_fastrtps_cpp/messages_package/srv/detail/dds_fastrtps/pick_up_item__type_support.cpp.o[0m
[6.363s] [ 68%] Built target messages_package__rosidl_typesupport_introspection_c
[6.413s] [ 69%] [32mBuilding CXX object CMakeFiles/messages_package__rosidl_typesupport_fastrtps_cpp.dir/rosidl_typesupport_fastrtps_cpp/messages_package/srv/detail/dds_fastrtps/put_down_item__type_support.cpp.o[0m
[6.486s] [ 69%] [32mBuilding CXX object CMakeFiles/messages_package__rosidl_typesupport_fastrtps_cpp.dir/rosidl_typesupport_fastrtps_cpp/messages_package/action/detail/dds_fastrtps/charge_robot__type_support.cpp.o[0m
[6.520s] [ 70%] [32m[1mLinking CXX shared library libmessages_package__rosidl_typesupport_introspection_cpp.so[0m
[6.631s] [ 71%] [32mBuilding CXX object CMakeFiles/messages_package__rosidl_typesupport_fastrtps_cpp.dir/rosidl_typesupport_fastrtps_cpp/messages_package/action/detail/dds_fastrtps/move_item__type_support.cpp.o[0m
[6.686s] [ 72%] [32mBuilding CXX object CMakeFiles/messages_package__rosidl_typesupport_fastrtps_cpp.dir/rosidl_typesupport_fastrtps_cpp/messages_package/action/detail/dds_fastrtps/order__type_support.cpp.o[0m
[6.786s] [ 72%] Built target messages_package__rosidl_typesupport_introspection_cpp
[7.448s] [ 73%] [32m[1mLinking CXX shared library libmessages_package__rosidl_typesupport_fastrtps_cpp.so[0m
[7.556s] [ 73%] Built target messages_package__rosidl_typesupport_fastrtps_cpp
[7.573s] [ 74%] [34m[1mGenerating C type support for eProsima Fast-RTPS[0m
[8.573s] [35m[1mScanning dependencies of target messages_package__rosidl_typesupport_fastrtps_c[0m
[8.612s] [ 74%] [32mBuilding CXX object CMakeFiles/messages_package__rosidl_typesupport_fastrtps_c.dir/rosidl_typesupport_fastrtps_c/messages_package/msg/detail/coordinates__type_support_c.cpp.o[0m
[8.612s] [ 75%] [32mBuilding CXX object CMakeFiles/messages_package__rosidl_typesupport_fastrtps_c.dir/rosidl_typesupport_fastrtps_c/messages_package/msg/detail/item__type_support_c.cpp.o[0m
[8.613s] [ 76%] [32mBuilding CXX object CMakeFiles/messages_package__rosidl_typesupport_fastrtps_c.dir/rosidl_typesupport_fastrtps_c/messages_package/msg/detail/delivery__type_support_c.cpp.o[0m
[8.613s] [ 77%] [32mBuilding CXX object CMakeFiles/messages_package__rosidl_typesupport_fastrtps_c.dir/rosidl_typesupport_fastrtps_c/messages_package/msg/detail/robot_location__type_support_c.cpp.o[0m
[8.614s] [ 77%] [32mBuilding CXX object CMakeFiles/messages_package__rosidl_typesupport_fastrtps_c.dir/rosidl_typesupport_fastrtps_c/messages_package/msg/detail/map__type_support_c.cpp.o[0m
[8.614s] [ 78%] [32mBuilding CXX object CMakeFiles/messages_package__rosidl_typesupport_fastrtps_c.dir/rosidl_typesupport_fastrtps_c/messages_package/msg/detail/row__type_support_c.cpp.o[0m
[8.614s] [ 78%] [32mBuilding CXX object CMakeFiles/messages_package__rosidl_typesupport_fastrtps_c.dir/rosidl_typesupport_fastrtps_c/messages_package/msg/detail/robot_state__type_support_c.cpp.o[0m
[8.616s] [ 80%] [32mBuilding CXX object CMakeFiles/messages_package__rosidl_typesupport_fastrtps_c.dir/rosidl_typesupport_fastrtps_c/messages_package/srv/detail/delivery__type_support_c.cpp.o[0m
[8.619s] [ 80%] [32mBuilding CXX object CMakeFiles/messages_package__rosidl_typesupport_fastrtps_c.dir/rosidl_typesupport_fastrtps_c/messages_package/msg/detail/robot_distance__type_support_c.cpp.o[0m
[8.619s] [ 81%] [32mBuilding CXX object CMakeFiles/messages_package__rosidl_typesupport_fastrtps_c.dir/rosidl_typesupport_fastrtps_c/messages_package/srv/detail/put_down_item__type_support_c.cpp.o[0m
[8.623s] [ 81%] [32mBuilding CXX object CMakeFiles/messages_package__rosidl_typesupport_fastrtps_c.dir/rosidl_typesupport_fastrtps_c/messages_package/action/detail/charge_robot__type_support_c.cpp.o[0m
[8.629s] [ 82%] [32mBuilding CXX object CMakeFiles/messages_package__rosidl_typesupport_fastrtps_c.dir/rosidl_typesupport_fastrtps_c/messages_package/srv/detail/pick_up_item__type_support_c.cpp.o[0m
[9.312s] [ 83%] [32mBuilding CXX object CMakeFiles/messages_package__rosidl_typesupport_fastrtps_c.dir/rosidl_typesupport_fastrtps_c/messages_package/action/detail/move_item__type_support_c.cpp.o[0m
[9.329s] [ 84%] [32mBuilding CXX object CMakeFiles/messages_package__rosidl_typesupport_fastrtps_c.dir/rosidl_typesupport_fastrtps_c/messages_package/action/detail/order__type_support_c.cpp.o[0m
[9.763s] [ 85%] [32m[1mLinking CXX shared library libmessages_package__rosidl_typesupport_fastrtps_c.so[0m
[9.877s] [ 85%] Built target messages_package__rosidl_typesupport_fastrtps_c
[9.898s] [ 85%] Built target messages_package
[9.922s] [ 85%] [34m[1mGenerating Python code for ROS interfaces[0m
[12.431s] [ 85%] Built target messages_package__py
[12.444s] [35m[1mScanning dependencies of target messages_package__python[0m
[12.491s] [ 87%] [32mBuilding C object CMakeFiles/messages_package__python.dir/rosidl_generator_py/messages_package/msg/_row_s.c.o[0m
[12.491s] [ 87%] [32mBuilding C object CMakeFiles/messages_package__python.dir/rosidl_generator_py/messages_package/msg/_map_s.c.o[0m
[12.492s] [ 87%] [32mBuilding C object CMakeFiles/messages_package__python.dir/rosidl_generator_py/messages_package/msg/_robot_distance_s.c.o[0m
[12.492s] [ 89%] [32mBuilding C object CMakeFiles/messages_package__python.dir/rosidl_generator_py/messages_package/msg/_item_s.c.o[0m
[12.492s] [ 89%] [32mBuilding C object CMakeFiles/messages_package__python.dir/rosidl_generator_py/messages_package/msg/_delivery_s.c.o[0m
[12.493s] [ 90%] [32mBuilding C object CMakeFiles/messages_package__python.dir/rosidl_generator_py/messages_package/msg/_robot_location_s.c.o[0m
[12.493s] [ 90%] [32mBuilding C object CMakeFiles/messages_package__python.dir/rosidl_generator_py/messages_package/msg/_robot_state_s.c.o[0m
[12.493s] [ 91%] [32mBuilding C object CMakeFiles/messages_package__python.dir/rosidl_generator_py/messages_package/msg/_coordinates_s.c.o[0m
[12.497s] [ 92%] [32mBuilding C object CMakeFiles/messages_package__python.dir/rosidl_generator_py/messages_package/srv/_pick_up_item_s.c.o[0m
[12.503s] [ 93%] [32mBuilding C object CMakeFiles/messages_package__python.dir/rosidl_generator_py/messages_package/action/_charge_robot_s.c.o[0m
[12.504s] [ 93%] [32mBuilding C object CMakeFiles/messages_package__python.dir/rosidl_generator_py/messages_package/srv/_put_down_item_s.c.o[0m
[12.506s] [ 94%] [32mBuilding C object CMakeFiles/messages_package__python.dir/rosidl_generator_py/messages_package/srv/_delivery_s.c.o[0m
[12.661s] [ 95%] [32mBuilding C object CMakeFiles/messages_package__python.dir/rosidl_generator_py/messages_package/action/_order_s.c.o[0m
[12.670s] [ 96%] [32mBuilding C object CMakeFiles/messages_package__python.dir/rosidl_generator_py/messages_package/action/_move_item_s.c.o[0m
[12.814s] [ 96%] [32m[1mLinking C shared library rosidl_generator_py/messages_package/libmessages_package__python.so[0m
[12.860s] [ 96%] Built target messages_package__python
[12.872s] [35m[1mScanning dependencies of target messages_package__rosidl_typesupport_c__pyext[0m
[12.872s] [35m[1mScanning dependencies of target messages_package__rosidl_typesupport_introspection_c__pyext[0m
[12.872s] [35m[1mScanning dependencies of target messages_package__rosidl_typesupport_fastrtps_c__pyext[0m
[12.893s] [ 96%] [32mBuilding C object CMakeFiles/messages_package__rosidl_typesupport_c__pyext.dir/rosidl_generator_py/messages_package/_messages_package_s.ep.rosidl_typesupport_c.c.o[0m
[12.895s] [ 97%] [32mBuilding C object CMakeFiles/messages_package__rosidl_typesupport_introspection_c__pyext.dir/rosidl_generator_py/messages_package/_messages_package_s.ep.rosidl_typesupport_introspection_c.c.o[0m
[12.895s] [ 97%] [32mBuilding C object CMakeFiles/messages_package__rosidl_typesupport_fastrtps_c__pyext.dir/rosidl_generator_py/messages_package/_messages_package_s.ep.rosidl_typesupport_fastrtps_c.c.o[0m
[13.097s] [ 98%] [32m[1mLinking C shared library rosidl_generator_py/messages_package/messages_package_s__rosidl_typesupport_c.cpython-38-x86_64-linux-gnu.so[0m
[13.098s] [ 99%] [32m[1mLinking C shared library rosidl_generator_py/messages_package/messages_package_s__rosidl_typesupport_introspection_c.cpython-38-x86_64-linux-gnu.so[0m
[13.114s] [100%] [32m[1mLinking CXX shared library rosidl_generator_py/messages_package/messages_package_s__rosidl_typesupport_fastrtps_c.cpython-38-x86_64-linux-gnu.so[0m
[13.142s] [100%] Built target messages_package__rosidl_typesupport_c__pyext
[13.142s] [100%] Built target messages_package__rosidl_typesupport_introspection_c__pyext
[13.190s] [100%] Built target messages_package__rosidl_typesupport_fastrtps_c__pyext
[13.204s] Invoked command in '/home/sam/AST_Robot_Warehouse/build/messages_package' returned '0': CMAKE_PREFIX_PATH=${CMAKE_PREFIX_PATH}:/home/sam/AST_Robot_Warehouse/install/warehouse_robot_package:/home/sam/AST_Robot_Warehouse/install/py_srvcli:/home/sam/AST_Robot_Warehouse/install/py_pubsub:/opt/ros/foxy /usr/bin/cmake --build /home/sam/AST_Robot_Warehouse/build/messages_package -- -j12 -l12
[13.422s] Invoking command in '/home/sam/AST_Robot_Warehouse/build/messages_package': CMAKE_PREFIX_PATH=${CMAKE_PREFIX_PATH}:/home/sam/AST_Robot_Warehouse/install/warehouse_robot_package:/home/sam/AST_Robot_Warehouse/install/py_srvcli:/home/sam/AST_Robot_Warehouse/install/py_pubsub:/opt/ros/foxy /usr/bin/cmake --install /home/sam/AST_Robot_Warehouse/build/messages_package
[13.430s] -- Install configuration: ""
[13.430s] -- Up-to-date: /home/sam/AST_Robot_Warehouse/install/messages_package/lib/messages_package/messages_node
[13.431s] -- Up-to-date: /home/sam/AST_Robot_Warehouse/install/messages_package/share/ament_index/resource_index/rosidl_interfaces/messages_package
[13.431s] -- Up-to-date: /home/sam/AST_Robot_Warehouse/install/messages_package/include/messages_package
[13.431s] -- Up-to-date: /home/sam/AST_Robot_Warehouse/install/messages_package/include/messages_package/action
[13.431s] -- Installing: /home/sam/AST_Robot_Warehouse/install/messages_package/include/messages_package/action/move_item.h
[13.431s] -- Installing: /home/sam/AST_Robot_Warehouse/install/messages_package/include/messages_package/action/charge_robot.h
[13.431s] -- Up-to-date: /home/sam/AST_Robot_Warehouse/install/messages_package/include/messages_package/action/detail
[13.431s] -- Installing: /home/sam/AST_Robot_Warehouse/install/messages_package/include/messages_package/action/detail/order__type_support.h
[13.431s] -- Installing: /home/sam/AST_Robot_Warehouse/install/messages_package/include/messages_package/action/detail/charge_robot__struct.h
[13.431s] -- Installing: /home/sam/AST_Robot_Warehouse/install/messages_package/include/messages_package/action/detail/move_item__functions.c
[13.431s] -- Installing: /home/sam/AST_Robot_Warehouse/install/messages_package/include/messages_package/action/detail/order__struct.h
[13.431s] -- Installing: /home/sam/AST_Robot_Warehouse/install/messages_package/include/messages_package/action/detail/move_item__functions.h
[13.432s] -- Installing: /home/sam/AST_Robot_Warehouse/install/messages_package/include/messages_package/action/detail/move_item__struct.h
[13.432s] -- Installing: /home/sam/AST_Robot_Warehouse/install/messages_package/include/messages_package/action/detail/charge_robot__functions.c
[13.432s] -- Installing: /home/sam/AST_Robot_Warehouse/install/messages_package/include/messages_package/action/detail/charge_robot__type_support.h
[13.432s] -- Installing: /home/sam/AST_Robot_Warehouse/install/messages_package/include/messages_package/action/detail/order__functions.h
[13.432s] -- Installing: /home/sam/AST_Robot_Warehouse/install/messages_package/include/messages_package/action/detail/order__functions.c
[13.432s] -- Installing: /home/sam/AST_Robot_Warehouse/install/messages_package/include/messages_package/action/detail/charge_robot__functions.h
[13.432s] -- Installing: /home/sam/AST_Robot_Warehouse/install/messages_package/include/messages_package/action/detail/move_item__type_support.h
[13.432s] -- Installing: /home/sam/AST_Robot_Warehouse/install/messages_package/include/messages_package/action/order.h
[13.432s] -- Up-to-date: /home/sam/AST_Robot_Warehouse/install/messages_package/include/messages_package/srv
[13.432s] -- Installing: /home/sam/AST_Robot_Warehouse/install/messages_package/include/messages_package/srv/put_down_item.h
[13.433s] -- Installing: /home/sam/AST_Robot_Warehouse/install/messages_package/include/messages_package/srv/delivery.h
[13.433s] -- Installing: /home/sam/AST_Robot_Warehouse/install/messages_package/include/messages_package/srv/pick_up_item.h
[13.433s] -- Up-to-date: /home/sam/AST_Robot_Warehouse/install/messages_package/include/messages_package/srv/detail
[13.433s] -- Installing: /home/sam/AST_Robot_Warehouse/install/messages_package/include/messages_package/srv/detail/put_down_item__type_support.h
[13.433s] -- Installing: /home/sam/AST_Robot_Warehouse/install/messages_package/include/messages_package/srv/detail/delivery__functions.h
[13.433s] -- Installing: /home/sam/AST_Robot_Warehouse/install/messages_package/include/messages_package/srv/detail/pick_up_item__functions.h
[13.433s] -- Installing: /home/sam/AST_Robot_Warehouse/install/messages_package/include/messages_package/srv/detail/put_down_item__struct.h
[13.433s] -- Installing: /home/sam/AST_Robot_Warehouse/install/messages_package/include/messages_package/srv/detail/pick_up_item__struct.h
[13.433s] -- Installing: /home/sam/AST_Robot_Warehouse/install/messages_package/include/messages_package/srv/detail/put_down_item__functions.c
[13.433s] -- Installing: /home/sam/AST_Robot_Warehouse/install/messages_package/include/messages_package/srv/detail/pick_up_item__type_support.h
[13.434s] -- Installing: /home/sam/AST_Robot_Warehouse/install/messages_package/include/messages_package/srv/detail/delivery__type_support.h
[13.434s] -- Installing: /home/sam/AST_Robot_Warehouse/install/messages_package/include/messages_package/srv/detail/put_down_item__functions.h
[13.434s] -- Installing: /home/sam/AST_Robot_Warehouse/install/messages_package/include/messages_package/srv/detail/delivery__functions.c
[13.434s] -- Installing: /home/sam/AST_Robot_Warehouse/install/messages_package/include/messages_package/srv/detail/pick_up_item__functions.c
[13.434s] -- Installing: /home/sam/AST_Robot_Warehouse/install/messages_package/include/messages_package/srv/detail/delivery__struct.h
[13.434s] -- Up-to-date: /home/sam/AST_Robot_Warehouse/install/messages_package/include/messages_package/msg
[13.434s] -- Up-to-date: /home/sam/AST_Robot_Warehouse/install/messages_package/include/messages_package/msg/rosidl_generator_c__visibility_control.h
[13.434s] -- Installing: /home/sam/AST_Robot_Warehouse/install/messages_package/include/messages_package/msg/coordinates.h
[13.434s] -- Installing: /home/sam/AST_Robot_Warehouse/install/messages_package/include/messages_package/msg/row.h
[13.434s] -- Installing: /home/sam/AST_Robot_Warehouse/install/messages_package/include/messages_package/msg/map.h
[13.435s] -- Installing: /home/sam/AST_Robot_Warehouse/install/messages_package/include/messages_package/msg/robot_location.h
[13.435s] -- Installing: /home/sam/AST_Robot_Warehouse/install/messages_package/include/messages_package/msg/robot_distance.h
[13.435s] -- Installing: /home/sam/AST_Robot_Warehouse/install/messages_package/include/messages_package/msg/robot_state.h
[13.435s] -- Installing: /home/sam/AST_Robot_Warehouse/install/messages_package/include/messages_package/msg/item.h
[13.435s] -- Installing: /home/sam/AST_Robot_Warehouse/install/messages_package/include/messages_package/msg/delivery.h
[13.435s] -- Up-to-date: /home/sam/AST_Robot_Warehouse/install/messages_package/include/messages_package/msg/detail
[13.435s] -- Installing: /home/sam/AST_Robot_Warehouse/install/messages_package/include/messages_package/msg/detail/robot_distance__functions.c
[13.435s] -- Installing: /home/sam/AST_Robot_Warehouse/install/messages_package/include/messages_package/msg/detail/robot_location__functions.c
[13.435s] -- Installing: /home/sam/AST_Robot_Warehouse/install/messages_package/include/messages_package/msg/detail/delivery__functions.h
[13.435s] -- Installing: /home/sam/AST_Robot_Warehouse/install/messages_package/include/messages_package/msg/detail/coordinates__functions.c
[13.436s] -- Installing: /home/sam/AST_Robot_Warehouse/install/messages_package/include/messages_package/msg/detail/robot_state__functions.h
[13.436s] -- Installing: /home/sam/AST_Robot_Warehouse/install/messages_package/include/messages_package/msg/detail/row__functions.c
[13.436s] -- Installing: /home/sam/AST_Robot_Warehouse/install/messages_package/include/messages_package/msg/detail/robot_location__functions.h
[13.436s] -- Installing: /home/sam/AST_Robot_Warehouse/install/messages_package/include/messages_package/msg/detail/map__functions.h
[13.436s] -- Installing: /home/sam/AST_Robot_Warehouse/install/messages_package/include/messages_package/msg/detail/item__functions.h
[13.436s] -- Installing: /home/sam/AST_Robot_Warehouse/install/messages_package/include/messages_package/msg/detail/map__type_support.h
[13.436s] -- Installing: /home/sam/AST_Robot_Warehouse/install/messages_package/include/messages_package/msg/detail/item__struct.h
[13.436s] -- Installing: /home/sam/AST_Robot_Warehouse/install/messages_package/include/messages_package/msg/detail/delivery__type_support.h
[13.436s] -- Installing: /home/sam/AST_Robot_Warehouse/install/messages_package/include/messages_package/msg/detail/delivery__functions.c
[13.437s] -- Installing: /home/sam/AST_Robot_Warehouse/install/messages_package/include/messages_package/msg/detail/coordinates__type_support.h
[13.437s] -- Installing: /home/sam/AST_Robot_Warehouse/install/messages_package/include/messages_package/msg/detail/robot_state__functions.c
[13.437s] -- Installing: /home/sam/AST_Robot_Warehouse/install/messages_package/include/messages_package/msg/detail/robot_location__type_support.h
[13.437s] -- Installing: /home/sam/AST_Robot_Warehouse/install/messages_package/include/messages_package/msg/detail/map__functions.c
[13.437s] -- Installing: /home/sam/AST_Robot_Warehouse/install/messages_package/include/messages_package/msg/detail/delivery__struct.h
[13.437s] -- Installing: /home/sam/AST_Robot_Warehouse/install/messages_package/include/messages_package/msg/detail/robot_location__struct.h
[13.437s] -- Installing: /home/sam/AST_Robot_Warehouse/install/messages_package/include/messages_package/msg/detail/robot_state__struct.h
[13.438s] -- Installing: /home/sam/AST_Robot_Warehouse/install/messages_package/include/messages_package/msg/detail/robot_distance__type_support.h
[13.438s] -- Installing: /home/sam/AST_Robot_Warehouse/install/messages_package/include/messages_package/msg/detail/row__functions.h
[13.438s] -- Installing: /home/sam/AST_Robot_Warehouse/install/messages_package/include/messages_package/msg/detail/robot_state__type_support.h
[13.438s] -- Installing: /home/sam/AST_Robot_Warehouse/install/messages_package/include/messages_package/msg/detail/coordinates__struct.h
[13.438s] -- Installing: /home/sam/AST_Robot_Warehouse/install/messages_package/include/messages_package/msg/detail/robot_distance__functions.h
[13.438s] -- Installing: /home/sam/AST_Robot_Warehouse/install/messages_package/include/messages_package/msg/detail/item__type_support.h
[13.438s] -- Installing: /home/sam/AST_Robot_Warehouse/install/messages_package/include/messages_package/msg/detail/row__type_support.h
[13.438s] -- Installing: /home/sam/AST_Robot_Warehouse/install/messages_package/include/messages_package/msg/detail/item__functions.c
[13.438s] -- Installing: /home/sam/AST_Robot_Warehouse/install/messages_package/include/messages_package/msg/detail/coordinates__functions.h
[13.438s] -- Installing: /home/sam/AST_Robot_Warehouse/install/messages_package/include/messages_package/msg/detail/row__struct.h
[13.438s] -- Installing: /home/sam/AST_Robot_Warehouse/install/messages_package/include/messages_package/msg/detail/robot_distance__struct.h
[13.438s] -- Installing: /home/sam/AST_Robot_Warehouse/install/messages_package/include/messages_package/msg/detail/map__struct.h
[13.438s] -- Up-to-date: /home/sam/AST_Robot_Warehouse/install/messages_package/share/messages_package/environment/library_path.sh
[13.439s] -- Installing: /home/sam/AST_Robot_Warehouse/install/messages_package/share/messages_package/environment/library_path.dsv
[13.439s] -- Installing: /home/sam/AST_Robot_Warehouse/install/messages_package/lib/libmessages_package__rosidl_generator_c.so
[13.439s] -- Set runtime path of "/home/sam/AST_Robot_Warehouse/install/messages_package/lib/libmessages_package__rosidl_generator_c.so" to ""
[13.439s] -- Up-to-date: /home/sam/AST_Robot_Warehouse/install/messages_package/include/messages_package
[13.439s] -- Up-to-date: /home/sam/AST_Robot_Warehouse/install/messages_package/include/messages_package/action
[13.439s] -- Up-to-date: /home/sam/AST_Robot_Warehouse/install/messages_package/include/messages_package/action/detail
[13.439s] -- Installing: /home/sam/AST_Robot_Warehouse/install/messages_package/include/messages_package/action/detail/order__rosidl_typesupport_fastrtps_c.h
[13.440s] -- Installing: /home/sam/AST_Robot_Warehouse/install/messages_package/include/messages_package/action/detail/charge_robot__rosidl_typesupport_fastrtps_c.h
[13.440s] -- Installing: /home/sam/AST_Robot_Warehouse/install/messages_package/include/messages_package/action/detail/move_item__rosidl_typesupport_fastrtps_c.h
[13.440s] -- Up-to-date: /home/sam/AST_Robot_Warehouse/install/messages_package/include/messages_package/srv
[13.440s] -- Up-to-date: /home/sam/AST_Robot_Warehouse/install/messages_package/include/messages_package/srv/detail
[13.440s] -- Installing: /home/sam/AST_Robot_Warehouse/install/messages_package/include/messages_package/srv/detail/put_down_item__rosidl_typesupport_fastrtps_c.h
[13.440s] -- Installing: /home/sam/AST_Robot_Warehouse/install/messages_package/include/messages_package/srv/detail/pick_up_item__rosidl_typesupport_fastrtps_c.h
[13.440s] -- Installing: /home/sam/AST_Robot_Warehouse/install/messages_package/include/messages_package/srv/detail/delivery__rosidl_typesupport_fastrtps_c.h
[13.440s] -- Up-to-date: /home/sam/AST_Robot_Warehouse/install/messages_package/include/messages_package/msg
[13.440s] -- Up-to-date: /home/sam/AST_Robot_Warehouse/install/messages_package/include/messages_package/msg/rosidl_typesupport_fastrtps_c__visibility_control.h
[13.440s] -- Up-to-date: /home/sam/AST_Robot_Warehouse/install/messages_package/include/messages_package/msg/detail
[13.440s] -- Installing: /home/sam/AST_Robot_Warehouse/install/messages_package/include/messages_package/msg/detail/robot_distance__rosidl_typesupport_fastrtps_c.h
[13.440s] -- Installing: /home/sam/AST_Robot_Warehouse/install/messages_package/include/messages_package/msg/detail/coordinates__rosidl_typesupport_fastrtps_c.h
[13.441s] -- Installing: /home/sam/AST_Robot_Warehouse/install/messages_package/include/messages_package/msg/detail/robot_location__rosidl_typesupport_fastrtps_c.h
[13.441s] -- Installing: /home/sam/AST_Robot_Warehouse/install/messages_package/include/messages_package/msg/detail/item__rosidl_typesupport_fastrtps_c.h
[13.441s] -- Installing: /home/sam/AST_Robot_Warehouse/install/messages_package/include/messages_package/msg/detail/robot_state__rosidl_typesupport_fastrtps_c.h
[13.441s] -- Installing: /home/sam/AST_Robot_Warehouse/install/messages_package/include/messages_package/msg/detail/delivery__rosidl_typesupport_fastrtps_c.h
[13.441s] -- Installing: /home/sam/AST_Robot_Warehouse/install/messages_package/include/messages_package/msg/detail/row__rosidl_typesupport_fastrtps_c.h
[13.441s] -- Installing: /home/sam/AST_Robot_Warehouse/install/messages_package/include/messages_package/msg/detail/map__rosidl_typesupport_fastrtps_c.h
[13.442s] -- Installing: /home/sam/AST_Robot_Warehouse/install/messages_package/lib/libmessages_package__rosidl_typesupport_fastrtps_c.so
[13.442s] -- Set runtime path of "/home/sam/AST_Robot_Warehouse/install/messages_package/lib/libmessages_package__rosidl_typesupport_fastrtps_c.so" to ""
[13.442s] -- Up-to-date: /home/sam/AST_Robot_Warehouse/install/messages_package/include/messages_package
[13.442s] -- Up-to-date: /home/sam/AST_Robot_Warehouse/install/messages_package/include/messages_package/action
[13.442s] -- Up-to-date: /home/sam/AST_Robot_Warehouse/install/messages_package/include/messages_package/action/detail
[13.443s] -- Installing: /home/sam/AST_Robot_Warehouse/install/messages_package/include/messages_package/action/detail/order__rosidl_typesupport_fastrtps_cpp.hpp
[13.443s] -- Installing: /home/sam/AST_Robot_Warehouse/install/messages_package/include/messages_package/action/detail/charge_robot__rosidl_typesupport_fastrtps_cpp.hpp
[13.443s] -- Up-to-date: /home/sam/AST_Robot_Warehouse/install/messages_package/include/messages_package/action/detail/dds_fastrtps
[13.443s] -- Installing: /home/sam/AST_Robot_Warehouse/install/messages_package/include/messages_package/action/detail/move_item__rosidl_typesupport_fastrtps_cpp.hpp
[13.443s] -- Up-to-date: /home/sam/AST_Robot_Warehouse/install/messages_package/include/messages_package/srv
[13.444s] -- Up-to-date: /home/sam/AST_Robot_Warehouse/install/messages_package/include/messages_package/srv/detail
[13.444s] -- Installing: /home/sam/AST_Robot_Warehouse/install/messages_package/include/messages_package/srv/detail/pick_up_item__rosidl_typesupport_fastrtps_cpp.hpp
[13.444s] -- Installing: /home/sam/AST_Robot_Warehouse/install/messages_package/include/messages_package/srv/detail/put_down_item__rosidl_typesupport_fastrtps_cpp.hpp
[13.444s] -- Up-to-date: /home/sam/AST_Robot_Warehouse/install/messages_package/include/messages_package/srv/detail/dds_fastrtps
[13.444s] -- Installing: /home/sam/AST_Robot_Warehouse/install/messages_package/include/messages_package/srv/detail/delivery__rosidl_typesupport_fastrtps_cpp.hpp
[13.444s] -- Up-to-date: /home/sam/AST_Robot_Warehouse/install/messages_package/include/messages_package/msg
[13.444s] -- Up-to-date: /home/sam/AST_Robot_Warehouse/install/messages_package/include/messages_package/msg/rosidl_typesupport_fastrtps_cpp__visibility_control.h
[13.445s] -- Up-to-date: /home/sam/AST_Robot_Warehouse/install/messages_package/include/messages_package/msg/detail
[13.445s] -- Installing: /home/sam/AST_Robot_Warehouse/install/messages_package/include/messages_package/msg/detail/coordinates__rosidl_typesupport_fastrtps_cpp.hpp
[13.445s] -- Installing: /home/sam/AST_Robot_Warehouse/install/messages_package/include/messages_package/msg/detail/map__rosidl_typesupport_fastrtps_cpp.hpp
[13.445s] -- Installing: /home/sam/AST_Robot_Warehouse/install/messages_package/include/messages_package/msg/detail/row__rosidl_typesupport_fastrtps_cpp.hpp
[13.445s] -- Installing: /home/sam/AST_Robot_Warehouse/install/messages_package/include/messages_package/msg/detail/item__rosidl_typesupport_fastrtps_cpp.hpp
[13.445s] -- Up-to-date: /home/sam/AST_Robot_Warehouse/install/messages_package/include/messages_package/msg/detail/dds_fastrtps
[13.445s] -- Installing: /home/sam/AST_Robot_Warehouse/install/messages_package/include/messages_package/msg/detail/robot_distance__rosidl_typesupport_fastrtps_cpp.hpp
[13.445s] -- Installing: /home/sam/AST_Robot_Warehouse/install/messages_package/include/messages_package/msg/detail/delivery__rosidl_typesupport_fastrtps_cpp.hpp
[13.445s] -- Installing: /home/sam/AST_Robot_Warehouse/install/messages_package/include/messages_package/msg/detail/robot_state__rosidl_typesupport_fastrtps_cpp.hpp
[13.446s] -- Installing: /home/sam/AST_Robot_Warehouse/install/messages_package/include/messages_package/msg/detail/robot_location__rosidl_typesupport_fastrtps_cpp.hpp
[13.446s] -- Installing: /home/sam/AST_Robot_Warehouse/install/messages_package/lib/libmessages_package__rosidl_typesupport_fastrtps_cpp.so
[13.446s] -- Set runtime path of "/home/sam/AST_Robot_Warehouse/install/messages_package/lib/libmessages_package__rosidl_typesupport_fastrtps_cpp.so" to ""
[13.446s] -- Up-to-date: /home/sam/AST_Robot_Warehouse/install/messages_package/include/messages_package
[13.446s] -- Up-to-date: /home/sam/AST_Robot_Warehouse/install/messages_package/include/messages_package/action
[13.446s] -- Up-to-date: /home/sam/AST_Robot_Warehouse/install/messages_package/include/messages_package/action/detail
[13.446s] -- Installing: /home/sam/AST_Robot_Warehouse/install/messages_package/include/messages_package/action/detail/charge_robot__rosidl_typesupport_introspection_c.h
[13.446s] -- Installing: /home/sam/AST_Robot_Warehouse/install/messages_package/include/messages_package/action/detail/charge_robot__type_support.c
[13.446s] -- Installing: /home/sam/AST_Robot_Warehouse/install/messages_package/include/messages_package/action/detail/move_item__type_support.c
[13.447s] -- Installing: /home/sam/AST_Robot_Warehouse/install/messages_package/include/messages_package/action/detail/move_item__rosidl_typesupport_introspection_c.h
[13.447s] -- Installing: /home/sam/AST_Robot_Warehouse/install/messages_package/include/messages_package/action/detail/order__rosidl_typesupport_introspection_c.h
[13.447s] -- Installing: /home/sam/AST_Robot_Warehouse/install/messages_package/include/messages_package/action/detail/order__type_support.c
[13.447s] -- Up-to-date: /home/sam/AST_Robot_Warehouse/install/messages_package/include/messages_package/srv
[13.447s] -- Up-to-date: /home/sam/AST_Robot_Warehouse/install/messages_package/include/messages_package/srv/detail
[13.447s] -- Installing: /home/sam/AST_Robot_Warehouse/install/messages_package/include/messages_package/srv/detail/delivery__rosidl_typesupport_introspection_c.h
[13.447s] -- Installing: /home/sam/AST_Robot_Warehouse/install/messages_package/include/messages_package/srv/detail/delivery__type_support.c
[13.447s] -- Installing: /home/sam/AST_Robot_Warehouse/install/messages_package/include/messages_package/srv/detail/pick_up_item__rosidl_typesupport_introspection_c.h
[13.447s] -- Installing: /home/sam/AST_Robot_Warehouse/install/messages_package/include/messages_package/srv/detail/pick_up_item__type_support.c
[13.448s] -- Installing: /home/sam/AST_Robot_Warehouse/install/messages_package/include/messages_package/srv/detail/put_down_item__rosidl_typesupport_introspection_c.h
[13.448s] -- Installing: /home/sam/AST_Robot_Warehouse/install/messages_package/include/messages_package/srv/detail/put_down_item__type_support.c
[13.448s] -- Up-to-date: /home/sam/AST_Robot_Warehouse/install/messages_package/include/messages_package/msg
[13.448s] -- Up-to-date: /home/sam/AST_Robot_Warehouse/install/messages_package/include/messages_package/msg/rosidl_typesupport_introspection_c__visibility_control.h
[13.448s] -- Up-to-date: /home/sam/AST_Robot_Warehouse/install/messages_package/include/messages_package/msg/detail
[13.448s] -- Installing: /home/sam/AST_Robot_Warehouse/install/messages_package/include/messages_package/msg/detail/map__rosidl_typesupport_introspection_c.h
[13.448s] -- Installing: /home/sam/AST_Robot_Warehouse/install/messages_package/include/messages_package/msg/detail/robot_distance__rosidl_typesupport_introspection_c.h
[13.448s] -- Installing: /home/sam/AST_Robot_Warehouse/install/messages_package/include/messages_package/msg/detail/coordinates__rosidl_typesupport_introspection_c.h
[13.448s] -- Installing: /home/sam/AST_Robot_Warehouse/install/messages_package/include/messages_package/msg/detail/robot_distance__type_support.c
[13.449s] -- Installing: /home/sam/AST_Robot_Warehouse/install/messages_package/include/messages_package/msg/detail/delivery__rosidl_typesupport_introspection_c.h
[13.449s] -- Installing: /home/sam/AST_Robot_Warehouse/install/messages_package/include/messages_package/msg/detail/delivery__type_support.c
[13.449s] -- Installing: /home/sam/AST_Robot_Warehouse/install/messages_package/include/messages_package/msg/detail/item__type_support.c
[13.449s] -- Installing: /home/sam/AST_Robot_Warehouse/install/messages_package/include/messages_package/msg/detail/robot_state__type_support.c
[13.449s] -- Installing: /home/sam/AST_Robot_Warehouse/install/messages_package/include/messages_package/msg/detail/robot_location__rosidl_typesupport_introspection_c.h
[13.449s] -- Installing: /home/sam/AST_Robot_Warehouse/install/messages_package/include/messages_package/msg/detail/robot_state__rosidl_typesupport_introspection_c.h
[13.449s] -- Installing: /home/sam/AST_Robot_Warehouse/install/messages_package/include/messages_package/msg/detail/coordinates__type_support.c
[13.449s] -- Installing: /home/sam/AST_Robot_Warehouse/install/messages_package/include/messages_package/msg/detail/row__rosidl_typesupport_introspection_c.h
[13.449s] -- Installing: /home/sam/AST_Robot_Warehouse/install/messages_package/include/messages_package/msg/detail/item__rosidl_typesupport_introspection_c.h
[13.450s] -- Installing: /home/sam/AST_Robot_Warehouse/install/messages_package/include/messages_package/msg/detail/map__type_support.c
[13.450s] -- Installing: /home/sam/AST_Robot_Warehouse/install/messages_package/include/messages_package/msg/detail/robot_location__type_support.c
[13.450s] -- Installing: /home/sam/AST_Robot_Warehouse/install/messages_package/include/messages_package/msg/detail/row__type_support.c
[13.450s] -- Installing: /home/sam/AST_Robot_Warehouse/install/messages_package/lib/libmessages_package__rosidl_typesupport_introspection_c.so
[13.450s] -- Set runtime path of "/home/sam/AST_Robot_Warehouse/install/messages_package/lib/libmessages_package__rosidl_typesupport_introspection_c.so" to ""
[13.450s] -- Installing: /home/sam/AST_Robot_Warehouse/install/messages_package/lib/libmessages_package__rosidl_typesupport_c.so
[13.451s] -- Set runtime path of "/home/sam/AST_Robot_Warehouse/install/messages_package/lib/libmessages_package__rosidl_typesupport_c.so" to ""
[13.451s] -- Up-to-date: /home/sam/AST_Robot_Warehouse/install/messages_package/include/messages_package
[13.451s] -- Up-to-date: /home/sam/AST_Robot_Warehouse/install/messages_package/include/messages_package/action
[13.451s] -- Installing: /home/sam/AST_Robot_Warehouse/install/messages_package/include/messages_package/action/charge_robot.hpp
[13.451s] -- Installing: /home/sam/AST_Robot_Warehouse/install/messages_package/include/messages_package/action/order.hpp
[13.451s] -- Installing: /home/sam/AST_Robot_Warehouse/install/messages_package/include/messages_package/action/move_item.hpp
[13.451s] -- Up-to-date: /home/sam/AST_Robot_Warehouse/install/messages_package/include/messages_package/action/detail
[13.451s] -- Installing: /home/sam/AST_Robot_Warehouse/install/messages_package/include/messages_package/action/detail/order__struct.hpp
[13.451s] -- Installing: /home/sam/AST_Robot_Warehouse/install/messages_package/include/messages_package/action/detail/charge_robot__struct.hpp
[13.451s] -- Installing: /home/sam/AST_Robot_Warehouse/install/messages_package/include/messages_package/action/detail/charge_robot__builder.hpp
[13.451s] -- Installing: /home/sam/AST_Robot_Warehouse/install/messages_package/include/messages_package/action/detail/charge_robot__traits.hpp
[13.452s] -- Installing: /home/sam/AST_Robot_Warehouse/install/messages_package/include/messages_package/action/detail/move_item__traits.hpp
[13.452s] -- Installing: /home/sam/AST_Robot_Warehouse/install/messages_package/include/messages_package/action/detail/order__traits.hpp
[13.452s] -- Installing: /home/sam/AST_Robot_Warehouse/install/messages_package/include/messages_package/action/detail/move_item__builder.hpp
[13.452s] -- Installing: /home/sam/AST_Robot_Warehouse/install/messages_package/include/messages_package/action/detail/move_item__struct.hpp
[13.452s] -- Installing: /home/sam/AST_Robot_Warehouse/install/messages_package/include/messages_package/action/detail/order__builder.hpp
[13.452s] -- Up-to-date: /home/sam/AST_Robot_Warehouse/install/messages_package/include/messages_package/srv
[13.452s] -- Installing: /home/sam/AST_Robot_Warehouse/install/messages_package/include/messages_package/srv/pick_up_item.hpp
[13.452s] -- Installing: /home/sam/AST_Robot_Warehouse/install/messages_package/include/messages_package/srv/delivery.hpp
[13.452s] -- Up-to-date: /home/sam/AST_Robot_Warehouse/install/messages_package/include/messages_package/srv/detail
[13.452s] -- Installing: /home/sam/AST_Robot_Warehouse/install/messages_package/include/messages_package/srv/detail/pick_up_item__traits.hpp
[13.453s] -- Installing: /home/sam/AST_Robot_Warehouse/install/messages_package/include/messages_package/srv/detail/delivery__struct.hpp
[13.453s] -- Installing: /home/sam/AST_Robot_Warehouse/install/messages_package/include/messages_package/srv/detail/delivery__builder.hpp
[13.453s] -- Installing: /home/sam/AST_Robot_Warehouse/install/messages_package/include/messages_package/srv/detail/pick_up_item__builder.hpp
[13.453s] -- Installing: /home/sam/AST_Robot_Warehouse/install/messages_package/include/messages_package/srv/detail/put_down_item__traits.hpp
[13.453s] -- Installing: /home/sam/AST_Robot_Warehouse/install/messages_package/include/messages_package/srv/detail/put_down_item__builder.hpp
[13.453s] -- Installing: /home/sam/AST_Robot_Warehouse/install/messages_package/include/messages_package/srv/detail/delivery__traits.hpp
[13.453s] -- Installing: /home/sam/AST_Robot_Warehouse/install/messages_package/include/messages_package/srv/detail/put_down_item__struct.hpp
[13.453s] -- Installing: /home/sam/AST_Robot_Warehouse/install/messages_package/include/messages_package/srv/detail/pick_up_item__struct.hpp
[13.453s] -- Installing: /home/sam/AST_Robot_Warehouse/install/messages_package/include/messages_package/srv/put_down_item.hpp
[13.453s] -- Up-to-date: /home/sam/AST_Robot_Warehouse/install/messages_package/include/messages_package/msg
[13.454s] -- Installing: /home/sam/AST_Robot_Warehouse/install/messages_package/include/messages_package/msg/robot_location.hpp
[13.454s] -- Installing: /home/sam/AST_Robot_Warehouse/install/messages_package/include/messages_package/msg/map.hpp
[13.454s] -- Installing: /home/sam/AST_Robot_Warehouse/install/messages_package/include/messages_package/msg/item.hpp
[13.454s] -- Installing: /home/sam/AST_Robot_Warehouse/install/messages_package/include/messages_package/msg/delivery.hpp
[13.454s] -- Installing: /home/sam/AST_Robot_Warehouse/install/messages_package/include/messages_package/msg/robot_distance.hpp
[13.454s] -- Installing: /home/sam/AST_Robot_Warehouse/install/messages_package/include/messages_package/msg/coordinates.hpp
[13.454s] -- Up-to-date: /home/sam/AST_Robot_Warehouse/install/messages_package/include/messages_package/msg/detail
[13.454s] -- Installing: /home/sam/AST_Robot_Warehouse/install/messages_package/include/messages_package/msg/detail/item__traits.hpp
[13.455s] -- Installing: /home/sam/AST_Robot_Warehouse/install/messages_package/include/messages_package/msg/detail/robot_state__struct.hpp
[13.455s] -- Installing: /home/sam/AST_Robot_Warehouse/install/messages_package/include/messages_package/msg/detail/item__builder.hpp
[13.455s] -- Installing: /home/sam/AST_Robot_Warehouse/install/messages_package/include/messages_package/msg/detail/coordinates__builder.hpp
[13.455s] -- Installing: /home/sam/AST_Robot_Warehouse/install/messages_package/include/messages_package/msg/detail/row__traits.hpp
[13.455s] -- Installing: /home/sam/AST_Robot_Warehouse/install/messages_package/include/messages_package/msg/detail/delivery__struct.hpp
[13.455s] -- Installing: /home/sam/AST_Robot_Warehouse/install/messages_package/include/messages_package/msg/detail/robot_distance__struct.hpp
[13.455s] -- Installing: /home/sam/AST_Robot_Warehouse/install/messages_package/include/messages_package/msg/detail/row__builder.hpp
[13.455s] -- Installing: /home/sam/AST_Robot_Warehouse/install/messages_package/include/messages_package/msg/detail/robot_state__traits.hpp
[13.455s] -- Installing: /home/sam/AST_Robot_Warehouse/install/messages_package/include/messages_package/msg/detail/map__traits.hpp
[13.455s] -- Installing: /home/sam/AST_Robot_Warehouse/install/messages_package/include/messages_package/msg/detail/robot_location__traits.hpp
[13.455s] -- Installing: /home/sam/AST_Robot_Warehouse/install/messages_package/include/messages_package/msg/detail/delivery__builder.hpp
[13.456s] -- Installing: /home/sam/AST_Robot_Warehouse/install/messages_package/include/messages_package/msg/detail/map__struct.hpp
[13.456s] -- Installing: /home/sam/AST_Robot_Warehouse/install/messages_package/include/messages_package/msg/detail/coordinates__struct.hpp
[13.456s] -- Installing: /home/sam/AST_Robot_Warehouse/install/messages_package/include/messages_package/msg/detail/row__struct.hpp
[13.456s] -- Installing: /home/sam/AST_Robot_Warehouse/install/messages_package/include/messages_package/msg/detail/coordinates__traits.hpp
[13.456s] -- Installing: /home/sam/AST_Robot_Warehouse/install/messages_package/include/messages_package/msg/detail/robot_location__struct.hpp
[13.456s] -- Installing: /home/sam/AST_Robot_Warehouse/install/messages_package/include/messages_package/msg/detail/robot_distance__traits.hpp
[13.456s] -- Installing: /home/sam/AST_Robot_Warehouse/install/messages_package/include/messages_package/msg/detail/robot_state__builder.hpp
[13.456s] -- Installing: /home/sam/AST_Robot_Warehouse/install/messages_package/include/messages_package/msg/detail/item__struct.hpp
[13.456s] -- Installing: /home/sam/AST_Robot_Warehouse/install/messages_package/include/messages_package/msg/detail/delivery__traits.hpp
[13.456s] -- Installing: /home/sam/AST_Robot_Warehouse/install/messages_package/include/messages_package/msg/detail/robot_distance__builder.hpp
[13.457s] -- Installing: /home/sam/AST_Robot_Warehouse/install/messages_package/include/messages_package/msg/detail/map__builder.hpp
[13.457s] -- Installing: /home/sam/AST_Robot_Warehouse/install/messages_package/include/messages_package/msg/detail/robot_location__builder.hpp
[13.457s] -- Installing: /home/sam/AST_Robot_Warehouse/install/messages_package/include/messages_package/msg/row.hpp
[13.457s] -- Installing: /home/sam/AST_Robot_Warehouse/install/messages_package/include/messages_package/msg/robot_state.hpp
[13.457s] -- Up-to-date: /home/sam/AST_Robot_Warehouse/install/messages_package/include/messages_package
[13.457s] -- Up-to-date: /home/sam/AST_Robot_Warehouse/install/messages_package/include/messages_package/action
[13.457s] -- Up-to-date: /home/sam/AST_Robot_Warehouse/install/messages_package/include/messages_package/action/detail
[13.457s] -- Installing: /home/sam/AST_Robot_Warehouse/install/messages_package/include/messages_package/action/detail/order__rosidl_typesupport_introspection_cpp.hpp
[13.457s] -- Installing: /home/sam/AST_Robot_Warehouse/install/messages_package/include/messages_package/action/detail/charge_robot__rosidl_typesupport_introspection_cpp.hpp
[13.457s] -- Installing: /home/sam/AST_Robot_Warehouse/install/messages_package/include/messages_package/action/detail/charge_robot__type_support.cpp
[13.458s] -- Installing: /home/sam/AST_Robot_Warehouse/install/messages_package/include/messages_package/action/detail/move_item__rosidl_typesupport_introspection_cpp.hpp
[13.458s] -- Installing: /home/sam/AST_Robot_Warehouse/install/messages_package/include/messages_package/action/detail/order__type_support.cpp
[13.458s] -- Installing: /home/sam/AST_Robot_Warehouse/install/messages_package/include/messages_package/action/detail/move_item__type_support.cpp
[13.458s] -- Up-to-date: /home/sam/AST_Robot_Warehouse/install/messages_package/include/messages_package/srv
[13.458s] -- Up-to-date: /home/sam/AST_Robot_Warehouse/install/messages_package/include/messages_package/srv/detail
[13.458s] -- Installing: /home/sam/AST_Robot_Warehouse/install/messages_package/include/messages_package/srv/detail/put_down_item__rosidl_typesupport_introspection_cpp.hpp
[13.458s] -- Installing: /home/sam/AST_Robot_Warehouse/install/messages_package/include/messages_package/srv/detail/delivery__type_support.cpp
[13.458s] -- Installing: /home/sam/AST_Robot_Warehouse/install/messages_package/include/messages_package/srv/detail/pick_up_item__rosidl_typesupport_introspection_cpp.hpp
[13.458s] -- Installing: /home/sam/AST_Robot_Warehouse/install/messages_package/include/messages_package/srv/detail/pick_up_item__type_support.cpp
[13.459s] -- Installing: /home/sam/AST_Robot_Warehouse/install/messages_package/include/messages_package/srv/detail/put_down_item__type_support.cpp
[13.459s] -- Installing: /home/sam/AST_Robot_Warehouse/install/messages_package/include/messages_package/srv/detail/delivery__rosidl_typesupport_introspection_cpp.hpp
[13.459s] -- Up-to-date: /home/sam/AST_Robot_Warehouse/install/messages_package/include/messages_package/msg
[13.459s] -- Up-to-date: /home/sam/AST_Robot_Warehouse/install/messages_package/include/messages_package/msg/detail
[13.459s] -- Installing: /home/sam/AST_Robot_Warehouse/install/messages_package/include/messages_package/msg/detail/robot_state__type_support.cpp
[13.459s] -- Installing: /home/sam/AST_Robot_Warehouse/install/messages_package/include/messages_package/msg/detail/coordinates__type_support.cpp
[13.459s] -- Installing: /home/sam/AST_Robot_Warehouse/install/messages_package/include/messages_package/msg/detail/row__rosidl_typesupport_introspection_cpp.hpp
[13.459s] -- Installing: /home/sam/AST_Robot_Warehouse/install/messages_package/include/messages_package/msg/detail/robot_distance__rosidl_typesupport_introspection_cpp.hpp
[13.459s] -- Installing: /home/sam/AST_Robot_Warehouse/install/messages_package/include/messages_package/msg/detail/robot_distance__type_support.cpp
[13.459s] -- Installing: /home/sam/AST_Robot_Warehouse/install/messages_package/include/messages_package/msg/detail/delivery__type_support.cpp
[13.459s] -- Installing: /home/sam/AST_Robot_Warehouse/install/messages_package/include/messages_package/msg/detail/map__type_support.cpp
[13.460s] -- Installing: /home/sam/AST_Robot_Warehouse/install/messages_package/include/messages_package/msg/detail/coordinates__rosidl_typesupport_introspection_cpp.hpp
[13.460s] -- Installing: /home/sam/AST_Robot_Warehouse/install/messages_package/include/messages_package/msg/detail/row__type_support.cpp
[13.460s] -- Installing: /home/sam/AST_Robot_Warehouse/install/messages_package/include/messages_package/msg/detail/robot_state__rosidl_typesupport_introspection_cpp.hpp
[13.460s] -- Installing: /home/sam/AST_Robot_Warehouse/install/messages_package/include/messages_package/msg/detail/item__rosidl_typesupport_introspection_cpp.hpp
[13.460s] -- Installing: /home/sam/AST_Robot_Warehouse/install/messages_package/include/messages_package/msg/detail/robot_location__rosidl_typesupport_introspection_cpp.hpp
[13.460s] -- Installing: /home/sam/AST_Robot_Warehouse/install/messages_package/include/messages_package/msg/detail/robot_location__type_support.cpp
[13.460s] -- Installing: /home/sam/AST_Robot_Warehouse/install/messages_package/include/messages_package/msg/detail/item__type_support.cpp
[13.460s] -- Installing: /home/sam/AST_Robot_Warehouse/install/messages_package/include/messages_package/msg/detail/delivery__rosidl_typesupport_introspection_cpp.hpp
[13.460s] -- Installing: /home/sam/AST_Robot_Warehouse/install/messages_package/include/messages_package/msg/detail/map__rosidl_typesupport_introspection_cpp.hpp
[13.461s] -- Installing: /home/sam/AST_Robot_Warehouse/install/messages_package/lib/libmessages_package__rosidl_typesupport_introspection_cpp.so
[13.461s] -- Set runtime path of "/home/sam/AST_Robot_Warehouse/install/messages_package/lib/libmessages_package__rosidl_typesupport_introspection_cpp.so" to ""
[13.461s] -- Installing: /home/sam/AST_Robot_Warehouse/install/messages_package/lib/libmessages_package__rosidl_typesupport_cpp.so
[13.462s] -- Set runtime path of "/home/sam/AST_Robot_Warehouse/install/messages_package/lib/libmessages_package__rosidl_typesupport_cpp.so" to ""
[13.462s] -- Up-to-date: /home/sam/AST_Robot_Warehouse/install/messages_package/share/messages_package/environment/pythonpath.sh
[13.462s] -- Installing: /home/sam/AST_Robot_Warehouse/install/messages_package/share/messages_package/environment/pythonpath.dsv
[13.462s] -- Installing: /home/sam/AST_Robot_Warehouse/install/messages_package/lib/python3.8/site-packages/messages_package/__init__.py
[13.492s] Compiling '/home/sam/AST_Robot_Warehouse/install/messages_package/lib/python3.8/site-packages/messages_package/__init__.py'...
[13.495s] -- Up-to-date: /home/sam/AST_Robot_Warehouse/install/messages_package/lib/python3.8/site-packages/messages_package/msg
[13.495s] -- Installing: /home/sam/AST_Robot_Warehouse/install/messages_package/lib/python3.8/site-packages/messages_package/msg/__init__.py
[13.495s] -- Installing: /home/sam/AST_Robot_Warehouse/install/messages_package/lib/python3.8/site-packages/messages_package/msg/_robot_location_s.c
[13.495s] -- Installing: /home/sam/AST_Robot_Warehouse/install/messages_package/lib/python3.8/site-packages/messages_package/msg/_row.py
[13.495s] -- Installing: /home/sam/AST_Robot_Warehouse/install/messages_package/lib/python3.8/site-packages/messages_package/msg/_coordinates.py
[13.495s] -- Installing: /home/sam/AST_Robot_Warehouse/install/messages_package/lib/python3.8/site-packages/messages_package/msg/_coordinates_s.c
[13.495s] -- Installing: /home/sam/AST_Robot_Warehouse/install/messages_package/lib/python3.8/site-packages/messages_package/msg/_row_s.c
[13.496s] -- Installing: /home/sam/AST_Robot_Warehouse/install/messages_package/lib/python3.8/site-packages/messages_package/msg/_robot_distance_s.c
[13.496s] -- Installing: /home/sam/AST_Robot_Warehouse/install/messages_package/lib/python3.8/site-packages/messages_package/msg/_robot_state_s.c
[13.496s] -- Installing: /home/sam/AST_Robot_Warehouse/install/messages_package/lib/python3.8/site-packages/messages_package/msg/_item.py
[13.496s] -- Installing: /home/sam/AST_Robot_Warehouse/install/messages_package/lib/python3.8/site-packages/messages_package/msg/_robot_distance.py
[13.496s] -- Installing: /home/sam/AST_Robot_Warehouse/install/messages_package/lib/python3.8/site-packages/messages_package/msg/_delivery.py
[13.496s] -- Installing: /home/sam/AST_Robot_Warehouse/install/messages_package/lib/python3.8/site-packages/messages_package/msg/_robot_location.py
[13.496s] -- Installing: /home/sam/AST_Robot_Warehouse/install/messages_package/lib/python3.8/site-packages/messages_package/msg/_item_s.c
[13.496s] -- Installing: /home/sam/AST_Robot_Warehouse/install/messages_package/lib/python3.8/site-packages/messages_package/msg/_map_s.c
[13.496s] -- Installing: /home/sam/AST_Robot_Warehouse/install/messages_package/lib/python3.8/site-packages/messages_package/msg/_robot_state.py
[13.496s] -- Installing: /home/sam/AST_Robot_Warehouse/install/messages_package/lib/python3.8/site-packages/messages_package/msg/_delivery_s.c
[13.496s] -- Installing: /home/sam/AST_Robot_Warehouse/install/messages_package/lib/python3.8/site-packages/messages_package/msg/_map.py
[13.497s] -- Up-to-date: /home/sam/AST_Robot_Warehouse/install/messages_package/lib/python3.8/site-packages/messages_package/srv
[13.497s] -- Installing: /home/sam/AST_Robot_Warehouse/install/messages_package/lib/python3.8/site-packages/messages_package/srv/__init__.py
[13.497s] -- Installing: /home/sam/AST_Robot_Warehouse/install/messages_package/lib/python3.8/site-packages/messages_package/srv/_put_down_item_s.c
[13.497s] -- Installing: /home/sam/AST_Robot_Warehouse/install/messages_package/lib/python3.8/site-packages/messages_package/srv/_delivery.py
[13.497s] -- Installing: /home/sam/AST_Robot_Warehouse/install/messages_package/lib/python3.8/site-packages/messages_package/srv/_put_down_item.py
[13.497s] -- Installing: /home/sam/AST_Robot_Warehouse/install/messages_package/lib/python3.8/site-packages/messages_package/srv/_pick_up_item.py
[13.497s] -- Installing: /home/sam/AST_Robot_Warehouse/install/messages_package/lib/python3.8/site-packages/messages_package/srv/_pick_up_item_s.c
[13.497s] -- Installing: /home/sam/AST_Robot_Warehouse/install/messages_package/lib/python3.8/site-packages/messages_package/srv/_delivery_s.c
[13.497s] -- Up-to-date: /home/sam/AST_Robot_Warehouse/install/messages_package/lib/python3.8/site-packages/messages_package/action
[13.497s] -- Installing: /home/sam/AST_Robot_Warehouse/install/messages_package/lib/python3.8/site-packages/messages_package/action/__init__.py
[13.498s] -- Installing: /home/sam/AST_Robot_Warehouse/install/messages_package/lib/python3.8/site-packages/messages_package/action/_order_s.c
[13.498s] -- Installing: /home/sam/AST_Robot_Warehouse/install/messages_package/lib/python3.8/site-packages/messages_package/action/_charge_robot_s.c
[13.498s] -- Installing: /home/sam/AST_Robot_Warehouse/install/messages_package/lib/python3.8/site-packages/messages_package/action/_move_item.py
[13.498s] -- Installing: /home/sam/AST_Robot_Warehouse/install/messages_package/lib/python3.8/site-packages/messages_package/action/_move_item_s.c
[13.498s] -- Installing: /home/sam/AST_Robot_Warehouse/install/messages_package/lib/python3.8/site-packages/messages_package/action/_order.py
[13.498s] -- Installing: /home/sam/AST_Robot_Warehouse/install/messages_package/lib/python3.8/site-packages/messages_package/action/_charge_robot.py
[13.499s] -- Installing: /home/sam/AST_Robot_Warehouse/install/messages_package/lib/python3.8/site-packages/messages_package/messages_package_s__rosidl_typesupport_fastrtps_c.cpython-38-x86_64-linux-gnu.so
[13.500s] -- Set runtime path of "/home/sam/AST_Robot_Warehouse/install/messages_package/lib/python3.8/site-packages/messages_package/messages_package_s__rosidl_typesupport_fastrtps_c.cpython-38-x86_64-linux-gnu.so" to ""
[13.500s] -- Installing: /home/sam/AST_Robot_Warehouse/install/messages_package/lib/python3.8/site-packages/messages_package/messages_package_s__rosidl_typesupport_introspection_c.cpython-38-x86_64-linux-gnu.so
[13.501s] -- Set runtime path of "/home/sam/AST_Robot_Warehouse/install/messages_package/lib/python3.8/site-packages/messages_package/messages_package_s__rosidl_typesupport_introspection_c.cpython-38-x86_64-linux-gnu.so" to ""
[13.501s] -- Installing: /home/sam/AST_Robot_Warehouse/install/messages_package/lib/python3.8/site-packages/messages_package/messages_package_s__rosidl_typesupport_c.cpython-38-x86_64-linux-gnu.so
[13.502s] -- Set runtime path of "/home/sam/AST_Robot_Warehouse/install/messages_package/lib/python3.8/site-packages/messages_package/messages_package_s__rosidl_typesupport_c.cpython-38-x86_64-linux-gnu.so" to ""
[13.502s] -- Installing: /home/sam/AST_Robot_Warehouse/install/messages_package/lib/libmessages_package__python.so
[13.502s] -- Set runtime path of "/home/sam/AST_Robot_Warehouse/install/messages_package/lib/libmessages_package__python.so" to ""
[13.503s] -- Up-to-date: /home/sam/AST_Robot_Warehouse/install/messages_package/share/messages_package/msg/Coordinates.idl
[13.503s] -- Up-to-date: /home/sam/AST_Robot_Warehouse/install/messages_package/share/messages_package/msg/Delivery.idl
[13.503s] -- Up-to-date: /home/sam/AST_Robot_Warehouse/install/messages_package/share/messages_package/msg/Item.idl
[13.503s] -- Up-to-date: /home/sam/AST_Robot_Warehouse/install/messages_package/share/messages_package/msg/RobotDistance.idl
[13.504s] -- Up-to-date: /home/sam/AST_Robot_Warehouse/install/messages_package/share/messages_package/msg/RobotLocation.idl
[13.504s] -- Up-to-date: /home/sam/AST_Robot_Warehouse/install/messages_package/share/messages_package/msg/Map.idl
[13.504s] -- Up-to-date: /home/sam/AST_Robot_Warehouse/install/messages_package/share/messages_package/msg/Row.idl
[13.504s] -- Up-to-date: /home/sam/AST_Robot_Warehouse/install/messages_package/share/messages_package/msg/RobotState.idl
[13.504s] -- Up-to-date: /home/sam/AST_Robot_Warehouse/install/messages_package/share/messages_package/srv/Delivery.idl
[13.504s] -- Up-to-date: /home/sam/AST_Robot_Warehouse/install/messages_package/share/messages_package/srv/PickUpItem.idl
[13.504s] -- Up-to-date: /home/sam/AST_Robot_Warehouse/install/messages_package/share/messages_package/srv/PutDownItem.idl
[13.505s] -- Installing: /home/sam/AST_Robot_Warehouse/install/messages_package/share/messages_package/action/ChargeRobot.idl
[13.505s] -- Installing: /home/sam/AST_Robot_Warehouse/install/messages_package/share/messages_package/action/MoveItem.idl
[13.505s] -- Installing: /home/sam/AST_Robot_Warehouse/install/messages_package/share/messages_package/action/Order.idl
[13.505s] -- Up-to-date: /home/sam/AST_Robot_Warehouse/install/messages_package/share/messages_package/msg/Coordinates.msg
[13.505s] -- Up-to-date: /home/sam/AST_Robot_Warehouse/install/messages_package/share/messages_package/msg/Delivery.msg
[13.505s] -- Up-to-date: /home/sam/AST_Robot_Warehouse/install/messages_package/share/messages_package/msg/Item.msg
[13.505s] -- Up-to-date: /home/sam/AST_Robot_Warehouse/install/messages_package/share/messages_package/msg/RobotDistance.msg
[13.505s] -- Up-to-date: /home/sam/AST_Robot_Warehouse/install/messages_package/share/messages_package/msg/RobotLocation.msg
[13.505s] -- Up-to-date: /home/sam/AST_Robot_Warehouse/install/messages_package/share/messages_package/msg/Map.msg
[13.505s] -- Up-to-date: /home/sam/AST_Robot_Warehouse/install/messages_package/share/messages_package/msg/Row.msg
[13.505s] -- Up-to-date: /home/sam/AST_Robot_Warehouse/install/messages_package/share/messages_package/msg/RobotState.msg
[13.506s] -- Up-to-date: /home/sam/AST_Robot_Warehouse/install/messages_package/share/messages_package/srv/Delivery.srv
[13.506s] -- Up-to-date: /home/sam/AST_Robot_Warehouse/install/messages_package/share/messages_package/srv/Delivery_Request.msg
[13.506s] -- Up-to-date: /home/sam/AST_Robot_Warehouse/install/messages_package/share/messages_package/srv/Delivery_Response.msg
[13.506s] -- Up-to-date: /home/sam/AST_Robot_Warehouse/install/messages_package/share/messages_package/srv/PickUpItem.srv
[13.506s] -- Up-to-date: /home/sam/AST_Robot_Warehouse/install/messages_package/share/messages_package/srv/PickUpItem_Request.msg
[13.506s] -- Up-to-date: /home/sam/AST_Robot_Warehouse/install/messages_package/share/messages_package/srv/PickUpItem_Response.msg
[13.506s] -- Up-to-date: /home/sam/AST_Robot_Warehouse/install/messages_package/share/messages_package/srv/PutDownItem.srv
[13.506s] -- Up-to-date: /home/sam/AST_Robot_Warehouse/install/messages_package/share/messages_package/srv/PutDownItem_Request.msg
[13.507s] -- Up-to-date: /home/sam/AST_Robot_Warehouse/install/messages_package/share/messages_package/srv/PutDownItem_Response.msg
[13.507s] -- Installing: /home/sam/AST_Robot_Warehouse/install/messages_package/share/messages_package/action/ChargeRobot.action
[13.507s] -- Installing: /home/sam/AST_Robot_Warehouse/install/messages_package/share/messages_package/action/MoveItem.action
[13.507s] -- Installing: /home/sam/AST_Robot_Warehouse/install/messages_package/share/messages_package/action/Order.action
[13.507s] -- Up-to-date: /home/sam/AST_Robot_Warehouse/install/messages_package/share/ament_index/resource_index/package_run_dependencies/messages_package
[13.507s] -- Up-to-date: /home/sam/AST_Robot_Warehouse/install/messages_package/share/ament_index/resource_index/parent_prefix_path/messages_package
[13.507s] -- Up-to-date: /home/sam/AST_Robot_Warehouse/install/messages_package/share/messages_package/environment/ament_prefix_path.sh
[13.507s] -- Installing: /home/sam/AST_Robot_Warehouse/install/messages_package/share/messages_package/environment/ament_prefix_path.dsv
[13.507s] -- Up-to-date: /home/sam/AST_Robot_Warehouse/install/messages_package/share/messages_package/environment/path.sh
[13.507s] -- Installing: /home/sam/AST_Robot_Warehouse/install/messages_package/share/messages_package/environment/path.dsv
[13.507s] -- Up-to-date: /home/sam/AST_Robot_Warehouse/install/messages_package/share/messages_package/local_setup.bash
[13.507s] -- Up-to-date: /home/sam/AST_Robot_Warehouse/install/messages_package/share/messages_package/local_setup.sh
[13.508s] -- Up-to-date: /home/sam/AST_Robot_Warehouse/install/messages_package/share/messages_package/local_setup.zsh
[13.508s] -- Installing: /home/sam/AST_Robot_Warehouse/install/messages_package/share/messages_package/local_setup.dsv
[13.508s] -- Installing: /home/sam/AST_Robot_Warehouse/install/messages_package/share/messages_package/package.dsv
[13.508s] -- Up-to-date: /home/sam/AST_Robot_Warehouse/install/messages_package/share/ament_index/resource_index/packages/messages_package
[13.508s] -- Up-to-date: /home/sam/AST_Robot_Warehouse/install/messages_package/share/messages_package/cmake/messages_package__rosidl_generator_cExport.cmake
[13.508s] -- Installing: /home/sam/AST_Robot_Warehouse/install/messages_package/share/messages_package/cmake/messages_package__rosidl_generator_cExport-noconfig.cmake
[13.508s] -- Up-to-date: /home/sam/AST_Robot_Warehouse/install/messages_package/share/messages_package/cmake/messages_package__rosidl_typesupport_introspection_cExport.cmake
[13.508s] -- Installing: /home/sam/AST_Robot_Warehouse/install/messages_package/share/messages_package/cmake/messages_package__rosidl_typesupport_introspection_cExport-noconfig.cmake
[13.508s] -- Up-to-date: /home/sam/AST_Robot_Warehouse/install/messages_package/share/messages_package/cmake/messages_package__rosidl_typesupport_cExport.cmake
[13.508s] -- Installing: /home/sam/AST_Robot_Warehouse/install/messages_package/share/messages_package/cmake/messages_package__rosidl_typesupport_cExport-noconfig.cmake
[13.508s] -- Up-to-date: /home/sam/AST_Robot_Warehouse/install/messages_package/share/messages_package/cmake/messages_package__rosidl_generator_cppExport.cmake
[13.508s] -- Up-to-date: /home/sam/AST_Robot_Warehouse/install/messages_package/share/messages_package/cmake/messages_package__rosidl_typesupport_introspection_cppExport.cmake
[13.508s] -- Installing: /home/sam/AST_Robot_Warehouse/install/messages_package/share/messages_package/cmake/messages_package__rosidl_typesupport_introspection_cppExport-noconfig.cmake
[13.509s] -- Up-to-date: /home/sam/AST_Robot_Warehouse/install/messages_package/share/messages_package/cmake/messages_package__rosidl_typesupport_cppExport.cmake
[13.509s] -- Installing: /home/sam/AST_Robot_Warehouse/install/messages_package/share/messages_package/cmake/messages_package__rosidl_typesupport_cppExport-noconfig.cmake
[13.509s] -- Up-to-date: /home/sam/AST_Robot_Warehouse/install/messages_package/share/messages_package/cmake/rosidl_cmake-extras.cmake
[13.509s] -- Up-to-date: /home/sam/AST_Robot_Warehouse/install/messages_package/share/messages_package/cmake/ament_cmake_export_dependencies-extras.cmake
[13.509s] -- Up-to-date: /home/sam/AST_Robot_Warehouse/install/messages_package/share/messages_package/cmake/ament_cmake_export_libraries-extras.cmake
[13.509s] -- Up-to-date: /home/sam/AST_Robot_Warehouse/install/messages_package/share/messages_package/cmake/ament_cmake_export_targets-extras.cmake
[13.509s] -- Up-to-date: /home/sam/AST_Robot_Warehouse/install/messages_package/share/messages_package/cmake/ament_cmake_export_include_directories-extras.cmake
[13.509s] -- Up-to-date: /home/sam/AST_Robot_Warehouse/install/messages_package/share/messages_package/cmake/rosidl_cmake_export_typesupport_libraries-extras.cmake
[13.509s] -- Up-to-date: /home/sam/AST_Robot_Warehouse/install/messages_package/share/messages_package/cmake/rosidl_cmake_export_typesupport_targets-extras.cmake
[13.510s] -- Up-to-date: /home/sam/AST_Robot_Warehouse/install/messages_package/share/messages_package/cmake/messages_packageConfig.cmake
[13.510s] -- Up-to-date: /home/sam/AST_Robot_Warehouse/install/messages_package/share/messages_package/cmake/messages_packageConfig-version.cmake
[13.510s] -- Up-to-date: /home/sam/AST_Robot_Warehouse/install/messages_package/share/messages_package/package.xml
[13.513s] Invoked command in '/home/sam/AST_Robot_Warehouse/build/messages_package' returned '0': CMAKE_PREFIX_PATH=${CMAKE_PREFIX_PATH}:/home/sam/AST_Robot_Warehouse/install/warehouse_robot_package:/home/sam/AST_Robot_Warehouse/install/py_srvcli:/home/sam/AST_Robot_Warehouse/install/py_pubsub:/opt/ros/foxy /usr/bin/cmake --install /home/sam/AST_Robot_Warehouse/build/messages_package
