[0.627s] Invoking command in '/home/sam/AST_Robot_Warehouse/src/py_pubsub': PYTHONPATH=/home/sam/AST_Robot_Warehouse/install/py_pubsub/lib/python3.8/site-packages:${PYTHONPATH} /usr/bin/python3 setup.py egg_info --egg-base ../../build/py_pubsub build --build-base /home/sam/AST_Robot_Warehouse/build/py_pubsub/build install --prefix /home/sam/AST_Robot_Warehouse/install/py_pubsub --record /home/sam/AST_Robot_Warehouse/build/py_pubsub/install.log --single-version-externally-managed
[0.938s] running egg_info
[0.939s] writing ../../build/py_pubsub/py_pubsub.egg-info/PKG-INFO
[0.939s] writing dependency_links to ../../build/py_pubsub/py_pubsub.egg-info/dependency_links.txt
[0.940s] writing entry points to ../../build/py_pubsub/py_pubsub.egg-info/entry_points.txt
[0.940s] writing requirements to ../../build/py_pubsub/py_pubsub.egg-info/requires.txt
[0.940s] writing top-level names to ../../build/py_pubsub/py_pubsub.egg-info/top_level.txt
[1.009s] reading manifest file '../../build/py_pubsub/py_pubsub.egg-info/SOURCES.txt'
[1.010s] writing manifest file '../../build/py_pubsub/py_pubsub.egg-info/SOURCES.txt'
[1.010s] running build
[1.010s] running build_py
[1.010s] running install
[1.012s] running install_lib
[1.015s] running install_data
[1.016s] running install_egg_info
[1.020s] removing '/home/sam/AST_Robot_Warehouse/install/py_pubsub/lib/python3.8/site-packages/py_pubsub-0.0.0-py3.8.egg-info' (and everything under it)
[1.020s] Copying ../../build/py_pubsub/py_pubsub.egg-info to /home/sam/AST_Robot_Warehouse/install/py_pubsub/lib/python3.8/site-packages/py_pubsub-0.0.0-py3.8.egg-info
[1.021s] running install_scripts
[1.053s] Installing listener script to /home/sam/AST_Robot_Warehouse/install/py_pubsub/lib/py_pubsub
[1.053s] Installing talker script to /home/sam/AST_Robot_Warehouse/install/py_pubsub/lib/py_pubsub
[1.053s] writing list of installed files to '/home/sam/AST_Robot_Warehouse/build/py_pubsub/install.log'
[1.097s] Invoked command in '/home/sam/AST_Robot_Warehouse/src/py_pubsub' returned '0': PYTHONPATH=/home/sam/AST_Robot_Warehouse/install/py_pubsub/lib/python3.8/site-packages:${PYTHONPATH} /usr/bin/python3 setup.py egg_info --egg-base ../../build/py_pubsub build --build-base /home/sam/AST_Robot_Warehouse/build/py_pubsub/build install --prefix /home/sam/AST_Robot_Warehouse/install/py_pubsub --record /home/sam/AST_Robot_Warehouse/build/py_pubsub/install.log --single-version-externally-managed
