[0.012s] Invoking command in '/home/sam/AST/build/turtlesim': CMAKE_PREFIX_PATH=/opt/ros/foxy CONDA_PROMPT_MODIFIER=(base) /usr/bin/cmake --build /home/sam/AST/build/turtlesim -- -j12 -l12
[0.046s] [  1%] [34m[1mGenerating C code for ROS interfaces[0m
[0.055s] [  2%] [34m[1mGenerating C++ code for ROS interfaces[0m
[0.817s] [  2%] Built target turtlesim__cpp
[0.827s] [  5%] [34m[1mGenerating C++ type support for eProsima Fast-RTPS[0m
[0.827s] [  5%] [34m[1mGenerating C++ type support dispatch for ROS interfaces[0m
[0.827s] [  5%] [34m[1mGenerating C++ introspection for ROS interfaces[0m
[0.831s] [35m[1mScanning dependencies of target turtlesim__rosidl_generator_c[0m
[0.852s] [  6%] [32mBuilding C object CMakeFiles/turtlesim__rosidl_generator_c.dir/rosidl_generator_c/turtlesim/srv/detail/spawn__functions.c.o[0m
[0.854s] [  8%] [32mBuilding C object CMakeFiles/turtlesim__rosidl_generator_c.dir/rosidl_generator_c/turtlesim/action/detail/rotate_absolute__functions.c.o[0m
[0.854s] [  8%] [32mBuilding C object CMakeFiles/turtlesim__rosidl_generator_c.dir/rosidl_generator_c/turtlesim/msg/detail/color__functions.c.o[0m
[0.854s] [  9%] [32mBuilding C object CMakeFiles/turtlesim__rosidl_generator_c.dir/rosidl_generator_c/turtlesim/msg/detail/pose__functions.c.o[0m
[0.854s] [ 10%] [32mBuilding C object CMakeFiles/turtlesim__rosidl_generator_c.dir/rosidl_generator_c/turtlesim/srv/detail/kill__functions.c.o[0m
[0.855s] [ 11%] [32mBuilding C object CMakeFiles/turtlesim__rosidl_generator_c.dir/rosidl_generator_c/turtlesim/srv/detail/set_pen__functions.c.o[0m
[0.855s] [ 12%] [32mBuilding C object CMakeFiles/turtlesim__rosidl_generator_c.dir/rosidl_generator_c/turtlesim/srv/detail/teleport_absolute__functions.c.o[0m
[0.855s] [ 13%] [32mBuilding C object CMakeFiles/turtlesim__rosidl_generator_c.dir/rosidl_generator_c/turtlesim/srv/detail/teleport_relative__functions.c.o[0m
[0.959s] [ 14%] [32m[1mLinking C shared library libturtlesim__rosidl_generator_c.so[0m
[1.003s] [ 14%] Built target turtlesim__rosidl_generator_c
[1.013s] [ 16%] [34m[1mGenerating C introspection for ROS interfaces[0m
[1.013s] [ 16%] [34m[1mGenerating C type support dispatch for ROS interfaces[0m
[1.426s] [35m[1mScanning dependencies of target turtlesim__rosidl_typesupport_cpp[0m
[1.455s] [ 18%] [32mBuilding CXX object CMakeFiles/turtlesim__rosidl_typesupport_cpp.dir/rosidl_typesupport_cpp/turtlesim/msg/color__type_support.cpp.o[0m
[1.456s] [ 18%] [32mBuilding CXX object CMakeFiles/turtlesim__rosidl_typesupport_cpp.dir/rosidl_typesupport_cpp/turtlesim/action/rotate_absolute__type_support.cpp.o[0m
[1.456s] [ 21%] [32mBuilding CXX object CMakeFiles/turtlesim__rosidl_typesupport_cpp.dir/rosidl_typesupport_cpp/turtlesim/srv/kill__type_support.cpp.o[0m
[1.456s] [ 22%] [32mBuilding CXX object CMakeFiles/turtlesim__rosidl_typesupport_cpp.dir/rosidl_typesupport_cpp/turtlesim/srv/teleport_absolute__type_support.cpp.o[0m
[1.456s] [ 19%] [32mBuilding CXX object CMakeFiles/turtlesim__rosidl_typesupport_cpp.dir/rosidl_typesupport_cpp/turtlesim/srv/set_pen__type_support.cpp.o[0m
[1.457s] [ 20%] [32mBuilding CXX object CMakeFiles/turtlesim__rosidl_typesupport_cpp.dir/rosidl_typesupport_cpp/turtlesim/msg/pose__type_support.cpp.o[0m
[1.457s] [ 23%] [32mBuilding CXX object CMakeFiles/turtlesim__rosidl_typesupport_cpp.dir/rosidl_typesupport_cpp/turtlesim/srv/teleport_relative__type_support.cpp.o[0m
[1.460s] [ 24%] [32mBuilding CXX object CMakeFiles/turtlesim__rosidl_typesupport_cpp.dir/rosidl_typesupport_cpp/turtlesim/srv/spawn__type_support.cpp.o[0m
[1.763s] [35m[1mScanning dependencies of target turtlesim__rosidl_typesupport_introspection_cpp[0m
[1.791s] [35m[1mScanning dependencies of target turtlesim__rosidl_typesupport_c[0m
[1.800s] [ 25%] [32mBuilding CXX object CMakeFiles/turtlesim__rosidl_typesupport_introspection_cpp.dir/rosidl_typesupport_introspection_cpp/turtlesim/action/detail/rotate_absolute__type_support.cpp.o[0m
[1.829s] [ 26%] [32mBuilding CXX object CMakeFiles/turtlesim__rosidl_typesupport_c.dir/rosidl_typesupport_c/turtlesim/action/rotate_absolute__type_support.cpp.o[0m
[1.942s] [ 27%] [32mBuilding CXX object CMakeFiles/turtlesim__rosidl_typesupport_c.dir/rosidl_typesupport_c/turtlesim/msg/color__type_support.cpp.o[0m
[1.957s] [ 29%] [32mBuilding CXX object CMakeFiles/turtlesim__rosidl_typesupport_c.dir/rosidl_typesupport_c/turtlesim/msg/pose__type_support.cpp.o[0m
[1.958s] [ 29%] [32mBuilding CXX object CMakeFiles/turtlesim__rosidl_typesupport_introspection_cpp.dir/rosidl_typesupport_introspection_cpp/turtlesim/msg/detail/color__type_support.cpp.o[0m
[1.990s] [ 30%] [32mBuilding CXX object CMakeFiles/turtlesim__rosidl_typesupport_c.dir/rosidl_typesupport_c/turtlesim/srv/kill__type_support.cpp.o[0m
[1.992s] [ 31%] [32mBuilding CXX object CMakeFiles/turtlesim__rosidl_typesupport_c.dir/rosidl_typesupport_c/turtlesim/srv/set_pen__type_support.cpp.o[0m
[1.997s] [ 32%] [32mBuilding CXX object CMakeFiles/turtlesim__rosidl_typesupport_introspection_cpp.dir/rosidl_typesupport_introspection_cpp/turtlesim/srv/detail/kill__type_support.cpp.o[0m
[1.998s] [ 33%] [32mBuilding CXX object CMakeFiles/turtlesim__rosidl_typesupport_introspection_cpp.dir/rosidl_typesupport_introspection_cpp/turtlesim/msg/detail/pose__type_support.cpp.o[0m
[2.002s] [ 34%] [32mBuilding CXX object CMakeFiles/turtlesim__rosidl_typesupport_introspection_cpp.dir/rosidl_typesupport_introspection_cpp/turtlesim/srv/detail/set_pen__type_support.cpp.o[0m
[2.002s] [ 35%] [32mBuilding CXX object CMakeFiles/turtlesim__rosidl_typesupport_c.dir/rosidl_typesupport_c/turtlesim/srv/spawn__type_support.cpp.o[0m
[2.051s] [ 36%] [32mBuilding CXX object CMakeFiles/turtlesim__rosidl_typesupport_c.dir/rosidl_typesupport_c/turtlesim/srv/teleport_absolute__type_support.cpp.o[0m
[2.054s] [ 37%] [32mBuilding CXX object CMakeFiles/turtlesim__rosidl_typesupport_c.dir/rosidl_typesupport_c/turtlesim/srv/teleport_relative__type_support.cpp.o[0m
[2.054s] [35m[1mScanning dependencies of target turtlesim__rosidl_typesupport_fastrtps_cpp[0m
[2.060s] [ 38%] [32m[1mLinking CXX shared library libturtlesim__rosidl_typesupport_cpp.so[0m
[2.065s] [ 39%] [32mBuilding CXX object CMakeFiles/turtlesim__rosidl_typesupport_introspection_cpp.dir/rosidl_typesupport_introspection_cpp/turtlesim/srv/detail/spawn__type_support.cpp.o[0m
[2.078s] [ 40%] [32mBuilding CXX object CMakeFiles/turtlesim__rosidl_typesupport_introspection_cpp.dir/rosidl_typesupport_introspection_cpp/turtlesim/srv/detail/teleport_absolute__type_support.cpp.o[0m
[2.117s] [ 41%] [32mBuilding CXX object CMakeFiles/turtlesim__rosidl_typesupport_introspection_cpp.dir/rosidl_typesupport_introspection_cpp/turtlesim/srv/detail/teleport_relative__type_support.cpp.o[0m
[2.119s] [ 42%] [32m[1mLinking CXX shared library libturtlesim__rosidl_typesupport_c.so[0m
[2.130s] [ 42%] Built target turtlesim__rosidl_typesupport_cpp
[2.133s] [ 43%] [32mBuilding CXX object CMakeFiles/turtlesim__rosidl_typesupport_fastrtps_cpp.dir/rosidl_typesupport_fastrtps_cpp/turtlesim/action/detail/dds_fastrtps/rotate_absolute__type_support.cpp.o[0m
[2.143s] [ 44%] [32mBuilding CXX object CMakeFiles/turtlesim__rosidl_typesupport_fastrtps_cpp.dir/rosidl_typesupport_fastrtps_cpp/turtlesim/msg/detail/dds_fastrtps/color__type_support.cpp.o[0m
[2.147s] [35m[1mScanning dependencies of target turtlesim__rosidl_typesupport_introspection_c[0m
[2.206s] [ 44%] Built target turtlesim__rosidl_typesupport_c
[2.221s] [ 45%] [32mBuilding C object CMakeFiles/turtlesim__rosidl_typesupport_introspection_c.dir/rosidl_typesupport_introspection_c/turtlesim/msg/detail/color__type_support.c.o[0m
[2.223s] [ 46%] [32mBuilding C object CMakeFiles/turtlesim__rosidl_typesupport_introspection_c.dir/rosidl_typesupport_introspection_c/turtlesim/action/detail/rotate_absolute__type_support.c.o[0m
[2.272s] [ 47%] [32mBuilding CXX object CMakeFiles/turtlesim__rosidl_typesupport_fastrtps_cpp.dir/rosidl_typesupport_fastrtps_cpp/turtlesim/msg/detail/dds_fastrtps/pose__type_support.cpp.o[0m
[2.312s] [ 48%] [32mBuilding C object CMakeFiles/turtlesim__rosidl_typesupport_introspection_c.dir/rosidl_typesupport_introspection_c/turtlesim/msg/detail/pose__type_support.c.o[0m
[2.363s] [ 49%] [32mBuilding C object CMakeFiles/turtlesim__rosidl_typesupport_introspection_c.dir/rosidl_typesupport_introspection_c/turtlesim/srv/detail/kill__type_support.c.o[0m
[2.388s] [ 50%] [32mBuilding C object CMakeFiles/turtlesim__rosidl_typesupport_introspection_c.dir/rosidl_typesupport_introspection_c/turtlesim/srv/detail/set_pen__type_support.c.o[0m
[2.442s] [ 51%] [32mBuilding CXX object CMakeFiles/turtlesim__rosidl_typesupport_fastrtps_cpp.dir/rosidl_typesupport_fastrtps_cpp/turtlesim/srv/detail/dds_fastrtps/set_pen__type_support.cpp.o[0m
[2.442s] [ 52%] [32mBuilding C object CMakeFiles/turtlesim__rosidl_typesupport_introspection_c.dir/rosidl_typesupport_introspection_c/turtlesim/srv/detail/spawn__type_support.c.o[0m
[2.447s] [ 53%] [32mBuilding CXX object CMakeFiles/turtlesim__rosidl_typesupport_fastrtps_cpp.dir/rosidl_typesupport_fastrtps_cpp/turtlesim/srv/detail/dds_fastrtps/kill__type_support.cpp.o[0m
[2.494s] [ 54%] [32mBuilding CXX object CMakeFiles/turtlesim__rosidl_typesupport_fastrtps_cpp.dir/rosidl_typesupport_fastrtps_cpp/turtlesim/srv/detail/dds_fastrtps/spawn__type_support.cpp.o[0m
[2.500s] [ 55%] [32mBuilding C object CMakeFiles/turtlesim__rosidl_typesupport_introspection_c.dir/rosidl_typesupport_introspection_c/turtlesim/srv/detail/teleport_absolute__type_support.c.o[0m
[2.503s] [ 56%] [32mBuilding CXX object CMakeFiles/turtlesim__rosidl_typesupport_fastrtps_cpp.dir/rosidl_typesupport_fastrtps_cpp/turtlesim/srv/detail/dds_fastrtps/teleport_absolute__type_support.cpp.o[0m
[2.516s] [ 57%] [32mBuilding C object CMakeFiles/turtlesim__rosidl_typesupport_introspection_c.dir/rosidl_typesupport_introspection_c/turtlesim/srv/detail/teleport_relative__type_support.c.o[0m
[2.557s] [ 58%] [32mBuilding CXX object CMakeFiles/turtlesim__rosidl_typesupport_fastrtps_cpp.dir/rosidl_typesupport_fastrtps_cpp/turtlesim/srv/detail/dds_fastrtps/teleport_relative__type_support.cpp.o[0m
[2.572s] [ 59%] [32m[1mLinking C shared library libturtlesim__rosidl_typesupport_introspection_c.so[0m
[2.608s] [ 60%] [32m[1mLinking CXX shared library libturtlesim__rosidl_typesupport_introspection_cpp.so[0m
[2.624s] [ 60%] Built target turtlesim__rosidl_typesupport_introspection_c
[2.702s] [ 60%] Built target turtlesim__rosidl_typesupport_introspection_cpp
[3.100s] [ 61%] [32m[1mLinking CXX shared library libturtlesim__rosidl_typesupport_fastrtps_cpp.so[0m
[3.180s] [ 61%] Built target turtlesim__rosidl_typesupport_fastrtps_cpp
[3.188s] [ 62%] [34m[1mGenerating C type support for eProsima Fast-RTPS[0m
[3.851s] [35m[1mScanning dependencies of target turtlesim__rosidl_typesupport_fastrtps_c[0m
[3.882s] [ 64%] [32mBuilding CXX object CMakeFiles/turtlesim__rosidl_typesupport_fastrtps_c.dir/rosidl_typesupport_fastrtps_c/turtlesim/srv/detail/kill__type_support_c.cpp.o[0m
[3.882s] [ 64%] [32mBuilding CXX object CMakeFiles/turtlesim__rosidl_typesupport_fastrtps_c.dir/rosidl_typesupport_fastrtps_c/turtlesim/msg/detail/pose__type_support_c.cpp.o[0m
[3.882s] [ 65%] [32mBuilding CXX object CMakeFiles/turtlesim__rosidl_typesupport_fastrtps_c.dir/rosidl_typesupport_fastrtps_c/turtlesim/srv/detail/spawn__type_support_c.cpp.o[0m
[3.883s] [ 66%] [32mBuilding CXX object CMakeFiles/turtlesim__rosidl_typesupport_fastrtps_c.dir/rosidl_typesupport_fastrtps_c/turtlesim/srv/detail/set_pen__type_support_c.cpp.o[0m
[3.884s] [ 67%] [32mBuilding CXX object CMakeFiles/turtlesim__rosidl_typesupport_fastrtps_c.dir/rosidl_typesupport_fastrtps_c/turtlesim/action/detail/rotate_absolute__type_support_c.cpp.o[0m
[3.884s] [ 68%] [32mBuilding CXX object CMakeFiles/turtlesim__rosidl_typesupport_fastrtps_c.dir/rosidl_typesupport_fastrtps_c/turtlesim/msg/detail/color__type_support_c.cpp.o[0m
[3.885s] [ 69%] [32mBuilding CXX object CMakeFiles/turtlesim__rosidl_typesupport_fastrtps_c.dir/rosidl_typesupport_fastrtps_c/turtlesim/srv/detail/teleport_absolute__type_support_c.cpp.o[0m
[3.886s] [ 70%] [32mBuilding CXX object CMakeFiles/turtlesim__rosidl_typesupport_fastrtps_c.dir/rosidl_typesupport_fastrtps_c/turtlesim/srv/detail/teleport_relative__type_support_c.cpp.o[0m
[4.413s] [ 71%] [32m[1mLinking CXX shared library libturtlesim__rosidl_typesupport_fastrtps_c.so[0m
[4.483s] [ 71%] Built target turtlesim__rosidl_typesupport_fastrtps_c
[4.490s] [35m[1mScanning dependencies of target turtlesim[0m
[4.499s] [ 71%] Built target turtlesim
[4.508s] [ 72%] [34m[1mGenerating include/turtlesim/moc_turtle_frame.cpp[0m
[4.508s] [35m[1mScanning dependencies of target turtle_teleop_key[0m
[4.509s] [35m[1mScanning dependencies of target mimic[0m
[4.509s] [35m[1mScanning dependencies of target turtlesim__py[0m
[4.509s] [35m[1mScanning dependencies of target draw_square[0m
[4.518s] [ 73%] [34m[1mGenerating Python code for ROS interfaces[0m
[4.602s] [ 75%] [32mBuilding CXX object CMakeFiles/draw_square.dir/tutorials/draw_square.cpp.o[0m
[4.602s] [ 75%] [32mBuilding CXX object CMakeFiles/mimic.dir/tutorials/mimic.cpp.o[0m
[4.603s] [35m[1mScanning dependencies of target turtlesim_node[0m
[4.603s] [ 76%] [32mBuilding CXX object CMakeFiles/turtle_teleop_key.dir/tutorials/teleop_turtle_key.cpp.o[0m
[4.686s] [ 77%] [32mBuilding CXX object CMakeFiles/turtlesim_node.dir/src/turtle_frame.cpp.o[0m
[4.687s] [ 78%] [32mBuilding CXX object CMakeFiles/turtlesim_node.dir/src/turtle.cpp.o[0m
[4.687s] [ 79%] [32mBuilding CXX object CMakeFiles/turtlesim_node.dir/src/turtlesim.cpp.o[0m
[4.689s] [ 80%] [32mBuilding CXX object CMakeFiles/turtlesim_node.dir/include/turtlesim/moc_turtle_frame.cpp.o[0m
[7.987s] [ 80%] Built target turtlesim__py
[8.002s] [35m[1mScanning dependencies of target turtlesim__python[0m
[8.073s] [ 84%] [32mBuilding C object CMakeFiles/turtlesim__python.dir/rosidl_generator_py/turtlesim/msg/_pose_s.c.o[0m
[8.073s] [ 84%] [32mBuilding C object CMakeFiles/turtlesim__python.dir/rosidl_generator_py/turtlesim/msg/_color_s.c.o[0m
[8.074s] [ 84%] [32mBuilding C object CMakeFiles/turtlesim__python.dir/rosidl_generator_py/turtlesim/srv/_kill_s.c.o[0m
[8.074s] [ 84%] [32mBuilding C object CMakeFiles/turtlesim__python.dir/rosidl_generator_py/turtlesim/action/_rotate_absolute_s.c.o[0m
[8.084s] [ 85%] [32mBuilding C object CMakeFiles/turtlesim__python.dir/rosidl_generator_py/turtlesim/srv/_set_pen_s.c.o[0m
[8.234s] [ 86%] [32mBuilding C object CMakeFiles/turtlesim__python.dir/rosidl_generator_py/turtlesim/srv/_spawn_s.c.o[0m
[8.244s] [ 87%] [32mBuilding C object CMakeFiles/turtlesim__python.dir/rosidl_generator_py/turtlesim/srv/_teleport_absolute_s.c.o[0m
[8.248s] [ 88%] [32mBuilding C object CMakeFiles/turtlesim__python.dir/rosidl_generator_py/turtlesim/srv/_teleport_relative_s.c.o[0m
[8.407s] [ 89%] [32m[1mLinking C shared library rosidl_generator_py/turtlesim/libturtlesim__python.so[0m
[8.475s] [ 89%] Built target turtlesim__python
[8.491s] [35m[1mScanning dependencies of target turtlesim__rosidl_typesupport_introspection_c__pyext[0m
[8.491s] [35m[1mScanning dependencies of target turtlesim__rosidl_typesupport_c__pyext[0m
[8.491s] [35m[1mScanning dependencies of target turtlesim__rosidl_typesupport_fastrtps_c__pyext[0m
[8.521s] [ 90%] [32mBuilding C object CMakeFiles/turtlesim__rosidl_typesupport_c__pyext.dir/rosidl_generator_py/turtlesim/_turtlesim_s.ep.rosidl_typesupport_c.c.o[0m
[8.522s] [ 91%] [32mBuilding C object CMakeFiles/turtlesim__rosidl_typesupport_introspection_c__pyext.dir/rosidl_generator_py/turtlesim/_turtlesim_s.ep.rosidl_typesupport_introspection_c.c.o[0m
[8.528s] [ 92%] [32mBuilding C object CMakeFiles/turtlesim__rosidl_typesupport_fastrtps_c__pyext.dir/rosidl_generator_py/turtlesim/_turtlesim_s.ep.rosidl_typesupport_fastrtps_c.c.o[0m
[8.763s] [ 93%] [32m[1mLinking C shared library rosidl_generator_py/turtlesim/turtlesim_s__rosidl_typesupport_c.cpython-38-x86_64-linux-gnu.so[0m
[8.764s] [ 94%] [32m[1mLinking C shared library rosidl_generator_py/turtlesim/turtlesim_s__rosidl_typesupport_introspection_c.cpython-38-x86_64-linux-gnu.so[0m
[8.777s] [ 95%] [32m[1mLinking CXX shared library rosidl_generator_py/turtlesim/turtlesim_s__rosidl_typesupport_fastrtps_c.cpython-38-x86_64-linux-gnu.so[0m
[8.810s] [ 95%] Built target turtlesim__rosidl_typesupport_c__pyext
[8.821s] [ 95%] Built target turtlesim__rosidl_typesupport_introspection_c__pyext
[8.872s] [ 95%] Built target turtlesim__rosidl_typesupport_fastrtps_c__pyext
[9.631s] [ 96%] [32m[1mLinking CXX executable turtle_teleop_key[0m
[9.873s] [ 96%] Built target turtle_teleop_key
[10.345s] [ 97%] [32m[1mLinking CXX executable mimic[0m
[10.586s] [ 97%] Built target mimic
[11.439s] [ 98%] [32m[1mLinking CXX executable draw_square[0m
[11.691s] [ 98%] Built target draw_square
[12.506s] [100%] [32m[1mLinking CXX executable turtlesim_node[0m
[13.631s] [100%] Built target turtlesim_node
[13.640s] Invoked command in '/home/sam/AST/build/turtlesim' returned '0': CMAKE_PREFIX_PATH=/opt/ros/foxy CONDA_PROMPT_MODIFIER=(base) /usr/bin/cmake --build /home/sam/AST/build/turtlesim -- -j12 -l12
[13.761s] Invoking command in '/home/sam/AST/build/turtlesim': CMAKE_PREFIX_PATH=/opt/ros/foxy CONDA_PROMPT_MODIFIER=(base) /usr/bin/cmake --install /home/sam/AST/build/turtlesim
[13.770s] -- Install configuration: ""
[13.770s] -- Installing: /home/sam/AST/install/turtlesim/share/ament_index/resource_index/rosidl_interfaces/turtlesim
[13.770s] -- Installing: /home/sam/AST/install/turtlesim/include/turtlesim
[13.770s] -- Installing: /home/sam/AST/install/turtlesim/include/turtlesim/action
[13.771s] -- Installing: /home/sam/AST/install/turtlesim/include/turtlesim/action/rotate_absolute.h
[13.771s] -- Installing: /home/sam/AST/install/turtlesim/include/turtlesim/action/detail
[13.771s] -- Installing: /home/sam/AST/install/turtlesim/include/turtlesim/action/detail/rotate_absolute__type_support.h
[13.771s] -- Installing: /home/sam/AST/install/turtlesim/include/turtlesim/action/detail/rotate_absolute__struct.h
[13.771s] -- Installing: /home/sam/AST/install/turtlesim/include/turtlesim/action/detail/rotate_absolute__functions.h
[13.771s] -- Installing: /home/sam/AST/install/turtlesim/include/turtlesim/action/detail/rotate_absolute__functions.c
[13.771s] -- Installing: /home/sam/AST/install/turtlesim/include/turtlesim/srv
[13.771s] -- Installing: /home/sam/AST/install/turtlesim/include/turtlesim/srv/teleport_relative.h
[13.771s] -- Installing: /home/sam/AST/install/turtlesim/include/turtlesim/srv/kill.h
[13.771s] -- Installing: /home/sam/AST/install/turtlesim/include/turtlesim/srv/set_pen.h
[13.771s] -- Installing: /home/sam/AST/install/turtlesim/include/turtlesim/srv/spawn.h
[13.772s] -- Installing: /home/sam/AST/install/turtlesim/include/turtlesim/srv/teleport_absolute.h
[13.772s] -- Installing: /home/sam/AST/install/turtlesim/include/turtlesim/srv/detail
[13.772s] -- Installing: /home/sam/AST/install/turtlesim/include/turtlesim/srv/detail/kill__functions.h
[13.772s] -- Installing: /home/sam/AST/install/turtlesim/include/turtlesim/srv/detail/teleport_absolute__struct.h
[13.772s] -- Installing: /home/sam/AST/install/turtlesim/include/turtlesim/srv/detail/kill__type_support.h
[13.772s] -- Installing: /home/sam/AST/install/turtlesim/include/turtlesim/srv/detail/set_pen__type_support.h
[13.772s] -- Installing: /home/sam/AST/install/turtlesim/include/turtlesim/srv/detail/set_pen__functions.c
[13.772s] -- Installing: /home/sam/AST/install/turtlesim/include/turtlesim/srv/detail/teleport_absolute__functions.c
[13.772s] -- Installing: /home/sam/AST/install/turtlesim/include/turtlesim/srv/detail/teleport_relative__functions.h
[13.773s] -- Installing: /home/sam/AST/install/turtlesim/include/turtlesim/srv/detail/teleport_absolute__type_support.h
[13.773s] -- Installing: /home/sam/AST/install/turtlesim/include/turtlesim/srv/detail/spawn__type_support.h
[13.773s] -- Installing: /home/sam/AST/install/turtlesim/include/turtlesim/srv/detail/set_pen__functions.h
[13.773s] -- Installing: /home/sam/AST/install/turtlesim/include/turtlesim/srv/detail/kill__struct.h
[13.773s] -- Installing: /home/sam/AST/install/turtlesim/include/turtlesim/srv/detail/spawn__functions.h
[13.773s] -- Installing: /home/sam/AST/install/turtlesim/include/turtlesim/srv/detail/teleport_relative__struct.h
[13.773s] -- Installing: /home/sam/AST/install/turtlesim/include/turtlesim/srv/detail/teleport_relative__functions.c
[13.773s] -- Installing: /home/sam/AST/install/turtlesim/include/turtlesim/srv/detail/spawn__struct.h
[13.773s] -- Installing: /home/sam/AST/install/turtlesim/include/turtlesim/srv/detail/kill__functions.c
[13.773s] -- Installing: /home/sam/AST/install/turtlesim/include/turtlesim/srv/detail/teleport_absolute__functions.h
[13.773s] -- Installing: /home/sam/AST/install/turtlesim/include/turtlesim/srv/detail/set_pen__struct.h
[13.773s] -- Installing: /home/sam/AST/install/turtlesim/include/turtlesim/srv/detail/spawn__functions.c
[13.773s] -- Installing: /home/sam/AST/install/turtlesim/include/turtlesim/srv/detail/teleport_relative__type_support.h
[13.774s] -- Installing: /home/sam/AST/install/turtlesim/include/turtlesim/msg
[13.774s] -- Installing: /home/sam/AST/install/turtlesim/include/turtlesim/msg/rosidl_generator_c__visibility_control.h
[13.774s] -- Installing: /home/sam/AST/install/turtlesim/include/turtlesim/msg/color.h
[13.774s] -- Installing: /home/sam/AST/install/turtlesim/include/turtlesim/msg/pose.h
[13.774s] -- Installing: /home/sam/AST/install/turtlesim/include/turtlesim/msg/detail
[13.774s] -- Installing: /home/sam/AST/install/turtlesim/include/turtlesim/msg/detail/pose__type_support.h
[13.774s] -- Installing: /home/sam/AST/install/turtlesim/include/turtlesim/msg/detail/color__struct.h
[13.774s] -- Installing: /home/sam/AST/install/turtlesim/include/turtlesim/msg/detail/color__functions.h
[13.774s] -- Installing: /home/sam/AST/install/turtlesim/include/turtlesim/msg/detail/color__type_support.h
[13.774s] -- Installing: /home/sam/AST/install/turtlesim/include/turtlesim/msg/detail/pose__struct.h
[13.774s] -- Installing: /home/sam/AST/install/turtlesim/include/turtlesim/msg/detail/pose__functions.c
[13.774s] -- Installing: /home/sam/AST/install/turtlesim/include/turtlesim/msg/detail/color__functions.c
[13.774s] -- Installing: /home/sam/AST/install/turtlesim/include/turtlesim/msg/detail/pose__functions.h
[13.774s] -- Installing: /home/sam/AST/install/turtlesim/share/turtlesim/environment/library_path.sh
[13.775s] -- Installing: /home/sam/AST/install/turtlesim/share/turtlesim/environment/library_path.dsv
[13.775s] -- Installing: /home/sam/AST/install/turtlesim/lib/libturtlesim__rosidl_generator_c.so
[13.775s] -- Set runtime path of "/home/sam/AST/install/turtlesim/lib/libturtlesim__rosidl_generator_c.so" to ""
[13.775s] -- Up-to-date: /home/sam/AST/install/turtlesim/include/turtlesim
[13.775s] -- Up-to-date: /home/sam/AST/install/turtlesim/include/turtlesim/action
[13.775s] -- Up-to-date: /home/sam/AST/install/turtlesim/include/turtlesim/action/detail
[13.775s] -- Installing: /home/sam/AST/install/turtlesim/include/turtlesim/action/detail/rotate_absolute__rosidl_typesupport_fastrtps_c.h
[13.775s] -- Up-to-date: /home/sam/AST/install/turtlesim/include/turtlesim/srv
[13.775s] -- Up-to-date: /home/sam/AST/install/turtlesim/include/turtlesim/srv/detail
[13.775s] -- Installing: /home/sam/AST/install/turtlesim/include/turtlesim/srv/detail/teleport_absolute__rosidl_typesupport_fastrtps_c.h
[13.775s] -- Installing: /home/sam/AST/install/turtlesim/include/turtlesim/srv/detail/spawn__rosidl_typesupport_fastrtps_c.h
[13.775s] -- Installing: /home/sam/AST/install/turtlesim/include/turtlesim/srv/detail/kill__rosidl_typesupport_fastrtps_c.h
[13.775s] -- Installing: /home/sam/AST/install/turtlesim/include/turtlesim/srv/detail/teleport_relative__rosidl_typesupport_fastrtps_c.h
[13.775s] -- Installing: /home/sam/AST/install/turtlesim/include/turtlesim/srv/detail/set_pen__rosidl_typesupport_fastrtps_c.h
[13.776s] -- Up-to-date: /home/sam/AST/install/turtlesim/include/turtlesim/msg
[13.776s] -- Installing: /home/sam/AST/install/turtlesim/include/turtlesim/msg/rosidl_typesupport_fastrtps_c__visibility_control.h
[13.776s] -- Up-to-date: /home/sam/AST/install/turtlesim/include/turtlesim/msg/detail
[13.776s] -- Installing: /home/sam/AST/install/turtlesim/include/turtlesim/msg/detail/pose__rosidl_typesupport_fastrtps_c.h
[13.776s] -- Installing: /home/sam/AST/install/turtlesim/include/turtlesim/msg/detail/color__rosidl_typesupport_fastrtps_c.h
[13.776s] -- Installing: /home/sam/AST/install/turtlesim/lib/libturtlesim__rosidl_typesupport_fastrtps_c.so
[13.776s] -- Set runtime path of "/home/sam/AST/install/turtlesim/lib/libturtlesim__rosidl_typesupport_fastrtps_c.so" to ""
[13.776s] -- Up-to-date: /home/sam/AST/install/turtlesim/include/turtlesim
[13.776s] -- Up-to-date: /home/sam/AST/install/turtlesim/include/turtlesim/action
[13.776s] -- Up-to-date: /home/sam/AST/install/turtlesim/include/turtlesim/action/detail
[13.776s] -- Installing: /home/sam/AST/install/turtlesim/include/turtlesim/action/detail/dds_fastrtps
[13.776s] -- Installing: /home/sam/AST/install/turtlesim/include/turtlesim/action/detail/rotate_absolute__rosidl_typesupport_fastrtps_cpp.hpp
[13.776s] -- Up-to-date: /home/sam/AST/install/turtlesim/include/turtlesim/srv
[13.776s] -- Up-to-date: /home/sam/AST/install/turtlesim/include/turtlesim/srv/detail
[13.776s] -- Installing: /home/sam/AST/install/turtlesim/include/turtlesim/srv/detail/spawn__rosidl_typesupport_fastrtps_cpp.hpp
[13.777s] -- Installing: /home/sam/AST/install/turtlesim/include/turtlesim/srv/detail/teleport_absolute__rosidl_typesupport_fastrtps_cpp.hpp
[13.777s] -- Installing: /home/sam/AST/install/turtlesim/include/turtlesim/srv/detail/set_pen__rosidl_typesupport_fastrtps_cpp.hpp
[13.777s] -- Installing: /home/sam/AST/install/turtlesim/include/turtlesim/srv/detail/dds_fastrtps
[13.777s] -- Installing: /home/sam/AST/install/turtlesim/include/turtlesim/srv/detail/kill__rosidl_typesupport_fastrtps_cpp.hpp
[13.777s] -- Installing: /home/sam/AST/install/turtlesim/include/turtlesim/srv/detail/teleport_relative__rosidl_typesupport_fastrtps_cpp.hpp
[13.777s] -- Up-to-date: /home/sam/AST/install/turtlesim/include/turtlesim/msg
[13.777s] -- Installing: /home/sam/AST/install/turtlesim/include/turtlesim/msg/rosidl_typesupport_fastrtps_cpp__visibility_control.h
[13.777s] -- Up-to-date: /home/sam/AST/install/turtlesim/include/turtlesim/msg/detail
[13.777s] -- Installing: /home/sam/AST/install/turtlesim/include/turtlesim/msg/detail/color__rosidl_typesupport_fastrtps_cpp.hpp
[13.777s] -- Installing: /home/sam/AST/install/turtlesim/include/turtlesim/msg/detail/pose__rosidl_typesupport_fastrtps_cpp.hpp
[13.777s] -- Installing: /home/sam/AST/install/turtlesim/include/turtlesim/msg/detail/dds_fastrtps
[13.777s] -- Installing: /home/sam/AST/install/turtlesim/lib/libturtlesim__rosidl_typesupport_fastrtps_cpp.so
[13.777s] -- Set runtime path of "/home/sam/AST/install/turtlesim/lib/libturtlesim__rosidl_typesupport_fastrtps_cpp.so" to ""
[13.777s] -- Up-to-date: /home/sam/AST/install/turtlesim/include/turtlesim
[13.777s] -- Up-to-date: /home/sam/AST/install/turtlesim/include/turtlesim/action
[13.777s] -- Up-to-date: /home/sam/AST/install/turtlesim/include/turtlesim/action/detail
[13.778s] -- Installing: /home/sam/AST/install/turtlesim/include/turtlesim/action/detail/rotate_absolute__rosidl_typesupport_introspection_c.h
[13.778s] -- Installing: /home/sam/AST/install/turtlesim/include/turtlesim/action/detail/rotate_absolute__type_support.c
[13.778s] -- Up-to-date: /home/sam/AST/install/turtlesim/include/turtlesim/srv
[13.778s] -- Up-to-date: /home/sam/AST/install/turtlesim/include/turtlesim/srv/detail
[13.778s] -- Installing: /home/sam/AST/install/turtlesim/include/turtlesim/srv/detail/set_pen__rosidl_typesupport_introspection_c.h
[13.778s] -- Installing: /home/sam/AST/install/turtlesim/include/turtlesim/srv/detail/set_pen__type_support.c
[13.778s] -- Installing: /home/sam/AST/install/turtlesim/include/turtlesim/srv/detail/teleport_absolute__type_support.c
[13.778s] -- Installing: /home/sam/AST/install/turtlesim/include/turtlesim/srv/detail/teleport_absolute__rosidl_typesupport_introspection_c.h
[13.778s] -- Installing: /home/sam/AST/install/turtlesim/include/turtlesim/srv/detail/teleport_relative__rosidl_typesupport_introspection_c.h
[13.778s] -- Installing: /home/sam/AST/install/turtlesim/include/turtlesim/srv/detail/spawn__rosidl_typesupport_introspection_c.h
[13.778s] -- Installing: /home/sam/AST/install/turtlesim/include/turtlesim/srv/detail/kill__type_support.c
[13.779s] -- Installing: /home/sam/AST/install/turtlesim/include/turtlesim/srv/detail/kill__rosidl_typesupport_introspection_c.h
[13.779s] -- Installing: /home/sam/AST/install/turtlesim/include/turtlesim/srv/detail/spawn__type_support.c
[13.779s] -- Installing: /home/sam/AST/install/turtlesim/include/turtlesim/srv/detail/teleport_relative__type_support.c
[13.779s] -- Up-to-date: /home/sam/AST/install/turtlesim/include/turtlesim/msg
[13.779s] -- Installing: /home/sam/AST/install/turtlesim/include/turtlesim/msg/rosidl_typesupport_introspection_c__visibility_control.h
[13.779s] -- Up-to-date: /home/sam/AST/install/turtlesim/include/turtlesim/msg/detail
[13.779s] -- Installing: /home/sam/AST/install/turtlesim/include/turtlesim/msg/detail/color__rosidl_typesupport_introspection_c.h
[13.779s] -- Installing: /home/sam/AST/install/turtlesim/include/turtlesim/msg/detail/color__type_support.c
[13.779s] -- Installing: /home/sam/AST/install/turtlesim/include/turtlesim/msg/detail/pose__rosidl_typesupport_introspection_c.h
[13.779s] -- Installing: /home/sam/AST/install/turtlesim/include/turtlesim/msg/detail/pose__type_support.c
[13.779s] -- Installing: /home/sam/AST/install/turtlesim/lib/libturtlesim__rosidl_typesupport_introspection_c.so
[13.779s] -- Set runtime path of "/home/sam/AST/install/turtlesim/lib/libturtlesim__rosidl_typesupport_introspection_c.so" to ""
[13.779s] -- Installing: /home/sam/AST/install/turtlesim/lib/libturtlesim__rosidl_typesupport_c.so
[13.780s] -- Set runtime path of "/home/sam/AST/install/turtlesim/lib/libturtlesim__rosidl_typesupport_c.so" to ""
[13.780s] -- Up-to-date: /home/sam/AST/install/turtlesim/include/turtlesim
[13.780s] -- Up-to-date: /home/sam/AST/install/turtlesim/include/turtlesim/action
[13.780s] -- Installing: /home/sam/AST/install/turtlesim/include/turtlesim/action/rotate_absolute.hpp
[13.780s] -- Up-to-date: /home/sam/AST/install/turtlesim/include/turtlesim/action/detail
[13.780s] -- Installing: /home/sam/AST/install/turtlesim/include/turtlesim/action/detail/rotate_absolute__struct.hpp
[13.780s] -- Installing: /home/sam/AST/install/turtlesim/include/turtlesim/action/detail/rotate_absolute__traits.hpp
[13.780s] -- Installing: /home/sam/AST/install/turtlesim/include/turtlesim/action/detail/rotate_absolute__builder.hpp
[13.780s] -- Up-to-date: /home/sam/AST/install/turtlesim/include/turtlesim/srv
[13.780s] -- Installing: /home/sam/AST/install/turtlesim/include/turtlesim/srv/kill.hpp
[13.780s] -- Installing: /home/sam/AST/install/turtlesim/include/turtlesim/srv/set_pen.hpp
[13.780s] -- Installing: /home/sam/AST/install/turtlesim/include/turtlesim/srv/spawn.hpp
[13.780s] -- Up-to-date: /home/sam/AST/install/turtlesim/include/turtlesim/srv/detail
[13.781s] -- Installing: /home/sam/AST/install/turtlesim/include/turtlesim/srv/detail/kill__struct.hpp
[13.781s] -- Installing: /home/sam/AST/install/turtlesim/include/turtlesim/srv/detail/kill__traits.hpp
[13.781s] -- Installing: /home/sam/AST/install/turtlesim/include/turtlesim/srv/detail/set_pen__traits.hpp
[13.781s] -- Installing: /home/sam/AST/install/turtlesim/include/turtlesim/srv/detail/set_pen__struct.hpp
[13.781s] -- Installing: /home/sam/AST/install/turtlesim/include/turtlesim/srv/detail/kill__builder.hpp
[13.781s] -- Installing: /home/sam/AST/install/turtlesim/include/turtlesim/srv/detail/teleport_absolute__struct.hpp
[13.781s] -- Installing: /home/sam/AST/install/turtlesim/include/turtlesim/srv/detail/teleport_relative__traits.hpp
[13.781s] -- Installing: /home/sam/AST/install/turtlesim/include/turtlesim/srv/detail/teleport_relative__struct.hpp
[13.781s] -- Installing: /home/sam/AST/install/turtlesim/include/turtlesim/srv/detail/spawn__struct.hpp
[13.781s] -- Installing: /home/sam/AST/install/turtlesim/include/turtlesim/srv/detail/spawn__builder.hpp
[13.781s] -- Installing: /home/sam/AST/install/turtlesim/include/turtlesim/srv/detail/set_pen__builder.hpp
[13.781s] -- Installing: /home/sam/AST/install/turtlesim/include/turtlesim/srv/detail/spawn__traits.hpp
[13.782s] -- Installing: /home/sam/AST/install/turtlesim/include/turtlesim/srv/detail/teleport_absolute__builder.hpp
[13.782s] -- Installing: /home/sam/AST/install/turtlesim/include/turtlesim/srv/detail/teleport_absolute__traits.hpp
[13.782s] -- Installing: /home/sam/AST/install/turtlesim/include/turtlesim/srv/detail/teleport_relative__builder.hpp
[13.782s] -- Installing: /home/sam/AST/install/turtlesim/include/turtlesim/srv/teleport_relative.hpp
[13.782s] -- Installing: /home/sam/AST/install/turtlesim/include/turtlesim/srv/teleport_absolute.hpp
[13.782s] -- Up-to-date: /home/sam/AST/install/turtlesim/include/turtlesim/msg
[13.782s] -- Installing: /home/sam/AST/install/turtlesim/include/turtlesim/msg/color.hpp
[13.782s] -- Installing: /home/sam/AST/install/turtlesim/include/turtlesim/msg/pose.hpp
[13.782s] -- Up-to-date: /home/sam/AST/install/turtlesim/include/turtlesim/msg/detail
[13.782s] -- Installing: /home/sam/AST/install/turtlesim/include/turtlesim/msg/detail/pose__builder.hpp
[13.782s] -- Installing: /home/sam/AST/install/turtlesim/include/turtlesim/msg/detail/color__builder.hpp
[13.782s] -- Installing: /home/sam/AST/install/turtlesim/include/turtlesim/msg/detail/color__struct.hpp
[13.782s] -- Installing: /home/sam/AST/install/turtlesim/include/turtlesim/msg/detail/pose__struct.hpp
[13.782s] -- Installing: /home/sam/AST/install/turtlesim/include/turtlesim/msg/detail/color__traits.hpp
[13.782s] -- Installing: /home/sam/AST/install/turtlesim/include/turtlesim/msg/detail/pose__traits.hpp
[13.783s] -- Up-to-date: /home/sam/AST/install/turtlesim/include/turtlesim
[13.783s] -- Up-to-date: /home/sam/AST/install/turtlesim/include/turtlesim/action
[13.783s] -- Up-to-date: /home/sam/AST/install/turtlesim/include/turtlesim/action/detail
[13.783s] -- Installing: /home/sam/AST/install/turtlesim/include/turtlesim/action/detail/rotate_absolute__type_support.cpp
[13.783s] -- Installing: /home/sam/AST/install/turtlesim/include/turtlesim/action/detail/rotate_absolute__rosidl_typesupport_introspection_cpp.hpp
[13.783s] -- Up-to-date: /home/sam/AST/install/turtlesim/include/turtlesim/srv
[13.783s] -- Up-to-date: /home/sam/AST/install/turtlesim/include/turtlesim/srv/detail
[13.783s] -- Installing: /home/sam/AST/install/turtlesim/include/turtlesim/srv/detail/kill__rosidl_typesupport_introspection_cpp.hpp
[13.783s] -- Installing: /home/sam/AST/install/turtlesim/include/turtlesim/srv/detail/spawn__type_support.cpp
[13.783s] -- Installing: /home/sam/AST/install/turtlesim/include/turtlesim/srv/detail/set_pen__rosidl_typesupport_introspection_cpp.hpp
[13.783s] -- Installing: /home/sam/AST/install/turtlesim/include/turtlesim/srv/detail/spawn__rosidl_typesupport_introspection_cpp.hpp
[13.783s] -- Installing: /home/sam/AST/install/turtlesim/include/turtlesim/srv/detail/kill__type_support.cpp
[13.783s] -- Installing: /home/sam/AST/install/turtlesim/include/turtlesim/srv/detail/set_pen__type_support.cpp
[13.783s] -- Installing: /home/sam/AST/install/turtlesim/include/turtlesim/srv/detail/teleport_relative__rosidl_typesupport_introspection_cpp.hpp
[13.783s] -- Installing: /home/sam/AST/install/turtlesim/include/turtlesim/srv/detail/teleport_absolute__type_support.cpp
[13.783s] -- Installing: /home/sam/AST/install/turtlesim/include/turtlesim/srv/detail/teleport_absolute__rosidl_typesupport_introspection_cpp.hpp
[13.784s] -- Installing: /home/sam/AST/install/turtlesim/include/turtlesim/srv/detail/teleport_relative__type_support.cpp
[13.784s] -- Up-to-date: /home/sam/AST/install/turtlesim/include/turtlesim/msg
[13.784s] -- Up-to-date: /home/sam/AST/install/turtlesim/include/turtlesim/msg/detail
[13.784s] -- Installing: /home/sam/AST/install/turtlesim/include/turtlesim/msg/detail/color__type_support.cpp
[13.784s] -- Installing: /home/sam/AST/install/turtlesim/include/turtlesim/msg/detail/color__rosidl_typesupport_introspection_cpp.hpp
[13.784s] -- Installing: /home/sam/AST/install/turtlesim/include/turtlesim/msg/detail/pose__type_support.cpp
[13.784s] -- Installing: /home/sam/AST/install/turtlesim/include/turtlesim/msg/detail/pose__rosidl_typesupport_introspection_cpp.hpp
[13.784s] -- Installing: /home/sam/AST/install/turtlesim/lib/libturtlesim__rosidl_typesupport_introspection_cpp.so
[13.784s] -- Set runtime path of "/home/sam/AST/install/turtlesim/lib/libturtlesim__rosidl_typesupport_introspection_cpp.so" to ""
[13.785s] -- Installing: /home/sam/AST/install/turtlesim/lib/libturtlesim__rosidl_typesupport_cpp.so
[13.785s] -- Set runtime path of "/home/sam/AST/install/turtlesim/lib/libturtlesim__rosidl_typesupport_cpp.so" to ""
[13.785s] -- Installing: /home/sam/AST/install/turtlesim/share/turtlesim/environment/pythonpath.sh
[13.785s] -- Installing: /home/sam/AST/install/turtlesim/share/turtlesim/environment/pythonpath.dsv
[13.785s] -- Installing: /home/sam/AST/install/turtlesim/lib/python3.8/site-packages/turtlesim/__init__.py
[13.811s] Compiling '/home/sam/AST/install/turtlesim/lib/python3.8/site-packages/turtlesim/__init__.py'...
[13.814s] -- Installing: /home/sam/AST/install/turtlesim/lib/python3.8/site-packages/turtlesim/action
[13.814s] -- Installing: /home/sam/AST/install/turtlesim/lib/python3.8/site-packages/turtlesim/action/__init__.py
[13.814s] -- Installing: /home/sam/AST/install/turtlesim/lib/python3.8/site-packages/turtlesim/action/_rotate_absolute_s.c
[13.814s] -- Installing: /home/sam/AST/install/turtlesim/lib/python3.8/site-packages/turtlesim/action/_rotate_absolute.py
[13.814s] -- Installing: /home/sam/AST/install/turtlesim/lib/python3.8/site-packages/turtlesim/msg
[13.814s] -- Installing: /home/sam/AST/install/turtlesim/lib/python3.8/site-packages/turtlesim/msg/_color.py
[13.814s] -- Installing: /home/sam/AST/install/turtlesim/lib/python3.8/site-packages/turtlesim/msg/__init__.py
[13.815s] -- Installing: /home/sam/AST/install/turtlesim/lib/python3.8/site-packages/turtlesim/msg/_pose_s.c
[13.815s] -- Installing: /home/sam/AST/install/turtlesim/lib/python3.8/site-packages/turtlesim/msg/_color_s.c
[13.815s] -- Installing: /home/sam/AST/install/turtlesim/lib/python3.8/site-packages/turtlesim/msg/_pose.py
[13.815s] -- Installing: /home/sam/AST/install/turtlesim/lib/python3.8/site-packages/turtlesim/srv
[13.815s] -- Installing: /home/sam/AST/install/turtlesim/lib/python3.8/site-packages/turtlesim/srv/_set_pen.py
[13.815s] -- Installing: /home/sam/AST/install/turtlesim/lib/python3.8/site-packages/turtlesim/srv/_set_pen_s.c
[13.815s] -- Installing: /home/sam/AST/install/turtlesim/lib/python3.8/site-packages/turtlesim/srv/__init__.py
[13.815s] -- Installing: /home/sam/AST/install/turtlesim/lib/python3.8/site-packages/turtlesim/srv/_teleport_relative.py
[13.815s] -- Installing: /home/sam/AST/install/turtlesim/lib/python3.8/site-packages/turtlesim/srv/_kill.py
[13.815s] -- Installing: /home/sam/AST/install/turtlesim/lib/python3.8/site-packages/turtlesim/srv/_teleport_absolute.py
[13.815s] -- Installing: /home/sam/AST/install/turtlesim/lib/python3.8/site-packages/turtlesim/srv/_kill_s.c
[13.815s] -- Installing: /home/sam/AST/install/turtlesim/lib/python3.8/site-packages/turtlesim/srv/_teleport_relative_s.c
[13.815s] -- Installing: /home/sam/AST/install/turtlesim/lib/python3.8/site-packages/turtlesim/srv/_spawn_s.c
[13.815s] -- Installing: /home/sam/AST/install/turtlesim/lib/python3.8/site-packages/turtlesim/srv/_teleport_absolute_s.c
[13.815s] -- Installing: /home/sam/AST/install/turtlesim/lib/python3.8/site-packages/turtlesim/srv/_spawn.py
[13.816s] -- Installing: /home/sam/AST/install/turtlesim/lib/python3.8/site-packages/turtlesim/turtlesim_s__rosidl_typesupport_fastrtps_c.cpython-38-x86_64-linux-gnu.so
[13.816s] -- Set runtime path of "/home/sam/AST/install/turtlesim/lib/python3.8/site-packages/turtlesim/turtlesim_s__rosidl_typesupport_fastrtps_c.cpython-38-x86_64-linux-gnu.so" to ""
[13.816s] -- Installing: /home/sam/AST/install/turtlesim/lib/python3.8/site-packages/turtlesim/turtlesim_s__rosidl_typesupport_introspection_c.cpython-38-x86_64-linux-gnu.so
[13.817s] -- Set runtime path of "/home/sam/AST/install/turtlesim/lib/python3.8/site-packages/turtlesim/turtlesim_s__rosidl_typesupport_introspection_c.cpython-38-x86_64-linux-gnu.so" to ""
[13.817s] -- Installing: /home/sam/AST/install/turtlesim/lib/python3.8/site-packages/turtlesim/turtlesim_s__rosidl_typesupport_c.cpython-38-x86_64-linux-gnu.so
[13.817s] -- Set runtime path of "/home/sam/AST/install/turtlesim/lib/python3.8/site-packages/turtlesim/turtlesim_s__rosidl_typesupport_c.cpython-38-x86_64-linux-gnu.so" to ""
[13.818s] -- Installing: /home/sam/AST/install/turtlesim/lib/libturtlesim__python.so
[13.818s] -- Set runtime path of "/home/sam/AST/install/turtlesim/lib/libturtlesim__python.so" to ""
[13.818s] -- Installing: /home/sam/AST/install/turtlesim/share/turtlesim/action/RotateAbsolute.idl
[13.818s] -- Installing: /home/sam/AST/install/turtlesim/share/turtlesim/msg/Color.idl
[13.818s] -- Installing: /home/sam/AST/install/turtlesim/share/turtlesim/msg/Pose.idl
[13.818s] -- Installing: /home/sam/AST/install/turtlesim/share/turtlesim/srv/Kill.idl
[13.818s] -- Installing: /home/sam/AST/install/turtlesim/share/turtlesim/srv/SetPen.idl
[13.818s] -- Installing: /home/sam/AST/install/turtlesim/share/turtlesim/srv/Spawn.idl
[13.818s] -- Installing: /home/sam/AST/install/turtlesim/share/turtlesim/srv/TeleportAbsolute.idl
[13.818s] -- Installing: /home/sam/AST/install/turtlesim/share/turtlesim/srv/TeleportRelative.idl
[13.819s] -- Installing: /home/sam/AST/install/turtlesim/share/turtlesim/action/RotateAbsolute.action
[13.819s] -- Installing: /home/sam/AST/install/turtlesim/share/turtlesim/msg/Color.msg
[13.819s] -- Installing: /home/sam/AST/install/turtlesim/share/turtlesim/msg/Pose.msg
[13.819s] -- Installing: /home/sam/AST/install/turtlesim/share/turtlesim/srv/Kill.srv
[13.819s] -- Installing: /home/sam/AST/install/turtlesim/share/turtlesim/srv/Kill_Request.msg
[13.819s] -- Installing: /home/sam/AST/install/turtlesim/share/turtlesim/srv/Kill_Response.msg
[13.819s] -- Installing: /home/sam/AST/install/turtlesim/share/turtlesim/srv/SetPen.srv
[13.819s] -- Installing: /home/sam/AST/install/turtlesim/share/turtlesim/srv/SetPen_Request.msg
[13.819s] -- Installing: /home/sam/AST/install/turtlesim/share/turtlesim/srv/SetPen_Response.msg
[13.819s] -- Installing: /home/sam/AST/install/turtlesim/share/turtlesim/srv/Spawn.srv
[13.820s] -- Installing: /home/sam/AST/install/turtlesim/share/turtlesim/srv/Spawn_Request.msg
[13.820s] -- Installing: /home/sam/AST/install/turtlesim/share/turtlesim/srv/Spawn_Response.msg
[13.820s] -- Installing: /home/sam/AST/install/turtlesim/share/turtlesim/srv/TeleportAbsolute.srv
[13.820s] -- Installing: /home/sam/AST/install/turtlesim/share/turtlesim/srv/TeleportAbsolute_Request.msg
[13.820s] -- Installing: /home/sam/AST/install/turtlesim/share/turtlesim/srv/TeleportAbsolute_Response.msg
[13.820s] -- Installing: /home/sam/AST/install/turtlesim/share/turtlesim/srv/TeleportRelative.srv
[13.820s] -- Installing: /home/sam/AST/install/turtlesim/share/turtlesim/srv/TeleportRelative_Request.msg
[13.820s] -- Installing: /home/sam/AST/install/turtlesim/share/turtlesim/srv/TeleportRelative_Response.msg
[13.820s] -- Installing: /home/sam/AST/install/turtlesim/lib/turtlesim/turtlesim_node
[13.824s] -- Set runtime path of "/home/sam/AST/install/turtlesim/lib/turtlesim/turtlesim_node" to ""
[13.824s] -- Installing: /home/sam/AST/install/turtlesim/lib/turtlesim/turtle_teleop_key
[13.825s] -- Set runtime path of "/home/sam/AST/install/turtlesim/lib/turtlesim/turtle_teleop_key" to ""
[13.825s] -- Installing: /home/sam/AST/install/turtlesim/lib/turtlesim/draw_square
[13.827s] -- Set runtime path of "/home/sam/AST/install/turtlesim/lib/turtlesim/draw_square" to ""
[13.827s] -- Installing: /home/sam/AST/install/turtlesim/lib/turtlesim/mimic
[13.829s] -- Set runtime path of "/home/sam/AST/install/turtlesim/lib/turtlesim/mimic" to ""
[13.829s] -- Installing: /home/sam/AST/install/turtlesim/share/turtlesim/images
[13.829s] -- Installing: /home/sam/AST/install/turtlesim/share/turtlesim/images/dashing.png
[13.829s] -- Installing: /home/sam/AST/install/turtlesim/share/turtlesim/images/bouncy.png
[13.829s] -- Installing: /home/sam/AST/install/turtlesim/share/turtlesim/images/foxy.png
[13.829s] -- Installing: /home/sam/AST/install/turtlesim/share/turtlesim/images/ardent.png
[13.829s] -- Installing: /home/sam/AST/install/turtlesim/share/turtlesim/images/crystal.png
[13.829s] -- Installing: /home/sam/AST/install/turtlesim/share/turtlesim/images/eloquent.png
[13.829s] -- Installing: /home/sam/AST/install/turtlesim/share/turtlesim/launch
[13.829s] -- Installing: /home/sam/AST/install/turtlesim/share/turtlesim/launch/multisim.launch.py
[13.830s] -- Installing: /home/sam/AST/install/turtlesim/share/ament_index/resource_index/package_run_dependencies/turtlesim
[13.830s] -- Installing: /home/sam/AST/install/turtlesim/share/ament_index/resource_index/parent_prefix_path/turtlesim
[13.830s] -- Installing: /home/sam/AST/install/turtlesim/share/turtlesim/environment/ament_prefix_path.sh
[13.830s] -- Installing: /home/sam/AST/install/turtlesim/share/turtlesim/environment/ament_prefix_path.dsv
[13.830s] -- Installing: /home/sam/AST/install/turtlesim/share/turtlesim/environment/path.sh
[13.830s] -- Installing: /home/sam/AST/install/turtlesim/share/turtlesim/environment/path.dsv
[13.830s] -- Installing: /home/sam/AST/install/turtlesim/share/turtlesim/local_setup.bash
[13.830s] -- Installing: /home/sam/AST/install/turtlesim/share/turtlesim/local_setup.sh
[13.830s] -- Installing: /home/sam/AST/install/turtlesim/share/turtlesim/local_setup.zsh
[13.830s] -- Installing: /home/sam/AST/install/turtlesim/share/turtlesim/local_setup.dsv
[13.831s] -- Installing: /home/sam/AST/install/turtlesim/share/turtlesim/package.dsv
[13.831s] -- Installing: /home/sam/AST/install/turtlesim/share/ament_index/resource_index/packages/turtlesim
[13.831s] -- Installing: /home/sam/AST/install/turtlesim/share/turtlesim/cmake/turtlesim__rosidl_generator_cExport.cmake
[13.831s] -- Installing: /home/sam/AST/install/turtlesim/share/turtlesim/cmake/turtlesim__rosidl_generator_cExport-noconfig.cmake
[13.831s] -- Installing: /home/sam/AST/install/turtlesim/share/turtlesim/cmake/turtlesim__rosidl_typesupport_introspection_cExport.cmake
[13.831s] -- Installing: /home/sam/AST/install/turtlesim/share/turtlesim/cmake/turtlesim__rosidl_typesupport_introspection_cExport-noconfig.cmake
[13.831s] -- Installing: /home/sam/AST/install/turtlesim/share/turtlesim/cmake/turtlesim__rosidl_typesupport_cExport.cmake
[13.831s] -- Installing: /home/sam/AST/install/turtlesim/share/turtlesim/cmake/turtlesim__rosidl_typesupport_cExport-noconfig.cmake
[13.831s] -- Installing: /home/sam/AST/install/turtlesim/share/turtlesim/cmake/turtlesim__rosidl_generator_cppExport.cmake
[13.832s] -- Installing: /home/sam/AST/install/turtlesim/share/turtlesim/cmake/turtlesim__rosidl_typesupport_introspection_cppExport.cmake
[13.832s] -- Installing: /home/sam/AST/install/turtlesim/share/turtlesim/cmake/turtlesim__rosidl_typesupport_introspection_cppExport-noconfig.cmake
[13.832s] -- Installing: /home/sam/AST/install/turtlesim/share/turtlesim/cmake/turtlesim__rosidl_typesupport_cppExport.cmake
[13.832s] -- Installing: /home/sam/AST/install/turtlesim/share/turtlesim/cmake/turtlesim__rosidl_typesupport_cppExport-noconfig.cmake
[13.832s] -- Installing: /home/sam/AST/install/turtlesim/share/turtlesim/cmake/rosidl_cmake-extras.cmake
[13.832s] -- Installing: /home/sam/AST/install/turtlesim/share/turtlesim/cmake/ament_cmake_export_dependencies-extras.cmake
[13.832s] -- Installing: /home/sam/AST/install/turtlesim/share/turtlesim/cmake/ament_cmake_export_libraries-extras.cmake
[13.832s] -- Installing: /home/sam/AST/install/turtlesim/share/turtlesim/cmake/ament_cmake_export_targets-extras.cmake
[13.832s] -- Installing: /home/sam/AST/install/turtlesim/share/turtlesim/cmake/ament_cmake_export_include_directories-extras.cmake
[13.833s] -- Installing: /home/sam/AST/install/turtlesim/share/turtlesim/cmake/rosidl_cmake_export_typesupport_libraries-extras.cmake
[13.833s] -- Installing: /home/sam/AST/install/turtlesim/share/turtlesim/cmake/rosidl_cmake_export_typesupport_targets-extras.cmake
[13.833s] -- Installing: /home/sam/AST/install/turtlesim/share/turtlesim/cmake/turtlesimConfig.cmake
[13.833s] -- Installing: /home/sam/AST/install/turtlesim/share/turtlesim/cmake/turtlesimConfig-version.cmake
[13.833s] -- Installing: /home/sam/AST/install/turtlesim/share/turtlesim/package.xml
[13.835s] Invoked command in '/home/sam/AST/build/turtlesim' returned '0': CMAKE_PREFIX_PATH=/opt/ros/foxy CONDA_PROMPT_MODIFIER=(base) /usr/bin/cmake --install /home/sam/AST/build/turtlesim
