running egg_info
writing ../../build/warehouse_robot_package/warehouse_robot_package.egg-info/PKG-INFO
writing dependency_links to ../../build/warehouse_robot_package/warehouse_robot_package.egg-info/dependency_links.txt
writing entry points to ../../build/warehouse_robot_package/warehouse_robot_package.egg-info/entry_points.txt
writing requirements to ../../build/warehouse_robot_package/warehouse_robot_package.egg-info/requires.txt
writing top-level names to ../../build/warehouse_robot_package/warehouse_robot_package.egg-info/top_level.txt
reading manifest file '../../build/warehouse_robot_package/warehouse_robot_package.egg-info/SOURCES.txt'
writing manifest file '../../build/warehouse_robot_package/warehouse_robot_package.egg-info/SOURCES.txt'
running build
running build_py
running install
running install_lib
running install_data
copying package.xml -> /home/sam/AST/install/warehouse_robot_package/share/warehouse_robot_package
running install_egg_info
removing '/home/sam/AST/install/warehouse_robot_package/lib/python3.8/site-packages/warehouse_robot_package-0.0.0-py3.8.egg-info' (and everything under it)
Copying ../../build/warehouse_robot_package/warehouse_robot_package.egg-info to /home/sam/AST/install/warehouse_robot_package/lib/python3.8/site-packages/warehouse_robot_package-0.0.0-py3.8.egg-info
running install_scripts
Installing warehouse_robot script to /home/sam/AST/install/warehouse_robot_package/lib/warehouse_robot_package
writing list of installed files to '/home/sam/AST/build/warehouse_robot_package/install.log'
