-- The C compiler identification is GNU 9.3.0
-- The CXX compiler identification is GNU 9.3.0
-- Check for working C compiler: /usr/bin/cc
-- Check for working C compiler: /usr/bin/cc -- works
-- Detecting C compiler ABI info
-- Detecting C compiler ABI info - done
-- Detecting C compile features
-- Detecting C compile features - done
-- Check for working CXX compiler: /usr/bin/c++
-- Check for working CXX compiler: /usr/bin/c++ -- works
-- Detecting CXX compiler ABI info
-- Detecting CXX compiler ABI info - done
-- Detecting CXX compile features
-- Detecting CXX compile features - done
-- Found ament_cmake: 0.9.9 (/opt/ros/foxy/share/ament_cmake/cmake)
-- Found PythonInterp: /home/sam/anaconda3/bin/python3 (found suitable version "3.8.8", minimum required is "3") 
-- Using PYTHON_EXECUTABLE: /home/sam/anaconda3/bin/python3
-- Found ament_lint_auto: 0.9.6 (/opt/ros/foxy/share/ament_lint_auto/cmake)
-- Added test 'copyright' to check source files copyright and LICENSE
-- Added test 'cppcheck' to perform static code analysis on C / C++ code
-- Configured cppcheck include dirs: $<BUILD_INTERFACE:/home/sam/AST/src/messages_package/include>
-- Configured cppcheck exclude dirs and/or files: 
-- Added test 'cpplint' to check C / C++ code against the Google style
-- Configured cpplint exclude dirs and/or files: 
-- Added test 'lint_cmake' to check CMake code style
-- Added test 'uncrustify' to check C / C++ code style
-- Configured uncrustify additional arguments: 
-- Added test 'xmllint' to check XML markup files
-- Configuring done
-- Generating done
-- Build files have been written to: /home/sam/AST/build/messages_package
[35m[1mScanning dependencies of target messages_node[0m
[ 50%] [32mBuilding CXX object CMakeFiles/messages_node.dir/src/messages_node.cpp.o[0m
[100%] [32m[1mLinking CXX executable messages_node[0m
[100%] Built target messages_node
-- Install configuration: ""
-- Installing: /home/sam/AST/install/messages_package/lib/messages_package/messages_node
-- Installing: /home/sam/AST/install/messages_package/share/ament_index/resource_index/package_run_dependencies/messages_package
-- Installing: /home/sam/AST/install/messages_package/share/ament_index/resource_index/parent_prefix_path/messages_package
-- Installing: /home/sam/AST/install/messages_package/share/messages_package/environment/ament_prefix_path.sh
-- Installing: /home/sam/AST/install/messages_package/share/messages_package/environment/ament_prefix_path.dsv
-- Installing: /home/sam/AST/install/messages_package/share/messages_package/environment/path.sh
-- Installing: /home/sam/AST/install/messages_package/share/messages_package/environment/path.dsv
-- Installing: /home/sam/AST/install/messages_package/share/messages_package/local_setup.bash
-- Installing: /home/sam/AST/install/messages_package/share/messages_package/local_setup.sh
-- Installing: /home/sam/AST/install/messages_package/share/messages_package/local_setup.zsh
-- Installing: /home/sam/AST/install/messages_package/share/messages_package/local_setup.dsv
-- Installing: /home/sam/AST/install/messages_package/share/messages_package/package.dsv
-- Installing: /home/sam/AST/install/messages_package/share/ament_index/resource_index/packages/messages_package
-- Installing: /home/sam/AST/install/messages_package/share/messages_package/cmake/messages_packageConfig.cmake
-- Installing: /home/sam/AST/install/messages_package/share/messages_package/cmake/messages_packageConfig-version.cmake
-- Installing: /home/sam/AST/install/messages_package/share/messages_package/package.xml
