[0.254s] DEBUG:colcon:Command line arguments: ['/usr/bin/colcon', 'build']
[0.254s] DEBUG:colcon:Parsed command line arguments: Namespace(ament_cmake_args=None, base_paths=['.'], build_base='build', catkin_cmake_args=None, catkin_skip_building_tests=False, cmake_args=None, cmake_clean_cache=False, cmake_clean_first=False, cmake_force_configure=False, cmake_target=None, cmake_target_skip_unavailable=False, continue_on_error=False, event_handlers=None, executor='parallel', ignore_user_meta=False, install_base='install', log_base=None, log_level=None, main=<bound method BuildVerb.main of <colcon_core.verb.build.BuildVerb object at 0x7fd60187e790>>, merge_install=False, metas=['./colcon.meta'], packages_above=None, packages_above_and_dependencies=None, packages_above_depth=None, packages_end=None, packages_ignore=None, packages_ignore_regex=None, packages_select=None, packages_select_build_failed=False, packages_select_by_dep=None, packages_select_regex=None, packages_select_test_failures=False, packages_skip=None, packages_skip_build_finished=False, packages_skip_by_dep=None, packages_skip_regex=None, packages_skip_test_passed=False, packages_skip_up_to=None, packages_start=None, packages_up_to=None, packages_up_to_regex=None, parallel_workers=12, paths=None, symlink_install=False, test_result_base=None, verb_extension=<colcon_core.verb.build.BuildVerb object at 0x7fd60187e790>, verb_name='build', verb_parser=<colcon_defaults.argument_parser.defaults.DefaultArgumentsDecorator object at 0x7fd60187ed00>)
[0.258s] Level 1:colcon.colcon_core.package_discovery:discover_packages(colcon_meta) check parameters
[0.258s] Level 1:colcon.colcon_core.package_discovery:discover_packages(recursive) check parameters
[0.258s] Level 1:colcon.colcon_core.package_discovery:discover_packages(ignore) check parameters
[0.258s] Level 1:colcon.colcon_core.package_discovery:discover_packages(path) check parameters
[0.258s] Level 1:colcon.colcon_core.package_discovery:discover_packages(colcon_meta) discover
[0.258s] Level 1:colcon.colcon_core.package_discovery:discover_packages(recursive) discover
[0.258s] INFO:colcon.colcon_core.package_discovery:Crawling recursively for packages in '/home/sam/AST_Robot_Warehouse'
[0.258s] Level 1:colcon.colcon_core.package_identification:_identify(.) by extensions ['ignore', 'ignore_ament_install']
[0.258s] Level 1:colcon.colcon_core.package_identification:_identify(.) by extension 'ignore'
[0.258s] Level 1:colcon.colcon_core.package_identification:_identify(.) by extension 'ignore_ament_install'
[0.258s] Level 1:colcon.colcon_core.package_identification:_identify(.) by extensions ['colcon_pkg']
[0.258s] Level 1:colcon.colcon_core.package_identification:_identify(.) by extension 'colcon_pkg'
[0.258s] Level 1:colcon.colcon_core.package_identification:_identify(.) by extensions ['colcon_meta']
[0.258s] Level 1:colcon.colcon_core.package_identification:_identify(.) by extension 'colcon_meta'
[0.258s] Level 1:colcon.colcon_core.package_identification:_identify(.) by extensions ['ros']
[0.258s] Level 1:colcon.colcon_core.package_identification:_identify(.) by extension 'ros'
[0.267s] Level 1:colcon.colcon_core.package_identification:_identify(.) by extensions ['cmake', 'python']
[0.267s] Level 1:colcon.colcon_core.package_identification:_identify(.) by extension 'cmake'
[0.267s] Level 1:colcon.colcon_core.package_identification:_identify(.) by extension 'python'
[0.267s] Level 1:colcon.colcon_core.package_identification:_identify(.) by extensions ['python_setup_py']
[0.267s] Level 1:colcon.colcon_core.package_identification:_identify(.) by extension 'python_setup_py'
[0.268s] Level 1:colcon.colcon_core.package_identification:_identify(build) by extensions ['ignore', 'ignore_ament_install']
[0.268s] Level 1:colcon.colcon_core.package_identification:_identify(build) by extension 'ignore'
[0.268s] Level 1:colcon.colcon_core.package_identification:_identify(build) ignored
[0.268s] Level 1:colcon.colcon_core.package_identification:_identify(install) by extensions ['ignore', 'ignore_ament_install']
[0.268s] Level 1:colcon.colcon_core.package_identification:_identify(install) by extension 'ignore'
[0.268s] Level 1:colcon.colcon_core.package_identification:_identify(install) ignored
[0.268s] Level 1:colcon.colcon_core.package_identification:_identify(log) by extensions ['ignore', 'ignore_ament_install']
[0.268s] Level 1:colcon.colcon_core.package_identification:_identify(log) by extension 'ignore'
[0.268s] Level 1:colcon.colcon_core.package_identification:_identify(log) ignored
[0.268s] Level 1:colcon.colcon_core.package_identification:_identify(src) by extensions ['ignore', 'ignore_ament_install']
[0.268s] Level 1:colcon.colcon_core.package_identification:_identify(src) by extension 'ignore'
[0.268s] Level 1:colcon.colcon_core.package_identification:_identify(src) by extension 'ignore_ament_install'
[0.269s] Level 1:colcon.colcon_core.package_identification:_identify(src) by extensions ['colcon_pkg']
[0.269s] Level 1:colcon.colcon_core.package_identification:_identify(src) by extension 'colcon_pkg'
[0.269s] Level 1:colcon.colcon_core.package_identification:_identify(src) by extensions ['colcon_meta']
[0.269s] Level 1:colcon.colcon_core.package_identification:_identify(src) by extension 'colcon_meta'
[0.269s] Level 1:colcon.colcon_core.package_identification:_identify(src) by extensions ['ros']
[0.269s] Level 1:colcon.colcon_core.package_identification:_identify(src) by extension 'ros'
[0.269s] Level 1:colcon.colcon_core.package_identification:_identify(src) by extensions ['cmake', 'python']
[0.269s] Level 1:colcon.colcon_core.package_identification:_identify(src) by extension 'cmake'
[0.269s] Level 1:colcon.colcon_core.package_identification:_identify(src) by extension 'python'
[0.269s] Level 1:colcon.colcon_core.package_identification:_identify(src) by extensions ['python_setup_py']
[0.269s] Level 1:colcon.colcon_core.package_identification:_identify(src) by extension 'python_setup_py'
[0.269s] Level 1:colcon.colcon_core.package_identification:_identify(src/action_tutorials_interfaces) by extensions ['ignore', 'ignore_ament_install']
[0.269s] Level 1:colcon.colcon_core.package_identification:_identify(src/action_tutorials_interfaces) by extension 'ignore'
[0.269s] Level 1:colcon.colcon_core.package_identification:_identify(src/action_tutorials_interfaces) by extension 'ignore_ament_install'
[0.269s] Level 1:colcon.colcon_core.package_identification:_identify(src/action_tutorials_interfaces) by extensions ['colcon_pkg']
[0.269s] Level 1:colcon.colcon_core.package_identification:_identify(src/action_tutorials_interfaces) by extension 'colcon_pkg'
[0.269s] Level 1:colcon.colcon_core.package_identification:_identify(src/action_tutorials_interfaces) by extensions ['colcon_meta']
[0.269s] Level 1:colcon.colcon_core.package_identification:_identify(src/action_tutorials_interfaces) by extension 'colcon_meta'
[0.269s] Level 1:colcon.colcon_core.package_identification:_identify(src/action_tutorials_interfaces) by extensions ['ros']
[0.269s] Level 1:colcon.colcon_core.package_identification:_identify(src/action_tutorials_interfaces) by extension 'ros'
[0.271s] DEBUG:colcon.colcon_core.package_identification:Package 'src/action_tutorials_interfaces' with type 'ros.ament_cmake' and name 'action_tutorials_interfaces'
[0.271s] Level 1:colcon.colcon_core.package_identification:_identify(src/build) by extensions ['ignore', 'ignore_ament_install']
[0.271s] Level 1:colcon.colcon_core.package_identification:_identify(src/build) by extension 'ignore'
[0.271s] Level 1:colcon.colcon_core.package_identification:_identify(src/build) ignored
[0.271s] Level 1:colcon.colcon_core.package_identification:_identify(src/install) by extensions ['ignore', 'ignore_ament_install']
[0.272s] Level 1:colcon.colcon_core.package_identification:_identify(src/install) by extension 'ignore'
[0.272s] Level 1:colcon.colcon_core.package_identification:_identify(src/install) ignored
[0.272s] Level 1:colcon.colcon_core.package_identification:_identify(src/log) by extensions ['ignore', 'ignore_ament_install']
[0.272s] Level 1:colcon.colcon_core.package_identification:_identify(src/log) by extension 'ignore'
[0.272s] Level 1:colcon.colcon_core.package_identification:_identify(src/log) ignored
[0.272s] Level 1:colcon.colcon_core.package_identification:_identify(src/messages_package) by extensions ['ignore', 'ignore_ament_install']
[0.272s] Level 1:colcon.colcon_core.package_identification:_identify(src/messages_package) by extension 'ignore'
[0.272s] Level 1:colcon.colcon_core.package_identification:_identify(src/messages_package) by extension 'ignore_ament_install'
[0.272s] Level 1:colcon.colcon_core.package_identification:_identify(src/messages_package) by extensions ['colcon_pkg']
[0.272s] Level 1:colcon.colcon_core.package_identification:_identify(src/messages_package) by extension 'colcon_pkg'
[0.272s] Level 1:colcon.colcon_core.package_identification:_identify(src/messages_package) by extensions ['colcon_meta']
[0.272s] Level 1:colcon.colcon_core.package_identification:_identify(src/messages_package) by extension 'colcon_meta'
[0.272s] Level 1:colcon.colcon_core.package_identification:_identify(src/messages_package) by extensions ['ros']
[0.272s] Level 1:colcon.colcon_core.package_identification:_identify(src/messages_package) by extension 'ros'
[0.273s] DEBUG:colcon.colcon_core.package_identification:Package 'src/messages_package' with type 'ros.ament_cmake' and name 'messages_package'
[0.273s] Level 1:colcon.colcon_core.package_identification:_identify(src/py_pubsub) by extensions ['ignore', 'ignore_ament_install']
[0.273s] Level 1:colcon.colcon_core.package_identification:_identify(src/py_pubsub) by extension 'ignore'
[0.273s] Level 1:colcon.colcon_core.package_identification:_identify(src/py_pubsub) by extension 'ignore_ament_install'
[0.273s] Level 1:colcon.colcon_core.package_identification:_identify(src/py_pubsub) by extensions ['colcon_pkg']
[0.273s] Level 1:colcon.colcon_core.package_identification:_identify(src/py_pubsub) by extension 'colcon_pkg'
[0.273s] Level 1:colcon.colcon_core.package_identification:_identify(src/py_pubsub) by extensions ['colcon_meta']
[0.273s] Level 1:colcon.colcon_core.package_identification:_identify(src/py_pubsub) by extension 'colcon_meta'
[0.273s] Level 1:colcon.colcon_core.package_identification:_identify(src/py_pubsub) by extensions ['ros']
[0.274s] Level 1:colcon.colcon_core.package_identification:_identify(src/py_pubsub) by extension 'ros'
[0.274s] DEBUG:colcon.colcon_core.package_identification:Package 'src/py_pubsub' with type 'ros.ament_python' and name 'py_pubsub'
[0.275s] Level 1:colcon.colcon_core.package_identification:_identify(src/py_srvcli) by extensions ['ignore', 'ignore_ament_install']
[0.275s] Level 1:colcon.colcon_core.package_identification:_identify(src/py_srvcli) by extension 'ignore'
[0.275s] Level 1:colcon.colcon_core.package_identification:_identify(src/py_srvcli) by extension 'ignore_ament_install'
[0.275s] Level 1:colcon.colcon_core.package_identification:_identify(src/py_srvcli) by extensions ['colcon_pkg']
[0.275s] Level 1:colcon.colcon_core.package_identification:_identify(src/py_srvcli) by extension 'colcon_pkg'
[0.275s] Level 1:colcon.colcon_core.package_identification:_identify(src/py_srvcli) by extensions ['colcon_meta']
[0.275s] Level 1:colcon.colcon_core.package_identification:_identify(src/py_srvcli) by extension 'colcon_meta'
[0.275s] Level 1:colcon.colcon_core.package_identification:_identify(src/py_srvcli) by extensions ['ros']
[0.275s] Level 1:colcon.colcon_core.package_identification:_identify(src/py_srvcli) by extension 'ros'
[0.276s] DEBUG:colcon.colcon_core.package_identification:Package 'src/py_srvcli' with type 'ros.ament_python' and name 'py_srvcli'
[0.276s] Level 1:colcon.colcon_core.package_identification:_identify(src/warehouse_robot_package) by extensions ['ignore', 'ignore_ament_install']
[0.276s] Level 1:colcon.colcon_core.package_identification:_identify(src/warehouse_robot_package) by extension 'ignore'
[0.276s] Level 1:colcon.colcon_core.package_identification:_identify(src/warehouse_robot_package) by extension 'ignore_ament_install'
[0.276s] Level 1:colcon.colcon_core.package_identification:_identify(src/warehouse_robot_package) by extensions ['colcon_pkg']
[0.276s] Level 1:colcon.colcon_core.package_identification:_identify(src/warehouse_robot_package) by extension 'colcon_pkg'
[0.277s] Level 1:colcon.colcon_core.package_identification:_identify(src/warehouse_robot_package) by extensions ['colcon_meta']
[0.277s] Level 1:colcon.colcon_core.package_identification:_identify(src/warehouse_robot_package) by extension 'colcon_meta'
[0.277s] Level 1:colcon.colcon_core.package_identification:_identify(src/warehouse_robot_package) by extensions ['ros']
[0.277s] Level 1:colcon.colcon_core.package_identification:_identify(src/warehouse_robot_package) by extension 'ros'
[0.277s] DEBUG:colcon.colcon_core.package_identification:Package 'src/warehouse_robot_package' with type 'ros.ament_python' and name 'warehouse_robot_package'
[0.277s] Level 1:colcon.colcon_core.package_discovery:discover_packages(recursive) using defaults
[0.277s] Level 1:colcon.colcon_core.package_discovery:discover_packages(ignore) discover
[0.277s] Level 1:colcon.colcon_core.package_discovery:discover_packages(ignore) using defaults
[0.277s] Level 1:colcon.colcon_core.package_discovery:discover_packages(path) discover
[0.277s] Level 1:colcon.colcon_core.package_discovery:discover_packages(path) using defaults
[0.292s] Level 5:colcon.colcon_core.verb:set package 'action_tutorials_interfaces' build argument 'cmake_args' from command line to 'None'
[0.293s] Level 5:colcon.colcon_core.verb:set package 'action_tutorials_interfaces' build argument 'cmake_target' from command line to 'None'
[0.293s] Level 5:colcon.colcon_core.verb:set package 'action_tutorials_interfaces' build argument 'cmake_target_skip_unavailable' from command line to 'False'
[0.293s] Level 5:colcon.colcon_core.verb:set package 'action_tutorials_interfaces' build argument 'cmake_clean_cache' from command line to 'False'
[0.293s] Level 5:colcon.colcon_core.verb:set package 'action_tutorials_interfaces' build argument 'cmake_clean_first' from command line to 'False'
[0.293s] Level 5:colcon.colcon_core.verb:set package 'action_tutorials_interfaces' build argument 'cmake_force_configure' from command line to 'False'
[0.293s] Level 5:colcon.colcon_core.verb:set package 'action_tutorials_interfaces' build argument 'ament_cmake_args' from command line to 'None'
[0.293s] Level 5:colcon.colcon_core.verb:set package 'action_tutorials_interfaces' build argument 'catkin_cmake_args' from command line to 'None'
[0.293s] Level 5:colcon.colcon_core.verb:set package 'action_tutorials_interfaces' build argument 'catkin_skip_building_tests' from command line to 'False'
[0.293s] DEBUG:colcon.colcon_core.verb:Building package 'action_tutorials_interfaces' with the following arguments: {'ament_cmake_args': None, 'build_base': '/home/sam/AST_Robot_Warehouse/build/action_tutorials_interfaces', 'catkin_cmake_args': None, 'catkin_skip_building_tests': False, 'cmake_args': None, 'cmake_clean_cache': False, 'cmake_clean_first': False, 'cmake_force_configure': False, 'cmake_target': None, 'cmake_target_skip_unavailable': False, 'install_base': '/home/sam/AST_Robot_Warehouse/install/action_tutorials_interfaces', 'merge_install': False, 'path': '/home/sam/AST_Robot_Warehouse/src/action_tutorials_interfaces', 'symlink_install': False, 'test_result_base': None}
[0.295s] Level 5:colcon.colcon_core.verb:set package 'messages_package' build argument 'cmake_args' from command line to 'None'
[0.295s] Level 5:colcon.colcon_core.verb:set package 'messages_package' build argument 'cmake_target' from command line to 'None'
[0.295s] Level 5:colcon.colcon_core.verb:set package 'messages_package' build argument 'cmake_target_skip_unavailable' from command line to 'False'
[0.295s] Level 5:colcon.colcon_core.verb:set package 'messages_package' build argument 'cmake_clean_cache' from command line to 'False'
[0.295s] Level 5:colcon.colcon_core.verb:set package 'messages_package' build argument 'cmake_clean_first' from command line to 'False'
[0.295s] Level 5:colcon.colcon_core.verb:set package 'messages_package' build argument 'cmake_force_configure' from command line to 'False'
[0.295s] Level 5:colcon.colcon_core.verb:set package 'messages_package' build argument 'ament_cmake_args' from command line to 'None'
[0.295s] Level 5:colcon.colcon_core.verb:set package 'messages_package' build argument 'catkin_cmake_args' from command line to 'None'
[0.295s] Level 5:colcon.colcon_core.verb:set package 'messages_package' build argument 'catkin_skip_building_tests' from command line to 'False'
[0.295s] DEBUG:colcon.colcon_core.verb:Building package 'messages_package' with the following arguments: {'ament_cmake_args': None, 'build_base': '/home/sam/AST_Robot_Warehouse/build/messages_package', 'catkin_cmake_args': None, 'catkin_skip_building_tests': False, 'cmake_args': None, 'cmake_clean_cache': False, 'cmake_clean_first': False, 'cmake_force_configure': False, 'cmake_target': None, 'cmake_target_skip_unavailable': False, 'install_base': '/home/sam/AST_Robot_Warehouse/install/messages_package', 'merge_install': False, 'path': '/home/sam/AST_Robot_Warehouse/src/messages_package', 'symlink_install': False, 'test_result_base': None}
[0.297s] Level 5:colcon.colcon_core.verb:set package 'py_pubsub' build argument 'cmake_args' from command line to 'None'
[0.297s] Level 5:colcon.colcon_core.verb:set package 'py_pubsub' build argument 'cmake_target' from command line to 'None'
[0.297s] Level 5:colcon.colcon_core.verb:set package 'py_pubsub' build argument 'cmake_target_skip_unavailable' from command line to 'False'
[0.297s] Level 5:colcon.colcon_core.verb:set package 'py_pubsub' build argument 'cmake_clean_cache' from command line to 'False'
[0.297s] Level 5:colcon.colcon_core.verb:set package 'py_pubsub' build argument 'cmake_clean_first' from command line to 'False'
[0.297s] Level 5:colcon.colcon_core.verb:set package 'py_pubsub' build argument 'cmake_force_configure' from command line to 'False'
[0.297s] Level 5:colcon.colcon_core.verb:set package 'py_pubsub' build argument 'ament_cmake_args' from command line to 'None'
[0.297s] Level 5:colcon.colcon_core.verb:set package 'py_pubsub' build argument 'catkin_cmake_args' from command line to 'None'
[0.297s] Level 5:colcon.colcon_core.verb:set package 'py_pubsub' build argument 'catkin_skip_building_tests' from command line to 'False'
[0.297s] DEBUG:colcon.colcon_core.verb:Building package 'py_pubsub' with the following arguments: {'ament_cmake_args': None, 'build_base': '/home/sam/AST_Robot_Warehouse/build/py_pubsub', 'catkin_cmake_args': None, 'catkin_skip_building_tests': False, 'cmake_args': None, 'cmake_clean_cache': False, 'cmake_clean_first': False, 'cmake_force_configure': False, 'cmake_target': None, 'cmake_target_skip_unavailable': False, 'install_base': '/home/sam/AST_Robot_Warehouse/install/py_pubsub', 'merge_install': False, 'path': '/home/sam/AST_Robot_Warehouse/src/py_pubsub', 'symlink_install': False, 'test_result_base': None}
[0.299s] Level 5:colcon.colcon_core.verb:set package 'py_srvcli' build argument 'cmake_args' from command line to 'None'
[0.299s] Level 5:colcon.colcon_core.verb:set package 'py_srvcli' build argument 'cmake_target' from command line to 'None'
[0.299s] Level 5:colcon.colcon_core.verb:set package 'py_srvcli' build argument 'cmake_target_skip_unavailable' from command line to 'False'
[0.299s] Level 5:colcon.colcon_core.verb:set package 'py_srvcli' build argument 'cmake_clean_cache' from command line to 'False'
[0.299s] Level 5:colcon.colcon_core.verb:set package 'py_srvcli' build argument 'cmake_clean_first' from command line to 'False'
[0.299s] Level 5:colcon.colcon_core.verb:set package 'py_srvcli' build argument 'cmake_force_configure' from command line to 'False'
[0.299s] Level 5:colcon.colcon_core.verb:set package 'py_srvcli' build argument 'ament_cmake_args' from command line to 'None'
[0.299s] Level 5:colcon.colcon_core.verb:set package 'py_srvcli' build argument 'catkin_cmake_args' from command line to 'None'
[0.299s] Level 5:colcon.colcon_core.verb:set package 'py_srvcli' build argument 'catkin_skip_building_tests' from command line to 'False'
[0.299s] DEBUG:colcon.colcon_core.verb:Building package 'py_srvcli' with the following arguments: {'ament_cmake_args': None, 'build_base': '/home/sam/AST_Robot_Warehouse/build/py_srvcli', 'catkin_cmake_args': None, 'catkin_skip_building_tests': False, 'cmake_args': None, 'cmake_clean_cache': False, 'cmake_clean_first': False, 'cmake_force_configure': False, 'cmake_target': None, 'cmake_target_skip_unavailable': False, 'install_base': '/home/sam/AST_Robot_Warehouse/install/py_srvcli', 'merge_install': False, 'path': '/home/sam/AST_Robot_Warehouse/src/py_srvcli', 'symlink_install': False, 'test_result_base': None}
[0.301s] Level 5:colcon.colcon_core.verb:set package 'warehouse_robot_package' build argument 'cmake_args' from command line to 'None'
[0.301s] Level 5:colcon.colcon_core.verb:set package 'warehouse_robot_package' build argument 'cmake_target' from command line to 'None'
[0.301s] Level 5:colcon.colcon_core.verb:set package 'warehouse_robot_package' build argument 'cmake_target_skip_unavailable' from command line to 'False'
[0.301s] Level 5:colcon.colcon_core.verb:set package 'warehouse_robot_package' build argument 'cmake_clean_cache' from command line to 'False'
[0.301s] Level 5:colcon.colcon_core.verb:set package 'warehouse_robot_package' build argument 'cmake_clean_first' from command line to 'False'
[0.301s] Level 5:colcon.colcon_core.verb:set package 'warehouse_robot_package' build argument 'cmake_force_configure' from command line to 'False'
[0.301s] Level 5:colcon.colcon_core.verb:set package 'warehouse_robot_package' build argument 'ament_cmake_args' from command line to 'None'
[0.301s] Level 5:colcon.colcon_core.verb:set package 'warehouse_robot_package' build argument 'catkin_cmake_args' from command line to 'None'
[0.301s] Level 5:colcon.colcon_core.verb:set package 'warehouse_robot_package' build argument 'catkin_skip_building_tests' from command line to 'False'
[0.301s] DEBUG:colcon.colcon_core.verb:Building package 'warehouse_robot_package' with the following arguments: {'ament_cmake_args': None, 'build_base': '/home/sam/AST_Robot_Warehouse/build/warehouse_robot_package', 'catkin_cmake_args': None, 'catkin_skip_building_tests': False, 'cmake_args': None, 'cmake_clean_cache': False, 'cmake_clean_first': False, 'cmake_force_configure': False, 'cmake_target': None, 'cmake_target_skip_unavailable': False, 'install_base': '/home/sam/AST_Robot_Warehouse/install/warehouse_robot_package', 'merge_install': False, 'path': '/home/sam/AST_Robot_Warehouse/src/warehouse_robot_package', 'symlink_install': False, 'test_result_base': None}
[0.301s] INFO:colcon.colcon_core.executor:Executing jobs using 'parallel' executor
[0.303s] DEBUG:colcon.colcon_parallel_executor.executor.parallel:run_until_complete
[0.304s] INFO:colcon.colcon_ros.task.ament_cmake.build:Building ROS package in '/home/sam/AST_Robot_Warehouse/src/messages_package' with build type 'ament_cmake'
[0.304s] INFO:colcon.colcon_cmake.task.cmake.build:Building CMake package in '/home/sam/AST_Robot_Warehouse/src/messages_package'
[0.307s] INFO:colcon.colcon_core.plugin_system:Skipping extension 'colcon_core.shell.bat': Not used on non-Windows systems
[0.307s] INFO:colcon.colcon_core.shell:Skip shell extension 'powershell' for command environment: Not usable outside of PowerShell
[0.307s] DEBUG:colcon.colcon_core.shell:Skip shell extension 'dsv' for command environment
[0.310s] DEBUG:colcon.colcon_core.shell:Ignoring prefix path '/opt/ros/foxy'
[0.312s] INFO:colcon.colcon_ros.task.ament_cmake.build:Building ROS package in '/home/sam/AST_Robot_Warehouse/src/action_tutorials_interfaces' with build type 'ament_cmake'
[0.312s] INFO:colcon.colcon_cmake.task.cmake.build:Building CMake package in '/home/sam/AST_Robot_Warehouse/src/action_tutorials_interfaces'
[0.313s] INFO:colcon.colcon_core.shell:Skip shell extension 'powershell' for command environment: Not usable outside of PowerShell
[0.313s] DEBUG:colcon.colcon_core.shell:Skip shell extension 'dsv' for command environment
[0.314s] DEBUG:colcon.colcon_core.shell:Ignoring prefix path '/opt/ros/foxy'
[0.316s] INFO:colcon.colcon_ros.task.ament_python.build:Building ROS package in '/home/sam/AST_Robot_Warehouse/src/py_pubsub' with build type 'ament_python'
[0.317s] Level 1:colcon.colcon_core.shell:create_environment_hook('py_pubsub', 'ament_prefix_path')
[0.318s] INFO:colcon.colcon_core.shell:Creating environment hook '/home/sam/AST_Robot_Warehouse/install/py_pubsub/share/py_pubsub/hook/ament_prefix_path.ps1'
[0.319s] INFO:colcon.colcon_core.shell:Creating environment descriptor '/home/sam/AST_Robot_Warehouse/install/py_pubsub/share/py_pubsub/hook/ament_prefix_path.dsv'
[0.319s] INFO:colcon.colcon_core.shell:Creating environment hook '/home/sam/AST_Robot_Warehouse/install/py_pubsub/share/py_pubsub/hook/ament_prefix_path.sh'
[0.320s] INFO:colcon.colcon_core.shell:Skip shell extension 'powershell' for command environment: Not usable outside of PowerShell
[0.320s] DEBUG:colcon.colcon_core.shell:Skip shell extension 'dsv' for command environment
[0.322s] DEBUG:colcon.colcon_core.shell:Ignoring prefix path '/opt/ros/foxy'
[0.324s] INFO:colcon.colcon_ros.task.ament_python.build:Building ROS package in '/home/sam/AST_Robot_Warehouse/src/py_srvcli' with build type 'ament_python'
[0.325s] Level 1:colcon.colcon_core.shell:create_environment_hook('py_srvcli', 'ament_prefix_path')
[0.326s] INFO:colcon.colcon_core.shell:Creating environment hook '/home/sam/AST_Robot_Warehouse/install/py_srvcli/share/py_srvcli/hook/ament_prefix_path.ps1'
[0.326s] INFO:colcon.colcon_core.shell:Creating environment descriptor '/home/sam/AST_Robot_Warehouse/install/py_srvcli/share/py_srvcli/hook/ament_prefix_path.dsv'
[0.327s] INFO:colcon.colcon_core.shell:Creating environment hook '/home/sam/AST_Robot_Warehouse/install/py_srvcli/share/py_srvcli/hook/ament_prefix_path.sh'
[0.327s] INFO:colcon.colcon_core.shell:Skip shell extension 'powershell' for command environment: Not usable outside of PowerShell
[0.328s] DEBUG:colcon.colcon_core.shell:Skip shell extension 'dsv' for command environment
[0.329s] DEBUG:colcon.colcon_core.shell:Ignoring prefix path '/opt/ros/foxy'
[0.337s] DEBUG:colcon.colcon_core.event_handler.log_command:Invoking command in '/home/sam/AST_Robot_Warehouse/build/messages_package': CMAKE_PREFIX_PATH=${CMAKE_PREFIX_PATH}:/home/sam/AST_Robot_Warehouse/install/warehouse_robot_package:/home/sam/AST_Robot_Warehouse/install/py_srvcli:/home/sam/AST_Robot_Warehouse/install/py_pubsub:/opt/ros/foxy /usr/bin/cmake --build /home/sam/AST_Robot_Warehouse/build/messages_package -- -j12 -l12
[0.346s] DEBUG:colcon.colcon_core.event_handler.log_command:Invoking command in '/home/sam/AST_Robot_Warehouse/build/action_tutorials_interfaces': CMAKE_PREFIX_PATH=${CMAKE_PREFIX_PATH}:/home/sam/AST_Robot_Warehouse/install/warehouse_robot_package:/home/sam/AST_Robot_Warehouse/install/py_srvcli:/home/sam/AST_Robot_Warehouse/install/py_pubsub:/opt/ros/foxy /usr/bin/cmake --build /home/sam/AST_Robot_Warehouse/build/action_tutorials_interfaces -- -j12 -l12
[0.592s] INFO:colcon.colcon_core.task.python.build:Building Python package in '/home/sam/AST_Robot_Warehouse/src/py_pubsub'
[0.593s] INFO:colcon.colcon_core.shell:Skip shell extension 'powershell' for command environment: Not usable outside of PowerShell
[0.593s] DEBUG:colcon.colcon_core.shell:Skip shell extension 'dsv' for command environment
[0.595s] DEBUG:colcon.colcon_core.shell:Ignoring prefix path '/opt/ros/foxy'
[0.807s] INFO:colcon.colcon_core.task.python.build:Building Python package in '/home/sam/AST_Robot_Warehouse/src/py_srvcli'
[0.808s] INFO:colcon.colcon_core.shell:Skip shell extension 'powershell' for command environment: Not usable outside of PowerShell
[0.808s] DEBUG:colcon.colcon_core.shell:Skip shell extension 'dsv' for command environment
[0.810s] DEBUG:colcon.colcon_core.shell:Ignoring prefix path '/opt/ros/foxy'
[0.815s] DEBUG:colcon.colcon_core.event_handler.log_command:Invoked command in '/home/sam/AST_Robot_Warehouse/build/messages_package' returned '0': CMAKE_PREFIX_PATH=${CMAKE_PREFIX_PATH}:/home/sam/AST_Robot_Warehouse/install/warehouse_robot_package:/home/sam/AST_Robot_Warehouse/install/py_srvcli:/home/sam/AST_Robot_Warehouse/install/py_pubsub:/opt/ros/foxy /usr/bin/cmake --build /home/sam/AST_Robot_Warehouse/build/messages_package -- -j12 -l12
[0.817s] DEBUG:colcon.colcon_core.event_handler.log_command:Invoked command in '/home/sam/AST_Robot_Warehouse/build/action_tutorials_interfaces' returned '0': CMAKE_PREFIX_PATH=${CMAKE_PREFIX_PATH}:/home/sam/AST_Robot_Warehouse/install/warehouse_robot_package:/home/sam/AST_Robot_Warehouse/install/py_srvcli:/home/sam/AST_Robot_Warehouse/install/py_pubsub:/opt/ros/foxy /usr/bin/cmake --build /home/sam/AST_Robot_Warehouse/build/action_tutorials_interfaces -- -j12 -l12
[0.826s] DEBUG:colcon.colcon_core.event_handler.log_command:Invoking command in '/home/sam/AST_Robot_Warehouse/src/py_pubsub': PYTHONPATH=/home/sam/AST_Robot_Warehouse/install/py_pubsub/lib/python3.8/site-packages:${PYTHONPATH} /usr/bin/python3 setup.py egg_info --egg-base ../../build/py_pubsub build --build-base /home/sam/AST_Robot_Warehouse/build/py_pubsub/build install --prefix /home/sam/AST_Robot_Warehouse/install/py_pubsub --record /home/sam/AST_Robot_Warehouse/build/py_pubsub/install.log --single-version-externally-managed
[0.829s] DEBUG:colcon.colcon_core.event_handler.log_command:Invoking command in '/home/sam/AST_Robot_Warehouse/src/py_srvcli': PYTHONPATH=/home/sam/AST_Robot_Warehouse/install/py_srvcli/lib/python3.8/site-packages:${PYTHONPATH} /usr/bin/python3 setup.py egg_info --egg-base ../../build/py_srvcli build --build-base /home/sam/AST_Robot_Warehouse/build/py_srvcli/build install --prefix /home/sam/AST_Robot_Warehouse/install/py_srvcli --record /home/sam/AST_Robot_Warehouse/build/py_srvcli/install.log --single-version-externally-managed
[0.879s] DEBUG:colcon.colcon_core.event_handler.log_command:Invoking command in '/home/sam/AST_Robot_Warehouse/build/action_tutorials_interfaces': CMAKE_PREFIX_PATH=${CMAKE_PREFIX_PATH}:/home/sam/AST_Robot_Warehouse/install/warehouse_robot_package:/home/sam/AST_Robot_Warehouse/install/py_srvcli:/home/sam/AST_Robot_Warehouse/install/py_pubsub:/opt/ros/foxy /usr/bin/cmake --install /home/sam/AST_Robot_Warehouse/build/action_tutorials_interfaces
[0.935s] Level 1:colcon.colcon_core.environment:create_environment_scripts_only(action_tutorials_interfaces)
[0.939s] DEBUG:colcon.colcon_core.event_handler.log_command:Invoked command in '/home/sam/AST_Robot_Warehouse/build/action_tutorials_interfaces' returned '0': CMAKE_PREFIX_PATH=${CMAKE_PREFIX_PATH}:/home/sam/AST_Robot_Warehouse/install/warehouse_robot_package:/home/sam/AST_Robot_Warehouse/install/py_srvcli:/home/sam/AST_Robot_Warehouse/install/py_pubsub:/opt/ros/foxy /usr/bin/cmake --install /home/sam/AST_Robot_Warehouse/build/action_tutorials_interfaces
[0.940s] Level 1:colcon.colcon_core.environment:checking '/home/sam/AST_Robot_Warehouse/install/action_tutorials_interfaces' for CMake module files
[0.940s] Level 1:colcon.colcon_core.environment:checking '/home/sam/AST_Robot_Warehouse/install/action_tutorials_interfaces' for CMake config files
[0.941s] Level 1:colcon.colcon_core.shell:create_environment_hook('action_tutorials_interfaces', 'cmake_prefix_path')
[0.941s] INFO:colcon.colcon_core.shell:Creating environment hook '/home/sam/AST_Robot_Warehouse/install/action_tutorials_interfaces/share/action_tutorials_interfaces/hook/cmake_prefix_path.ps1'
[0.942s] INFO:colcon.colcon_core.shell:Creating environment descriptor '/home/sam/AST_Robot_Warehouse/install/action_tutorials_interfaces/share/action_tutorials_interfaces/hook/cmake_prefix_path.dsv'
[0.942s] INFO:colcon.colcon_core.shell:Creating environment hook '/home/sam/AST_Robot_Warehouse/install/action_tutorials_interfaces/share/action_tutorials_interfaces/hook/cmake_prefix_path.sh'
[0.943s] Level 1:colcon.colcon_core.environment:checking '/home/sam/AST_Robot_Warehouse/install/action_tutorials_interfaces/lib'
[0.943s] Level 1:colcon.colcon_core.shell:create_environment_hook('action_tutorials_interfaces', 'ld_library_path_lib')
[0.944s] INFO:colcon.colcon_core.shell:Creating environment hook '/home/sam/AST_Robot_Warehouse/install/action_tutorials_interfaces/share/action_tutorials_interfaces/hook/ld_library_path_lib.ps1'
[0.944s] INFO:colcon.colcon_core.shell:Creating environment descriptor '/home/sam/AST_Robot_Warehouse/install/action_tutorials_interfaces/share/action_tutorials_interfaces/hook/ld_library_path_lib.dsv'
[0.945s] INFO:colcon.colcon_core.shell:Creating environment hook '/home/sam/AST_Robot_Warehouse/install/action_tutorials_interfaces/share/action_tutorials_interfaces/hook/ld_library_path_lib.sh'
[0.945s] Level 1:colcon.colcon_core.environment:checking '/home/sam/AST_Robot_Warehouse/install/action_tutorials_interfaces/bin'
[0.945s] Level 1:colcon.colcon_core.environment:checking '/home/sam/AST_Robot_Warehouse/install/action_tutorials_interfaces/lib/pkgconfig/action_tutorials_interfaces.pc'
[0.945s] Level 1:colcon.colcon_core.environment:checking '/home/sam/AST_Robot_Warehouse/install/action_tutorials_interfaces/lib/python3.8/site-packages'
[0.945s] Level 1:colcon.colcon_core.shell:create_environment_hook('action_tutorials_interfaces', 'pythonpath')
[0.945s] INFO:colcon.colcon_core.shell:Creating environment hook '/home/sam/AST_Robot_Warehouse/install/action_tutorials_interfaces/share/action_tutorials_interfaces/hook/pythonpath.ps1'
[0.946s] INFO:colcon.colcon_core.shell:Creating environment descriptor '/home/sam/AST_Robot_Warehouse/install/action_tutorials_interfaces/share/action_tutorials_interfaces/hook/pythonpath.dsv'
[0.946s] INFO:colcon.colcon_core.shell:Creating environment hook '/home/sam/AST_Robot_Warehouse/install/action_tutorials_interfaces/share/action_tutorials_interfaces/hook/pythonpath.sh'
[0.947s] INFO:colcon.colcon_core.shell:Creating package script '/home/sam/AST_Robot_Warehouse/install/action_tutorials_interfaces/share/action_tutorials_interfaces/package.ps1'
[0.948s] INFO:colcon.colcon_core.shell:Creating package descriptor '/home/sam/AST_Robot_Warehouse/install/action_tutorials_interfaces/share/action_tutorials_interfaces/package.dsv'
[0.948s] INFO:colcon.colcon_core.shell:Creating package script '/home/sam/AST_Robot_Warehouse/install/action_tutorials_interfaces/share/action_tutorials_interfaces/package.sh'
[0.949s] INFO:colcon.colcon_core.shell:Creating package script '/home/sam/AST_Robot_Warehouse/install/action_tutorials_interfaces/share/action_tutorials_interfaces/package.bash'
[0.949s] INFO:colcon.colcon_core.shell:Creating package script '/home/sam/AST_Robot_Warehouse/install/action_tutorials_interfaces/share/action_tutorials_interfaces/package.zsh'
[0.950s] Level 1:colcon.colcon_core.environment:create_file_with_runtime_dependencies(/home/sam/AST_Robot_Warehouse/install/action_tutorials_interfaces/share/colcon-core/packages/action_tutorials_interfaces)
[1.000s] Level 1:colcon.colcon_core.environment:create_environment_scripts_only(action_tutorials_interfaces)
[1.002s] Level 1:colcon.colcon_core.environment:checking '/home/sam/AST_Robot_Warehouse/install/action_tutorials_interfaces' for CMake module files
[1.003s] Level 1:colcon.colcon_core.environment:checking '/home/sam/AST_Robot_Warehouse/install/action_tutorials_interfaces' for CMake config files
[1.004s] Level 1:colcon.colcon_core.shell:create_environment_hook('action_tutorials_interfaces', 'cmake_prefix_path')
[1.004s] INFO:colcon.colcon_core.shell:Creating environment hook '/home/sam/AST_Robot_Warehouse/install/action_tutorials_interfaces/share/action_tutorials_interfaces/hook/cmake_prefix_path.ps1'
[1.005s] INFO:colcon.colcon_core.shell:Creating environment descriptor '/home/sam/AST_Robot_Warehouse/install/action_tutorials_interfaces/share/action_tutorials_interfaces/hook/cmake_prefix_path.dsv'
[1.006s] INFO:colcon.colcon_core.shell:Creating environment hook '/home/sam/AST_Robot_Warehouse/install/action_tutorials_interfaces/share/action_tutorials_interfaces/hook/cmake_prefix_path.sh'
[1.006s] Level 1:colcon.colcon_core.environment:checking '/home/sam/AST_Robot_Warehouse/install/action_tutorials_interfaces/lib'
[1.007s] Level 1:colcon.colcon_core.shell:create_environment_hook('action_tutorials_interfaces', 'ld_library_path_lib')
[1.008s] INFO:colcon.colcon_core.shell:Creating environment hook '/home/sam/AST_Robot_Warehouse/install/action_tutorials_interfaces/share/action_tutorials_interfaces/hook/ld_library_path_lib.ps1'
[1.008s] INFO:colcon.colcon_core.shell:Creating environment descriptor '/home/sam/AST_Robot_Warehouse/install/action_tutorials_interfaces/share/action_tutorials_interfaces/hook/ld_library_path_lib.dsv'
[1.009s] INFO:colcon.colcon_core.shell:Creating environment hook '/home/sam/AST_Robot_Warehouse/install/action_tutorials_interfaces/share/action_tutorials_interfaces/hook/ld_library_path_lib.sh'
[1.009s] Level 1:colcon.colcon_core.environment:checking '/home/sam/AST_Robot_Warehouse/install/action_tutorials_interfaces/bin'
[1.009s] Level 1:colcon.colcon_core.environment:checking '/home/sam/AST_Robot_Warehouse/install/action_tutorials_interfaces/lib/pkgconfig/action_tutorials_interfaces.pc'
[1.009s] Level 1:colcon.colcon_core.environment:checking '/home/sam/AST_Robot_Warehouse/install/action_tutorials_interfaces/lib/python3.8/site-packages'
[1.009s] Level 1:colcon.colcon_core.shell:create_environment_hook('action_tutorials_interfaces', 'pythonpath')
[1.010s] INFO:colcon.colcon_core.shell:Creating environment hook '/home/sam/AST_Robot_Warehouse/install/action_tutorials_interfaces/share/action_tutorials_interfaces/hook/pythonpath.ps1'
[1.011s] INFO:colcon.colcon_core.shell:Creating environment descriptor '/home/sam/AST_Robot_Warehouse/install/action_tutorials_interfaces/share/action_tutorials_interfaces/hook/pythonpath.dsv'
[1.011s] INFO:colcon.colcon_core.shell:Creating environment hook '/home/sam/AST_Robot_Warehouse/install/action_tutorials_interfaces/share/action_tutorials_interfaces/hook/pythonpath.sh'
[1.013s] INFO:colcon.colcon_core.shell:Creating package script '/home/sam/AST_Robot_Warehouse/install/action_tutorials_interfaces/share/action_tutorials_interfaces/package.ps1'
[1.014s] INFO:colcon.colcon_core.shell:Creating package descriptor '/home/sam/AST_Robot_Warehouse/install/action_tutorials_interfaces/share/action_tutorials_interfaces/package.dsv'
[1.014s] INFO:colcon.colcon_core.shell:Creating package script '/home/sam/AST_Robot_Warehouse/install/action_tutorials_interfaces/share/action_tutorials_interfaces/package.sh'
[1.015s] INFO:colcon.colcon_core.shell:Creating package script '/home/sam/AST_Robot_Warehouse/install/action_tutorials_interfaces/share/action_tutorials_interfaces/package.bash'
[1.016s] INFO:colcon.colcon_core.shell:Creating package script '/home/sam/AST_Robot_Warehouse/install/action_tutorials_interfaces/share/action_tutorials_interfaces/package.zsh'
[1.016s] Level 1:colcon.colcon_core.environment:create_file_with_runtime_dependencies(/home/sam/AST_Robot_Warehouse/install/action_tutorials_interfaces/share/colcon-core/packages/action_tutorials_interfaces)
[1.036s] DEBUG:colcon.colcon_core.event_handler.log_command:Invoking command in '/home/sam/AST_Robot_Warehouse/build/messages_package': CMAKE_PREFIX_PATH=${CMAKE_PREFIX_PATH}:/home/sam/AST_Robot_Warehouse/install/warehouse_robot_package:/home/sam/AST_Robot_Warehouse/install/py_srvcli:/home/sam/AST_Robot_Warehouse/install/py_pubsub:/opt/ros/foxy /usr/bin/cmake --install /home/sam/AST_Robot_Warehouse/build/messages_package
[1.126s] Level 1:colcon.colcon_core.environment:create_environment_scripts_only(messages_package)
[1.129s] Level 1:colcon.colcon_core.environment:checking '/home/sam/AST_Robot_Warehouse/install/messages_package' for CMake module files
[1.133s] Level 1:colcon.colcon_core.environment:checking '/home/sam/AST_Robot_Warehouse/install/messages_package' for CMake config files
[1.136s] DEBUG:colcon.colcon_core.event_handler.log_command:Invoked command in '/home/sam/AST_Robot_Warehouse/build/messages_package' returned '0': CMAKE_PREFIX_PATH=${CMAKE_PREFIX_PATH}:/home/sam/AST_Robot_Warehouse/install/warehouse_robot_package:/home/sam/AST_Robot_Warehouse/install/py_srvcli:/home/sam/AST_Robot_Warehouse/install/py_pubsub:/opt/ros/foxy /usr/bin/cmake --install /home/sam/AST_Robot_Warehouse/build/messages_package
[1.136s] Level 1:colcon.colcon_core.shell:create_environment_hook('messages_package', 'cmake_prefix_path')
[1.138s] INFO:colcon.colcon_core.shell:Creating environment hook '/home/sam/AST_Robot_Warehouse/install/messages_package/share/messages_package/hook/cmake_prefix_path.ps1'
[1.139s] INFO:colcon.colcon_core.shell:Creating environment descriptor '/home/sam/AST_Robot_Warehouse/install/messages_package/share/messages_package/hook/cmake_prefix_path.dsv'
[1.139s] INFO:colcon.colcon_core.shell:Creating environment hook '/home/sam/AST_Robot_Warehouse/install/messages_package/share/messages_package/hook/cmake_prefix_path.sh'
[1.140s] Level 1:colcon.colcon_core.environment:checking '/home/sam/AST_Robot_Warehouse/install/messages_package/lib'
[1.140s] Level 1:colcon.colcon_core.shell:create_environment_hook('messages_package', 'ld_library_path_lib')
[1.141s] INFO:colcon.colcon_core.shell:Creating environment hook '/home/sam/AST_Robot_Warehouse/install/messages_package/share/messages_package/hook/ld_library_path_lib.ps1'
[1.142s] INFO:colcon.colcon_core.shell:Creating environment descriptor '/home/sam/AST_Robot_Warehouse/install/messages_package/share/messages_package/hook/ld_library_path_lib.dsv'
[1.143s] INFO:colcon.colcon_core.shell:Creating environment hook '/home/sam/AST_Robot_Warehouse/install/messages_package/share/messages_package/hook/ld_library_path_lib.sh'
[1.143s] Level 1:colcon.colcon_core.environment:checking '/home/sam/AST_Robot_Warehouse/install/messages_package/bin'
[1.143s] Level 1:colcon.colcon_core.environment:checking '/home/sam/AST_Robot_Warehouse/install/messages_package/lib/pkgconfig/messages_package.pc'
[1.143s] Level 1:colcon.colcon_core.environment:checking '/home/sam/AST_Robot_Warehouse/install/messages_package/lib/python3.8/site-packages'
[1.143s] Level 1:colcon.colcon_core.shell:create_environment_hook('messages_package', 'pythonpath')
[1.144s] INFO:colcon.colcon_core.shell:Creating environment hook '/home/sam/AST_Robot_Warehouse/install/messages_package/share/messages_package/hook/pythonpath.ps1'
[1.145s] INFO:colcon.colcon_core.shell:Creating environment descriptor '/home/sam/AST_Robot_Warehouse/install/messages_package/share/messages_package/hook/pythonpath.dsv'
[1.146s] INFO:colcon.colcon_core.shell:Creating environment hook '/home/sam/AST_Robot_Warehouse/install/messages_package/share/messages_package/hook/pythonpath.sh'
[1.147s] INFO:colcon.colcon_core.shell:Creating package script '/home/sam/AST_Robot_Warehouse/install/messages_package/share/messages_package/package.ps1'
[1.149s] INFO:colcon.colcon_core.shell:Creating package descriptor '/home/sam/AST_Robot_Warehouse/install/messages_package/share/messages_package/package.dsv'
[1.151s] INFO:colcon.colcon_core.shell:Creating package script '/home/sam/AST_Robot_Warehouse/install/messages_package/share/messages_package/package.sh'
[1.154s] INFO:colcon.colcon_core.shell:Creating package script '/home/sam/AST_Robot_Warehouse/install/messages_package/share/messages_package/package.bash'
[1.155s] INFO:colcon.colcon_core.shell:Creating package script '/home/sam/AST_Robot_Warehouse/install/messages_package/share/messages_package/package.zsh'
[1.157s] Level 1:colcon.colcon_core.environment:create_file_with_runtime_dependencies(/home/sam/AST_Robot_Warehouse/install/messages_package/share/colcon-core/packages/messages_package)
[1.227s] Level 1:colcon.colcon_core.environment:checking '/home/sam/AST_Robot_Warehouse/install/py_pubsub' for CMake module files
[1.229s] DEBUG:colcon.colcon_core.event_handler.log_command:Invoked command in '/home/sam/AST_Robot_Warehouse/src/py_pubsub' returned '0': PYTHONPATH=/home/sam/AST_Robot_Warehouse/install/py_pubsub/lib/python3.8/site-packages:${PYTHONPATH} /usr/bin/python3 setup.py egg_info --egg-base ../../build/py_pubsub build --build-base /home/sam/AST_Robot_Warehouse/build/py_pubsub/build install --prefix /home/sam/AST_Robot_Warehouse/install/py_pubsub --record /home/sam/AST_Robot_Warehouse/build/py_pubsub/install.log --single-version-externally-managed
[1.230s] Level 1:colcon.colcon_core.environment:checking '/home/sam/AST_Robot_Warehouse/install/py_pubsub' for CMake config files
[1.231s] Level 1:colcon.colcon_core.environment:checking '/home/sam/AST_Robot_Warehouse/install/py_pubsub/lib'
[1.231s] Level 1:colcon.colcon_core.environment:checking '/home/sam/AST_Robot_Warehouse/install/py_pubsub/bin'
[1.231s] Level 1:colcon.colcon_core.environment:checking '/home/sam/AST_Robot_Warehouse/install/py_pubsub/lib/pkgconfig/py_pubsub.pc'
[1.232s] Level 1:colcon.colcon_core.environment:checking '/home/sam/AST_Robot_Warehouse/install/py_pubsub/lib/python3.8/site-packages'
[1.232s] Level 1:colcon.colcon_core.shell:create_environment_hook('py_pubsub', 'pythonpath')
[1.233s] INFO:colcon.colcon_core.shell:Creating environment hook '/home/sam/AST_Robot_Warehouse/install/py_pubsub/share/py_pubsub/hook/pythonpath.ps1'
[1.234s] INFO:colcon.colcon_core.shell:Creating environment descriptor '/home/sam/AST_Robot_Warehouse/install/py_pubsub/share/py_pubsub/hook/pythonpath.dsv'
[1.235s] INFO:colcon.colcon_core.shell:Creating environment hook '/home/sam/AST_Robot_Warehouse/install/py_pubsub/share/py_pubsub/hook/pythonpath.sh'
[1.236s] Level 1:colcon.colcon_core.environment:create_environment_scripts_only(py_pubsub)
[1.237s] INFO:colcon.colcon_core.shell:Creating package script '/home/sam/AST_Robot_Warehouse/install/py_pubsub/share/py_pubsub/package.ps1'
[1.238s] INFO:colcon.colcon_core.shell:Creating package descriptor '/home/sam/AST_Robot_Warehouse/install/py_pubsub/share/py_pubsub/package.dsv'
[1.239s] INFO:colcon.colcon_core.shell:Creating package script '/home/sam/AST_Robot_Warehouse/install/py_pubsub/share/py_pubsub/package.sh'
[1.240s] INFO:colcon.colcon_core.shell:Creating package script '/home/sam/AST_Robot_Warehouse/install/py_pubsub/share/py_pubsub/package.bash'
[1.240s] INFO:colcon.colcon_core.shell:Creating package script '/home/sam/AST_Robot_Warehouse/install/py_pubsub/share/py_pubsub/package.zsh'
[1.241s] Level 1:colcon.colcon_core.environment:create_file_with_runtime_dependencies(/home/sam/AST_Robot_Warehouse/install/py_pubsub/share/colcon-core/packages/py_pubsub)
[1.244s] Level 1:colcon.colcon_core.environment:checking '/home/sam/AST_Robot_Warehouse/install/py_srvcli' for CMake module files
[1.245s] DEBUG:colcon.colcon_core.event_handler.log_command:Invoked command in '/home/sam/AST_Robot_Warehouse/src/py_srvcli' returned '0': PYTHONPATH=/home/sam/AST_Robot_Warehouse/install/py_srvcli/lib/python3.8/site-packages:${PYTHONPATH} /usr/bin/python3 setup.py egg_info --egg-base ../../build/py_srvcli build --build-base /home/sam/AST_Robot_Warehouse/build/py_srvcli/build install --prefix /home/sam/AST_Robot_Warehouse/install/py_srvcli --record /home/sam/AST_Robot_Warehouse/build/py_srvcli/install.log --single-version-externally-managed
[1.245s] Level 1:colcon.colcon_core.environment:checking '/home/sam/AST_Robot_Warehouse/install/py_srvcli' for CMake config files
[1.246s] Level 1:colcon.colcon_core.environment:checking '/home/sam/AST_Robot_Warehouse/install/py_srvcli/lib'
[1.246s] Level 1:colcon.colcon_core.environment:checking '/home/sam/AST_Robot_Warehouse/install/py_srvcli/bin'
[1.246s] Level 1:colcon.colcon_core.environment:checking '/home/sam/AST_Robot_Warehouse/install/py_srvcli/lib/pkgconfig/py_srvcli.pc'
[1.246s] Level 1:colcon.colcon_core.environment:checking '/home/sam/AST_Robot_Warehouse/install/py_srvcli/lib/python3.8/site-packages'
[1.247s] Level 1:colcon.colcon_core.shell:create_environment_hook('py_srvcli', 'pythonpath')
[1.248s] INFO:colcon.colcon_core.shell:Creating environment hook '/home/sam/AST_Robot_Warehouse/install/py_srvcli/share/py_srvcli/hook/pythonpath.ps1'
[1.249s] INFO:colcon.colcon_core.shell:Creating environment descriptor '/home/sam/AST_Robot_Warehouse/install/py_srvcli/share/py_srvcli/hook/pythonpath.dsv'
[1.249s] INFO:colcon.colcon_core.shell:Creating environment hook '/home/sam/AST_Robot_Warehouse/install/py_srvcli/share/py_srvcli/hook/pythonpath.sh'
[1.250s] Level 1:colcon.colcon_core.environment:create_environment_scripts_only(py_srvcli)
[1.252s] INFO:colcon.colcon_core.shell:Creating package script '/home/sam/AST_Robot_Warehouse/install/py_srvcli/share/py_srvcli/package.ps1'
[1.254s] INFO:colcon.colcon_core.shell:Creating package descriptor '/home/sam/AST_Robot_Warehouse/install/py_srvcli/share/py_srvcli/package.dsv'
[1.254s] INFO:colcon.colcon_core.shell:Creating package script '/home/sam/AST_Robot_Warehouse/install/py_srvcli/share/py_srvcli/package.sh'
[1.255s] INFO:colcon.colcon_core.shell:Creating package script '/home/sam/AST_Robot_Warehouse/install/py_srvcli/share/py_srvcli/package.bash'
[1.255s] INFO:colcon.colcon_core.shell:Creating package script '/home/sam/AST_Robot_Warehouse/install/py_srvcli/share/py_srvcli/package.zsh'
[1.256s] Level 1:colcon.colcon_core.environment:create_file_with_runtime_dependencies(/home/sam/AST_Robot_Warehouse/install/py_srvcli/share/colcon-core/packages/py_srvcli)
[1.535s] Level 1:colcon.colcon_core.environment:create_environment_scripts_only(messages_package)
[1.537s] Level 1:colcon.colcon_core.environment:checking '/home/sam/AST_Robot_Warehouse/install/messages_package' for CMake module files
[1.537s] Level 1:colcon.colcon_core.environment:checking '/home/sam/AST_Robot_Warehouse/install/messages_package' for CMake config files
[1.538s] Level 1:colcon.colcon_core.shell:create_environment_hook('messages_package', 'cmake_prefix_path')
[1.538s] INFO:colcon.colcon_core.shell:Creating environment hook '/home/sam/AST_Robot_Warehouse/install/messages_package/share/messages_package/hook/cmake_prefix_path.ps1'
[1.539s] INFO:colcon.colcon_core.shell:Creating environment descriptor '/home/sam/AST_Robot_Warehouse/install/messages_package/share/messages_package/hook/cmake_prefix_path.dsv'
[1.539s] INFO:colcon.colcon_core.shell:Creating environment hook '/home/sam/AST_Robot_Warehouse/install/messages_package/share/messages_package/hook/cmake_prefix_path.sh'
[1.539s] Level 1:colcon.colcon_core.environment:checking '/home/sam/AST_Robot_Warehouse/install/messages_package/lib'
[1.540s] Level 1:colcon.colcon_core.shell:create_environment_hook('messages_package', 'ld_library_path_lib')
[1.540s] INFO:colcon.colcon_core.shell:Creating environment hook '/home/sam/AST_Robot_Warehouse/install/messages_package/share/messages_package/hook/ld_library_path_lib.ps1'
[1.540s] INFO:colcon.colcon_core.shell:Creating environment descriptor '/home/sam/AST_Robot_Warehouse/install/messages_package/share/messages_package/hook/ld_library_path_lib.dsv'
[1.541s] INFO:colcon.colcon_core.shell:Creating environment hook '/home/sam/AST_Robot_Warehouse/install/messages_package/share/messages_package/hook/ld_library_path_lib.sh'
[1.541s] Level 1:colcon.colcon_core.environment:checking '/home/sam/AST_Robot_Warehouse/install/messages_package/bin'
[1.541s] Level 1:colcon.colcon_core.environment:checking '/home/sam/AST_Robot_Warehouse/install/messages_package/lib/pkgconfig/messages_package.pc'
[1.541s] Level 1:colcon.colcon_core.environment:checking '/home/sam/AST_Robot_Warehouse/install/messages_package/lib/python3.8/site-packages'
[1.541s] Level 1:colcon.colcon_core.shell:create_environment_hook('messages_package', 'pythonpath')
[1.542s] INFO:colcon.colcon_core.shell:Creating environment hook '/home/sam/AST_Robot_Warehouse/install/messages_package/share/messages_package/hook/pythonpath.ps1'
[1.542s] INFO:colcon.colcon_core.shell:Creating environment descriptor '/home/sam/AST_Robot_Warehouse/install/messages_package/share/messages_package/hook/pythonpath.dsv'
[1.542s] INFO:colcon.colcon_core.shell:Creating environment hook '/home/sam/AST_Robot_Warehouse/install/messages_package/share/messages_package/hook/pythonpath.sh'
[1.543s] INFO:colcon.colcon_core.shell:Creating package script '/home/sam/AST_Robot_Warehouse/install/messages_package/share/messages_package/package.ps1'
[1.543s] INFO:colcon.colcon_core.shell:Creating package descriptor '/home/sam/AST_Robot_Warehouse/install/messages_package/share/messages_package/package.dsv'
[1.544s] INFO:colcon.colcon_core.shell:Creating package script '/home/sam/AST_Robot_Warehouse/install/messages_package/share/messages_package/package.sh'
[1.545s] INFO:colcon.colcon_core.shell:Creating package script '/home/sam/AST_Robot_Warehouse/install/messages_package/share/messages_package/package.bash'
[1.545s] INFO:colcon.colcon_core.shell:Creating package script '/home/sam/AST_Robot_Warehouse/install/messages_package/share/messages_package/package.zsh'
[1.545s] Level 1:colcon.colcon_core.environment:create_file_with_runtime_dependencies(/home/sam/AST_Robot_Warehouse/install/messages_package/share/colcon-core/packages/messages_package)
[1.546s] INFO:colcon.colcon_ros.task.ament_python.build:Building ROS package in '/home/sam/AST_Robot_Warehouse/src/warehouse_robot_package' with build type 'ament_python'
[1.546s] Level 1:colcon.colcon_core.shell:create_environment_hook('warehouse_robot_package', 'ament_prefix_path')
[1.546s] INFO:colcon.colcon_core.shell:Creating environment hook '/home/sam/AST_Robot_Warehouse/install/warehouse_robot_package/share/warehouse_robot_package/hook/ament_prefix_path.ps1'
[1.547s] INFO:colcon.colcon_core.shell:Creating environment descriptor '/home/sam/AST_Robot_Warehouse/install/warehouse_robot_package/share/warehouse_robot_package/hook/ament_prefix_path.dsv'
[1.547s] INFO:colcon.colcon_core.shell:Creating environment hook '/home/sam/AST_Robot_Warehouse/install/warehouse_robot_package/share/warehouse_robot_package/hook/ament_prefix_path.sh'
[1.549s] INFO:colcon.colcon_core.shell:Skip shell extension 'powershell' for command environment: Not usable outside of PowerShell
[1.549s] DEBUG:colcon.colcon_core.shell:Skip shell extension 'dsv' for command environment
[1.551s] DEBUG:colcon.colcon_core.shell:Ignoring prefix path '/opt/ros/foxy'
[1.864s] INFO:colcon.colcon_core.task.python.build:Building Python package in '/home/sam/AST_Robot_Warehouse/src/warehouse_robot_package'
[1.866s] INFO:colcon.colcon_core.shell:Skip shell extension 'powershell' for command environment: Not usable outside of PowerShell
[1.866s] DEBUG:colcon.colcon_core.shell:Skip shell extension 'dsv' for command environment
[1.870s] DEBUG:colcon.colcon_core.shell:Ignoring prefix path '/opt/ros/foxy'
[1.884s] DEBUG:colcon.colcon_core.event_handler.log_command:Invoking command in '/home/sam/AST_Robot_Warehouse/src/warehouse_robot_package': CMAKE_PREFIX_PATH=/home/sam/AST_Robot_Warehouse/install/messages_package:/home/sam/AST_Robot_Warehouse/install/turtlesim:/home/sam/AST_Robot_Warehouse/install/my_package:/home/sam/AST_Robot_Warehouse/install/action_tutorials_interfaces LD_LIBRARY_PATH=/home/sam/AST_Robot_Warehouse/install/messages_package/lib:/home/sam/AST_Robot_Warehouse/install/turtlesim/lib:/home/sam/AST_Robot_Warehouse/install/action_tutorials_interfaces/lib:/opt/ros/foxy/opt/yaml_cpp_vendor/lib:/opt/ros/foxy/opt/rviz_ogre_vendor/lib:/opt/ros/foxy/lib/x86_64-linux-gnu:/opt/ros/foxy/lib PYTHONPATH=/home/sam/AST_Robot_Warehouse/install/warehouse_robot_package/lib/python3.8/site-packages:/home/sam/AST_Robot_Warehouse/install/messages_package/lib/python3.8/site-packages:/home/sam/AST_Robot_Warehouse/install/warehouse_robot_package/lib/python3.8/site-packages:/home/sam/AST_Robot_Warehouse/install/turtlesim/lib/python3.8/site-packages:/home/sam/AST_Robot_Warehouse/install/py_srvcli/lib/python3.8/site-packages:/home/sam/AST_Robot_Warehouse/install/py_pubsub/lib/python3.8/site-packages:/home/sam/AST_Robot_Warehouse/install/action_tutorials_interfaces/lib/python3.8/site-packages:/opt/ros/foxy/lib/python3.8/site-packages /usr/bin/python3 setup.py egg_info --egg-base ../../build/warehouse_robot_package build --build-base /home/sam/AST_Robot_Warehouse/build/warehouse_robot_package/build install --prefix /home/sam/AST_Robot_Warehouse/install/warehouse_robot_package --record /home/sam/AST_Robot_Warehouse/build/warehouse_robot_package/install.log --single-version-externally-managed
[2.229s] Level 1:colcon.colcon_core.environment:checking '/home/sam/AST_Robot_Warehouse/install/warehouse_robot_package' for CMake module files
[2.230s] DEBUG:colcon.colcon_core.event_handler.log_command:Invoked command in '/home/sam/AST_Robot_Warehouse/src/warehouse_robot_package' returned '0': CMAKE_PREFIX_PATH=/home/sam/AST_Robot_Warehouse/install/messages_package:/home/sam/AST_Robot_Warehouse/install/turtlesim:/home/sam/AST_Robot_Warehouse/install/my_package:/home/sam/AST_Robot_Warehouse/install/action_tutorials_interfaces LD_LIBRARY_PATH=/home/sam/AST_Robot_Warehouse/install/messages_package/lib:/home/sam/AST_Robot_Warehouse/install/turtlesim/lib:/home/sam/AST_Robot_Warehouse/install/action_tutorials_interfaces/lib:/opt/ros/foxy/opt/yaml_cpp_vendor/lib:/opt/ros/foxy/opt/rviz_ogre_vendor/lib:/opt/ros/foxy/lib/x86_64-linux-gnu:/opt/ros/foxy/lib PYTHONPATH=/home/sam/AST_Robot_Warehouse/install/warehouse_robot_package/lib/python3.8/site-packages:/home/sam/AST_Robot_Warehouse/install/messages_package/lib/python3.8/site-packages:/home/sam/AST_Robot_Warehouse/install/warehouse_robot_package/lib/python3.8/site-packages:/home/sam/AST_Robot_Warehouse/install/turtlesim/lib/python3.8/site-packages:/home/sam/AST_Robot_Warehouse/install/py_srvcli/lib/python3.8/site-packages:/home/sam/AST_Robot_Warehouse/install/py_pubsub/lib/python3.8/site-packages:/home/sam/AST_Robot_Warehouse/install/action_tutorials_interfaces/lib/python3.8/site-packages:/opt/ros/foxy/lib/python3.8/site-packages /usr/bin/python3 setup.py egg_info --egg-base ../../build/warehouse_robot_package build --build-base /home/sam/AST_Robot_Warehouse/build/warehouse_robot_package/build install --prefix /home/sam/AST_Robot_Warehouse/install/warehouse_robot_package --record /home/sam/AST_Robot_Warehouse/build/warehouse_robot_package/install.log --single-version-externally-managed
[2.231s] Level 1:colcon.colcon_core.environment:checking '/home/sam/AST_Robot_Warehouse/install/warehouse_robot_package' for CMake config files
[2.232s] Level 1:colcon.colcon_core.environment:checking '/home/sam/AST_Robot_Warehouse/install/warehouse_robot_package/lib'
[2.232s] Level 1:colcon.colcon_core.environment:checking '/home/sam/AST_Robot_Warehouse/install/warehouse_robot_package/bin'
[2.232s] Level 1:colcon.colcon_core.environment:checking '/home/sam/AST_Robot_Warehouse/install/warehouse_robot_package/lib/pkgconfig/warehouse_robot_package.pc'
[2.232s] Level 1:colcon.colcon_core.environment:checking '/home/sam/AST_Robot_Warehouse/install/warehouse_robot_package/lib/python3.8/site-packages'
[2.232s] Level 1:colcon.colcon_core.shell:create_environment_hook('warehouse_robot_package', 'pythonpath')
[2.233s] INFO:colcon.colcon_core.shell:Creating environment hook '/home/sam/AST_Robot_Warehouse/install/warehouse_robot_package/share/warehouse_robot_package/hook/pythonpath.ps1'
[2.234s] INFO:colcon.colcon_core.shell:Creating environment descriptor '/home/sam/AST_Robot_Warehouse/install/warehouse_robot_package/share/warehouse_robot_package/hook/pythonpath.dsv'
[2.235s] INFO:colcon.colcon_core.shell:Creating environment hook '/home/sam/AST_Robot_Warehouse/install/warehouse_robot_package/share/warehouse_robot_package/hook/pythonpath.sh'
[2.235s] Level 1:colcon.colcon_core.environment:create_environment_scripts_only(warehouse_robot_package)
[2.237s] INFO:colcon.colcon_core.shell:Creating package script '/home/sam/AST_Robot_Warehouse/install/warehouse_robot_package/share/warehouse_robot_package/package.ps1'
[2.238s] INFO:colcon.colcon_core.shell:Creating package descriptor '/home/sam/AST_Robot_Warehouse/install/warehouse_robot_package/share/warehouse_robot_package/package.dsv'
[2.238s] INFO:colcon.colcon_core.shell:Creating package script '/home/sam/AST_Robot_Warehouse/install/warehouse_robot_package/share/warehouse_robot_package/package.sh'
[2.239s] INFO:colcon.colcon_core.shell:Creating package script '/home/sam/AST_Robot_Warehouse/install/warehouse_robot_package/share/warehouse_robot_package/package.bash'
[2.239s] INFO:colcon.colcon_core.shell:Creating package script '/home/sam/AST_Robot_Warehouse/install/warehouse_robot_package/share/warehouse_robot_package/package.zsh'
[2.240s] Level 1:colcon.colcon_core.environment:create_file_with_runtime_dependencies(/home/sam/AST_Robot_Warehouse/install/warehouse_robot_package/share/colcon-core/packages/warehouse_robot_package)
[2.240s] DEBUG:colcon.colcon_parallel_executor.executor.parallel:closing loop
[2.241s] DEBUG:colcon.colcon_parallel_executor.executor.parallel:loop closed
[2.241s] DEBUG:colcon.colcon_parallel_executor.executor.parallel:run_until_complete finished with '0'
[2.241s] DEBUG:colcon.colcon_core.event_reactor:joining thread
[2.248s] INFO:colcon.colcon_core.plugin_system:Skipping extension 'colcon_notification.desktop_notification.terminal_notifier': Not used on non-Darwin systems
[2.248s] INFO:colcon.colcon_core.plugin_system:Skipping extension 'colcon_notification.desktop_notification.win32': Not used on non-Windows systems
[2.248s] INFO:colcon.colcon_notification.desktop_notification:Sending desktop notification using 'notify2'
[2.272s] DEBUG:colcon.colcon_core.event_reactor:joined thread
[2.273s] INFO:colcon.colcon_core.shell:Creating prefix script '/home/sam/AST_Robot_Warehouse/install/local_setup.ps1'
[2.275s] INFO:colcon.colcon_core.shell:Creating prefix util module '/home/sam/AST_Robot_Warehouse/install/_local_setup_util_ps1.py'
[2.276s] INFO:colcon.colcon_core.shell:Creating prefix chain script '/home/sam/AST_Robot_Warehouse/install/setup.ps1'
[2.280s] INFO:colcon.colcon_core.shell:Creating prefix script '/home/sam/AST_Robot_Warehouse/install/local_setup.sh'
[2.280s] INFO:colcon.colcon_core.shell:Creating prefix util module '/home/sam/AST_Robot_Warehouse/install/_local_setup_util_sh.py'
[2.281s] INFO:colcon.colcon_core.shell:Creating prefix chain script '/home/sam/AST_Robot_Warehouse/install/setup.sh'
[2.285s] INFO:colcon.colcon_core.shell:Creating prefix script '/home/sam/AST_Robot_Warehouse/install/local_setup.bash'
[2.285s] INFO:colcon.colcon_core.shell:Creating prefix chain script '/home/sam/AST_Robot_Warehouse/install/setup.bash'
[2.289s] INFO:colcon.colcon_core.shell:Creating prefix script '/home/sam/AST_Robot_Warehouse/install/local_setup.zsh'
[2.289s] INFO:colcon.colcon_core.shell:Creating prefix chain script '/home/sam/AST_Robot_Warehouse/install/setup.zsh'
