[0.285s] DEBUG:colcon:Command line arguments: ['/usr/bin/colcon', 'build']
[0.285s] DEBUG:colcon:Parsed command line arguments: Namespace(ament_cmake_args=None, base_paths=['.'], build_base='build', catkin_cmake_args=None, catkin_skip_building_tests=False, cmake_args=None, cmake_clean_cache=False, cmake_clean_first=False, cmake_force_configure=False, cmake_target=None, cmake_target_skip_unavailable=False, continue_on_error=False, event_handlers=None, executor='parallel', ignore_user_meta=False, install_base='install', log_base=None, log_level=None, main=<bound method BuildVerb.main of <colcon_core.verb.build.BuildVerb object at 0x7fcbb71a56a0>>, merge_install=False, metas=['./colcon.meta'], packages_above=None, packages_above_and_dependencies=None, packages_above_depth=None, packages_end=None, packages_ignore=None, packages_ignore_regex=None, packages_select=None, packages_select_build_failed=False, packages_select_by_dep=None, packages_select_regex=None, packages_select_test_failures=False, packages_skip=None, packages_skip_build_finished=False, packages_skip_by_dep=None, packages_skip_regex=None, packages_skip_test_passed=False, packages_skip_up_to=None, packages_start=None, packages_up_to=None, packages_up_to_regex=None, parallel_workers=16, paths=None, symlink_install=False, test_result_base=None, verb_extension=<colcon_core.verb.build.BuildVerb object at 0x7fcbb71a56a0>, verb_name='build', verb_parser=<colcon_defaults.argument_parser.defaults.DefaultArgumentsDecorator object at 0x7fcbb71a5be0>)
[0.289s] Level 1:colcon.colcon_core.package_discovery:discover_packages(colcon_meta) check parameters
[0.289s] Level 1:colcon.colcon_core.package_discovery:discover_packages(recursive) check parameters
[0.289s] Level 1:colcon.colcon_core.package_discovery:discover_packages(ignore) check parameters
[0.289s] Level 1:colcon.colcon_core.package_discovery:discover_packages(path) check parameters
[0.289s] Level 1:colcon.colcon_core.package_discovery:discover_packages(colcon_meta) discover
[0.289s] Level 1:colcon.colcon_core.package_discovery:discover_packages(recursive) discover
[0.289s] INFO:colcon.colcon_core.package_discovery:Crawling recursively for packages in '/home/kunal/AST_Robot_Warehouse'
[0.289s] Level 1:colcon.colcon_core.package_identification:_identify(.) by extensions ['ignore', 'ignore_ament_install']
[0.290s] Level 1:colcon.colcon_core.package_identification:_identify(.) by extension 'ignore'
[0.290s] Level 1:colcon.colcon_core.package_identification:_identify(.) by extension 'ignore_ament_install'
[0.290s] Level 1:colcon.colcon_core.package_identification:_identify(.) by extensions ['colcon_pkg']
[0.290s] Level 1:colcon.colcon_core.package_identification:_identify(.) by extension 'colcon_pkg'
[0.290s] Level 1:colcon.colcon_core.package_identification:_identify(.) by extensions ['colcon_meta']
[0.290s] Level 1:colcon.colcon_core.package_identification:_identify(.) by extension 'colcon_meta'
[0.290s] Level 1:colcon.colcon_core.package_identification:_identify(.) by extensions ['ros']
[0.290s] Level 1:colcon.colcon_core.package_identification:_identify(.) by extension 'ros'
[0.299s] Level 1:colcon.colcon_core.package_identification:_identify(.) by extensions ['cmake', 'python']
[0.299s] Level 1:colcon.colcon_core.package_identification:_identify(.) by extension 'cmake'
[0.299s] Level 1:colcon.colcon_core.package_identification:_identify(.) by extension 'python'
[0.299s] Level 1:colcon.colcon_core.package_identification:_identify(.) by extensions ['python_setup_py']
[0.299s] Level 1:colcon.colcon_core.package_identification:_identify(.) by extension 'python_setup_py'
[0.299s] Level 1:colcon.colcon_core.package_identification:_identify(build) by extensions ['ignore', 'ignore_ament_install']
[0.299s] Level 1:colcon.colcon_core.package_identification:_identify(build) by extension 'ignore'
[0.300s] Level 1:colcon.colcon_core.package_identification:_identify(build) ignored
[0.300s] Level 1:colcon.colcon_core.package_identification:_identify(install) by extensions ['ignore', 'ignore_ament_install']
[0.300s] Level 1:colcon.colcon_core.package_identification:_identify(install) by extension 'ignore'
[0.300s] Level 1:colcon.colcon_core.package_identification:_identify(install) ignored
[0.300s] Level 1:colcon.colcon_core.package_identification:_identify(log) by extensions ['ignore', 'ignore_ament_install']
[0.300s] Level 1:colcon.colcon_core.package_identification:_identify(log) by extension 'ignore'
[0.300s] Level 1:colcon.colcon_core.package_identification:_identify(log) ignored
[0.300s] Level 1:colcon.colcon_core.package_identification:_identify(src) by extensions ['ignore', 'ignore_ament_install']
[0.300s] Level 1:colcon.colcon_core.package_identification:_identify(src) by extension 'ignore'
[0.300s] Level 1:colcon.colcon_core.package_identification:_identify(src) by extension 'ignore_ament_install'
[0.300s] Level 1:colcon.colcon_core.package_identification:_identify(src) by extensions ['colcon_pkg']
[0.301s] Level 1:colcon.colcon_core.package_identification:_identify(src) by extension 'colcon_pkg'
[0.301s] Level 1:colcon.colcon_core.package_identification:_identify(src) by extensions ['colcon_meta']
[0.301s] Level 1:colcon.colcon_core.package_identification:_identify(src) by extension 'colcon_meta'
[0.301s] Level 1:colcon.colcon_core.package_identification:_identify(src) by extensions ['ros']
[0.301s] Level 1:colcon.colcon_core.package_identification:_identify(src) by extension 'ros'
[0.301s] Level 1:colcon.colcon_core.package_identification:_identify(src) by extensions ['cmake', 'python']
[0.301s] Level 1:colcon.colcon_core.package_identification:_identify(src) by extension 'cmake'
[0.301s] Level 1:colcon.colcon_core.package_identification:_identify(src) by extension 'python'
[0.301s] Level 1:colcon.colcon_core.package_identification:_identify(src) by extensions ['python_setup_py']
[0.301s] Level 1:colcon.colcon_core.package_identification:_identify(src) by extension 'python_setup_py'
[0.301s] Level 1:colcon.colcon_core.package_identification:_identify(src/build) by extensions ['ignore', 'ignore_ament_install']
[0.301s] Level 1:colcon.colcon_core.package_identification:_identify(src/build) by extension 'ignore'
[0.301s] Level 1:colcon.colcon_core.package_identification:_identify(src/build) ignored
[0.301s] Level 1:colcon.colcon_core.package_identification:_identify(src/install) by extensions ['ignore', 'ignore_ament_install']
[0.302s] Level 1:colcon.colcon_core.package_identification:_identify(src/install) by extension 'ignore'
[0.302s] Level 1:colcon.colcon_core.package_identification:_identify(src/install) ignored
[0.302s] Level 1:colcon.colcon_core.package_identification:_identify(src/log) by extensions ['ignore', 'ignore_ament_install']
[0.302s] Level 1:colcon.colcon_core.package_identification:_identify(src/log) by extension 'ignore'
[0.302s] Level 1:colcon.colcon_core.package_identification:_identify(src/log) ignored
[0.302s] Level 1:colcon.colcon_core.package_identification:_identify(src/messages_package) by extensions ['ignore', 'ignore_ament_install']
[0.302s] Level 1:colcon.colcon_core.package_identification:_identify(src/messages_package) by extension 'ignore'
[0.302s] Level 1:colcon.colcon_core.package_identification:_identify(src/messages_package) by extension 'ignore_ament_install'
[0.302s] Level 1:colcon.colcon_core.package_identification:_identify(src/messages_package) by extensions ['colcon_pkg']
[0.302s] Level 1:colcon.colcon_core.package_identification:_identify(src/messages_package) by extension 'colcon_pkg'
[0.302s] Level 1:colcon.colcon_core.package_identification:_identify(src/messages_package) by extensions ['colcon_meta']
[0.302s] Level 1:colcon.colcon_core.package_identification:_identify(src/messages_package) by extension 'colcon_meta'
[0.302s] Level 1:colcon.colcon_core.package_identification:_identify(src/messages_package) by extensions ['ros']
[0.302s] Level 1:colcon.colcon_core.package_identification:_identify(src/messages_package) by extension 'ros'
[0.304s] DEBUG:colcon.colcon_core.package_identification:Package 'src/messages_package' with type 'ros.ament_cmake' and name 'messages_package'
[0.304s] Level 1:colcon.colcon_core.package_identification:_identify(src/py_pubsub) by extensions ['ignore', 'ignore_ament_install']
[0.305s] Level 1:colcon.colcon_core.package_identification:_identify(src/py_pubsub) by extension 'ignore'
[0.305s] Level 1:colcon.colcon_core.package_identification:_identify(src/py_pubsub) by extension 'ignore_ament_install'
[0.305s] Level 1:colcon.colcon_core.package_identification:_identify(src/py_pubsub) by extensions ['colcon_pkg']
[0.305s] Level 1:colcon.colcon_core.package_identification:_identify(src/py_pubsub) by extension 'colcon_pkg'
[0.305s] Level 1:colcon.colcon_core.package_identification:_identify(src/py_pubsub) by extensions ['colcon_meta']
[0.305s] Level 1:colcon.colcon_core.package_identification:_identify(src/py_pubsub) by extension 'colcon_meta'
[0.305s] Level 1:colcon.colcon_core.package_identification:_identify(src/py_pubsub) by extensions ['ros']
[0.305s] Level 1:colcon.colcon_core.package_identification:_identify(src/py_pubsub) by extension 'ros'
[0.306s] DEBUG:colcon.colcon_core.package_identification:Package 'src/py_pubsub' with type 'ros.ament_python' and name 'py_pubsub'
[0.306s] Level 1:colcon.colcon_core.package_identification:_identify(src/warehouse_robot_package) by extensions ['ignore', 'ignore_ament_install']
[0.306s] Level 1:colcon.colcon_core.package_identification:_identify(src/warehouse_robot_package) by extension 'ignore'
[0.306s] Level 1:colcon.colcon_core.package_identification:_identify(src/warehouse_robot_package) by extension 'ignore_ament_install'
[0.306s] Level 1:colcon.colcon_core.package_identification:_identify(src/warehouse_robot_package) by extensions ['colcon_pkg']
[0.306s] Level 1:colcon.colcon_core.package_identification:_identify(src/warehouse_robot_package) by extension 'colcon_pkg'
[0.306s] Level 1:colcon.colcon_core.package_identification:_identify(src/warehouse_robot_package) by extensions ['colcon_meta']
[0.306s] Level 1:colcon.colcon_core.package_identification:_identify(src/warehouse_robot_package) by extension 'colcon_meta'
[0.306s] Level 1:colcon.colcon_core.package_identification:_identify(src/warehouse_robot_package) by extensions ['ros']
[0.306s] Level 1:colcon.colcon_core.package_identification:_identify(src/warehouse_robot_package) by extension 'ros'
[0.307s] DEBUG:colcon.colcon_core.package_identification:Package 'src/warehouse_robot_package' with type 'ros.ament_python' and name 'warehouse_robot_package'
[0.307s] Level 1:colcon.colcon_core.package_discovery:discover_packages(recursive) using defaults
[0.307s] Level 1:colcon.colcon_core.package_discovery:discover_packages(ignore) discover
[0.307s] Level 1:colcon.colcon_core.package_discovery:discover_packages(ignore) using defaults
[0.307s] Level 1:colcon.colcon_core.package_discovery:discover_packages(path) discover
[0.307s] Level 1:colcon.colcon_core.package_discovery:discover_packages(path) using defaults
[0.321s] Level 5:colcon.colcon_core.verb:set package 'messages_package' build argument 'cmake_args' from command line to 'None'
[0.322s] Level 5:colcon.colcon_core.verb:set package 'messages_package' build argument 'cmake_target' from command line to 'None'
[0.322s] Level 5:colcon.colcon_core.verb:set package 'messages_package' build argument 'cmake_target_skip_unavailable' from command line to 'False'
[0.322s] Level 5:colcon.colcon_core.verb:set package 'messages_package' build argument 'cmake_clean_cache' from command line to 'False'
[0.322s] Level 5:colcon.colcon_core.verb:set package 'messages_package' build argument 'cmake_clean_first' from command line to 'False'
[0.322s] Level 5:colcon.colcon_core.verb:set package 'messages_package' build argument 'cmake_force_configure' from command line to 'False'
[0.322s] Level 5:colcon.colcon_core.verb:set package 'messages_package' build argument 'ament_cmake_args' from command line to 'None'
[0.322s] Level 5:colcon.colcon_core.verb:set package 'messages_package' build argument 'catkin_cmake_args' from command line to 'None'
[0.322s] Level 5:colcon.colcon_core.verb:set package 'messages_package' build argument 'catkin_skip_building_tests' from command line to 'False'
[0.322s] DEBUG:colcon.colcon_core.verb:Building package 'messages_package' with the following arguments: {'ament_cmake_args': None, 'build_base': '/home/kunal/AST_Robot_Warehouse/build/messages_package', 'catkin_cmake_args': None, 'catkin_skip_building_tests': False, 'cmake_args': None, 'cmake_clean_cache': False, 'cmake_clean_first': False, 'cmake_force_configure': False, 'cmake_target': None, 'cmake_target_skip_unavailable': False, 'install_base': '/home/kunal/AST_Robot_Warehouse/install/messages_package', 'merge_install': False, 'path': '/home/kunal/AST_Robot_Warehouse/src/messages_package', 'symlink_install': False, 'test_result_base': None}
[0.324s] Level 5:colcon.colcon_core.verb:set package 'py_pubsub' build argument 'cmake_args' from command line to 'None'
[0.324s] Level 5:colcon.colcon_core.verb:set package 'py_pubsub' build argument 'cmake_target' from command line to 'None'
[0.325s] Level 5:colcon.colcon_core.verb:set package 'py_pubsub' build argument 'cmake_target_skip_unavailable' from command line to 'False'
[0.325s] Level 5:colcon.colcon_core.verb:set package 'py_pubsub' build argument 'cmake_clean_cache' from command line to 'False'
[0.325s] Level 5:colcon.colcon_core.verb:set package 'py_pubsub' build argument 'cmake_clean_first' from command line to 'False'
[0.325s] Level 5:colcon.colcon_core.verb:set package 'py_pubsub' build argument 'cmake_force_configure' from command line to 'False'
[0.325s] Level 5:colcon.colcon_core.verb:set package 'py_pubsub' build argument 'ament_cmake_args' from command line to 'None'
[0.325s] Level 5:colcon.colcon_core.verb:set package 'py_pubsub' build argument 'catkin_cmake_args' from command line to 'None'
[0.325s] Level 5:colcon.colcon_core.verb:set package 'py_pubsub' build argument 'catkin_skip_building_tests' from command line to 'False'
[0.325s] DEBUG:colcon.colcon_core.verb:Building package 'py_pubsub' with the following arguments: {'ament_cmake_args': None, 'build_base': '/home/kunal/AST_Robot_Warehouse/build/py_pubsub', 'catkin_cmake_args': None, 'catkin_skip_building_tests': False, 'cmake_args': None, 'cmake_clean_cache': False, 'cmake_clean_first': False, 'cmake_force_configure': False, 'cmake_target': None, 'cmake_target_skip_unavailable': False, 'install_base': '/home/kunal/AST_Robot_Warehouse/install/py_pubsub', 'merge_install': False, 'path': '/home/kunal/AST_Robot_Warehouse/src/py_pubsub', 'symlink_install': False, 'test_result_base': None}
[0.327s] Level 5:colcon.colcon_core.verb:set package 'warehouse_robot_package' build argument 'cmake_args' from command line to 'None'
[0.327s] Level 5:colcon.colcon_core.verb:set package 'warehouse_robot_package' build argument 'cmake_target' from command line to 'None'
[0.327s] Level 5:colcon.colcon_core.verb:set package 'warehouse_robot_package' build argument 'cmake_target_skip_unavailable' from command line to 'False'
[0.327s] Level 5:colcon.colcon_core.verb:set package 'warehouse_robot_package' build argument 'cmake_clean_cache' from command line to 'False'
[0.327s] Level 5:colcon.colcon_core.verb:set package 'warehouse_robot_package' build argument 'cmake_clean_first' from command line to 'False'
[0.327s] Level 5:colcon.colcon_core.verb:set package 'warehouse_robot_package' build argument 'cmake_force_configure' from command line to 'False'
[0.327s] Level 5:colcon.colcon_core.verb:set package 'warehouse_robot_package' build argument 'ament_cmake_args' from command line to 'None'
[0.327s] Level 5:colcon.colcon_core.verb:set package 'warehouse_robot_package' build argument 'catkin_cmake_args' from command line to 'None'
[0.327s] Level 5:colcon.colcon_core.verb:set package 'warehouse_robot_package' build argument 'catkin_skip_building_tests' from command line to 'False'
[0.327s] DEBUG:colcon.colcon_core.verb:Building package 'warehouse_robot_package' with the following arguments: {'ament_cmake_args': None, 'build_base': '/home/kunal/AST_Robot_Warehouse/build/warehouse_robot_package', 'catkin_cmake_args': None, 'catkin_skip_building_tests': False, 'cmake_args': None, 'cmake_clean_cache': False, 'cmake_clean_first': False, 'cmake_force_configure': False, 'cmake_target': None, 'cmake_target_skip_unavailable': False, 'install_base': '/home/kunal/AST_Robot_Warehouse/install/warehouse_robot_package', 'merge_install': False, 'path': '/home/kunal/AST_Robot_Warehouse/src/warehouse_robot_package', 'symlink_install': False, 'test_result_base': None}
[0.327s] INFO:colcon.colcon_core.executor:Executing jobs using 'parallel' executor
[0.330s] DEBUG:colcon.colcon_parallel_executor.executor.parallel:run_until_complete
[0.330s] INFO:colcon.colcon_ros.task.ament_cmake.build:Building ROS package in '/home/kunal/AST_Robot_Warehouse/src/messages_package' with build type 'ament_cmake'
[0.331s] INFO:colcon.colcon_cmake.task.cmake.build:Building CMake package in '/home/kunal/AST_Robot_Warehouse/src/messages_package'
[0.335s] INFO:colcon.colcon_core.plugin_system:Skipping extension 'colcon_core.shell.bat': Not used on non-Windows systems
[0.335s] INFO:colcon.colcon_core.shell:Skip shell extension 'powershell' for command environment: Not usable outside of PowerShell
[0.335s] DEBUG:colcon.colcon_core.shell:Skip shell extension 'dsv' for command environment
[0.337s] DEBUG:colcon.colcon_core.shell:Ignoring prefix path '/opt/ros/foxy'
[0.340s] INFO:colcon.colcon_ros.task.ament_python.build:Building ROS package in '/home/kunal/AST_Robot_Warehouse/src/py_pubsub' with build type 'ament_python'
[0.340s] Level 1:colcon.colcon_core.shell:create_environment_hook('py_pubsub', 'ament_prefix_path')
[0.341s] INFO:colcon.colcon_core.shell:Creating environment hook '/home/kunal/AST_Robot_Warehouse/install/py_pubsub/share/py_pubsub/hook/ament_prefix_path.ps1'
[0.342s] INFO:colcon.colcon_core.shell:Creating environment descriptor '/home/kunal/AST_Robot_Warehouse/install/py_pubsub/share/py_pubsub/hook/ament_prefix_path.dsv'
[0.343s] INFO:colcon.colcon_core.shell:Creating environment hook '/home/kunal/AST_Robot_Warehouse/install/py_pubsub/share/py_pubsub/hook/ament_prefix_path.sh'
[0.344s] INFO:colcon.colcon_core.shell:Skip shell extension 'powershell' for command environment: Not usable outside of PowerShell
[0.344s] DEBUG:colcon.colcon_core.shell:Skip shell extension 'dsv' for command environment
[0.345s] DEBUG:colcon.colcon_core.shell:Ignoring prefix path '/opt/ros/foxy'
[0.356s] DEBUG:colcon.colcon_core.event_handler.log_command:Invoking command in '/home/kunal/AST_Robot_Warehouse/build/messages_package': CMAKE_PREFIX_PATH=/opt/ros/foxy /usr/bin/cmake /home/kunal/AST_Robot_Warehouse/src/messages_package -DCMAKE_INSTALL_PREFIX=/home/kunal/AST_Robot_Warehouse/install/messages_package
[0.533s] INFO:colcon.colcon_core.task.python.build:Building Python package in '/home/kunal/AST_Robot_Warehouse/src/py_pubsub'
[0.533s] INFO:colcon.colcon_core.shell:Skip shell extension 'powershell' for command environment: Not usable outside of PowerShell
[0.534s] DEBUG:colcon.colcon_core.shell:Skip shell extension 'dsv' for command environment
[0.534s] DEBUG:colcon.colcon_core.shell:Ignoring prefix path '/opt/ros/foxy'
[0.545s] DEBUG:colcon.colcon_core.event_handler.log_command:Invoking command in '/home/kunal/AST_Robot_Warehouse/src/py_pubsub': PYTHONPATH=/home/kunal/AST_Robot_Warehouse/install/py_pubsub/lib/python3.8/site-packages:${PYTHONPATH} /usr/bin/python3 setup.py egg_info --egg-base ../../build/py_pubsub build --build-base /home/kunal/AST_Robot_Warehouse/build/py_pubsub/build install --prefix /home/kunal/AST_Robot_Warehouse/install/py_pubsub --record /home/kunal/AST_Robot_Warehouse/build/py_pubsub/install.log --single-version-externally-managed
[0.851s] DEBUG:colcon.colcon_core.event_handler.log_command:Invoked command in '/home/kunal/AST_Robot_Warehouse/src/py_pubsub' returned '0': PYTHONPATH=/home/kunal/AST_Robot_Warehouse/install/py_pubsub/lib/python3.8/site-packages:${PYTHONPATH} /usr/bin/python3 setup.py egg_info --egg-base ../../build/py_pubsub build --build-base /home/kunal/AST_Robot_Warehouse/build/py_pubsub/build install --prefix /home/kunal/AST_Robot_Warehouse/install/py_pubsub --record /home/kunal/AST_Robot_Warehouse/build/py_pubsub/install.log --single-version-externally-managed
[0.853s] Level 1:colcon.colcon_core.environment:checking '/home/kunal/AST_Robot_Warehouse/install/py_pubsub' for CMake module files
[0.854s] Level 1:colcon.colcon_core.environment:checking '/home/kunal/AST_Robot_Warehouse/install/py_pubsub' for CMake config files
[0.856s] Level 1:colcon.colcon_core.environment:checking '/home/kunal/AST_Robot_Warehouse/install/py_pubsub/lib'
[0.857s] Level 1:colcon.colcon_core.environment:checking '/home/kunal/AST_Robot_Warehouse/install/py_pubsub/bin'
[0.857s] Level 1:colcon.colcon_core.environment:checking '/home/kunal/AST_Robot_Warehouse/install/py_pubsub/lib/pkgconfig/py_pubsub.pc'
[0.857s] Level 1:colcon.colcon_core.environment:checking '/home/kunal/AST_Robot_Warehouse/install/py_pubsub/lib/python3.8/site-packages'
[0.857s] Level 1:colcon.colcon_core.shell:create_environment_hook('py_pubsub', 'pythonpath')
[0.858s] INFO:colcon.colcon_core.shell:Creating environment hook '/home/kunal/AST_Robot_Warehouse/install/py_pubsub/share/py_pubsub/hook/pythonpath.ps1'
[0.858s] INFO:colcon.colcon_core.shell:Creating environment descriptor '/home/kunal/AST_Robot_Warehouse/install/py_pubsub/share/py_pubsub/hook/pythonpath.dsv'
[0.859s] INFO:colcon.colcon_core.shell:Creating environment hook '/home/kunal/AST_Robot_Warehouse/install/py_pubsub/share/py_pubsub/hook/pythonpath.sh'
[0.859s] Level 1:colcon.colcon_core.environment:create_environment_scripts_only(py_pubsub)
[0.860s] INFO:colcon.colcon_core.shell:Creating package script '/home/kunal/AST_Robot_Warehouse/install/py_pubsub/share/py_pubsub/package.ps1'
[0.861s] INFO:colcon.colcon_core.shell:Creating package descriptor '/home/kunal/AST_Robot_Warehouse/install/py_pubsub/share/py_pubsub/package.dsv'
[0.861s] INFO:colcon.colcon_core.shell:Creating package script '/home/kunal/AST_Robot_Warehouse/install/py_pubsub/share/py_pubsub/package.sh'
[0.862s] INFO:colcon.colcon_core.shell:Creating package script '/home/kunal/AST_Robot_Warehouse/install/py_pubsub/share/py_pubsub/package.bash'
[0.863s] INFO:colcon.colcon_core.shell:Creating package script '/home/kunal/AST_Robot_Warehouse/install/py_pubsub/share/py_pubsub/package.zsh'
[0.865s] Level 1:colcon.colcon_core.environment:create_file_with_runtime_dependencies(/home/kunal/AST_Robot_Warehouse/install/py_pubsub/share/colcon-core/packages/py_pubsub)
[9.772s] DEBUG:colcon.colcon_core.event_handler.log_command:Invoked command in '/home/kunal/AST_Robot_Warehouse/build/messages_package' returned '0': CMAKE_PREFIX_PATH=/opt/ros/foxy /usr/bin/cmake /home/kunal/AST_Robot_Warehouse/src/messages_package -DCMAKE_INSTALL_PREFIX=/home/kunal/AST_Robot_Warehouse/install/messages_package
[9.774s] DEBUG:colcon.colcon_core.event_handler.log_command:Invoking command in '/home/kunal/AST_Robot_Warehouse/build/messages_package': CMAKE_PREFIX_PATH=/opt/ros/foxy /usr/bin/cmake --build /home/kunal/AST_Robot_Warehouse/build/messages_package -- -j16 -l16
[19.490s] DEBUG:colcon.colcon_core.event_handler.log_command:Invoked command in '/home/kunal/AST_Robot_Warehouse/build/messages_package' returned '0': CMAKE_PREFIX_PATH=/opt/ros/foxy /usr/bin/cmake --build /home/kunal/AST_Robot_Warehouse/build/messages_package -- -j16 -l16
[19.701s] DEBUG:colcon.colcon_core.event_handler.log_command:Invoking command in '/home/kunal/AST_Robot_Warehouse/build/messages_package': CMAKE_PREFIX_PATH=/opt/ros/foxy /usr/bin/cmake --install /home/kunal/AST_Robot_Warehouse/build/messages_package
[19.813s] Level 1:colcon.colcon_core.environment:create_environment_scripts_only(messages_package)
[19.814s] Level 1:colcon.colcon_core.environment:checking '/home/kunal/AST_Robot_Warehouse/install/messages_package' for CMake module files
[19.816s] Level 1:colcon.colcon_core.environment:checking '/home/kunal/AST_Robot_Warehouse/install/messages_package' for CMake config files
[19.816s] DEBUG:colcon.colcon_core.event_handler.log_command:Invoked command in '/home/kunal/AST_Robot_Warehouse/build/messages_package' returned '0': CMAKE_PREFIX_PATH=/opt/ros/foxy /usr/bin/cmake --install /home/kunal/AST_Robot_Warehouse/build/messages_package
[19.817s] Level 1:colcon.colcon_core.shell:create_environment_hook('messages_package', 'cmake_prefix_path')
[19.818s] INFO:colcon.colcon_core.shell:Creating environment hook '/home/kunal/AST_Robot_Warehouse/install/messages_package/share/messages_package/hook/cmake_prefix_path.ps1'
[19.819s] INFO:colcon.colcon_core.shell:Creating environment descriptor '/home/kunal/AST_Robot_Warehouse/install/messages_package/share/messages_package/hook/cmake_prefix_path.dsv'
[19.819s] INFO:colcon.colcon_core.shell:Creating environment hook '/home/kunal/AST_Robot_Warehouse/install/messages_package/share/messages_package/hook/cmake_prefix_path.sh'
[19.820s] Level 1:colcon.colcon_core.environment:checking '/home/kunal/AST_Robot_Warehouse/install/messages_package/lib'
[19.820s] Level 1:colcon.colcon_core.shell:create_environment_hook('messages_package', 'ld_library_path_lib')
[19.821s] INFO:colcon.colcon_core.shell:Creating environment hook '/home/kunal/AST_Robot_Warehouse/install/messages_package/share/messages_package/hook/ld_library_path_lib.ps1'
[19.822s] INFO:colcon.colcon_core.shell:Creating environment descriptor '/home/kunal/AST_Robot_Warehouse/install/messages_package/share/messages_package/hook/ld_library_path_lib.dsv'
[19.822s] INFO:colcon.colcon_core.shell:Creating environment hook '/home/kunal/AST_Robot_Warehouse/install/messages_package/share/messages_package/hook/ld_library_path_lib.sh'
[19.823s] Level 1:colcon.colcon_core.environment:checking '/home/kunal/AST_Robot_Warehouse/install/messages_package/bin'
[19.823s] Level 1:colcon.colcon_core.environment:checking '/home/kunal/AST_Robot_Warehouse/install/messages_package/lib/pkgconfig/messages_package.pc'
[19.823s] Level 1:colcon.colcon_core.environment:checking '/home/kunal/AST_Robot_Warehouse/install/messages_package/lib/python3.8/site-packages'
[19.823s] Level 1:colcon.colcon_core.shell:create_environment_hook('messages_package', 'pythonpath')
[19.824s] INFO:colcon.colcon_core.shell:Creating environment hook '/home/kunal/AST_Robot_Warehouse/install/messages_package/share/messages_package/hook/pythonpath.ps1'
[19.824s] INFO:colcon.colcon_core.shell:Creating environment descriptor '/home/kunal/AST_Robot_Warehouse/install/messages_package/share/messages_package/hook/pythonpath.dsv'
[19.825s] INFO:colcon.colcon_core.shell:Creating environment hook '/home/kunal/AST_Robot_Warehouse/install/messages_package/share/messages_package/hook/pythonpath.sh'
[19.826s] INFO:colcon.colcon_core.shell:Creating package script '/home/kunal/AST_Robot_Warehouse/install/messages_package/share/messages_package/package.ps1'
[19.827s] INFO:colcon.colcon_core.shell:Creating package descriptor '/home/kunal/AST_Robot_Warehouse/install/messages_package/share/messages_package/package.dsv'
[19.827s] INFO:colcon.colcon_core.shell:Creating package script '/home/kunal/AST_Robot_Warehouse/install/messages_package/share/messages_package/package.sh'
[19.828s] INFO:colcon.colcon_core.shell:Creating package script '/home/kunal/AST_Robot_Warehouse/install/messages_package/share/messages_package/package.bash'
[19.829s] INFO:colcon.colcon_core.shell:Creating package script '/home/kunal/AST_Robot_Warehouse/install/messages_package/share/messages_package/package.zsh'
[19.829s] Level 1:colcon.colcon_core.environment:create_file_with_runtime_dependencies(/home/kunal/AST_Robot_Warehouse/install/messages_package/share/colcon-core/packages/messages_package)
[20.024s] Level 1:colcon.colcon_core.environment:create_environment_scripts_only(messages_package)
[20.024s] Level 1:colcon.colcon_core.environment:checking '/home/kunal/AST_Robot_Warehouse/install/messages_package' for CMake module files
[20.025s] Level 1:colcon.colcon_core.environment:checking '/home/kunal/AST_Robot_Warehouse/install/messages_package' for CMake config files
[20.026s] Level 1:colcon.colcon_core.shell:create_environment_hook('messages_package', 'cmake_prefix_path')
[20.026s] INFO:colcon.colcon_core.shell:Creating environment hook '/home/kunal/AST_Robot_Warehouse/install/messages_package/share/messages_package/hook/cmake_prefix_path.ps1'
[20.027s] INFO:colcon.colcon_core.shell:Creating environment descriptor '/home/kunal/AST_Robot_Warehouse/install/messages_package/share/messages_package/hook/cmake_prefix_path.dsv'
[20.027s] INFO:colcon.colcon_core.shell:Creating environment hook '/home/kunal/AST_Robot_Warehouse/install/messages_package/share/messages_package/hook/cmake_prefix_path.sh'
[20.028s] Level 1:colcon.colcon_core.environment:checking '/home/kunal/AST_Robot_Warehouse/install/messages_package/lib'
[20.028s] Level 1:colcon.colcon_core.shell:create_environment_hook('messages_package', 'ld_library_path_lib')
[20.028s] INFO:colcon.colcon_core.shell:Creating environment hook '/home/kunal/AST_Robot_Warehouse/install/messages_package/share/messages_package/hook/ld_library_path_lib.ps1'
[20.029s] INFO:colcon.colcon_core.shell:Creating environment descriptor '/home/kunal/AST_Robot_Warehouse/install/messages_package/share/messages_package/hook/ld_library_path_lib.dsv'
[20.029s] INFO:colcon.colcon_core.shell:Creating environment hook '/home/kunal/AST_Robot_Warehouse/install/messages_package/share/messages_package/hook/ld_library_path_lib.sh'
[20.030s] Level 1:colcon.colcon_core.environment:checking '/home/kunal/AST_Robot_Warehouse/install/messages_package/bin'
[20.030s] Level 1:colcon.colcon_core.environment:checking '/home/kunal/AST_Robot_Warehouse/install/messages_package/lib/pkgconfig/messages_package.pc'
[20.030s] Level 1:colcon.colcon_core.environment:checking '/home/kunal/AST_Robot_Warehouse/install/messages_package/lib/python3.8/site-packages'
[20.030s] Level 1:colcon.colcon_core.shell:create_environment_hook('messages_package', 'pythonpath')
[20.030s] INFO:colcon.colcon_core.shell:Creating environment hook '/home/kunal/AST_Robot_Warehouse/install/messages_package/share/messages_package/hook/pythonpath.ps1'
[20.031s] INFO:colcon.colcon_core.shell:Creating environment descriptor '/home/kunal/AST_Robot_Warehouse/install/messages_package/share/messages_package/hook/pythonpath.dsv'
[20.031s] INFO:colcon.colcon_core.shell:Creating environment hook '/home/kunal/AST_Robot_Warehouse/install/messages_package/share/messages_package/hook/pythonpath.sh'
[20.032s] INFO:colcon.colcon_core.shell:Creating package script '/home/kunal/AST_Robot_Warehouse/install/messages_package/share/messages_package/package.ps1'
[20.033s] INFO:colcon.colcon_core.shell:Creating package descriptor '/home/kunal/AST_Robot_Warehouse/install/messages_package/share/messages_package/package.dsv'
[20.034s] INFO:colcon.colcon_core.shell:Creating package script '/home/kunal/AST_Robot_Warehouse/install/messages_package/share/messages_package/package.sh'
[20.034s] INFO:colcon.colcon_core.shell:Creating package script '/home/kunal/AST_Robot_Warehouse/install/messages_package/share/messages_package/package.bash'
[20.035s] INFO:colcon.colcon_core.shell:Creating package script '/home/kunal/AST_Robot_Warehouse/install/messages_package/share/messages_package/package.zsh'
[20.035s] Level 1:colcon.colcon_core.environment:create_file_with_runtime_dependencies(/home/kunal/AST_Robot_Warehouse/install/messages_package/share/colcon-core/packages/messages_package)
[20.036s] INFO:colcon.colcon_ros.task.ament_python.build:Building ROS package in '/home/kunal/AST_Robot_Warehouse/src/warehouse_robot_package' with build type 'ament_python'
[20.036s] Level 1:colcon.colcon_core.shell:create_environment_hook('warehouse_robot_package', 'ament_prefix_path')
[20.037s] INFO:colcon.colcon_core.shell:Creating environment hook '/home/kunal/AST_Robot_Warehouse/install/warehouse_robot_package/share/warehouse_robot_package/hook/ament_prefix_path.ps1'
[20.038s] INFO:colcon.colcon_core.shell:Creating environment descriptor '/home/kunal/AST_Robot_Warehouse/install/warehouse_robot_package/share/warehouse_robot_package/hook/ament_prefix_path.dsv'
[20.039s] INFO:colcon.colcon_core.shell:Creating environment hook '/home/kunal/AST_Robot_Warehouse/install/warehouse_robot_package/share/warehouse_robot_package/hook/ament_prefix_path.sh'
[20.040s] INFO:colcon.colcon_core.shell:Skip shell extension 'powershell' for command environment: Not usable outside of PowerShell
[20.040s] DEBUG:colcon.colcon_core.shell:Skip shell extension 'dsv' for command environment
[20.042s] DEBUG:colcon.colcon_core.shell:Ignoring prefix path '/opt/ros/foxy'
[20.310s] INFO:colcon.colcon_core.task.python.build:Building Python package in '/home/kunal/AST_Robot_Warehouse/src/warehouse_robot_package'
[20.311s] INFO:colcon.colcon_core.shell:Skip shell extension 'powershell' for command environment: Not usable outside of PowerShell
[20.311s] DEBUG:colcon.colcon_core.shell:Skip shell extension 'dsv' for command environment
[20.312s] DEBUG:colcon.colcon_core.shell:Ignoring prefix path '/opt/ros/foxy'
[20.397s] DEBUG:colcon.colcon_core.event_handler.log_command:Invoking command in '/home/kunal/AST_Robot_Warehouse/src/warehouse_robot_package': AMENT_PREFIX_PATH=/home/kunal/AST_Robot_Warehouse/install/messages_package:${AMENT_PREFIX_PATH} CMAKE_PREFIX_PATH=/home/kunal/AST_Robot_Warehouse/install/messages_package LD_LIBRARY_PATH=/home/kunal/AST_Robot_Warehouse/install/messages_package/lib:${LD_LIBRARY_PATH} PYTHONPATH=/home/kunal/AST_Robot_Warehouse/install/warehouse_robot_package/lib/python3.8/site-packages:/home/kunal/AST_Robot_Warehouse/install/messages_package/lib/python3.8/site-packages:${PYTHONPATH} /usr/bin/python3 setup.py egg_info --egg-base ../../build/warehouse_robot_package build --build-base /home/kunal/AST_Robot_Warehouse/build/warehouse_robot_package/build install --prefix /home/kunal/AST_Robot_Warehouse/install/warehouse_robot_package --record /home/kunal/AST_Robot_Warehouse/build/warehouse_robot_package/install.log --single-version-externally-managed
[20.647s] Level 1:colcon.colcon_core.environment:checking '/home/kunal/AST_Robot_Warehouse/install/warehouse_robot_package' for CMake module files
[20.648s] DEBUG:colcon.colcon_core.event_handler.log_command:Invoked command in '/home/kunal/AST_Robot_Warehouse/src/warehouse_robot_package' returned '0': AMENT_PREFIX_PATH=/home/kunal/AST_Robot_Warehouse/install/messages_package:${AMENT_PREFIX_PATH} CMAKE_PREFIX_PATH=/home/kunal/AST_Robot_Warehouse/install/messages_package LD_LIBRARY_PATH=/home/kunal/AST_Robot_Warehouse/install/messages_package/lib:${LD_LIBRARY_PATH} PYTHONPATH=/home/kunal/AST_Robot_Warehouse/install/warehouse_robot_package/lib/python3.8/site-packages:/home/kunal/AST_Robot_Warehouse/install/messages_package/lib/python3.8/site-packages:${PYTHONPATH} /usr/bin/python3 setup.py egg_info --egg-base ../../build/warehouse_robot_package build --build-base /home/kunal/AST_Robot_Warehouse/build/warehouse_robot_package/build install --prefix /home/kunal/AST_Robot_Warehouse/install/warehouse_robot_package --record /home/kunal/AST_Robot_Warehouse/build/warehouse_robot_package/install.log --single-version-externally-managed
[20.648s] Level 1:colcon.colcon_core.environment:checking '/home/kunal/AST_Robot_Warehouse/install/warehouse_robot_package' for CMake config files
[20.648s] Level 1:colcon.colcon_core.environment:checking '/home/kunal/AST_Robot_Warehouse/install/warehouse_robot_package/lib'
[20.649s] Level 1:colcon.colcon_core.environment:checking '/home/kunal/AST_Robot_Warehouse/install/warehouse_robot_package/bin'
[20.649s] Level 1:colcon.colcon_core.environment:checking '/home/kunal/AST_Robot_Warehouse/install/warehouse_robot_package/lib/pkgconfig/warehouse_robot_package.pc'
[20.649s] Level 1:colcon.colcon_core.environment:checking '/home/kunal/AST_Robot_Warehouse/install/warehouse_robot_package/lib/python3.8/site-packages'
[20.649s] Level 1:colcon.colcon_core.shell:create_environment_hook('warehouse_robot_package', 'pythonpath')
[20.649s] INFO:colcon.colcon_core.shell:Creating environment hook '/home/kunal/AST_Robot_Warehouse/install/warehouse_robot_package/share/warehouse_robot_package/hook/pythonpath.ps1'
[20.650s] INFO:colcon.colcon_core.shell:Creating environment descriptor '/home/kunal/AST_Robot_Warehouse/install/warehouse_robot_package/share/warehouse_robot_package/hook/pythonpath.dsv'
[20.650s] INFO:colcon.colcon_core.shell:Creating environment hook '/home/kunal/AST_Robot_Warehouse/install/warehouse_robot_package/share/warehouse_robot_package/hook/pythonpath.sh'
[20.651s] Level 1:colcon.colcon_core.environment:create_environment_scripts_only(warehouse_robot_package)
[20.651s] INFO:colcon.colcon_core.shell:Creating package script '/home/kunal/AST_Robot_Warehouse/install/warehouse_robot_package/share/warehouse_robot_package/package.ps1'
[20.652s] INFO:colcon.colcon_core.shell:Creating package descriptor '/home/kunal/AST_Robot_Warehouse/install/warehouse_robot_package/share/warehouse_robot_package/package.dsv'
[20.653s] INFO:colcon.colcon_core.shell:Creating package script '/home/kunal/AST_Robot_Warehouse/install/warehouse_robot_package/share/warehouse_robot_package/package.sh'
[20.653s] INFO:colcon.colcon_core.shell:Creating package script '/home/kunal/AST_Robot_Warehouse/install/warehouse_robot_package/share/warehouse_robot_package/package.bash'
[20.654s] INFO:colcon.colcon_core.shell:Creating package script '/home/kunal/AST_Robot_Warehouse/install/warehouse_robot_package/share/warehouse_robot_package/package.zsh'
[20.654s] Level 1:colcon.colcon_core.environment:create_file_with_runtime_dependencies(/home/kunal/AST_Robot_Warehouse/install/warehouse_robot_package/share/colcon-core/packages/warehouse_robot_package)
[20.655s] DEBUG:colcon.colcon_parallel_executor.executor.parallel:closing loop
[20.656s] DEBUG:colcon.colcon_parallel_executor.executor.parallel:loop closed
[20.657s] DEBUG:colcon.colcon_parallel_executor.executor.parallel:run_until_complete finished with '0'
[20.657s] DEBUG:colcon.colcon_core.event_reactor:joining thread
[20.692s] INFO:colcon.colcon_core.plugin_system:Skipping extension 'colcon_notification.desktop_notification.notify_send': Could not find 'notify-send'
[20.692s] INFO:colcon.colcon_core.plugin_system:Skipping extension 'colcon_notification.desktop_notification.terminal_notifier': Not used on non-Darwin systems
[20.692s] INFO:colcon.colcon_core.plugin_system:Skipping extension 'colcon_notification.desktop_notification.win32': Not used on non-Windows systems
[20.692s] INFO:colcon.colcon_notification.desktop_notification:Sending desktop notification using 'notify2'
[20.697s] DEBUG:colcon.colcon_notification.desktop_notification.notify2:Failed to initialize notify2: org.freedesktop.DBus.Error.ServiceUnknown: The name org.freedesktop.Notifications was not provided by any .service files
[20.697s] DEBUG:colcon.colcon_core.event_reactor:joined thread
[20.698s] INFO:colcon.colcon_core.shell:Creating prefix script '/home/kunal/AST_Robot_Warehouse/install/local_setup.ps1'
[20.699s] INFO:colcon.colcon_core.shell:Creating prefix util module '/home/kunal/AST_Robot_Warehouse/install/_local_setup_util_ps1.py'
[20.701s] INFO:colcon.colcon_core.shell:Creating prefix chain script '/home/kunal/AST_Robot_Warehouse/install/setup.ps1'
[20.704s] INFO:colcon.colcon_core.shell:Creating prefix script '/home/kunal/AST_Robot_Warehouse/install/local_setup.sh'
[20.705s] INFO:colcon.colcon_core.shell:Creating prefix util module '/home/kunal/AST_Robot_Warehouse/install/_local_setup_util_sh.py'
[20.706s] INFO:colcon.colcon_core.shell:Creating prefix chain script '/home/kunal/AST_Robot_Warehouse/install/setup.sh'
[20.708s] INFO:colcon.colcon_core.shell:Creating prefix script '/home/kunal/AST_Robot_Warehouse/install/local_setup.bash'
[20.709s] INFO:colcon.colcon_core.shell:Creating prefix chain script '/home/kunal/AST_Robot_Warehouse/install/setup.bash'
[20.711s] INFO:colcon.colcon_core.shell:Creating prefix script '/home/kunal/AST_Robot_Warehouse/install/local_setup.zsh'
[20.711s] INFO:colcon.colcon_core.shell:Creating prefix chain script '/home/kunal/AST_Robot_Warehouse/install/setup.zsh'
