[0.549s] Invoking command in '/home/sam/AST/src/warehouse_robot_package': CONDA_PROMPT_MODIFIER=(base) PYTHONPATH=/home/sam/AST/install/warehouse_robot_package/lib/python3.8/site-packages:${PYTHONPATH} /usr/bin/python3 setup.py egg_info --egg-base ../../build/warehouse_robot_package build --build-base /home/sam/AST/build/warehouse_robot_package/build install --prefix /home/sam/AST/install/warehouse_robot_package --record /home/sam/AST/build/warehouse_robot_package/install.log --single-version-externally-managed
[0.788s] running egg_info
[0.788s] writing ../../build/warehouse_robot_package/warehouse_robot_package.egg-info/PKG-INFO
[0.789s] writing dependency_links to ../../build/warehouse_robot_package/warehouse_robot_package.egg-info/dependency_links.txt
[0.789s] writing entry points to ../../build/warehouse_robot_package/warehouse_robot_package.egg-info/entry_points.txt
[0.789s] writing requirements to ../../build/warehouse_robot_package/warehouse_robot_package.egg-info/requires.txt
[0.789s] writing top-level names to ../../build/warehouse_robot_package/warehouse_robot_package.egg-info/top_level.txt
[0.819s] reading manifest file '../../build/warehouse_robot_package/warehouse_robot_package.egg-info/SOURCES.txt'
[0.820s] writing manifest file '../../build/warehouse_robot_package/warehouse_robot_package.egg-info/SOURCES.txt'
[0.820s] running build
[0.821s] running build_py
[0.821s] running install
[0.821s] running install_lib
[0.822s] running install_data
[0.823s] running install_egg_info
[0.824s] removing '/home/sam/AST/install/warehouse_robot_package/lib/python3.8/site-packages/warehouse_robot_package-0.0.0-py3.8.egg-info' (and everything under it)
[0.825s] Copying ../../build/warehouse_robot_package/warehouse_robot_package.egg-info to /home/sam/AST/install/warehouse_robot_package/lib/python3.8/site-packages/warehouse_robot_package-0.0.0-py3.8.egg-info
[0.825s] running install_scripts
[0.839s] Installing warehouse_robot script to /home/sam/AST/install/warehouse_robot_package/lib/warehouse_robot_package
[0.839s] writing list of installed files to '/home/sam/AST/build/warehouse_robot_package/install.log'
