/home/kunal/AST_Robot_Warehouse/install/warehouse_robot_package/lib/python3.8/site-packages/warehouse_robot_package/warehouse.py
/home/kunal/AST_Robot_Warehouse/install/warehouse_robot_package/lib/python3.8/site-packages/warehouse_robot_package/beacon.py
/home/kunal/AST_Robot_Warehouse/install/warehouse_robot_package/lib/python3.8/site-packages/warehouse_robot_package/order_console.py
/home/kunal/AST_Robot_Warehouse/install/warehouse_robot_package/lib/python3.8/site-packages/warehouse_robot_package/__init__.py
/home/kunal/AST_Robot_Warehouse/install/warehouse_robot_package/lib/python3.8/site-packages/warehouse_robot_package/robot.py
/home/kunal/AST_Robot_Warehouse/install/warehouse_robot_package/lib/python3.8/site-packages/warehouse_robot_package/__pycache__/warehouse.cpython-38.pyc
/home/kunal/AST_Robot_Warehouse/install/warehouse_robot_package/lib/python3.8/site-packages/warehouse_robot_package/__pycache__/beacon.cpython-38.pyc
/home/kunal/AST_Robot_Warehouse/install/warehouse_robot_package/lib/python3.8/site-packages/warehouse_robot_package/__pycache__/order_console.cpython-38.pyc
/home/kunal/AST_Robot_Warehouse/install/warehouse_robot_package/lib/python3.8/site-packages/warehouse_robot_package/__pycache__/__init__.cpython-38.pyc
/home/kunal/AST_Robot_Warehouse/install/warehouse_robot_package/lib/python3.8/site-packages/warehouse_robot_package/__pycache__/robot.cpython-38.pyc
/home/kunal/AST_Robot_Warehouse/install/warehouse_robot_package/share/ament_index/resource_index/packages/warehouse_robot_package
/home/kunal/AST_Robot_Warehouse/install/warehouse_robot_package/share/warehouse_robot_package/package.xml
/home/kunal/AST_Robot_Warehouse/install/warehouse_robot_package/lib/python3.8/site-packages/warehouse_robot_package-0.0.0-py3.8.egg-info/top_level.txt
/home/kunal/AST_Robot_Warehouse/install/warehouse_robot_package/lib/python3.8/site-packages/warehouse_robot_package-0.0.0-py3.8.egg-info/dependency_links.txt
/home/kunal/AST_Robot_Warehouse/install/warehouse_robot_package/lib/python3.8/site-packages/warehouse_robot_package-0.0.0-py3.8.egg-info/entry_points.txt
/home/kunal/AST_Robot_Warehouse/install/warehouse_robot_package/lib/python3.8/site-packages/warehouse_robot_package-0.0.0-py3.8.egg-info/SOURCES.txt
/home/kunal/AST_Robot_Warehouse/install/warehouse_robot_package/lib/python3.8/site-packages/warehouse_robot_package-0.0.0-py3.8.egg-info/requires.txt
/home/kunal/AST_Robot_Warehouse/install/warehouse_robot_package/lib/python3.8/site-packages/warehouse_robot_package-0.0.0-py3.8.egg-info/PKG-INFO
/home/kunal/AST_Robot_Warehouse/install/warehouse_robot_package/lib/python3.8/site-packages/warehouse_robot_package-0.0.0-py3.8.egg-info/zip-safe
/home/kunal/AST_Robot_Warehouse/install/warehouse_robot_package/lib/warehouse_robot_package/beacon
/home/kunal/AST_Robot_Warehouse/install/warehouse_robot_package/lib/warehouse_robot_package/order_console
/home/kunal/AST_Robot_Warehouse/install/warehouse_robot_package/lib/warehouse_robot_package/robot
/home/kunal/AST_Robot_Warehouse/install/warehouse_robot_package/lib/warehouse_robot_package/warehouse
