[0.251s] Invoking command in '/home/sam/AST_Robot_Warehouse/src/warehouse_robot_package': AMENT_PREFIX_PATH=/home/sam/AST_Robot_Warehouse/install/messages_package:${AMENT_PREFIX_PATH} CMAKE_PREFIX_PATH=/home/sam/AST_Robot_Warehouse/install/messages_package LD_LIBRARY_PATH=/home/sam/AST_Robot_Warehouse/install/messages_package/lib:${LD_LIBRARY_PATH} PYTHONPATH=/home/sam/AST_Robot_Warehouse/install/warehouse_robot_package/lib/python3.8/site-packages:/home/sam/AST_Robot_Warehouse/install/messages_package/lib/python3.8/site-packages:${PYTHONPATH} /usr/bin/python3 setup.py egg_info --egg-base ../../build/warehouse_robot_package build --build-base /home/sam/AST_Robot_Warehouse/build/warehouse_robot_package/build install --prefix /home/sam/AST_Robot_Warehouse/install/warehouse_robot_package --record /home/sam/AST_Robot_Warehouse/build/warehouse_robot_package/install.log --single-version-externally-managed
[0.458s] running egg_info
[0.458s] writing ../../build/warehouse_robot_package/warehouse_robot_package.egg-info/PKG-INFO
[0.459s] writing dependency_links to ../../build/warehouse_robot_package/warehouse_robot_package.egg-info/dependency_links.txt
[0.459s] writing entry points to ../../build/warehouse_robot_package/warehouse_robot_package.egg-info/entry_points.txt
[0.459s] writing requirements to ../../build/warehouse_robot_package/warehouse_robot_package.egg-info/requires.txt
[0.459s] writing top-level names to ../../build/warehouse_robot_package/warehouse_robot_package.egg-info/top_level.txt
[0.490s] reading manifest file '../../build/warehouse_robot_package/warehouse_robot_package.egg-info/SOURCES.txt'
[0.491s] writing manifest file '../../build/warehouse_robot_package/warehouse_robot_package.egg-info/SOURCES.txt'
[0.491s] running build
[0.491s] running build_py
[0.491s] copying warehouse_robot_package/order_console.py -> /home/sam/AST_Robot_Warehouse/build/warehouse_robot_package/build/lib/warehouse_robot_package
[0.492s] copying warehouse_robot_package/beacon.py -> /home/sam/AST_Robot_Warehouse/build/warehouse_robot_package/build/lib/warehouse_robot_package
[0.492s] copying warehouse_robot_package/robot.py -> /home/sam/AST_Robot_Warehouse/build/warehouse_robot_package/build/lib/warehouse_robot_package
[0.492s] running install
[0.493s] running install_lib
[0.494s] copying /home/sam/AST_Robot_Warehouse/build/warehouse_robot_package/build/lib/warehouse_robot_package/order_console.py -> /home/sam/AST_Robot_Warehouse/install/warehouse_robot_package/lib/python3.8/site-packages/warehouse_robot_package
[0.494s] copying /home/sam/AST_Robot_Warehouse/build/warehouse_robot_package/build/lib/warehouse_robot_package/beacon.py -> /home/sam/AST_Robot_Warehouse/install/warehouse_robot_package/lib/python3.8/site-packages/warehouse_robot_package
[0.494s] copying /home/sam/AST_Robot_Warehouse/build/warehouse_robot_package/build/lib/warehouse_robot_package/robot.py -> /home/sam/AST_Robot_Warehouse/install/warehouse_robot_package/lib/python3.8/site-packages/warehouse_robot_package
[0.495s] byte-compiling /home/sam/AST_Robot_Warehouse/install/warehouse_robot_package/lib/python3.8/site-packages/warehouse_robot_package/order_console.py to order_console.cpython-38.pyc
[0.496s] byte-compiling /home/sam/AST_Robot_Warehouse/install/warehouse_robot_package/lib/python3.8/site-packages/warehouse_robot_package/beacon.py to beacon.cpython-38.pyc
[0.497s] byte-compiling /home/sam/AST_Robot_Warehouse/install/warehouse_robot_package/lib/python3.8/site-packages/warehouse_robot_package/robot.py to robot.cpython-38.pyc
[0.497s] running install_data
[0.498s] running install_egg_info
[0.500s] removing '/home/sam/AST_Robot_Warehouse/install/warehouse_robot_package/lib/python3.8/site-packages/warehouse_robot_package-0.0.0-py3.8.egg-info' (and everything under it)
[0.501s] Copying ../../build/warehouse_robot_package/warehouse_robot_package.egg-info to /home/sam/AST_Robot_Warehouse/install/warehouse_robot_package/lib/python3.8/site-packages/warehouse_robot_package-0.0.0-py3.8.egg-info
[0.502s] running install_scripts
[0.516s] Installing beacon script to /home/sam/AST_Robot_Warehouse/install/warehouse_robot_package/lib/warehouse_robot_package
[0.516s] Installing robot script to /home/sam/AST_Robot_Warehouse/install/warehouse_robot_package/lib/warehouse_robot_package
[0.516s] writing list of installed files to '/home/sam/AST_Robot_Warehouse/build/warehouse_robot_package/install.log'
[0.536s] Invoked command in '/home/sam/AST_Robot_Warehouse/src/warehouse_robot_package' returned '0': AMENT_PREFIX_PATH=/home/sam/AST_Robot_Warehouse/install/messages_package:${AMENT_PREFIX_PATH} CMAKE_PREFIX_PATH=/home/sam/AST_Robot_Warehouse/install/messages_package LD_LIBRARY_PATH=/home/sam/AST_Robot_Warehouse/install/messages_package/lib:${LD_LIBRARY_PATH} PYTHONPATH=/home/sam/AST_Robot_Warehouse/install/warehouse_robot_package/lib/python3.8/site-packages:/home/sam/AST_Robot_Warehouse/install/messages_package/lib/python3.8/site-packages:${PYTHONPATH} /usr/bin/python3 setup.py egg_info --egg-base ../../build/warehouse_robot_package build --build-base /home/sam/AST_Robot_Warehouse/build/warehouse_robot_package/build install --prefix /home/sam/AST_Robot_Warehouse/install/warehouse_robot_package --record /home/sam/AST_Robot_Warehouse/build/warehouse_robot_package/install.log --single-version-externally-managed
