[0.425s] Invoking command in '/home/kunal/AST_Robot_Warehouse/src/warehouse_robot_package': CMAKE_PREFIX_PATH=/home/kunal/AST_Robot_Warehouse/install/messages_package:/home/kunal/AST_Robot_Warehouse/install/turtlesim:/home/kunal/AST_Robot_Warehouse/install/my_package LD_LIBRARY_PATH=/home/kunal/AST_Robot_Warehouse/install/messages_package/lib:/home/kunal/AST_Robot_Warehouse/install/turtlesim/lib:/opt/ros/foxy/opt/yaml_cpp_vendor/lib:/opt/ros/foxy/opt/rviz_ogre_vendor/lib:/opt/ros/foxy/lib/x86_64-linux-gnu:/opt/ros/foxy/lib PYTHONPATH=/home/kunal/AST_Robot_Warehouse/install/warehouse_robot_package/lib/python3.8/site-packages:/home/kunal/AST_Robot_Warehouse/install/messages_package/lib/python3.8/site-packages:/home/kunal/AST_Robot_Warehouse/install/warehouse_robot_package/lib/python3.8/site-packages:/home/kunal/AST_Robot_Warehouse/install/turtlesim/lib/python3.8/site-packages:/home/kunal/AST_Robot_Warehouse/install/py_pubsub/lib/python3.8/site-packages:/opt/ros/foxy/lib/python3.8/site-packages /usr/bin/python3 setup.py egg_info --egg-base ../../build/warehouse_robot_package build --build-base /home/kunal/AST_Robot_Warehouse/build/warehouse_robot_package/build install --prefix /home/kunal/AST_Robot_Warehouse/install/warehouse_robot_package --record /home/kunal/AST_Robot_Warehouse/build/warehouse_robot_package/install.log --single-version-externally-managed
[0.592s] running egg_info
[0.593s] writing ../../build/warehouse_robot_package/warehouse_robot_package.egg-info/PKG-INFO
[0.593s] writing dependency_links to ../../build/warehouse_robot_package/warehouse_robot_package.egg-info/dependency_links.txt
[0.594s] writing entry points to ../../build/warehouse_robot_package/warehouse_robot_package.egg-info/entry_points.txt
[0.594s] writing requirements to ../../build/warehouse_robot_package/warehouse_robot_package.egg-info/requires.txt
[0.594s] writing top-level names to ../../build/warehouse_robot_package/warehouse_robot_package.egg-info/top_level.txt
[0.622s] reading manifest file '../../build/warehouse_robot_package/warehouse_robot_package.egg-info/SOURCES.txt'
[0.623s] writing manifest file '../../build/warehouse_robot_package/warehouse_robot_package.egg-info/SOURCES.txt'
[0.623s] running build
[0.624s] running build_py
[0.624s] copying warehouse_robot_package/warehouse.py -> /home/kunal/AST_Robot_Warehouse/build/warehouse_robot_package/build/lib/warehouse_robot_package
[0.624s] running install
[0.625s] running install_lib
[0.625s] copying /home/kunal/AST_Robot_Warehouse/build/warehouse_robot_package/build/lib/warehouse_robot_package/warehouse.py -> /home/kunal/AST_Robot_Warehouse/install/warehouse_robot_package/lib/python3.8/site-packages/warehouse_robot_package
[0.626s] byte-compiling /home/kunal/AST_Robot_Warehouse/install/warehouse_robot_package/lib/python3.8/site-packages/warehouse_robot_package/warehouse.py to warehouse.cpython-38.pyc
[0.628s] running install_data
[0.628s] running install_egg_info
[0.629s] removing '/home/kunal/AST_Robot_Warehouse/install/warehouse_robot_package/lib/python3.8/site-packages/warehouse_robot_package-0.0.0-py3.8.egg-info' (and everything under it)
[0.630s] Copying ../../build/warehouse_robot_package/warehouse_robot_package.egg-info to /home/kunal/AST_Robot_Warehouse/install/warehouse_robot_package/lib/python3.8/site-packages/warehouse_robot_package-0.0.0-py3.8.egg-info
[0.631s] running install_scripts
[0.646s] Installing beacon script to /home/kunal/AST_Robot_Warehouse/install/warehouse_robot_package/lib/warehouse_robot_package
[0.647s] Installing order_console script to /home/kunal/AST_Robot_Warehouse/install/warehouse_robot_package/lib/warehouse_robot_package
[0.647s] Installing robot script to /home/kunal/AST_Robot_Warehouse/install/warehouse_robot_package/lib/warehouse_robot_package
[0.647s] Installing warehouse script to /home/kunal/AST_Robot_Warehouse/install/warehouse_robot_package/lib/warehouse_robot_package
[0.648s] writing list of installed files to '/home/kunal/AST_Robot_Warehouse/build/warehouse_robot_package/install.log'
[0.673s] Invoked command in '/home/kunal/AST_Robot_Warehouse/src/warehouse_robot_package' returned '0': CMAKE_PREFIX_PATH=/home/kunal/AST_Robot_Warehouse/install/messages_package:/home/kunal/AST_Robot_Warehouse/install/turtlesim:/home/kunal/AST_Robot_Warehouse/install/my_package LD_LIBRARY_PATH=/home/kunal/AST_Robot_Warehouse/install/messages_package/lib:/home/kunal/AST_Robot_Warehouse/install/turtlesim/lib:/opt/ros/foxy/opt/yaml_cpp_vendor/lib:/opt/ros/foxy/opt/rviz_ogre_vendor/lib:/opt/ros/foxy/lib/x86_64-linux-gnu:/opt/ros/foxy/lib PYTHONPATH=/home/kunal/AST_Robot_Warehouse/install/warehouse_robot_package/lib/python3.8/site-packages:/home/kunal/AST_Robot_Warehouse/install/messages_package/lib/python3.8/site-packages:/home/kunal/AST_Robot_Warehouse/install/warehouse_robot_package/lib/python3.8/site-packages:/home/kunal/AST_Robot_Warehouse/install/turtlesim/lib/python3.8/site-packages:/home/kunal/AST_Robot_Warehouse/install/py_pubsub/lib/python3.8/site-packages:/opt/ros/foxy/lib/python3.8/site-packages /usr/bin/python3 setup.py egg_info --egg-base ../../build/warehouse_robot_package build --build-base /home/kunal/AST_Robot_Warehouse/build/warehouse_robot_package/build install --prefix /home/kunal/AST_Robot_Warehouse/install/warehouse_robot_package --record /home/kunal/AST_Robot_Warehouse/build/warehouse_robot_package/install.log --single-version-externally-managed
