[0.032s] Invoking command in '/home/sam/AST_Robot_Warehouse/build/action_tutorials_interfaces': CMAKE_PREFIX_PATH=${CMAKE_PREFIX_PATH}:/home/sam/AST_Robot_Warehouse/install/warehouse_robot_package:/home/sam/AST_Robot_Warehouse/install/py_srvcli:/home/sam/AST_Robot_Warehouse/install/py_pubsub:/opt/ros/foxy /usr/bin/cmake --build /home/sam/AST_Robot_Warehouse/build/action_tutorials_interfaces -- -j12 -l12
[0.535s] [  3%] Built target action_tutorials_interfaces__cpp
[0.536s] [ 12%] Built target action_tutorials_interfaces__rosidl_generator_c
[0.538s] [ 32%] Built target action_tutorials_interfaces__rosidl_typesupport_introspection_cpp
[0.539s] [ 32%] Built target action_tutorials_interfaces__rosidl_typesupport_introspection_c
[0.541s] [ 41%] Built target action_tutorials_interfaces__rosidl_typesupport_fastrtps_cpp
[0.541s] [ 51%] Built target action_tutorials_interfaces__rosidl_typesupport_cpp
[0.542s] [ 61%] Built target action_tutorials_interfaces__rosidl_typesupport_c
[0.543s] [ 70%] Built target action_tutorials_interfaces__rosidl_typesupport_fastrtps_c
[0.543s] [ 70%] Built target action_tutorials_interfaces
[0.543s] [ 74%] Built target action_tutorials_interfaces__py
[0.544s] [ 80%] Built target action_tutorials_interfaces__python
[0.544s] [ 87%] Built target action_tutorials_interfaces__rosidl_typesupport_fastrtps_c__pyext
[0.545s] [ 93%] Built target action_tutorials_interfaces__rosidl_typesupport_introspection_c__pyext
[0.545s] [100%] Built target action_tutorials_interfaces__rosidl_typesupport_c__pyext
[0.546s] Invoked command in '/home/sam/AST_Robot_Warehouse/build/action_tutorials_interfaces' returned '0': CMAKE_PREFIX_PATH=${CMAKE_PREFIX_PATH}:/home/sam/AST_Robot_Warehouse/install/warehouse_robot_package:/home/sam/AST_Robot_Warehouse/install/py_srvcli:/home/sam/AST_Robot_Warehouse/install/py_pubsub:/opt/ros/foxy /usr/bin/cmake --build /home/sam/AST_Robot_Warehouse/build/action_tutorials_interfaces -- -j12 -l12
[0.593s] Invoking command in '/home/sam/AST_Robot_Warehouse/build/action_tutorials_interfaces': CMAKE_PREFIX_PATH=${CMAKE_PREFIX_PATH}:/home/sam/AST_Robot_Warehouse/install/warehouse_robot_package:/home/sam/AST_Robot_Warehouse/install/py_srvcli:/home/sam/AST_Robot_Warehouse/install/py_pubsub:/opt/ros/foxy /usr/bin/cmake --install /home/sam/AST_Robot_Warehouse/build/action_tutorials_interfaces
[0.602s] -- Install configuration: ""
[0.602s] -- Up-to-date: /home/sam/AST_Robot_Warehouse/install/action_tutorials_interfaces/share/ament_index/resource_index/rosidl_interfaces/action_tutorials_interfaces
[0.603s] -- Up-to-date: /home/sam/AST_Robot_Warehouse/install/action_tutorials_interfaces/include/action_tutorials_interfaces
[0.603s] -- Up-to-date: /home/sam/AST_Robot_Warehouse/install/action_tutorials_interfaces/include/action_tutorials_interfaces/action
[0.603s] -- Up-to-date: /home/sam/AST_Robot_Warehouse/install/action_tutorials_interfaces/include/action_tutorials_interfaces/action/fibonacci.h
[0.603s] -- Up-to-date: /home/sam/AST_Robot_Warehouse/install/action_tutorials_interfaces/include/action_tutorials_interfaces/action/detail
[0.603s] -- Up-to-date: /home/sam/AST_Robot_Warehouse/install/action_tutorials_interfaces/include/action_tutorials_interfaces/action/detail/fibonacci__functions.c
[0.603s] -- Up-to-date: /home/sam/AST_Robot_Warehouse/install/action_tutorials_interfaces/include/action_tutorials_interfaces/action/detail/fibonacci__functions.h
[0.603s] -- Up-to-date: /home/sam/AST_Robot_Warehouse/install/action_tutorials_interfaces/include/action_tutorials_interfaces/action/detail/fibonacci__struct.h
[0.603s] -- Up-to-date: /home/sam/AST_Robot_Warehouse/install/action_tutorials_interfaces/include/action_tutorials_interfaces/action/detail/fibonacci__type_support.h
[0.603s] -- Up-to-date: /home/sam/AST_Robot_Warehouse/install/action_tutorials_interfaces/include/action_tutorials_interfaces/msg
[0.604s] -- Up-to-date: /home/sam/AST_Robot_Warehouse/install/action_tutorials_interfaces/include/action_tutorials_interfaces/msg/rosidl_generator_c__visibility_control.h
[0.604s] -- Up-to-date: /home/sam/AST_Robot_Warehouse/install/action_tutorials_interfaces/share/action_tutorials_interfaces/environment/library_path.sh
[0.604s] -- Up-to-date: /home/sam/AST_Robot_Warehouse/install/action_tutorials_interfaces/share/action_tutorials_interfaces/environment/library_path.dsv
[0.604s] -- Up-to-date: /home/sam/AST_Robot_Warehouse/install/action_tutorials_interfaces/lib/libaction_tutorials_interfaces__rosidl_generator_c.so
[0.604s] -- Up-to-date: /home/sam/AST_Robot_Warehouse/install/action_tutorials_interfaces/include/action_tutorials_interfaces
[0.604s] -- Up-to-date: /home/sam/AST_Robot_Warehouse/install/action_tutorials_interfaces/include/action_tutorials_interfaces/action
[0.604s] -- Up-to-date: /home/sam/AST_Robot_Warehouse/install/action_tutorials_interfaces/include/action_tutorials_interfaces/action/detail
[0.605s] -- Up-to-date: /home/sam/AST_Robot_Warehouse/install/action_tutorials_interfaces/include/action_tutorials_interfaces/action/detail/fibonacci__rosidl_typesupport_fastrtps_c.h
[0.605s] -- Up-to-date: /home/sam/AST_Robot_Warehouse/install/action_tutorials_interfaces/include/action_tutorials_interfaces/msg
[0.605s] -- Up-to-date: /home/sam/AST_Robot_Warehouse/install/action_tutorials_interfaces/include/action_tutorials_interfaces/msg/rosidl_typesupport_fastrtps_c__visibility_control.h
[0.605s] -- Up-to-date: /home/sam/AST_Robot_Warehouse/install/action_tutorials_interfaces/lib/libaction_tutorials_interfaces__rosidl_typesupport_fastrtps_c.so
[0.605s] -- Up-to-date: /home/sam/AST_Robot_Warehouse/install/action_tutorials_interfaces/include/action_tutorials_interfaces
[0.606s] -- Up-to-date: /home/sam/AST_Robot_Warehouse/install/action_tutorials_interfaces/include/action_tutorials_interfaces/action
[0.606s] -- Up-to-date: /home/sam/AST_Robot_Warehouse/install/action_tutorials_interfaces/include/action_tutorials_interfaces/action/detail
[0.606s] -- Up-to-date: /home/sam/AST_Robot_Warehouse/install/action_tutorials_interfaces/include/action_tutorials_interfaces/action/detail/fibonacci__rosidl_typesupport_fastrtps_cpp.hpp
[0.606s] -- Up-to-date: /home/sam/AST_Robot_Warehouse/install/action_tutorials_interfaces/include/action_tutorials_interfaces/action/detail/dds_fastrtps
[0.606s] -- Up-to-date: /home/sam/AST_Robot_Warehouse/install/action_tutorials_interfaces/include/action_tutorials_interfaces/msg
[0.607s] -- Up-to-date: /home/sam/AST_Robot_Warehouse/install/action_tutorials_interfaces/include/action_tutorials_interfaces/msg/rosidl_typesupport_fastrtps_cpp__visibility_control.h
[0.607s] -- Up-to-date: /home/sam/AST_Robot_Warehouse/install/action_tutorials_interfaces/lib/libaction_tutorials_interfaces__rosidl_typesupport_fastrtps_cpp.so
[0.607s] -- Up-to-date: /home/sam/AST_Robot_Warehouse/install/action_tutorials_interfaces/include/action_tutorials_interfaces
[0.607s] -- Up-to-date: /home/sam/AST_Robot_Warehouse/install/action_tutorials_interfaces/include/action_tutorials_interfaces/action
[0.607s] -- Up-to-date: /home/sam/AST_Robot_Warehouse/install/action_tutorials_interfaces/include/action_tutorials_interfaces/action/detail
[0.607s] -- Up-to-date: /home/sam/AST_Robot_Warehouse/install/action_tutorials_interfaces/include/action_tutorials_interfaces/action/detail/fibonacci__rosidl_typesupport_introspection_c.h
[0.607s] -- Up-to-date: /home/sam/AST_Robot_Warehouse/install/action_tutorials_interfaces/include/action_tutorials_interfaces/action/detail/fibonacci__type_support.c
[0.608s] -- Up-to-date: /home/sam/AST_Robot_Warehouse/install/action_tutorials_interfaces/include/action_tutorials_interfaces/msg
[0.608s] -- Up-to-date: /home/sam/AST_Robot_Warehouse/install/action_tutorials_interfaces/include/action_tutorials_interfaces/msg/rosidl_typesupport_introspection_c__visibility_control.h
[0.608s] -- Up-to-date: /home/sam/AST_Robot_Warehouse/install/action_tutorials_interfaces/lib/libaction_tutorials_interfaces__rosidl_typesupport_introspection_c.so
[0.608s] -- Up-to-date: /home/sam/AST_Robot_Warehouse/install/action_tutorials_interfaces/lib/libaction_tutorials_interfaces__rosidl_typesupport_c.so
[0.608s] -- Up-to-date: /home/sam/AST_Robot_Warehouse/install/action_tutorials_interfaces/include/action_tutorials_interfaces
[0.608s] -- Up-to-date: /home/sam/AST_Robot_Warehouse/install/action_tutorials_interfaces/include/action_tutorials_interfaces/action
[0.608s] -- Up-to-date: /home/sam/AST_Robot_Warehouse/install/action_tutorials_interfaces/include/action_tutorials_interfaces/action/detail
[0.608s] -- Up-to-date: /home/sam/AST_Robot_Warehouse/install/action_tutorials_interfaces/include/action_tutorials_interfaces/action/detail/fibonacci__builder.hpp
[0.609s] -- Up-to-date: /home/sam/AST_Robot_Warehouse/install/action_tutorials_interfaces/include/action_tutorials_interfaces/action/detail/fibonacci__struct.hpp
[0.609s] -- Up-to-date: /home/sam/AST_Robot_Warehouse/install/action_tutorials_interfaces/include/action_tutorials_interfaces/action/detail/fibonacci__traits.hpp
[0.609s] -- Up-to-date: /home/sam/AST_Robot_Warehouse/install/action_tutorials_interfaces/include/action_tutorials_interfaces/action/fibonacci.hpp
[0.609s] -- Up-to-date: /home/sam/AST_Robot_Warehouse/install/action_tutorials_interfaces/include/action_tutorials_interfaces
[0.609s] -- Up-to-date: /home/sam/AST_Robot_Warehouse/install/action_tutorials_interfaces/include/action_tutorials_interfaces/action
[0.610s] -- Up-to-date: /home/sam/AST_Robot_Warehouse/install/action_tutorials_interfaces/include/action_tutorials_interfaces/action/detail
[0.610s] -- Up-to-date: /home/sam/AST_Robot_Warehouse/install/action_tutorials_interfaces/include/action_tutorials_interfaces/action/detail/fibonacci__rosidl_typesupport_introspection_cpp.hpp
[0.610s] -- Up-to-date: /home/sam/AST_Robot_Warehouse/install/action_tutorials_interfaces/include/action_tutorials_interfaces/action/detail/fibonacci__type_support.cpp
[0.610s] -- Up-to-date: /home/sam/AST_Robot_Warehouse/install/action_tutorials_interfaces/lib/libaction_tutorials_interfaces__rosidl_typesupport_introspection_cpp.so
[0.610s] -- Up-to-date: /home/sam/AST_Robot_Warehouse/install/action_tutorials_interfaces/lib/libaction_tutorials_interfaces__rosidl_typesupport_cpp.so
[0.610s] -- Up-to-date: /home/sam/AST_Robot_Warehouse/install/action_tutorials_interfaces/share/action_tutorials_interfaces/environment/pythonpath.sh
[0.611s] -- Up-to-date: /home/sam/AST_Robot_Warehouse/install/action_tutorials_interfaces/share/action_tutorials_interfaces/environment/pythonpath.dsv
[0.611s] -- Up-to-date: /home/sam/AST_Robot_Warehouse/install/action_tutorials_interfaces/lib/python3.8/site-packages/action_tutorials_interfaces/__init__.py
[0.649s] -- Up-to-date: /home/sam/AST_Robot_Warehouse/install/action_tutorials_interfaces/lib/python3.8/site-packages/action_tutorials_interfaces/action
[0.650s] -- Up-to-date: /home/sam/AST_Robot_Warehouse/install/action_tutorials_interfaces/lib/python3.8/site-packages/action_tutorials_interfaces/action/__init__.py
[0.650s] -- Up-to-date: /home/sam/AST_Robot_Warehouse/install/action_tutorials_interfaces/lib/python3.8/site-packages/action_tutorials_interfaces/action/_fibonacci_s.c
[0.650s] -- Up-to-date: /home/sam/AST_Robot_Warehouse/install/action_tutorials_interfaces/lib/python3.8/site-packages/action_tutorials_interfaces/action/_fibonacci.py
[0.650s] -- Up-to-date: /home/sam/AST_Robot_Warehouse/install/action_tutorials_interfaces/lib/python3.8/site-packages/action_tutorials_interfaces/action_tutorials_interfaces_s__rosidl_typesupport_fastrtps_c.cpython-38-x86_64-linux-gnu.so
[0.651s] -- Up-to-date: /home/sam/AST_Robot_Warehouse/install/action_tutorials_interfaces/lib/python3.8/site-packages/action_tutorials_interfaces/action_tutorials_interfaces_s__rosidl_typesupport_introspection_c.cpython-38-x86_64-linux-gnu.so
[0.651s] -- Up-to-date: /home/sam/AST_Robot_Warehouse/install/action_tutorials_interfaces/lib/python3.8/site-packages/action_tutorials_interfaces/action_tutorials_interfaces_s__rosidl_typesupport_c.cpython-38-x86_64-linux-gnu.so
[0.652s] -- Up-to-date: /home/sam/AST_Robot_Warehouse/install/action_tutorials_interfaces/lib/libaction_tutorials_interfaces__python.so
[0.652s] -- Up-to-date: /home/sam/AST_Robot_Warehouse/install/action_tutorials_interfaces/share/action_tutorials_interfaces/action/Fibonacci.idl
[0.653s] -- Up-to-date: /home/sam/AST_Robot_Warehouse/install/action_tutorials_interfaces/share/action_tutorials_interfaces/action/Fibonacci.action
[0.653s] -- Up-to-date: /home/sam/AST_Robot_Warehouse/install/action_tutorials_interfaces/share/ament_index/resource_index/package_run_dependencies/action_tutorials_interfaces
[0.653s] -- Up-to-date: /home/sam/AST_Robot_Warehouse/install/action_tutorials_interfaces/share/ament_index/resource_index/parent_prefix_path/action_tutorials_interfaces
[0.653s] -- Up-to-date: /home/sam/AST_Robot_Warehouse/install/action_tutorials_interfaces/share/action_tutorials_interfaces/environment/ament_prefix_path.sh
[0.654s] -- Up-to-date: /home/sam/AST_Robot_Warehouse/install/action_tutorials_interfaces/share/action_tutorials_interfaces/environment/ament_prefix_path.dsv
[0.654s] -- Up-to-date: /home/sam/AST_Robot_Warehouse/install/action_tutorials_interfaces/share/action_tutorials_interfaces/environment/path.sh
[0.654s] -- Up-to-date: /home/sam/AST_Robot_Warehouse/install/action_tutorials_interfaces/share/action_tutorials_interfaces/environment/path.dsv
[0.654s] -- Up-to-date: /home/sam/AST_Robot_Warehouse/install/action_tutorials_interfaces/share/action_tutorials_interfaces/local_setup.bash
[0.655s] -- Up-to-date: /home/sam/AST_Robot_Warehouse/install/action_tutorials_interfaces/share/action_tutorials_interfaces/local_setup.sh
[0.655s] -- Up-to-date: /home/sam/AST_Robot_Warehouse/install/action_tutorials_interfaces/share/action_tutorials_interfaces/local_setup.zsh
[0.655s] -- Up-to-date: /home/sam/AST_Robot_Warehouse/install/action_tutorials_interfaces/share/action_tutorials_interfaces/local_setup.dsv
[0.655s] -- Installing: /home/sam/AST_Robot_Warehouse/install/action_tutorials_interfaces/share/action_tutorials_interfaces/package.dsv
[0.655s] -- Up-to-date: /home/sam/AST_Robot_Warehouse/install/action_tutorials_interfaces/share/ament_index/resource_index/packages/action_tutorials_interfaces
[0.655s] -- Up-to-date: /home/sam/AST_Robot_Warehouse/install/action_tutorials_interfaces/share/action_tutorials_interfaces/cmake/action_tutorials_interfaces__rosidl_generator_cExport.cmake
[0.656s] -- Up-to-date: /home/sam/AST_Robot_Warehouse/install/action_tutorials_interfaces/share/action_tutorials_interfaces/cmake/action_tutorials_interfaces__rosidl_generator_cExport-noconfig.cmake
[0.656s] -- Up-to-date: /home/sam/AST_Robot_Warehouse/install/action_tutorials_interfaces/share/action_tutorials_interfaces/cmake/action_tutorials_interfaces__rosidl_typesupport_introspection_cExport.cmake
[0.656s] -- Up-to-date: /home/sam/AST_Robot_Warehouse/install/action_tutorials_interfaces/share/action_tutorials_interfaces/cmake/action_tutorials_interfaces__rosidl_typesupport_introspection_cExport-noconfig.cmake
[0.656s] -- Up-to-date: /home/sam/AST_Robot_Warehouse/install/action_tutorials_interfaces/share/action_tutorials_interfaces/cmake/action_tutorials_interfaces__rosidl_typesupport_cExport.cmake
[0.656s] -- Up-to-date: /home/sam/AST_Robot_Warehouse/install/action_tutorials_interfaces/share/action_tutorials_interfaces/cmake/action_tutorials_interfaces__rosidl_typesupport_cExport-noconfig.cmake
[0.656s] -- Up-to-date: /home/sam/AST_Robot_Warehouse/install/action_tutorials_interfaces/share/action_tutorials_interfaces/cmake/action_tutorials_interfaces__rosidl_generator_cppExport.cmake
[0.657s] -- Up-to-date: /home/sam/AST_Robot_Warehouse/install/action_tutorials_interfaces/share/action_tutorials_interfaces/cmake/action_tutorials_interfaces__rosidl_typesupport_introspection_cppExport.cmake
[0.657s] -- Up-to-date: /home/sam/AST_Robot_Warehouse/install/action_tutorials_interfaces/share/action_tutorials_interfaces/cmake/action_tutorials_interfaces__rosidl_typesupport_introspection_cppExport-noconfig.cmake
[0.657s] -- Up-to-date: /home/sam/AST_Robot_Warehouse/install/action_tutorials_interfaces/share/action_tutorials_interfaces/cmake/action_tutorials_interfaces__rosidl_typesupport_cppExport.cmake
[0.657s] -- Up-to-date: /home/sam/AST_Robot_Warehouse/install/action_tutorials_interfaces/share/action_tutorials_interfaces/cmake/action_tutorials_interfaces__rosidl_typesupport_cppExport-noconfig.cmake
[0.657s] -- Up-to-date: /home/sam/AST_Robot_Warehouse/install/action_tutorials_interfaces/share/action_tutorials_interfaces/cmake/rosidl_cmake-extras.cmake
[0.658s] -- Up-to-date: /home/sam/AST_Robot_Warehouse/install/action_tutorials_interfaces/share/action_tutorials_interfaces/cmake/ament_cmake_export_dependencies-extras.cmake
[0.658s] -- Up-to-date: /home/sam/AST_Robot_Warehouse/install/action_tutorials_interfaces/share/action_tutorials_interfaces/cmake/ament_cmake_export_libraries-extras.cmake
[0.658s] -- Up-to-date: /home/sam/AST_Robot_Warehouse/install/action_tutorials_interfaces/share/action_tutorials_interfaces/cmake/ament_cmake_export_targets-extras.cmake
[0.658s] -- Up-to-date: /home/sam/AST_Robot_Warehouse/install/action_tutorials_interfaces/share/action_tutorials_interfaces/cmake/ament_cmake_export_include_directories-extras.cmake
[0.658s] -- Up-to-date: /home/sam/AST_Robot_Warehouse/install/action_tutorials_interfaces/share/action_tutorials_interfaces/cmake/rosidl_cmake_export_typesupport_libraries-extras.cmake
[0.658s] -- Up-to-date: /home/sam/AST_Robot_Warehouse/install/action_tutorials_interfaces/share/action_tutorials_interfaces/cmake/rosidl_cmake_export_typesupport_targets-extras.cmake
[0.659s] -- Up-to-date: /home/sam/AST_Robot_Warehouse/install/action_tutorials_interfaces/share/action_tutorials_interfaces/cmake/action_tutorials_interfacesConfig.cmake
[0.659s] -- Up-to-date: /home/sam/AST_Robot_Warehouse/install/action_tutorials_interfaces/share/action_tutorials_interfaces/cmake/action_tutorials_interfacesConfig-version.cmake
[0.659s] -- Up-to-date: /home/sam/AST_Robot_Warehouse/install/action_tutorials_interfaces/share/action_tutorials_interfaces/package.xml
[0.661s] Invoked command in '/home/sam/AST_Robot_Warehouse/build/action_tutorials_interfaces' returned '0': CMAKE_PREFIX_PATH=${CMAKE_PREFIX_PATH}:/home/sam/AST_Robot_Warehouse/install/warehouse_robot_package:/home/sam/AST_Robot_Warehouse/install/py_srvcli:/home/sam/AST_Robot_Warehouse/install/py_pubsub:/opt/ros/foxy /usr/bin/cmake --install /home/sam/AST_Robot_Warehouse/build/action_tutorials_interfaces
