[0.610s] Invoking command in '/home/sam/AST/src/warehouse_robot_package': CONDA_PROMPT_MODIFIER=(base) PYTHONPATH=/home/sam/AST/install/warehouse_robot_package/lib/python3.8/site-packages:${PYTHONPATH} /usr/bin/python3 setup.py egg_info --egg-base ../../build/warehouse_robot_package build --build-base /home/sam/AST/build/warehouse_robot_package/build install --prefix /home/sam/AST/install/warehouse_robot_package --record /home/sam/AST/build/warehouse_robot_package/install.log --single-version-externally-managed
[0.894s] running egg_info
[0.894s] writing ../../build/warehouse_robot_package/warehouse_robot_package.egg-info/PKG-INFO
[0.895s] writing dependency_links to ../../build/warehouse_robot_package/warehouse_robot_package.egg-info/dependency_links.txt
[0.895s] writing entry points to ../../build/warehouse_robot_package/warehouse_robot_package.egg-info/entry_points.txt
[0.895s] writing requirements to ../../build/warehouse_robot_package/warehouse_robot_package.egg-info/requires.txt
[0.895s] writing top-level names to ../../build/warehouse_robot_package/warehouse_robot_package.egg-info/top_level.txt
[0.935s] reading manifest file '../../build/warehouse_robot_package/warehouse_robot_package.egg-info/SOURCES.txt'
[0.935s] writing manifest file '../../build/warehouse_robot_package/warehouse_robot_package.egg-info/SOURCES.txt'
[0.936s] running build
[0.936s] running build_py
[0.936s] running install
[0.937s] running install_lib
[0.938s] running install_data
[0.939s] running install_egg_info
[0.940s] removing '/home/sam/AST/install/warehouse_robot_package/lib/python3.8/site-packages/warehouse_robot_package-0.0.0-py3.8.egg-info' (and everything under it)
[0.941s] Copying ../../build/warehouse_robot_package/warehouse_robot_package.egg-info to /home/sam/AST/install/warehouse_robot_package/lib/python3.8/site-packages/warehouse_robot_package-0.0.0-py3.8.egg-info
[0.941s] running install_scripts
[0.958s] Installing warehouse_robot script to /home/sam/AST/install/warehouse_robot_package/lib/warehouse_robot_package
[0.959s] writing list of installed files to '/home/sam/AST/build/warehouse_robot_package/install.log'
