[0.026s] Invoking command in '/home/kunal/AST_Robot_Warehouse/build/messages_package': CMAKE_PREFIX_PATH=${CMAKE_PREFIX_PATH}:/home/kunal/AST_Robot_Warehouse/install/warehouse_robot_package:/home/kunal/AST_Robot_Warehouse/install/py_pubsub:/opt/ros/foxy /usr/bin/cmake --build /home/kunal/AST_Robot_Warehouse/build/messages_package -- -j16 -l16
[0.224s] [  1%] Built target messages_node
[0.226s] [  2%] Built target messages_package__cpp
[0.228s] [ 14%] Built target messages_package__rosidl_generator_c
[0.228s] [ 26%] Built target messages_package__rosidl_typesupport_cpp
[0.228s] [ 38%] Built target messages_package__rosidl_typesupport_introspection_cpp
[0.228s] [ 53%] Built target messages_package__rosidl_typesupport_fastrtps_cpp
[0.228s] [ 61%] Built target messages_package__rosidl_typesupport_introspection_c
[0.228s] [ 73%] Built target messages_package__rosidl_typesupport_c
[0.228s] [ 85%] Built target messages_package__rosidl_typesupport_fastrtps_c
[0.228s] [ 85%] Built target messages_package
[0.228s] [ 86%] Built target messages_package__py
[0.237s] [ 96%] Built target messages_package__python
[0.259s] [ 98%] Built target messages_package__rosidl_typesupport_introspection_c__pyext
[0.260s] [ 99%] Built target messages_package__rosidl_typesupport_fastrtps_c__pyext
[0.262s] [100%] Built target messages_package__rosidl_typesupport_c__pyext
[0.275s] Invoked command in '/home/kunal/AST_Robot_Warehouse/build/messages_package' returned '0': CMAKE_PREFIX_PATH=${CMAKE_PREFIX_PATH}:/home/kunal/AST_Robot_Warehouse/install/warehouse_robot_package:/home/kunal/AST_Robot_Warehouse/install/py_pubsub:/opt/ros/foxy /usr/bin/cmake --build /home/kunal/AST_Robot_Warehouse/build/messages_package -- -j16 -l16
[0.488s] Invoking command in '/home/kunal/AST_Robot_Warehouse/build/messages_package': CMAKE_PREFIX_PATH=${CMAKE_PREFIX_PATH}:/home/kunal/AST_Robot_Warehouse/install/warehouse_robot_package:/home/kunal/AST_Robot_Warehouse/install/py_pubsub:/opt/ros/foxy /usr/bin/cmake --install /home/kunal/AST_Robot_Warehouse/build/messages_package
[0.496s] -- Install configuration: ""
[0.496s] -- Up-to-date: /home/kunal/AST_Robot_Warehouse/install/messages_package/lib/messages_package/messages_node
[0.497s] -- Up-to-date: /home/kunal/AST_Robot_Warehouse/install/messages_package/share/ament_index/resource_index/rosidl_interfaces/messages_package
[0.499s] -- Up-to-date: /home/kunal/AST_Robot_Warehouse/install/messages_package/include/messages_package
[0.501s] -- Up-to-date: /home/kunal/AST_Robot_Warehouse/install/messages_package/include/messages_package/srv
[0.501s] -- Up-to-date: /home/kunal/AST_Robot_Warehouse/install/messages_package/include/messages_package/srv/delivery.h
[0.502s] -- Up-to-date: /home/kunal/AST_Robot_Warehouse/install/messages_package/include/messages_package/srv/put_down_item.h
[0.502s] -- Up-to-date: /home/kunal/AST_Robot_Warehouse/install/messages_package/include/messages_package/srv/pick_up_item.h
[0.503s] -- Up-to-date: /home/kunal/AST_Robot_Warehouse/install/messages_package/include/messages_package/srv/detail
[0.503s] -- Up-to-date: /home/kunal/AST_Robot_Warehouse/install/messages_package/include/messages_package/srv/detail/put_down_item__functions.c
[0.503s] -- Up-to-date: /home/kunal/AST_Robot_Warehouse/install/messages_package/include/messages_package/srv/detail/delivery__type_support.h
[0.503s] -- Up-to-date: /home/kunal/AST_Robot_Warehouse/install/messages_package/include/messages_package/srv/detail/delivery__functions.h
[0.504s] -- Up-to-date: /home/kunal/AST_Robot_Warehouse/install/messages_package/include/messages_package/srv/detail/pick_up_item__struct.h
[0.504s] -- Up-to-date: /home/kunal/AST_Robot_Warehouse/install/messages_package/include/messages_package/srv/detail/put_down_item__type_support.h
[0.505s] -- Up-to-date: /home/kunal/AST_Robot_Warehouse/install/messages_package/include/messages_package/srv/detail/put_down_item__functions.h
[0.505s] -- Up-to-date: /home/kunal/AST_Robot_Warehouse/install/messages_package/include/messages_package/srv/detail/delivery__struct.h
[0.506s] -- Up-to-date: /home/kunal/AST_Robot_Warehouse/install/messages_package/include/messages_package/srv/detail/pick_up_item__type_support.h
[0.507s] -- Up-to-date: /home/kunal/AST_Robot_Warehouse/install/messages_package/include/messages_package/srv/detail/pick_up_item__functions.h
[0.508s] -- Up-to-date: /home/kunal/AST_Robot_Warehouse/install/messages_package/include/messages_package/srv/detail/pick_up_item__functions.c
[0.509s] -- Up-to-date: /home/kunal/AST_Robot_Warehouse/install/messages_package/include/messages_package/srv/detail/delivery__functions.c
[0.510s] -- Up-to-date: /home/kunal/AST_Robot_Warehouse/install/messages_package/include/messages_package/srv/detail/put_down_item__struct.h
[0.510s] -- Up-to-date: /home/kunal/AST_Robot_Warehouse/install/messages_package/include/messages_package/msg
[0.511s] -- Up-to-date: /home/kunal/AST_Robot_Warehouse/install/messages_package/include/messages_package/msg/delivery.h
[0.512s] -- Up-to-date: /home/kunal/AST_Robot_Warehouse/install/messages_package/include/messages_package/msg/robot_distance.h
[0.513s] -- Up-to-date: /home/kunal/AST_Robot_Warehouse/install/messages_package/include/messages_package/msg/row.h
[0.514s] -- Up-to-date: /home/kunal/AST_Robot_Warehouse/install/messages_package/include/messages_package/msg/robot_location.h
[0.515s] -- Up-to-date: /home/kunal/AST_Robot_Warehouse/install/messages_package/include/messages_package/msg/map.h
[0.515s] -- Up-to-date: /home/kunal/AST_Robot_Warehouse/install/messages_package/include/messages_package/msg/coordinates.h
[0.516s] -- Up-to-date: /home/kunal/AST_Robot_Warehouse/install/messages_package/include/messages_package/msg/item.h
[0.516s] -- Up-to-date: /home/kunal/AST_Robot_Warehouse/install/messages_package/include/messages_package/msg/rosidl_generator_c__visibility_control.h
[0.517s] -- Up-to-date: /home/kunal/AST_Robot_Warehouse/install/messages_package/include/messages_package/msg/detail
[0.517s] -- Up-to-date: /home/kunal/AST_Robot_Warehouse/install/messages_package/include/messages_package/msg/detail/robot_distance__functions.h
[0.519s] -- Up-to-date: /home/kunal/AST_Robot_Warehouse/install/messages_package/include/messages_package/msg/detail/robot_distance__struct.h
[0.519s] -- Up-to-date: /home/kunal/AST_Robot_Warehouse/install/messages_package/include/messages_package/msg/detail/row__type_support.h
[0.520s] -- Up-to-date: /home/kunal/AST_Robot_Warehouse/install/messages_package/include/messages_package/msg/detail/item__type_support.h
[0.521s] -- Up-to-date: /home/kunal/AST_Robot_Warehouse/install/messages_package/include/messages_package/msg/detail/row__struct.h
[0.521s] -- Up-to-date: /home/kunal/AST_Robot_Warehouse/install/messages_package/include/messages_package/msg/detail/map__type_support.h
[0.522s] -- Up-to-date: /home/kunal/AST_Robot_Warehouse/install/messages_package/include/messages_package/msg/detail/coordinates__functions.h
[0.523s] -- Up-to-date: /home/kunal/AST_Robot_Warehouse/install/messages_package/include/messages_package/msg/detail/delivery__type_support.h
[0.524s] -- Up-to-date: /home/kunal/AST_Robot_Warehouse/install/messages_package/include/messages_package/msg/detail/delivery__functions.h
[0.525s] -- Up-to-date: /home/kunal/AST_Robot_Warehouse/install/messages_package/include/messages_package/msg/detail/robot_distance__type_support.h
[0.525s] -- Up-to-date: /home/kunal/AST_Robot_Warehouse/install/messages_package/include/messages_package/msg/detail/row__functions.h
[0.526s] -- Up-to-date: /home/kunal/AST_Robot_Warehouse/install/messages_package/include/messages_package/msg/detail/robot_location__type_support.h
[0.527s] -- Up-to-date: /home/kunal/AST_Robot_Warehouse/install/messages_package/include/messages_package/msg/detail/robot_location__struct.h
[0.527s] -- Up-to-date: /home/kunal/AST_Robot_Warehouse/install/messages_package/include/messages_package/msg/detail/coordinates__functions.c
[0.528s] -- Up-to-date: /home/kunal/AST_Robot_Warehouse/install/messages_package/include/messages_package/msg/detail/robot_location__functions.c
[0.528s] -- Up-to-date: /home/kunal/AST_Robot_Warehouse/install/messages_package/include/messages_package/msg/detail/coordinates__type_support.h
[0.528s] -- Up-to-date: /home/kunal/AST_Robot_Warehouse/install/messages_package/include/messages_package/msg/detail/robot_location__functions.h
[0.529s] -- Up-to-date: /home/kunal/AST_Robot_Warehouse/install/messages_package/include/messages_package/msg/detail/item__struct.h
[0.529s] -- Up-to-date: /home/kunal/AST_Robot_Warehouse/install/messages_package/include/messages_package/msg/detail/item__functions.c
[0.529s] -- Up-to-date: /home/kunal/AST_Robot_Warehouse/install/messages_package/include/messages_package/msg/detail/delivery__struct.h
[0.529s] -- Up-to-date: /home/kunal/AST_Robot_Warehouse/install/messages_package/include/messages_package/msg/detail/robot_distance__functions.c
[0.529s] -- Up-to-date: /home/kunal/AST_Robot_Warehouse/install/messages_package/include/messages_package/msg/detail/map__struct.h
[0.529s] -- Up-to-date: /home/kunal/AST_Robot_Warehouse/install/messages_package/include/messages_package/msg/detail/map__functions.c
[0.529s] -- Up-to-date: /home/kunal/AST_Robot_Warehouse/install/messages_package/include/messages_package/msg/detail/map__functions.h
[0.529s] -- Up-to-date: /home/kunal/AST_Robot_Warehouse/install/messages_package/include/messages_package/msg/detail/delivery__functions.c
[0.529s] -- Up-to-date: /home/kunal/AST_Robot_Warehouse/install/messages_package/include/messages_package/msg/detail/item__functions.h
[0.529s] -- Up-to-date: /home/kunal/AST_Robot_Warehouse/install/messages_package/include/messages_package/msg/detail/coordinates__struct.h
[0.529s] -- Up-to-date: /home/kunal/AST_Robot_Warehouse/install/messages_package/include/messages_package/msg/detail/row__functions.c
[0.529s] -- Up-to-date: /home/kunal/AST_Robot_Warehouse/install/messages_package/include/messages_package/action
[0.530s] -- Up-to-date: /home/kunal/AST_Robot_Warehouse/install/messages_package/include/messages_package/action/move_item.h
[0.530s] -- Up-to-date: /home/kunal/AST_Robot_Warehouse/install/messages_package/include/messages_package/action/order.h
[0.530s] -- Up-to-date: /home/kunal/AST_Robot_Warehouse/install/messages_package/include/messages_package/action/charge_robot.h
[0.530s] -- Up-to-date: /home/kunal/AST_Robot_Warehouse/install/messages_package/include/messages_package/action/detail
[0.530s] -- Up-to-date: /home/kunal/AST_Robot_Warehouse/install/messages_package/include/messages_package/action/detail/order__type_support.h
[0.530s] -- Up-to-date: /home/kunal/AST_Robot_Warehouse/install/messages_package/include/messages_package/action/detail/order__functions.c
[0.530s] -- Up-to-date: /home/kunal/AST_Robot_Warehouse/install/messages_package/include/messages_package/action/detail/move_item__type_support.h
[0.530s] -- Up-to-date: /home/kunal/AST_Robot_Warehouse/install/messages_package/include/messages_package/action/detail/move_item__functions.h
[0.530s] -- Up-to-date: /home/kunal/AST_Robot_Warehouse/install/messages_package/include/messages_package/action/detail/charge_robot__struct.h
[0.530s] -- Up-to-date: /home/kunal/AST_Robot_Warehouse/install/messages_package/include/messages_package/action/detail/order__functions.h
[0.531s] -- Up-to-date: /home/kunal/AST_Robot_Warehouse/install/messages_package/include/messages_package/action/detail/order__struct.h
[0.531s] -- Up-to-date: /home/kunal/AST_Robot_Warehouse/install/messages_package/include/messages_package/action/detail/move_item__functions.c
[0.531s] -- Up-to-date: /home/kunal/AST_Robot_Warehouse/install/messages_package/include/messages_package/action/detail/charge_robot__type_support.h
[0.531s] -- Up-to-date: /home/kunal/AST_Robot_Warehouse/install/messages_package/include/messages_package/action/detail/move_item__struct.h
[0.531s] -- Up-to-date: /home/kunal/AST_Robot_Warehouse/install/messages_package/include/messages_package/action/detail/charge_robot__functions.c
[0.531s] -- Up-to-date: /home/kunal/AST_Robot_Warehouse/install/messages_package/include/messages_package/action/detail/charge_robot__functions.h
[0.531s] -- Up-to-date: /home/kunal/AST_Robot_Warehouse/install/messages_package/share/messages_package/environment/library_path.sh
[0.531s] -- Up-to-date: /home/kunal/AST_Robot_Warehouse/install/messages_package/share/messages_package/environment/library_path.dsv
[0.531s] -- Up-to-date: /home/kunal/AST_Robot_Warehouse/install/messages_package/lib/libmessages_package__rosidl_generator_c.so
[0.532s] -- Up-to-date: /home/kunal/AST_Robot_Warehouse/install/messages_package/include/messages_package
[0.532s] -- Up-to-date: /home/kunal/AST_Robot_Warehouse/install/messages_package/include/messages_package/srv
[0.532s] -- Up-to-date: /home/kunal/AST_Robot_Warehouse/install/messages_package/include/messages_package/srv/detail
[0.532s] -- Up-to-date: /home/kunal/AST_Robot_Warehouse/install/messages_package/include/messages_package/srv/detail/put_down_item__rosidl_typesupport_fastrtps_c.h
[0.532s] -- Up-to-date: /home/kunal/AST_Robot_Warehouse/install/messages_package/include/messages_package/srv/detail/pick_up_item__rosidl_typesupport_fastrtps_c.h
[0.532s] -- Up-to-date: /home/kunal/AST_Robot_Warehouse/install/messages_package/include/messages_package/srv/detail/delivery__rosidl_typesupport_fastrtps_c.h
[0.532s] -- Up-to-date: /home/kunal/AST_Robot_Warehouse/install/messages_package/include/messages_package/msg
[0.532s] -- Up-to-date: /home/kunal/AST_Robot_Warehouse/install/messages_package/include/messages_package/msg/rosidl_typesupport_fastrtps_c__visibility_control.h
[0.533s] -- Up-to-date: /home/kunal/AST_Robot_Warehouse/install/messages_package/include/messages_package/msg/detail
[0.533s] -- Up-to-date: /home/kunal/AST_Robot_Warehouse/install/messages_package/include/messages_package/msg/detail/map__rosidl_typesupport_fastrtps_c.h
[0.533s] -- Up-to-date: /home/kunal/AST_Robot_Warehouse/install/messages_package/include/messages_package/msg/detail/robot_distance__rosidl_typesupport_fastrtps_c.h
[0.533s] -- Up-to-date: /home/kunal/AST_Robot_Warehouse/install/messages_package/include/messages_package/msg/detail/robot_location__rosidl_typesupport_fastrtps_c.h
[0.533s] -- Up-to-date: /home/kunal/AST_Robot_Warehouse/install/messages_package/include/messages_package/msg/detail/coordinates__rosidl_typesupport_fastrtps_c.h
[0.533s] -- Up-to-date: /home/kunal/AST_Robot_Warehouse/install/messages_package/include/messages_package/msg/detail/item__rosidl_typesupport_fastrtps_c.h
[0.533s] -- Up-to-date: /home/kunal/AST_Robot_Warehouse/install/messages_package/include/messages_package/msg/detail/row__rosidl_typesupport_fastrtps_c.h
[0.533s] -- Up-to-date: /home/kunal/AST_Robot_Warehouse/install/messages_package/include/messages_package/msg/detail/delivery__rosidl_typesupport_fastrtps_c.h
[0.533s] -- Up-to-date: /home/kunal/AST_Robot_Warehouse/install/messages_package/include/messages_package/action
[0.534s] -- Up-to-date: /home/kunal/AST_Robot_Warehouse/install/messages_package/include/messages_package/action/detail
[0.534s] -- Up-to-date: /home/kunal/AST_Robot_Warehouse/install/messages_package/include/messages_package/action/detail/charge_robot__rosidl_typesupport_fastrtps_c.h
[0.534s] -- Up-to-date: /home/kunal/AST_Robot_Warehouse/install/messages_package/include/messages_package/action/detail/order__rosidl_typesupport_fastrtps_c.h
[0.534s] -- Up-to-date: /home/kunal/AST_Robot_Warehouse/install/messages_package/include/messages_package/action/detail/move_item__rosidl_typesupport_fastrtps_c.h
[0.534s] -- Up-to-date: /home/kunal/AST_Robot_Warehouse/install/messages_package/lib/libmessages_package__rosidl_typesupport_fastrtps_c.so
[0.534s] -- Up-to-date: /home/kunal/AST_Robot_Warehouse/install/messages_package/include/messages_package
[0.534s] -- Up-to-date: /home/kunal/AST_Robot_Warehouse/install/messages_package/include/messages_package/srv
[0.534s] -- Up-to-date: /home/kunal/AST_Robot_Warehouse/install/messages_package/include/messages_package/srv/detail
[0.534s] -- Up-to-date: /home/kunal/AST_Robot_Warehouse/install/messages_package/include/messages_package/srv/detail/pick_up_item__rosidl_typesupport_fastrtps_cpp.hpp
[0.534s] -- Up-to-date: /home/kunal/AST_Robot_Warehouse/install/messages_package/include/messages_package/srv/detail/delivery__rosidl_typesupport_fastrtps_cpp.hpp
[0.534s] -- Up-to-date: /home/kunal/AST_Robot_Warehouse/install/messages_package/include/messages_package/srv/detail/dds_fastrtps
[0.534s] -- Up-to-date: /home/kunal/AST_Robot_Warehouse/install/messages_package/include/messages_package/srv/detail/put_down_item__rosidl_typesupport_fastrtps_cpp.hpp
[0.534s] -- Up-to-date: /home/kunal/AST_Robot_Warehouse/install/messages_package/include/messages_package/msg
[0.534s] -- Up-to-date: /home/kunal/AST_Robot_Warehouse/install/messages_package/include/messages_package/msg/rosidl_typesupport_fastrtps_cpp__visibility_control.h
[0.535s] -- Up-to-date: /home/kunal/AST_Robot_Warehouse/install/messages_package/include/messages_package/msg/detail
[0.535s] -- Up-to-date: /home/kunal/AST_Robot_Warehouse/install/messages_package/include/messages_package/msg/detail/item__rosidl_typesupport_fastrtps_cpp.hpp
[0.535s] -- Up-to-date: /home/kunal/AST_Robot_Warehouse/install/messages_package/include/messages_package/msg/detail/delivery__rosidl_typesupport_fastrtps_cpp.hpp
[0.535s] -- Up-to-date: /home/kunal/AST_Robot_Warehouse/install/messages_package/include/messages_package/msg/detail/row__rosidl_typesupport_fastrtps_cpp.hpp
[0.535s] -- Up-to-date: /home/kunal/AST_Robot_Warehouse/install/messages_package/include/messages_package/msg/detail/coordinates__rosidl_typesupport_fastrtps_cpp.hpp
[0.535s] -- Up-to-date: /home/kunal/AST_Robot_Warehouse/install/messages_package/include/messages_package/msg/detail/dds_fastrtps
[0.535s] -- Up-to-date: /home/kunal/AST_Robot_Warehouse/install/messages_package/include/messages_package/msg/detail/map__rosidl_typesupport_fastrtps_cpp.hpp
[0.535s] -- Up-to-date: /home/kunal/AST_Robot_Warehouse/install/messages_package/include/messages_package/msg/detail/robot_distance__rosidl_typesupport_fastrtps_cpp.hpp
[0.535s] -- Up-to-date: /home/kunal/AST_Robot_Warehouse/install/messages_package/include/messages_package/msg/detail/robot_location__rosidl_typesupport_fastrtps_cpp.hpp
[0.535s] -- Up-to-date: /home/kunal/AST_Robot_Warehouse/install/messages_package/include/messages_package/action
[0.535s] -- Up-to-date: /home/kunal/AST_Robot_Warehouse/install/messages_package/include/messages_package/action/detail
[0.535s] -- Up-to-date: /home/kunal/AST_Robot_Warehouse/install/messages_package/include/messages_package/action/detail/move_item__rosidl_typesupport_fastrtps_cpp.hpp
[0.535s] -- Up-to-date: /home/kunal/AST_Robot_Warehouse/install/messages_package/include/messages_package/action/detail/dds_fastrtps
[0.535s] -- Up-to-date: /home/kunal/AST_Robot_Warehouse/install/messages_package/include/messages_package/action/detail/order__rosidl_typesupport_fastrtps_cpp.hpp
[0.535s] -- Up-to-date: /home/kunal/AST_Robot_Warehouse/install/messages_package/include/messages_package/action/detail/charge_robot__rosidl_typesupport_fastrtps_cpp.hpp
[0.535s] -- Up-to-date: /home/kunal/AST_Robot_Warehouse/install/messages_package/lib/libmessages_package__rosidl_typesupport_fastrtps_cpp.so
[0.536s] -- Up-to-date: /home/kunal/AST_Robot_Warehouse/install/messages_package/include/messages_package
[0.536s] -- Up-to-date: /home/kunal/AST_Robot_Warehouse/install/messages_package/include/messages_package/srv
[0.536s] -- Up-to-date: /home/kunal/AST_Robot_Warehouse/install/messages_package/include/messages_package/srv/detail
[0.536s] -- Up-to-date: /home/kunal/AST_Robot_Warehouse/install/messages_package/include/messages_package/srv/detail/pick_up_item__rosidl_typesupport_introspection_c.h
[0.536s] -- Up-to-date: /home/kunal/AST_Robot_Warehouse/install/messages_package/include/messages_package/srv/detail/delivery__type_support.c
[0.536s] -- Up-to-date: /home/kunal/AST_Robot_Warehouse/install/messages_package/include/messages_package/srv/detail/delivery__rosidl_typesupport_introspection_c.h
[0.536s] -- Up-to-date: /home/kunal/AST_Robot_Warehouse/install/messages_package/include/messages_package/srv/detail/pick_up_item__type_support.c
[0.536s] -- Up-to-date: /home/kunal/AST_Robot_Warehouse/install/messages_package/include/messages_package/srv/detail/put_down_item__rosidl_typesupport_introspection_c.h
[0.536s] -- Up-to-date: /home/kunal/AST_Robot_Warehouse/install/messages_package/include/messages_package/srv/detail/put_down_item__type_support.c
[0.536s] -- Up-to-date: /home/kunal/AST_Robot_Warehouse/install/messages_package/include/messages_package/msg
[0.536s] -- Up-to-date: /home/kunal/AST_Robot_Warehouse/install/messages_package/include/messages_package/msg/rosidl_typesupport_introspection_c__visibility_control.h
[0.536s] -- Up-to-date: /home/kunal/AST_Robot_Warehouse/install/messages_package/include/messages_package/msg/detail
[0.536s] -- Up-to-date: /home/kunal/AST_Robot_Warehouse/install/messages_package/include/messages_package/msg/detail/map__type_support.c
[0.536s] -- Up-to-date: /home/kunal/AST_Robot_Warehouse/install/messages_package/include/messages_package/msg/detail/robot_distance__rosidl_typesupport_introspection_c.h
[0.536s] -- Up-to-date: /home/kunal/AST_Robot_Warehouse/install/messages_package/include/messages_package/msg/detail/robot_location__type_support.c
[0.536s] -- Up-to-date: /home/kunal/AST_Robot_Warehouse/install/messages_package/include/messages_package/msg/detail/coordinates__type_support.c
[0.537s] -- Up-to-date: /home/kunal/AST_Robot_Warehouse/install/messages_package/include/messages_package/msg/detail/robot_distance__type_support.c
[0.537s] -- Up-to-date: /home/kunal/AST_Robot_Warehouse/install/messages_package/include/messages_package/msg/detail/item__type_support.c
[0.537s] -- Up-to-date: /home/kunal/AST_Robot_Warehouse/install/messages_package/include/messages_package/msg/detail/item__rosidl_typesupport_introspection_c.h
[0.537s] -- Up-to-date: /home/kunal/AST_Robot_Warehouse/install/messages_package/include/messages_package/msg/detail/delivery__type_support.c
[0.537s] -- Up-to-date: /home/kunal/AST_Robot_Warehouse/install/messages_package/include/messages_package/msg/detail/delivery__rosidl_typesupport_introspection_c.h
[0.537s] -- Up-to-date: /home/kunal/AST_Robot_Warehouse/install/messages_package/include/messages_package/msg/detail/coordinates__rosidl_typesupport_introspection_c.h
[0.537s] -- Up-to-date: /home/kunal/AST_Robot_Warehouse/install/messages_package/include/messages_package/msg/detail/row__rosidl_typesupport_introspection_c.h
[0.537s] -- Up-to-date: /home/kunal/AST_Robot_Warehouse/install/messages_package/include/messages_package/msg/detail/row__type_support.c
[0.537s] -- Up-to-date: /home/kunal/AST_Robot_Warehouse/install/messages_package/include/messages_package/msg/detail/map__rosidl_typesupport_introspection_c.h
[0.537s] -- Up-to-date: /home/kunal/AST_Robot_Warehouse/install/messages_package/include/messages_package/msg/detail/robot_location__rosidl_typesupport_introspection_c.h
[0.537s] -- Up-to-date: /home/kunal/AST_Robot_Warehouse/install/messages_package/include/messages_package/action
[0.537s] -- Up-to-date: /home/kunal/AST_Robot_Warehouse/install/messages_package/include/messages_package/action/detail
[0.537s] -- Up-to-date: /home/kunal/AST_Robot_Warehouse/install/messages_package/include/messages_package/action/detail/order__rosidl_typesupport_introspection_c.h
[0.538s] -- Up-to-date: /home/kunal/AST_Robot_Warehouse/install/messages_package/include/messages_package/action/detail/charge_robot__type_support.c
[0.538s] -- Up-to-date: /home/kunal/AST_Robot_Warehouse/install/messages_package/include/messages_package/action/detail/charge_robot__rosidl_typesupport_introspection_c.h
[0.538s] -- Up-to-date: /home/kunal/AST_Robot_Warehouse/install/messages_package/include/messages_package/action/detail/order__type_support.c
[0.538s] -- Up-to-date: /home/kunal/AST_Robot_Warehouse/install/messages_package/include/messages_package/action/detail/move_item__type_support.c
[0.538s] -- Up-to-date: /home/kunal/AST_Robot_Warehouse/install/messages_package/include/messages_package/action/detail/move_item__rosidl_typesupport_introspection_c.h
[0.538s] -- Up-to-date: /home/kunal/AST_Robot_Warehouse/install/messages_package/lib/libmessages_package__rosidl_typesupport_introspection_c.so
[0.538s] -- Up-to-date: /home/kunal/AST_Robot_Warehouse/install/messages_package/lib/libmessages_package__rosidl_typesupport_c.so
[0.538s] -- Up-to-date: /home/kunal/AST_Robot_Warehouse/install/messages_package/include/messages_package
[0.538s] -- Up-to-date: /home/kunal/AST_Robot_Warehouse/install/messages_package/include/messages_package/srv
[0.538s] -- Up-to-date: /home/kunal/AST_Robot_Warehouse/install/messages_package/include/messages_package/srv/delivery.hpp
[0.539s] -- Up-to-date: /home/kunal/AST_Robot_Warehouse/install/messages_package/include/messages_package/srv/put_down_item.hpp
[0.539s] -- Up-to-date: /home/kunal/AST_Robot_Warehouse/install/messages_package/include/messages_package/srv/detail
[0.539s] -- Up-to-date: /home/kunal/AST_Robot_Warehouse/install/messages_package/include/messages_package/srv/detail/delivery__struct.hpp
[0.539s] -- Up-to-date: /home/kunal/AST_Robot_Warehouse/install/messages_package/include/messages_package/srv/detail/pick_up_item__struct.hpp
[0.539s] -- Up-to-date: /home/kunal/AST_Robot_Warehouse/install/messages_package/include/messages_package/srv/detail/put_down_item__traits.hpp
[0.539s] -- Up-to-date: /home/kunal/AST_Robot_Warehouse/install/messages_package/include/messages_package/srv/detail/delivery__builder.hpp
[0.539s] -- Up-to-date: /home/kunal/AST_Robot_Warehouse/install/messages_package/include/messages_package/srv/detail/pick_up_item__builder.hpp
[0.539s] -- Up-to-date: /home/kunal/AST_Robot_Warehouse/install/messages_package/include/messages_package/srv/detail/pick_up_item__traits.hpp
[0.539s] -- Up-to-date: /home/kunal/AST_Robot_Warehouse/install/messages_package/include/messages_package/srv/detail/delivery__traits.hpp
[0.539s] -- Up-to-date: /home/kunal/AST_Robot_Warehouse/install/messages_package/include/messages_package/srv/detail/put_down_item__builder.hpp
[0.539s] -- Up-to-date: /home/kunal/AST_Robot_Warehouse/install/messages_package/include/messages_package/srv/detail/put_down_item__struct.hpp
[0.539s] -- Up-to-date: /home/kunal/AST_Robot_Warehouse/install/messages_package/include/messages_package/srv/pick_up_item.hpp
[0.539s] -- Up-to-date: /home/kunal/AST_Robot_Warehouse/install/messages_package/include/messages_package/msg
[0.539s] -- Up-to-date: /home/kunal/AST_Robot_Warehouse/install/messages_package/include/messages_package/msg/map.hpp
[0.539s] -- Up-to-date: /home/kunal/AST_Robot_Warehouse/install/messages_package/include/messages_package/msg/robot_location.hpp
[0.539s] -- Up-to-date: /home/kunal/AST_Robot_Warehouse/install/messages_package/include/messages_package/msg/robot_distance.hpp
[0.539s] -- Up-to-date: /home/kunal/AST_Robot_Warehouse/install/messages_package/include/messages_package/msg/coordinates.hpp
[0.540s] -- Up-to-date: /home/kunal/AST_Robot_Warehouse/install/messages_package/include/messages_package/msg/row.hpp
[0.540s] -- Up-to-date: /home/kunal/AST_Robot_Warehouse/install/messages_package/include/messages_package/msg/delivery.hpp
[0.540s] -- Up-to-date: /home/kunal/AST_Robot_Warehouse/install/messages_package/include/messages_package/msg/item.hpp
[0.540s] -- Up-to-date: /home/kunal/AST_Robot_Warehouse/install/messages_package/include/messages_package/msg/detail
[0.540s] -- Up-to-date: /home/kunal/AST_Robot_Warehouse/install/messages_package/include/messages_package/msg/detail/robot_distance__struct.hpp
[0.540s] -- Up-to-date: /home/kunal/AST_Robot_Warehouse/install/messages_package/include/messages_package/msg/detail/item__traits.hpp
[0.540s] -- Up-to-date: /home/kunal/AST_Robot_Warehouse/install/messages_package/include/messages_package/msg/detail/map__builder.hpp
[0.540s] -- Up-to-date: /home/kunal/AST_Robot_Warehouse/install/messages_package/include/messages_package/msg/detail/robot_distance__traits.hpp
[0.540s] -- Up-to-date: /home/kunal/AST_Robot_Warehouse/install/messages_package/include/messages_package/msg/detail/robot_location__builder.hpp
[0.540s] -- Up-to-date: /home/kunal/AST_Robot_Warehouse/install/messages_package/include/messages_package/msg/detail/map__struct.hpp
[0.540s] -- Up-to-date: /home/kunal/AST_Robot_Warehouse/install/messages_package/include/messages_package/msg/detail/coordinates__builder.hpp
[0.540s] -- Up-to-date: /home/kunal/AST_Robot_Warehouse/install/messages_package/include/messages_package/msg/detail/delivery__struct.hpp
[0.541s] -- Up-to-date: /home/kunal/AST_Robot_Warehouse/install/messages_package/include/messages_package/msg/detail/coordinates__traits.hpp
[0.541s] -- Up-to-date: /home/kunal/AST_Robot_Warehouse/install/messages_package/include/messages_package/msg/detail/row__traits.hpp
[0.541s] -- Up-to-date: /home/kunal/AST_Robot_Warehouse/install/messages_package/include/messages_package/msg/detail/row__builder.hpp
[0.541s] -- Up-to-date: /home/kunal/AST_Robot_Warehouse/install/messages_package/include/messages_package/msg/detail/row__struct.hpp
[0.541s] -- Up-to-date: /home/kunal/AST_Robot_Warehouse/install/messages_package/include/messages_package/msg/detail/delivery__builder.hpp
[0.541s] -- Up-to-date: /home/kunal/AST_Robot_Warehouse/install/messages_package/include/messages_package/msg/detail/robot_location__struct.hpp
[0.541s] -- Up-to-date: /home/kunal/AST_Robot_Warehouse/install/messages_package/include/messages_package/msg/detail/map__traits.hpp
[0.541s] -- Up-to-date: /home/kunal/AST_Robot_Warehouse/install/messages_package/include/messages_package/msg/detail/robot_location__traits.hpp
[0.541s] -- Up-to-date: /home/kunal/AST_Robot_Warehouse/install/messages_package/include/messages_package/msg/detail/item__struct.hpp
[0.541s] -- Up-to-date: /home/kunal/AST_Robot_Warehouse/install/messages_package/include/messages_package/msg/detail/delivery__traits.hpp
[0.542s] -- Up-to-date: /home/kunal/AST_Robot_Warehouse/install/messages_package/include/messages_package/msg/detail/coordinates__struct.hpp
[0.542s] -- Up-to-date: /home/kunal/AST_Robot_Warehouse/install/messages_package/include/messages_package/msg/detail/robot_distance__builder.hpp
[0.543s] -- Up-to-date: /home/kunal/AST_Robot_Warehouse/install/messages_package/include/messages_package/msg/detail/item__builder.hpp
[0.543s] -- Up-to-date: /home/kunal/AST_Robot_Warehouse/install/messages_package/include/messages_package/action
[0.543s] -- Up-to-date: /home/kunal/AST_Robot_Warehouse/install/messages_package/include/messages_package/action/move_item.hpp
[0.543s] -- Up-to-date: /home/kunal/AST_Robot_Warehouse/install/messages_package/include/messages_package/action/order.hpp
[0.543s] -- Up-to-date: /home/kunal/AST_Robot_Warehouse/install/messages_package/include/messages_package/action/charge_robot.hpp
[0.544s] -- Up-to-date: /home/kunal/AST_Robot_Warehouse/install/messages_package/include/messages_package/action/detail
[0.544s] -- Up-to-date: /home/kunal/AST_Robot_Warehouse/install/messages_package/include/messages_package/action/detail/move_item__struct.hpp
[0.544s] -- Up-to-date: /home/kunal/AST_Robot_Warehouse/install/messages_package/include/messages_package/action/detail/order__builder.hpp
[0.544s] -- Up-to-date: /home/kunal/AST_Robot_Warehouse/install/messages_package/include/messages_package/action/detail/order__struct.hpp
[0.544s] -- Up-to-date: /home/kunal/AST_Robot_Warehouse/install/messages_package/include/messages_package/action/detail/charge_robot__struct.hpp
[0.544s] -- Up-to-date: /home/kunal/AST_Robot_Warehouse/install/messages_package/include/messages_package/action/detail/charge_robot__builder.hpp
[0.544s] -- Up-to-date: /home/kunal/AST_Robot_Warehouse/install/messages_package/include/messages_package/action/detail/move_item__traits.hpp
[0.544s] -- Up-to-date: /home/kunal/AST_Robot_Warehouse/install/messages_package/include/messages_package/action/detail/move_item__builder.hpp
[0.544s] -- Up-to-date: /home/kunal/AST_Robot_Warehouse/install/messages_package/include/messages_package/action/detail/charge_robot__traits.hpp
[0.544s] -- Up-to-date: /home/kunal/AST_Robot_Warehouse/install/messages_package/include/messages_package/action/detail/order__traits.hpp
[0.544s] -- Up-to-date: /home/kunal/AST_Robot_Warehouse/install/messages_package/include/messages_package
[0.544s] -- Up-to-date: /home/kunal/AST_Robot_Warehouse/install/messages_package/include/messages_package/srv
[0.544s] -- Up-to-date: /home/kunal/AST_Robot_Warehouse/install/messages_package/include/messages_package/srv/detail
[0.545s] -- Up-to-date: /home/kunal/AST_Robot_Warehouse/install/messages_package/include/messages_package/srv/detail/put_down_item__rosidl_typesupport_introspection_cpp.hpp
[0.545s] -- Up-to-date: /home/kunal/AST_Robot_Warehouse/install/messages_package/include/messages_package/srv/detail/pick_up_item__rosidl_typesupport_introspection_cpp.hpp
[0.545s] -- Up-to-date: /home/kunal/AST_Robot_Warehouse/install/messages_package/include/messages_package/srv/detail/pick_up_item__type_support.cpp
[0.545s] -- Up-to-date: /home/kunal/AST_Robot_Warehouse/install/messages_package/include/messages_package/srv/detail/delivery__rosidl_typesupport_introspection_cpp.hpp
[0.545s] -- Up-to-date: /home/kunal/AST_Robot_Warehouse/install/messages_package/include/messages_package/srv/detail/delivery__type_support.cpp
[0.545s] -- Up-to-date: /home/kunal/AST_Robot_Warehouse/install/messages_package/include/messages_package/srv/detail/put_down_item__type_support.cpp
[0.545s] -- Up-to-date: /home/kunal/AST_Robot_Warehouse/install/messages_package/include/messages_package/msg
[0.545s] -- Up-to-date: /home/kunal/AST_Robot_Warehouse/install/messages_package/include/messages_package/msg/detail
[0.545s] -- Up-to-date: /home/kunal/AST_Robot_Warehouse/install/messages_package/include/messages_package/msg/detail/row__rosidl_typesupport_introspection_cpp.hpp
[0.546s] -- Up-to-date: /home/kunal/AST_Robot_Warehouse/install/messages_package/include/messages_package/msg/detail/row__type_support.cpp
[0.546s] -- Up-to-date: /home/kunal/AST_Robot_Warehouse/install/messages_package/include/messages_package/msg/detail/robot_distance__type_support.cpp
[0.546s] -- Up-to-date: /home/kunal/AST_Robot_Warehouse/install/messages_package/include/messages_package/msg/detail/robot_distance__rosidl_typesupport_introspection_cpp.hpp
[0.547s] -- Up-to-date: /home/kunal/AST_Robot_Warehouse/install/messages_package/include/messages_package/msg/detail/delivery__rosidl_typesupport_introspection_cpp.hpp
[0.547s] -- Up-to-date: /home/kunal/AST_Robot_Warehouse/install/messages_package/include/messages_package/msg/detail/coordinates__type_support.cpp
[0.547s] -- Up-to-date: /home/kunal/AST_Robot_Warehouse/install/messages_package/include/messages_package/msg/detail/robot_location__rosidl_typesupport_introspection_cpp.hpp
[0.548s] -- Up-to-date: /home/kunal/AST_Robot_Warehouse/install/messages_package/include/messages_package/msg/detail/delivery__type_support.cpp
[0.548s] -- Up-to-date: /home/kunal/AST_Robot_Warehouse/install/messages_package/include/messages_package/msg/detail/item__type_support.cpp
[0.548s] -- Up-to-date: /home/kunal/AST_Robot_Warehouse/install/messages_package/include/messages_package/msg/detail/robot_location__type_support.cpp
[0.549s] -- Up-to-date: /home/kunal/AST_Robot_Warehouse/install/messages_package/include/messages_package/msg/detail/item__rosidl_typesupport_introspection_cpp.hpp
[0.549s] -- Up-to-date: /home/kunal/AST_Robot_Warehouse/install/messages_package/include/messages_package/msg/detail/map__rosidl_typesupport_introspection_cpp.hpp
[0.549s] -- Up-to-date: /home/kunal/AST_Robot_Warehouse/install/messages_package/include/messages_package/msg/detail/coordinates__rosidl_typesupport_introspection_cpp.hpp
[0.549s] -- Up-to-date: /home/kunal/AST_Robot_Warehouse/install/messages_package/include/messages_package/msg/detail/map__type_support.cpp
[0.549s] -- Up-to-date: /home/kunal/AST_Robot_Warehouse/install/messages_package/include/messages_package/action
[0.549s] -- Up-to-date: /home/kunal/AST_Robot_Warehouse/install/messages_package/include/messages_package/action/detail
[0.549s] -- Up-to-date: /home/kunal/AST_Robot_Warehouse/install/messages_package/include/messages_package/action/detail/move_item__type_support.cpp
[0.550s] -- Up-to-date: /home/kunal/AST_Robot_Warehouse/install/messages_package/include/messages_package/action/detail/move_item__rosidl_typesupport_introspection_cpp.hpp
[0.550s] -- Up-to-date: /home/kunal/AST_Robot_Warehouse/install/messages_package/include/messages_package/action/detail/order__type_support.cpp
[0.550s] -- Up-to-date: /home/kunal/AST_Robot_Warehouse/install/messages_package/include/messages_package/action/detail/charge_robot__rosidl_typesupport_introspection_cpp.hpp
[0.550s] -- Up-to-date: /home/kunal/AST_Robot_Warehouse/install/messages_package/include/messages_package/action/detail/charge_robot__type_support.cpp
[0.550s] -- Up-to-date: /home/kunal/AST_Robot_Warehouse/install/messages_package/include/messages_package/action/detail/order__rosidl_typesupport_introspection_cpp.hpp
[0.551s] -- Up-to-date: /home/kunal/AST_Robot_Warehouse/install/messages_package/lib/libmessages_package__rosidl_typesupport_introspection_cpp.so
[0.551s] -- Up-to-date: /home/kunal/AST_Robot_Warehouse/install/messages_package/lib/libmessages_package__rosidl_typesupport_cpp.so
[0.551s] -- Up-to-date: /home/kunal/AST_Robot_Warehouse/install/messages_package/share/messages_package/environment/pythonpath.sh
[0.551s] -- Up-to-date: /home/kunal/AST_Robot_Warehouse/install/messages_package/share/messages_package/environment/pythonpath.dsv
[0.551s] -- Up-to-date: /home/kunal/AST_Robot_Warehouse/install/messages_package/lib/python3.8/site-packages/messages_package/__init__.py
[0.552s] -- Up-to-date: /home/kunal/AST_Robot_Warehouse/install/messages_package/lib/python3.8/site-packages/messages_package/msg
[0.552s] -- Up-to-date: /home/kunal/AST_Robot_Warehouse/install/messages_package/lib/python3.8/site-packages/messages_package/msg/_row.py
[0.553s] -- Up-to-date: /home/kunal/AST_Robot_Warehouse/install/messages_package/lib/python3.8/site-packages/messages_package/msg/_robot_distance.py
[0.553s] -- Up-to-date: /home/kunal/AST_Robot_Warehouse/install/messages_package/lib/python3.8/site-packages/messages_package/msg/_item.py
[0.553s] -- Up-to-date: /home/kunal/AST_Robot_Warehouse/install/messages_package/lib/python3.8/site-packages/messages_package/msg/_delivery.py
[0.553s] -- Up-to-date: /home/kunal/AST_Robot_Warehouse/install/messages_package/lib/python3.8/site-packages/messages_package/msg/_map_s.c
[0.553s] -- Up-to-date: /home/kunal/AST_Robot_Warehouse/install/messages_package/lib/python3.8/site-packages/messages_package/msg/_coordinates.py
[0.553s] -- Up-to-date: /home/kunal/AST_Robot_Warehouse/install/messages_package/lib/python3.8/site-packages/messages_package/msg/_robot_location_s.c
[0.553s] -- Up-to-date: /home/kunal/AST_Robot_Warehouse/install/messages_package/lib/python3.8/site-packages/messages_package/msg/_map.py
[0.553s] -- Up-to-date: /home/kunal/AST_Robot_Warehouse/install/messages_package/lib/python3.8/site-packages/messages_package/msg/_robot_distance_s.c
[0.553s] -- Up-to-date: /home/kunal/AST_Robot_Warehouse/install/messages_package/lib/python3.8/site-packages/messages_package/msg/_robot_location.py
[0.553s] -- Up-to-date: /home/kunal/AST_Robot_Warehouse/install/messages_package/lib/python3.8/site-packages/messages_package/msg/_row_s.c
[0.553s] -- Up-to-date: /home/kunal/AST_Robot_Warehouse/install/messages_package/lib/python3.8/site-packages/messages_package/msg/_item_s.c
[0.553s] -- Up-to-date: /home/kunal/AST_Robot_Warehouse/install/messages_package/lib/python3.8/site-packages/messages_package/msg/_coordinates_s.c
[0.553s] -- Up-to-date: /home/kunal/AST_Robot_Warehouse/install/messages_package/lib/python3.8/site-packages/messages_package/msg/__init__.py
[0.553s] -- Up-to-date: /home/kunal/AST_Robot_Warehouse/install/messages_package/lib/python3.8/site-packages/messages_package/msg/_delivery_s.c
[0.553s] -- Up-to-date: /home/kunal/AST_Robot_Warehouse/install/messages_package/lib/python3.8/site-packages/messages_package/srv
[0.554s] -- Up-to-date: /home/kunal/AST_Robot_Warehouse/install/messages_package/lib/python3.8/site-packages/messages_package/srv/_delivery.py
[0.555s] -- Up-to-date: /home/kunal/AST_Robot_Warehouse/install/messages_package/lib/python3.8/site-packages/messages_package/srv/_pick_up_item.py
[0.556s] -- Up-to-date: /home/kunal/AST_Robot_Warehouse/install/messages_package/lib/python3.8/site-packages/messages_package/srv/_put_down_item.py
[0.557s] -- Up-to-date: /home/kunal/AST_Robot_Warehouse/install/messages_package/lib/python3.8/site-packages/messages_package/srv/_put_down_item_s.c
[0.557s] -- Up-to-date: /home/kunal/AST_Robot_Warehouse/install/messages_package/lib/python3.8/site-packages/messages_package/srv/__init__.py
[0.558s] -- Up-to-date: /home/kunal/AST_Robot_Warehouse/install/messages_package/lib/python3.8/site-packages/messages_package/srv/_pick_up_item_s.c
[0.559s] -- Up-to-date: /home/kunal/AST_Robot_Warehouse/install/messages_package/lib/python3.8/site-packages/messages_package/srv/_delivery_s.c
[0.559s] -- Up-to-date: /home/kunal/AST_Robot_Warehouse/install/messages_package/lib/python3.8/site-packages/messages_package/action
[0.560s] -- Up-to-date: /home/kunal/AST_Robot_Warehouse/install/messages_package/lib/python3.8/site-packages/messages_package/action/_order_s.c
[0.560s] -- Up-to-date: /home/kunal/AST_Robot_Warehouse/install/messages_package/lib/python3.8/site-packages/messages_package/action/_charge_robot.py
[0.561s] -- Up-to-date: /home/kunal/AST_Robot_Warehouse/install/messages_package/lib/python3.8/site-packages/messages_package/action/_charge_robot_s.c
[0.561s] -- Up-to-date: /home/kunal/AST_Robot_Warehouse/install/messages_package/lib/python3.8/site-packages/messages_package/action/_order.py
[0.561s] -- Up-to-date: /home/kunal/AST_Robot_Warehouse/install/messages_package/lib/python3.8/site-packages/messages_package/action/_move_item.py
[0.561s] -- Up-to-date: /home/kunal/AST_Robot_Warehouse/install/messages_package/lib/python3.8/site-packages/messages_package/action/__init__.py
[0.562s] -- Up-to-date: /home/kunal/AST_Robot_Warehouse/install/messages_package/lib/python3.8/site-packages/messages_package/action/_move_item_s.c
[0.562s] -- Up-to-date: /home/kunal/AST_Robot_Warehouse/install/messages_package/lib/python3.8/site-packages/messages_package/messages_package_s__rosidl_typesupport_fastrtps_c.cpython-38-x86_64-linux-gnu.so
[0.563s] -- Up-to-date: /home/kunal/AST_Robot_Warehouse/install/messages_package/lib/python3.8/site-packages/messages_package/messages_package_s__rosidl_typesupport_introspection_c.cpython-38-x86_64-linux-gnu.so
[0.563s] -- Up-to-date: /home/kunal/AST_Robot_Warehouse/install/messages_package/lib/python3.8/site-packages/messages_package/messages_package_s__rosidl_typesupport_c.cpython-38-x86_64-linux-gnu.so
[0.564s] -- Up-to-date: /home/kunal/AST_Robot_Warehouse/install/messages_package/lib/libmessages_package__python.so
[0.564s] -- Up-to-date: /home/kunal/AST_Robot_Warehouse/install/messages_package/share/messages_package/msg/Coordinates.idl
[0.564s] -- Up-to-date: /home/kunal/AST_Robot_Warehouse/install/messages_package/share/messages_package/msg/Delivery.idl
[0.565s] -- Up-to-date: /home/kunal/AST_Robot_Warehouse/install/messages_package/share/messages_package/msg/Item.idl
[0.565s] -- Up-to-date: /home/kunal/AST_Robot_Warehouse/install/messages_package/share/messages_package/msg/RobotDistance.idl
[0.566s] -- Up-to-date: /home/kunal/AST_Robot_Warehouse/install/messages_package/share/messages_package/msg/RobotLocation.idl
[0.567s] -- Up-to-date: /home/kunal/AST_Robot_Warehouse/install/messages_package/share/messages_package/msg/Map.idl
[0.567s] -- Up-to-date: /home/kunal/AST_Robot_Warehouse/install/messages_package/share/messages_package/msg/Row.idl
[0.567s] -- Up-to-date: /home/kunal/AST_Robot_Warehouse/install/messages_package/share/messages_package/srv/Delivery.idl
[0.568s] -- Up-to-date: /home/kunal/AST_Robot_Warehouse/install/messages_package/share/messages_package/srv/PickUpItem.idl
[0.569s] -- Up-to-date: /home/kunal/AST_Robot_Warehouse/install/messages_package/share/messages_package/srv/PutDownItem.idl
[0.570s] -- Up-to-date: /home/kunal/AST_Robot_Warehouse/install/messages_package/share/messages_package/action/ChargeRobot.idl
[0.572s] -- Up-to-date: /home/kunal/AST_Robot_Warehouse/install/messages_package/share/messages_package/action/MoveItem.idl
[0.573s] -- Up-to-date: /home/kunal/AST_Robot_Warehouse/install/messages_package/share/messages_package/action/Order.idl
[0.573s] -- Up-to-date: /home/kunal/AST_Robot_Warehouse/install/messages_package/share/messages_package/msg/Coordinates.msg
[0.575s] -- Up-to-date: /home/kunal/AST_Robot_Warehouse/install/messages_package/share/messages_package/msg/Delivery.msg
[0.575s] -- Up-to-date: /home/kunal/AST_Robot_Warehouse/install/messages_package/share/messages_package/msg/Item.msg
[0.575s] -- Up-to-date: /home/kunal/AST_Robot_Warehouse/install/messages_package/share/messages_package/msg/RobotDistance.msg
[0.576s] -- Up-to-date: /home/kunal/AST_Robot_Warehouse/install/messages_package/share/messages_package/msg/RobotLocation.msg
[0.577s] -- Up-to-date: /home/kunal/AST_Robot_Warehouse/install/messages_package/share/messages_package/msg/Map.msg
[0.577s] -- Up-to-date: /home/kunal/AST_Robot_Warehouse/install/messages_package/share/messages_package/msg/Row.msg
[0.578s] -- Up-to-date: /home/kunal/AST_Robot_Warehouse/install/messages_package/share/messages_package/srv/Delivery.srv
[0.578s] -- Up-to-date: /home/kunal/AST_Robot_Warehouse/install/messages_package/share/messages_package/srv/Delivery_Request.msg
[0.579s] -- Up-to-date: /home/kunal/AST_Robot_Warehouse/install/messages_package/share/messages_package/srv/Delivery_Response.msg
[0.579s] -- Up-to-date: /home/kunal/AST_Robot_Warehouse/install/messages_package/share/messages_package/srv/PickUpItem.srv
[0.581s] -- Up-to-date: /home/kunal/AST_Robot_Warehouse/install/messages_package/share/messages_package/srv/PickUpItem_Request.msg
[0.582s] -- Up-to-date: /home/kunal/AST_Robot_Warehouse/install/messages_package/share/messages_package/srv/PickUpItem_Response.msg
[0.583s] -- Up-to-date: /home/kunal/AST_Robot_Warehouse/install/messages_package/share/messages_package/srv/PutDownItem.srv
[0.583s] -- Up-to-date: /home/kunal/AST_Robot_Warehouse/install/messages_package/share/messages_package/srv/PutDownItem_Request.msg
[0.584s] -- Up-to-date: /home/kunal/AST_Robot_Warehouse/install/messages_package/share/messages_package/srv/PutDownItem_Response.msg
[0.584s] -- Up-to-date: /home/kunal/AST_Robot_Warehouse/install/messages_package/share/messages_package/action/ChargeRobot.action
[0.585s] -- Up-to-date: /home/kunal/AST_Robot_Warehouse/install/messages_package/share/messages_package/action/MoveItem.action
[0.585s] -- Up-to-date: /home/kunal/AST_Robot_Warehouse/install/messages_package/share/messages_package/action/Order.action
[0.586s] -- Up-to-date: /home/kunal/AST_Robot_Warehouse/install/messages_package/share/ament_index/resource_index/package_run_dependencies/messages_package
[0.586s] -- Up-to-date: /home/kunal/AST_Robot_Warehouse/install/messages_package/share/ament_index/resource_index/parent_prefix_path/messages_package
[0.587s] -- Up-to-date: /home/kunal/AST_Robot_Warehouse/install/messages_package/share/messages_package/environment/ament_prefix_path.sh
[0.587s] -- Up-to-date: /home/kunal/AST_Robot_Warehouse/install/messages_package/share/messages_package/environment/ament_prefix_path.dsv
[0.589s] -- Up-to-date: /home/kunal/AST_Robot_Warehouse/install/messages_package/share/messages_package/environment/path.sh
[0.590s] -- Up-to-date: /home/kunal/AST_Robot_Warehouse/install/messages_package/share/messages_package/environment/path.dsv
[0.591s] -- Up-to-date: /home/kunal/AST_Robot_Warehouse/install/messages_package/share/messages_package/local_setup.bash
[0.591s] -- Up-to-date: /home/kunal/AST_Robot_Warehouse/install/messages_package/share/messages_package/local_setup.sh
[0.591s] -- Up-to-date: /home/kunal/AST_Robot_Warehouse/install/messages_package/share/messages_package/local_setup.zsh
[0.591s] -- Up-to-date: /home/kunal/AST_Robot_Warehouse/install/messages_package/share/messages_package/local_setup.dsv
[0.591s] -- Installing: /home/kunal/AST_Robot_Warehouse/install/messages_package/share/messages_package/package.dsv
[0.591s] -- Up-to-date: /home/kunal/AST_Robot_Warehouse/install/messages_package/share/ament_index/resource_index/packages/messages_package
[0.591s] -- Up-to-date: /home/kunal/AST_Robot_Warehouse/install/messages_package/share/messages_package/cmake/messages_package__rosidl_generator_cExport.cmake
[0.591s] -- Up-to-date: /home/kunal/AST_Robot_Warehouse/install/messages_package/share/messages_package/cmake/messages_package__rosidl_generator_cExport-noconfig.cmake
[0.591s] -- Up-to-date: /home/kunal/AST_Robot_Warehouse/install/messages_package/share/messages_package/cmake/messages_package__rosidl_typesupport_introspection_cExport.cmake
[0.591s] -- Up-to-date: /home/kunal/AST_Robot_Warehouse/install/messages_package/share/messages_package/cmake/messages_package__rosidl_typesupport_introspection_cExport-noconfig.cmake
[0.591s] -- Up-to-date: /home/kunal/AST_Robot_Warehouse/install/messages_package/share/messages_package/cmake/messages_package__rosidl_typesupport_cExport.cmake
[0.591s] -- Up-to-date: /home/kunal/AST_Robot_Warehouse/install/messages_package/share/messages_package/cmake/messages_package__rosidl_typesupport_cExport-noconfig.cmake
[0.591s] -- Up-to-date: /home/kunal/AST_Robot_Warehouse/install/messages_package/share/messages_package/cmake/messages_package__rosidl_generator_cppExport.cmake
[0.591s] -- Up-to-date: /home/kunal/AST_Robot_Warehouse/install/messages_package/share/messages_package/cmake/messages_package__rosidl_typesupport_introspection_cppExport.cmake
[0.591s] -- Up-to-date: /home/kunal/AST_Robot_Warehouse/install/messages_package/share/messages_package/cmake/messages_package__rosidl_typesupport_introspection_cppExport-noconfig.cmake
[0.592s] -- Up-to-date: /home/kunal/AST_Robot_Warehouse/install/messages_package/share/messages_package/cmake/messages_package__rosidl_typesupport_cppExport.cmake
[0.592s] -- Up-to-date: /home/kunal/AST_Robot_Warehouse/install/messages_package/share/messages_package/cmake/messages_package__rosidl_typesupport_cppExport-noconfig.cmake
[0.592s] -- Up-to-date: /home/kunal/AST_Robot_Warehouse/install/messages_package/share/messages_package/cmake/rosidl_cmake-extras.cmake
[0.592s] -- Up-to-date: /home/kunal/AST_Robot_Warehouse/install/messages_package/share/messages_package/cmake/ament_cmake_export_dependencies-extras.cmake
[0.592s] -- Up-to-date: /home/kunal/AST_Robot_Warehouse/install/messages_package/share/messages_package/cmake/ament_cmake_export_libraries-extras.cmake
[0.592s] -- Up-to-date: /home/kunal/AST_Robot_Warehouse/install/messages_package/share/messages_package/cmake/ament_cmake_export_targets-extras.cmake
[0.592s] -- Up-to-date: /home/kunal/AST_Robot_Warehouse/install/messages_package/share/messages_package/cmake/ament_cmake_export_include_directories-extras.cmake
[0.592s] -- Up-to-date: /home/kunal/AST_Robot_Warehouse/install/messages_package/share/messages_package/cmake/rosidl_cmake_export_typesupport_libraries-extras.cmake
[0.592s] -- Up-to-date: /home/kunal/AST_Robot_Warehouse/install/messages_package/share/messages_package/cmake/rosidl_cmake_export_typesupport_targets-extras.cmake
[0.592s] -- Up-to-date: /home/kunal/AST_Robot_Warehouse/install/messages_package/share/messages_package/cmake/messages_packageConfig.cmake
[0.592s] -- Up-to-date: /home/kunal/AST_Robot_Warehouse/install/messages_package/share/messages_package/cmake/messages_packageConfig-version.cmake
[0.592s] -- Up-to-date: /home/kunal/AST_Robot_Warehouse/install/messages_package/share/messages_package/package.xml
[0.592s] Invoked command in '/home/kunal/AST_Robot_Warehouse/build/messages_package' returned '0': CMAKE_PREFIX_PATH=${CMAKE_PREFIX_PATH}:/home/kunal/AST_Robot_Warehouse/install/warehouse_robot_package:/home/kunal/AST_Robot_Warehouse/install/py_pubsub:/opt/ros/foxy /usr/bin/cmake --install /home/kunal/AST_Robot_Warehouse/build/messages_package
