[0.034s] Invoking command in '/home/sam/AST_Robot_Warehouse/build/messages_package': CMAKE_PREFIX_PATH=${CMAKE_PREFIX_PATH}:/home/sam/AST_Robot_Warehouse/install/warehouse_robot_package:/home/sam/AST_Robot_Warehouse/install/py_srvcli:/home/sam/AST_Robot_Warehouse/install/py_pubsub:/opt/ros/foxy /usr/bin/cmake --build /home/sam/AST_Robot_Warehouse/build/messages_package -- -j12 -l12
[0.289s] -- Found ament_cmake: 0.9.9 (/opt/ros/foxy/share/ament_cmake/cmake)
[0.291s] -- Found PythonInterp: /usr/bin/python3 (found suitable version "3.8.10", minimum required is "3") 
[0.292s] -- Using PYTHON_EXECUTABLE: /usr/bin/python3
[0.299s] -- Found ament_lint_auto: 0.9.6 (/opt/ros/foxy/share/ament_lint_auto/cmake)
[0.360s] -- Found rosidl_default_generators: 1.0.1 (/opt/ros/foxy/share/rosidl_default_generators/cmake)
[0.364s] -- Using all available rosidl_typesupport_c: rosidl_typesupport_fastrtps_c;rosidl_typesupport_introspection_c
[0.369s] -- Found rosidl_adapter: 1.2.1 (/opt/ros/foxy/share/rosidl_adapter/cmake)
[0.511s] -- Using all available rosidl_typesupport_cpp: rosidl_typesupport_fastrtps_cpp;rosidl_typesupport_introspection_cpp
[0.568s] -- Found PythonInterp: /usr/bin/python3 (found version "3.8.10") 
[0.836s] -- Found ament_cmake_ros: 0.9.2 (/opt/ros/foxy/share/ament_cmake_ros/cmake)
[1.093s] -- Using all available rosidl_typesupport_c: rosidl_typesupport_fastrtps_c;rosidl_typesupport_introspection_c
[1.167s] -- Using all available rosidl_typesupport_cpp: rosidl_typesupport_fastrtps_cpp;rosidl_typesupport_introspection_cpp
[1.218s] -- Found PythonInterp: /usr/bin/python3 (found suitable version "3.8.10", minimum required is "3.5") 
[1.219s] -- Found python_cmake_module: 0.8.1 (/opt/ros/foxy/share/python_cmake_module/cmake)
[1.258s] -- Using PYTHON_EXECUTABLE: /usr/bin/python3
[1.258s] -- Using PYTHON_INCLUDE_DIRS: /usr/include/python3.8
[1.258s] -- Using PYTHON_LIBRARIES: /usr/lib/x86_64-linux-gnu/libpython3.8.so
[1.317s] -- Added test 'copyright' to check source files copyright and LICENSE
[1.320s] -- Added test 'cppcheck' to perform static code analysis on C / C++ code
[1.322s] -- Configured cppcheck include dirs: $<BUILD_INTERFACE:/home/sam/AST_Robot_Warehouse/src/messages_package/include>
[1.322s] -- Configured cppcheck exclude dirs and/or files: 
[1.324s] -- Added test 'cpplint' to check C / C++ code against the Google style
[1.325s] -- Configured cpplint exclude dirs and/or files: 
[1.326s] -- Added test 'lint_cmake' to check CMake code style
[1.328s] -- Added test 'uncrustify' to check C / C++ code style
[1.328s] -- Configured uncrustify additional arguments: 
[1.329s] -- Added test 'xmllint' to check XML markup files
[1.344s] -- Configuring done
[1.451s] -- Generating done
[1.455s] -- Build files have been written to: /home/sam/AST_Robot_Warehouse/build/messages_package
[1.481s] [  1%] [34m[1mGenerating C code for ROS interfaces[0m
[1.492s] [  2%] Built target messages_node
[1.493s] [  3%] [34m[1mGenerating C++ code for ROS interfaces[0m
[2.965s] [  3%] Built target messages_package__cpp
[2.978s] [  4%] [34m[1mGenerating C++ type support dispatch for ROS interfaces[0m
[2.978s] [  5%] [34m[1mGenerating C++ introspection for ROS interfaces[0m
[2.981s] [  6%] [34m[1mGenerating C++ type support for eProsima Fast-RTPS[0m
[3.142s] [35m[1mScanning dependencies of target messages_package__rosidl_generator_c[0m
[3.167s] [  8%] [32mBuilding C object CMakeFiles/messages_package__rosidl_generator_c.dir/rosidl_generator_c/messages_package/msg/detail/coordinates__functions.c.o[0m
[3.167s] [  8%] [32mBuilding C object CMakeFiles/messages_package__rosidl_generator_c.dir/rosidl_generator_c/messages_package/msg/detail/delivery__functions.c.o[0m
[3.168s] [  8%] [32mBuilding C object CMakeFiles/messages_package__rosidl_generator_c.dir/rosidl_generator_c/messages_package/msg/detail/item__functions.c.o[0m
[3.168s] [  9%] [32mBuilding C object CMakeFiles/messages_package__rosidl_generator_c.dir/rosidl_generator_c/messages_package/msg/detail/robot_distance__functions.c.o[0m
[3.172s] [ 10%] [32mBuilding C object CMakeFiles/messages_package__rosidl_generator_c.dir/rosidl_generator_c/messages_package/msg/detail/robot_state__functions.c.o[0m
[3.173s] [ 10%] [32mBuilding C object CMakeFiles/messages_package__rosidl_generator_c.dir/rosidl_generator_c/messages_package/msg/detail/map__functions.c.o[0m
[3.174s] [ 11%] [32mBuilding C object CMakeFiles/messages_package__rosidl_generator_c.dir/rosidl_generator_c/messages_package/msg/detail/row__functions.c.o[0m
[3.178s] [ 12%] [32mBuilding C object CMakeFiles/messages_package__rosidl_generator_c.dir/rosidl_generator_c/messages_package/msg/detail/robot_location__functions.c.o[0m
[3.192s] [ 13%] [32mBuilding C object CMakeFiles/messages_package__rosidl_generator_c.dir/rosidl_generator_c/messages_package/srv/detail/delivery__functions.c.o[0m
[3.318s] [ 14%] [32mBuilding C object CMakeFiles/messages_package__rosidl_generator_c.dir/rosidl_generator_c/messages_package/srv/detail/put_down_item__functions.c.o[0m
[3.319s] [ 14%] [32mBuilding C object CMakeFiles/messages_package__rosidl_generator_c.dir/rosidl_generator_c/messages_package/srv/detail/pick_up_item__functions.c.o[0m
[3.319s] [ 15%] [32mBuilding C object CMakeFiles/messages_package__rosidl_generator_c.dir/rosidl_generator_c/messages_package/action/detail/move_item__functions.c.o[0m
[3.319s] [ 16%] [32mBuilding C object CMakeFiles/messages_package__rosidl_generator_c.dir/rosidl_generator_c/messages_package/action/detail/charge_robot__functions.c.o[0m
[3.328s] [ 16%] [32mBuilding C object CMakeFiles/messages_package__rosidl_generator_c.dir/rosidl_generator_c/messages_package/action/detail/order__functions.c.o[0m
[3.454s] [ 17%] [32m[1mLinking C shared library libmessages_package__rosidl_generator_c.so[0m
[3.512s] [ 17%] Built target messages_package__rosidl_generator_c
[3.526s] [ 17%] [34m[1mGenerating C introspection for ROS interfaces[0m
[3.526s] [ 18%] [34m[1mGenerating C type support dispatch for ROS interfaces[0m
[3.941s] [35m[1mScanning dependencies of target messages_package__rosidl_typesupport_cpp[0m
[3.969s] [ 19%] [32mBuilding CXX object CMakeFiles/messages_package__rosidl_typesupport_cpp.dir/rosidl_typesupport_cpp/messages_package/msg/coordinates__type_support.cpp.o[0m
[3.969s] [ 19%] [32mBuilding CXX object CMakeFiles/messages_package__rosidl_typesupport_cpp.dir/rosidl_typesupport_cpp/messages_package/msg/delivery__type_support.cpp.o[0m
[3.970s] [ 20%] [32mBuilding CXX object CMakeFiles/messages_package__rosidl_typesupport_cpp.dir/rosidl_typesupport_cpp/messages_package/msg/robot_location__type_support.cpp.o[0m
[3.970s] [ 21%] [32mBuilding CXX object CMakeFiles/messages_package__rosidl_typesupport_cpp.dir/rosidl_typesupport_cpp/messages_package/msg/robot_distance__type_support.cpp.o[0m
[3.972s] [ 22%] [32mBuilding CXX object CMakeFiles/messages_package__rosidl_typesupport_cpp.dir/rosidl_typesupport_cpp/messages_package/msg/row__type_support.cpp.o[0m
[3.972s] [ 23%] [32mBuilding CXX object CMakeFiles/messages_package__rosidl_typesupport_cpp.dir/rosidl_typesupport_cpp/messages_package/msg/map__type_support.cpp.o[0m
[3.972s] [ 23%] [32mBuilding CXX object CMakeFiles/messages_package__rosidl_typesupport_cpp.dir/rosidl_typesupport_cpp/messages_package/msg/item__type_support.cpp.o[0m
[3.982s] [ 24%] [32mBuilding CXX object CMakeFiles/messages_package__rosidl_typesupport_cpp.dir/rosidl_typesupport_cpp/messages_package/msg/robot_state__type_support.cpp.o[0m
[4.622s] [ 24%] [32mBuilding CXX object CMakeFiles/messages_package__rosidl_typesupport_cpp.dir/rosidl_typesupport_cpp/messages_package/srv/delivery__type_support.cpp.o[0m
[4.716s] [ 25%] [32mBuilding CXX object CMakeFiles/messages_package__rosidl_typesupport_cpp.dir/rosidl_typesupport_cpp/messages_package/srv/pick_up_item__type_support.cpp.o[0m
[4.741s] [ 26%] [32mBuilding CXX object CMakeFiles/messages_package__rosidl_typesupport_cpp.dir/rosidl_typesupport_cpp/messages_package/action/charge_robot__type_support.cpp.o[0m
[4.751s] [ 27%] [32mBuilding CXX object CMakeFiles/messages_package__rosidl_typesupport_cpp.dir/rosidl_typesupport_cpp/messages_package/srv/put_down_item__type_support.cpp.o[0m
[4.788s] [ 27%] [32mBuilding CXX object CMakeFiles/messages_package__rosidl_typesupport_cpp.dir/rosidl_typesupport_cpp/messages_package/action/move_item__type_support.cpp.o[0m
[4.813s] [ 28%] [32mBuilding CXX object CMakeFiles/messages_package__rosidl_typesupport_cpp.dir/rosidl_typesupport_cpp/messages_package/action/order__type_support.cpp.o[0m
[4.871s] [35m[1mScanning dependencies of target messages_package__rosidl_typesupport_c[0m
[4.877s] [35m[1mScanning dependencies of target messages_package__rosidl_typesupport_introspection_cpp[0m
[4.939s] [ 28%] [32mBuilding CXX object CMakeFiles/messages_package__rosidl_typesupport_introspection_cpp.dir/rosidl_typesupport_introspection_cpp/messages_package/msg/detail/coordinates__type_support.cpp.o[0m
[4.951s] [ 29%] [32mBuilding CXX object CMakeFiles/messages_package__rosidl_typesupport_introspection_cpp.dir/rosidl_typesupport_introspection_cpp/messages_package/msg/detail/item__type_support.cpp.o[0m
[4.959s] [ 30%] [32mBuilding CXX object CMakeFiles/messages_package__rosidl_typesupport_introspection_cpp.dir/rosidl_typesupport_introspection_cpp/messages_package/msg/detail/delivery__type_support.cpp.o[0m
[4.973s] [ 31%] [32mBuilding CXX object CMakeFiles/messages_package__rosidl_typesupport_c.dir/rosidl_typesupport_c/messages_package/msg/coordinates__type_support.cpp.o[0m
[5.105s] [ 31%] [32mBuilding CXX object CMakeFiles/messages_package__rosidl_typesupport_c.dir/rosidl_typesupport_c/messages_package/msg/delivery__type_support.cpp.o[0m
[5.202s] [ 32%] [32mBuilding CXX object CMakeFiles/messages_package__rosidl_typesupport_c.dir/rosidl_typesupport_c/messages_package/msg/item__type_support.cpp.o[0m
[5.365s] [ 33%] [32mBuilding CXX object CMakeFiles/messages_package__rosidl_typesupport_c.dir/rosidl_typesupport_c/messages_package/msg/robot_distance__type_support.cpp.o[0m
[5.391s] [ 33%] [32mBuilding CXX object CMakeFiles/messages_package__rosidl_typesupport_c.dir/rosidl_typesupport_c/messages_package/msg/robot_location__type_support.cpp.o[0m
[5.418s] [ 34%] [32mBuilding CXX object CMakeFiles/messages_package__rosidl_typesupport_c.dir/rosidl_typesupport_c/messages_package/msg/map__type_support.cpp.o[0m
[5.451s] [ 34%] [32mBuilding CXX object CMakeFiles/messages_package__rosidl_typesupport_introspection_cpp.dir/rosidl_typesupport_introspection_cpp/messages_package/msg/detail/robot_distance__type_support.cpp.o[0m
[5.455s] [ 35%] [32mBuilding CXX object CMakeFiles/messages_package__rosidl_typesupport_c.dir/rosidl_typesupport_c/messages_package/msg/row__type_support.cpp.o[0m
[5.465s] [ 36%] [32mBuilding CXX object CMakeFiles/messages_package__rosidl_typesupport_introspection_cpp.dir/rosidl_typesupport_introspection_cpp/messages_package/msg/detail/map__type_support.cpp.o[0m
[5.471s] [ 37%] [32mBuilding CXX object CMakeFiles/messages_package__rosidl_typesupport_introspection_cpp.dir/rosidl_typesupport_introspection_cpp/messages_package/msg/detail/robot_location__type_support.cpp.o[0m
[5.544s] [ 38%] [32mBuilding CXX object CMakeFiles/messages_package__rosidl_typesupport_c.dir/rosidl_typesupport_c/messages_package/msg/robot_state__type_support.cpp.o[0m
[5.573s] [ 38%] [32mBuilding CXX object CMakeFiles/messages_package__rosidl_typesupport_c.dir/rosidl_typesupport_c/messages_package/srv/delivery__type_support.cpp.o[0m
[5.612s] [ 39%] [32m[1mLinking CXX shared library libmessages_package__rosidl_typesupport_cpp.so[0m
[5.623s] [ 40%] [32mBuilding CXX object CMakeFiles/messages_package__rosidl_typesupport_introspection_cpp.dir/rosidl_typesupport_introspection_cpp/messages_package/msg/detail/row__type_support.cpp.o[0m
[5.654s] [ 41%] [32mBuilding CXX object CMakeFiles/messages_package__rosidl_typesupport_c.dir/rosidl_typesupport_c/messages_package/srv/pick_up_item__type_support.cpp.o[0m
[5.667s] [ 41%] [32mBuilding CXX object CMakeFiles/messages_package__rosidl_typesupport_introspection_cpp.dir/rosidl_typesupport_introspection_cpp/messages_package/msg/detail/robot_state__type_support.cpp.o[0m
[5.669s] [35m[1mScanning dependencies of target messages_package__rosidl_typesupport_fastrtps_cpp[0m
[5.698s] [ 42%] [32mBuilding CXX object CMakeFiles/messages_package__rosidl_typesupport_c.dir/rosidl_typesupport_c/messages_package/srv/put_down_item__type_support.cpp.o[0m
[5.734s] [ 42%] [32mBuilding CXX object CMakeFiles/messages_package__rosidl_typesupport_fastrtps_cpp.dir/rosidl_typesupport_fastrtps_cpp/messages_package/msg/detail/dds_fastrtps/coordinates__type_support.cpp.o[0m
[5.750s] [ 43%] [32mBuilding CXX object CMakeFiles/messages_package__rosidl_typesupport_fastrtps_cpp.dir/rosidl_typesupport_fastrtps_cpp/messages_package/msg/detail/dds_fastrtps/delivery__type_support.cpp.o[0m
[5.772s] [ 44%] [32mBuilding CXX object CMakeFiles/messages_package__rosidl_typesupport_introspection_cpp.dir/rosidl_typesupport_introspection_cpp/messages_package/srv/detail/delivery__type_support.cpp.o[0m
[5.799s] [ 44%] Built target messages_package__rosidl_typesupport_cpp
[5.821s] [ 45%] [32mBuilding CXX object CMakeFiles/messages_package__rosidl_typesupport_fastrtps_cpp.dir/rosidl_typesupport_fastrtps_cpp/messages_package/msg/detail/dds_fastrtps/item__type_support.cpp.o[0m
[5.835s] [ 46%] [32mBuilding CXX object CMakeFiles/messages_package__rosidl_typesupport_fastrtps_cpp.dir/rosidl_typesupport_fastrtps_cpp/messages_package/msg/detail/dds_fastrtps/robot_distance__type_support.cpp.o[0m
[5.852s] [ 47%] [32mBuilding CXX object CMakeFiles/messages_package__rosidl_typesupport_c.dir/rosidl_typesupport_c/messages_package/action/charge_robot__type_support.cpp.o[0m
[5.999s] [35m[1mScanning dependencies of target messages_package__rosidl_typesupport_introspection_c[0m
[6.056s] [ 47%] [32mBuilding CXX object CMakeFiles/messages_package__rosidl_typesupport_c.dir/rosidl_typesupport_c/messages_package/action/move_item__type_support.cpp.o[0m
[6.088s] [ 48%] [32mBuilding C object CMakeFiles/messages_package__rosidl_typesupport_introspection_c.dir/rosidl_typesupport_introspection_c/messages_package/msg/detail/delivery__type_support.c.o[0m
[6.099s] [ 49%] [32mBuilding C object CMakeFiles/messages_package__rosidl_typesupport_introspection_c.dir/rosidl_typesupport_introspection_c/messages_package/msg/detail/coordinates__type_support.c.o[0m
[6.115s] [ 50%] [32mBuilding CXX object CMakeFiles/messages_package__rosidl_typesupport_c.dir/rosidl_typesupport_c/messages_package/action/order__type_support.cpp.o[0m
[6.181s] [ 51%] [32mBuilding C object CMakeFiles/messages_package__rosidl_typesupport_introspection_c.dir/rosidl_typesupport_introspection_c/messages_package/msg/detail/item__type_support.c.o[0m
[6.196s] [ 51%] [32mBuilding C object CMakeFiles/messages_package__rosidl_typesupport_introspection_c.dir/rosidl_typesupport_introspection_c/messages_package/msg/detail/robot_distance__type_support.c.o[0m
[6.218s] [ 52%] [32mBuilding CXX object CMakeFiles/messages_package__rosidl_typesupport_introspection_cpp.dir/rosidl_typesupport_introspection_cpp/messages_package/srv/detail/pick_up_item__type_support.cpp.o[0m
[6.225s] [ 53%] [32m[1mLinking CXX shared library libmessages_package__rosidl_typesupport_c.so[0m
[6.235s] [ 54%] [32mBuilding CXX object CMakeFiles/messages_package__rosidl_typesupport_introspection_cpp.dir/rosidl_typesupport_introspection_cpp/messages_package/srv/detail/put_down_item__type_support.cpp.o[0m
[6.245s] [ 55%] [32mBuilding CXX object CMakeFiles/messages_package__rosidl_typesupport_fastrtps_cpp.dir/rosidl_typesupport_fastrtps_cpp/messages_package/msg/detail/dds_fastrtps/map__type_support.cpp.o[0m
[6.256s] [ 55%] [32mBuilding CXX object CMakeFiles/messages_package__rosidl_typesupport_fastrtps_cpp.dir/rosidl_typesupport_fastrtps_cpp/messages_package/msg/detail/dds_fastrtps/robot_location__type_support.cpp.o[0m
[6.287s] [ 56%] [32mBuilding C object CMakeFiles/messages_package__rosidl_typesupport_introspection_c.dir/rosidl_typesupport_introspection_c/messages_package/msg/detail/robot_location__type_support.c.o[0m
[6.311s] [ 57%] [32mBuilding CXX object CMakeFiles/messages_package__rosidl_typesupport_fastrtps_cpp.dir/rosidl_typesupport_fastrtps_cpp/messages_package/msg/detail/dds_fastrtps/row__type_support.cpp.o[0m
[6.326s] [ 57%] Built target messages_package__rosidl_typesupport_c
[6.369s] [ 58%] [32mBuilding C object CMakeFiles/messages_package__rosidl_typesupport_introspection_c.dir/rosidl_typesupport_introspection_c/messages_package/msg/detail/map__type_support.c.o[0m
[6.373s] [ 59%] [32mBuilding CXX object CMakeFiles/messages_package__rosidl_typesupport_fastrtps_cpp.dir/rosidl_typesupport_fastrtps_cpp/messages_package/msg/detail/dds_fastrtps/robot_state__type_support.cpp.o[0m
[6.427s] [ 60%] [32mBuilding C object CMakeFiles/messages_package__rosidl_typesupport_introspection_c.dir/rosidl_typesupport_introspection_c/messages_package/msg/detail/row__type_support.c.o[0m
[6.495s] [ 60%] [32mBuilding C object CMakeFiles/messages_package__rosidl_typesupport_introspection_c.dir/rosidl_typesupport_introspection_c/messages_package/msg/detail/robot_state__type_support.c.o[0m
[6.511s] [ 60%] [32mBuilding CXX object CMakeFiles/messages_package__rosidl_typesupport_fastrtps_cpp.dir/rosidl_typesupport_fastrtps_cpp/messages_package/srv/detail/dds_fastrtps/delivery__type_support.cpp.o[0m
[6.577s] [ 61%] [32mBuilding C object CMakeFiles/messages_package__rosidl_typesupport_introspection_c.dir/rosidl_typesupport_introspection_c/messages_package/srv/detail/delivery__type_support.c.o[0m
[6.669s] [ 61%] [32mBuilding C object CMakeFiles/messages_package__rosidl_typesupport_introspection_c.dir/rosidl_typesupport_introspection_c/messages_package/srv/detail/put_down_item__type_support.c.o[0m
[6.675s] [ 62%] [32mBuilding C object CMakeFiles/messages_package__rosidl_typesupport_introspection_c.dir/rosidl_typesupport_introspection_c/messages_package/srv/detail/pick_up_item__type_support.c.o[0m
[6.702s] [ 63%] [32mBuilding C object CMakeFiles/messages_package__rosidl_typesupport_introspection_c.dir/rosidl_typesupport_introspection_c/messages_package/action/detail/charge_robot__type_support.c.o[0m
[6.717s] [ 63%] [32mBuilding CXX object CMakeFiles/messages_package__rosidl_typesupport_introspection_cpp.dir/rosidl_typesupport_introspection_cpp/messages_package/action/detail/charge_robot__type_support.cpp.o[0m
[6.734s] [ 64%] [32mBuilding CXX object CMakeFiles/messages_package__rosidl_typesupport_fastrtps_cpp.dir/rosidl_typesupport_fastrtps_cpp/messages_package/srv/detail/dds_fastrtps/pick_up_item__type_support.cpp.o[0m
[6.755s] [ 65%] [32mBuilding C object CMakeFiles/messages_package__rosidl_typesupport_introspection_c.dir/rosidl_typesupport_introspection_c/messages_package/action/detail/move_item__type_support.c.o[0m
[6.769s] [ 66%] [32mBuilding CXX object CMakeFiles/messages_package__rosidl_typesupport_fastrtps_cpp.dir/rosidl_typesupport_fastrtps_cpp/messages_package/srv/detail/dds_fastrtps/put_down_item__type_support.cpp.o[0m
[6.793s] [ 67%] [32mBuilding CXX object CMakeFiles/messages_package__rosidl_typesupport_introspection_cpp.dir/rosidl_typesupport_introspection_cpp/messages_package/action/detail/move_item__type_support.cpp.o[0m
[6.829s] [ 67%] [32mBuilding CXX object CMakeFiles/messages_package__rosidl_typesupport_fastrtps_cpp.dir/rosidl_typesupport_fastrtps_cpp/messages_package/action/detail/dds_fastrtps/charge_robot__type_support.cpp.o[0m
[6.869s] [ 68%] [32mBuilding C object CMakeFiles/messages_package__rosidl_typesupport_introspection_c.dir/rosidl_typesupport_introspection_c/messages_package/action/detail/order__type_support.c.o[0m
[7.034s] [ 69%] [32mBuilding CXX object CMakeFiles/messages_package__rosidl_typesupport_fastrtps_cpp.dir/rosidl_typesupport_fastrtps_cpp/messages_package/action/detail/dds_fastrtps/move_item__type_support.cpp.o[0m
[7.102s] [ 69%] [32m[1mLinking C shared library libmessages_package__rosidl_typesupport_introspection_c.so[0m
[7.147s] [ 70%] [32mBuilding CXX object CMakeFiles/messages_package__rosidl_typesupport_introspection_cpp.dir/rosidl_typesupport_introspection_cpp/messages_package/action/detail/order__type_support.cpp.o[0m
[7.154s] [ 71%] [32mBuilding CXX object CMakeFiles/messages_package__rosidl_typesupport_fastrtps_cpp.dir/rosidl_typesupport_fastrtps_cpp/messages_package/action/detail/dds_fastrtps/order__type_support.cpp.o[0m
[7.242s] [ 71%] Built target messages_package__rosidl_typesupport_introspection_c
[7.746s] [ 72%] [32m[1mLinking CXX shared library libmessages_package__rosidl_typesupport_introspection_cpp.so[0m
[7.806s] [ 73%] [32m[1mLinking CXX shared library libmessages_package__rosidl_typesupport_fastrtps_cpp.so[0m
[7.831s] [ 73%] Built target messages_package__rosidl_typesupport_introspection_cpp
[7.901s] [ 73%] Built target messages_package__rosidl_typesupport_fastrtps_cpp
[7.913s] [ 74%] [34m[1mGenerating C type support for eProsima Fast-RTPS[0m
[8.878s] [35m[1mScanning dependencies of target messages_package__rosidl_typesupport_fastrtps_c[0m
[8.916s] [ 74%] [32mBuilding CXX object CMakeFiles/messages_package__rosidl_typesupport_fastrtps_c.dir/rosidl_typesupport_fastrtps_c/messages_package/msg/detail/coordinates__type_support_c.cpp.o[0m
[8.917s] [ 75%] [32mBuilding CXX object CMakeFiles/messages_package__rosidl_typesupport_fastrtps_c.dir/rosidl_typesupport_fastrtps_c/messages_package/msg/detail/delivery__type_support_c.cpp.o[0m
[8.917s] [ 76%] [32mBuilding CXX object CMakeFiles/messages_package__rosidl_typesupport_fastrtps_c.dir/rosidl_typesupport_fastrtps_c/messages_package/msg/detail/item__type_support_c.cpp.o[0m
[8.917s] [ 77%] [32mBuilding CXX object CMakeFiles/messages_package__rosidl_typesupport_fastrtps_c.dir/rosidl_typesupport_fastrtps_c/messages_package/msg/detail/map__type_support_c.cpp.o[0m
[8.917s] [ 78%] [32mBuilding CXX object CMakeFiles/messages_package__rosidl_typesupport_fastrtps_c.dir/rosidl_typesupport_fastrtps_c/messages_package/msg/detail/row__type_support_c.cpp.o[0m
[8.918s] [ 78%] [32mBuilding CXX object CMakeFiles/messages_package__rosidl_typesupport_fastrtps_c.dir/rosidl_typesupport_fastrtps_c/messages_package/msg/detail/robot_location__type_support_c.cpp.o[0m
[8.918s] [ 78%] [32mBuilding CXX object CMakeFiles/messages_package__rosidl_typesupport_fastrtps_c.dir/rosidl_typesupport_fastrtps_c/messages_package/msg/detail/robot_state__type_support_c.cpp.o[0m
[8.918s] [ 79%] [32mBuilding CXX object CMakeFiles/messages_package__rosidl_typesupport_fastrtps_c.dir/rosidl_typesupport_fastrtps_c/messages_package/msg/detail/robot_distance__type_support_c.cpp.o[0m
[8.925s] [ 79%] [32mBuilding CXX object CMakeFiles/messages_package__rosidl_typesupport_fastrtps_c.dir/rosidl_typesupport_fastrtps_c/messages_package/action/detail/charge_robot__type_support_c.cpp.o[0m
[8.926s] [ 80%] [32mBuilding CXX object CMakeFiles/messages_package__rosidl_typesupport_fastrtps_c.dir/rosidl_typesupport_fastrtps_c/messages_package/srv/detail/pick_up_item__type_support_c.cpp.o[0m
[8.930s] [ 81%] [32mBuilding CXX object CMakeFiles/messages_package__rosidl_typesupport_fastrtps_c.dir/rosidl_typesupport_fastrtps_c/messages_package/srv/detail/put_down_item__type_support_c.cpp.o[0m
[8.931s] [ 82%] [32mBuilding CXX object CMakeFiles/messages_package__rosidl_typesupport_fastrtps_c.dir/rosidl_typesupport_fastrtps_c/messages_package/srv/detail/delivery__type_support_c.cpp.o[0m
[9.565s] [ 83%] [32mBuilding CXX object CMakeFiles/messages_package__rosidl_typesupport_fastrtps_c.dir/rosidl_typesupport_fastrtps_c/messages_package/action/detail/move_item__type_support_c.cpp.o[0m
[9.582s] [ 84%] [32mBuilding CXX object CMakeFiles/messages_package__rosidl_typesupport_fastrtps_c.dir/rosidl_typesupport_fastrtps_c/messages_package/action/detail/order__type_support_c.cpp.o[0m
[10.053s] [ 85%] [32m[1mLinking CXX shared library libmessages_package__rosidl_typesupport_fastrtps_c.so[0m
[10.141s] [ 85%] Built target messages_package__rosidl_typesupport_fastrtps_c
[10.159s] [ 85%] Built target messages_package
[10.179s] [ 85%] [34m[1mGenerating Python code for ROS interfaces[0m
[12.681s] [ 85%] Built target messages_package__py
[12.695s] [35m[1mScanning dependencies of target messages_package__python[0m
[12.737s] [ 86%] [32mBuilding C object CMakeFiles/messages_package__python.dir/rosidl_generator_py/messages_package/msg/_delivery_s.c.o[0m
[12.738s] [ 87%] [32mBuilding C object CMakeFiles/messages_package__python.dir/rosidl_generator_py/messages_package/msg/_robot_location_s.c.o[0m
[12.739s] [ 88%] [32mBuilding C object CMakeFiles/messages_package__python.dir/rosidl_generator_py/messages_package/msg/_coordinates_s.c.o[0m
[12.739s] [ 88%] [32mBuilding C object CMakeFiles/messages_package__python.dir/rosidl_generator_py/messages_package/msg/_robot_distance_s.c.o[0m
[12.740s] [ 90%] [32mBuilding C object CMakeFiles/messages_package__python.dir/rosidl_generator_py/messages_package/msg/_map_s.c.o[0m
[12.740s] [ 90%] [32mBuilding C object CMakeFiles/messages_package__python.dir/rosidl_generator_py/messages_package/msg/_item_s.c.o[0m
[12.742s] [ 91%] [32mBuilding C object CMakeFiles/messages_package__python.dir/rosidl_generator_py/messages_package/srv/_delivery_s.c.o[0m
[12.745s] [ 91%] [32mBuilding C object CMakeFiles/messages_package__python.dir/rosidl_generator_py/messages_package/srv/_put_down_item_s.c.o[0m
[12.745s] [ 91%] [32mBuilding C object CMakeFiles/messages_package__python.dir/rosidl_generator_py/messages_package/msg/_robot_state_s.c.o[0m
[12.750s] [ 92%] [32mBuilding C object CMakeFiles/messages_package__python.dir/rosidl_generator_py/messages_package/action/_charge_robot_s.c.o[0m
[12.751s] [ 93%] [32mBuilding C object CMakeFiles/messages_package__python.dir/rosidl_generator_py/messages_package/msg/_row_s.c.o[0m
[12.755s] [ 94%] [32mBuilding C object CMakeFiles/messages_package__python.dir/rosidl_generator_py/messages_package/srv/_pick_up_item_s.c.o[0m
[12.941s] [ 95%] [32mBuilding C object CMakeFiles/messages_package__python.dir/rosidl_generator_py/messages_package/action/_move_item_s.c.o[0m
[12.944s] [ 96%] [32mBuilding C object CMakeFiles/messages_package__python.dir/rosidl_generator_py/messages_package/action/_order_s.c.o[0m
[13.071s] [ 96%] [32m[1mLinking C shared library rosidl_generator_py/messages_package/libmessages_package__python.so[0m
[13.116s] [ 96%] Built target messages_package__python
[13.127s] [35m[1mScanning dependencies of target messages_package__rosidl_typesupport_c__pyext[0m
[13.127s] [35m[1mScanning dependencies of target messages_package__rosidl_typesupport_introspection_c__pyext[0m
[13.128s] [35m[1mScanning dependencies of target messages_package__rosidl_typesupport_fastrtps_c__pyext[0m
[13.148s] [ 96%] [32mBuilding C object CMakeFiles/messages_package__rosidl_typesupport_c__pyext.dir/rosidl_generator_py/messages_package/_messages_package_s.ep.rosidl_typesupport_c.c.o[0m
[13.148s] [ 97%] [32mBuilding C object CMakeFiles/messages_package__rosidl_typesupport_introspection_c__pyext.dir/rosidl_generator_py/messages_package/_messages_package_s.ep.rosidl_typesupport_introspection_c.c.o[0m
[13.155s] [ 97%] [32mBuilding C object CMakeFiles/messages_package__rosidl_typesupport_fastrtps_c__pyext.dir/rosidl_generator_py/messages_package/_messages_package_s.ep.rosidl_typesupport_fastrtps_c.c.o[0m
[13.351s] [ 98%] [32m[1mLinking C shared library rosidl_generator_py/messages_package/messages_package_s__rosidl_typesupport_introspection_c.cpython-38-x86_64-linux-gnu.so[0m
[13.356s] [ 99%] [32m[1mLinking C shared library rosidl_generator_py/messages_package/messages_package_s__rosidl_typesupport_c.cpython-38-x86_64-linux-gnu.so[0m
[13.363s] [100%] [32m[1mLinking CXX shared library rosidl_generator_py/messages_package/messages_package_s__rosidl_typesupport_fastrtps_c.cpython-38-x86_64-linux-gnu.so[0m
[13.397s] [100%] Built target messages_package__rosidl_typesupport_introspection_c__pyext
[13.400s] [100%] Built target messages_package__rosidl_typesupport_c__pyext
[13.436s] [100%] Built target messages_package__rosidl_typesupport_fastrtps_c__pyext
[13.448s] Invoked command in '/home/sam/AST_Robot_Warehouse/build/messages_package' returned '0': CMAKE_PREFIX_PATH=${CMAKE_PREFIX_PATH}:/home/sam/AST_Robot_Warehouse/install/warehouse_robot_package:/home/sam/AST_Robot_Warehouse/install/py_srvcli:/home/sam/AST_Robot_Warehouse/install/py_pubsub:/opt/ros/foxy /usr/bin/cmake --build /home/sam/AST_Robot_Warehouse/build/messages_package -- -j12 -l12
[13.655s] Invoking command in '/home/sam/AST_Robot_Warehouse/build/messages_package': CMAKE_PREFIX_PATH=${CMAKE_PREFIX_PATH}:/home/sam/AST_Robot_Warehouse/install/warehouse_robot_package:/home/sam/AST_Robot_Warehouse/install/py_srvcli:/home/sam/AST_Robot_Warehouse/install/py_pubsub:/opt/ros/foxy /usr/bin/cmake --install /home/sam/AST_Robot_Warehouse/build/messages_package
[13.663s] -- Install configuration: ""
[13.663s] -- Up-to-date: /home/sam/AST_Robot_Warehouse/install/messages_package/lib/messages_package/messages_node
[13.663s] -- Up-to-date: /home/sam/AST_Robot_Warehouse/install/messages_package/share/ament_index/resource_index/rosidl_interfaces/messages_package
[13.663s] -- Up-to-date: /home/sam/AST_Robot_Warehouse/install/messages_package/include/messages_package
[13.663s] -- Up-to-date: /home/sam/AST_Robot_Warehouse/install/messages_package/include/messages_package/action
[13.663s] -- Installing: /home/sam/AST_Robot_Warehouse/install/messages_package/include/messages_package/action/move_item.h
[13.664s] -- Installing: /home/sam/AST_Robot_Warehouse/install/messages_package/include/messages_package/action/charge_robot.h
[13.664s] -- Up-to-date: /home/sam/AST_Robot_Warehouse/install/messages_package/include/messages_package/action/detail
[13.664s] -- Installing: /home/sam/AST_Robot_Warehouse/install/messages_package/include/messages_package/action/detail/order__type_support.h
[13.664s] -- Installing: /home/sam/AST_Robot_Warehouse/install/messages_package/include/messages_package/action/detail/charge_robot__struct.h
[13.664s] -- Installing: /home/sam/AST_Robot_Warehouse/install/messages_package/include/messages_package/action/detail/move_item__functions.c
[13.664s] -- Installing: /home/sam/AST_Robot_Warehouse/install/messages_package/include/messages_package/action/detail/order__struct.h
[13.664s] -- Installing: /home/sam/AST_Robot_Warehouse/install/messages_package/include/messages_package/action/detail/move_item__functions.h
[13.664s] -- Installing: /home/sam/AST_Robot_Warehouse/install/messages_package/include/messages_package/action/detail/move_item__struct.h
[13.664s] -- Installing: /home/sam/AST_Robot_Warehouse/install/messages_package/include/messages_package/action/detail/charge_robot__functions.c
[13.664s] -- Installing: /home/sam/AST_Robot_Warehouse/install/messages_package/include/messages_package/action/detail/charge_robot__type_support.h
[13.664s] -- Installing: /home/sam/AST_Robot_Warehouse/install/messages_package/include/messages_package/action/detail/order__functions.h
[13.665s] -- Installing: /home/sam/AST_Robot_Warehouse/install/messages_package/include/messages_package/action/detail/order__functions.c
[13.665s] -- Installing: /home/sam/AST_Robot_Warehouse/install/messages_package/include/messages_package/action/detail/charge_robot__functions.h
[13.665s] -- Installing: /home/sam/AST_Robot_Warehouse/install/messages_package/include/messages_package/action/detail/move_item__type_support.h
[13.665s] -- Installing: /home/sam/AST_Robot_Warehouse/install/messages_package/include/messages_package/action/order.h
[13.665s] -- Up-to-date: /home/sam/AST_Robot_Warehouse/install/messages_package/include/messages_package/srv
[13.665s] -- Installing: /home/sam/AST_Robot_Warehouse/install/messages_package/include/messages_package/srv/put_down_item.h
[13.665s] -- Installing: /home/sam/AST_Robot_Warehouse/install/messages_package/include/messages_package/srv/delivery.h
[13.665s] -- Installing: /home/sam/AST_Robot_Warehouse/install/messages_package/include/messages_package/srv/pick_up_item.h
[13.666s] -- Up-to-date: /home/sam/AST_Robot_Warehouse/install/messages_package/include/messages_package/srv/detail
[13.666s] -- Installing: /home/sam/AST_Robot_Warehouse/install/messages_package/include/messages_package/srv/detail/put_down_item__type_support.h
[13.666s] -- Installing: /home/sam/AST_Robot_Warehouse/install/messages_package/include/messages_package/srv/detail/delivery__functions.h
[13.666s] -- Installing: /home/sam/AST_Robot_Warehouse/install/messages_package/include/messages_package/srv/detail/pick_up_item__functions.h
[13.666s] -- Installing: /home/sam/AST_Robot_Warehouse/install/messages_package/include/messages_package/srv/detail/put_down_item__struct.h
[13.666s] -- Installing: /home/sam/AST_Robot_Warehouse/install/messages_package/include/messages_package/srv/detail/pick_up_item__struct.h
[13.666s] -- Installing: /home/sam/AST_Robot_Warehouse/install/messages_package/include/messages_package/srv/detail/put_down_item__functions.c
[13.666s] -- Installing: /home/sam/AST_Robot_Warehouse/install/messages_package/include/messages_package/srv/detail/pick_up_item__type_support.h
[13.666s] -- Installing: /home/sam/AST_Robot_Warehouse/install/messages_package/include/messages_package/srv/detail/delivery__type_support.h
[13.667s] -- Installing: /home/sam/AST_Robot_Warehouse/install/messages_package/include/messages_package/srv/detail/put_down_item__functions.h
[13.667s] -- Installing: /home/sam/AST_Robot_Warehouse/install/messages_package/include/messages_package/srv/detail/delivery__functions.c
[13.667s] -- Installing: /home/sam/AST_Robot_Warehouse/install/messages_package/include/messages_package/srv/detail/pick_up_item__functions.c
[13.667s] -- Installing: /home/sam/AST_Robot_Warehouse/install/messages_package/include/messages_package/srv/detail/delivery__struct.h
[13.667s] -- Up-to-date: /home/sam/AST_Robot_Warehouse/install/messages_package/include/messages_package/msg
[13.667s] -- Up-to-date: /home/sam/AST_Robot_Warehouse/install/messages_package/include/messages_package/msg/rosidl_generator_c__visibility_control.h
[13.667s] -- Installing: /home/sam/AST_Robot_Warehouse/install/messages_package/include/messages_package/msg/coordinates.h
[13.667s] -- Installing: /home/sam/AST_Robot_Warehouse/install/messages_package/include/messages_package/msg/row.h
[13.667s] -- Installing: /home/sam/AST_Robot_Warehouse/install/messages_package/include/messages_package/msg/map.h
[13.667s] -- Installing: /home/sam/AST_Robot_Warehouse/install/messages_package/include/messages_package/msg/robot_location.h
[13.667s] -- Installing: /home/sam/AST_Robot_Warehouse/install/messages_package/include/messages_package/msg/robot_distance.h
[13.668s] -- Installing: /home/sam/AST_Robot_Warehouse/install/messages_package/include/messages_package/msg/robot_state.h
[13.668s] -- Installing: /home/sam/AST_Robot_Warehouse/install/messages_package/include/messages_package/msg/item.h
[13.668s] -- Installing: /home/sam/AST_Robot_Warehouse/install/messages_package/include/messages_package/msg/delivery.h
[13.668s] -- Up-to-date: /home/sam/AST_Robot_Warehouse/install/messages_package/include/messages_package/msg/detail
[13.668s] -- Installing: /home/sam/AST_Robot_Warehouse/install/messages_package/include/messages_package/msg/detail/robot_distance__functions.c
[13.668s] -- Installing: /home/sam/AST_Robot_Warehouse/install/messages_package/include/messages_package/msg/detail/robot_location__functions.c
[13.668s] -- Installing: /home/sam/AST_Robot_Warehouse/install/messages_package/include/messages_package/msg/detail/delivery__functions.h
[13.669s] -- Installing: /home/sam/AST_Robot_Warehouse/install/messages_package/include/messages_package/msg/detail/coordinates__functions.c
[13.669s] -- Installing: /home/sam/AST_Robot_Warehouse/install/messages_package/include/messages_package/msg/detail/robot_state__functions.h
[13.669s] -- Installing: /home/sam/AST_Robot_Warehouse/install/messages_package/include/messages_package/msg/detail/row__functions.c
[13.669s] -- Installing: /home/sam/AST_Robot_Warehouse/install/messages_package/include/messages_package/msg/detail/robot_location__functions.h
[13.669s] -- Installing: /home/sam/AST_Robot_Warehouse/install/messages_package/include/messages_package/msg/detail/map__functions.h
[13.669s] -- Installing: /home/sam/AST_Robot_Warehouse/install/messages_package/include/messages_package/msg/detail/item__functions.h
[13.669s] -- Installing: /home/sam/AST_Robot_Warehouse/install/messages_package/include/messages_package/msg/detail/map__type_support.h
[13.670s] -- Installing: /home/sam/AST_Robot_Warehouse/install/messages_package/include/messages_package/msg/detail/item__struct.h
[13.670s] -- Installing: /home/sam/AST_Robot_Warehouse/install/messages_package/include/messages_package/msg/detail/delivery__type_support.h
[13.670s] -- Installing: /home/sam/AST_Robot_Warehouse/install/messages_package/include/messages_package/msg/detail/delivery__functions.c
[13.670s] -- Installing: /home/sam/AST_Robot_Warehouse/install/messages_package/include/messages_package/msg/detail/coordinates__type_support.h
[13.670s] -- Installing: /home/sam/AST_Robot_Warehouse/install/messages_package/include/messages_package/msg/detail/robot_state__functions.c
[13.670s] -- Installing: /home/sam/AST_Robot_Warehouse/install/messages_package/include/messages_package/msg/detail/robot_location__type_support.h
[13.670s] -- Installing: /home/sam/AST_Robot_Warehouse/install/messages_package/include/messages_package/msg/detail/map__functions.c
[13.670s] -- Installing: /home/sam/AST_Robot_Warehouse/install/messages_package/include/messages_package/msg/detail/delivery__struct.h
[13.670s] -- Installing: /home/sam/AST_Robot_Warehouse/install/messages_package/include/messages_package/msg/detail/robot_location__struct.h
[13.670s] -- Installing: /home/sam/AST_Robot_Warehouse/install/messages_package/include/messages_package/msg/detail/robot_state__struct.h
[13.670s] -- Installing: /home/sam/AST_Robot_Warehouse/install/messages_package/include/messages_package/msg/detail/robot_distance__type_support.h
[13.671s] -- Installing: /home/sam/AST_Robot_Warehouse/install/messages_package/include/messages_package/msg/detail/row__functions.h
[13.671s] -- Installing: /home/sam/AST_Robot_Warehouse/install/messages_package/include/messages_package/msg/detail/robot_state__type_support.h
[13.671s] -- Installing: /home/sam/AST_Robot_Warehouse/install/messages_package/include/messages_package/msg/detail/coordinates__struct.h
[13.671s] -- Installing: /home/sam/AST_Robot_Warehouse/install/messages_package/include/messages_package/msg/detail/robot_distance__functions.h
[13.671s] -- Installing: /home/sam/AST_Robot_Warehouse/install/messages_package/include/messages_package/msg/detail/item__type_support.h
[13.671s] -- Installing: /home/sam/AST_Robot_Warehouse/install/messages_package/include/messages_package/msg/detail/row__type_support.h
[13.671s] -- Installing: /home/sam/AST_Robot_Warehouse/install/messages_package/include/messages_package/msg/detail/item__functions.c
[13.671s] -- Installing: /home/sam/AST_Robot_Warehouse/install/messages_package/include/messages_package/msg/detail/coordinates__functions.h
[13.671s] -- Installing: /home/sam/AST_Robot_Warehouse/install/messages_package/include/messages_package/msg/detail/row__struct.h
[13.672s] -- Installing: /home/sam/AST_Robot_Warehouse/install/messages_package/include/messages_package/msg/detail/robot_distance__struct.h
[13.672s] -- Installing: /home/sam/AST_Robot_Warehouse/install/messages_package/include/messages_package/msg/detail/map__struct.h
[13.672s] -- Up-to-date: /home/sam/AST_Robot_Warehouse/install/messages_package/share/messages_package/environment/library_path.sh
[13.672s] -- Installing: /home/sam/AST_Robot_Warehouse/install/messages_package/share/messages_package/environment/library_path.dsv
[13.672s] -- Installing: /home/sam/AST_Robot_Warehouse/install/messages_package/lib/libmessages_package__rosidl_generator_c.so
[13.673s] -- Set runtime path of "/home/sam/AST_Robot_Warehouse/install/messages_package/lib/libmessages_package__rosidl_generator_c.so" to ""
[13.673s] -- Up-to-date: /home/sam/AST_Robot_Warehouse/install/messages_package/include/messages_package
[13.673s] -- Up-to-date: /home/sam/AST_Robot_Warehouse/install/messages_package/include/messages_package/action
[13.673s] -- Up-to-date: /home/sam/AST_Robot_Warehouse/install/messages_package/include/messages_package/action/detail
[13.673s] -- Installing: /home/sam/AST_Robot_Warehouse/install/messages_package/include/messages_package/action/detail/order__rosidl_typesupport_fastrtps_c.h
[13.673s] -- Installing: /home/sam/AST_Robot_Warehouse/install/messages_package/include/messages_package/action/detail/charge_robot__rosidl_typesupport_fastrtps_c.h
[13.673s] -- Installing: /home/sam/AST_Robot_Warehouse/install/messages_package/include/messages_package/action/detail/move_item__rosidl_typesupport_fastrtps_c.h
[13.674s] -- Up-to-date: /home/sam/AST_Robot_Warehouse/install/messages_package/include/messages_package/srv
[13.674s] -- Up-to-date: /home/sam/AST_Robot_Warehouse/install/messages_package/include/messages_package/srv/detail
[13.674s] -- Installing: /home/sam/AST_Robot_Warehouse/install/messages_package/include/messages_package/srv/detail/put_down_item__rosidl_typesupport_fastrtps_c.h
[13.674s] -- Installing: /home/sam/AST_Robot_Warehouse/install/messages_package/include/messages_package/srv/detail/pick_up_item__rosidl_typesupport_fastrtps_c.h
[13.674s] -- Installing: /home/sam/AST_Robot_Warehouse/install/messages_package/include/messages_package/srv/detail/delivery__rosidl_typesupport_fastrtps_c.h
[13.674s] -- Up-to-date: /home/sam/AST_Robot_Warehouse/install/messages_package/include/messages_package/msg
[13.674s] -- Up-to-date: /home/sam/AST_Robot_Warehouse/install/messages_package/include/messages_package/msg/rosidl_typesupport_fastrtps_c__visibility_control.h
[13.674s] -- Up-to-date: /home/sam/AST_Robot_Warehouse/install/messages_package/include/messages_package/msg/detail
[13.674s] -- Installing: /home/sam/AST_Robot_Warehouse/install/messages_package/include/messages_package/msg/detail/robot_distance__rosidl_typesupport_fastrtps_c.h
[13.674s] -- Installing: /home/sam/AST_Robot_Warehouse/install/messages_package/include/messages_package/msg/detail/coordinates__rosidl_typesupport_fastrtps_c.h
[13.674s] -- Installing: /home/sam/AST_Robot_Warehouse/install/messages_package/include/messages_package/msg/detail/robot_location__rosidl_typesupport_fastrtps_c.h
[13.674s] -- Installing: /home/sam/AST_Robot_Warehouse/install/messages_package/include/messages_package/msg/detail/item__rosidl_typesupport_fastrtps_c.h
[13.674s] -- Installing: /home/sam/AST_Robot_Warehouse/install/messages_package/include/messages_package/msg/detail/robot_state__rosidl_typesupport_fastrtps_c.h
[13.675s] -- Installing: /home/sam/AST_Robot_Warehouse/install/messages_package/include/messages_package/msg/detail/delivery__rosidl_typesupport_fastrtps_c.h
[13.675s] -- Installing: /home/sam/AST_Robot_Warehouse/install/messages_package/include/messages_package/msg/detail/row__rosidl_typesupport_fastrtps_c.h
[13.675s] -- Installing: /home/sam/AST_Robot_Warehouse/install/messages_package/include/messages_package/msg/detail/map__rosidl_typesupport_fastrtps_c.h
[13.675s] -- Installing: /home/sam/AST_Robot_Warehouse/install/messages_package/lib/libmessages_package__rosidl_typesupport_fastrtps_c.so
[13.676s] -- Set runtime path of "/home/sam/AST_Robot_Warehouse/install/messages_package/lib/libmessages_package__rosidl_typesupport_fastrtps_c.so" to ""
[13.676s] -- Up-to-date: /home/sam/AST_Robot_Warehouse/install/messages_package/include/messages_package
[13.676s] -- Up-to-date: /home/sam/AST_Robot_Warehouse/install/messages_package/include/messages_package/action
[13.676s] -- Up-to-date: /home/sam/AST_Robot_Warehouse/install/messages_package/include/messages_package/action/detail
[13.676s] -- Installing: /home/sam/AST_Robot_Warehouse/install/messages_package/include/messages_package/action/detail/order__rosidl_typesupport_fastrtps_cpp.hpp
[13.676s] -- Installing: /home/sam/AST_Robot_Warehouse/install/messages_package/include/messages_package/action/detail/charge_robot__rosidl_typesupport_fastrtps_cpp.hpp
[13.676s] -- Up-to-date: /home/sam/AST_Robot_Warehouse/install/messages_package/include/messages_package/action/detail/dds_fastrtps
[13.677s] -- Installing: /home/sam/AST_Robot_Warehouse/install/messages_package/include/messages_package/action/detail/move_item__rosidl_typesupport_fastrtps_cpp.hpp
[13.677s] -- Up-to-date: /home/sam/AST_Robot_Warehouse/install/messages_package/include/messages_package/srv
[13.677s] -- Up-to-date: /home/sam/AST_Robot_Warehouse/install/messages_package/include/messages_package/srv/detail
[13.677s] -- Installing: /home/sam/AST_Robot_Warehouse/install/messages_package/include/messages_package/srv/detail/pick_up_item__rosidl_typesupport_fastrtps_cpp.hpp
[13.677s] -- Installing: /home/sam/AST_Robot_Warehouse/install/messages_package/include/messages_package/srv/detail/put_down_item__rosidl_typesupport_fastrtps_cpp.hpp
[13.677s] -- Up-to-date: /home/sam/AST_Robot_Warehouse/install/messages_package/include/messages_package/srv/detail/dds_fastrtps
[13.677s] -- Installing: /home/sam/AST_Robot_Warehouse/install/messages_package/include/messages_package/srv/detail/delivery__rosidl_typesupport_fastrtps_cpp.hpp
[13.677s] -- Up-to-date: /home/sam/AST_Robot_Warehouse/install/messages_package/include/messages_package/msg
[13.677s] -- Up-to-date: /home/sam/AST_Robot_Warehouse/install/messages_package/include/messages_package/msg/rosidl_typesupport_fastrtps_cpp__visibility_control.h
[13.678s] -- Up-to-date: /home/sam/AST_Robot_Warehouse/install/messages_package/include/messages_package/msg/detail
[13.678s] -- Installing: /home/sam/AST_Robot_Warehouse/install/messages_package/include/messages_package/msg/detail/coordinates__rosidl_typesupport_fastrtps_cpp.hpp
[13.678s] -- Installing: /home/sam/AST_Robot_Warehouse/install/messages_package/include/messages_package/msg/detail/map__rosidl_typesupport_fastrtps_cpp.hpp
[13.678s] -- Installing: /home/sam/AST_Robot_Warehouse/install/messages_package/include/messages_package/msg/detail/row__rosidl_typesupport_fastrtps_cpp.hpp
[13.678s] -- Installing: /home/sam/AST_Robot_Warehouse/install/messages_package/include/messages_package/msg/detail/item__rosidl_typesupport_fastrtps_cpp.hpp
[13.678s] -- Up-to-date: /home/sam/AST_Robot_Warehouse/install/messages_package/include/messages_package/msg/detail/dds_fastrtps
[13.678s] -- Installing: /home/sam/AST_Robot_Warehouse/install/messages_package/include/messages_package/msg/detail/robot_distance__rosidl_typesupport_fastrtps_cpp.hpp
[13.678s] -- Installing: /home/sam/AST_Robot_Warehouse/install/messages_package/include/messages_package/msg/detail/delivery__rosidl_typesupport_fastrtps_cpp.hpp
[13.678s] -- Installing: /home/sam/AST_Robot_Warehouse/install/messages_package/include/messages_package/msg/detail/robot_state__rosidl_typesupport_fastrtps_cpp.hpp
[13.679s] -- Installing: /home/sam/AST_Robot_Warehouse/install/messages_package/include/messages_package/msg/detail/robot_location__rosidl_typesupport_fastrtps_cpp.hpp
[13.679s] -- Installing: /home/sam/AST_Robot_Warehouse/install/messages_package/lib/libmessages_package__rosidl_typesupport_fastrtps_cpp.so
[13.680s] -- Set runtime path of "/home/sam/AST_Robot_Warehouse/install/messages_package/lib/libmessages_package__rosidl_typesupport_fastrtps_cpp.so" to ""
[13.680s] -- Up-to-date: /home/sam/AST_Robot_Warehouse/install/messages_package/include/messages_package
[13.680s] -- Up-to-date: /home/sam/AST_Robot_Warehouse/install/messages_package/include/messages_package/action
[13.680s] -- Up-to-date: /home/sam/AST_Robot_Warehouse/install/messages_package/include/messages_package/action/detail
[13.680s] -- Installing: /home/sam/AST_Robot_Warehouse/install/messages_package/include/messages_package/action/detail/charge_robot__rosidl_typesupport_introspection_c.h
[13.680s] -- Installing: /home/sam/AST_Robot_Warehouse/install/messages_package/include/messages_package/action/detail/charge_robot__type_support.c
[13.680s] -- Installing: /home/sam/AST_Robot_Warehouse/install/messages_package/include/messages_package/action/detail/move_item__type_support.c
[13.680s] -- Installing: /home/sam/AST_Robot_Warehouse/install/messages_package/include/messages_package/action/detail/move_item__rosidl_typesupport_introspection_c.h
[13.680s] -- Installing: /home/sam/AST_Robot_Warehouse/install/messages_package/include/messages_package/action/detail/order__rosidl_typesupport_introspection_c.h
[13.681s] -- Installing: /home/sam/AST_Robot_Warehouse/install/messages_package/include/messages_package/action/detail/order__type_support.c
[13.681s] -- Up-to-date: /home/sam/AST_Robot_Warehouse/install/messages_package/include/messages_package/srv
[13.681s] -- Up-to-date: /home/sam/AST_Robot_Warehouse/install/messages_package/include/messages_package/srv/detail
[13.681s] -- Installing: /home/sam/AST_Robot_Warehouse/install/messages_package/include/messages_package/srv/detail/delivery__rosidl_typesupport_introspection_c.h
[13.681s] -- Installing: /home/sam/AST_Robot_Warehouse/install/messages_package/include/messages_package/srv/detail/delivery__type_support.c
[13.681s] -- Installing: /home/sam/AST_Robot_Warehouse/install/messages_package/include/messages_package/srv/detail/pick_up_item__rosidl_typesupport_introspection_c.h
[13.681s] -- Installing: /home/sam/AST_Robot_Warehouse/install/messages_package/include/messages_package/srv/detail/pick_up_item__type_support.c
[13.681s] -- Installing: /home/sam/AST_Robot_Warehouse/install/messages_package/include/messages_package/srv/detail/put_down_item__rosidl_typesupport_introspection_c.h
[13.682s] -- Installing: /home/sam/AST_Robot_Warehouse/install/messages_package/include/messages_package/srv/detail/put_down_item__type_support.c
[13.682s] -- Up-to-date: /home/sam/AST_Robot_Warehouse/install/messages_package/include/messages_package/msg
[13.682s] -- Up-to-date: /home/sam/AST_Robot_Warehouse/install/messages_package/include/messages_package/msg/rosidl_typesupport_introspection_c__visibility_control.h
[13.682s] -- Up-to-date: /home/sam/AST_Robot_Warehouse/install/messages_package/include/messages_package/msg/detail
[13.682s] -- Installing: /home/sam/AST_Robot_Warehouse/install/messages_package/include/messages_package/msg/detail/map__rosidl_typesupport_introspection_c.h
[13.682s] -- Installing: /home/sam/AST_Robot_Warehouse/install/messages_package/include/messages_package/msg/detail/robot_distance__rosidl_typesupport_introspection_c.h
[13.682s] -- Installing: /home/sam/AST_Robot_Warehouse/install/messages_package/include/messages_package/msg/detail/coordinates__rosidl_typesupport_introspection_c.h
[13.682s] -- Installing: /home/sam/AST_Robot_Warehouse/install/messages_package/include/messages_package/msg/detail/robot_distance__type_support.c
[13.682s] -- Installing: /home/sam/AST_Robot_Warehouse/install/messages_package/include/messages_package/msg/detail/delivery__rosidl_typesupport_introspection_c.h
[13.683s] -- Installing: /home/sam/AST_Robot_Warehouse/install/messages_package/include/messages_package/msg/detail/delivery__type_support.c
[13.683s] -- Installing: /home/sam/AST_Robot_Warehouse/install/messages_package/include/messages_package/msg/detail/item__type_support.c
[13.683s] -- Installing: /home/sam/AST_Robot_Warehouse/install/messages_package/include/messages_package/msg/detail/robot_state__type_support.c
[13.683s] -- Installing: /home/sam/AST_Robot_Warehouse/install/messages_package/include/messages_package/msg/detail/robot_location__rosidl_typesupport_introspection_c.h
[13.683s] -- Installing: /home/sam/AST_Robot_Warehouse/install/messages_package/include/messages_package/msg/detail/robot_state__rosidl_typesupport_introspection_c.h
[13.683s] -- Installing: /home/sam/AST_Robot_Warehouse/install/messages_package/include/messages_package/msg/detail/coordinates__type_support.c
[13.683s] -- Installing: /home/sam/AST_Robot_Warehouse/install/messages_package/include/messages_package/msg/detail/row__rosidl_typesupport_introspection_c.h
[13.684s] -- Installing: /home/sam/AST_Robot_Warehouse/install/messages_package/include/messages_package/msg/detail/item__rosidl_typesupport_introspection_c.h
[13.684s] -- Installing: /home/sam/AST_Robot_Warehouse/install/messages_package/include/messages_package/msg/detail/map__type_support.c
[13.684s] -- Installing: /home/sam/AST_Robot_Warehouse/install/messages_package/include/messages_package/msg/detail/robot_location__type_support.c
[13.684s] -- Installing: /home/sam/AST_Robot_Warehouse/install/messages_package/include/messages_package/msg/detail/row__type_support.c
[13.684s] -- Installing: /home/sam/AST_Robot_Warehouse/install/messages_package/lib/libmessages_package__rosidl_typesupport_introspection_c.so
[13.685s] -- Set runtime path of "/home/sam/AST_Robot_Warehouse/install/messages_package/lib/libmessages_package__rosidl_typesupport_introspection_c.so" to ""
[13.685s] -- Installing: /home/sam/AST_Robot_Warehouse/install/messages_package/lib/libmessages_package__rosidl_typesupport_c.so
[13.686s] -- Set runtime path of "/home/sam/AST_Robot_Warehouse/install/messages_package/lib/libmessages_package__rosidl_typesupport_c.so" to ""
[13.686s] -- Up-to-date: /home/sam/AST_Robot_Warehouse/install/messages_package/include/messages_package
[13.686s] -- Up-to-date: /home/sam/AST_Robot_Warehouse/install/messages_package/include/messages_package/action
[13.686s] -- Installing: /home/sam/AST_Robot_Warehouse/install/messages_package/include/messages_package/action/charge_robot.hpp
[13.686s] -- Installing: /home/sam/AST_Robot_Warehouse/install/messages_package/include/messages_package/action/order.hpp
[13.686s] -- Installing: /home/sam/AST_Robot_Warehouse/install/messages_package/include/messages_package/action/move_item.hpp
[13.686s] -- Up-to-date: /home/sam/AST_Robot_Warehouse/install/messages_package/include/messages_package/action/detail
[13.686s] -- Installing: /home/sam/AST_Robot_Warehouse/install/messages_package/include/messages_package/action/detail/order__struct.hpp
[13.686s] -- Installing: /home/sam/AST_Robot_Warehouse/install/messages_package/include/messages_package/action/detail/charge_robot__struct.hpp
[13.687s] -- Installing: /home/sam/AST_Robot_Warehouse/install/messages_package/include/messages_package/action/detail/charge_robot__builder.hpp
[13.687s] -- Installing: /home/sam/AST_Robot_Warehouse/install/messages_package/include/messages_package/action/detail/charge_robot__traits.hpp
[13.687s] -- Installing: /home/sam/AST_Robot_Warehouse/install/messages_package/include/messages_package/action/detail/move_item__traits.hpp
[13.687s] -- Installing: /home/sam/AST_Robot_Warehouse/install/messages_package/include/messages_package/action/detail/order__traits.hpp
[13.687s] -- Installing: /home/sam/AST_Robot_Warehouse/install/messages_package/include/messages_package/action/detail/move_item__builder.hpp
[13.687s] -- Installing: /home/sam/AST_Robot_Warehouse/install/messages_package/include/messages_package/action/detail/move_item__struct.hpp
[13.687s] -- Installing: /home/sam/AST_Robot_Warehouse/install/messages_package/include/messages_package/action/detail/order__builder.hpp
[13.688s] -- Up-to-date: /home/sam/AST_Robot_Warehouse/install/messages_package/include/messages_package/srv
[13.688s] -- Installing: /home/sam/AST_Robot_Warehouse/install/messages_package/include/messages_package/srv/pick_up_item.hpp
[13.688s] -- Installing: /home/sam/AST_Robot_Warehouse/install/messages_package/include/messages_package/srv/delivery.hpp
[13.688s] -- Up-to-date: /home/sam/AST_Robot_Warehouse/install/messages_package/include/messages_package/srv/detail
[13.688s] -- Installing: /home/sam/AST_Robot_Warehouse/install/messages_package/include/messages_package/srv/detail/pick_up_item__traits.hpp
[13.688s] -- Installing: /home/sam/AST_Robot_Warehouse/install/messages_package/include/messages_package/srv/detail/delivery__struct.hpp
[13.688s] -- Installing: /home/sam/AST_Robot_Warehouse/install/messages_package/include/messages_package/srv/detail/delivery__builder.hpp
[13.688s] -- Installing: /home/sam/AST_Robot_Warehouse/install/messages_package/include/messages_package/srv/detail/pick_up_item__builder.hpp
[13.688s] -- Installing: /home/sam/AST_Robot_Warehouse/install/messages_package/include/messages_package/srv/detail/put_down_item__traits.hpp
[13.689s] -- Installing: /home/sam/AST_Robot_Warehouse/install/messages_package/include/messages_package/srv/detail/put_down_item__builder.hpp
[13.689s] -- Installing: /home/sam/AST_Robot_Warehouse/install/messages_package/include/messages_package/srv/detail/delivery__traits.hpp
[13.689s] -- Installing: /home/sam/AST_Robot_Warehouse/install/messages_package/include/messages_package/srv/detail/put_down_item__struct.hpp
[13.689s] -- Installing: /home/sam/AST_Robot_Warehouse/install/messages_package/include/messages_package/srv/detail/pick_up_item__struct.hpp
[13.689s] -- Installing: /home/sam/AST_Robot_Warehouse/install/messages_package/include/messages_package/srv/put_down_item.hpp
[13.690s] -- Up-to-date: /home/sam/AST_Robot_Warehouse/install/messages_package/include/messages_package/msg
[13.690s] -- Installing: /home/sam/AST_Robot_Warehouse/install/messages_package/include/messages_package/msg/robot_location.hpp
[13.690s] -- Installing: /home/sam/AST_Robot_Warehouse/install/messages_package/include/messages_package/msg/map.hpp
[13.690s] -- Installing: /home/sam/AST_Robot_Warehouse/install/messages_package/include/messages_package/msg/item.hpp
[13.690s] -- Installing: /home/sam/AST_Robot_Warehouse/install/messages_package/include/messages_package/msg/delivery.hpp
[13.690s] -- Installing: /home/sam/AST_Robot_Warehouse/install/messages_package/include/messages_package/msg/robot_distance.hpp
[13.690s] -- Installing: /home/sam/AST_Robot_Warehouse/install/messages_package/include/messages_package/msg/coordinates.hpp
[13.690s] -- Up-to-date: /home/sam/AST_Robot_Warehouse/install/messages_package/include/messages_package/msg/detail
[13.691s] -- Installing: /home/sam/AST_Robot_Warehouse/install/messages_package/include/messages_package/msg/detail/item__traits.hpp
[13.691s] -- Installing: /home/sam/AST_Robot_Warehouse/install/messages_package/include/messages_package/msg/detail/robot_state__struct.hpp
[13.691s] -- Installing: /home/sam/AST_Robot_Warehouse/install/messages_package/include/messages_package/msg/detail/item__builder.hpp
[13.691s] -- Installing: /home/sam/AST_Robot_Warehouse/install/messages_package/include/messages_package/msg/detail/coordinates__builder.hpp
[13.691s] -- Installing: /home/sam/AST_Robot_Warehouse/install/messages_package/include/messages_package/msg/detail/row__traits.hpp
[13.691s] -- Installing: /home/sam/AST_Robot_Warehouse/install/messages_package/include/messages_package/msg/detail/delivery__struct.hpp
[13.691s] -- Installing: /home/sam/AST_Robot_Warehouse/install/messages_package/include/messages_package/msg/detail/robot_distance__struct.hpp
[13.692s] -- Installing: /home/sam/AST_Robot_Warehouse/install/messages_package/include/messages_package/msg/detail/row__builder.hpp
[13.692s] -- Installing: /home/sam/AST_Robot_Warehouse/install/messages_package/include/messages_package/msg/detail/robot_state__traits.hpp
[13.692s] -- Installing: /home/sam/AST_Robot_Warehouse/install/messages_package/include/messages_package/msg/detail/map__traits.hpp
[13.692s] -- Installing: /home/sam/AST_Robot_Warehouse/install/messages_package/include/messages_package/msg/detail/robot_location__traits.hpp
[13.692s] -- Installing: /home/sam/AST_Robot_Warehouse/install/messages_package/include/messages_package/msg/detail/delivery__builder.hpp
[13.692s] -- Installing: /home/sam/AST_Robot_Warehouse/install/messages_package/include/messages_package/msg/detail/map__struct.hpp
[13.692s] -- Installing: /home/sam/AST_Robot_Warehouse/install/messages_package/include/messages_package/msg/detail/coordinates__struct.hpp
[13.693s] -- Installing: /home/sam/AST_Robot_Warehouse/install/messages_package/include/messages_package/msg/detail/row__struct.hpp
[13.693s] -- Installing: /home/sam/AST_Robot_Warehouse/install/messages_package/include/messages_package/msg/detail/coordinates__traits.hpp
[13.693s] -- Installing: /home/sam/AST_Robot_Warehouse/install/messages_package/include/messages_package/msg/detail/robot_location__struct.hpp
[13.693s] -- Installing: /home/sam/AST_Robot_Warehouse/install/messages_package/include/messages_package/msg/detail/robot_distance__traits.hpp
[13.693s] -- Installing: /home/sam/AST_Robot_Warehouse/install/messages_package/include/messages_package/msg/detail/robot_state__builder.hpp
[13.693s] -- Installing: /home/sam/AST_Robot_Warehouse/install/messages_package/include/messages_package/msg/detail/item__struct.hpp
[13.694s] -- Installing: /home/sam/AST_Robot_Warehouse/install/messages_package/include/messages_package/msg/detail/delivery__traits.hpp
[13.694s] -- Installing: /home/sam/AST_Robot_Warehouse/install/messages_package/include/messages_package/msg/detail/robot_distance__builder.hpp
[13.694s] -- Installing: /home/sam/AST_Robot_Warehouse/install/messages_package/include/messages_package/msg/detail/map__builder.hpp
[13.694s] -- Installing: /home/sam/AST_Robot_Warehouse/install/messages_package/include/messages_package/msg/detail/robot_location__builder.hpp
[13.694s] -- Installing: /home/sam/AST_Robot_Warehouse/install/messages_package/include/messages_package/msg/row.hpp
[13.694s] -- Installing: /home/sam/AST_Robot_Warehouse/install/messages_package/include/messages_package/msg/robot_state.hpp
[13.694s] -- Up-to-date: /home/sam/AST_Robot_Warehouse/install/messages_package/include/messages_package
[13.694s] -- Up-to-date: /home/sam/AST_Robot_Warehouse/install/messages_package/include/messages_package/action
[13.694s] -- Up-to-date: /home/sam/AST_Robot_Warehouse/install/messages_package/include/messages_package/action/detail
[13.695s] -- Installing: /home/sam/AST_Robot_Warehouse/install/messages_package/include/messages_package/action/detail/order__rosidl_typesupport_introspection_cpp.hpp
[13.695s] -- Installing: /home/sam/AST_Robot_Warehouse/install/messages_package/include/messages_package/action/detail/charge_robot__rosidl_typesupport_introspection_cpp.hpp
[13.695s] -- Installing: /home/sam/AST_Robot_Warehouse/install/messages_package/include/messages_package/action/detail/charge_robot__type_support.cpp
[13.695s] -- Installing: /home/sam/AST_Robot_Warehouse/install/messages_package/include/messages_package/action/detail/move_item__rosidl_typesupport_introspection_cpp.hpp
[13.695s] -- Installing: /home/sam/AST_Robot_Warehouse/install/messages_package/include/messages_package/action/detail/order__type_support.cpp
[13.695s] -- Installing: /home/sam/AST_Robot_Warehouse/install/messages_package/include/messages_package/action/detail/move_item__type_support.cpp
[13.695s] -- Up-to-date: /home/sam/AST_Robot_Warehouse/install/messages_package/include/messages_package/srv
[13.695s] -- Up-to-date: /home/sam/AST_Robot_Warehouse/install/messages_package/include/messages_package/srv/detail
[13.695s] -- Installing: /home/sam/AST_Robot_Warehouse/install/messages_package/include/messages_package/srv/detail/put_down_item__rosidl_typesupport_introspection_cpp.hpp
[13.695s] -- Installing: /home/sam/AST_Robot_Warehouse/install/messages_package/include/messages_package/srv/detail/delivery__type_support.cpp
[13.696s] -- Installing: /home/sam/AST_Robot_Warehouse/install/messages_package/include/messages_package/srv/detail/pick_up_item__rosidl_typesupport_introspection_cpp.hpp
[13.696s] -- Installing: /home/sam/AST_Robot_Warehouse/install/messages_package/include/messages_package/srv/detail/pick_up_item__type_support.cpp
[13.696s] -- Installing: /home/sam/AST_Robot_Warehouse/install/messages_package/include/messages_package/srv/detail/put_down_item__type_support.cpp
[13.696s] -- Installing: /home/sam/AST_Robot_Warehouse/install/messages_package/include/messages_package/srv/detail/delivery__rosidl_typesupport_introspection_cpp.hpp
[13.696s] -- Up-to-date: /home/sam/AST_Robot_Warehouse/install/messages_package/include/messages_package/msg
[13.696s] -- Up-to-date: /home/sam/AST_Robot_Warehouse/install/messages_package/include/messages_package/msg/detail
[13.696s] -- Installing: /home/sam/AST_Robot_Warehouse/install/messages_package/include/messages_package/msg/detail/robot_state__type_support.cpp
[13.696s] -- Installing: /home/sam/AST_Robot_Warehouse/install/messages_package/include/messages_package/msg/detail/coordinates__type_support.cpp
[13.696s] -- Installing: /home/sam/AST_Robot_Warehouse/install/messages_package/include/messages_package/msg/detail/row__rosidl_typesupport_introspection_cpp.hpp
[13.696s] -- Installing: /home/sam/AST_Robot_Warehouse/install/messages_package/include/messages_package/msg/detail/robot_distance__rosidl_typesupport_introspection_cpp.hpp
[13.697s] -- Installing: /home/sam/AST_Robot_Warehouse/install/messages_package/include/messages_package/msg/detail/robot_distance__type_support.cpp
[13.697s] -- Installing: /home/sam/AST_Robot_Warehouse/install/messages_package/include/messages_package/msg/detail/delivery__type_support.cpp
[13.697s] -- Installing: /home/sam/AST_Robot_Warehouse/install/messages_package/include/messages_package/msg/detail/map__type_support.cpp
[13.697s] -- Installing: /home/sam/AST_Robot_Warehouse/install/messages_package/include/messages_package/msg/detail/coordinates__rosidl_typesupport_introspection_cpp.hpp
[13.697s] -- Installing: /home/sam/AST_Robot_Warehouse/install/messages_package/include/messages_package/msg/detail/row__type_support.cpp
[13.697s] -- Installing: /home/sam/AST_Robot_Warehouse/install/messages_package/include/messages_package/msg/detail/robot_state__rosidl_typesupport_introspection_cpp.hpp
[13.697s] -- Installing: /home/sam/AST_Robot_Warehouse/install/messages_package/include/messages_package/msg/detail/item__rosidl_typesupport_introspection_cpp.hpp
[13.697s] -- Installing: /home/sam/AST_Robot_Warehouse/install/messages_package/include/messages_package/msg/detail/robot_location__rosidl_typesupport_introspection_cpp.hpp
[13.697s] -- Installing: /home/sam/AST_Robot_Warehouse/install/messages_package/include/messages_package/msg/detail/robot_location__type_support.cpp
[13.698s] -- Installing: /home/sam/AST_Robot_Warehouse/install/messages_package/include/messages_package/msg/detail/item__type_support.cpp
[13.698s] -- Installing: /home/sam/AST_Robot_Warehouse/install/messages_package/include/messages_package/msg/detail/delivery__rosidl_typesupport_introspection_cpp.hpp
[13.698s] -- Installing: /home/sam/AST_Robot_Warehouse/install/messages_package/include/messages_package/msg/detail/map__rosidl_typesupport_introspection_cpp.hpp
[13.698s] -- Installing: /home/sam/AST_Robot_Warehouse/install/messages_package/lib/libmessages_package__rosidl_typesupport_introspection_cpp.so
[13.699s] -- Set runtime path of "/home/sam/AST_Robot_Warehouse/install/messages_package/lib/libmessages_package__rosidl_typesupport_introspection_cpp.so" to ""
[13.699s] -- Installing: /home/sam/AST_Robot_Warehouse/install/messages_package/lib/libmessages_package__rosidl_typesupport_cpp.so
[13.699s] -- Set runtime path of "/home/sam/AST_Robot_Warehouse/install/messages_package/lib/libmessages_package__rosidl_typesupport_cpp.so" to ""
[13.700s] -- Up-to-date: /home/sam/AST_Robot_Warehouse/install/messages_package/share/messages_package/environment/pythonpath.sh
[13.700s] -- Installing: /home/sam/AST_Robot_Warehouse/install/messages_package/share/messages_package/environment/pythonpath.dsv
[13.700s] -- Installing: /home/sam/AST_Robot_Warehouse/install/messages_package/lib/python3.8/site-packages/messages_package/__init__.py
[13.729s] Compiling '/home/sam/AST_Robot_Warehouse/install/messages_package/lib/python3.8/site-packages/messages_package/__init__.py'...
[13.733s] -- Up-to-date: /home/sam/AST_Robot_Warehouse/install/messages_package/lib/python3.8/site-packages/messages_package/msg
[13.733s] -- Installing: /home/sam/AST_Robot_Warehouse/install/messages_package/lib/python3.8/site-packages/messages_package/msg/__init__.py
[13.733s] -- Installing: /home/sam/AST_Robot_Warehouse/install/messages_package/lib/python3.8/site-packages/messages_package/msg/_robot_location_s.c
[13.733s] -- Installing: /home/sam/AST_Robot_Warehouse/install/messages_package/lib/python3.8/site-packages/messages_package/msg/_row.py
[13.733s] -- Installing: /home/sam/AST_Robot_Warehouse/install/messages_package/lib/python3.8/site-packages/messages_package/msg/_coordinates.py
[13.733s] -- Installing: /home/sam/AST_Robot_Warehouse/install/messages_package/lib/python3.8/site-packages/messages_package/msg/_coordinates_s.c
[13.734s] -- Installing: /home/sam/AST_Robot_Warehouse/install/messages_package/lib/python3.8/site-packages/messages_package/msg/_row_s.c
[13.734s] -- Installing: /home/sam/AST_Robot_Warehouse/install/messages_package/lib/python3.8/site-packages/messages_package/msg/_robot_distance_s.c
[13.734s] -- Installing: /home/sam/AST_Robot_Warehouse/install/messages_package/lib/python3.8/site-packages/messages_package/msg/_robot_state_s.c
[13.734s] -- Installing: /home/sam/AST_Robot_Warehouse/install/messages_package/lib/python3.8/site-packages/messages_package/msg/_item.py
[13.734s] -- Installing: /home/sam/AST_Robot_Warehouse/install/messages_package/lib/python3.8/site-packages/messages_package/msg/_robot_distance.py
[13.734s] -- Installing: /home/sam/AST_Robot_Warehouse/install/messages_package/lib/python3.8/site-packages/messages_package/msg/_delivery.py
[13.734s] -- Installing: /home/sam/AST_Robot_Warehouse/install/messages_package/lib/python3.8/site-packages/messages_package/msg/_robot_location.py
[13.734s] -- Installing: /home/sam/AST_Robot_Warehouse/install/messages_package/lib/python3.8/site-packages/messages_package/msg/_item_s.c
[13.734s] -- Installing: /home/sam/AST_Robot_Warehouse/install/messages_package/lib/python3.8/site-packages/messages_package/msg/_map_s.c
[13.735s] -- Installing: /home/sam/AST_Robot_Warehouse/install/messages_package/lib/python3.8/site-packages/messages_package/msg/_robot_state.py
[13.735s] -- Installing: /home/sam/AST_Robot_Warehouse/install/messages_package/lib/python3.8/site-packages/messages_package/msg/_delivery_s.c
[13.735s] -- Installing: /home/sam/AST_Robot_Warehouse/install/messages_package/lib/python3.8/site-packages/messages_package/msg/_map.py
[13.735s] -- Up-to-date: /home/sam/AST_Robot_Warehouse/install/messages_package/lib/python3.8/site-packages/messages_package/srv
[13.735s] -- Installing: /home/sam/AST_Robot_Warehouse/install/messages_package/lib/python3.8/site-packages/messages_package/srv/__init__.py
[13.735s] -- Installing: /home/sam/AST_Robot_Warehouse/install/messages_package/lib/python3.8/site-packages/messages_package/srv/_put_down_item_s.c
[13.735s] -- Installing: /home/sam/AST_Robot_Warehouse/install/messages_package/lib/python3.8/site-packages/messages_package/srv/_delivery.py
[13.735s] -- Installing: /home/sam/AST_Robot_Warehouse/install/messages_package/lib/python3.8/site-packages/messages_package/srv/_put_down_item.py
[13.736s] -- Installing: /home/sam/AST_Robot_Warehouse/install/messages_package/lib/python3.8/site-packages/messages_package/srv/_pick_up_item.py
[13.736s] -- Installing: /home/sam/AST_Robot_Warehouse/install/messages_package/lib/python3.8/site-packages/messages_package/srv/_pick_up_item_s.c
[13.736s] -- Installing: /home/sam/AST_Robot_Warehouse/install/messages_package/lib/python3.8/site-packages/messages_package/srv/_delivery_s.c
[13.736s] -- Up-to-date: /home/sam/AST_Robot_Warehouse/install/messages_package/lib/python3.8/site-packages/messages_package/action
[13.736s] -- Installing: /home/sam/AST_Robot_Warehouse/install/messages_package/lib/python3.8/site-packages/messages_package/action/__init__.py
[13.736s] -- Installing: /home/sam/AST_Robot_Warehouse/install/messages_package/lib/python3.8/site-packages/messages_package/action/_order_s.c
[13.736s] -- Installing: /home/sam/AST_Robot_Warehouse/install/messages_package/lib/python3.8/site-packages/messages_package/action/_charge_robot_s.c
[13.736s] -- Installing: /home/sam/AST_Robot_Warehouse/install/messages_package/lib/python3.8/site-packages/messages_package/action/_move_item.py
[13.736s] -- Installing: /home/sam/AST_Robot_Warehouse/install/messages_package/lib/python3.8/site-packages/messages_package/action/_move_item_s.c
[13.737s] -- Installing: /home/sam/AST_Robot_Warehouse/install/messages_package/lib/python3.8/site-packages/messages_package/action/_order.py
[13.737s] -- Installing: /home/sam/AST_Robot_Warehouse/install/messages_package/lib/python3.8/site-packages/messages_package/action/_charge_robot.py
[13.738s] -- Installing: /home/sam/AST_Robot_Warehouse/install/messages_package/lib/python3.8/site-packages/messages_package/messages_package_s__rosidl_typesupport_fastrtps_c.cpython-38-x86_64-linux-gnu.so
[13.739s] -- Set runtime path of "/home/sam/AST_Robot_Warehouse/install/messages_package/lib/python3.8/site-packages/messages_package/messages_package_s__rosidl_typesupport_fastrtps_c.cpython-38-x86_64-linux-gnu.so" to ""
[13.739s] -- Installing: /home/sam/AST_Robot_Warehouse/install/messages_package/lib/python3.8/site-packages/messages_package/messages_package_s__rosidl_typesupport_introspection_c.cpython-38-x86_64-linux-gnu.so
[13.740s] -- Set runtime path of "/home/sam/AST_Robot_Warehouse/install/messages_package/lib/python3.8/site-packages/messages_package/messages_package_s__rosidl_typesupport_introspection_c.cpython-38-x86_64-linux-gnu.so" to ""
[13.740s] -- Installing: /home/sam/AST_Robot_Warehouse/install/messages_package/lib/python3.8/site-packages/messages_package/messages_package_s__rosidl_typesupport_c.cpython-38-x86_64-linux-gnu.so
[13.741s] -- Set runtime path of "/home/sam/AST_Robot_Warehouse/install/messages_package/lib/python3.8/site-packages/messages_package/messages_package_s__rosidl_typesupport_c.cpython-38-x86_64-linux-gnu.so" to ""
[13.741s] -- Installing: /home/sam/AST_Robot_Warehouse/install/messages_package/lib/libmessages_package__python.so
[13.742s] -- Set runtime path of "/home/sam/AST_Robot_Warehouse/install/messages_package/lib/libmessages_package__python.so" to ""
[13.742s] -- Up-to-date: /home/sam/AST_Robot_Warehouse/install/messages_package/share/messages_package/msg/Coordinates.idl
[13.742s] -- Up-to-date: /home/sam/AST_Robot_Warehouse/install/messages_package/share/messages_package/msg/Delivery.idl
[13.742s] -- Up-to-date: /home/sam/AST_Robot_Warehouse/install/messages_package/share/messages_package/msg/Item.idl
[13.742s] -- Up-to-date: /home/sam/AST_Robot_Warehouse/install/messages_package/share/messages_package/msg/RobotDistance.idl
[13.743s] -- Up-to-date: /home/sam/AST_Robot_Warehouse/install/messages_package/share/messages_package/msg/RobotLocation.idl
[13.743s] -- Installing: /home/sam/AST_Robot_Warehouse/install/messages_package/share/messages_package/msg/Map.idl
[13.743s] -- Up-to-date: /home/sam/AST_Robot_Warehouse/install/messages_package/share/messages_package/msg/Row.idl
[13.743s] -- Up-to-date: /home/sam/AST_Robot_Warehouse/install/messages_package/share/messages_package/msg/RobotState.idl
[13.743s] -- Up-to-date: /home/sam/AST_Robot_Warehouse/install/messages_package/share/messages_package/srv/Delivery.idl
[13.743s] -- Up-to-date: /home/sam/AST_Robot_Warehouse/install/messages_package/share/messages_package/srv/PickUpItem.idl
[13.743s] -- Up-to-date: /home/sam/AST_Robot_Warehouse/install/messages_package/share/messages_package/srv/PutDownItem.idl
[13.743s] -- Up-to-date: /home/sam/AST_Robot_Warehouse/install/messages_package/share/messages_package/action/ChargeRobot.idl
[13.743s] -- Up-to-date: /home/sam/AST_Robot_Warehouse/install/messages_package/share/messages_package/action/MoveItem.idl
[13.744s] -- Up-to-date: /home/sam/AST_Robot_Warehouse/install/messages_package/share/messages_package/action/Order.idl
[13.744s] -- Up-to-date: /home/sam/AST_Robot_Warehouse/install/messages_package/share/messages_package/msg/Coordinates.msg
[13.744s] -- Up-to-date: /home/sam/AST_Robot_Warehouse/install/messages_package/share/messages_package/msg/Delivery.msg
[13.744s] -- Up-to-date: /home/sam/AST_Robot_Warehouse/install/messages_package/share/messages_package/msg/Item.msg
[13.744s] -- Up-to-date: /home/sam/AST_Robot_Warehouse/install/messages_package/share/messages_package/msg/RobotDistance.msg
[13.744s] -- Up-to-date: /home/sam/AST_Robot_Warehouse/install/messages_package/share/messages_package/msg/RobotLocation.msg
[13.744s] -- Installing: /home/sam/AST_Robot_Warehouse/install/messages_package/share/messages_package/msg/Map.msg
[13.744s] -- Up-to-date: /home/sam/AST_Robot_Warehouse/install/messages_package/share/messages_package/msg/Row.msg
[13.744s] -- Up-to-date: /home/sam/AST_Robot_Warehouse/install/messages_package/share/messages_package/msg/RobotState.msg
[13.744s] -- Up-to-date: /home/sam/AST_Robot_Warehouse/install/messages_package/share/messages_package/srv/Delivery.srv
[13.744s] -- Up-to-date: /home/sam/AST_Robot_Warehouse/install/messages_package/share/messages_package/srv/Delivery_Request.msg
[13.744s] -- Up-to-date: /home/sam/AST_Robot_Warehouse/install/messages_package/share/messages_package/srv/Delivery_Response.msg
[13.744s] -- Up-to-date: /home/sam/AST_Robot_Warehouse/install/messages_package/share/messages_package/srv/PickUpItem.srv
[13.745s] -- Up-to-date: /home/sam/AST_Robot_Warehouse/install/messages_package/share/messages_package/srv/PickUpItem_Request.msg
[13.746s] -- Up-to-date: /home/sam/AST_Robot_Warehouse/install/messages_package/share/messages_package/srv/PickUpItem_Response.msg
[13.746s] -- Up-to-date: /home/sam/AST_Robot_Warehouse/install/messages_package/share/messages_package/srv/PutDownItem.srv
[13.746s] -- Up-to-date: /home/sam/AST_Robot_Warehouse/install/messages_package/share/messages_package/srv/PutDownItem_Request.msg
[13.746s] -- Up-to-date: /home/sam/AST_Robot_Warehouse/install/messages_package/share/messages_package/srv/PutDownItem_Response.msg
[13.746s] -- Up-to-date: /home/sam/AST_Robot_Warehouse/install/messages_package/share/messages_package/action/ChargeRobot.action
[13.746s] -- Up-to-date: /home/sam/AST_Robot_Warehouse/install/messages_package/share/messages_package/action/MoveItem.action
[13.746s] -- Up-to-date: /home/sam/AST_Robot_Warehouse/install/messages_package/share/messages_package/action/Order.action
[13.746s] -- Up-to-date: /home/sam/AST_Robot_Warehouse/install/messages_package/share/ament_index/resource_index/package_run_dependencies/messages_package
[13.746s] -- Installing: /home/sam/AST_Robot_Warehouse/install/messages_package/share/ament_index/resource_index/parent_prefix_path/messages_package
[13.746s] -- Up-to-date: /home/sam/AST_Robot_Warehouse/install/messages_package/share/messages_package/environment/ament_prefix_path.sh
[13.746s] -- Installing: /home/sam/AST_Robot_Warehouse/install/messages_package/share/messages_package/environment/ament_prefix_path.dsv
[13.746s] -- Up-to-date: /home/sam/AST_Robot_Warehouse/install/messages_package/share/messages_package/environment/path.sh
[13.747s] -- Installing: /home/sam/AST_Robot_Warehouse/install/messages_package/share/messages_package/environment/path.dsv
[13.747s] -- Up-to-date: /home/sam/AST_Robot_Warehouse/install/messages_package/share/messages_package/local_setup.bash
[13.747s] -- Up-to-date: /home/sam/AST_Robot_Warehouse/install/messages_package/share/messages_package/local_setup.sh
[13.747s] -- Up-to-date: /home/sam/AST_Robot_Warehouse/install/messages_package/share/messages_package/local_setup.zsh
[13.747s] -- Installing: /home/sam/AST_Robot_Warehouse/install/messages_package/share/messages_package/local_setup.dsv
[13.747s] -- Installing: /home/sam/AST_Robot_Warehouse/install/messages_package/share/messages_package/package.dsv
[13.747s] -- Up-to-date: /home/sam/AST_Robot_Warehouse/install/messages_package/share/ament_index/resource_index/packages/messages_package
[13.747s] -- Up-to-date: /home/sam/AST_Robot_Warehouse/install/messages_package/share/messages_package/cmake/messages_package__rosidl_generator_cExport.cmake
[13.747s] -- Installing: /home/sam/AST_Robot_Warehouse/install/messages_package/share/messages_package/cmake/messages_package__rosidl_generator_cExport-noconfig.cmake
[13.748s] -- Up-to-date: /home/sam/AST_Robot_Warehouse/install/messages_package/share/messages_package/cmake/messages_package__rosidl_typesupport_introspection_cExport.cmake
[13.748s] -- Installing: /home/sam/AST_Robot_Warehouse/install/messages_package/share/messages_package/cmake/messages_package__rosidl_typesupport_introspection_cExport-noconfig.cmake
[13.748s] -- Up-to-date: /home/sam/AST_Robot_Warehouse/install/messages_package/share/messages_package/cmake/messages_package__rosidl_typesupport_cExport.cmake
[13.748s] -- Installing: /home/sam/AST_Robot_Warehouse/install/messages_package/share/messages_package/cmake/messages_package__rosidl_typesupport_cExport-noconfig.cmake
[13.748s] -- Up-to-date: /home/sam/AST_Robot_Warehouse/install/messages_package/share/messages_package/cmake/messages_package__rosidl_generator_cppExport.cmake
[13.748s] -- Up-to-date: /home/sam/AST_Robot_Warehouse/install/messages_package/share/messages_package/cmake/messages_package__rosidl_typesupport_introspection_cppExport.cmake
[13.748s] -- Installing: /home/sam/AST_Robot_Warehouse/install/messages_package/share/messages_package/cmake/messages_package__rosidl_typesupport_introspection_cppExport-noconfig.cmake
[13.748s] -- Up-to-date: /home/sam/AST_Robot_Warehouse/install/messages_package/share/messages_package/cmake/messages_package__rosidl_typesupport_cppExport.cmake
[13.748s] -- Installing: /home/sam/AST_Robot_Warehouse/install/messages_package/share/messages_package/cmake/messages_package__rosidl_typesupport_cppExport-noconfig.cmake
[13.748s] -- Up-to-date: /home/sam/AST_Robot_Warehouse/install/messages_package/share/messages_package/cmake/rosidl_cmake-extras.cmake
[13.748s] -- Up-to-date: /home/sam/AST_Robot_Warehouse/install/messages_package/share/messages_package/cmake/ament_cmake_export_dependencies-extras.cmake
[13.748s] -- Up-to-date: /home/sam/AST_Robot_Warehouse/install/messages_package/share/messages_package/cmake/ament_cmake_export_libraries-extras.cmake
[13.749s] -- Up-to-date: /home/sam/AST_Robot_Warehouse/install/messages_package/share/messages_package/cmake/ament_cmake_export_targets-extras.cmake
[13.749s] -- Up-to-date: /home/sam/AST_Robot_Warehouse/install/messages_package/share/messages_package/cmake/ament_cmake_export_include_directories-extras.cmake
[13.749s] -- Up-to-date: /home/sam/AST_Robot_Warehouse/install/messages_package/share/messages_package/cmake/rosidl_cmake_export_typesupport_libraries-extras.cmake
[13.749s] -- Up-to-date: /home/sam/AST_Robot_Warehouse/install/messages_package/share/messages_package/cmake/rosidl_cmake_export_typesupport_targets-extras.cmake
[13.749s] -- Up-to-date: /home/sam/AST_Robot_Warehouse/install/messages_package/share/messages_package/cmake/messages_packageConfig.cmake
[13.749s] -- Up-to-date: /home/sam/AST_Robot_Warehouse/install/messages_package/share/messages_package/cmake/messages_packageConfig-version.cmake
[13.749s] -- Up-to-date: /home/sam/AST_Robot_Warehouse/install/messages_package/share/messages_package/package.xml
[13.752s] Invoked command in '/home/sam/AST_Robot_Warehouse/build/messages_package' returned '0': CMAKE_PREFIX_PATH=${CMAKE_PREFIX_PATH}:/home/sam/AST_Robot_Warehouse/install/warehouse_robot_package:/home/sam/AST_Robot_Warehouse/install/py_srvcli:/home/sam/AST_Robot_Warehouse/install/py_pubsub:/opt/ros/foxy /usr/bin/cmake --install /home/sam/AST_Robot_Warehouse/build/messages_package
