-- Found ament_cmake: 0.9.9 (/opt/ros/foxy/share/ament_cmake/cmake)
-- Found PythonInterp: /home/sam/anaconda3/bin/python3 (found suitable version "3.8.8", minimum required is "3") 
-- Using PYTHON_EXECUTABLE: /home/sam/anaconda3/bin/python3
-- Found ament_index_cpp: 1.1.0 (/opt/ros/foxy/share/ament_index_cpp/cmake)
-- Found geometry_msgs: 2.0.4 (/opt/ros/foxy/share/geometry_msgs/cmake)
-- Using all available rosidl_typesupport_c: rosidl_typesupport_fastrtps_c;rosidl_typesupport_introspection_c
-- Found rosidl_adapter: 1.2.1 (/opt/ros/foxy/share/rosidl_adapter/cmake)
-- Using all available rosidl_typesupport_cpp: rosidl_typesupport_fastrtps_cpp;rosidl_typesupport_introspection_cpp
-- Found rclcpp: 2.4.0 (/opt/ros/foxy/share/rclcpp/cmake)
-- Found rmw_implementation_cmake: 1.0.3 (/opt/ros/foxy/share/rmw_implementation_cmake/cmake)
-- Using RMW implementation 'rmw_fastrtps_cpp' as default
-- Found rclcpp_action: 2.4.0 (/opt/ros/foxy/share/rclcpp_action/cmake)
-- Found rosidl_default_generators: 1.0.1 (/opt/ros/foxy/share/rosidl_default_generators/cmake)
-- Found std_srvs: 2.0.4 (/opt/ros/foxy/share/std_srvs/cmake)
-- Found PythonInterp: /home/sam/anaconda3/bin/python3 (found version "3.8.8") 
-- Found ament_cmake_ros: 0.9.2 (/opt/ros/foxy/share/ament_cmake_ros/cmake)
-- Using all available rosidl_typesupport_c: rosidl_typesupport_fastrtps_c;rosidl_typesupport_introspection_c
-- Using all available rosidl_typesupport_cpp: rosidl_typesupport_fastrtps_cpp;rosidl_typesupport_introspection_cpp
-- Found PythonInterp: /home/sam/anaconda3/bin/python3 (found suitable version "3.8.8", minimum required is "3.5") 
-- Found python_cmake_module: 0.8.1 (/opt/ros/foxy/share/python_cmake_module/cmake)
-- Found PythonLibs: /home/sam/anaconda3/lib/libpython3.8.so (found suitable version "3.8.8", minimum required is "3.5") 
-- Using PYTHON_EXECUTABLE: /home/sam/anaconda3/bin/python3
-- Using PYTHON_INCLUDE_DIRS: /home/sam/anaconda3/include/python3.8
-- Using PYTHON_LIBRARIES: /home/sam/anaconda3/lib/libpython3.8.so
-- Found PythonExtra: .so  
-- Using numpy include directory: /home/sam/anaconda3/lib/python3.8/site-packages/numpy/core/include
-- Configuring done
-- Generating done
-- Build files have been written to: /home/sam/AST/build/turtlesim
[  1%] [34m[1mGenerating C code for ROS interfaces[0m
[35m[1mScanning dependencies of target turtlesim__cpp[0m
[  2%] [34m[1mGenerating C++ code for ROS interfaces[0m
