[0.640s] Invoking command in '/home/sam/AST_Robot_Warehouse/src/py_srvcli': PYTHONPATH=/home/sam/AST_Robot_Warehouse/install/py_srvcli/lib/python3.8/site-packages:${PYTHONPATH} /usr/bin/python3 setup.py egg_info --egg-base ../../build/py_srvcli build --build-base /home/sam/AST_Robot_Warehouse/build/py_srvcli/build install --prefix /home/sam/AST_Robot_Warehouse/install/py_srvcli --record /home/sam/AST_Robot_Warehouse/build/py_srvcli/install.log --single-version-externally-managed
[0.942s] running egg_info
[0.943s] writing ../../build/py_srvcli/py_srvcli.egg-info/PKG-INFO
[0.944s] writing dependency_links to ../../build/py_srvcli/py_srvcli.egg-info/dependency_links.txt
[0.944s] writing entry points to ../../build/py_srvcli/py_srvcli.egg-info/entry_points.txt
[0.944s] writing requirements to ../../build/py_srvcli/py_srvcli.egg-info/requires.txt
[0.945s] writing top-level names to ../../build/py_srvcli/py_srvcli.egg-info/top_level.txt
[0.982s] reading manifest file '../../build/py_srvcli/py_srvcli.egg-info/SOURCES.txt'
[0.982s] writing manifest file '../../build/py_srvcli/py_srvcli.egg-info/SOURCES.txt'
[0.982s] running build
[0.983s] running build_py
[0.983s] copying py_srvcli/__init__.py -> /home/sam/AST_Robot_Warehouse/build/py_srvcli/build/lib/py_srvcli
[0.983s] copying py_srvcli/client_member_function.py -> /home/sam/AST_Robot_Warehouse/build/py_srvcli/build/lib/py_srvcli
[0.988s] copying py_srvcli/service_member_function.py -> /home/sam/AST_Robot_Warehouse/build/py_srvcli/build/lib/py_srvcli
[0.988s] running install
[0.988s] running install_lib
[0.989s] copying /home/sam/AST_Robot_Warehouse/build/py_srvcli/build/lib/py_srvcli/__init__.py -> /home/sam/AST_Robot_Warehouse/install/py_srvcli/lib/python3.8/site-packages/py_srvcli
[0.989s] copying /home/sam/AST_Robot_Warehouse/build/py_srvcli/build/lib/py_srvcli/client_member_function.py -> /home/sam/AST_Robot_Warehouse/install/py_srvcli/lib/python3.8/site-packages/py_srvcli
[0.989s] copying /home/sam/AST_Robot_Warehouse/build/py_srvcli/build/lib/py_srvcli/service_member_function.py -> /home/sam/AST_Robot_Warehouse/install/py_srvcli/lib/python3.8/site-packages/py_srvcli
[0.989s] byte-compiling /home/sam/AST_Robot_Warehouse/install/py_srvcli/lib/python3.8/site-packages/py_srvcli/__init__.py to __init__.cpython-38.pyc
[0.995s] byte-compiling /home/sam/AST_Robot_Warehouse/install/py_srvcli/lib/python3.8/site-packages/py_srvcli/client_member_function.py to client_member_function.cpython-38.pyc
[0.995s] byte-compiling /home/sam/AST_Robot_Warehouse/install/py_srvcli/lib/python3.8/site-packages/py_srvcli/service_member_function.py to service_member_function.cpython-38.pyc
[0.997s] running install_data
[0.999s] copying resource/py_srvcli -> /home/sam/AST_Robot_Warehouse/install/py_srvcli/share/ament_index/resource_index/packages
[1.000s] copying package.xml -> /home/sam/AST_Robot_Warehouse/install/py_srvcli/share/py_srvcli
[1.000s] running install_egg_info
[1.005s] removing '/home/sam/AST_Robot_Warehouse/install/py_srvcli/lib/python3.8/site-packages/py_srvcli-0.0.0-py3.8.egg-info' (and everything under it)
[1.005s] Copying ../../build/py_srvcli/py_srvcli.egg-info to /home/sam/AST_Robot_Warehouse/install/py_srvcli/lib/python3.8/site-packages/py_srvcli-0.0.0-py3.8.egg-info
[1.006s] running install_scripts
[1.022s] Installing client script to /home/sam/AST_Robot_Warehouse/install/py_srvcli/lib/py_srvcli
[1.023s] Installing service script to /home/sam/AST_Robot_Warehouse/install/py_srvcli/lib/py_srvcli
[1.023s] writing list of installed files to '/home/sam/AST_Robot_Warehouse/build/py_srvcli/install.log'
[1.057s] Invoked command in '/home/sam/AST_Robot_Warehouse/src/py_srvcli' returned '0': PYTHONPATH=/home/sam/AST_Robot_Warehouse/install/py_srvcli/lib/python3.8/site-packages:${PYTHONPATH} /usr/bin/python3 setup.py egg_info --egg-base ../../build/py_srvcli build --build-base /home/sam/AST_Robot_Warehouse/build/py_srvcli/build install --prefix /home/sam/AST_Robot_Warehouse/install/py_srvcli --record /home/sam/AST_Robot_Warehouse/build/py_srvcli/install.log --single-version-externally-managed
