[0.635s] Invoking command in '/home/sam/AST_Robot_Warehouse/src/py_pubsub': PYTHONPATH=/home/sam/AST_Robot_Warehouse/install/py_pubsub/lib/python3.8/site-packages:${PYTHONPATH} /usr/bin/python3 setup.py egg_info --egg-base ../../build/py_pubsub build --build-base /home/sam/AST_Robot_Warehouse/build/py_pubsub/build install --prefix /home/sam/AST_Robot_Warehouse/install/py_pubsub --record /home/sam/AST_Robot_Warehouse/build/py_pubsub/install.log --single-version-externally-managed
[0.939s] running egg_info
[0.940s] writing ../../build/py_pubsub/py_pubsub.egg-info/PKG-INFO
[0.941s] writing dependency_links to ../../build/py_pubsub/py_pubsub.egg-info/dependency_links.txt
[0.941s] writing entry points to ../../build/py_pubsub/py_pubsub.egg-info/entry_points.txt
[0.941s] writing requirements to ../../build/py_pubsub/py_pubsub.egg-info/requires.txt
[0.941s] writing top-level names to ../../build/py_pubsub/py_pubsub.egg-info/top_level.txt
[0.986s] reading manifest file '../../build/py_pubsub/py_pubsub.egg-info/SOURCES.txt'
[0.986s] writing manifest file '../../build/py_pubsub/py_pubsub.egg-info/SOURCES.txt'
[0.989s] running build
[0.989s] running build_py
[0.989s] running install
[0.989s] running install_lib
[0.990s] running install_data
[0.991s] running install_egg_info
[0.993s] removing '/home/sam/AST_Robot_Warehouse/install/py_pubsub/lib/python3.8/site-packages/py_pubsub-0.0.0-py3.8.egg-info' (and everything under it)
[0.993s] Copying ../../build/py_pubsub/py_pubsub.egg-info to /home/sam/AST_Robot_Warehouse/install/py_pubsub/lib/python3.8/site-packages/py_pubsub-0.0.0-py3.8.egg-info
[0.994s] running install_scripts
[1.016s] Installing listener script to /home/sam/AST_Robot_Warehouse/install/py_pubsub/lib/py_pubsub
[1.016s] Installing talker script to /home/sam/AST_Robot_Warehouse/install/py_pubsub/lib/py_pubsub
[1.017s] writing list of installed files to '/home/sam/AST_Robot_Warehouse/build/py_pubsub/install.log'
[1.043s] Invoked command in '/home/sam/AST_Robot_Warehouse/src/py_pubsub' returned '0': PYTHONPATH=/home/sam/AST_Robot_Warehouse/install/py_pubsub/lib/python3.8/site-packages:${PYTHONPATH} /usr/bin/python3 setup.py egg_info --egg-base ../../build/py_pubsub build --build-base /home/sam/AST_Robot_Warehouse/build/py_pubsub/build install --prefix /home/sam/AST_Robot_Warehouse/install/py_pubsub --record /home/sam/AST_Robot_Warehouse/build/py_pubsub/install.log --single-version-externally-managed
