[0.033s] Invoking command in '/home/sam/AST/build/messages_package': CMAKE_PREFIX_PATH=/opt/ros/foxy CONDA_PROMPT_MODIFIER=(base) /usr/bin/cmake --build /home/sam/AST/build/messages_package -- -j12 -l12
[0.591s] -- Found ament_cmake: 0.9.9 (/opt/ros/foxy/share/ament_cmake/cmake)
[0.591s] -- Found PythonInterp: /home/sam/anaconda3/bin/python3 (found suitable version "3.8.8", minimum required is "3") 
[0.592s] -- Using PYTHON_EXECUTABLE: /home/sam/anaconda3/bin/python3
[0.592s] -- Found ament_lint_auto: 0.9.6 (/opt/ros/foxy/share/ament_lint_auto/cmake)
[0.592s] -- Found rosidl_default_generators: 1.0.1 (/opt/ros/foxy/share/rosidl_default_generators/cmake)
[0.593s] -- Using all available rosidl_typesupport_c: rosidl_typesupport_fastrtps_c;rosidl_typesupport_introspection_c
[0.594s] -- Found rosidl_adapter: 1.2.1 (/opt/ros/foxy/share/rosidl_adapter/cmake)
[0.594s] -- Using all available rosidl_typesupport_cpp: rosidl_typesupport_fastrtps_cpp;rosidl_typesupport_introspection_cpp
[0.647s] -- Found PythonInterp: /home/sam/anaconda3/bin/python3 (found version "3.8.8") 
[0.724s] CMake Error at /opt/ros/foxy/share/rosidl_adapter/cmake/rosidl_adapt_interfaces.cmake:60 (message):
[0.724s]   execute_process(/home/sam/anaconda3/bin/python3 -m rosidl_adapter
[0.724s]   --package-name messages_package --arguments-file
[0.724s]   /home/sam/AST/build/messages_package/rosidl_adapter__arguments__messages_package.json
[0.724s]   --output-dir
[0.725s]   /home/sam/AST/build/messages_package/rosidl_adapter/messages_package
[0.725s]   --output-file
[0.725s]   /home/sam/AST/build/messages_package/rosidl_adapter/messages_package.idls)
[0.725s]   returned error code 1:
[0.725s] 
[0.725s]   Traceback (most recent call last):
[0.725s] 
[0.725s]     File "/home/sam/anaconda3/lib/python3.8/runpy.py", line 194, in _run_module_as_main
[0.725s]       return _run_code(code, main_globals, None,
[0.725s]     File "/home/sam/anaconda3/lib/python3.8/runpy.py", line 87, in _run_code
[0.725s]       exec(code, run_globals)
[0.725s]     File "/opt/ros/foxy/lib/python3.8/site-packages/rosidl_adapter/__main__.py", line 19, in <module>
[0.726s]       sys.exit(main())
[0.726s]     File "/opt/ros/foxy/lib/python3.8/site-packages/rosidl_adapter/main.py", line 53, in main
[0.726s]       abs_idl_file = convert_to_idl(
[0.726s]     File "/opt/ros/foxy/lib/python3.8/site-packages/rosidl_adapter/__init__.py", line 19, in convert_to_idl
[0.726s]       return convert_msg_to_idl(
[0.726s]     File "/opt/ros/foxy/lib/python3.8/site-packages/rosidl_adapter/msg/__init__.py", line 28, in convert_msg_to_idl
[0.726s]       msg = parse_message_string(package_name, input_file.stem, content)
[0.726s]     File "/opt/ros/foxy/lib/python3.8/site-packages/rosidl_adapter/parser.py", line 540, in parse_message_string
[0.726s]       msg = MessageSpecification(pkg_name, msg_name, fields, constants)
[0.726s]     File "/opt/ros/foxy/lib/python3.8/site-packages/rosidl_adapter/parser.py", line 387, in __init__
[0.726s]       self.base_type = BaseType(
[0.727s]     File "/opt/ros/foxy/lib/python3.8/site-packages/rosidl_adapter/parser.py", line 204, in __init__
[0.727s]       raise InvalidResourceName(
[0.727s] 
[0.727s]   rosidl_adapter.parser.InvalidResourceName: 'coordinates' is an invalid
[0.727s]   message name.  It should have the pattern '^[A-Z][A-Za-z0-9]*$'
[0.727s] 
[0.727s] Call Stack (most recent call first):
[0.727s]   /opt/ros/foxy/share/rosidl_cmake/cmake/rosidl_generate_interfaces.cmake:130 (rosidl_adapt_interfaces)
[0.727s]   CMakeLists.txt:46 (rosidl_generate_interfaces)
[0.727s] 
[0.727s] 
[0.727s] -- Configuring incomplete, errors occurred!
[0.727s] See also "/home/sam/AST/build/messages_package/CMakeFiles/CMakeOutput.log".
[0.732s] make: *** [Makefile:266: cmake_check_build_system] Error 1
[0.734s] Invoked command in '/home/sam/AST/build/messages_package' returned '2': CMAKE_PREFIX_PATH=/opt/ros/foxy CONDA_PROMPT_MODIFIER=(base) /usr/bin/cmake --build /home/sam/AST/build/messages_package -- -j12 -l12
