[0.267s] Invoking command in '/home/sam/AST/src/warehouse_robot_package': CMAKE_PREFIX_PATH=/home/sam/AST/install/messages_package:/home/sam/AST/install/turtlesim:/home/sam/AST/install/my_package LD_LIBRARY_PATH=/home/sam/AST/install/messages_package/lib:/home/sam/AST/install/turtlesim/lib:/opt/ros/foxy/opt/yaml_cpp_vendor/lib:/opt/ros/foxy/opt/rviz_ogre_vendor/lib:/opt/ros/foxy/lib/x86_64-linux-gnu:/opt/ros/foxy/lib PYTHONPATH=/home/sam/AST/install/warehouse_robot_package/lib/python3.8/site-packages:/home/sam/AST/install/messages_package/lib/python3.8/site-packages:/home/sam/AST/install/warehouse_robot_package/lib/python3.8/site-packages:/home/sam/AST/install/turtlesim/lib/python3.8/site-packages:/home/sam/AST/install/py_pubsub/lib/python3.8/site-packages:/opt/ros/foxy/lib/python3.8/site-packages /usr/bin/python3 setup.py egg_info --egg-base ../../build/warehouse_robot_package build --build-base /home/sam/AST/build/warehouse_robot_package/build install --prefix /home/sam/AST/install/warehouse_robot_package --record /home/sam/AST/build/warehouse_robot_package/install.log --single-version-externally-managed
[0.478s] running egg_info
[0.478s] writing ../../build/warehouse_robot_package/warehouse_robot_package.egg-info/PKG-INFO
[0.478s] writing dependency_links to ../../build/warehouse_robot_package/warehouse_robot_package.egg-info/dependency_links.txt
[0.478s] writing entry points to ../../build/warehouse_robot_package/warehouse_robot_package.egg-info/entry_points.txt
[0.479s] writing requirements to ../../build/warehouse_robot_package/warehouse_robot_package.egg-info/requires.txt
[0.479s] writing top-level names to ../../build/warehouse_robot_package/warehouse_robot_package.egg-info/top_level.txt
[0.507s] reading manifest file '../../build/warehouse_robot_package/warehouse_robot_package.egg-info/SOURCES.txt'
[0.508s] writing manifest file '../../build/warehouse_robot_package/warehouse_robot_package.egg-info/SOURCES.txt'
[0.508s] running build
[0.508s] running build_py
[0.508s] running install
[0.509s] running install_lib
[0.511s] running install_data
[0.511s] running install_egg_info
[0.512s] removing '/home/sam/AST/install/warehouse_robot_package/lib/python3.8/site-packages/warehouse_robot_package-0.0.0-py3.8.egg-info' (and everything under it)
[0.513s] Copying ../../build/warehouse_robot_package/warehouse_robot_package.egg-info to /home/sam/AST/install/warehouse_robot_package/lib/python3.8/site-packages/warehouse_robot_package-0.0.0-py3.8.egg-info
[0.513s] running install_scripts
[0.528s] Installing beacon script to /home/sam/AST/install/warehouse_robot_package/lib/warehouse_robot_package
[0.528s] Installing robot script to /home/sam/AST/install/warehouse_robot_package/lib/warehouse_robot_package
[0.529s] writing list of installed files to '/home/sam/AST/build/warehouse_robot_package/install.log'
[0.546s] Invoked command in '/home/sam/AST/src/warehouse_robot_package' returned '0': CMAKE_PREFIX_PATH=/home/sam/AST/install/messages_package:/home/sam/AST/install/turtlesim:/home/sam/AST/install/my_package LD_LIBRARY_PATH=/home/sam/AST/install/messages_package/lib:/home/sam/AST/install/turtlesim/lib:/opt/ros/foxy/opt/yaml_cpp_vendor/lib:/opt/ros/foxy/opt/rviz_ogre_vendor/lib:/opt/ros/foxy/lib/x86_64-linux-gnu:/opt/ros/foxy/lib PYTHONPATH=/home/sam/AST/install/warehouse_robot_package/lib/python3.8/site-packages:/home/sam/AST/install/messages_package/lib/python3.8/site-packages:/home/sam/AST/install/warehouse_robot_package/lib/python3.8/site-packages:/home/sam/AST/install/turtlesim/lib/python3.8/site-packages:/home/sam/AST/install/py_pubsub/lib/python3.8/site-packages:/opt/ros/foxy/lib/python3.8/site-packages /usr/bin/python3 setup.py egg_info --egg-base ../../build/warehouse_robot_package build --build-base /home/sam/AST/build/warehouse_robot_package/build install --prefix /home/sam/AST/install/warehouse_robot_package --record /home/sam/AST/build/warehouse_robot_package/install.log --single-version-externally-managed
