[0.036s] Invoking command in '/home/sam/AST_Robot_Warehouse/build/action_tutorials_interfaces': CMAKE_PREFIX_PATH=${CMAKE_PREFIX_PATH}:/home/sam/AST_Robot_Warehouse/install/warehouse_robot_package:/home/sam/AST_Robot_Warehouse/install/py_srvcli:/home/sam/AST_Robot_Warehouse/install/py_pubsub:/opt/ros/foxy /usr/bin/cmake --build /home/sam/AST_Robot_Warehouse/build/action_tutorials_interfaces -- -j12 -l12
[0.621s] [  3%] Built target action_tutorials_interfaces__cpp
[0.622s] [ 12%] Built target action_tutorials_interfaces__rosidl_generator_c
[0.623s] [ 22%] Built target action_tutorials_interfaces__rosidl_typesupport_c
[0.625s] [ 32%] Built target action_tutorials_interfaces__rosidl_typesupport_cpp
[0.626s] [ 41%] Built target action_tutorials_interfaces__rosidl_typesupport_introspection_cpp
[0.626s] [ 51%] Built target action_tutorials_interfaces__rosidl_typesupport_fastrtps_cpp
[0.626s] [ 61%] Built target action_tutorials_interfaces__rosidl_typesupport_introspection_c
[0.626s] [ 70%] Built target action_tutorials_interfaces__rosidl_typesupport_fastrtps_c
[0.626s] [ 70%] Built target action_tutorials_interfaces
[0.629s] [ 74%] Built target action_tutorials_interfaces__py
[0.629s] [ 80%] Built target action_tutorials_interfaces__python
[0.630s] [ 87%] Built target action_tutorials_interfaces__rosidl_typesupport_c__pyext
[0.630s] [ 93%] Built target action_tutorials_interfaces__rosidl_typesupport_fastrtps_c__pyext
[0.632s] [100%] Built target action_tutorials_interfaces__rosidl_typesupport_introspection_c__pyext
[0.635s] Invoked command in '/home/sam/AST_Robot_Warehouse/build/action_tutorials_interfaces' returned '0': CMAKE_PREFIX_PATH=${CMAKE_PREFIX_PATH}:/home/sam/AST_Robot_Warehouse/install/warehouse_robot_package:/home/sam/AST_Robot_Warehouse/install/py_srvcli:/home/sam/AST_Robot_Warehouse/install/py_pubsub:/opt/ros/foxy /usr/bin/cmake --build /home/sam/AST_Robot_Warehouse/build/action_tutorials_interfaces -- -j12 -l12
[0.684s] Invoking command in '/home/sam/AST_Robot_Warehouse/build/action_tutorials_interfaces': CMAKE_PREFIX_PATH=${CMAKE_PREFIX_PATH}:/home/sam/AST_Robot_Warehouse/install/warehouse_robot_package:/home/sam/AST_Robot_Warehouse/install/py_srvcli:/home/sam/AST_Robot_Warehouse/install/py_pubsub:/opt/ros/foxy /usr/bin/cmake --install /home/sam/AST_Robot_Warehouse/build/action_tutorials_interfaces
[0.696s] -- Install configuration: ""
[0.697s] -- Up-to-date: /home/sam/AST_Robot_Warehouse/install/action_tutorials_interfaces/share/ament_index/resource_index/rosidl_interfaces/action_tutorials_interfaces
[0.697s] -- Up-to-date: /home/sam/AST_Robot_Warehouse/install/action_tutorials_interfaces/include/action_tutorials_interfaces
[0.697s] -- Up-to-date: /home/sam/AST_Robot_Warehouse/install/action_tutorials_interfaces/include/action_tutorials_interfaces/action
[0.697s] -- Up-to-date: /home/sam/AST_Robot_Warehouse/install/action_tutorials_interfaces/include/action_tutorials_interfaces/action/fibonacci.h
[0.698s] -- Up-to-date: /home/sam/AST_Robot_Warehouse/install/action_tutorials_interfaces/include/action_tutorials_interfaces/action/detail
[0.698s] -- Up-to-date: /home/sam/AST_Robot_Warehouse/install/action_tutorials_interfaces/include/action_tutorials_interfaces/action/detail/fibonacci__functions.c
[0.698s] -- Up-to-date: /home/sam/AST_Robot_Warehouse/install/action_tutorials_interfaces/include/action_tutorials_interfaces/action/detail/fibonacci__functions.h
[0.698s] -- Up-to-date: /home/sam/AST_Robot_Warehouse/install/action_tutorials_interfaces/include/action_tutorials_interfaces/action/detail/fibonacci__struct.h
[0.698s] -- Up-to-date: /home/sam/AST_Robot_Warehouse/install/action_tutorials_interfaces/include/action_tutorials_interfaces/action/detail/fibonacci__type_support.h
[0.699s] -- Up-to-date: /home/sam/AST_Robot_Warehouse/install/action_tutorials_interfaces/include/action_tutorials_interfaces/msg
[0.699s] -- Up-to-date: /home/sam/AST_Robot_Warehouse/install/action_tutorials_interfaces/include/action_tutorials_interfaces/msg/rosidl_generator_c__visibility_control.h
[0.699s] -- Up-to-date: /home/sam/AST_Robot_Warehouse/install/action_tutorials_interfaces/share/action_tutorials_interfaces/environment/library_path.sh
[0.699s] -- Up-to-date: /home/sam/AST_Robot_Warehouse/install/action_tutorials_interfaces/share/action_tutorials_interfaces/environment/library_path.dsv
[0.700s] -- Up-to-date: /home/sam/AST_Robot_Warehouse/install/action_tutorials_interfaces/lib/libaction_tutorials_interfaces__rosidl_generator_c.so
[0.700s] -- Up-to-date: /home/sam/AST_Robot_Warehouse/install/action_tutorials_interfaces/include/action_tutorials_interfaces
[0.700s] -- Up-to-date: /home/sam/AST_Robot_Warehouse/install/action_tutorials_interfaces/include/action_tutorials_interfaces/action
[0.700s] -- Up-to-date: /home/sam/AST_Robot_Warehouse/install/action_tutorials_interfaces/include/action_tutorials_interfaces/action/detail
[0.700s] -- Up-to-date: /home/sam/AST_Robot_Warehouse/install/action_tutorials_interfaces/include/action_tutorials_interfaces/action/detail/fibonacci__rosidl_typesupport_fastrtps_c.h
[0.701s] -- Up-to-date: /home/sam/AST_Robot_Warehouse/install/action_tutorials_interfaces/include/action_tutorials_interfaces/msg
[0.701s] -- Up-to-date: /home/sam/AST_Robot_Warehouse/install/action_tutorials_interfaces/include/action_tutorials_interfaces/msg/rosidl_typesupport_fastrtps_c__visibility_control.h
[0.701s] -- Up-to-date: /home/sam/AST_Robot_Warehouse/install/action_tutorials_interfaces/lib/libaction_tutorials_interfaces__rosidl_typesupport_fastrtps_c.so
[0.701s] -- Up-to-date: /home/sam/AST_Robot_Warehouse/install/action_tutorials_interfaces/include/action_tutorials_interfaces
[0.702s] -- Up-to-date: /home/sam/AST_Robot_Warehouse/install/action_tutorials_interfaces/include/action_tutorials_interfaces/action
[0.702s] -- Up-to-date: /home/sam/AST_Robot_Warehouse/install/action_tutorials_interfaces/include/action_tutorials_interfaces/action/detail
[0.702s] -- Up-to-date: /home/sam/AST_Robot_Warehouse/install/action_tutorials_interfaces/include/action_tutorials_interfaces/action/detail/fibonacci__rosidl_typesupport_fastrtps_cpp.hpp
[0.702s] -- Up-to-date: /home/sam/AST_Robot_Warehouse/install/action_tutorials_interfaces/include/action_tutorials_interfaces/action/detail/dds_fastrtps
[0.702s] -- Up-to-date: /home/sam/AST_Robot_Warehouse/install/action_tutorials_interfaces/include/action_tutorials_interfaces/msg
[0.702s] -- Up-to-date: /home/sam/AST_Robot_Warehouse/install/action_tutorials_interfaces/include/action_tutorials_interfaces/msg/rosidl_typesupport_fastrtps_cpp__visibility_control.h
[0.702s] -- Up-to-date: /home/sam/AST_Robot_Warehouse/install/action_tutorials_interfaces/lib/libaction_tutorials_interfaces__rosidl_typesupport_fastrtps_cpp.so
[0.703s] -- Up-to-date: /home/sam/AST_Robot_Warehouse/install/action_tutorials_interfaces/include/action_tutorials_interfaces
[0.703s] -- Up-to-date: /home/sam/AST_Robot_Warehouse/install/action_tutorials_interfaces/include/action_tutorials_interfaces/action
[0.703s] -- Up-to-date: /home/sam/AST_Robot_Warehouse/install/action_tutorials_interfaces/include/action_tutorials_interfaces/action/detail
[0.703s] -- Up-to-date: /home/sam/AST_Robot_Warehouse/install/action_tutorials_interfaces/include/action_tutorials_interfaces/action/detail/fibonacci__rosidl_typesupport_introspection_c.h
[0.703s] -- Up-to-date: /home/sam/AST_Robot_Warehouse/install/action_tutorials_interfaces/include/action_tutorials_interfaces/action/detail/fibonacci__type_support.c
[0.703s] -- Up-to-date: /home/sam/AST_Robot_Warehouse/install/action_tutorials_interfaces/include/action_tutorials_interfaces/msg
[0.703s] -- Up-to-date: /home/sam/AST_Robot_Warehouse/install/action_tutorials_interfaces/include/action_tutorials_interfaces/msg/rosidl_typesupport_introspection_c__visibility_control.h
[0.704s] -- Up-to-date: /home/sam/AST_Robot_Warehouse/install/action_tutorials_interfaces/lib/libaction_tutorials_interfaces__rosidl_typesupport_introspection_c.so
[0.704s] -- Up-to-date: /home/sam/AST_Robot_Warehouse/install/action_tutorials_interfaces/lib/libaction_tutorials_interfaces__rosidl_typesupport_c.so
[0.704s] -- Up-to-date: /home/sam/AST_Robot_Warehouse/install/action_tutorials_interfaces/include/action_tutorials_interfaces
[0.704s] -- Up-to-date: /home/sam/AST_Robot_Warehouse/install/action_tutorials_interfaces/include/action_tutorials_interfaces/action
[0.704s] -- Up-to-date: /home/sam/AST_Robot_Warehouse/install/action_tutorials_interfaces/include/action_tutorials_interfaces/action/detail
[0.704s] -- Up-to-date: /home/sam/AST_Robot_Warehouse/install/action_tutorials_interfaces/include/action_tutorials_interfaces/action/detail/fibonacci__builder.hpp
[0.704s] -- Up-to-date: /home/sam/AST_Robot_Warehouse/install/action_tutorials_interfaces/include/action_tutorials_interfaces/action/detail/fibonacci__struct.hpp
[0.704s] -- Up-to-date: /home/sam/AST_Robot_Warehouse/install/action_tutorials_interfaces/include/action_tutorials_interfaces/action/detail/fibonacci__traits.hpp
[0.705s] -- Up-to-date: /home/sam/AST_Robot_Warehouse/install/action_tutorials_interfaces/include/action_tutorials_interfaces/action/fibonacci.hpp
[0.705s] -- Up-to-date: /home/sam/AST_Robot_Warehouse/install/action_tutorials_interfaces/include/action_tutorials_interfaces
[0.705s] -- Up-to-date: /home/sam/AST_Robot_Warehouse/install/action_tutorials_interfaces/include/action_tutorials_interfaces/action
[0.705s] -- Up-to-date: /home/sam/AST_Robot_Warehouse/install/action_tutorials_interfaces/include/action_tutorials_interfaces/action/detail
[0.705s] -- Up-to-date: /home/sam/AST_Robot_Warehouse/install/action_tutorials_interfaces/include/action_tutorials_interfaces/action/detail/fibonacci__rosidl_typesupport_introspection_cpp.hpp
[0.705s] -- Up-to-date: /home/sam/AST_Robot_Warehouse/install/action_tutorials_interfaces/include/action_tutorials_interfaces/action/detail/fibonacci__type_support.cpp
[0.705s] -- Up-to-date: /home/sam/AST_Robot_Warehouse/install/action_tutorials_interfaces/lib/libaction_tutorials_interfaces__rosidl_typesupport_introspection_cpp.so
[0.705s] -- Up-to-date: /home/sam/AST_Robot_Warehouse/install/action_tutorials_interfaces/lib/libaction_tutorials_interfaces__rosidl_typesupport_cpp.so
[0.705s] -- Up-to-date: /home/sam/AST_Robot_Warehouse/install/action_tutorials_interfaces/share/action_tutorials_interfaces/environment/pythonpath.sh
[0.706s] -- Up-to-date: /home/sam/AST_Robot_Warehouse/install/action_tutorials_interfaces/share/action_tutorials_interfaces/environment/pythonpath.dsv
[0.706s] -- Up-to-date: /home/sam/AST_Robot_Warehouse/install/action_tutorials_interfaces/lib/python3.8/site-packages/action_tutorials_interfaces/__init__.py
[0.744s] -- Up-to-date: /home/sam/AST_Robot_Warehouse/install/action_tutorials_interfaces/lib/python3.8/site-packages/action_tutorials_interfaces/action
[0.744s] -- Up-to-date: /home/sam/AST_Robot_Warehouse/install/action_tutorials_interfaces/lib/python3.8/site-packages/action_tutorials_interfaces/action/__init__.py
[0.744s] -- Up-to-date: /home/sam/AST_Robot_Warehouse/install/action_tutorials_interfaces/lib/python3.8/site-packages/action_tutorials_interfaces/action/_fibonacci_s.c
[0.744s] -- Up-to-date: /home/sam/AST_Robot_Warehouse/install/action_tutorials_interfaces/lib/python3.8/site-packages/action_tutorials_interfaces/action/_fibonacci.py
[0.744s] -- Up-to-date: /home/sam/AST_Robot_Warehouse/install/action_tutorials_interfaces/lib/python3.8/site-packages/action_tutorials_interfaces/action_tutorials_interfaces_s__rosidl_typesupport_fastrtps_c.cpython-38-x86_64-linux-gnu.so
[0.745s] -- Up-to-date: /home/sam/AST_Robot_Warehouse/install/action_tutorials_interfaces/lib/python3.8/site-packages/action_tutorials_interfaces/action_tutorials_interfaces_s__rosidl_typesupport_introspection_c.cpython-38-x86_64-linux-gnu.so
[0.746s] -- Up-to-date: /home/sam/AST_Robot_Warehouse/install/action_tutorials_interfaces/lib/python3.8/site-packages/action_tutorials_interfaces/action_tutorials_interfaces_s__rosidl_typesupport_c.cpython-38-x86_64-linux-gnu.so
[0.746s] -- Up-to-date: /home/sam/AST_Robot_Warehouse/install/action_tutorials_interfaces/lib/libaction_tutorials_interfaces__python.so
[0.747s] -- Up-to-date: /home/sam/AST_Robot_Warehouse/install/action_tutorials_interfaces/share/action_tutorials_interfaces/action/Fibonacci.idl
[0.747s] -- Up-to-date: /home/sam/AST_Robot_Warehouse/install/action_tutorials_interfaces/share/action_tutorials_interfaces/action/Fibonacci.action
[0.747s] -- Up-to-date: /home/sam/AST_Robot_Warehouse/install/action_tutorials_interfaces/share/ament_index/resource_index/package_run_dependencies/action_tutorials_interfaces
[0.748s] -- Up-to-date: /home/sam/AST_Robot_Warehouse/install/action_tutorials_interfaces/share/ament_index/resource_index/parent_prefix_path/action_tutorials_interfaces
[0.748s] -- Up-to-date: /home/sam/AST_Robot_Warehouse/install/action_tutorials_interfaces/share/action_tutorials_interfaces/environment/ament_prefix_path.sh
[0.748s] -- Up-to-date: /home/sam/AST_Robot_Warehouse/install/action_tutorials_interfaces/share/action_tutorials_interfaces/environment/ament_prefix_path.dsv
[0.748s] -- Up-to-date: /home/sam/AST_Robot_Warehouse/install/action_tutorials_interfaces/share/action_tutorials_interfaces/environment/path.sh
[0.748s] -- Up-to-date: /home/sam/AST_Robot_Warehouse/install/action_tutorials_interfaces/share/action_tutorials_interfaces/environment/path.dsv
[0.749s] -- Up-to-date: /home/sam/AST_Robot_Warehouse/install/action_tutorials_interfaces/share/action_tutorials_interfaces/local_setup.bash
[0.749s] -- Up-to-date: /home/sam/AST_Robot_Warehouse/install/action_tutorials_interfaces/share/action_tutorials_interfaces/local_setup.sh
[0.749s] -- Up-to-date: /home/sam/AST_Robot_Warehouse/install/action_tutorials_interfaces/share/action_tutorials_interfaces/local_setup.zsh
[0.749s] -- Up-to-date: /home/sam/AST_Robot_Warehouse/install/action_tutorials_interfaces/share/action_tutorials_interfaces/local_setup.dsv
[0.750s] -- Installing: /home/sam/AST_Robot_Warehouse/install/action_tutorials_interfaces/share/action_tutorials_interfaces/package.dsv
[0.750s] -- Up-to-date: /home/sam/AST_Robot_Warehouse/install/action_tutorials_interfaces/share/ament_index/resource_index/packages/action_tutorials_interfaces
[0.750s] -- Up-to-date: /home/sam/AST_Robot_Warehouse/install/action_tutorials_interfaces/share/action_tutorials_interfaces/cmake/action_tutorials_interfaces__rosidl_generator_cExport.cmake
[0.750s] -- Up-to-date: /home/sam/AST_Robot_Warehouse/install/action_tutorials_interfaces/share/action_tutorials_interfaces/cmake/action_tutorials_interfaces__rosidl_generator_cExport-noconfig.cmake
[0.751s] -- Up-to-date: /home/sam/AST_Robot_Warehouse/install/action_tutorials_interfaces/share/action_tutorials_interfaces/cmake/action_tutorials_interfaces__rosidl_typesupport_introspection_cExport.cmake
[0.751s] -- Up-to-date: /home/sam/AST_Robot_Warehouse/install/action_tutorials_interfaces/share/action_tutorials_interfaces/cmake/action_tutorials_interfaces__rosidl_typesupport_introspection_cExport-noconfig.cmake
[0.751s] -- Up-to-date: /home/sam/AST_Robot_Warehouse/install/action_tutorials_interfaces/share/action_tutorials_interfaces/cmake/action_tutorials_interfaces__rosidl_typesupport_cExport.cmake
[0.751s] -- Up-to-date: /home/sam/AST_Robot_Warehouse/install/action_tutorials_interfaces/share/action_tutorials_interfaces/cmake/action_tutorials_interfaces__rosidl_typesupport_cExport-noconfig.cmake
[0.751s] -- Up-to-date: /home/sam/AST_Robot_Warehouse/install/action_tutorials_interfaces/share/action_tutorials_interfaces/cmake/action_tutorials_interfaces__rosidl_generator_cppExport.cmake
[0.751s] -- Up-to-date: /home/sam/AST_Robot_Warehouse/install/action_tutorials_interfaces/share/action_tutorials_interfaces/cmake/action_tutorials_interfaces__rosidl_typesupport_introspection_cppExport.cmake
[0.752s] -- Up-to-date: /home/sam/AST_Robot_Warehouse/install/action_tutorials_interfaces/share/action_tutorials_interfaces/cmake/action_tutorials_interfaces__rosidl_typesupport_introspection_cppExport-noconfig.cmake
[0.752s] -- Up-to-date: /home/sam/AST_Robot_Warehouse/install/action_tutorials_interfaces/share/action_tutorials_interfaces/cmake/action_tutorials_interfaces__rosidl_typesupport_cppExport.cmake
[0.752s] -- Up-to-date: /home/sam/AST_Robot_Warehouse/install/action_tutorials_interfaces/share/action_tutorials_interfaces/cmake/action_tutorials_interfaces__rosidl_typesupport_cppExport-noconfig.cmake
[0.752s] -- Up-to-date: /home/sam/AST_Robot_Warehouse/install/action_tutorials_interfaces/share/action_tutorials_interfaces/cmake/rosidl_cmake-extras.cmake
[0.752s] -- Up-to-date: /home/sam/AST_Robot_Warehouse/install/action_tutorials_interfaces/share/action_tutorials_interfaces/cmake/ament_cmake_export_dependencies-extras.cmake
[0.752s] -- Up-to-date: /home/sam/AST_Robot_Warehouse/install/action_tutorials_interfaces/share/action_tutorials_interfaces/cmake/ament_cmake_export_libraries-extras.cmake
[0.752s] -- Up-to-date: /home/sam/AST_Robot_Warehouse/install/action_tutorials_interfaces/share/action_tutorials_interfaces/cmake/ament_cmake_export_targets-extras.cmake
[0.753s] -- Up-to-date: /home/sam/AST_Robot_Warehouse/install/action_tutorials_interfaces/share/action_tutorials_interfaces/cmake/ament_cmake_export_include_directories-extras.cmake
[0.753s] -- Up-to-date: /home/sam/AST_Robot_Warehouse/install/action_tutorials_interfaces/share/action_tutorials_interfaces/cmake/rosidl_cmake_export_typesupport_libraries-extras.cmake
[0.754s] -- Up-to-date: /home/sam/AST_Robot_Warehouse/install/action_tutorials_interfaces/share/action_tutorials_interfaces/cmake/rosidl_cmake_export_typesupport_targets-extras.cmake
[0.756s] -- Up-to-date: /home/sam/AST_Robot_Warehouse/install/action_tutorials_interfaces/share/action_tutorials_interfaces/cmake/action_tutorials_interfacesConfig.cmake
[0.756s] -- Up-to-date: /home/sam/AST_Robot_Warehouse/install/action_tutorials_interfaces/share/action_tutorials_interfaces/cmake/action_tutorials_interfacesConfig-version.cmake
[0.757s] -- Up-to-date: /home/sam/AST_Robot_Warehouse/install/action_tutorials_interfaces/share/action_tutorials_interfaces/package.xml
[0.757s] Invoked command in '/home/sam/AST_Robot_Warehouse/build/action_tutorials_interfaces' returned '0': CMAKE_PREFIX_PATH=${CMAKE_PREFIX_PATH}:/home/sam/AST_Robot_Warehouse/install/warehouse_robot_package:/home/sam/AST_Robot_Warehouse/install/py_srvcli:/home/sam/AST_Robot_Warehouse/install/py_pubsub:/opt/ros/foxy /usr/bin/cmake --install /home/sam/AST_Robot_Warehouse/build/action_tutorials_interfaces
