[0.032s] Invoking command in '/home/sam/AST_Robot_Warehouse/build/messages_package': CMAKE_PREFIX_PATH=/opt/ros/foxy /usr/bin/cmake --build /home/sam/AST_Robot_Warehouse/build/messages_package -- -j12 -l12
[0.305s] -- Found ament_cmake: 0.9.9 (/opt/ros/foxy/share/ament_cmake/cmake)
[0.306s] -- Found PythonInterp: /usr/bin/python3 (found suitable version "3.8.10", minimum required is "3") 
[0.307s] -- Using PYTHON_EXECUTABLE: /usr/bin/python3
[0.369s] -- Found ament_lint_auto: 0.9.6 (/opt/ros/foxy/share/ament_lint_auto/cmake)
[0.444s] -- Found rosidl_default_generators: 1.0.1 (/opt/ros/foxy/share/rosidl_default_generators/cmake)
[0.447s] -- Using all available rosidl_typesupport_c: rosidl_typesupport_fastrtps_c;rosidl_typesupport_introspection_c
[0.452s] -- Found rosidl_adapter: 1.2.1 (/opt/ros/foxy/share/rosidl_adapter/cmake)
[0.618s] -- Using all available rosidl_typesupport_cpp: rosidl_typesupport_fastrtps_cpp;rosidl_typesupport_introspection_cpp
[0.678s] -- Found PythonInterp: /usr/bin/python3 (found version "3.8.10") 
[0.898s] -- Found ament_cmake_ros: 0.9.2 (/opt/ros/foxy/share/ament_cmake_ros/cmake)
[1.034s] -- Using all available rosidl_typesupport_c: rosidl_typesupport_fastrtps_c;rosidl_typesupport_introspection_c
[1.060s] -- Using all available rosidl_typesupport_cpp: rosidl_typesupport_fastrtps_cpp;rosidl_typesupport_introspection_cpp
[1.087s] -- Found PythonInterp: /usr/bin/python3 (found suitable version "3.8.10", minimum required is "3.5") 
[1.087s] -- Found python_cmake_module: 0.8.1 (/opt/ros/foxy/share/python_cmake_module/cmake)
[1.111s] -- Using PYTHON_EXECUTABLE: /usr/bin/python3
[1.111s] -- Using PYTHON_INCLUDE_DIRS: /usr/include/python3.8
[1.111s] -- Using PYTHON_LIBRARIES: /usr/lib/x86_64-linux-gnu/libpython3.8.so
[1.142s] -- Added test 'copyright' to check source files copyright and LICENSE
[1.144s] -- Added test 'cppcheck' to perform static code analysis on C / C++ code
[1.145s] -- Configured cppcheck include dirs: $<BUILD_INTERFACE:/home/sam/AST_Robot_Warehouse/src/messages_package/include>
[1.145s] -- Configured cppcheck exclude dirs and/or files: 
[1.146s] -- Added test 'cpplint' to check C / C++ code against the Google style
[1.146s] -- Configured cpplint exclude dirs and/or files: 
[1.147s] -- Added test 'lint_cmake' to check CMake code style
[1.149s] -- Added test 'uncrustify' to check C / C++ code style
[1.149s] -- Configured uncrustify additional arguments: 
[1.150s] -- Added test 'xmllint' to check XML markup files
[1.160s] -- Configuring done
[1.264s] -- Generating done
[1.268s] -- Build files have been written to: /home/sam/AST_Robot_Warehouse/build/messages_package
[1.300s] [  1%] [34m[1mGenerating C code for ROS interfaces[0m
[1.310s] [  2%] Built target messages_node
[1.310s] [  3%] [34m[1mGenerating C++ code for ROS interfaces[0m
[2.524s] [  3%] Built target messages_package__cpp
[2.540s] [  6%] [34m[1mGenerating C++ introspection for ROS interfaces[0m
[2.540s] [  6%] [34m[1mGenerating C++ type support dispatch for ROS interfaces[0m
[2.540s] [  6%] [34m[1mGenerating C++ type support for eProsima Fast-RTPS[0m
[2.677s] [35m[1mScanning dependencies of target messages_package__rosidl_generator_c[0m
[2.698s] [  7%] [32mBuilding C object CMakeFiles/messages_package__rosidl_generator_c.dir/rosidl_generator_c/messages_package/msg/detail/delivery__functions.c.o[0m
[2.699s] [  8%] [32mBuilding C object CMakeFiles/messages_package__rosidl_generator_c.dir/rosidl_generator_c/messages_package/msg/detail/item__functions.c.o[0m
[2.700s] [  8%] [32mBuilding C object CMakeFiles/messages_package__rosidl_generator_c.dir/rosidl_generator_c/messages_package/msg/detail/robot_distance__functions.c.o[0m
[2.700s] [  8%] [32mBuilding C object CMakeFiles/messages_package__rosidl_generator_c.dir/rosidl_generator_c/messages_package/srv/detail/delivery__functions.c.o[0m
[2.701s] [  9%] [32mBuilding C object CMakeFiles/messages_package__rosidl_generator_c.dir/rosidl_generator_c/messages_package/msg/detail/coordinates__functions.c.o[0m
[2.703s] [ 10%] [32mBuilding C object CMakeFiles/messages_package__rosidl_generator_c.dir/rosidl_generator_c/messages_package/msg/detail/robot_location__functions.c.o[0m
[2.704s] [ 11%] [32mBuilding C object CMakeFiles/messages_package__rosidl_generator_c.dir/rosidl_generator_c/messages_package/msg/detail/map__functions.c.o[0m
[2.711s] [ 12%] [32mBuilding C object CMakeFiles/messages_package__rosidl_generator_c.dir/rosidl_generator_c/messages_package/msg/detail/row__functions.c.o[0m
[2.712s] [ 13%] [32mBuilding C object CMakeFiles/messages_package__rosidl_generator_c.dir/rosidl_generator_c/messages_package/srv/detail/pick_up_item__functions.c.o[0m
[2.881s] [ 14%] [32mBuilding C object CMakeFiles/messages_package__rosidl_generator_c.dir/rosidl_generator_c/messages_package/srv/detail/put_down_item__functions.c.o[0m
[2.885s] [ 15%] [32mBuilding C object CMakeFiles/messages_package__rosidl_generator_c.dir/rosidl_generator_c/messages_package/action/detail/order__functions.c.o[0m
[2.885s] [ 15%] [32mBuilding C object CMakeFiles/messages_package__rosidl_generator_c.dir/rosidl_generator_c/messages_package/action/detail/move_item__functions.c.o[0m
[2.885s] [ 16%] [32mBuilding C object CMakeFiles/messages_package__rosidl_generator_c.dir/rosidl_generator_c/messages_package/action/detail/charge_robot__functions.c.o[0m
[3.028s] [ 17%] [32m[1mLinking C shared library libmessages_package__rosidl_generator_c.so[0m
[3.102s] [ 17%] Built target messages_package__rosidl_generator_c
[3.114s] [ 18%] [34m[1mGenerating C type support dispatch for ROS interfaces[0m
[3.115s] [ 18%] [34m[1mGenerating C introspection for ROS interfaces[0m
[3.464s] [35m[1mScanning dependencies of target messages_package__rosidl_typesupport_cpp[0m
[3.488s] [ 19%] [32mBuilding CXX object CMakeFiles/messages_package__rosidl_typesupport_cpp.dir/rosidl_typesupport_cpp/messages_package/msg/robot_distance__type_support.cpp.o[0m
[3.489s] [ 20%] [32mBuilding CXX object CMakeFiles/messages_package__rosidl_typesupport_cpp.dir/rosidl_typesupport_cpp/messages_package/msg/coordinates__type_support.cpp.o[0m
[3.489s] [ 21%] [32mBuilding CXX object CMakeFiles/messages_package__rosidl_typesupport_cpp.dir/rosidl_typesupport_cpp/messages_package/msg/robot_location__type_support.cpp.o[0m
[3.489s] [ 21%] [32mBuilding CXX object CMakeFiles/messages_package__rosidl_typesupport_cpp.dir/rosidl_typesupport_cpp/messages_package/msg/item__type_support.cpp.o[0m
[3.489s] [ 22%] [32mBuilding CXX object CMakeFiles/messages_package__rosidl_typesupport_cpp.dir/rosidl_typesupport_cpp/messages_package/msg/delivery__type_support.cpp.o[0m
[3.504s] [ 23%] [32mBuilding CXX object CMakeFiles/messages_package__rosidl_typesupport_cpp.dir/rosidl_typesupport_cpp/messages_package/msg/map__type_support.cpp.o[0m
[3.505s] [ 24%] [32mBuilding CXX object CMakeFiles/messages_package__rosidl_typesupport_cpp.dir/rosidl_typesupport_cpp/messages_package/srv/delivery__type_support.cpp.o[0m
[3.507s] [ 24%] [32mBuilding CXX object CMakeFiles/messages_package__rosidl_typesupport_cpp.dir/rosidl_typesupport_cpp/messages_package/msg/row__type_support.cpp.o[0m
[4.156s] [ 25%] [32mBuilding CXX object CMakeFiles/messages_package__rosidl_typesupport_cpp.dir/rosidl_typesupport_cpp/messages_package/srv/put_down_item__type_support.cpp.o[0m
[4.170s] [ 26%] [32mBuilding CXX object CMakeFiles/messages_package__rosidl_typesupport_cpp.dir/rosidl_typesupport_cpp/messages_package/srv/pick_up_item__type_support.cpp.o[0m
[4.189s] [ 27%] [32mBuilding CXX object CMakeFiles/messages_package__rosidl_typesupport_cpp.dir/rosidl_typesupport_cpp/messages_package/action/charge_robot__type_support.cpp.o[0m
[4.205s] [ 27%] [32mBuilding CXX object CMakeFiles/messages_package__rosidl_typesupport_cpp.dir/rosidl_typesupport_cpp/messages_package/action/move_item__type_support.cpp.o[0m
[4.210s] [ 28%] [32mBuilding CXX object CMakeFiles/messages_package__rosidl_typesupport_cpp.dir/rosidl_typesupport_cpp/messages_package/action/order__type_support.cpp.o[0m
[4.287s] [35m[1mScanning dependencies of target messages_package__rosidl_typesupport_introspection_cpp[0m
[4.325s] [ 29%] [32mBuilding CXX object CMakeFiles/messages_package__rosidl_typesupport_introspection_cpp.dir/rosidl_typesupport_introspection_cpp/messages_package/msg/detail/coordinates__type_support.cpp.o[0m
[4.327s] [ 29%] [32mBuilding CXX object CMakeFiles/messages_package__rosidl_typesupport_introspection_cpp.dir/rosidl_typesupport_introspection_cpp/messages_package/msg/detail/item__type_support.cpp.o[0m
[4.329s] [ 30%] [32mBuilding CXX object CMakeFiles/messages_package__rosidl_typesupport_introspection_cpp.dir/rosidl_typesupport_introspection_cpp/messages_package/msg/detail/delivery__type_support.cpp.o[0m
[4.368s] [ 31%] [32mBuilding CXX object CMakeFiles/messages_package__rosidl_typesupport_introspection_cpp.dir/rosidl_typesupport_introspection_cpp/messages_package/msg/detail/robot_distance__type_support.cpp.o[0m
[4.748s] [ 32%] [32mBuilding CXX object CMakeFiles/messages_package__rosidl_typesupport_introspection_cpp.dir/rosidl_typesupport_introspection_cpp/messages_package/msg/detail/robot_location__type_support.cpp.o[0m
[4.783s] [35m[1mScanning dependencies of target messages_package__rosidl_typesupport_c[0m
[4.844s] [ 33%] [32mBuilding CXX object CMakeFiles/messages_package__rosidl_typesupport_c.dir/rosidl_typesupport_c/messages_package/msg/coordinates__type_support.cpp.o[0m
[4.850s] [ 33%] [32mBuilding CXX object CMakeFiles/messages_package__rosidl_typesupport_introspection_cpp.dir/rosidl_typesupport_introspection_cpp/messages_package/msg/detail/map__type_support.cpp.o[0m
[4.863s] [ 33%] [32mBuilding CXX object CMakeFiles/messages_package__rosidl_typesupport_c.dir/rosidl_typesupport_c/messages_package/msg/delivery__type_support.cpp.o[0m
[4.888s] [ 34%] [32m[1mLinking CXX shared library libmessages_package__rosidl_typesupport_cpp.so[0m
[4.898s] [ 35%] [32mBuilding CXX object CMakeFiles/messages_package__rosidl_typesupport_c.dir/rosidl_typesupport_c/messages_package/msg/item__type_support.cpp.o[0m
[4.906s] [35m[1mScanning dependencies of target messages_package__rosidl_typesupport_fastrtps_cpp[0m
[4.914s] [ 36%] [32mBuilding CXX object CMakeFiles/messages_package__rosidl_typesupport_introspection_cpp.dir/rosidl_typesupport_introspection_cpp/messages_package/msg/detail/row__type_support.cpp.o[0m
[4.920s] [ 37%] [32mBuilding CXX object CMakeFiles/messages_package__rosidl_typesupport_c.dir/rosidl_typesupport_c/messages_package/msg/robot_distance__type_support.cpp.o[0m
[4.921s] [ 38%] [32mBuilding CXX object CMakeFiles/messages_package__rosidl_typesupport_c.dir/rosidl_typesupport_c/messages_package/msg/robot_location__type_support.cpp.o[0m
[4.934s] [ 39%] [32mBuilding CXX object CMakeFiles/messages_package__rosidl_typesupport_c.dir/rosidl_typesupport_c/messages_package/msg/map__type_support.cpp.o[0m
[4.961s] [ 40%] [32mBuilding CXX object CMakeFiles/messages_package__rosidl_typesupport_fastrtps_cpp.dir/rosidl_typesupport_fastrtps_cpp/messages_package/msg/detail/dds_fastrtps/coordinates__type_support.cpp.o[0m
[4.966s] [ 40%] [32mBuilding CXX object CMakeFiles/messages_package__rosidl_typesupport_c.dir/rosidl_typesupport_c/messages_package/msg/row__type_support.cpp.o[0m
[4.976s] [ 41%] [32mBuilding CXX object CMakeFiles/messages_package__rosidl_typesupport_c.dir/rosidl_typesupport_c/messages_package/srv/delivery__type_support.cpp.o[0m
[4.979s] [ 41%] [32mBuilding CXX object CMakeFiles/messages_package__rosidl_typesupport_fastrtps_cpp.dir/rosidl_typesupport_fastrtps_cpp/messages_package/msg/detail/dds_fastrtps/delivery__type_support.cpp.o[0m
[4.981s] [ 42%] [32mBuilding CXX object CMakeFiles/messages_package__rosidl_typesupport_introspection_cpp.dir/rosidl_typesupport_introspection_cpp/messages_package/srv/detail/delivery__type_support.cpp.o[0m
[4.986s] [ 43%] [32mBuilding CXX object CMakeFiles/messages_package__rosidl_typesupport_fastrtps_cpp.dir/rosidl_typesupport_fastrtps_cpp/messages_package/msg/detail/dds_fastrtps/item__type_support.cpp.o[0m
[5.007s] [ 43%] Built target messages_package__rosidl_typesupport_cpp
[5.043s] [ 44%] [32mBuilding CXX object CMakeFiles/messages_package__rosidl_typesupport_c.dir/rosidl_typesupport_c/messages_package/srv/pick_up_item__type_support.cpp.o[0m
[5.044s] [ 45%] [32mBuilding CXX object CMakeFiles/messages_package__rosidl_typesupport_c.dir/rosidl_typesupport_c/messages_package/srv/put_down_item__type_support.cpp.o[0m
[5.078s] [ 46%] [32mBuilding CXX object CMakeFiles/messages_package__rosidl_typesupport_introspection_cpp.dir/rosidl_typesupport_introspection_cpp/messages_package/srv/detail/pick_up_item__type_support.cpp.o[0m
[5.090s] [ 46%] [32mBuilding CXX object CMakeFiles/messages_package__rosidl_typesupport_introspection_cpp.dir/rosidl_typesupport_introspection_cpp/messages_package/srv/detail/put_down_item__type_support.cpp.o[0m
[5.100s] [ 46%] [32mBuilding CXX object CMakeFiles/messages_package__rosidl_typesupport_c.dir/rosidl_typesupport_c/messages_package/action/charge_robot__type_support.cpp.o[0m
[5.117s] [ 47%] [32mBuilding CXX object CMakeFiles/messages_package__rosidl_typesupport_c.dir/rosidl_typesupport_c/messages_package/action/move_item__type_support.cpp.o[0m
[5.242s] [ 48%] [32mBuilding CXX object CMakeFiles/messages_package__rosidl_typesupport_c.dir/rosidl_typesupport_c/messages_package/action/order__type_support.cpp.o[0m
[5.255s] [ 49%] [32mBuilding CXX object CMakeFiles/messages_package__rosidl_typesupport_introspection_cpp.dir/rosidl_typesupport_introspection_cpp/messages_package/action/detail/charge_robot__type_support.cpp.o[0m
[5.358s] [ 50%] [32mBuilding CXX object CMakeFiles/messages_package__rosidl_typesupport_introspection_cpp.dir/rosidl_typesupport_introspection_cpp/messages_package/action/detail/move_item__type_support.cpp.o[0m
[5.371s] [ 51%] [32m[1mLinking CXX shared library libmessages_package__rosidl_typesupport_c.so[0m
[5.459s] [ 52%] [32mBuilding CXX object CMakeFiles/messages_package__rosidl_typesupport_introspection_cpp.dir/rosidl_typesupport_introspection_cpp/messages_package/action/detail/order__type_support.cpp.o[0m
[5.481s] [35m[1mScanning dependencies of target messages_package__rosidl_typesupport_introspection_c[0m
[5.497s] [ 52%] Built target messages_package__rosidl_typesupport_c
[5.526s] [ 53%] [32mBuilding CXX object CMakeFiles/messages_package__rosidl_typesupport_fastrtps_cpp.dir/rosidl_typesupport_fastrtps_cpp/messages_package/msg/detail/dds_fastrtps/robot_distance__type_support.cpp.o[0m
[5.526s] [ 54%] [32mBuilding CXX object CMakeFiles/messages_package__rosidl_typesupport_fastrtps_cpp.dir/rosidl_typesupport_fastrtps_cpp/messages_package/msg/detail/dds_fastrtps/robot_location__type_support.cpp.o[0m
[5.543s] [ 55%] [32mBuilding C object CMakeFiles/messages_package__rosidl_typesupport_introspection_c.dir/rosidl_typesupport_introspection_c/messages_package/msg/detail/coordinates__type_support.c.o[0m
[5.569s] [ 56%] [32mBuilding C object CMakeFiles/messages_package__rosidl_typesupport_introspection_c.dir/rosidl_typesupport_introspection_c/messages_package/msg/detail/delivery__type_support.c.o[0m
[5.630s] [ 57%] [32mBuilding C object CMakeFiles/messages_package__rosidl_typesupport_introspection_c.dir/rosidl_typesupport_introspection_c/messages_package/msg/detail/item__type_support.c.o[0m
[5.668s] [ 57%] [32mBuilding C object CMakeFiles/messages_package__rosidl_typesupport_introspection_c.dir/rosidl_typesupport_introspection_c/messages_package/msg/detail/robot_location__type_support.c.o[0m
[5.669s] [ 58%] [32mBuilding C object CMakeFiles/messages_package__rosidl_typesupport_introspection_c.dir/rosidl_typesupport_introspection_c/messages_package/msg/detail/robot_distance__type_support.c.o[0m
[5.696s] [ 59%] [32mBuilding C object CMakeFiles/messages_package__rosidl_typesupport_introspection_c.dir/rosidl_typesupport_introspection_c/messages_package/msg/detail/map__type_support.c.o[0m
[5.702s] [ 59%] [32mBuilding CXX object CMakeFiles/messages_package__rosidl_typesupport_fastrtps_cpp.dir/rosidl_typesupport_fastrtps_cpp/messages_package/msg/detail/dds_fastrtps/map__type_support.cpp.o[0m
[5.728s] [ 60%] [32mBuilding C object CMakeFiles/messages_package__rosidl_typesupport_introspection_c.dir/rosidl_typesupport_introspection_c/messages_package/msg/detail/row__type_support.c.o[0m
[5.731s] [ 61%] [32mBuilding CXX object CMakeFiles/messages_package__rosidl_typesupport_fastrtps_cpp.dir/rosidl_typesupport_fastrtps_cpp/messages_package/msg/detail/dds_fastrtps/row__type_support.cpp.o[0m
[5.798s] [ 62%] [32mBuilding C object CMakeFiles/messages_package__rosidl_typesupport_introspection_c.dir/rosidl_typesupport_introspection_c/messages_package/srv/detail/delivery__type_support.c.o[0m
[5.802s] [ 62%] [32mBuilding C object CMakeFiles/messages_package__rosidl_typesupport_introspection_c.dir/rosidl_typesupport_introspection_c/messages_package/srv/detail/pick_up_item__type_support.c.o[0m
[5.908s] [ 63%] [32mBuilding CXX object CMakeFiles/messages_package__rosidl_typesupport_fastrtps_cpp.dir/rosidl_typesupport_fastrtps_cpp/messages_package/srv/detail/dds_fastrtps/delivery__type_support.cpp.o[0m
[5.913s] [ 64%] [32mBuilding CXX object CMakeFiles/messages_package__rosidl_typesupport_fastrtps_cpp.dir/rosidl_typesupport_fastrtps_cpp/messages_package/srv/detail/dds_fastrtps/pick_up_item__type_support.cpp.o[0m
[5.931s] [ 65%] [32mBuilding CXX object CMakeFiles/messages_package__rosidl_typesupport_fastrtps_cpp.dir/rosidl_typesupport_fastrtps_cpp/messages_package/srv/detail/dds_fastrtps/put_down_item__type_support.cpp.o[0m
[5.941s] [ 66%] [32mBuilding C object CMakeFiles/messages_package__rosidl_typesupport_introspection_c.dir/rosidl_typesupport_introspection_c/messages_package/srv/detail/put_down_item__type_support.c.o[0m
[5.948s] [ 66%] [32mBuilding CXX object CMakeFiles/messages_package__rosidl_typesupport_fastrtps_cpp.dir/rosidl_typesupport_fastrtps_cpp/messages_package/action/detail/dds_fastrtps/charge_robot__type_support.cpp.o[0m
[5.982s] [ 67%] [32mBuilding CXX object CMakeFiles/messages_package__rosidl_typesupport_fastrtps_cpp.dir/rosidl_typesupport_fastrtps_cpp/messages_package/action/detail/dds_fastrtps/move_item__type_support.cpp.o[0m
[6.034s] [ 68%] [32mBuilding C object CMakeFiles/messages_package__rosidl_typesupport_introspection_c.dir/rosidl_typesupport_introspection_c/messages_package/action/detail/charge_robot__type_support.c.o[0m
[6.190s] [ 69%] [32mBuilding C object CMakeFiles/messages_package__rosidl_typesupport_introspection_c.dir/rosidl_typesupport_introspection_c/messages_package/action/detail/move_item__type_support.c.o[0m
[6.208s] [ 70%] [32mBuilding CXX object CMakeFiles/messages_package__rosidl_typesupport_fastrtps_cpp.dir/rosidl_typesupport_fastrtps_cpp/messages_package/action/detail/dds_fastrtps/order__type_support.cpp.o[0m
[6.232s] [ 71%] [32m[1mLinking CXX shared library libmessages_package__rosidl_typesupport_introspection_cpp.so[0m
[6.314s] [ 72%] [32mBuilding C object CMakeFiles/messages_package__rosidl_typesupport_introspection_c.dir/rosidl_typesupport_introspection_c/messages_package/action/detail/order__type_support.c.o[0m
[6.425s] [ 72%] [32m[1mLinking C shared library libmessages_package__rosidl_typesupport_introspection_c.so[0m
[6.446s] [ 72%] Built target messages_package__rosidl_typesupport_introspection_cpp
[6.496s] [ 72%] Built target messages_package__rosidl_typesupport_introspection_c
[6.949s] [ 73%] [32m[1mLinking CXX shared library libmessages_package__rosidl_typesupport_fastrtps_cpp.so[0m
[7.046s] [ 73%] Built target messages_package__rosidl_typesupport_fastrtps_cpp
[7.058s] [ 74%] [34m[1mGenerating C type support for eProsima Fast-RTPS[0m
[8.052s] [35m[1mScanning dependencies of target messages_package__rosidl_typesupport_fastrtps_c[0m
[8.090s] [ 76%] [32mBuilding CXX object CMakeFiles/messages_package__rosidl_typesupport_fastrtps_c.dir/rosidl_typesupport_fastrtps_c/messages_package/msg/detail/delivery__type_support_c.cpp.o[0m
[8.090s] [ 76%] [32mBuilding CXX object CMakeFiles/messages_package__rosidl_typesupport_fastrtps_c.dir/rosidl_typesupport_fastrtps_c/messages_package/msg/detail/coordinates__type_support_c.cpp.o[0m
[8.091s] [ 77%] [32mBuilding CXX object CMakeFiles/messages_package__rosidl_typesupport_fastrtps_c.dir/rosidl_typesupport_fastrtps_c/messages_package/msg/detail/robot_distance__type_support_c.cpp.o[0m
[8.091s] [ 78%] [32mBuilding CXX object CMakeFiles/messages_package__rosidl_typesupport_fastrtps_c.dir/rosidl_typesupport_fastrtps_c/messages_package/msg/detail/robot_location__type_support_c.cpp.o[0m
[8.091s] [ 79%] [32mBuilding CXX object CMakeFiles/messages_package__rosidl_typesupport_fastrtps_c.dir/rosidl_typesupport_fastrtps_c/messages_package/msg/detail/row__type_support_c.cpp.o[0m
[8.092s] [ 80%] [32mBuilding CXX object CMakeFiles/messages_package__rosidl_typesupport_fastrtps_c.dir/rosidl_typesupport_fastrtps_c/messages_package/srv/detail/delivery__type_support_c.cpp.o[0m
[8.092s] [ 76%] [32mBuilding CXX object CMakeFiles/messages_package__rosidl_typesupport_fastrtps_c.dir/rosidl_typesupport_fastrtps_c/messages_package/msg/detail/item__type_support_c.cpp.o[0m
[8.092s] [ 80%] [32mBuilding CXX object CMakeFiles/messages_package__rosidl_typesupport_fastrtps_c.dir/rosidl_typesupport_fastrtps_c/messages_package/srv/detail/put_down_item__type_support_c.cpp.o[0m
[8.092s] [ 81%] [32mBuilding CXX object CMakeFiles/messages_package__rosidl_typesupport_fastrtps_c.dir/rosidl_typesupport_fastrtps_c/messages_package/srv/detail/pick_up_item__type_support_c.cpp.o[0m
[8.098s] [ 81%] [32mBuilding CXX object CMakeFiles/messages_package__rosidl_typesupport_fastrtps_c.dir/rosidl_typesupport_fastrtps_c/messages_package/msg/detail/map__type_support_c.cpp.o[0m
[8.104s] [ 82%] [32mBuilding CXX object CMakeFiles/messages_package__rosidl_typesupport_fastrtps_c.dir/rosidl_typesupport_fastrtps_c/messages_package/action/detail/charge_robot__type_support_c.cpp.o[0m
[8.110s] [ 83%] [32mBuilding CXX object CMakeFiles/messages_package__rosidl_typesupport_fastrtps_c.dir/rosidl_typesupport_fastrtps_c/messages_package/action/detail/move_item__type_support_c.cpp.o[0m
[8.743s] [ 84%] [32mBuilding CXX object CMakeFiles/messages_package__rosidl_typesupport_fastrtps_c.dir/rosidl_typesupport_fastrtps_c/messages_package/action/detail/order__type_support_c.cpp.o[0m
[9.186s] [ 85%] [32m[1mLinking CXX shared library libmessages_package__rosidl_typesupport_fastrtps_c.so[0m
[9.274s] [ 85%] Built target messages_package__rosidl_typesupport_fastrtps_c
[9.292s] [ 85%] Built target messages_package
[9.311s] [ 86%] [34m[1mGenerating Python code for ROS interfaces[0m
[11.862s] [ 86%] Built target messages_package__py
[11.879s] [35m[1mScanning dependencies of target messages_package__python[0m
[11.920s] [ 86%] [32mBuilding C object CMakeFiles/messages_package__python.dir/rosidl_generator_py/messages_package/msg/_robot_location_s.c.o[0m
[11.920s] [ 86%] [32mBuilding C object CMakeFiles/messages_package__python.dir/rosidl_generator_py/messages_package/msg/_coordinates_s.c.o[0m
[11.920s] [ 87%] [32mBuilding C object CMakeFiles/messages_package__python.dir/rosidl_generator_py/messages_package/msg/_delivery_s.c.o[0m
[11.921s] [ 88%] [32mBuilding C object CMakeFiles/messages_package__python.dir/rosidl_generator_py/messages_package/msg/_item_s.c.o[0m
[11.921s] [ 89%] [32mBuilding C object CMakeFiles/messages_package__python.dir/rosidl_generator_py/messages_package/msg/_map_s.c.o[0m
[11.922s] [ 90%] [32mBuilding C object CMakeFiles/messages_package__python.dir/rosidl_generator_py/messages_package/srv/_pick_up_item_s.c.o[0m
[11.922s] [ 90%] [32mBuilding C object CMakeFiles/messages_package__python.dir/rosidl_generator_py/messages_package/srv/_put_down_item_s.c.o[0m
[11.923s] [ 91%] [32mBuilding C object CMakeFiles/messages_package__python.dir/rosidl_generator_py/messages_package/srv/_delivery_s.c.o[0m
[11.923s] [ 92%] [32mBuilding C object CMakeFiles/messages_package__python.dir/rosidl_generator_py/messages_package/action/_charge_robot_s.c.o[0m
[11.924s] [ 93%] [32mBuilding C object CMakeFiles/messages_package__python.dir/rosidl_generator_py/messages_package/action/_move_item_s.c.o[0m
[11.925s] [ 94%] [32mBuilding C object CMakeFiles/messages_package__python.dir/rosidl_generator_py/messages_package/msg/_row_s.c.o[0m
[11.927s] [ 95%] [32mBuilding C object CMakeFiles/messages_package__python.dir/rosidl_generator_py/messages_package/msg/_robot_distance_s.c.o[0m
[12.087s] [ 96%] [32mBuilding C object CMakeFiles/messages_package__python.dir/rosidl_generator_py/messages_package/action/_order_s.c.o[0m
[12.240s] [ 96%] [32m[1mLinking C shared library rosidl_generator_py/messages_package/libmessages_package__python.so[0m
[12.286s] [ 96%] Built target messages_package__python
[12.296s] [35m[1mScanning dependencies of target messages_package__rosidl_typesupport_introspection_c__pyext[0m
[12.296s] [35m[1mScanning dependencies of target messages_package__rosidl_typesupport_fastrtps_c__pyext[0m
[12.296s] [35m[1mScanning dependencies of target messages_package__rosidl_typesupport_c__pyext[0m
[12.314s] [ 96%] [32mBuilding C object CMakeFiles/messages_package__rosidl_typesupport_c__pyext.dir/rosidl_generator_py/messages_package/_messages_package_s.ep.rosidl_typesupport_c.c.o[0m
[12.314s] [ 97%] [32mBuilding C object CMakeFiles/messages_package__rosidl_typesupport_introspection_c__pyext.dir/rosidl_generator_py/messages_package/_messages_package_s.ep.rosidl_typesupport_introspection_c.c.o[0m
[12.318s] [ 97%] [32mBuilding C object CMakeFiles/messages_package__rosidl_typesupport_fastrtps_c__pyext.dir/rosidl_generator_py/messages_package/_messages_package_s.ep.rosidl_typesupport_fastrtps_c.c.o[0m
[12.517s] [ 98%] [32m[1mLinking C shared library rosidl_generator_py/messages_package/messages_package_s__rosidl_typesupport_introspection_c.cpython-38-x86_64-linux-gnu.so[0m
[12.526s] [ 99%] [32m[1mLinking C shared library rosidl_generator_py/messages_package/messages_package_s__rosidl_typesupport_c.cpython-38-x86_64-linux-gnu.so[0m
[12.532s] [100%] [32m[1mLinking CXX shared library rosidl_generator_py/messages_package/messages_package_s__rosidl_typesupport_fastrtps_c.cpython-38-x86_64-linux-gnu.so[0m
[12.565s] [100%] Built target messages_package__rosidl_typesupport_introspection_c__pyext
[12.576s] [100%] Built target messages_package__rosidl_typesupport_c__pyext
[12.611s] [100%] Built target messages_package__rosidl_typesupport_fastrtps_c__pyext
[12.622s] Invoked command in '/home/sam/AST_Robot_Warehouse/build/messages_package' returned '0': CMAKE_PREFIX_PATH=/opt/ros/foxy /usr/bin/cmake --build /home/sam/AST_Robot_Warehouse/build/messages_package -- -j12 -l12
[12.812s] Invoking command in '/home/sam/AST_Robot_Warehouse/build/messages_package': CMAKE_PREFIX_PATH=/opt/ros/foxy /usr/bin/cmake --install /home/sam/AST_Robot_Warehouse/build/messages_package
[12.820s] -- Install configuration: ""
[12.820s] -- Up-to-date: /home/sam/AST_Robot_Warehouse/install/messages_package/lib/messages_package/messages_node
[12.820s] -- Up-to-date: /home/sam/AST_Robot_Warehouse/install/messages_package/share/ament_index/resource_index/rosidl_interfaces/messages_package
[12.820s] -- Up-to-date: /home/sam/AST_Robot_Warehouse/install/messages_package/include/messages_package
[12.821s] -- Up-to-date: /home/sam/AST_Robot_Warehouse/install/messages_package/include/messages_package/action
[12.821s] -- Installing: /home/sam/AST_Robot_Warehouse/install/messages_package/include/messages_package/action/move_item.h
[12.821s] -- Installing: /home/sam/AST_Robot_Warehouse/install/messages_package/include/messages_package/action/charge_robot.h
[12.821s] -- Up-to-date: /home/sam/AST_Robot_Warehouse/install/messages_package/include/messages_package/action/detail
[12.821s] -- Installing: /home/sam/AST_Robot_Warehouse/install/messages_package/include/messages_package/action/detail/order__type_support.h
[12.821s] -- Installing: /home/sam/AST_Robot_Warehouse/install/messages_package/include/messages_package/action/detail/charge_robot__struct.h
[12.821s] -- Installing: /home/sam/AST_Robot_Warehouse/install/messages_package/include/messages_package/action/detail/move_item__functions.c
[12.821s] -- Installing: /home/sam/AST_Robot_Warehouse/install/messages_package/include/messages_package/action/detail/order__struct.h
[12.821s] -- Installing: /home/sam/AST_Robot_Warehouse/install/messages_package/include/messages_package/action/detail/move_item__functions.h
[12.821s] -- Installing: /home/sam/AST_Robot_Warehouse/install/messages_package/include/messages_package/action/detail/move_item__struct.h
[12.821s] -- Installing: /home/sam/AST_Robot_Warehouse/install/messages_package/include/messages_package/action/detail/charge_robot__functions.c
[12.821s] -- Installing: /home/sam/AST_Robot_Warehouse/install/messages_package/include/messages_package/action/detail/charge_robot__type_support.h
[12.821s] -- Installing: /home/sam/AST_Robot_Warehouse/install/messages_package/include/messages_package/action/detail/order__functions.h
[12.821s] -- Installing: /home/sam/AST_Robot_Warehouse/install/messages_package/include/messages_package/action/detail/order__functions.c
[12.822s] -- Installing: /home/sam/AST_Robot_Warehouse/install/messages_package/include/messages_package/action/detail/charge_robot__functions.h
[12.822s] -- Installing: /home/sam/AST_Robot_Warehouse/install/messages_package/include/messages_package/action/detail/move_item__type_support.h
[12.822s] -- Installing: /home/sam/AST_Robot_Warehouse/install/messages_package/include/messages_package/action/order.h
[12.822s] -- Up-to-date: /home/sam/AST_Robot_Warehouse/install/messages_package/include/messages_package/srv
[12.822s] -- Installing: /home/sam/AST_Robot_Warehouse/install/messages_package/include/messages_package/srv/put_down_item.h
[12.822s] -- Installing: /home/sam/AST_Robot_Warehouse/install/messages_package/include/messages_package/srv/delivery.h
[12.822s] -- Installing: /home/sam/AST_Robot_Warehouse/install/messages_package/include/messages_package/srv/pick_up_item.h
[12.822s] -- Up-to-date: /home/sam/AST_Robot_Warehouse/install/messages_package/include/messages_package/srv/detail
[12.822s] -- Installing: /home/sam/AST_Robot_Warehouse/install/messages_package/include/messages_package/srv/detail/put_down_item__type_support.h
[12.822s] -- Installing: /home/sam/AST_Robot_Warehouse/install/messages_package/include/messages_package/srv/detail/delivery__functions.h
[12.822s] -- Installing: /home/sam/AST_Robot_Warehouse/install/messages_package/include/messages_package/srv/detail/pick_up_item__functions.h
[12.823s] -- Installing: /home/sam/AST_Robot_Warehouse/install/messages_package/include/messages_package/srv/detail/put_down_item__struct.h
[12.823s] -- Installing: /home/sam/AST_Robot_Warehouse/install/messages_package/include/messages_package/srv/detail/pick_up_item__struct.h
[12.823s] -- Installing: /home/sam/AST_Robot_Warehouse/install/messages_package/include/messages_package/srv/detail/put_down_item__functions.c
[12.823s] -- Installing: /home/sam/AST_Robot_Warehouse/install/messages_package/include/messages_package/srv/detail/pick_up_item__type_support.h
[12.823s] -- Installing: /home/sam/AST_Robot_Warehouse/install/messages_package/include/messages_package/srv/detail/delivery__type_support.h
[12.823s] -- Installing: /home/sam/AST_Robot_Warehouse/install/messages_package/include/messages_package/srv/detail/put_down_item__functions.h
[12.823s] -- Installing: /home/sam/AST_Robot_Warehouse/install/messages_package/include/messages_package/srv/detail/delivery__functions.c
[12.823s] -- Installing: /home/sam/AST_Robot_Warehouse/install/messages_package/include/messages_package/srv/detail/pick_up_item__functions.c
[12.823s] -- Installing: /home/sam/AST_Robot_Warehouse/install/messages_package/include/messages_package/srv/detail/delivery__struct.h
[12.824s] -- Up-to-date: /home/sam/AST_Robot_Warehouse/install/messages_package/include/messages_package/msg
[12.824s] -- Up-to-date: /home/sam/AST_Robot_Warehouse/install/messages_package/include/messages_package/msg/rosidl_generator_c__visibility_control.h
[12.824s] -- Installing: /home/sam/AST_Robot_Warehouse/install/messages_package/include/messages_package/msg/coordinates.h
[12.824s] -- Installing: /home/sam/AST_Robot_Warehouse/install/messages_package/include/messages_package/msg/row.h
[12.824s] -- Installing: /home/sam/AST_Robot_Warehouse/install/messages_package/include/messages_package/msg/map.h
[12.824s] -- Installing: /home/sam/AST_Robot_Warehouse/install/messages_package/include/messages_package/msg/robot_location.h
[12.824s] -- Installing: /home/sam/AST_Robot_Warehouse/install/messages_package/include/messages_package/msg/robot_distance.h
[12.824s] -- Installing: /home/sam/AST_Robot_Warehouse/install/messages_package/include/messages_package/msg/item.h
[12.824s] -- Installing: /home/sam/AST_Robot_Warehouse/install/messages_package/include/messages_package/msg/delivery.h
[12.824s] -- Up-to-date: /home/sam/AST_Robot_Warehouse/install/messages_package/include/messages_package/msg/detail
[12.824s] -- Installing: /home/sam/AST_Robot_Warehouse/install/messages_package/include/messages_package/msg/detail/robot_distance__functions.c
[12.824s] -- Installing: /home/sam/AST_Robot_Warehouse/install/messages_package/include/messages_package/msg/detail/robot_location__functions.c
[12.824s] -- Installing: /home/sam/AST_Robot_Warehouse/install/messages_package/include/messages_package/msg/detail/delivery__functions.h
[12.825s] -- Installing: /home/sam/AST_Robot_Warehouse/install/messages_package/include/messages_package/msg/detail/coordinates__functions.c
[12.825s] -- Installing: /home/sam/AST_Robot_Warehouse/install/messages_package/include/messages_package/msg/detail/row__functions.c
[12.825s] -- Installing: /home/sam/AST_Robot_Warehouse/install/messages_package/include/messages_package/msg/detail/robot_location__functions.h
[12.825s] -- Installing: /home/sam/AST_Robot_Warehouse/install/messages_package/include/messages_package/msg/detail/map__functions.h
[12.825s] -- Installing: /home/sam/AST_Robot_Warehouse/install/messages_package/include/messages_package/msg/detail/item__functions.h
[12.825s] -- Installing: /home/sam/AST_Robot_Warehouse/install/messages_package/include/messages_package/msg/detail/map__type_support.h
[12.825s] -- Installing: /home/sam/AST_Robot_Warehouse/install/messages_package/include/messages_package/msg/detail/item__struct.h
[12.825s] -- Installing: /home/sam/AST_Robot_Warehouse/install/messages_package/include/messages_package/msg/detail/delivery__type_support.h
[12.825s] -- Installing: /home/sam/AST_Robot_Warehouse/install/messages_package/include/messages_package/msg/detail/delivery__functions.c
[12.825s] -- Installing: /home/sam/AST_Robot_Warehouse/install/messages_package/include/messages_package/msg/detail/coordinates__type_support.h
[12.825s] -- Installing: /home/sam/AST_Robot_Warehouse/install/messages_package/include/messages_package/msg/detail/robot_location__type_support.h
[12.826s] -- Installing: /home/sam/AST_Robot_Warehouse/install/messages_package/include/messages_package/msg/detail/map__functions.c
[12.826s] -- Installing: /home/sam/AST_Robot_Warehouse/install/messages_package/include/messages_package/msg/detail/delivery__struct.h
[12.826s] -- Installing: /home/sam/AST_Robot_Warehouse/install/messages_package/include/messages_package/msg/detail/robot_location__struct.h
[12.826s] -- Installing: /home/sam/AST_Robot_Warehouse/install/messages_package/include/messages_package/msg/detail/robot_distance__type_support.h
[12.826s] -- Installing: /home/sam/AST_Robot_Warehouse/install/messages_package/include/messages_package/msg/detail/row__functions.h
[12.826s] -- Installing: /home/sam/AST_Robot_Warehouse/install/messages_package/include/messages_package/msg/detail/coordinates__struct.h
[12.826s] -- Installing: /home/sam/AST_Robot_Warehouse/install/messages_package/include/messages_package/msg/detail/robot_distance__functions.h
[12.826s] -- Installing: /home/sam/AST_Robot_Warehouse/install/messages_package/include/messages_package/msg/detail/item__type_support.h
[12.826s] -- Installing: /home/sam/AST_Robot_Warehouse/install/messages_package/include/messages_package/msg/detail/row__type_support.h
[12.826s] -- Installing: /home/sam/AST_Robot_Warehouse/install/messages_package/include/messages_package/msg/detail/item__functions.c
[12.826s] -- Installing: /home/sam/AST_Robot_Warehouse/install/messages_package/include/messages_package/msg/detail/coordinates__functions.h
[12.826s] -- Installing: /home/sam/AST_Robot_Warehouse/install/messages_package/include/messages_package/msg/detail/row__struct.h
[12.827s] -- Installing: /home/sam/AST_Robot_Warehouse/install/messages_package/include/messages_package/msg/detail/robot_distance__struct.h
[12.827s] -- Installing: /home/sam/AST_Robot_Warehouse/install/messages_package/include/messages_package/msg/detail/map__struct.h
[12.827s] -- Up-to-date: /home/sam/AST_Robot_Warehouse/install/messages_package/share/messages_package/environment/library_path.sh
[12.827s] -- Installing: /home/sam/AST_Robot_Warehouse/install/messages_package/share/messages_package/environment/library_path.dsv
[12.828s] -- Installing: /home/sam/AST_Robot_Warehouse/install/messages_package/lib/libmessages_package__rosidl_generator_c.so
[12.829s] -- Set runtime path of "/home/sam/AST_Robot_Warehouse/install/messages_package/lib/libmessages_package__rosidl_generator_c.so" to ""
[12.829s] -- Up-to-date: /home/sam/AST_Robot_Warehouse/install/messages_package/include/messages_package
[12.829s] -- Up-to-date: /home/sam/AST_Robot_Warehouse/install/messages_package/include/messages_package/action
[12.829s] -- Up-to-date: /home/sam/AST_Robot_Warehouse/install/messages_package/include/messages_package/action/detail
[12.829s] -- Installing: /home/sam/AST_Robot_Warehouse/install/messages_package/include/messages_package/action/detail/order__rosidl_typesupport_fastrtps_c.h
[12.829s] -- Installing: /home/sam/AST_Robot_Warehouse/install/messages_package/include/messages_package/action/detail/charge_robot__rosidl_typesupport_fastrtps_c.h
[12.829s] -- Installing: /home/sam/AST_Robot_Warehouse/install/messages_package/include/messages_package/action/detail/move_item__rosidl_typesupport_fastrtps_c.h
[12.829s] -- Up-to-date: /home/sam/AST_Robot_Warehouse/install/messages_package/include/messages_package/srv
[12.829s] -- Up-to-date: /home/sam/AST_Robot_Warehouse/install/messages_package/include/messages_package/srv/detail
[12.830s] -- Installing: /home/sam/AST_Robot_Warehouse/install/messages_package/include/messages_package/srv/detail/put_down_item__rosidl_typesupport_fastrtps_c.h
[12.830s] -- Installing: /home/sam/AST_Robot_Warehouse/install/messages_package/include/messages_package/srv/detail/pick_up_item__rosidl_typesupport_fastrtps_c.h
[12.830s] -- Installing: /home/sam/AST_Robot_Warehouse/install/messages_package/include/messages_package/srv/detail/delivery__rosidl_typesupport_fastrtps_c.h
[12.830s] -- Up-to-date: /home/sam/AST_Robot_Warehouse/install/messages_package/include/messages_package/msg
[12.830s] -- Up-to-date: /home/sam/AST_Robot_Warehouse/install/messages_package/include/messages_package/msg/rosidl_typesupport_fastrtps_c__visibility_control.h
[12.830s] -- Up-to-date: /home/sam/AST_Robot_Warehouse/install/messages_package/include/messages_package/msg/detail
[12.830s] -- Installing: /home/sam/AST_Robot_Warehouse/install/messages_package/include/messages_package/msg/detail/robot_distance__rosidl_typesupport_fastrtps_c.h
[12.830s] -- Installing: /home/sam/AST_Robot_Warehouse/install/messages_package/include/messages_package/msg/detail/coordinates__rosidl_typesupport_fastrtps_c.h
[12.830s] -- Installing: /home/sam/AST_Robot_Warehouse/install/messages_package/include/messages_package/msg/detail/robot_location__rosidl_typesupport_fastrtps_c.h
[12.831s] -- Installing: /home/sam/AST_Robot_Warehouse/install/messages_package/include/messages_package/msg/detail/item__rosidl_typesupport_fastrtps_c.h
[12.831s] -- Installing: /home/sam/AST_Robot_Warehouse/install/messages_package/include/messages_package/msg/detail/delivery__rosidl_typesupport_fastrtps_c.h
[12.831s] -- Installing: /home/sam/AST_Robot_Warehouse/install/messages_package/include/messages_package/msg/detail/row__rosidl_typesupport_fastrtps_c.h
[12.831s] -- Installing: /home/sam/AST_Robot_Warehouse/install/messages_package/include/messages_package/msg/detail/map__rosidl_typesupport_fastrtps_c.h
[12.831s] -- Installing: /home/sam/AST_Robot_Warehouse/install/messages_package/lib/libmessages_package__rosidl_typesupport_fastrtps_c.so
[12.832s] -- Set runtime path of "/home/sam/AST_Robot_Warehouse/install/messages_package/lib/libmessages_package__rosidl_typesupport_fastrtps_c.so" to ""
[12.832s] -- Up-to-date: /home/sam/AST_Robot_Warehouse/install/messages_package/include/messages_package
[12.832s] -- Up-to-date: /home/sam/AST_Robot_Warehouse/install/messages_package/include/messages_package/action
[12.832s] -- Up-to-date: /home/sam/AST_Robot_Warehouse/install/messages_package/include/messages_package/action/detail
[12.832s] -- Installing: /home/sam/AST_Robot_Warehouse/install/messages_package/include/messages_package/action/detail/order__rosidl_typesupport_fastrtps_cpp.hpp
[12.832s] -- Installing: /home/sam/AST_Robot_Warehouse/install/messages_package/include/messages_package/action/detail/charge_robot__rosidl_typesupport_fastrtps_cpp.hpp
[12.833s] -- Up-to-date: /home/sam/AST_Robot_Warehouse/install/messages_package/include/messages_package/action/detail/dds_fastrtps
[12.833s] -- Installing: /home/sam/AST_Robot_Warehouse/install/messages_package/include/messages_package/action/detail/move_item__rosidl_typesupport_fastrtps_cpp.hpp
[12.833s] -- Up-to-date: /home/sam/AST_Robot_Warehouse/install/messages_package/include/messages_package/srv
[12.833s] -- Up-to-date: /home/sam/AST_Robot_Warehouse/install/messages_package/include/messages_package/srv/detail
[12.833s] -- Installing: /home/sam/AST_Robot_Warehouse/install/messages_package/include/messages_package/srv/detail/pick_up_item__rosidl_typesupport_fastrtps_cpp.hpp
[12.833s] -- Installing: /home/sam/AST_Robot_Warehouse/install/messages_package/include/messages_package/srv/detail/put_down_item__rosidl_typesupport_fastrtps_cpp.hpp
[12.833s] -- Up-to-date: /home/sam/AST_Robot_Warehouse/install/messages_package/include/messages_package/srv/detail/dds_fastrtps
[12.833s] -- Installing: /home/sam/AST_Robot_Warehouse/install/messages_package/include/messages_package/srv/detail/delivery__rosidl_typesupport_fastrtps_cpp.hpp
[12.834s] -- Up-to-date: /home/sam/AST_Robot_Warehouse/install/messages_package/include/messages_package/msg
[12.834s] -- Up-to-date: /home/sam/AST_Robot_Warehouse/install/messages_package/include/messages_package/msg/rosidl_typesupport_fastrtps_cpp__visibility_control.h
[12.834s] -- Up-to-date: /home/sam/AST_Robot_Warehouse/install/messages_package/include/messages_package/msg/detail
[12.834s] -- Installing: /home/sam/AST_Robot_Warehouse/install/messages_package/include/messages_package/msg/detail/coordinates__rosidl_typesupport_fastrtps_cpp.hpp
[12.834s] -- Installing: /home/sam/AST_Robot_Warehouse/install/messages_package/include/messages_package/msg/detail/map__rosidl_typesupport_fastrtps_cpp.hpp
[12.834s] -- Installing: /home/sam/AST_Robot_Warehouse/install/messages_package/include/messages_package/msg/detail/row__rosidl_typesupport_fastrtps_cpp.hpp
[12.834s] -- Installing: /home/sam/AST_Robot_Warehouse/install/messages_package/include/messages_package/msg/detail/item__rosidl_typesupport_fastrtps_cpp.hpp
[12.834s] -- Up-to-date: /home/sam/AST_Robot_Warehouse/install/messages_package/include/messages_package/msg/detail/dds_fastrtps
[12.834s] -- Installing: /home/sam/AST_Robot_Warehouse/install/messages_package/include/messages_package/msg/detail/robot_distance__rosidl_typesupport_fastrtps_cpp.hpp
[12.834s] -- Installing: /home/sam/AST_Robot_Warehouse/install/messages_package/include/messages_package/msg/detail/delivery__rosidl_typesupport_fastrtps_cpp.hpp
[12.834s] -- Installing: /home/sam/AST_Robot_Warehouse/install/messages_package/include/messages_package/msg/detail/robot_location__rosidl_typesupport_fastrtps_cpp.hpp
[12.835s] -- Installing: /home/sam/AST_Robot_Warehouse/install/messages_package/lib/libmessages_package__rosidl_typesupport_fastrtps_cpp.so
[12.835s] -- Set runtime path of "/home/sam/AST_Robot_Warehouse/install/messages_package/lib/libmessages_package__rosidl_typesupport_fastrtps_cpp.so" to ""
[12.835s] -- Up-to-date: /home/sam/AST_Robot_Warehouse/install/messages_package/include/messages_package
[12.835s] -- Up-to-date: /home/sam/AST_Robot_Warehouse/install/messages_package/include/messages_package/action
[12.835s] -- Up-to-date: /home/sam/AST_Robot_Warehouse/install/messages_package/include/messages_package/action/detail
[12.835s] -- Installing: /home/sam/AST_Robot_Warehouse/install/messages_package/include/messages_package/action/detail/charge_robot__rosidl_typesupport_introspection_c.h
[12.836s] -- Installing: /home/sam/AST_Robot_Warehouse/install/messages_package/include/messages_package/action/detail/charge_robot__type_support.c
[12.836s] -- Installing: /home/sam/AST_Robot_Warehouse/install/messages_package/include/messages_package/action/detail/move_item__type_support.c
[12.836s] -- Installing: /home/sam/AST_Robot_Warehouse/install/messages_package/include/messages_package/action/detail/move_item__rosidl_typesupport_introspection_c.h
[12.836s] -- Installing: /home/sam/AST_Robot_Warehouse/install/messages_package/include/messages_package/action/detail/order__rosidl_typesupport_introspection_c.h
[12.836s] -- Installing: /home/sam/AST_Robot_Warehouse/install/messages_package/include/messages_package/action/detail/order__type_support.c
[12.836s] -- Up-to-date: /home/sam/AST_Robot_Warehouse/install/messages_package/include/messages_package/srv
[12.836s] -- Up-to-date: /home/sam/AST_Robot_Warehouse/install/messages_package/include/messages_package/srv/detail
[12.836s] -- Installing: /home/sam/AST_Robot_Warehouse/install/messages_package/include/messages_package/srv/detail/delivery__rosidl_typesupport_introspection_c.h
[12.836s] -- Installing: /home/sam/AST_Robot_Warehouse/install/messages_package/include/messages_package/srv/detail/delivery__type_support.c
[12.836s] -- Installing: /home/sam/AST_Robot_Warehouse/install/messages_package/include/messages_package/srv/detail/pick_up_item__rosidl_typesupport_introspection_c.h
[12.836s] -- Installing: /home/sam/AST_Robot_Warehouse/install/messages_package/include/messages_package/srv/detail/pick_up_item__type_support.c
[12.836s] -- Installing: /home/sam/AST_Robot_Warehouse/install/messages_package/include/messages_package/srv/detail/put_down_item__rosidl_typesupport_introspection_c.h
[12.837s] -- Installing: /home/sam/AST_Robot_Warehouse/install/messages_package/include/messages_package/srv/detail/put_down_item__type_support.c
[12.837s] -- Up-to-date: /home/sam/AST_Robot_Warehouse/install/messages_package/include/messages_package/msg
[12.837s] -- Up-to-date: /home/sam/AST_Robot_Warehouse/install/messages_package/include/messages_package/msg/rosidl_typesupport_introspection_c__visibility_control.h
[12.837s] -- Up-to-date: /home/sam/AST_Robot_Warehouse/install/messages_package/include/messages_package/msg/detail
[12.837s] -- Installing: /home/sam/AST_Robot_Warehouse/install/messages_package/include/messages_package/msg/detail/map__rosidl_typesupport_introspection_c.h
[12.837s] -- Installing: /home/sam/AST_Robot_Warehouse/install/messages_package/include/messages_package/msg/detail/robot_distance__rosidl_typesupport_introspection_c.h
[12.837s] -- Installing: /home/sam/AST_Robot_Warehouse/install/messages_package/include/messages_package/msg/detail/coordinates__rosidl_typesupport_introspection_c.h
[12.837s] -- Installing: /home/sam/AST_Robot_Warehouse/install/messages_package/include/messages_package/msg/detail/robot_distance__type_support.c
[12.837s] -- Installing: /home/sam/AST_Robot_Warehouse/install/messages_package/include/messages_package/msg/detail/delivery__rosidl_typesupport_introspection_c.h
[12.837s] -- Installing: /home/sam/AST_Robot_Warehouse/install/messages_package/include/messages_package/msg/detail/delivery__type_support.c
[12.837s] -- Installing: /home/sam/AST_Robot_Warehouse/install/messages_package/include/messages_package/msg/detail/item__type_support.c
[12.837s] -- Installing: /home/sam/AST_Robot_Warehouse/install/messages_package/include/messages_package/msg/detail/robot_location__rosidl_typesupport_introspection_c.h
[12.837s] -- Installing: /home/sam/AST_Robot_Warehouse/install/messages_package/include/messages_package/msg/detail/coordinates__type_support.c
[12.838s] -- Installing: /home/sam/AST_Robot_Warehouse/install/messages_package/include/messages_package/msg/detail/row__rosidl_typesupport_introspection_c.h
[12.838s] -- Installing: /home/sam/AST_Robot_Warehouse/install/messages_package/include/messages_package/msg/detail/item__rosidl_typesupport_introspection_c.h
[12.838s] -- Installing: /home/sam/AST_Robot_Warehouse/install/messages_package/include/messages_package/msg/detail/map__type_support.c
[12.838s] -- Installing: /home/sam/AST_Robot_Warehouse/install/messages_package/include/messages_package/msg/detail/robot_location__type_support.c
[12.838s] -- Installing: /home/sam/AST_Robot_Warehouse/install/messages_package/include/messages_package/msg/detail/row__type_support.c
[12.839s] -- Installing: /home/sam/AST_Robot_Warehouse/install/messages_package/lib/libmessages_package__rosidl_typesupport_introspection_c.so
[12.839s] -- Set runtime path of "/home/sam/AST_Robot_Warehouse/install/messages_package/lib/libmessages_package__rosidl_typesupport_introspection_c.so" to ""
[12.840s] -- Installing: /home/sam/AST_Robot_Warehouse/install/messages_package/lib/libmessages_package__rosidl_typesupport_c.so
[12.840s] -- Set runtime path of "/home/sam/AST_Robot_Warehouse/install/messages_package/lib/libmessages_package__rosidl_typesupport_c.so" to ""
[12.840s] -- Up-to-date: /home/sam/AST_Robot_Warehouse/install/messages_package/include/messages_package
[12.840s] -- Up-to-date: /home/sam/AST_Robot_Warehouse/install/messages_package/include/messages_package/action
[12.840s] -- Installing: /home/sam/AST_Robot_Warehouse/install/messages_package/include/messages_package/action/charge_robot.hpp
[12.840s] -- Installing: /home/sam/AST_Robot_Warehouse/install/messages_package/include/messages_package/action/order.hpp
[12.840s] -- Installing: /home/sam/AST_Robot_Warehouse/install/messages_package/include/messages_package/action/move_item.hpp
[12.841s] -- Up-to-date: /home/sam/AST_Robot_Warehouse/install/messages_package/include/messages_package/action/detail
[12.841s] -- Installing: /home/sam/AST_Robot_Warehouse/install/messages_package/include/messages_package/action/detail/order__struct.hpp
[12.841s] -- Installing: /home/sam/AST_Robot_Warehouse/install/messages_package/include/messages_package/action/detail/charge_robot__struct.hpp
[12.841s] -- Installing: /home/sam/AST_Robot_Warehouse/install/messages_package/include/messages_package/action/detail/charge_robot__builder.hpp
[12.841s] -- Installing: /home/sam/AST_Robot_Warehouse/install/messages_package/include/messages_package/action/detail/charge_robot__traits.hpp
[12.841s] -- Installing: /home/sam/AST_Robot_Warehouse/install/messages_package/include/messages_package/action/detail/move_item__traits.hpp
[12.841s] -- Installing: /home/sam/AST_Robot_Warehouse/install/messages_package/include/messages_package/action/detail/order__traits.hpp
[12.841s] -- Installing: /home/sam/AST_Robot_Warehouse/install/messages_package/include/messages_package/action/detail/move_item__builder.hpp
[12.841s] -- Installing: /home/sam/AST_Robot_Warehouse/install/messages_package/include/messages_package/action/detail/move_item__struct.hpp
[12.841s] -- Installing: /home/sam/AST_Robot_Warehouse/install/messages_package/include/messages_package/action/detail/order__builder.hpp
[12.841s] -- Up-to-date: /home/sam/AST_Robot_Warehouse/install/messages_package/include/messages_package/srv
[12.841s] -- Installing: /home/sam/AST_Robot_Warehouse/install/messages_package/include/messages_package/srv/pick_up_item.hpp
[12.841s] -- Installing: /home/sam/AST_Robot_Warehouse/install/messages_package/include/messages_package/srv/delivery.hpp
[12.841s] -- Up-to-date: /home/sam/AST_Robot_Warehouse/install/messages_package/include/messages_package/srv/detail
[12.842s] -- Installing: /home/sam/AST_Robot_Warehouse/install/messages_package/include/messages_package/srv/detail/pick_up_item__traits.hpp
[12.842s] -- Installing: /home/sam/AST_Robot_Warehouse/install/messages_package/include/messages_package/srv/detail/delivery__struct.hpp
[12.842s] -- Installing: /home/sam/AST_Robot_Warehouse/install/messages_package/include/messages_package/srv/detail/delivery__builder.hpp
[12.842s] -- Installing: /home/sam/AST_Robot_Warehouse/install/messages_package/include/messages_package/srv/detail/pick_up_item__builder.hpp
[12.842s] -- Installing: /home/sam/AST_Robot_Warehouse/install/messages_package/include/messages_package/srv/detail/put_down_item__traits.hpp
[12.842s] -- Installing: /home/sam/AST_Robot_Warehouse/install/messages_package/include/messages_package/srv/detail/put_down_item__builder.hpp
[12.842s] -- Installing: /home/sam/AST_Robot_Warehouse/install/messages_package/include/messages_package/srv/detail/delivery__traits.hpp
[12.842s] -- Installing: /home/sam/AST_Robot_Warehouse/install/messages_package/include/messages_package/srv/detail/put_down_item__struct.hpp
[12.842s] -- Installing: /home/sam/AST_Robot_Warehouse/install/messages_package/include/messages_package/srv/detail/pick_up_item__struct.hpp
[12.842s] -- Installing: /home/sam/AST_Robot_Warehouse/install/messages_package/include/messages_package/srv/put_down_item.hpp
[12.842s] -- Up-to-date: /home/sam/AST_Robot_Warehouse/install/messages_package/include/messages_package/msg
[12.842s] -- Installing: /home/sam/AST_Robot_Warehouse/install/messages_package/include/messages_package/msg/robot_location.hpp
[12.843s] -- Installing: /home/sam/AST_Robot_Warehouse/install/messages_package/include/messages_package/msg/map.hpp
[12.843s] -- Installing: /home/sam/AST_Robot_Warehouse/install/messages_package/include/messages_package/msg/item.hpp
[12.843s] -- Installing: /home/sam/AST_Robot_Warehouse/install/messages_package/include/messages_package/msg/delivery.hpp
[12.843s] -- Installing: /home/sam/AST_Robot_Warehouse/install/messages_package/include/messages_package/msg/robot_distance.hpp
[12.843s] -- Installing: /home/sam/AST_Robot_Warehouse/install/messages_package/include/messages_package/msg/coordinates.hpp
[12.843s] -- Up-to-date: /home/sam/AST_Robot_Warehouse/install/messages_package/include/messages_package/msg/detail
[12.843s] -- Installing: /home/sam/AST_Robot_Warehouse/install/messages_package/include/messages_package/msg/detail/item__traits.hpp
[12.843s] -- Installing: /home/sam/AST_Robot_Warehouse/install/messages_package/include/messages_package/msg/detail/item__builder.hpp
[12.843s] -- Installing: /home/sam/AST_Robot_Warehouse/install/messages_package/include/messages_package/msg/detail/coordinates__builder.hpp
[12.843s] -- Installing: /home/sam/AST_Robot_Warehouse/install/messages_package/include/messages_package/msg/detail/row__traits.hpp
[12.843s] -- Installing: /home/sam/AST_Robot_Warehouse/install/messages_package/include/messages_package/msg/detail/delivery__struct.hpp
[12.843s] -- Installing: /home/sam/AST_Robot_Warehouse/install/messages_package/include/messages_package/msg/detail/robot_distance__struct.hpp
[12.843s] -- Installing: /home/sam/AST_Robot_Warehouse/install/messages_package/include/messages_package/msg/detail/row__builder.hpp
[12.844s] -- Installing: /home/sam/AST_Robot_Warehouse/install/messages_package/include/messages_package/msg/detail/map__traits.hpp
[12.844s] -- Installing: /home/sam/AST_Robot_Warehouse/install/messages_package/include/messages_package/msg/detail/robot_location__traits.hpp
[12.844s] -- Installing: /home/sam/AST_Robot_Warehouse/install/messages_package/include/messages_package/msg/detail/delivery__builder.hpp
[12.844s] -- Installing: /home/sam/AST_Robot_Warehouse/install/messages_package/include/messages_package/msg/detail/map__struct.hpp
[12.844s] -- Installing: /home/sam/AST_Robot_Warehouse/install/messages_package/include/messages_package/msg/detail/coordinates__struct.hpp
[12.844s] -- Installing: /home/sam/AST_Robot_Warehouse/install/messages_package/include/messages_package/msg/detail/row__struct.hpp
[12.844s] -- Installing: /home/sam/AST_Robot_Warehouse/install/messages_package/include/messages_package/msg/detail/coordinates__traits.hpp
[12.844s] -- Installing: /home/sam/AST_Robot_Warehouse/install/messages_package/include/messages_package/msg/detail/robot_location__struct.hpp
[12.844s] -- Installing: /home/sam/AST_Robot_Warehouse/install/messages_package/include/messages_package/msg/detail/robot_distance__traits.hpp
[12.844s] -- Installing: /home/sam/AST_Robot_Warehouse/install/messages_package/include/messages_package/msg/detail/item__struct.hpp
[12.844s] -- Installing: /home/sam/AST_Robot_Warehouse/install/messages_package/include/messages_package/msg/detail/delivery__traits.hpp
[12.845s] -- Installing: /home/sam/AST_Robot_Warehouse/install/messages_package/include/messages_package/msg/detail/robot_distance__builder.hpp
[12.845s] -- Installing: /home/sam/AST_Robot_Warehouse/install/messages_package/include/messages_package/msg/detail/map__builder.hpp
[12.845s] -- Installing: /home/sam/AST_Robot_Warehouse/install/messages_package/include/messages_package/msg/detail/robot_location__builder.hpp
[12.845s] -- Installing: /home/sam/AST_Robot_Warehouse/install/messages_package/include/messages_package/msg/row.hpp
[12.845s] -- Up-to-date: /home/sam/AST_Robot_Warehouse/install/messages_package/include/messages_package
[12.845s] -- Up-to-date: /home/sam/AST_Robot_Warehouse/install/messages_package/include/messages_package/action
[12.845s] -- Up-to-date: /home/sam/AST_Robot_Warehouse/install/messages_package/include/messages_package/action/detail
[12.845s] -- Installing: /home/sam/AST_Robot_Warehouse/install/messages_package/include/messages_package/action/detail/order__rosidl_typesupport_introspection_cpp.hpp
[12.845s] -- Installing: /home/sam/AST_Robot_Warehouse/install/messages_package/include/messages_package/action/detail/charge_robot__rosidl_typesupport_introspection_cpp.hpp
[12.845s] -- Installing: /home/sam/AST_Robot_Warehouse/install/messages_package/include/messages_package/action/detail/charge_robot__type_support.cpp
[12.845s] -- Installing: /home/sam/AST_Robot_Warehouse/install/messages_package/include/messages_package/action/detail/move_item__rosidl_typesupport_introspection_cpp.hpp
[12.845s] -- Installing: /home/sam/AST_Robot_Warehouse/install/messages_package/include/messages_package/action/detail/order__type_support.cpp
[12.845s] -- Installing: /home/sam/AST_Robot_Warehouse/install/messages_package/include/messages_package/action/detail/move_item__type_support.cpp
[12.846s] -- Up-to-date: /home/sam/AST_Robot_Warehouse/install/messages_package/include/messages_package/srv
[12.846s] -- Up-to-date: /home/sam/AST_Robot_Warehouse/install/messages_package/include/messages_package/srv/detail
[12.846s] -- Installing: /home/sam/AST_Robot_Warehouse/install/messages_package/include/messages_package/srv/detail/put_down_item__rosidl_typesupport_introspection_cpp.hpp
[12.846s] -- Installing: /home/sam/AST_Robot_Warehouse/install/messages_package/include/messages_package/srv/detail/delivery__type_support.cpp
[12.846s] -- Installing: /home/sam/AST_Robot_Warehouse/install/messages_package/include/messages_package/srv/detail/pick_up_item__rosidl_typesupport_introspection_cpp.hpp
[12.846s] -- Installing: /home/sam/AST_Robot_Warehouse/install/messages_package/include/messages_package/srv/detail/pick_up_item__type_support.cpp
[12.846s] -- Installing: /home/sam/AST_Robot_Warehouse/install/messages_package/include/messages_package/srv/detail/put_down_item__type_support.cpp
[12.846s] -- Installing: /home/sam/AST_Robot_Warehouse/install/messages_package/include/messages_package/srv/detail/delivery__rosidl_typesupport_introspection_cpp.hpp
[12.846s] -- Up-to-date: /home/sam/AST_Robot_Warehouse/install/messages_package/include/messages_package/msg
[12.846s] -- Up-to-date: /home/sam/AST_Robot_Warehouse/install/messages_package/include/messages_package/msg/detail
[12.846s] -- Installing: /home/sam/AST_Robot_Warehouse/install/messages_package/include/messages_package/msg/detail/coordinates__type_support.cpp
[12.846s] -- Installing: /home/sam/AST_Robot_Warehouse/install/messages_package/include/messages_package/msg/detail/row__rosidl_typesupport_introspection_cpp.hpp
[12.846s] -- Installing: /home/sam/AST_Robot_Warehouse/install/messages_package/include/messages_package/msg/detail/robot_distance__rosidl_typesupport_introspection_cpp.hpp
[12.846s] -- Installing: /home/sam/AST_Robot_Warehouse/install/messages_package/include/messages_package/msg/detail/robot_distance__type_support.cpp
[12.847s] -- Installing: /home/sam/AST_Robot_Warehouse/install/messages_package/include/messages_package/msg/detail/delivery__type_support.cpp
[12.847s] -- Installing: /home/sam/AST_Robot_Warehouse/install/messages_package/include/messages_package/msg/detail/map__type_support.cpp
[12.847s] -- Installing: /home/sam/AST_Robot_Warehouse/install/messages_package/include/messages_package/msg/detail/coordinates__rosidl_typesupport_introspection_cpp.hpp
[12.847s] -- Installing: /home/sam/AST_Robot_Warehouse/install/messages_package/include/messages_package/msg/detail/row__type_support.cpp
[12.847s] -- Installing: /home/sam/AST_Robot_Warehouse/install/messages_package/include/messages_package/msg/detail/item__rosidl_typesupport_introspection_cpp.hpp
[12.847s] -- Installing: /home/sam/AST_Robot_Warehouse/install/messages_package/include/messages_package/msg/detail/robot_location__rosidl_typesupport_introspection_cpp.hpp
[12.847s] -- Installing: /home/sam/AST_Robot_Warehouse/install/messages_package/include/messages_package/msg/detail/robot_location__type_support.cpp
[12.847s] -- Installing: /home/sam/AST_Robot_Warehouse/install/messages_package/include/messages_package/msg/detail/item__type_support.cpp
[12.847s] -- Installing: /home/sam/AST_Robot_Warehouse/install/messages_package/include/messages_package/msg/detail/delivery__rosidl_typesupport_introspection_cpp.hpp
[12.847s] -- Installing: /home/sam/AST_Robot_Warehouse/install/messages_package/include/messages_package/msg/detail/map__rosidl_typesupport_introspection_cpp.hpp
[12.848s] -- Installing: /home/sam/AST_Robot_Warehouse/install/messages_package/lib/libmessages_package__rosidl_typesupport_introspection_cpp.so
[12.848s] -- Set runtime path of "/home/sam/AST_Robot_Warehouse/install/messages_package/lib/libmessages_package__rosidl_typesupport_introspection_cpp.so" to ""
[12.849s] -- Installing: /home/sam/AST_Robot_Warehouse/install/messages_package/lib/libmessages_package__rosidl_typesupport_cpp.so
[12.850s] -- Set runtime path of "/home/sam/AST_Robot_Warehouse/install/messages_package/lib/libmessages_package__rosidl_typesupport_cpp.so" to ""
[12.850s] -- Up-to-date: /home/sam/AST_Robot_Warehouse/install/messages_package/share/messages_package/environment/pythonpath.sh
[12.850s] -- Installing: /home/sam/AST_Robot_Warehouse/install/messages_package/share/messages_package/environment/pythonpath.dsv
[12.850s] -- Installing: /home/sam/AST_Robot_Warehouse/install/messages_package/lib/python3.8/site-packages/messages_package/__init__.py
[12.878s] Compiling '/home/sam/AST_Robot_Warehouse/install/messages_package/lib/python3.8/site-packages/messages_package/__init__.py'...
[12.881s] -- Up-to-date: /home/sam/AST_Robot_Warehouse/install/messages_package/lib/python3.8/site-packages/messages_package/msg
[12.881s] -- Installing: /home/sam/AST_Robot_Warehouse/install/messages_package/lib/python3.8/site-packages/messages_package/msg/__init__.py
[12.881s] -- Installing: /home/sam/AST_Robot_Warehouse/install/messages_package/lib/python3.8/site-packages/messages_package/msg/_robot_location_s.c
[12.882s] -- Installing: /home/sam/AST_Robot_Warehouse/install/messages_package/lib/python3.8/site-packages/messages_package/msg/_row.py
[12.882s] -- Installing: /home/sam/AST_Robot_Warehouse/install/messages_package/lib/python3.8/site-packages/messages_package/msg/_coordinates.py
[12.882s] -- Installing: /home/sam/AST_Robot_Warehouse/install/messages_package/lib/python3.8/site-packages/messages_package/msg/_coordinates_s.c
[12.882s] -- Installing: /home/sam/AST_Robot_Warehouse/install/messages_package/lib/python3.8/site-packages/messages_package/msg/_row_s.c
[12.882s] -- Installing: /home/sam/AST_Robot_Warehouse/install/messages_package/lib/python3.8/site-packages/messages_package/msg/_robot_distance_s.c
[12.882s] -- Installing: /home/sam/AST_Robot_Warehouse/install/messages_package/lib/python3.8/site-packages/messages_package/msg/_item.py
[12.882s] -- Installing: /home/sam/AST_Robot_Warehouse/install/messages_package/lib/python3.8/site-packages/messages_package/msg/_robot_distance.py
[12.882s] -- Installing: /home/sam/AST_Robot_Warehouse/install/messages_package/lib/python3.8/site-packages/messages_package/msg/_delivery.py
[12.882s] -- Installing: /home/sam/AST_Robot_Warehouse/install/messages_package/lib/python3.8/site-packages/messages_package/msg/_robot_location.py
[12.882s] -- Installing: /home/sam/AST_Robot_Warehouse/install/messages_package/lib/python3.8/site-packages/messages_package/msg/_item_s.c
[12.882s] -- Installing: /home/sam/AST_Robot_Warehouse/install/messages_package/lib/python3.8/site-packages/messages_package/msg/_map_s.c
[12.882s] -- Installing: /home/sam/AST_Robot_Warehouse/install/messages_package/lib/python3.8/site-packages/messages_package/msg/_delivery_s.c
[12.882s] -- Installing: /home/sam/AST_Robot_Warehouse/install/messages_package/lib/python3.8/site-packages/messages_package/msg/_map.py
[12.882s] -- Up-to-date: /home/sam/AST_Robot_Warehouse/install/messages_package/lib/python3.8/site-packages/messages_package/srv
[12.883s] -- Installing: /home/sam/AST_Robot_Warehouse/install/messages_package/lib/python3.8/site-packages/messages_package/srv/__init__.py
[12.883s] -- Installing: /home/sam/AST_Robot_Warehouse/install/messages_package/lib/python3.8/site-packages/messages_package/srv/_put_down_item_s.c
[12.883s] -- Installing: /home/sam/AST_Robot_Warehouse/install/messages_package/lib/python3.8/site-packages/messages_package/srv/_delivery.py
[12.883s] -- Installing: /home/sam/AST_Robot_Warehouse/install/messages_package/lib/python3.8/site-packages/messages_package/srv/_put_down_item.py
[12.883s] -- Installing: /home/sam/AST_Robot_Warehouse/install/messages_package/lib/python3.8/site-packages/messages_package/srv/_pick_up_item.py
[12.883s] -- Installing: /home/sam/AST_Robot_Warehouse/install/messages_package/lib/python3.8/site-packages/messages_package/srv/_pick_up_item_s.c
[12.883s] -- Installing: /home/sam/AST_Robot_Warehouse/install/messages_package/lib/python3.8/site-packages/messages_package/srv/_delivery_s.c
[12.883s] -- Up-to-date: /home/sam/AST_Robot_Warehouse/install/messages_package/lib/python3.8/site-packages/messages_package/action
[12.883s] -- Installing: /home/sam/AST_Robot_Warehouse/install/messages_package/lib/python3.8/site-packages/messages_package/action/__init__.py
[12.883s] -- Installing: /home/sam/AST_Robot_Warehouse/install/messages_package/lib/python3.8/site-packages/messages_package/action/_order_s.c
[12.883s] -- Installing: /home/sam/AST_Robot_Warehouse/install/messages_package/lib/python3.8/site-packages/messages_package/action/_charge_robot_s.c
[12.883s] -- Installing: /home/sam/AST_Robot_Warehouse/install/messages_package/lib/python3.8/site-packages/messages_package/action/_move_item.py
[12.884s] -- Installing: /home/sam/AST_Robot_Warehouse/install/messages_package/lib/python3.8/site-packages/messages_package/action/_move_item_s.c
[12.884s] -- Installing: /home/sam/AST_Robot_Warehouse/install/messages_package/lib/python3.8/site-packages/messages_package/action/_order.py
[12.884s] -- Installing: /home/sam/AST_Robot_Warehouse/install/messages_package/lib/python3.8/site-packages/messages_package/action/_charge_robot.py
[12.885s] -- Installing: /home/sam/AST_Robot_Warehouse/install/messages_package/lib/python3.8/site-packages/messages_package/messages_package_s__rosidl_typesupport_fastrtps_c.cpython-38-x86_64-linux-gnu.so
[12.886s] -- Set runtime path of "/home/sam/AST_Robot_Warehouse/install/messages_package/lib/python3.8/site-packages/messages_package/messages_package_s__rosidl_typesupport_fastrtps_c.cpython-38-x86_64-linux-gnu.so" to ""
[12.887s] -- Installing: /home/sam/AST_Robot_Warehouse/install/messages_package/lib/python3.8/site-packages/messages_package/messages_package_s__rosidl_typesupport_introspection_c.cpython-38-x86_64-linux-gnu.so
[12.888s] -- Set runtime path of "/home/sam/AST_Robot_Warehouse/install/messages_package/lib/python3.8/site-packages/messages_package/messages_package_s__rosidl_typesupport_introspection_c.cpython-38-x86_64-linux-gnu.so" to ""
[12.888s] -- Installing: /home/sam/AST_Robot_Warehouse/install/messages_package/lib/python3.8/site-packages/messages_package/messages_package_s__rosidl_typesupport_c.cpython-38-x86_64-linux-gnu.so
[12.889s] -- Set runtime path of "/home/sam/AST_Robot_Warehouse/install/messages_package/lib/python3.8/site-packages/messages_package/messages_package_s__rosidl_typesupport_c.cpython-38-x86_64-linux-gnu.so" to ""
[12.890s] -- Installing: /home/sam/AST_Robot_Warehouse/install/messages_package/lib/libmessages_package__python.so
[12.890s] -- Set runtime path of "/home/sam/AST_Robot_Warehouse/install/messages_package/lib/libmessages_package__python.so" to ""
[12.890s] -- Up-to-date: /home/sam/AST_Robot_Warehouse/install/messages_package/share/messages_package/msg/Coordinates.idl
[12.891s] -- Up-to-date: /home/sam/AST_Robot_Warehouse/install/messages_package/share/messages_package/msg/Delivery.idl
[12.891s] -- Up-to-date: /home/sam/AST_Robot_Warehouse/install/messages_package/share/messages_package/msg/Item.idl
[12.891s] -- Installing: /home/sam/AST_Robot_Warehouse/install/messages_package/share/messages_package/msg/RobotDistance.idl
[12.891s] -- Up-to-date: /home/sam/AST_Robot_Warehouse/install/messages_package/share/messages_package/msg/RobotLocation.idl
[12.892s] -- Up-to-date: /home/sam/AST_Robot_Warehouse/install/messages_package/share/messages_package/msg/Map.idl
[12.892s] -- Up-to-date: /home/sam/AST_Robot_Warehouse/install/messages_package/share/messages_package/msg/Row.idl
[12.892s] -- Up-to-date: /home/sam/AST_Robot_Warehouse/install/messages_package/share/messages_package/srv/Delivery.idl
[12.892s] -- Up-to-date: /home/sam/AST_Robot_Warehouse/install/messages_package/share/messages_package/srv/PickUpItem.idl
[12.892s] -- Up-to-date: /home/sam/AST_Robot_Warehouse/install/messages_package/share/messages_package/srv/PutDownItem.idl
[12.892s] -- Up-to-date: /home/sam/AST_Robot_Warehouse/install/messages_package/share/messages_package/action/ChargeRobot.idl
[12.893s] -- Up-to-date: /home/sam/AST_Robot_Warehouse/install/messages_package/share/messages_package/action/MoveItem.idl
[12.893s] -- Up-to-date: /home/sam/AST_Robot_Warehouse/install/messages_package/share/messages_package/action/Order.idl
[12.893s] -- Up-to-date: /home/sam/AST_Robot_Warehouse/install/messages_package/share/messages_package/msg/Coordinates.msg
[12.893s] -- Up-to-date: /home/sam/AST_Robot_Warehouse/install/messages_package/share/messages_package/msg/Delivery.msg
[12.893s] -- Up-to-date: /home/sam/AST_Robot_Warehouse/install/messages_package/share/messages_package/msg/Item.msg
[12.893s] -- Installing: /home/sam/AST_Robot_Warehouse/install/messages_package/share/messages_package/msg/RobotDistance.msg
[12.893s] -- Up-to-date: /home/sam/AST_Robot_Warehouse/install/messages_package/share/messages_package/msg/RobotLocation.msg
[12.894s] -- Up-to-date: /home/sam/AST_Robot_Warehouse/install/messages_package/share/messages_package/msg/Map.msg
[12.894s] -- Up-to-date: /home/sam/AST_Robot_Warehouse/install/messages_package/share/messages_package/msg/Row.msg
[12.894s] -- Up-to-date: /home/sam/AST_Robot_Warehouse/install/messages_package/share/messages_package/srv/Delivery.srv
[12.894s] -- Up-to-date: /home/sam/AST_Robot_Warehouse/install/messages_package/share/messages_package/srv/Delivery_Request.msg
[12.894s] -- Up-to-date: /home/sam/AST_Robot_Warehouse/install/messages_package/share/messages_package/srv/Delivery_Response.msg
[12.894s] -- Up-to-date: /home/sam/AST_Robot_Warehouse/install/messages_package/share/messages_package/srv/PickUpItem.srv
[12.894s] -- Up-to-date: /home/sam/AST_Robot_Warehouse/install/messages_package/share/messages_package/srv/PickUpItem_Request.msg
[12.894s] -- Up-to-date: /home/sam/AST_Robot_Warehouse/install/messages_package/share/messages_package/srv/PickUpItem_Response.msg
[12.895s] -- Up-to-date: /home/sam/AST_Robot_Warehouse/install/messages_package/share/messages_package/srv/PutDownItem.srv
[12.895s] -- Up-to-date: /home/sam/AST_Robot_Warehouse/install/messages_package/share/messages_package/srv/PutDownItem_Request.msg
[12.895s] -- Up-to-date: /home/sam/AST_Robot_Warehouse/install/messages_package/share/messages_package/srv/PutDownItem_Response.msg
[12.895s] -- Up-to-date: /home/sam/AST_Robot_Warehouse/install/messages_package/share/messages_package/action/ChargeRobot.action
[12.895s] -- Up-to-date: /home/sam/AST_Robot_Warehouse/install/messages_package/share/messages_package/action/MoveItem.action
[12.895s] -- Up-to-date: /home/sam/AST_Robot_Warehouse/install/messages_package/share/messages_package/action/Order.action
[12.895s] -- Up-to-date: /home/sam/AST_Robot_Warehouse/install/messages_package/share/ament_index/resource_index/package_run_dependencies/messages_package
[12.895s] -- Installing: /home/sam/AST_Robot_Warehouse/install/messages_package/share/ament_index/resource_index/parent_prefix_path/messages_package
[12.896s] -- Up-to-date: /home/sam/AST_Robot_Warehouse/install/messages_package/share/messages_package/environment/ament_prefix_path.sh
[12.896s] -- Installing: /home/sam/AST_Robot_Warehouse/install/messages_package/share/messages_package/environment/ament_prefix_path.dsv
[12.896s] -- Up-to-date: /home/sam/AST_Robot_Warehouse/install/messages_package/share/messages_package/environment/path.sh
[12.896s] -- Installing: /home/sam/AST_Robot_Warehouse/install/messages_package/share/messages_package/environment/path.dsv
[12.896s] -- Up-to-date: /home/sam/AST_Robot_Warehouse/install/messages_package/share/messages_package/local_setup.bash
[12.896s] -- Up-to-date: /home/sam/AST_Robot_Warehouse/install/messages_package/share/messages_package/local_setup.sh
[12.896s] -- Up-to-date: /home/sam/AST_Robot_Warehouse/install/messages_package/share/messages_package/local_setup.zsh
[12.896s] -- Installing: /home/sam/AST_Robot_Warehouse/install/messages_package/share/messages_package/local_setup.dsv
[12.896s] -- Installing: /home/sam/AST_Robot_Warehouse/install/messages_package/share/messages_package/package.dsv
[12.897s] -- Up-to-date: /home/sam/AST_Robot_Warehouse/install/messages_package/share/ament_index/resource_index/packages/messages_package
[12.897s] -- Up-to-date: /home/sam/AST_Robot_Warehouse/install/messages_package/share/messages_package/cmake/messages_package__rosidl_generator_cExport.cmake
[12.897s] -- Installing: /home/sam/AST_Robot_Warehouse/install/messages_package/share/messages_package/cmake/messages_package__rosidl_generator_cExport-noconfig.cmake
[12.897s] -- Up-to-date: /home/sam/AST_Robot_Warehouse/install/messages_package/share/messages_package/cmake/messages_package__rosidl_typesupport_introspection_cExport.cmake
[12.897s] -- Installing: /home/sam/AST_Robot_Warehouse/install/messages_package/share/messages_package/cmake/messages_package__rosidl_typesupport_introspection_cExport-noconfig.cmake
[12.897s] -- Up-to-date: /home/sam/AST_Robot_Warehouse/install/messages_package/share/messages_package/cmake/messages_package__rosidl_typesupport_cExport.cmake
[12.897s] -- Installing: /home/sam/AST_Robot_Warehouse/install/messages_package/share/messages_package/cmake/messages_package__rosidl_typesupport_cExport-noconfig.cmake
[12.898s] -- Up-to-date: /home/sam/AST_Robot_Warehouse/install/messages_package/share/messages_package/cmake/messages_package__rosidl_generator_cppExport.cmake
[12.898s] -- Up-to-date: /home/sam/AST_Robot_Warehouse/install/messages_package/share/messages_package/cmake/messages_package__rosidl_typesupport_introspection_cppExport.cmake
[12.898s] -- Installing: /home/sam/AST_Robot_Warehouse/install/messages_package/share/messages_package/cmake/messages_package__rosidl_typesupport_introspection_cppExport-noconfig.cmake
[12.899s] -- Up-to-date: /home/sam/AST_Robot_Warehouse/install/messages_package/share/messages_package/cmake/messages_package__rosidl_typesupport_cppExport.cmake
[12.899s] -- Installing: /home/sam/AST_Robot_Warehouse/install/messages_package/share/messages_package/cmake/messages_package__rosidl_typesupport_cppExport-noconfig.cmake
[12.899s] -- Up-to-date: /home/sam/AST_Robot_Warehouse/install/messages_package/share/messages_package/cmake/rosidl_cmake-extras.cmake
[12.899s] -- Up-to-date: /home/sam/AST_Robot_Warehouse/install/messages_package/share/messages_package/cmake/ament_cmake_export_dependencies-extras.cmake
[12.899s] -- Up-to-date: /home/sam/AST_Robot_Warehouse/install/messages_package/share/messages_package/cmake/ament_cmake_export_libraries-extras.cmake
[12.899s] -- Up-to-date: /home/sam/AST_Robot_Warehouse/install/messages_package/share/messages_package/cmake/ament_cmake_export_targets-extras.cmake
[12.899s] -- Up-to-date: /home/sam/AST_Robot_Warehouse/install/messages_package/share/messages_package/cmake/ament_cmake_export_include_directories-extras.cmake
[12.899s] -- Up-to-date: /home/sam/AST_Robot_Warehouse/install/messages_package/share/messages_package/cmake/rosidl_cmake_export_typesupport_libraries-extras.cmake
[12.899s] -- Up-to-date: /home/sam/AST_Robot_Warehouse/install/messages_package/share/messages_package/cmake/rosidl_cmake_export_typesupport_targets-extras.cmake
[12.899s] -- Up-to-date: /home/sam/AST_Robot_Warehouse/install/messages_package/share/messages_package/cmake/messages_packageConfig.cmake
[12.900s] -- Up-to-date: /home/sam/AST_Robot_Warehouse/install/messages_package/share/messages_package/cmake/messages_packageConfig-version.cmake
[12.900s] -- Up-to-date: /home/sam/AST_Robot_Warehouse/install/messages_package/share/messages_package/package.xml
[12.902s] Invoked command in '/home/sam/AST_Robot_Warehouse/build/messages_package' returned '0': CMAKE_PREFIX_PATH=/opt/ros/foxy /usr/bin/cmake --install /home/sam/AST_Robot_Warehouse/build/messages_package
