[0.242s] Invoking command in '/home/sam/AST_Robot_Warehouse/src/warehouse_robot_package': AMENT_PREFIX_PATH=/home/sam/AST_Robot_Warehouse/install/messages_package:${AMENT_PREFIX_PATH} CMAKE_PREFIX_PATH=/home/sam/AST_Robot_Warehouse/install/messages_package LD_LIBRARY_PATH=/home/sam/AST_Robot_Warehouse/install/messages_package/lib:${LD_LIBRARY_PATH} PYTHONPATH=/home/sam/AST_Robot_Warehouse/install/warehouse_robot_package/lib/python3.8/site-packages:/home/sam/AST_Robot_Warehouse/install/messages_package/lib/python3.8/site-packages:${PYTHONPATH} /usr/bin/python3 setup.py egg_info --egg-base ../../build/warehouse_robot_package build --build-base /home/sam/AST_Robot_Warehouse/build/warehouse_robot_package/build install --prefix /home/sam/AST_Robot_Warehouse/install/warehouse_robot_package --record /home/sam/AST_Robot_Warehouse/build/warehouse_robot_package/install.log --single-version-externally-managed
[0.486s] running egg_info
[0.486s] writing ../../build/warehouse_robot_package/warehouse_robot_package.egg-info/PKG-INFO
[0.486s] writing dependency_links to ../../build/warehouse_robot_package/warehouse_robot_package.egg-info/dependency_links.txt
[0.487s] writing entry points to ../../build/warehouse_robot_package/warehouse_robot_package.egg-info/entry_points.txt
[0.487s] writing requirements to ../../build/warehouse_robot_package/warehouse_robot_package.egg-info/requires.txt
[0.487s] writing top-level names to ../../build/warehouse_robot_package/warehouse_robot_package.egg-info/top_level.txt
[0.517s] reading manifest file '../../build/warehouse_robot_package/warehouse_robot_package.egg-info/SOURCES.txt'
[0.518s] writing manifest file '../../build/warehouse_robot_package/warehouse_robot_package.egg-info/SOURCES.txt'
[0.518s] running build
[0.518s] running build_py
[0.519s] copying warehouse_robot_package/warehouse.py -> /home/sam/AST_Robot_Warehouse/build/warehouse_robot_package/build/lib/warehouse_robot_package
[0.519s] copying warehouse_robot_package/order_console.py -> /home/sam/AST_Robot_Warehouse/build/warehouse_robot_package/build/lib/warehouse_robot_package
[0.519s] copying warehouse_robot_package/beacon.py -> /home/sam/AST_Robot_Warehouse/build/warehouse_robot_package/build/lib/warehouse_robot_package
[0.519s] copying warehouse_robot_package/robot.py -> /home/sam/AST_Robot_Warehouse/build/warehouse_robot_package/build/lib/warehouse_robot_package
[0.519s] running install
[0.520s] running install_lib
[0.521s] copying /home/sam/AST_Robot_Warehouse/build/warehouse_robot_package/build/lib/warehouse_robot_package/warehouse.py -> /home/sam/AST_Robot_Warehouse/install/warehouse_robot_package/lib/python3.8/site-packages/warehouse_robot_package
[0.521s] copying /home/sam/AST_Robot_Warehouse/build/warehouse_robot_package/build/lib/warehouse_robot_package/order_console.py -> /home/sam/AST_Robot_Warehouse/install/warehouse_robot_package/lib/python3.8/site-packages/warehouse_robot_package
[0.521s] copying /home/sam/AST_Robot_Warehouse/build/warehouse_robot_package/build/lib/warehouse_robot_package/beacon.py -> /home/sam/AST_Robot_Warehouse/install/warehouse_robot_package/lib/python3.8/site-packages/warehouse_robot_package
[0.521s] copying /home/sam/AST_Robot_Warehouse/build/warehouse_robot_package/build/lib/warehouse_robot_package/robot.py -> /home/sam/AST_Robot_Warehouse/install/warehouse_robot_package/lib/python3.8/site-packages/warehouse_robot_package
[0.521s] byte-compiling /home/sam/AST_Robot_Warehouse/install/warehouse_robot_package/lib/python3.8/site-packages/warehouse_robot_package/warehouse.py to warehouse.cpython-38.pyc
[0.524s] byte-compiling /home/sam/AST_Robot_Warehouse/install/warehouse_robot_package/lib/python3.8/site-packages/warehouse_robot_package/order_console.py to order_console.cpython-38.pyc
[0.524s] byte-compiling /home/sam/AST_Robot_Warehouse/install/warehouse_robot_package/lib/python3.8/site-packages/warehouse_robot_package/beacon.py to beacon.cpython-38.pyc
[0.525s] byte-compiling /home/sam/AST_Robot_Warehouse/install/warehouse_robot_package/lib/python3.8/site-packages/warehouse_robot_package/robot.py to robot.cpython-38.pyc
[0.526s] running install_data
[0.527s] running install_egg_info
[0.528s] removing '/home/sam/AST_Robot_Warehouse/install/warehouse_robot_package/lib/python3.8/site-packages/warehouse_robot_package-0.0.0-py3.8.egg-info' (and everything under it)
[0.528s] Copying ../../build/warehouse_robot_package/warehouse_robot_package.egg-info to /home/sam/AST_Robot_Warehouse/install/warehouse_robot_package/lib/python3.8/site-packages/warehouse_robot_package-0.0.0-py3.8.egg-info
[0.529s] running install_scripts
[0.545s] Installing beacon script to /home/sam/AST_Robot_Warehouse/install/warehouse_robot_package/lib/warehouse_robot_package
[0.546s] Installing order_console script to /home/sam/AST_Robot_Warehouse/install/warehouse_robot_package/lib/warehouse_robot_package
[0.546s] Installing robot script to /home/sam/AST_Robot_Warehouse/install/warehouse_robot_package/lib/warehouse_robot_package
[0.546s] Installing warehouse script to /home/sam/AST_Robot_Warehouse/install/warehouse_robot_package/lib/warehouse_robot_package
[0.546s] writing list of installed files to '/home/sam/AST_Robot_Warehouse/build/warehouse_robot_package/install.log'
[0.567s] Invoked command in '/home/sam/AST_Robot_Warehouse/src/warehouse_robot_package' returned '0': AMENT_PREFIX_PATH=/home/sam/AST_Robot_Warehouse/install/messages_package:${AMENT_PREFIX_PATH} CMAKE_PREFIX_PATH=/home/sam/AST_Robot_Warehouse/install/messages_package LD_LIBRARY_PATH=/home/sam/AST_Robot_Warehouse/install/messages_package/lib:${LD_LIBRARY_PATH} PYTHONPATH=/home/sam/AST_Robot_Warehouse/install/warehouse_robot_package/lib/python3.8/site-packages:/home/sam/AST_Robot_Warehouse/install/messages_package/lib/python3.8/site-packages:${PYTHONPATH} /usr/bin/python3 setup.py egg_info --egg-base ../../build/warehouse_robot_package build --build-base /home/sam/AST_Robot_Warehouse/build/warehouse_robot_package/build install --prefix /home/sam/AST_Robot_Warehouse/install/warehouse_robot_package --record /home/sam/AST_Robot_Warehouse/build/warehouse_robot_package/install.log --single-version-externally-managed
