[0.031s] Invoking command in '/home/sam/AST/build/messages_package': CMAKE_PREFIX_PATH=/opt/ros/foxy CONDA_PROMPT_MODIFIER=(base) /usr/bin/cmake --build /home/sam/AST/build/messages_package -- -j12 -l12
[0.578s] -- Found ament_cmake: 0.9.9 (/opt/ros/foxy/share/ament_cmake/cmake)
[0.578s] -- Using PYTHON_EXECUTABLE: /home/sam/anaconda3/bin/python3
[0.578s] -- Found ament_lint_auto: 0.9.6 (/opt/ros/foxy/share/ament_lint_auto/cmake)
[0.579s] -- Added test 'copyright' to check source files copyright and LICENSE
[0.580s] -- Added test 'cppcheck' to perform static code analysis on C / C++ code
[0.580s] -- Configured cppcheck include dirs: $<BUILD_INTERFACE:/home/sam/AST/src/messages_package/include>
[0.580s] -- Configured cppcheck exclude dirs and/or files: 
[0.581s] -- Added test 'cpplint' to check C / C++ code against the Google style
[0.581s] -- Configured cpplint exclude dirs and/or files: 
[0.581s] -- Added test 'lint_cmake' to check CMake code style
[0.582s] -- Added test 'uncrustify' to check C / C++ code style
[0.583s] -- Configured uncrustify additional arguments: 
[0.583s] -- Added test 'xmllint' to check XML markup files
[0.583s] -- Found rosidl_default_generators: 1.0.1 (/opt/ros/foxy/share/rosidl_default_generators/cmake)
[0.583s] -- Using all available rosidl_typesupport_c: rosidl_typesupport_fastrtps_c;rosidl_typesupport_introspection_c
[0.583s] -- Found rosidl_adapter: 1.2.1 (/opt/ros/foxy/share/rosidl_adapter/cmake)
[0.585s] -- Found OpenSSL: /usr/lib/x86_64-linux-gnu/libcrypto.so (found version "1.1.1f")  
[0.598s] -- Found FastRTPS: /opt/ros/foxy/include  
[0.699s] -- Using all available rosidl_typesupport_cpp: rosidl_typesupport_fastrtps_cpp;rosidl_typesupport_introspection_cpp
[0.736s] CMake Error at /opt/ros/foxy/share/rosidl_cmake/cmake/rosidl_generate_interfaces.cmake:64 (message):
[0.736s]   rosidl_generate_interfaces() must be called before ament_package()
[0.737s] Call Stack (most recent call first):
[0.737s]   CMakeLists.txt:47 (rosidl_generate_interfaces)
[0.737s] 
[0.737s] 
[0.737s] -- Configuring incomplete, errors occurred!
[0.738s] See also "/home/sam/AST/build/messages_package/CMakeFiles/CMakeOutput.log".
[0.744s] make: *** [Makefile:266: cmake_check_build_system] Error 1
[0.757s] Invoked command in '/home/sam/AST/build/messages_package' returned '2': CMAKE_PREFIX_PATH=/opt/ros/foxy CONDA_PROMPT_MODIFIER=(base) /usr/bin/cmake --build /home/sam/AST/build/messages_package -- -j12 -l12
